[0.721s] Invoking command in '/home/saab/Desktop/2024_UWR/src/sonar_subs': CMAKE_PREFIX_PATH=/home/saab/Desktop/2024_UWR/install/sonar_msgs:/home/saab/Desktop/2024_UWR/install/xsens_mti_ros2_driver:/home/saab/Desktop/2024_UWR/install/kalman_filter:/home/saab/Desktop/2024_UWR/install/ntrip:/home/saab/Desktop/2024_UWR/install/adnav-driver LD_LIBRARY_PATH=/home/saab/Desktop/2024_UWR/install/sonar_msgs/lib:/home/saab/Desktop/2024_UWR/install/xsens_mti_ros2_driver/lib:/opt/ros/humble/opt/rviz_ogre_vendor/lib:/opt/ros/humble/lib/x86_64-linux-gnu:/opt/ros/humble/lib PYTHONPATH=/home/saab/Desktop/2024_UWR/build/sonar_subs/prefix_override:/usr/lib/python3/dist-packages/colcon_core/task/python/colcon_distutils_commands:/home/saab/Desktop/2024_UWR/install/sonar_subs/lib/python3.10/site-packages:${PYTHONPATH} /usr/bin/python3 -W ignore:setup.py install is deprecated setup.py egg_info --egg-base ../../build/sonar_subs build --build-base /home/saab/Desktop/2024_UWR/build/sonar_subs/build install --record /home/saab/Desktop/2024_UWR/build/sonar_subs/install.log --single-version-externally-managed install_data
[1.013s] running egg_info
[1.013s] writing ../../build/sonar_subs/sonar_subs.egg-info/PKG-INFO
[1.013s] writing dependency_links to ../../build/sonar_subs/sonar_subs.egg-info/dependency_links.txt
[1.014s] writing entry points to ../../build/sonar_subs/sonar_subs.egg-info/entry_points.txt
[1.014s] writing requirements to ../../build/sonar_subs/sonar_subs.egg-info/requires.txt
[1.014s] writing top-level names to ../../build/sonar_subs/sonar_subs.egg-info/top_level.txt
[1.020s] reading manifest file '../../build/sonar_subs/sonar_subs.egg-info/SOURCES.txt'
[1.021s] adding license file 'LICENSE'
[1.021s] writing manifest file '../../build/sonar_subs/sonar_subs.egg-info/SOURCES.txt'
[1.021s] running build
[1.021s] running build_py
[1.021s] copying sonar_subs/sync_ros2_kf.py -> /home/saab/Desktop/2024_UWR/build/sonar_subs/build/lib/sonar_subs
[1.022s] running install
[1.022s] running install_lib
[1.023s] copying /home/saab/Desktop/2024_UWR/build/sonar_subs/build/lib/sonar_subs/sync_ros2_kf.py -> /home/saab/Desktop/2024_UWR/install/sonar_subs/lib/python3.10/site-packages/sonar_subs
[1.024s] byte-compiling /home/saab/Desktop/2024_UWR/install/sonar_subs/lib/python3.10/site-packages/sonar_subs/sync_ros2_kf.py to sync_ros2_kf.cpython-310.pyc
[1.024s] running install_data
[1.025s] running install_egg_info
[1.027s] removing '/home/saab/Desktop/2024_UWR/install/sonar_subs/lib/python3.10/site-packages/sonar_subs-0.1.0-py3.10.egg-info' (and everything under it)
[1.027s] Copying ../../build/sonar_subs/sonar_subs.egg-info to /home/saab/Desktop/2024_UWR/install/sonar_subs/lib/python3.10/site-packages/sonar_subs-0.1.0-py3.10.egg-info
[1.028s] running install_scripts
[1.054s] Installing imu script to /home/saab/Desktop/2024_UWR/install/sonar_subs/lib/sonar_subs
[1.054s] Installing imu_i2c script to /home/saab/Desktop/2024_UWR/install/sonar_subs/lib/sonar_subs
[1.055s] Installing kf_sync script to /home/saab/Desktop/2024_UWR/install/sonar_subs/lib/sonar_subs
[1.055s] Installing sonar_reader script to /home/saab/Desktop/2024_UWR/install/sonar_subs/lib/sonar_subs
[1.055s] Installing sync_readings script to /home/saab/Desktop/2024_UWR/install/sonar_subs/lib/sonar_subs
[1.055s] writing list of installed files to '/home/saab/Desktop/2024_UWR/build/sonar_subs/install.log'
[1.072s] Invoked command in '/home/saab/Desktop/2024_UWR/src/sonar_subs' returned '0': CMAKE_PREFIX_PATH=/home/saab/Desktop/2024_UWR/install/sonar_msgs:/home/saab/Desktop/2024_UWR/install/xsens_mti_ros2_driver:/home/saab/Desktop/2024_UWR/install/kalman_filter:/home/saab/Desktop/2024_UWR/install/ntrip:/home/saab/Desktop/2024_UWR/install/adnav-driver LD_LIBRARY_PATH=/home/saab/Desktop/2024_UWR/install/sonar_msgs/lib:/home/saab/Desktop/2024_UWR/install/xsens_mti_ros2_driver/lib:/opt/ros/humble/opt/rviz_ogre_vendor/lib:/opt/ros/humble/lib/x86_64-linux-gnu:/opt/ros/humble/lib PYTHONPATH=/home/saab/Desktop/2024_UWR/build/sonar_subs/prefix_override:/usr/lib/python3/dist-packages/colcon_core/task/python/colcon_distutils_commands:/home/saab/Desktop/2024_UWR/install/sonar_subs/lib/python3.10/site-packages:${PYTHONPATH} /usr/bin/python3 -W ignore:setup.py install is deprecated setup.py egg_info --egg-base ../../build/sonar_subs build --build-base /home/saab/Desktop/2024_UWR/build/sonar_subs/build install --record /home/saab/Desktop/2024_UWR/build/sonar_subs/install.log --single-version-externally-managed install_data
