[0.031s] Invoking command in '/home/uwr/Desktop/2024_UWR/build/ntrip': CMAKE_PREFIX_PATH=${CMAKE_PREFIX_PATH}:/home/uwr/Desktop/2024_UWR/install/sonar_subs:/opt/ros/humble /usr/bin/cmake --build /home/uwr/Desktop/2024_UWR/build/ntrip -- -j8 -l8
[0.175s] [100%] Built target ntrip
[0.255s] Invoked command in '/home/uwr/Desktop/2024_UWR/build/ntrip' returned '0': CMAKE_PREFIX_PATH=${CMAKE_PREFIX_PATH}:/home/uwr/Desktop/2024_UWR/install/sonar_subs:/opt/ros/humble /usr/bin/cmake --build /home/uwr/Desktop/2024_UWR/build/ntrip -- -j8 -l8
[0.379s] Invoking command in '/home/uwr/Desktop/2024_UWR/build/ntrip': CMAKE_PREFIX_PATH=${CMAKE_PREFIX_PATH}:/home/uwr/Desktop/2024_UWR/install/sonar_subs:/opt/ros/humble /usr/bin/cmake --install /home/uwr/Desktop/2024_UWR/build/ntrip
[0.395s] -- Install configuration: ""
[0.399s] -- Execute custom install script
[0.401s] -- Up-to-date symlink: /home/uwr/Desktop/2024_UWR/install/ntrip/lib/ntrip/ntrip
[0.402s] -- Up-to-date symlink: /home/uwr/Desktop/2024_UWR/install/ntrip/share/ntrip//launch/ntrip_launch.py
[0.409s] -- Up-to-date symlink: /home/uwr/Desktop/2024_UWR/install/ntrip/share/ament_index/resource_index/package_run_dependencies/ntrip
[0.409s] -- Up-to-date symlink: /home/uwr/Desktop/2024_UWR/install/ntrip/share/ament_index/resource_index/parent_prefix_path/ntrip
[0.409s] -- Up-to-date symlink: /home/uwr/Desktop/2024_UWR/install/ntrip/share/ntrip/environment/ament_prefix_path.sh
[0.409s] -- Up-to-date symlink: /home/uwr/Desktop/2024_UWR/install/ntrip/share/ntrip/environment/ament_prefix_path.dsv
[0.410s] -- Up-to-date symlink: /home/uwr/Desktop/2024_UWR/install/ntrip/share/ntrip/environment/path.sh
[0.410s] -- Up-to-date symlink: /home/uwr/Desktop/2024_UWR/install/ntrip/share/ntrip/environment/path.dsv
[0.419s] -- Up-to-date symlink: /home/uwr/Desktop/2024_UWR/install/ntrip/share/ntrip/local_setup.bash
[0.419s] -- Up-to-date symlink: /home/uwr/Desktop/2024_UWR/install/ntrip/share/ntrip/local_setup.sh
[0.420s] -- Up-to-date symlink: /home/uwr/Desktop/2024_UWR/install/ntrip/share/ntrip/local_setup.zsh
[0.420s] -- Up-to-date symlink: /home/uwr/Desktop/2024_UWR/install/ntrip/share/ntrip/local_setup.dsv
[0.420s] -- Symlinking: /home/uwr/Desktop/2024_UWR/install/ntrip/share/ntrip/package.dsv
[0.437s] -- Up-to-date symlink: /home/uwr/Desktop/2024_UWR/install/ntrip/share/ament_index/resource_index/packages/ntrip
[0.437s] -- Up-to-date symlink: /home/uwr/Desktop/2024_UWR/install/ntrip/share/ntrip/cmake/ntripConfig.cmake
[0.438s] -- Up-to-date symlink: /home/uwr/Desktop/2024_UWR/install/ntrip/share/ntrip/cmake/ntripConfig-version.cmake
[0.438s] -- Up-to-date symlink: /home/uwr/Desktop/2024_UWR/install/ntrip/share/ntrip/package.xml
[0.454s] Invoked command in '/home/uwr/Desktop/2024_UWR/build/ntrip' returned '0': CMAKE_PREFIX_PATH=${CMAKE_PREFIX_PATH}:/home/uwr/Desktop/2024_UWR/install/sonar_subs:/opt/ros/humble /usr/bin/cmake --install /home/uwr/Desktop/2024_UWR/build/ntrip
