[0.096s] DEBUG:colcon:Command line arguments: ['/usr/bin/colcon', 'build']
[0.096s] DEBUG:colcon:Parsed command line arguments: Namespace(log_base=None, log_level=None, verb_name='build', build_base='build', install_base='install', merge_install=False, symlink_install=False, test_result_base=None, continue_on_error=False, executor='parallel', parallel_workers=8, event_handlers=None, ignore_user_meta=False, metas=['./colcon.meta'], base_paths=['.'], packages_ignore=None, packages_ignore_regex=None, paths=None, packages_up_to=None, packages_up_to_regex=None, packages_above=None, packages_above_and_dependencies=None, packages_above_depth=None, packages_select_by_dep=None, packages_skip_by_dep=None, packages_skip_up_to=None, packages_select_build_failed=False, packages_skip_build_finished=False, packages_select_test_failures=False, packages_skip_test_passed=False, packages_select=None, packages_skip=None, packages_select_regex=None, packages_skip_regex=None, packages_start=None, packages_end=None, allow_overriding=[], cmake_args=None, cmake_target=None, cmake_target_skip_unavailable=False, cmake_clean_cache=False, cmake_clean_first=False, cmake_force_configure=False, ament_cmake_args=None, catkin_cmake_args=None, catkin_skip_building_tests=False, verb_parser=<colcon_defaults.argument_parser.defaults.DefaultArgumentsDecorator object at 0x77acfcb54b80>, verb_extension=<colcon_core.verb.build.BuildVerb object at 0x77acfcc516f0>, main=<bound method BuildVerb.main of <colcon_core.verb.build.BuildVerb object at 0x77acfcc516f0>>)
[0.241s] Level 1:colcon.colcon_core.package_discovery:discover_packages(colcon_meta) check parameters
[0.241s] Level 1:colcon.colcon_core.package_discovery:discover_packages(recursive) check parameters
[0.241s] Level 1:colcon.colcon_core.package_discovery:discover_packages(ignore) check parameters
[0.241s] Level 1:colcon.colcon_core.package_discovery:discover_packages(path) check parameters
[0.241s] Level 1:colcon.colcon_core.package_discovery:discover_packages(colcon_meta) discover
[0.241s] Level 1:colcon.colcon_core.package_discovery:discover_packages(recursive) discover
[0.241s] INFO:colcon.colcon_core.package_discovery:Crawling recursively for packages in '/home/uwr/Desktop/2024_UWR'
[0.242s] Level 1:colcon.colcon_core.package_identification:_identify(.) by extensions ['ignore', 'ignore_ament_install']
[0.242s] Level 1:colcon.colcon_core.package_identification:_identify(.) by extension 'ignore'
[0.242s] Level 1:colcon.colcon_core.package_identification:_identify(.) by extension 'ignore_ament_install'
[0.242s] Level 1:colcon.colcon_core.package_identification:_identify(.) by extensions ['colcon_pkg']
[0.242s] Level 1:colcon.colcon_core.package_identification:_identify(.) by extension 'colcon_pkg'
[0.242s] Level 1:colcon.colcon_core.package_identification:_identify(.) by extensions ['colcon_meta']
[0.242s] Level 1:colcon.colcon_core.package_identification:_identify(.) by extension 'colcon_meta'
[0.242s] Level 1:colcon.colcon_core.package_identification:_identify(.) by extensions ['ros']
[0.242s] Level 1:colcon.colcon_core.package_identification:_identify(.) by extension 'ros'
[0.251s] Level 1:colcon.colcon_core.package_identification:_identify(.) by extensions ['cmake', 'python']
[0.251s] Level 1:colcon.colcon_core.package_identification:_identify(.) by extension 'cmake'
[0.251s] Level 1:colcon.colcon_core.package_identification:_identify(.) by extension 'python'
[0.251s] Level 1:colcon.colcon_core.package_identification:_identify(.) by extensions ['python_setup_py']
[0.251s] Level 1:colcon.colcon_core.package_identification:_identify(.) by extension 'python_setup_py'
[0.251s] Level 1:colcon.colcon_core.package_identification:_identify(Analysis) by extensions ['ignore', 'ignore_ament_install']
[0.251s] Level 1:colcon.colcon_core.package_identification:_identify(Analysis) by extension 'ignore'
[0.251s] Level 1:colcon.colcon_core.package_identification:_identify(Analysis) by extension 'ignore_ament_install'
[0.251s] Level 1:colcon.colcon_core.package_identification:_identify(Analysis) by extensions ['colcon_pkg']
[0.252s] Level 1:colcon.colcon_core.package_identification:_identify(Analysis) by extension 'colcon_pkg'
[0.252s] Level 1:colcon.colcon_core.package_identification:_identify(Analysis) by extensions ['colcon_meta']
[0.252s] Level 1:colcon.colcon_core.package_identification:_identify(Analysis) by extension 'colcon_meta'
[0.252s] Level 1:colcon.colcon_core.package_identification:_identify(Analysis) by extensions ['ros']
[0.252s] Level 1:colcon.colcon_core.package_identification:_identify(Analysis) by extension 'ros'
[0.252s] Level 1:colcon.colcon_core.package_identification:_identify(Analysis) by extensions ['cmake', 'python']
[0.252s] Level 1:colcon.colcon_core.package_identification:_identify(Analysis) by extension 'cmake'
[0.252s] Level 1:colcon.colcon_core.package_identification:_identify(Analysis) by extension 'python'
[0.252s] Level 1:colcon.colcon_core.package_identification:_identify(Analysis) by extensions ['python_setup_py']
[0.252s] Level 1:colcon.colcon_core.package_identification:_identify(Analysis) by extension 'python_setup_py'
[0.252s] Level 1:colcon.colcon_core.package_identification:_identify(Analysis/Last) by extensions ['ignore', 'ignore_ament_install']
[0.252s] Level 1:colcon.colcon_core.package_identification:_identify(Analysis/Last) by extension 'ignore'
[0.252s] Level 1:colcon.colcon_core.package_identification:_identify(Analysis/Last) by extension 'ignore_ament_install'
[0.252s] Level 1:colcon.colcon_core.package_identification:_identify(Analysis/Last) by extensions ['colcon_pkg']
[0.252s] Level 1:colcon.colcon_core.package_identification:_identify(Analysis/Last) by extension 'colcon_pkg'
[0.252s] Level 1:colcon.colcon_core.package_identification:_identify(Analysis/Last) by extensions ['colcon_meta']
[0.252s] Level 1:colcon.colcon_core.package_identification:_identify(Analysis/Last) by extension 'colcon_meta'
[0.252s] Level 1:colcon.colcon_core.package_identification:_identify(Analysis/Last) by extensions ['ros']
[0.252s] Level 1:colcon.colcon_core.package_identification:_identify(Analysis/Last) by extension 'ros'
[0.252s] Level 1:colcon.colcon_core.package_identification:_identify(Analysis/Last) by extensions ['cmake', 'python']
[0.252s] Level 1:colcon.colcon_core.package_identification:_identify(Analysis/Last) by extension 'cmake'
[0.252s] Level 1:colcon.colcon_core.package_identification:_identify(Analysis/Last) by extension 'python'
[0.252s] Level 1:colcon.colcon_core.package_identification:_identify(Analysis/Last) by extensions ['python_setup_py']
[0.252s] Level 1:colcon.colcon_core.package_identification:_identify(Analysis/Last) by extension 'python_setup_py'
[0.252s] Level 1:colcon.colcon_core.package_identification:_identify(build) by extensions ['ignore', 'ignore_ament_install']
[0.253s] Level 1:colcon.colcon_core.package_identification:_identify(build) by extension 'ignore'
[0.253s] Level 1:colcon.colcon_core.package_identification:_identify(build) ignored
[0.253s] Level 1:colcon.colcon_core.package_identification:_identify(default_path.csv2024_10_23_12_16_52.bag) by extensions ['ignore', 'ignore_ament_install']
[0.253s] Level 1:colcon.colcon_core.package_identification:_identify(default_path.csv2024_10_23_12_16_52.bag) by extension 'ignore'
[0.253s] Level 1:colcon.colcon_core.package_identification:_identify(default_path.csv2024_10_23_12_16_52.bag) by extension 'ignore_ament_install'
[0.253s] Level 1:colcon.colcon_core.package_identification:_identify(default_path.csv2024_10_23_12_16_52.bag) by extensions ['colcon_pkg']
[0.253s] Level 1:colcon.colcon_core.package_identification:_identify(default_path.csv2024_10_23_12_16_52.bag) by extension 'colcon_pkg'
[0.253s] Level 1:colcon.colcon_core.package_identification:_identify(default_path.csv2024_10_23_12_16_52.bag) by extensions ['colcon_meta']
[0.253s] Level 1:colcon.colcon_core.package_identification:_identify(default_path.csv2024_10_23_12_16_52.bag) by extension 'colcon_meta'
[0.253s] Level 1:colcon.colcon_core.package_identification:_identify(default_path.csv2024_10_23_12_16_52.bag) by extensions ['ros']
[0.253s] Level 1:colcon.colcon_core.package_identification:_identify(default_path.csv2024_10_23_12_16_52.bag) by extension 'ros'
[0.253s] Level 1:colcon.colcon_core.package_identification:_identify(default_path.csv2024_10_23_12_16_52.bag) by extensions ['cmake', 'python']
[0.253s] Level 1:colcon.colcon_core.package_identification:_identify(default_path.csv2024_10_23_12_16_52.bag) by extension 'cmake'
[0.253s] Level 1:colcon.colcon_core.package_identification:_identify(default_path.csv2024_10_23_12_16_52.bag) by extension 'python'
[0.253s] Level 1:colcon.colcon_core.package_identification:_identify(default_path.csv2024_10_23_12_16_52.bag) by extensions ['python_setup_py']
[0.253s] Level 1:colcon.colcon_core.package_identification:_identify(default_path.csv2024_10_23_12_16_52.bag) by extension 'python_setup_py'
[0.253s] Level 1:colcon.colcon_core.package_identification:_identify(default_path.csv2024_10_23_12_22_13.bag) by extensions ['ignore', 'ignore_ament_install']
[0.253s] Level 1:colcon.colcon_core.package_identification:_identify(default_path.csv2024_10_23_12_22_13.bag) by extension 'ignore'
[0.253s] Level 1:colcon.colcon_core.package_identification:_identify(default_path.csv2024_10_23_12_22_13.bag) by extension 'ignore_ament_install'
[0.253s] Level 1:colcon.colcon_core.package_identification:_identify(default_path.csv2024_10_23_12_22_13.bag) by extensions ['colcon_pkg']
[0.253s] Level 1:colcon.colcon_core.package_identification:_identify(default_path.csv2024_10_23_12_22_13.bag) by extension 'colcon_pkg'
[0.253s] Level 1:colcon.colcon_core.package_identification:_identify(default_path.csv2024_10_23_12_22_13.bag) by extensions ['colcon_meta']
[0.253s] Level 1:colcon.colcon_core.package_identification:_identify(default_path.csv2024_10_23_12_22_13.bag) by extension 'colcon_meta'
[0.253s] Level 1:colcon.colcon_core.package_identification:_identify(default_path.csv2024_10_23_12_22_13.bag) by extensions ['ros']
[0.254s] Level 1:colcon.colcon_core.package_identification:_identify(default_path.csv2024_10_23_12_22_13.bag) by extension 'ros'
[0.254s] Level 1:colcon.colcon_core.package_identification:_identify(default_path.csv2024_10_23_12_22_13.bag) by extensions ['cmake', 'python']
[0.254s] Level 1:colcon.colcon_core.package_identification:_identify(default_path.csv2024_10_23_12_22_13.bag) by extension 'cmake'
[0.254s] Level 1:colcon.colcon_core.package_identification:_identify(default_path.csv2024_10_23_12_22_13.bag) by extension 'python'
[0.254s] Level 1:colcon.colcon_core.package_identification:_identify(default_path.csv2024_10_23_12_22_13.bag) by extensions ['python_setup_py']
[0.254s] Level 1:colcon.colcon_core.package_identification:_identify(default_path.csv2024_10_23_12_22_13.bag) by extension 'python_setup_py'
[0.254s] Level 1:colcon.colcon_core.package_identification:_identify(default_path.csv2024_10_24_20_39_18.bag) by extensions ['ignore', 'ignore_ament_install']
[0.254s] Level 1:colcon.colcon_core.package_identification:_identify(default_path.csv2024_10_24_20_39_18.bag) by extension 'ignore'
[0.254s] Level 1:colcon.colcon_core.package_identification:_identify(default_path.csv2024_10_24_20_39_18.bag) by extension 'ignore_ament_install'
[0.254s] Level 1:colcon.colcon_core.package_identification:_identify(default_path.csv2024_10_24_20_39_18.bag) by extensions ['colcon_pkg']
[0.254s] Level 1:colcon.colcon_core.package_identification:_identify(default_path.csv2024_10_24_20_39_18.bag) by extension 'colcon_pkg'
[0.254s] Level 1:colcon.colcon_core.package_identification:_identify(default_path.csv2024_10_24_20_39_18.bag) by extensions ['colcon_meta']
[0.254s] Level 1:colcon.colcon_core.package_identification:_identify(default_path.csv2024_10_24_20_39_18.bag) by extension 'colcon_meta'
[0.254s] Level 1:colcon.colcon_core.package_identification:_identify(default_path.csv2024_10_24_20_39_18.bag) by extensions ['ros']
[0.254s] Level 1:colcon.colcon_core.package_identification:_identify(default_path.csv2024_10_24_20_39_18.bag) by extension 'ros'
[0.254s] Level 1:colcon.colcon_core.package_identification:_identify(default_path.csv2024_10_24_20_39_18.bag) by extensions ['cmake', 'python']
[0.254s] Level 1:colcon.colcon_core.package_identification:_identify(default_path.csv2024_10_24_20_39_18.bag) by extension 'cmake'
[0.254s] Level 1:colcon.colcon_core.package_identification:_identify(default_path.csv2024_10_24_20_39_18.bag) by extension 'python'
[0.254s] Level 1:colcon.colcon_core.package_identification:_identify(default_path.csv2024_10_24_20_39_18.bag) by extensions ['python_setup_py']
[0.254s] Level 1:colcon.colcon_core.package_identification:_identify(default_path.csv2024_10_24_20_39_18.bag) by extension 'python_setup_py'
[0.254s] Level 1:colcon.colcon_core.package_identification:_identify(default_path.csv2024_10_24_20_42_51.bag) by extensions ['ignore', 'ignore_ament_install']
[0.254s] Level 1:colcon.colcon_core.package_identification:_identify(default_path.csv2024_10_24_20_42_51.bag) by extension 'ignore'
[0.254s] Level 1:colcon.colcon_core.package_identification:_identify(default_path.csv2024_10_24_20_42_51.bag) by extension 'ignore_ament_install'
[0.254s] Level 1:colcon.colcon_core.package_identification:_identify(default_path.csv2024_10_24_20_42_51.bag) by extensions ['colcon_pkg']
[0.254s] Level 1:colcon.colcon_core.package_identification:_identify(default_path.csv2024_10_24_20_42_51.bag) by extension 'colcon_pkg'
[0.255s] Level 1:colcon.colcon_core.package_identification:_identify(default_path.csv2024_10_24_20_42_51.bag) by extensions ['colcon_meta']
[0.255s] Level 1:colcon.colcon_core.package_identification:_identify(default_path.csv2024_10_24_20_42_51.bag) by extension 'colcon_meta'
[0.255s] Level 1:colcon.colcon_core.package_identification:_identify(default_path.csv2024_10_24_20_42_51.bag) by extensions ['ros']
[0.255s] Level 1:colcon.colcon_core.package_identification:_identify(default_path.csv2024_10_24_20_42_51.bag) by extension 'ros'
[0.255s] Level 1:colcon.colcon_core.package_identification:_identify(default_path.csv2024_10_24_20_42_51.bag) by extensions ['cmake', 'python']
[0.255s] Level 1:colcon.colcon_core.package_identification:_identify(default_path.csv2024_10_24_20_42_51.bag) by extension 'cmake'
[0.255s] Level 1:colcon.colcon_core.package_identification:_identify(default_path.csv2024_10_24_20_42_51.bag) by extension 'python'
[0.255s] Level 1:colcon.colcon_core.package_identification:_identify(default_path.csv2024_10_24_20_42_51.bag) by extensions ['python_setup_py']
[0.255s] Level 1:colcon.colcon_core.package_identification:_identify(default_path.csv2024_10_24_20_42_51.bag) by extension 'python_setup_py'
[0.255s] Level 1:colcon.colcon_core.package_identification:_identify(default_path.csv2024_10_24_21_41_38.bag) by extensions ['ignore', 'ignore_ament_install']
[0.255s] Level 1:colcon.colcon_core.package_identification:_identify(default_path.csv2024_10_24_21_41_38.bag) by extension 'ignore'
[0.255s] Level 1:colcon.colcon_core.package_identification:_identify(default_path.csv2024_10_24_21_41_38.bag) by extension 'ignore_ament_install'
[0.255s] Level 1:colcon.colcon_core.package_identification:_identify(default_path.csv2024_10_24_21_41_38.bag) by extensions ['colcon_pkg']
[0.255s] Level 1:colcon.colcon_core.package_identification:_identify(default_path.csv2024_10_24_21_41_38.bag) by extension 'colcon_pkg'
[0.255s] Level 1:colcon.colcon_core.package_identification:_identify(default_path.csv2024_10_24_21_41_38.bag) by extensions ['colcon_meta']
[0.255s] Level 1:colcon.colcon_core.package_identification:_identify(default_path.csv2024_10_24_21_41_38.bag) by extension 'colcon_meta'
[0.255s] Level 1:colcon.colcon_core.package_identification:_identify(default_path.csv2024_10_24_21_41_38.bag) by extensions ['ros']
[0.255s] Level 1:colcon.colcon_core.package_identification:_identify(default_path.csv2024_10_24_21_41_38.bag) by extension 'ros'
[0.255s] Level 1:colcon.colcon_core.package_identification:_identify(default_path.csv2024_10_24_21_41_38.bag) by extensions ['cmake', 'python']
[0.255s] Level 1:colcon.colcon_core.package_identification:_identify(default_path.csv2024_10_24_21_41_38.bag) by extension 'cmake'
[0.255s] Level 1:colcon.colcon_core.package_identification:_identify(default_path.csv2024_10_24_21_41_38.bag) by extension 'python'
[0.255s] Level 1:colcon.colcon_core.package_identification:_identify(default_path.csv2024_10_24_21_41_38.bag) by extensions ['python_setup_py']
[0.255s] Level 1:colcon.colcon_core.package_identification:_identify(default_path.csv2024_10_24_21_41_38.bag) by extension 'python_setup_py'
[0.255s] Level 1:colcon.colcon_core.package_identification:_identify(default_path.csv2024_10_24_21_44_41.bag) by extensions ['ignore', 'ignore_ament_install']
[0.255s] Level 1:colcon.colcon_core.package_identification:_identify(default_path.csv2024_10_24_21_44_41.bag) by extension 'ignore'
[0.255s] Level 1:colcon.colcon_core.package_identification:_identify(default_path.csv2024_10_24_21_44_41.bag) by extension 'ignore_ament_install'
[0.256s] Level 1:colcon.colcon_core.package_identification:_identify(default_path.csv2024_10_24_21_44_41.bag) by extensions ['colcon_pkg']
[0.256s] Level 1:colcon.colcon_core.package_identification:_identify(default_path.csv2024_10_24_21_44_41.bag) by extension 'colcon_pkg'
[0.256s] Level 1:colcon.colcon_core.package_identification:_identify(default_path.csv2024_10_24_21_44_41.bag) by extensions ['colcon_meta']
[0.256s] Level 1:colcon.colcon_core.package_identification:_identify(default_path.csv2024_10_24_21_44_41.bag) by extension 'colcon_meta'
[0.256s] Level 1:colcon.colcon_core.package_identification:_identify(default_path.csv2024_10_24_21_44_41.bag) by extensions ['ros']
[0.256s] Level 1:colcon.colcon_core.package_identification:_identify(default_path.csv2024_10_24_21_44_41.bag) by extension 'ros'
[0.256s] Level 1:colcon.colcon_core.package_identification:_identify(default_path.csv2024_10_24_21_44_41.bag) by extensions ['cmake', 'python']
[0.256s] Level 1:colcon.colcon_core.package_identification:_identify(default_path.csv2024_10_24_21_44_41.bag) by extension 'cmake'
[0.256s] Level 1:colcon.colcon_core.package_identification:_identify(default_path.csv2024_10_24_21_44_41.bag) by extension 'python'
[0.256s] Level 1:colcon.colcon_core.package_identification:_identify(default_path.csv2024_10_24_21_44_41.bag) by extensions ['python_setup_py']
[0.256s] Level 1:colcon.colcon_core.package_identification:_identify(default_path.csv2024_10_24_21_44_41.bag) by extension 'python_setup_py'
[0.256s] Level 1:colcon.colcon_core.package_identification:_identify(default_path.csv2024_10_24_21_45_20.bag) by extensions ['ignore', 'ignore_ament_install']
[0.256s] Level 1:colcon.colcon_core.package_identification:_identify(default_path.csv2024_10_24_21_45_20.bag) by extension 'ignore'
[0.256s] Level 1:colcon.colcon_core.package_identification:_identify(default_path.csv2024_10_24_21_45_20.bag) by extension 'ignore_ament_install'
[0.256s] Level 1:colcon.colcon_core.package_identification:_identify(default_path.csv2024_10_24_21_45_20.bag) by extensions ['colcon_pkg']
[0.256s] Level 1:colcon.colcon_core.package_identification:_identify(default_path.csv2024_10_24_21_45_20.bag) by extension 'colcon_pkg'
[0.256s] Level 1:colcon.colcon_core.package_identification:_identify(default_path.csv2024_10_24_21_45_20.bag) by extensions ['colcon_meta']
[0.256s] Level 1:colcon.colcon_core.package_identification:_identify(default_path.csv2024_10_24_21_45_20.bag) by extension 'colcon_meta'
[0.256s] Level 1:colcon.colcon_core.package_identification:_identify(default_path.csv2024_10_24_21_45_20.bag) by extensions ['ros']
[0.256s] Level 1:colcon.colcon_core.package_identification:_identify(default_path.csv2024_10_24_21_45_20.bag) by extension 'ros'
[0.256s] Level 1:colcon.colcon_core.package_identification:_identify(default_path.csv2024_10_24_21_45_20.bag) by extensions ['cmake', 'python']
[0.256s] Level 1:colcon.colcon_core.package_identification:_identify(default_path.csv2024_10_24_21_45_20.bag) by extension 'cmake'
[0.256s] Level 1:colcon.colcon_core.package_identification:_identify(default_path.csv2024_10_24_21_45_20.bag) by extension 'python'
[0.256s] Level 1:colcon.colcon_core.package_identification:_identify(default_path.csv2024_10_24_21_45_20.bag) by extensions ['python_setup_py']
[0.256s] Level 1:colcon.colcon_core.package_identification:_identify(default_path.csv2024_10_24_21_45_20.bag) by extension 'python_setup_py'
[0.256s] Level 1:colcon.colcon_core.package_identification:_identify(default_path.csv2024_10_24_21_45_49.bag) by extensions ['ignore', 'ignore_ament_install']
[0.257s] Level 1:colcon.colcon_core.package_identification:_identify(default_path.csv2024_10_24_21_45_49.bag) by extension 'ignore'
[0.257s] Level 1:colcon.colcon_core.package_identification:_identify(default_path.csv2024_10_24_21_45_49.bag) by extension 'ignore_ament_install'
[0.257s] Level 1:colcon.colcon_core.package_identification:_identify(default_path.csv2024_10_24_21_45_49.bag) by extensions ['colcon_pkg']
[0.257s] Level 1:colcon.colcon_core.package_identification:_identify(default_path.csv2024_10_24_21_45_49.bag) by extension 'colcon_pkg'
[0.257s] Level 1:colcon.colcon_core.package_identification:_identify(default_path.csv2024_10_24_21_45_49.bag) by extensions ['colcon_meta']
[0.257s] Level 1:colcon.colcon_core.package_identification:_identify(default_path.csv2024_10_24_21_45_49.bag) by extension 'colcon_meta'
[0.257s] Level 1:colcon.colcon_core.package_identification:_identify(default_path.csv2024_10_24_21_45_49.bag) by extensions ['ros']
[0.257s] Level 1:colcon.colcon_core.package_identification:_identify(default_path.csv2024_10_24_21_45_49.bag) by extension 'ros'
[0.257s] Level 1:colcon.colcon_core.package_identification:_identify(default_path.csv2024_10_24_21_45_49.bag) by extensions ['cmake', 'python']
[0.257s] Level 1:colcon.colcon_core.package_identification:_identify(default_path.csv2024_10_24_21_45_49.bag) by extension 'cmake'
[0.257s] Level 1:colcon.colcon_core.package_identification:_identify(default_path.csv2024_10_24_21_45_49.bag) by extension 'python'
[0.257s] Level 1:colcon.colcon_core.package_identification:_identify(default_path.csv2024_10_24_21_45_49.bag) by extensions ['python_setup_py']
[0.257s] Level 1:colcon.colcon_core.package_identification:_identify(default_path.csv2024_10_24_21_45_49.bag) by extension 'python_setup_py'
[0.257s] Level 1:colcon.colcon_core.package_identification:_identify(default_path.csv2024_10_24_21_47_20.bag) by extensions ['ignore', 'ignore_ament_install']
[0.257s] Level 1:colcon.colcon_core.package_identification:_identify(default_path.csv2024_10_24_21_47_20.bag) by extension 'ignore'
[0.257s] Level 1:colcon.colcon_core.package_identification:_identify(default_path.csv2024_10_24_21_47_20.bag) by extension 'ignore_ament_install'
[0.257s] Level 1:colcon.colcon_core.package_identification:_identify(default_path.csv2024_10_24_21_47_20.bag) by extensions ['colcon_pkg']
[0.257s] Level 1:colcon.colcon_core.package_identification:_identify(default_path.csv2024_10_24_21_47_20.bag) by extension 'colcon_pkg'
[0.257s] Level 1:colcon.colcon_core.package_identification:_identify(default_path.csv2024_10_24_21_47_20.bag) by extensions ['colcon_meta']
[0.257s] Level 1:colcon.colcon_core.package_identification:_identify(default_path.csv2024_10_24_21_47_20.bag) by extension 'colcon_meta'
[0.257s] Level 1:colcon.colcon_core.package_identification:_identify(default_path.csv2024_10_24_21_47_20.bag) by extensions ['ros']
[0.257s] Level 1:colcon.colcon_core.package_identification:_identify(default_path.csv2024_10_24_21_47_20.bag) by extension 'ros'
[0.257s] Level 1:colcon.colcon_core.package_identification:_identify(default_path.csv2024_10_24_21_47_20.bag) by extensions ['cmake', 'python']
[0.257s] Level 1:colcon.colcon_core.package_identification:_identify(default_path.csv2024_10_24_21_47_20.bag) by extension 'cmake'
[0.257s] Level 1:colcon.colcon_core.package_identification:_identify(default_path.csv2024_10_24_21_47_20.bag) by extension 'python'
[0.257s] Level 1:colcon.colcon_core.package_identification:_identify(default_path.csv2024_10_24_21_47_20.bag) by extensions ['python_setup_py']
[0.257s] Level 1:colcon.colcon_core.package_identification:_identify(default_path.csv2024_10_24_21_47_20.bag) by extension 'python_setup_py'
[0.258s] Level 1:colcon.colcon_core.package_identification:_identify(default_path.csv2024_10_24_21_48_46.bag) by extensions ['ignore', 'ignore_ament_install']
[0.258s] Level 1:colcon.colcon_core.package_identification:_identify(default_path.csv2024_10_24_21_48_46.bag) by extension 'ignore'
[0.258s] Level 1:colcon.colcon_core.package_identification:_identify(default_path.csv2024_10_24_21_48_46.bag) by extension 'ignore_ament_install'
[0.258s] Level 1:colcon.colcon_core.package_identification:_identify(default_path.csv2024_10_24_21_48_46.bag) by extensions ['colcon_pkg']
[0.258s] Level 1:colcon.colcon_core.package_identification:_identify(default_path.csv2024_10_24_21_48_46.bag) by extension 'colcon_pkg'
[0.258s] Level 1:colcon.colcon_core.package_identification:_identify(default_path.csv2024_10_24_21_48_46.bag) by extensions ['colcon_meta']
[0.258s] Level 1:colcon.colcon_core.package_identification:_identify(default_path.csv2024_10_24_21_48_46.bag) by extension 'colcon_meta'
[0.258s] Level 1:colcon.colcon_core.package_identification:_identify(default_path.csv2024_10_24_21_48_46.bag) by extensions ['ros']
[0.258s] Level 1:colcon.colcon_core.package_identification:_identify(default_path.csv2024_10_24_21_48_46.bag) by extension 'ros'
[0.258s] Level 1:colcon.colcon_core.package_identification:_identify(default_path.csv2024_10_24_21_48_46.bag) by extensions ['cmake', 'python']
[0.258s] Level 1:colcon.colcon_core.package_identification:_identify(default_path.csv2024_10_24_21_48_46.bag) by extension 'cmake'
[0.258s] Level 1:colcon.colcon_core.package_identification:_identify(default_path.csv2024_10_24_21_48_46.bag) by extension 'python'
[0.258s] Level 1:colcon.colcon_core.package_identification:_identify(default_path.csv2024_10_24_21_48_46.bag) by extensions ['python_setup_py']
[0.258s] Level 1:colcon.colcon_core.package_identification:_identify(default_path.csv2024_10_24_21_48_46.bag) by extension 'python_setup_py'
[0.258s] Level 1:colcon.colcon_core.package_identification:_identify(install) by extensions ['ignore', 'ignore_ament_install']
[0.258s] Level 1:colcon.colcon_core.package_identification:_identify(install) by extension 'ignore'
[0.258s] Level 1:colcon.colcon_core.package_identification:_identify(install) ignored
[0.259s] Level 1:colcon.colcon_core.package_identification:_identify(log) by extensions ['ignore', 'ignore_ament_install']
[0.259s] Level 1:colcon.colcon_core.package_identification:_identify(log) by extension 'ignore'
[0.259s] Level 1:colcon.colcon_core.package_identification:_identify(log) ignored
[0.259s] Level 1:colcon.colcon_core.package_identification:_identify(src) by extensions ['ignore', 'ignore_ament_install']
[0.259s] Level 1:colcon.colcon_core.package_identification:_identify(src) by extension 'ignore'
[0.259s] Level 1:colcon.colcon_core.package_identification:_identify(src) by extension 'ignore_ament_install'
[0.259s] Level 1:colcon.colcon_core.package_identification:_identify(src) by extensions ['colcon_pkg']
[0.259s] Level 1:colcon.colcon_core.package_identification:_identify(src) by extension 'colcon_pkg'
[0.259s] Level 1:colcon.colcon_core.package_identification:_identify(src) by extensions ['colcon_meta']
[0.259s] Level 1:colcon.colcon_core.package_identification:_identify(src) by extension 'colcon_meta'
[0.259s] Level 1:colcon.colcon_core.package_identification:_identify(src) by extensions ['ros']
[0.259s] Level 1:colcon.colcon_core.package_identification:_identify(src) by extension 'ros'
[0.259s] Level 1:colcon.colcon_core.package_identification:_identify(src) by extensions ['cmake', 'python']
[0.259s] Level 1:colcon.colcon_core.package_identification:_identify(src) by extension 'cmake'
[0.259s] Level 1:colcon.colcon_core.package_identification:_identify(src) by extension 'python'
[0.259s] Level 1:colcon.colcon_core.package_identification:_identify(src) by extensions ['python_setup_py']
[0.259s] Level 1:colcon.colcon_core.package_identification:_identify(src) by extension 'python_setup_py'
[0.259s] Level 1:colcon.colcon_core.package_identification:_identify(src/adnav-driver) by extensions ['ignore', 'ignore_ament_install']
[0.259s] Level 1:colcon.colcon_core.package_identification:_identify(src/adnav-driver) by extension 'ignore'
[0.259s] Level 1:colcon.colcon_core.package_identification:_identify(src/adnav-driver) by extension 'ignore_ament_install'
[0.259s] Level 1:colcon.colcon_core.package_identification:_identify(src/adnav-driver) by extensions ['colcon_pkg']
[0.259s] Level 1:colcon.colcon_core.package_identification:_identify(src/adnav-driver) by extension 'colcon_pkg'
[0.259s] Level 1:colcon.colcon_core.package_identification:_identify(src/adnav-driver) by extensions ['colcon_meta']
[0.259s] Level 1:colcon.colcon_core.package_identification:_identify(src/adnav-driver) by extension 'colcon_meta'
[0.260s] Level 1:colcon.colcon_core.package_identification:_identify(src/adnav-driver) by extensions ['ros']
[0.260s] Level 1:colcon.colcon_core.package_identification:_identify(src/adnav-driver) by extension 'ros'
[0.262s] DEBUG:colcon.colcon_core.package_identification:Package 'src/adnav-driver' with type 'ros.ament_cmake' and name 'adnav-driver'
[0.262s] Level 1:colcon.colcon_core.package_identification:_identify(src/kalman_filter) by extensions ['ignore', 'ignore_ament_install']
[0.262s] Level 1:colcon.colcon_core.package_identification:_identify(src/kalman_filter) by extension 'ignore'
[0.262s] Level 1:colcon.colcon_core.package_identification:_identify(src/kalman_filter) by extension 'ignore_ament_install'
[0.262s] Level 1:colcon.colcon_core.package_identification:_identify(src/kalman_filter) by extensions ['colcon_pkg']
[0.262s] Level 1:colcon.colcon_core.package_identification:_identify(src/kalman_filter) by extension 'colcon_pkg'
[0.262s] Level 1:colcon.colcon_core.package_identification:_identify(src/kalman_filter) by extensions ['colcon_meta']
[0.262s] Level 1:colcon.colcon_core.package_identification:_identify(src/kalman_filter) by extension 'colcon_meta'
[0.262s] Level 1:colcon.colcon_core.package_identification:_identify(src/kalman_filter) by extensions ['ros']
[0.262s] Level 1:colcon.colcon_core.package_identification:_identify(src/kalman_filter) by extension 'ros'
[0.263s] DEBUG:colcon.colcon_core.package_identification:Package 'src/kalman_filter' with type 'ros.ament_cmake' and name 'kalman_filter'
[0.263s] Level 1:colcon.colcon_core.package_identification:_identify(src/ntrip) by extensions ['ignore', 'ignore_ament_install']
[0.263s] Level 1:colcon.colcon_core.package_identification:_identify(src/ntrip) by extension 'ignore'
[0.263s] Level 1:colcon.colcon_core.package_identification:_identify(src/ntrip) by extension 'ignore_ament_install'
[0.263s] Level 1:colcon.colcon_core.package_identification:_identify(src/ntrip) by extensions ['colcon_pkg']
[0.263s] Level 1:colcon.colcon_core.package_identification:_identify(src/ntrip) by extension 'colcon_pkg'
[0.263s] Level 1:colcon.colcon_core.package_identification:_identify(src/ntrip) by extensions ['colcon_meta']
[0.263s] Level 1:colcon.colcon_core.package_identification:_identify(src/ntrip) by extension 'colcon_meta'
[0.263s] Level 1:colcon.colcon_core.package_identification:_identify(src/ntrip) by extensions ['ros']
[0.263s] Level 1:colcon.colcon_core.package_identification:_identify(src/ntrip) by extension 'ros'
[0.264s] DEBUG:colcon.colcon_core.package_identification:Package 'src/ntrip' with type 'ros.ament_cmake' and name 'ntrip'
[0.264s] Level 1:colcon.colcon_core.package_identification:_identify(src/sonar_msgs) by extensions ['ignore', 'ignore_ament_install']
[0.264s] Level 1:colcon.colcon_core.package_identification:_identify(src/sonar_msgs) by extension 'ignore'
[0.264s] Level 1:colcon.colcon_core.package_identification:_identify(src/sonar_msgs) by extension 'ignore_ament_install'
[0.264s] Level 1:colcon.colcon_core.package_identification:_identify(src/sonar_msgs) by extensions ['colcon_pkg']
[0.264s] Level 1:colcon.colcon_core.package_identification:_identify(src/sonar_msgs) by extension 'colcon_pkg'
[0.264s] Level 1:colcon.colcon_core.package_identification:_identify(src/sonar_msgs) by extensions ['colcon_meta']
[0.264s] Level 1:colcon.colcon_core.package_identification:_identify(src/sonar_msgs) by extension 'colcon_meta'
[0.264s] Level 1:colcon.colcon_core.package_identification:_identify(src/sonar_msgs) by extensions ['ros']
[0.264s] Level 1:colcon.colcon_core.package_identification:_identify(src/sonar_msgs) by extension 'ros'
[0.265s] DEBUG:colcon.colcon_core.package_identification:Package 'src/sonar_msgs' with type 'ros.ament_cmake' and name 'sonar_msgs'
[0.265s] Level 1:colcon.colcon_core.package_identification:_identify(src/sonar_subs) by extensions ['ignore', 'ignore_ament_install']
[0.265s] Level 1:colcon.colcon_core.package_identification:_identify(src/sonar_subs) by extension 'ignore'
[0.265s] Level 1:colcon.colcon_core.package_identification:_identify(src/sonar_subs) by extension 'ignore_ament_install'
[0.265s] Level 1:colcon.colcon_core.package_identification:_identify(src/sonar_subs) by extensions ['colcon_pkg']
[0.265s] Level 1:colcon.colcon_core.package_identification:_identify(src/sonar_subs) by extension 'colcon_pkg'
[0.265s] Level 1:colcon.colcon_core.package_identification:_identify(src/sonar_subs) by extensions ['colcon_meta']
[0.265s] Level 1:colcon.colcon_core.package_identification:_identify(src/sonar_subs) by extension 'colcon_meta'
[0.265s] Level 1:colcon.colcon_core.package_identification:_identify(src/sonar_subs) by extensions ['ros']
[0.265s] Level 1:colcon.colcon_core.package_identification:_identify(src/sonar_subs) by extension 'ros'
[0.265s] DEBUG:colcon.colcon_core.package_identification:Package 'src/sonar_subs' with type 'ros.ament_python' and name 'sonar_subs'
[0.266s] Level 1:colcon.colcon_core.package_identification:_identify(src/xsens_mti_ros2_driver) by extensions ['ignore', 'ignore_ament_install']
[0.266s] Level 1:colcon.colcon_core.package_identification:_identify(src/xsens_mti_ros2_driver) by extension 'ignore'
[0.266s] Level 1:colcon.colcon_core.package_identification:_identify(src/xsens_mti_ros2_driver) by extension 'ignore_ament_install'
[0.266s] Level 1:colcon.colcon_core.package_identification:_identify(src/xsens_mti_ros2_driver) by extensions ['colcon_pkg']
[0.266s] Level 1:colcon.colcon_core.package_identification:_identify(src/xsens_mti_ros2_driver) by extension 'colcon_pkg'
[0.266s] Level 1:colcon.colcon_core.package_identification:_identify(src/xsens_mti_ros2_driver) by extensions ['colcon_meta']
[0.266s] Level 1:colcon.colcon_core.package_identification:_identify(src/xsens_mti_ros2_driver) by extension 'colcon_meta'
[0.266s] Level 1:colcon.colcon_core.package_identification:_identify(src/xsens_mti_ros2_driver) by extensions ['ros']
[0.266s] Level 1:colcon.colcon_core.package_identification:_identify(src/xsens_mti_ros2_driver) by extension 'ros'
[0.267s] DEBUG:colcon.colcon_core.package_identification:Package 'src/xsens_mti_ros2_driver' with type 'ros.ament_cmake' and name 'xsens_mti_ros2_driver'
[0.267s] Level 1:colcon.colcon_core.package_discovery:discover_packages(recursive) using defaults
[0.267s] Level 1:colcon.colcon_core.package_discovery:discover_packages(ignore) discover
[0.267s] Level 1:colcon.colcon_core.package_discovery:discover_packages(ignore) using defaults
[0.267s] Level 1:colcon.colcon_core.package_discovery:discover_packages(path) discover
[0.267s] Level 1:colcon.colcon_core.package_discovery:discover_packages(path) using defaults
[0.284s] Level 1:colcon.colcon_core.package_discovery:discover_packages(prefix_path) check parameters
[0.284s] Level 1:colcon.colcon_core.package_discovery:discover_packages(prefix_path) discover
[0.286s] DEBUG:colcon.colcon_installed_package_information.package_discovery:Found 6 installed packages in /home/uwr/Desktop/2024_UWR/install
[0.287s] DEBUG:colcon.colcon_installed_package_information.package_discovery:Found 280 installed packages in /opt/ros/humble
[0.296s] Level 1:colcon.colcon_core.package_discovery:discover_packages(prefix_path) using defaults
[0.328s] Level 5:colcon.colcon_core.verb:set package 'adnav-driver' build argument 'cmake_args' from command line to 'None'
[0.328s] Level 5:colcon.colcon_core.verb:set package 'adnav-driver' build argument 'cmake_target' from command line to 'None'
[0.328s] Level 5:colcon.colcon_core.verb:set package 'adnav-driver' build argument 'cmake_target_skip_unavailable' from command line to 'False'
[0.328s] Level 5:colcon.colcon_core.verb:set package 'adnav-driver' build argument 'cmake_clean_cache' from command line to 'False'
[0.328s] Level 5:colcon.colcon_core.verb:set package 'adnav-driver' build argument 'cmake_clean_first' from command line to 'False'
[0.328s] Level 5:colcon.colcon_core.verb:set package 'adnav-driver' build argument 'cmake_force_configure' from command line to 'False'
[0.328s] Level 5:colcon.colcon_core.verb:set package 'adnav-driver' build argument 'ament_cmake_args' from command line to 'None'
[0.328s] Level 5:colcon.colcon_core.verb:set package 'adnav-driver' build argument 'catkin_cmake_args' from command line to 'None'
[0.328s] Level 5:colcon.colcon_core.verb:set package 'adnav-driver' build argument 'catkin_skip_building_tests' from command line to 'False'
[0.328s] DEBUG:colcon.colcon_core.verb:Building package 'adnav-driver' with the following arguments: {'ament_cmake_args': None, 'build_base': '/home/uwr/Desktop/2024_UWR/build/adnav-driver', 'catkin_cmake_args': None, 'catkin_skip_building_tests': False, 'cmake_args': None, 'cmake_clean_cache': False, 'cmake_clean_first': False, 'cmake_force_configure': False, 'cmake_target': None, 'cmake_target_skip_unavailable': False, 'install_base': '/home/uwr/Desktop/2024_UWR/install/adnav-driver', 'merge_install': False, 'path': '/home/uwr/Desktop/2024_UWR/src/adnav-driver', 'symlink_install': False, 'test_result_base': None}
[0.328s] Level 5:colcon.colcon_core.verb:set package 'ntrip' build argument 'cmake_args' from command line to 'None'
[0.328s] Level 5:colcon.colcon_core.verb:set package 'ntrip' build argument 'cmake_target' from command line to 'None'
[0.328s] Level 5:colcon.colcon_core.verb:set package 'ntrip' build argument 'cmake_target_skip_unavailable' from command line to 'False'
[0.328s] Level 5:colcon.colcon_core.verb:set package 'ntrip' build argument 'cmake_clean_cache' from command line to 'False'
[0.328s] Level 5:colcon.colcon_core.verb:set package 'ntrip' build argument 'cmake_clean_first' from command line to 'False'
[0.329s] Level 5:colcon.colcon_core.verb:set package 'ntrip' build argument 'cmake_force_configure' from command line to 'False'
[0.329s] Level 5:colcon.colcon_core.verb:set package 'ntrip' build argument 'ament_cmake_args' from command line to 'None'
[0.329s] Level 5:colcon.colcon_core.verb:set package 'ntrip' build argument 'catkin_cmake_args' from command line to 'None'
[0.329s] Level 5:colcon.colcon_core.verb:set package 'ntrip' build argument 'catkin_skip_building_tests' from command line to 'False'
[0.329s] DEBUG:colcon.colcon_core.verb:Building package 'ntrip' with the following arguments: {'ament_cmake_args': None, 'build_base': '/home/uwr/Desktop/2024_UWR/build/ntrip', 'catkin_cmake_args': None, 'catkin_skip_building_tests': False, 'cmake_args': None, 'cmake_clean_cache': False, 'cmake_clean_first': False, 'cmake_force_configure': False, 'cmake_target': None, 'cmake_target_skip_unavailable': False, 'install_base': '/home/uwr/Desktop/2024_UWR/install/ntrip', 'merge_install': False, 'path': '/home/uwr/Desktop/2024_UWR/src/ntrip', 'symlink_install': False, 'test_result_base': None}
[0.329s] Level 5:colcon.colcon_core.verb:set package 'sonar_msgs' build argument 'cmake_args' from command line to 'None'
[0.329s] Level 5:colcon.colcon_core.verb:set package 'sonar_msgs' build argument 'cmake_target' from command line to 'None'
[0.329s] Level 5:colcon.colcon_core.verb:set package 'sonar_msgs' build argument 'cmake_target_skip_unavailable' from command line to 'False'
[0.329s] Level 5:colcon.colcon_core.verb:set package 'sonar_msgs' build argument 'cmake_clean_cache' from command line to 'False'
[0.329s] Level 5:colcon.colcon_core.verb:set package 'sonar_msgs' build argument 'cmake_clean_first' from command line to 'False'
[0.329s] Level 5:colcon.colcon_core.verb:set package 'sonar_msgs' build argument 'cmake_force_configure' from command line to 'False'
[0.329s] Level 5:colcon.colcon_core.verb:set package 'sonar_msgs' build argument 'ament_cmake_args' from command line to 'None'
[0.329s] Level 5:colcon.colcon_core.verb:set package 'sonar_msgs' build argument 'catkin_cmake_args' from command line to 'None'
[0.329s] Level 5:colcon.colcon_core.verb:set package 'sonar_msgs' build argument 'catkin_skip_building_tests' from command line to 'False'
[0.329s] DEBUG:colcon.colcon_core.verb:Building package 'sonar_msgs' with the following arguments: {'ament_cmake_args': None, 'build_base': '/home/uwr/Desktop/2024_UWR/build/sonar_msgs', 'catkin_cmake_args': None, 'catkin_skip_building_tests': False, 'cmake_args': None, 'cmake_clean_cache': False, 'cmake_clean_first': False, 'cmake_force_configure': False, 'cmake_target': None, 'cmake_target_skip_unavailable': False, 'install_base': '/home/uwr/Desktop/2024_UWR/install/sonar_msgs', 'merge_install': False, 'path': '/home/uwr/Desktop/2024_UWR/src/sonar_msgs', 'symlink_install': False, 'test_result_base': None}
[0.329s] Level 5:colcon.colcon_core.verb:set package 'xsens_mti_ros2_driver' build argument 'cmake_args' from command line to 'None'
[0.329s] Level 5:colcon.colcon_core.verb:set package 'xsens_mti_ros2_driver' build argument 'cmake_target' from command line to 'None'
[0.329s] Level 5:colcon.colcon_core.verb:set package 'xsens_mti_ros2_driver' build argument 'cmake_target_skip_unavailable' from command line to 'False'
[0.329s] Level 5:colcon.colcon_core.verb:set package 'xsens_mti_ros2_driver' build argument 'cmake_clean_cache' from command line to 'False'
[0.329s] Level 5:colcon.colcon_core.verb:set package 'xsens_mti_ros2_driver' build argument 'cmake_clean_first' from command line to 'False'
[0.330s] Level 5:colcon.colcon_core.verb:set package 'xsens_mti_ros2_driver' build argument 'cmake_force_configure' from command line to 'False'
[0.330s] Level 5:colcon.colcon_core.verb:set package 'xsens_mti_ros2_driver' build argument 'ament_cmake_args' from command line to 'None'
[0.330s] Level 5:colcon.colcon_core.verb:set package 'xsens_mti_ros2_driver' build argument 'catkin_cmake_args' from command line to 'None'
[0.330s] Level 5:colcon.colcon_core.verb:set package 'xsens_mti_ros2_driver' build argument 'catkin_skip_building_tests' from command line to 'False'
[0.330s] DEBUG:colcon.colcon_core.verb:Building package 'xsens_mti_ros2_driver' with the following arguments: {'ament_cmake_args': None, 'build_base': '/home/uwr/Desktop/2024_UWR/build/xsens_mti_ros2_driver', 'catkin_cmake_args': None, 'catkin_skip_building_tests': False, 'cmake_args': None, 'cmake_clean_cache': False, 'cmake_clean_first': False, 'cmake_force_configure': False, 'cmake_target': None, 'cmake_target_skip_unavailable': False, 'install_base': '/home/uwr/Desktop/2024_UWR/install/xsens_mti_ros2_driver', 'merge_install': False, 'path': '/home/uwr/Desktop/2024_UWR/src/xsens_mti_ros2_driver', 'symlink_install': False, 'test_result_base': None}
[0.330s] Level 5:colcon.colcon_core.verb:set package 'kalman_filter' build argument 'cmake_args' from command line to 'None'
[0.330s] Level 5:colcon.colcon_core.verb:set package 'kalman_filter' build argument 'cmake_target' from command line to 'None'
[0.330s] Level 5:colcon.colcon_core.verb:set package 'kalman_filter' build argument 'cmake_target_skip_unavailable' from command line to 'False'
[0.330s] Level 5:colcon.colcon_core.verb:set package 'kalman_filter' build argument 'cmake_clean_cache' from command line to 'False'
[0.330s] Level 5:colcon.colcon_core.verb:set package 'kalman_filter' build argument 'cmake_clean_first' from command line to 'False'
[0.330s] Level 5:colcon.colcon_core.verb:set package 'kalman_filter' build argument 'cmake_force_configure' from command line to 'False'
[0.330s] Level 5:colcon.colcon_core.verb:set package 'kalman_filter' build argument 'ament_cmake_args' from command line to 'None'
[0.330s] Level 5:colcon.colcon_core.verb:set package 'kalman_filter' build argument 'catkin_cmake_args' from command line to 'None'
[0.330s] Level 5:colcon.colcon_core.verb:set package 'kalman_filter' build argument 'catkin_skip_building_tests' from command line to 'False'
[0.330s] DEBUG:colcon.colcon_core.verb:Building package 'kalman_filter' with the following arguments: {'ament_cmake_args': None, 'build_base': '/home/uwr/Desktop/2024_UWR/build/kalman_filter', 'catkin_cmake_args': None, 'catkin_skip_building_tests': False, 'cmake_args': None, 'cmake_clean_cache': False, 'cmake_clean_first': False, 'cmake_force_configure': False, 'cmake_target': None, 'cmake_target_skip_unavailable': False, 'install_base': '/home/uwr/Desktop/2024_UWR/install/kalman_filter', 'merge_install': False, 'path': '/home/uwr/Desktop/2024_UWR/src/kalman_filter', 'symlink_install': False, 'test_result_base': None}
[0.330s] Level 5:colcon.colcon_core.verb:set package 'sonar_subs' build argument 'cmake_args' from command line to 'None'
[0.330s] Level 5:colcon.colcon_core.verb:set package 'sonar_subs' build argument 'cmake_target' from command line to 'None'
[0.330s] Level 5:colcon.colcon_core.verb:set package 'sonar_subs' build argument 'cmake_target_skip_unavailable' from command line to 'False'
[0.330s] Level 5:colcon.colcon_core.verb:set package 'sonar_subs' build argument 'cmake_clean_cache' from command line to 'False'
[0.330s] Level 5:colcon.colcon_core.verb:set package 'sonar_subs' build argument 'cmake_clean_first' from command line to 'False'
[0.330s] Level 5:colcon.colcon_core.verb:set package 'sonar_subs' build argument 'cmake_force_configure' from command line to 'False'
[0.331s] Level 5:colcon.colcon_core.verb:set package 'sonar_subs' build argument 'ament_cmake_args' from command line to 'None'
[0.331s] Level 5:colcon.colcon_core.verb:set package 'sonar_subs' build argument 'catkin_cmake_args' from command line to 'None'
[0.331s] Level 5:colcon.colcon_core.verb:set package 'sonar_subs' build argument 'catkin_skip_building_tests' from command line to 'False'
[0.331s] DEBUG:colcon.colcon_core.verb:Building package 'sonar_subs' with the following arguments: {'ament_cmake_args': None, 'build_base': '/home/uwr/Desktop/2024_UWR/build/sonar_subs', 'catkin_cmake_args': None, 'catkin_skip_building_tests': False, 'cmake_args': None, 'cmake_clean_cache': False, 'cmake_clean_first': False, 'cmake_force_configure': False, 'cmake_target': None, 'cmake_target_skip_unavailable': False, 'install_base': '/home/uwr/Desktop/2024_UWR/install/sonar_subs', 'merge_install': False, 'path': '/home/uwr/Desktop/2024_UWR/src/sonar_subs', 'symlink_install': False, 'test_result_base': None}
[0.331s] INFO:colcon.colcon_core.executor:Executing jobs using 'parallel' executor
[0.332s] DEBUG:colcon.colcon_parallel_executor.executor.parallel:run_until_complete
[0.332s] INFO:colcon.colcon_ros.task.ament_cmake.build:Building ROS package in '/home/uwr/Desktop/2024_UWR/src/sonar_msgs' with build type 'ament_cmake'
[0.332s] INFO:colcon.colcon_cmake.task.cmake.build:Building CMake package in '/home/uwr/Desktop/2024_UWR/src/sonar_msgs'
[0.334s] INFO:colcon.colcon_core.plugin_system:Skipping extension 'colcon_core.shell.bat': Not used on non-Windows systems
[0.335s] INFO:colcon.colcon_core.shell:Skip shell extension 'powershell' for command environment: Not usable outside of PowerShell
[0.335s] DEBUG:colcon.colcon_core.shell:Skip shell extension 'dsv' for command environment
[0.338s] INFO:colcon.colcon_ros.task.ament_cmake.build:Building ROS package in '/home/uwr/Desktop/2024_UWR/src/adnav-driver' with build type 'ament_cmake'
[0.338s] INFO:colcon.colcon_cmake.task.cmake.build:Building CMake package in '/home/uwr/Desktop/2024_UWR/src/adnav-driver'
[0.338s] INFO:colcon.colcon_core.shell:Skip shell extension 'powershell' for command environment: Not usable outside of PowerShell
[0.338s] DEBUG:colcon.colcon_core.shell:Skip shell extension 'dsv' for command environment
[0.341s] INFO:colcon.colcon_ros.task.ament_cmake.build:Building ROS package in '/home/uwr/Desktop/2024_UWR/src/ntrip' with build type 'ament_cmake'
[0.341s] INFO:colcon.colcon_cmake.task.cmake.build:Building CMake package in '/home/uwr/Desktop/2024_UWR/src/ntrip'
[0.342s] INFO:colcon.colcon_core.shell:Skip shell extension 'powershell' for command environment: Not usable outside of PowerShell
[0.342s] DEBUG:colcon.colcon_core.shell:Skip shell extension 'dsv' for command environment
[0.345s] INFO:colcon.colcon_ros.task.ament_cmake.build:Building ROS package in '/home/uwr/Desktop/2024_UWR/src/xsens_mti_ros2_driver' with build type 'ament_cmake'
[0.346s] INFO:colcon.colcon_cmake.task.cmake.build:Building CMake package in '/home/uwr/Desktop/2024_UWR/src/xsens_mti_ros2_driver'
[0.346s] INFO:colcon.colcon_core.shell:Skip shell extension 'powershell' for command environment: Not usable outside of PowerShell
[0.346s] DEBUG:colcon.colcon_core.shell:Skip shell extension 'dsv' for command environment
[0.356s] DEBUG:colcon.colcon_core.event_handler.log_command:Invoking command in '/home/uwr/Desktop/2024_UWR/build/sonar_msgs': CMAKE_PREFIX_PATH=${CMAKE_PREFIX_PATH}:/home/uwr/Desktop/2024_UWR/install/sonar_subs:/opt/ros/humble /usr/bin/cmake --build /home/uwr/Desktop/2024_UWR/build/sonar_msgs -- -j8 -l8
[0.359s] DEBUG:colcon.colcon_core.event_handler.log_command:Invoking command in '/home/uwr/Desktop/2024_UWR/build/adnav-driver': CMAKE_PREFIX_PATH=${CMAKE_PREFIX_PATH}:/home/uwr/Desktop/2024_UWR/install/sonar_subs:/opt/ros/humble /usr/bin/cmake --build /home/uwr/Desktop/2024_UWR/build/adnav-driver -- -j8 -l8
[0.364s] DEBUG:colcon.colcon_core.event_handler.log_command:Invoking command in '/home/uwr/Desktop/2024_UWR/build/ntrip': CMAKE_PREFIX_PATH=${CMAKE_PREFIX_PATH}:/home/uwr/Desktop/2024_UWR/install/sonar_subs:/opt/ros/humble /usr/bin/cmake --build /home/uwr/Desktop/2024_UWR/build/ntrip -- -j8 -l8
[0.373s] DEBUG:colcon.colcon_core.event_handler.log_command:Invoking command in '/home/uwr/Desktop/2024_UWR/build/xsens_mti_ros2_driver': CMAKE_PREFIX_PATH=${CMAKE_PREFIX_PATH}:/home/uwr/Desktop/2024_UWR/install/sonar_subs:/opt/ros/humble /usr/bin/cmake --build /home/uwr/Desktop/2024_UWR/build/xsens_mti_ros2_driver -- -j8 -l8
[0.483s] DEBUG:colcon.colcon_core.event_handler.log_command:Invoked command in '/home/uwr/Desktop/2024_UWR/build/ntrip' returned '0': CMAKE_PREFIX_PATH=${CMAKE_PREFIX_PATH}:/home/uwr/Desktop/2024_UWR/install/sonar_subs:/opt/ros/humble /usr/bin/cmake --build /home/uwr/Desktop/2024_UWR/build/ntrip -- -j8 -l8
[0.497s] DEBUG:colcon.colcon_core.event_handler.log_command:Invoked command in '/home/uwr/Desktop/2024_UWR/build/adnav-driver' returned '0': CMAKE_PREFIX_PATH=${CMAKE_PREFIX_PATH}:/home/uwr/Desktop/2024_UWR/install/sonar_subs:/opt/ros/humble /usr/bin/cmake --build /home/uwr/Desktop/2024_UWR/build/adnav-driver -- -j8 -l8
[0.554s] DEBUG:colcon.colcon_core.event_handler.log_command:Invoking command in '/home/uwr/Desktop/2024_UWR/build/ntrip': CMAKE_PREFIX_PATH=${CMAKE_PREFIX_PATH}:/home/uwr/Desktop/2024_UWR/install/sonar_subs:/opt/ros/humble /usr/bin/cmake --install /home/uwr/Desktop/2024_UWR/build/ntrip
[0.557s] DEBUG:colcon.colcon_core.event_handler.log_command:Invoking command in '/home/uwr/Desktop/2024_UWR/build/adnav-driver': CMAKE_PREFIX_PATH=${CMAKE_PREFIX_PATH}:/home/uwr/Desktop/2024_UWR/install/sonar_subs:/opt/ros/humble /usr/bin/cmake --install /home/uwr/Desktop/2024_UWR/build/adnav-driver
[0.579s] Level 1:colcon.colcon_core.environment:create_environment_scripts_only(adnav-driver)
[0.585s] Level 1:colcon.colcon_core.environment:checking '/home/uwr/Desktop/2024_UWR/install/adnav-driver' for CMake module files
[0.588s] Level 1:colcon.colcon_core.environment:checking '/home/uwr/Desktop/2024_UWR/install/adnav-driver' for CMake config files
[0.589s] Level 1:colcon.colcon_core.shell:create_environment_hook('adnav-driver', 'cmake_prefix_path')
[0.589s] INFO:colcon.colcon_core.shell:Creating environment hook '/home/uwr/Desktop/2024_UWR/install/adnav-driver/share/adnav-driver/hook/cmake_prefix_path.ps1'
[0.587s] DEBUG:colcon.colcon_core.event_handler.log_command:Invoked command in '/home/uwr/Desktop/2024_UWR/build/adnav-driver' returned '0': CMAKE_PREFIX_PATH=${CMAKE_PREFIX_PATH}:/home/uwr/Desktop/2024_UWR/install/sonar_subs:/opt/ros/humble /usr/bin/cmake --install /home/uwr/Desktop/2024_UWR/build/adnav-driver
[0.590s] INFO:colcon.colcon_core.shell:Creating environment descriptor '/home/uwr/Desktop/2024_UWR/install/adnav-driver/share/adnav-driver/hook/cmake_prefix_path.dsv'
[0.591s] INFO:colcon.colcon_core.shell:Creating environment hook '/home/uwr/Desktop/2024_UWR/install/adnav-driver/share/adnav-driver/hook/cmake_prefix_path.sh'
[0.593s] Level 1:colcon.colcon_core.environment:checking '/home/uwr/Desktop/2024_UWR/install/adnav-driver/lib'
[0.594s] Level 1:colcon.colcon_core.environment:checking '/home/uwr/Desktop/2024_UWR/install/adnav-driver/bin'
[0.594s] Level 1:colcon.colcon_core.environment:checking '/home/uwr/Desktop/2024_UWR/install/adnav-driver/lib/pkgconfig/adnav-driver.pc'
[0.594s] Level 1:colcon.colcon_core.environment:checking '/home/uwr/Desktop/2024_UWR/install/adnav-driver/lib/python3.10/site-packages'
[0.595s] Level 1:colcon.colcon_core.environment:checking '/home/uwr/Desktop/2024_UWR/install/adnav-driver/bin'
[0.595s] INFO:colcon.colcon_core.shell:Creating package script '/home/uwr/Desktop/2024_UWR/install/adnav-driver/share/adnav-driver/package.ps1'
[0.597s] INFO:colcon.colcon_core.shell:Creating package descriptor '/home/uwr/Desktop/2024_UWR/install/adnav-driver/share/adnav-driver/package.dsv'
[0.598s] INFO:colcon.colcon_core.shell:Creating package script '/home/uwr/Desktop/2024_UWR/install/adnav-driver/share/adnav-driver/package.sh'
[0.600s] INFO:colcon.colcon_core.shell:Creating package script '/home/uwr/Desktop/2024_UWR/install/adnav-driver/share/adnav-driver/package.bash'
[0.602s] INFO:colcon.colcon_core.shell:Creating package script '/home/uwr/Desktop/2024_UWR/install/adnav-driver/share/adnav-driver/package.zsh'
[0.603s] Level 1:colcon.colcon_core.environment:create_file_with_runtime_dependencies(/home/uwr/Desktop/2024_UWR/install/adnav-driver/share/colcon-core/packages/adnav-driver)
[0.605s] Level 1:colcon.colcon_core.environment:create_environment_scripts_only(ntrip)
[0.606s] Level 1:colcon.colcon_core.environment:checking '/home/uwr/Desktop/2024_UWR/install/ntrip' for CMake module files
[0.606s] DEBUG:colcon.colcon_core.event_handler.log_command:Invoked command in '/home/uwr/Desktop/2024_UWR/build/ntrip' returned '0': CMAKE_PREFIX_PATH=${CMAKE_PREFIX_PATH}:/home/uwr/Desktop/2024_UWR/install/sonar_subs:/opt/ros/humble /usr/bin/cmake --install /home/uwr/Desktop/2024_UWR/build/ntrip
[0.608s] Level 1:colcon.colcon_core.environment:checking '/home/uwr/Desktop/2024_UWR/install/ntrip' for CMake config files
[0.608s] Level 1:colcon.colcon_core.shell:create_environment_hook('ntrip', 'cmake_prefix_path')
[0.609s] INFO:colcon.colcon_core.shell:Creating environment hook '/home/uwr/Desktop/2024_UWR/install/ntrip/share/ntrip/hook/cmake_prefix_path.ps1'
[0.609s] INFO:colcon.colcon_core.shell:Creating environment descriptor '/home/uwr/Desktop/2024_UWR/install/ntrip/share/ntrip/hook/cmake_prefix_path.dsv'
[0.610s] INFO:colcon.colcon_core.shell:Creating environment hook '/home/uwr/Desktop/2024_UWR/install/ntrip/share/ntrip/hook/cmake_prefix_path.sh'
[0.611s] Level 1:colcon.colcon_core.environment:checking '/home/uwr/Desktop/2024_UWR/install/ntrip/lib'
[0.612s] Level 1:colcon.colcon_core.environment:checking '/home/uwr/Desktop/2024_UWR/install/ntrip/bin'
[0.612s] Level 1:colcon.colcon_core.environment:checking '/home/uwr/Desktop/2024_UWR/install/ntrip/lib/pkgconfig/ntrip.pc'
[0.612s] Level 1:colcon.colcon_core.environment:checking '/home/uwr/Desktop/2024_UWR/install/ntrip/lib/python3.10/site-packages'
[0.613s] Level 1:colcon.colcon_core.environment:checking '/home/uwr/Desktop/2024_UWR/install/ntrip/bin'
[0.613s] INFO:colcon.colcon_core.shell:Creating package script '/home/uwr/Desktop/2024_UWR/install/ntrip/share/ntrip/package.ps1'
[0.614s] INFO:colcon.colcon_core.shell:Creating package descriptor '/home/uwr/Desktop/2024_UWR/install/ntrip/share/ntrip/package.dsv'
[0.615s] INFO:colcon.colcon_core.shell:Creating package script '/home/uwr/Desktop/2024_UWR/install/ntrip/share/ntrip/package.sh'
[0.616s] INFO:colcon.colcon_core.shell:Creating package script '/home/uwr/Desktop/2024_UWR/install/ntrip/share/ntrip/package.bash'
[0.616s] INFO:colcon.colcon_core.shell:Creating package script '/home/uwr/Desktop/2024_UWR/install/ntrip/share/ntrip/package.zsh'
[0.617s] Level 1:colcon.colcon_core.environment:create_file_with_runtime_dependencies(/home/uwr/Desktop/2024_UWR/install/ntrip/share/colcon-core/packages/ntrip)
[0.669s] Level 1:colcon.colcon_core.environment:create_environment_scripts_only(adnav-driver)
[0.670s] Level 1:colcon.colcon_core.environment:checking '/home/uwr/Desktop/2024_UWR/install/adnav-driver' for CMake module files
[0.671s] Level 1:colcon.colcon_core.environment:checking '/home/uwr/Desktop/2024_UWR/install/adnav-driver' for CMake config files
[0.671s] Level 1:colcon.colcon_core.shell:create_environment_hook('adnav-driver', 'cmake_prefix_path')
[0.672s] INFO:colcon.colcon_core.shell:Creating environment hook '/home/uwr/Desktop/2024_UWR/install/adnav-driver/share/adnav-driver/hook/cmake_prefix_path.ps1'
[0.673s] INFO:colcon.colcon_core.shell:Creating environment descriptor '/home/uwr/Desktop/2024_UWR/install/adnav-driver/share/adnav-driver/hook/cmake_prefix_path.dsv'
[0.673s] INFO:colcon.colcon_core.shell:Creating environment hook '/home/uwr/Desktop/2024_UWR/install/adnav-driver/share/adnav-driver/hook/cmake_prefix_path.sh'
[0.674s] Level 1:colcon.colcon_core.environment:checking '/home/uwr/Desktop/2024_UWR/install/adnav-driver/lib'
[0.675s] Level 1:colcon.colcon_core.environment:checking '/home/uwr/Desktop/2024_UWR/install/adnav-driver/bin'
[0.675s] Level 1:colcon.colcon_core.environment:checking '/home/uwr/Desktop/2024_UWR/install/adnav-driver/lib/pkgconfig/adnav-driver.pc'
[0.675s] Level 1:colcon.colcon_core.environment:checking '/home/uwr/Desktop/2024_UWR/install/adnav-driver/lib/python3.10/site-packages'
[0.676s] Level 1:colcon.colcon_core.environment:checking '/home/uwr/Desktop/2024_UWR/install/adnav-driver/bin'
[0.676s] INFO:colcon.colcon_core.shell:Creating package script '/home/uwr/Desktop/2024_UWR/install/adnav-driver/share/adnav-driver/package.ps1'
[0.678s] INFO:colcon.colcon_core.shell:Creating package descriptor '/home/uwr/Desktop/2024_UWR/install/adnav-driver/share/adnav-driver/package.dsv'
[0.680s] INFO:colcon.colcon_core.shell:Creating package script '/home/uwr/Desktop/2024_UWR/install/adnav-driver/share/adnav-driver/package.sh'
[0.681s] INFO:colcon.colcon_core.shell:Creating package script '/home/uwr/Desktop/2024_UWR/install/adnav-driver/share/adnav-driver/package.bash'
[0.682s] INFO:colcon.colcon_core.shell:Creating package script '/home/uwr/Desktop/2024_UWR/install/adnav-driver/share/adnav-driver/package.zsh'
[0.683s] Level 1:colcon.colcon_core.environment:create_file_with_runtime_dependencies(/home/uwr/Desktop/2024_UWR/install/adnav-driver/share/colcon-core/packages/adnav-driver)
[0.684s] Level 1:colcon.colcon_core.environment:create_environment_scripts_only(ntrip)
[0.685s] Level 1:colcon.colcon_core.environment:checking '/home/uwr/Desktop/2024_UWR/install/ntrip' for CMake module files
[0.686s] Level 1:colcon.colcon_core.environment:checking '/home/uwr/Desktop/2024_UWR/install/ntrip' for CMake config files
[0.686s] Level 1:colcon.colcon_core.shell:create_environment_hook('ntrip', 'cmake_prefix_path')
[0.687s] INFO:colcon.colcon_core.shell:Creating environment hook '/home/uwr/Desktop/2024_UWR/install/ntrip/share/ntrip/hook/cmake_prefix_path.ps1'
[0.687s] INFO:colcon.colcon_core.shell:Creating environment descriptor '/home/uwr/Desktop/2024_UWR/install/ntrip/share/ntrip/hook/cmake_prefix_path.dsv'
[0.688s] INFO:colcon.colcon_core.shell:Creating environment hook '/home/uwr/Desktop/2024_UWR/install/ntrip/share/ntrip/hook/cmake_prefix_path.sh'
[0.689s] Level 1:colcon.colcon_core.environment:checking '/home/uwr/Desktop/2024_UWR/install/ntrip/lib'
[0.689s] Level 1:colcon.colcon_core.environment:checking '/home/uwr/Desktop/2024_UWR/install/ntrip/bin'
[0.689s] Level 1:colcon.colcon_core.environment:checking '/home/uwr/Desktop/2024_UWR/install/ntrip/lib/pkgconfig/ntrip.pc'
[0.689s] Level 1:colcon.colcon_core.environment:checking '/home/uwr/Desktop/2024_UWR/install/ntrip/lib/python3.10/site-packages'
[0.690s] Level 1:colcon.colcon_core.environment:checking '/home/uwr/Desktop/2024_UWR/install/ntrip/bin'
[0.690s] INFO:colcon.colcon_core.shell:Creating package script '/home/uwr/Desktop/2024_UWR/install/ntrip/share/ntrip/package.ps1'
[0.691s] INFO:colcon.colcon_core.shell:Creating package descriptor '/home/uwr/Desktop/2024_UWR/install/ntrip/share/ntrip/package.dsv'
[0.692s] INFO:colcon.colcon_core.shell:Creating package script '/home/uwr/Desktop/2024_UWR/install/ntrip/share/ntrip/package.sh'
[0.692s] INFO:colcon.colcon_core.shell:Creating package script '/home/uwr/Desktop/2024_UWR/install/ntrip/share/ntrip/package.bash'
[0.693s] INFO:colcon.colcon_core.shell:Creating package script '/home/uwr/Desktop/2024_UWR/install/ntrip/share/ntrip/package.zsh'
[0.694s] Level 1:colcon.colcon_core.environment:create_file_with_runtime_dependencies(/home/uwr/Desktop/2024_UWR/install/ntrip/share/colcon-core/packages/ntrip)
[0.916s] DEBUG:colcon.colcon_core.event_handler.log_command:Invoked command in '/home/uwr/Desktop/2024_UWR/build/xsens_mti_ros2_driver' returned '0': CMAKE_PREFIX_PATH=${CMAKE_PREFIX_PATH}:/home/uwr/Desktop/2024_UWR/install/sonar_subs:/opt/ros/humble /usr/bin/cmake --build /home/uwr/Desktop/2024_UWR/build/xsens_mti_ros2_driver -- -j8 -l8
[0.928s] DEBUG:colcon.colcon_core.event_handler.log_command:Invoked command in '/home/uwr/Desktop/2024_UWR/build/sonar_msgs' returned '0': CMAKE_PREFIX_PATH=${CMAKE_PREFIX_PATH}:/home/uwr/Desktop/2024_UWR/install/sonar_subs:/opt/ros/humble /usr/bin/cmake --build /home/uwr/Desktop/2024_UWR/build/sonar_msgs -- -j8 -l8
[0.990s] DEBUG:colcon.colcon_core.event_handler.log_command:Invoking command in '/home/uwr/Desktop/2024_UWR/build/xsens_mti_ros2_driver': CMAKE_PREFIX_PATH=${CMAKE_PREFIX_PATH}:/home/uwr/Desktop/2024_UWR/install/sonar_subs:/opt/ros/humble /usr/bin/cmake --install /home/uwr/Desktop/2024_UWR/build/xsens_mti_ros2_driver
[1.023s] DEBUG:colcon.colcon_core.event_handler.log_command:Invoking command in '/home/uwr/Desktop/2024_UWR/build/sonar_msgs': CMAKE_PREFIX_PATH=${CMAKE_PREFIX_PATH}:/home/uwr/Desktop/2024_UWR/install/sonar_subs:/opt/ros/humble /usr/bin/cmake --install /home/uwr/Desktop/2024_UWR/build/sonar_msgs
[1.057s] Level 1:colcon.colcon_core.environment:create_environment_scripts_only(xsens_mti_ros2_driver)
[1.058s] DEBUG:colcon.colcon_core.event_handler.log_command:Invoked command in '/home/uwr/Desktop/2024_UWR/build/xsens_mti_ros2_driver' returned '0': CMAKE_PREFIX_PATH=${CMAKE_PREFIX_PATH}:/home/uwr/Desktop/2024_UWR/install/sonar_subs:/opt/ros/humble /usr/bin/cmake --install /home/uwr/Desktop/2024_UWR/build/xsens_mti_ros2_driver
[1.058s] Level 1:colcon.colcon_core.environment:checking '/home/uwr/Desktop/2024_UWR/install/xsens_mti_ros2_driver' for CMake module files
[1.059s] Level 1:colcon.colcon_core.environment:checking '/home/uwr/Desktop/2024_UWR/install/xsens_mti_ros2_driver' for CMake config files
[1.060s] Level 1:colcon.colcon_core.shell:create_environment_hook('xsens_mti_ros2_driver', 'cmake_prefix_path')
[1.060s] INFO:colcon.colcon_core.shell:Creating environment hook '/home/uwr/Desktop/2024_UWR/install/xsens_mti_ros2_driver/share/xsens_mti_ros2_driver/hook/cmake_prefix_path.ps1'
[1.060s] INFO:colcon.colcon_core.shell:Creating environment descriptor '/home/uwr/Desktop/2024_UWR/install/xsens_mti_ros2_driver/share/xsens_mti_ros2_driver/hook/cmake_prefix_path.dsv'
[1.060s] INFO:colcon.colcon_core.shell:Creating environment hook '/home/uwr/Desktop/2024_UWR/install/xsens_mti_ros2_driver/share/xsens_mti_ros2_driver/hook/cmake_prefix_path.sh'
[1.061s] Level 1:colcon.colcon_core.environment:checking '/home/uwr/Desktop/2024_UWR/install/xsens_mti_ros2_driver/lib'
[1.061s] Level 1:colcon.colcon_core.shell:create_environment_hook('xsens_mti_ros2_driver', 'ld_library_path_lib')
[1.062s] INFO:colcon.colcon_core.shell:Creating environment hook '/home/uwr/Desktop/2024_UWR/install/xsens_mti_ros2_driver/share/xsens_mti_ros2_driver/hook/ld_library_path_lib.ps1'
[1.063s] INFO:colcon.colcon_core.shell:Creating environment descriptor '/home/uwr/Desktop/2024_UWR/install/xsens_mti_ros2_driver/share/xsens_mti_ros2_driver/hook/ld_library_path_lib.dsv'
[1.064s] INFO:colcon.colcon_core.shell:Creating environment hook '/home/uwr/Desktop/2024_UWR/install/xsens_mti_ros2_driver/share/xsens_mti_ros2_driver/hook/ld_library_path_lib.sh'
[1.065s] Level 1:colcon.colcon_core.environment:checking '/home/uwr/Desktop/2024_UWR/install/xsens_mti_ros2_driver/bin'
[1.065s] Level 1:colcon.colcon_core.environment:checking '/home/uwr/Desktop/2024_UWR/install/xsens_mti_ros2_driver/lib/pkgconfig/xsens_mti_ros2_driver.pc'
[1.065s] Level 1:colcon.colcon_core.environment:checking '/home/uwr/Desktop/2024_UWR/install/xsens_mti_ros2_driver/lib/python3.10/site-packages'
[1.066s] Level 1:colcon.colcon_core.environment:checking '/home/uwr/Desktop/2024_UWR/install/xsens_mti_ros2_driver/bin'
[1.066s] INFO:colcon.colcon_core.shell:Creating package script '/home/uwr/Desktop/2024_UWR/install/xsens_mti_ros2_driver/share/xsens_mti_ros2_driver/package.ps1'
[1.067s] INFO:colcon.colcon_core.shell:Creating package descriptor '/home/uwr/Desktop/2024_UWR/install/xsens_mti_ros2_driver/share/xsens_mti_ros2_driver/package.dsv'
[1.067s] INFO:colcon.colcon_core.shell:Creating package script '/home/uwr/Desktop/2024_UWR/install/xsens_mti_ros2_driver/share/xsens_mti_ros2_driver/package.sh'
[1.068s] INFO:colcon.colcon_core.shell:Creating package script '/home/uwr/Desktop/2024_UWR/install/xsens_mti_ros2_driver/share/xsens_mti_ros2_driver/package.bash'
[1.068s] INFO:colcon.colcon_core.shell:Creating package script '/home/uwr/Desktop/2024_UWR/install/xsens_mti_ros2_driver/share/xsens_mti_ros2_driver/package.zsh'
[1.069s] Level 1:colcon.colcon_core.environment:create_file_with_runtime_dependencies(/home/uwr/Desktop/2024_UWR/install/xsens_mti_ros2_driver/share/colcon-core/packages/xsens_mti_ros2_driver)
[1.085s] Level 1:colcon.colcon_core.environment:create_environment_scripts_only(sonar_msgs)
[1.085s] Level 1:colcon.colcon_core.environment:checking '/home/uwr/Desktop/2024_UWR/install/sonar_msgs' for CMake module files
[1.086s] DEBUG:colcon.colcon_core.event_handler.log_command:Invoked command in '/home/uwr/Desktop/2024_UWR/build/sonar_msgs' returned '0': CMAKE_PREFIX_PATH=${CMAKE_PREFIX_PATH}:/home/uwr/Desktop/2024_UWR/install/sonar_subs:/opt/ros/humble /usr/bin/cmake --install /home/uwr/Desktop/2024_UWR/build/sonar_msgs
[1.086s] Level 1:colcon.colcon_core.environment:checking '/home/uwr/Desktop/2024_UWR/install/sonar_msgs' for CMake config files
[1.087s] Level 1:colcon.colcon_core.shell:create_environment_hook('sonar_msgs', 'cmake_prefix_path')
[1.087s] INFO:colcon.colcon_core.shell:Creating environment hook '/home/uwr/Desktop/2024_UWR/install/sonar_msgs/share/sonar_msgs/hook/cmake_prefix_path.ps1'
[1.088s] INFO:colcon.colcon_core.shell:Creating environment descriptor '/home/uwr/Desktop/2024_UWR/install/sonar_msgs/share/sonar_msgs/hook/cmake_prefix_path.dsv'
[1.088s] INFO:colcon.colcon_core.shell:Creating environment hook '/home/uwr/Desktop/2024_UWR/install/sonar_msgs/share/sonar_msgs/hook/cmake_prefix_path.sh'
[1.089s] Level 1:colcon.colcon_core.environment:checking '/home/uwr/Desktop/2024_UWR/install/sonar_msgs/lib'
[1.089s] Level 1:colcon.colcon_core.shell:create_environment_hook('sonar_msgs', 'ld_library_path_lib')
[1.089s] INFO:colcon.colcon_core.shell:Creating environment hook '/home/uwr/Desktop/2024_UWR/install/sonar_msgs/share/sonar_msgs/hook/ld_library_path_lib.ps1'
[1.090s] INFO:colcon.colcon_core.shell:Creating environment descriptor '/home/uwr/Desktop/2024_UWR/install/sonar_msgs/share/sonar_msgs/hook/ld_library_path_lib.dsv'
[1.090s] INFO:colcon.colcon_core.shell:Creating environment hook '/home/uwr/Desktop/2024_UWR/install/sonar_msgs/share/sonar_msgs/hook/ld_library_path_lib.sh'
[1.090s] Level 1:colcon.colcon_core.environment:checking '/home/uwr/Desktop/2024_UWR/install/sonar_msgs/bin'
[1.090s] Level 1:colcon.colcon_core.environment:checking '/home/uwr/Desktop/2024_UWR/install/sonar_msgs/lib/pkgconfig/sonar_msgs.pc'
[1.091s] Level 1:colcon.colcon_core.environment:checking '/home/uwr/Desktop/2024_UWR/install/sonar_msgs/lib/python3.10/site-packages'
[1.091s] Level 1:colcon.colcon_core.environment:checking '/home/uwr/Desktop/2024_UWR/install/sonar_msgs/bin'
[1.091s] INFO:colcon.colcon_core.shell:Creating package script '/home/uwr/Desktop/2024_UWR/install/sonar_msgs/share/sonar_msgs/package.ps1'
[1.092s] INFO:colcon.colcon_core.shell:Creating package descriptor '/home/uwr/Desktop/2024_UWR/install/sonar_msgs/share/sonar_msgs/package.dsv'
[1.092s] INFO:colcon.colcon_core.shell:Creating package script '/home/uwr/Desktop/2024_UWR/install/sonar_msgs/share/sonar_msgs/package.sh'
[1.093s] INFO:colcon.colcon_core.shell:Creating package script '/home/uwr/Desktop/2024_UWR/install/sonar_msgs/share/sonar_msgs/package.bash'
[1.093s] INFO:colcon.colcon_core.shell:Creating package script '/home/uwr/Desktop/2024_UWR/install/sonar_msgs/share/sonar_msgs/package.zsh'
[1.094s] Level 1:colcon.colcon_core.environment:create_file_with_runtime_dependencies(/home/uwr/Desktop/2024_UWR/install/sonar_msgs/share/colcon-core/packages/sonar_msgs)
[1.140s] Level 1:colcon.colcon_core.environment:create_environment_scripts_only(xsens_mti_ros2_driver)
[1.140s] Level 1:colcon.colcon_core.environment:checking '/home/uwr/Desktop/2024_UWR/install/xsens_mti_ros2_driver' for CMake module files
[1.141s] Level 1:colcon.colcon_core.environment:checking '/home/uwr/Desktop/2024_UWR/install/xsens_mti_ros2_driver' for CMake config files
[1.142s] Level 1:colcon.colcon_core.shell:create_environment_hook('xsens_mti_ros2_driver', 'cmake_prefix_path')
[1.142s] INFO:colcon.colcon_core.shell:Creating environment hook '/home/uwr/Desktop/2024_UWR/install/xsens_mti_ros2_driver/share/xsens_mti_ros2_driver/hook/cmake_prefix_path.ps1'
[1.142s] INFO:colcon.colcon_core.shell:Creating environment descriptor '/home/uwr/Desktop/2024_UWR/install/xsens_mti_ros2_driver/share/xsens_mti_ros2_driver/hook/cmake_prefix_path.dsv'
[1.143s] INFO:colcon.colcon_core.shell:Creating environment hook '/home/uwr/Desktop/2024_UWR/install/xsens_mti_ros2_driver/share/xsens_mti_ros2_driver/hook/cmake_prefix_path.sh'
[1.143s] Level 1:colcon.colcon_core.environment:checking '/home/uwr/Desktop/2024_UWR/install/xsens_mti_ros2_driver/lib'
[1.143s] Level 1:colcon.colcon_core.shell:create_environment_hook('xsens_mti_ros2_driver', 'ld_library_path_lib')
[1.144s] INFO:colcon.colcon_core.shell:Creating environment hook '/home/uwr/Desktop/2024_UWR/install/xsens_mti_ros2_driver/share/xsens_mti_ros2_driver/hook/ld_library_path_lib.ps1'
[1.144s] INFO:colcon.colcon_core.shell:Creating environment descriptor '/home/uwr/Desktop/2024_UWR/install/xsens_mti_ros2_driver/share/xsens_mti_ros2_driver/hook/ld_library_path_lib.dsv'
[1.144s] INFO:colcon.colcon_core.shell:Creating environment hook '/home/uwr/Desktop/2024_UWR/install/xsens_mti_ros2_driver/share/xsens_mti_ros2_driver/hook/ld_library_path_lib.sh'
[1.145s] Level 1:colcon.colcon_core.environment:checking '/home/uwr/Desktop/2024_UWR/install/xsens_mti_ros2_driver/bin'
[1.145s] Level 1:colcon.colcon_core.environment:checking '/home/uwr/Desktop/2024_UWR/install/xsens_mti_ros2_driver/lib/pkgconfig/xsens_mti_ros2_driver.pc'
[1.145s] Level 1:colcon.colcon_core.environment:checking '/home/uwr/Desktop/2024_UWR/install/xsens_mti_ros2_driver/lib/python3.10/site-packages'
[1.146s] Level 1:colcon.colcon_core.environment:checking '/home/uwr/Desktop/2024_UWR/install/xsens_mti_ros2_driver/bin'
[1.146s] INFO:colcon.colcon_core.shell:Creating package script '/home/uwr/Desktop/2024_UWR/install/xsens_mti_ros2_driver/share/xsens_mti_ros2_driver/package.ps1'
[1.147s] INFO:colcon.colcon_core.shell:Creating package descriptor '/home/uwr/Desktop/2024_UWR/install/xsens_mti_ros2_driver/share/xsens_mti_ros2_driver/package.dsv'
[1.147s] INFO:colcon.colcon_core.shell:Creating package script '/home/uwr/Desktop/2024_UWR/install/xsens_mti_ros2_driver/share/xsens_mti_ros2_driver/package.sh'
[1.148s] INFO:colcon.colcon_core.shell:Creating package script '/home/uwr/Desktop/2024_UWR/install/xsens_mti_ros2_driver/share/xsens_mti_ros2_driver/package.bash'
[1.148s] INFO:colcon.colcon_core.shell:Creating package script '/home/uwr/Desktop/2024_UWR/install/xsens_mti_ros2_driver/share/xsens_mti_ros2_driver/package.zsh'
[1.148s] Level 1:colcon.colcon_core.environment:create_file_with_runtime_dependencies(/home/uwr/Desktop/2024_UWR/install/xsens_mti_ros2_driver/share/colcon-core/packages/xsens_mti_ros2_driver)
[1.184s] Level 1:colcon.colcon_core.environment:create_environment_scripts_only(sonar_msgs)
[1.184s] Level 1:colcon.colcon_core.environment:checking '/home/uwr/Desktop/2024_UWR/install/sonar_msgs' for CMake module files
[1.185s] Level 1:colcon.colcon_core.environment:checking '/home/uwr/Desktop/2024_UWR/install/sonar_msgs' for CMake config files
[1.185s] Level 1:colcon.colcon_core.shell:create_environment_hook('sonar_msgs', 'cmake_prefix_path')
[1.185s] INFO:colcon.colcon_core.shell:Creating environment hook '/home/uwr/Desktop/2024_UWR/install/sonar_msgs/share/sonar_msgs/hook/cmake_prefix_path.ps1'
[1.186s] INFO:colcon.colcon_core.shell:Creating environment descriptor '/home/uwr/Desktop/2024_UWR/install/sonar_msgs/share/sonar_msgs/hook/cmake_prefix_path.dsv'
[1.186s] INFO:colcon.colcon_core.shell:Creating environment hook '/home/uwr/Desktop/2024_UWR/install/sonar_msgs/share/sonar_msgs/hook/cmake_prefix_path.sh'
[1.187s] Level 1:colcon.colcon_core.environment:checking '/home/uwr/Desktop/2024_UWR/install/sonar_msgs/lib'
[1.187s] Level 1:colcon.colcon_core.shell:create_environment_hook('sonar_msgs', 'ld_library_path_lib')
[1.187s] INFO:colcon.colcon_core.shell:Creating environment hook '/home/uwr/Desktop/2024_UWR/install/sonar_msgs/share/sonar_msgs/hook/ld_library_path_lib.ps1'
[1.187s] INFO:colcon.colcon_core.shell:Creating environment descriptor '/home/uwr/Desktop/2024_UWR/install/sonar_msgs/share/sonar_msgs/hook/ld_library_path_lib.dsv'
[1.187s] INFO:colcon.colcon_core.shell:Creating environment hook '/home/uwr/Desktop/2024_UWR/install/sonar_msgs/share/sonar_msgs/hook/ld_library_path_lib.sh'
[1.188s] Level 1:colcon.colcon_core.environment:checking '/home/uwr/Desktop/2024_UWR/install/sonar_msgs/bin'
[1.188s] Level 1:colcon.colcon_core.environment:checking '/home/uwr/Desktop/2024_UWR/install/sonar_msgs/lib/pkgconfig/sonar_msgs.pc'
[1.188s] Level 1:colcon.colcon_core.environment:checking '/home/uwr/Desktop/2024_UWR/install/sonar_msgs/lib/python3.10/site-packages'
[1.188s] Level 1:colcon.colcon_core.environment:checking '/home/uwr/Desktop/2024_UWR/install/sonar_msgs/bin'
[1.188s] INFO:colcon.colcon_core.shell:Creating package script '/home/uwr/Desktop/2024_UWR/install/sonar_msgs/share/sonar_msgs/package.ps1'
[1.189s] INFO:colcon.colcon_core.shell:Creating package descriptor '/home/uwr/Desktop/2024_UWR/install/sonar_msgs/share/sonar_msgs/package.dsv'
[1.189s] INFO:colcon.colcon_core.shell:Creating package script '/home/uwr/Desktop/2024_UWR/install/sonar_msgs/share/sonar_msgs/package.sh'
[1.190s] INFO:colcon.colcon_core.shell:Creating package script '/home/uwr/Desktop/2024_UWR/install/sonar_msgs/share/sonar_msgs/package.bash'
[1.190s] INFO:colcon.colcon_core.shell:Creating package script '/home/uwr/Desktop/2024_UWR/install/sonar_msgs/share/sonar_msgs/package.zsh'
[1.190s] Level 1:colcon.colcon_core.environment:create_file_with_runtime_dependencies(/home/uwr/Desktop/2024_UWR/install/sonar_msgs/share/colcon-core/packages/sonar_msgs)
[1.191s] INFO:colcon.colcon_ros.task.ament_cmake.build:Building ROS package in '/home/uwr/Desktop/2024_UWR/src/kalman_filter' with build type 'ament_cmake'
[1.191s] INFO:colcon.colcon_cmake.task.cmake.build:Building CMake package in '/home/uwr/Desktop/2024_UWR/src/kalman_filter'
[1.191s] INFO:colcon.colcon_core.shell:Skip shell extension 'powershell' for command environment: Not usable outside of PowerShell
[1.191s] DEBUG:colcon.colcon_core.shell:Skip shell extension 'dsv' for command environment
[1.195s] INFO:colcon.colcon_ros.task.ament_python.build:Building ROS package in '/home/uwr/Desktop/2024_UWR/src/sonar_subs' with build type 'ament_python'
[1.195s] Level 1:colcon.colcon_core.shell:create_environment_hook('sonar_subs', 'ament_prefix_path')
[1.195s] INFO:colcon.colcon_core.shell:Creating environment hook '/home/uwr/Desktop/2024_UWR/install/sonar_subs/share/sonar_subs/hook/ament_prefix_path.ps1'
[1.196s] INFO:colcon.colcon_core.shell:Creating environment descriptor '/home/uwr/Desktop/2024_UWR/install/sonar_subs/share/sonar_subs/hook/ament_prefix_path.dsv'
[1.197s] INFO:colcon.colcon_core.shell:Creating environment hook '/home/uwr/Desktop/2024_UWR/install/sonar_subs/share/sonar_subs/hook/ament_prefix_path.sh'
[1.197s] INFO:colcon.colcon_core.shell:Skip shell extension 'powershell' for command environment: Not usable outside of PowerShell
[1.197s] DEBUG:colcon.colcon_core.shell:Skip shell extension 'dsv' for command environment
[1.209s] DEBUG:colcon.colcon_core.event_handler.log_command:Invoking command in '/home/uwr/Desktop/2024_UWR/build/kalman_filter': CMAKE_PREFIX_PATH=/home/uwr/Desktop/2024_UWR/install/sonar_msgs:/home/uwr/Desktop/2024_UWR/install/xsens_mti_ros2_driver:/home/uwr/Desktop/2024_UWR/install/kalman_filter:/home/uwr/Desktop/2024_UWR/install/ntrip:/home/uwr/Desktop/2024_UWR/install/adnav-driver:/home/uwr/Desktop/2024_UWR/install/sonar_subs:/opt/ros/humble LD_LIBRARY_PATH=/home/uwr/Desktop/2024_UWR/install/sonar_msgs/lib:/home/uwr/Desktop/2024_UWR/install/xsens_mti_ros2_driver/lib:/opt/ros/humble/opt/rviz_ogre_vendor/lib:/opt/ros/humble/lib/x86_64-linux-gnu:/opt/ros/humble/lib /usr/bin/cmake --build /home/uwr/Desktop/2024_UWR/build/kalman_filter -- -j8 -l8
[1.510s] INFO:colcon.colcon_core.task.python.build:Building Python package in '/home/uwr/Desktop/2024_UWR/src/sonar_subs'
[1.510s] INFO:colcon.colcon_core.shell:Skip shell extension 'powershell' for command environment: Not usable outside of PowerShell
[1.510s] DEBUG:colcon.colcon_core.shell:Skip shell extension 'dsv' for command environment
[1.902s] DEBUG:colcon.colcon_core.event_handler.log_command:Invoking command in '/home/uwr/Desktop/2024_UWR/src/sonar_subs': CMAKE_PREFIX_PATH=/home/uwr/Desktop/2024_UWR/install/sonar_msgs:/home/uwr/Desktop/2024_UWR/install/xsens_mti_ros2_driver:/home/uwr/Desktop/2024_UWR/install/kalman_filter:/home/uwr/Desktop/2024_UWR/install/ntrip:/home/uwr/Desktop/2024_UWR/install/adnav-driver LD_LIBRARY_PATH=/home/uwr/Desktop/2024_UWR/install/sonar_msgs/lib:/home/uwr/Desktop/2024_UWR/install/xsens_mti_ros2_driver/lib:/opt/ros/humble/opt/rviz_ogre_vendor/lib:/opt/ros/humble/lib/x86_64-linux-gnu:/opt/ros/humble/lib PYTHONPATH=/home/uwr/Desktop/2024_UWR/build/sonar_subs/prefix_override:/usr/lib/python3/dist-packages/colcon_core/task/python/colcon_distutils_commands:/home/uwr/Desktop/2024_UWR/install/sonar_subs/lib/python3.10/site-packages:${PYTHONPATH} /usr/bin/python3 -W ignore:setup.py install is deprecated setup.py egg_info --egg-base ../../build/sonar_subs build --build-base /home/uwr/Desktop/2024_UWR/build/sonar_subs/build install --record /home/uwr/Desktop/2024_UWR/build/sonar_subs/install.log --single-version-externally-managed install_data
[2.246s] Level 1:colcon.colcon_core.environment:checking '/home/uwr/Desktop/2024_UWR/install/sonar_subs' for CMake module files
[2.246s] DEBUG:colcon.colcon_core.event_handler.log_command:Invoked command in '/home/uwr/Desktop/2024_UWR/src/sonar_subs' returned '0': CMAKE_PREFIX_PATH=/home/uwr/Desktop/2024_UWR/install/sonar_msgs:/home/uwr/Desktop/2024_UWR/install/xsens_mti_ros2_driver:/home/uwr/Desktop/2024_UWR/install/kalman_filter:/home/uwr/Desktop/2024_UWR/install/ntrip:/home/uwr/Desktop/2024_UWR/install/adnav-driver LD_LIBRARY_PATH=/home/uwr/Desktop/2024_UWR/install/sonar_msgs/lib:/home/uwr/Desktop/2024_UWR/install/xsens_mti_ros2_driver/lib:/opt/ros/humble/opt/rviz_ogre_vendor/lib:/opt/ros/humble/lib/x86_64-linux-gnu:/opt/ros/humble/lib PYTHONPATH=/home/uwr/Desktop/2024_UWR/build/sonar_subs/prefix_override:/usr/lib/python3/dist-packages/colcon_core/task/python/colcon_distutils_commands:/home/uwr/Desktop/2024_UWR/install/sonar_subs/lib/python3.10/site-packages:${PYTHONPATH} /usr/bin/python3 -W ignore:setup.py install is deprecated setup.py egg_info --egg-base ../../build/sonar_subs build --build-base /home/uwr/Desktop/2024_UWR/build/sonar_subs/build install --record /home/uwr/Desktop/2024_UWR/build/sonar_subs/install.log --single-version-externally-managed install_data
[2.247s] Level 1:colcon.colcon_core.environment:checking '/home/uwr/Desktop/2024_UWR/install/sonar_subs' for CMake config files
[2.248s] Level 1:colcon.colcon_core.environment:checking '/home/uwr/Desktop/2024_UWR/install/sonar_subs/lib'
[2.248s] Level 1:colcon.colcon_core.environment:checking '/home/uwr/Desktop/2024_UWR/install/sonar_subs/bin'
[2.248s] Level 1:colcon.colcon_core.environment:checking '/home/uwr/Desktop/2024_UWR/install/sonar_subs/lib/pkgconfig/sonar_subs.pc'
[2.248s] Level 1:colcon.colcon_core.environment:checking '/home/uwr/Desktop/2024_UWR/install/sonar_subs/lib/python3.10/site-packages'
[2.248s] Level 1:colcon.colcon_core.shell:create_environment_hook('sonar_subs', 'pythonpath')
[2.248s] INFO:colcon.colcon_core.shell:Creating environment hook '/home/uwr/Desktop/2024_UWR/install/sonar_subs/share/sonar_subs/hook/pythonpath.ps1'
[2.249s] INFO:colcon.colcon_core.shell:Creating environment descriptor '/home/uwr/Desktop/2024_UWR/install/sonar_subs/share/sonar_subs/hook/pythonpath.dsv'
[2.249s] INFO:colcon.colcon_core.shell:Creating environment hook '/home/uwr/Desktop/2024_UWR/install/sonar_subs/share/sonar_subs/hook/pythonpath.sh'
[2.250s] Level 1:colcon.colcon_core.environment:checking '/home/uwr/Desktop/2024_UWR/install/sonar_subs/bin'
[2.250s] Level 1:colcon.colcon_core.environment:create_environment_scripts_only(sonar_subs)
[2.250s] INFO:colcon.colcon_core.shell:Creating package script '/home/uwr/Desktop/2024_UWR/install/sonar_subs/share/sonar_subs/package.ps1'
[2.251s] INFO:colcon.colcon_core.shell:Creating package descriptor '/home/uwr/Desktop/2024_UWR/install/sonar_subs/share/sonar_subs/package.dsv'
[2.251s] INFO:colcon.colcon_core.shell:Creating package script '/home/uwr/Desktop/2024_UWR/install/sonar_subs/share/sonar_subs/package.sh'
[2.251s] INFO:colcon.colcon_core.shell:Creating package script '/home/uwr/Desktop/2024_UWR/install/sonar_subs/share/sonar_subs/package.bash'
[2.252s] INFO:colcon.colcon_core.shell:Creating package script '/home/uwr/Desktop/2024_UWR/install/sonar_subs/share/sonar_subs/package.zsh'
[2.252s] Level 1:colcon.colcon_core.environment:create_file_with_runtime_dependencies(/home/uwr/Desktop/2024_UWR/install/sonar_subs/share/colcon-core/packages/sonar_subs)
[9.316s] DEBUG:colcon.colcon_core.event_handler.log_command:Invoked command in '/home/uwr/Desktop/2024_UWR/build/kalman_filter' returned '2': CMAKE_PREFIX_PATH=/home/uwr/Desktop/2024_UWR/install/sonar_msgs:/home/uwr/Desktop/2024_UWR/install/xsens_mti_ros2_driver:/home/uwr/Desktop/2024_UWR/install/kalman_filter:/home/uwr/Desktop/2024_UWR/install/ntrip:/home/uwr/Desktop/2024_UWR/install/adnav-driver:/home/uwr/Desktop/2024_UWR/install/sonar_subs:/opt/ros/humble LD_LIBRARY_PATH=/home/uwr/Desktop/2024_UWR/install/sonar_msgs/lib:/home/uwr/Desktop/2024_UWR/install/xsens_mti_ros2_driver/lib:/opt/ros/humble/opt/rviz_ogre_vendor/lib:/opt/ros/humble/lib/x86_64-linux-gnu:/opt/ros/humble/lib /usr/bin/cmake --build /home/uwr/Desktop/2024_UWR/build/kalman_filter -- -j8 -l8
[9.349s] Level 1:colcon.colcon_core.environment:create_environment_scripts_only(kalman_filter)
[9.349s] Level 1:colcon.colcon_core.environment:checking '/home/uwr/Desktop/2024_UWR/install/kalman_filter' for CMake module files
[9.349s] Level 1:colcon.colcon_core.environment:checking '/home/uwr/Desktop/2024_UWR/install/kalman_filter' for CMake config files
[9.349s] Level 1:colcon.colcon_core.shell:create_environment_hook('kalman_filter', 'cmake_prefix_path')
[9.350s] INFO:colcon.colcon_core.shell:Creating environment hook '/home/uwr/Desktop/2024_UWR/install/kalman_filter/share/kalman_filter/hook/cmake_prefix_path.ps1'
[9.350s] INFO:colcon.colcon_core.shell:Creating environment descriptor '/home/uwr/Desktop/2024_UWR/install/kalman_filter/share/kalman_filter/hook/cmake_prefix_path.dsv'
[9.350s] INFO:colcon.colcon_core.shell:Creating environment hook '/home/uwr/Desktop/2024_UWR/install/kalman_filter/share/kalman_filter/hook/cmake_prefix_path.sh'
[9.351s] Level 1:colcon.colcon_core.environment:checking '/home/uwr/Desktop/2024_UWR/install/kalman_filter/lib'
[9.351s] Level 1:colcon.colcon_core.environment:checking '/home/uwr/Desktop/2024_UWR/install/kalman_filter/bin'
[9.351s] Level 1:colcon.colcon_core.environment:checking '/home/uwr/Desktop/2024_UWR/install/kalman_filter/lib/pkgconfig/kalman_filter.pc'
[9.351s] Level 1:colcon.colcon_core.environment:checking '/home/uwr/Desktop/2024_UWR/install/kalman_filter/lib/python3.10/site-packages'
[9.351s] Level 1:colcon.colcon_core.environment:checking '/home/uwr/Desktop/2024_UWR/install/kalman_filter/bin'
[9.351s] INFO:colcon.colcon_core.shell:Creating package script '/home/uwr/Desktop/2024_UWR/install/kalman_filter/share/kalman_filter/package.ps1'
[9.352s] INFO:colcon.colcon_core.shell:Creating package descriptor '/home/uwr/Desktop/2024_UWR/install/kalman_filter/share/kalman_filter/package.dsv'
[9.352s] INFO:colcon.colcon_core.shell:Creating package script '/home/uwr/Desktop/2024_UWR/install/kalman_filter/share/kalman_filter/package.sh'
[9.353s] INFO:colcon.colcon_core.shell:Creating package script '/home/uwr/Desktop/2024_UWR/install/kalman_filter/share/kalman_filter/package.bash'
[9.353s] INFO:colcon.colcon_core.shell:Creating package script '/home/uwr/Desktop/2024_UWR/install/kalman_filter/share/kalman_filter/package.zsh'
[9.353s] Level 1:colcon.colcon_core.environment:create_file_with_runtime_dependencies(/home/uwr/Desktop/2024_UWR/install/kalman_filter/share/colcon-core/packages/kalman_filter)
[9.364s] DEBUG:colcon.colcon_parallel_executor.executor.parallel:closing loop
[9.364s] DEBUG:colcon.colcon_parallel_executor.executor.parallel:loop closed
[9.364s] DEBUG:colcon.colcon_parallel_executor.executor.parallel:run_until_complete finished with '2'
[9.364s] DEBUG:colcon.colcon_core.event_reactor:joining thread
[9.370s] INFO:colcon.colcon_core.plugin_system:Skipping extension 'colcon_notification.desktop_notification.terminal_notifier': Not used on non-Darwin systems
[9.370s] INFO:colcon.colcon_core.plugin_system:Skipping extension 'colcon_notification.desktop_notification.win32': Not used on non-Windows systems
[9.370s] INFO:colcon.colcon_notification.desktop_notification:Sending desktop notification using 'notify2'
[9.384s] DEBUG:colcon.colcon_core.event_reactor:joined thread
[9.385s] INFO:colcon.colcon_core.shell:Creating prefix script '/home/uwr/Desktop/2024_UWR/install/local_setup.ps1'
[9.386s] INFO:colcon.colcon_core.shell:Creating prefix util module '/home/uwr/Desktop/2024_UWR/install/_local_setup_util_ps1.py'
[9.388s] INFO:colcon.colcon_core.shell:Creating prefix chain script '/home/uwr/Desktop/2024_UWR/install/setup.ps1'
[9.389s] INFO:colcon.colcon_core.shell:Creating prefix script '/home/uwr/Desktop/2024_UWR/install/local_setup.sh'
[9.390s] INFO:colcon.colcon_core.shell:Creating prefix util module '/home/uwr/Desktop/2024_UWR/install/_local_setup_util_sh.py'
[9.390s] INFO:colcon.colcon_core.shell:Creating prefix chain script '/home/uwr/Desktop/2024_UWR/install/setup.sh'
[9.391s] INFO:colcon.colcon_core.shell:Creating prefix script '/home/uwr/Desktop/2024_UWR/install/local_setup.bash'
[9.392s] INFO:colcon.colcon_core.shell:Creating prefix chain script '/home/uwr/Desktop/2024_UWR/install/setup.bash'
[9.393s] INFO:colcon.colcon_core.shell:Creating prefix script '/home/uwr/Desktop/2024_UWR/install/local_setup.zsh'
[9.394s] INFO:colcon.colcon_core.shell:Creating prefix chain script '/home/uwr/Desktop/2024_UWR/install/setup.zsh'
