[0.014s] Invoking command in '/home/saab/Desktop/2024_UWR/build/sonar_msgs': CMAKE_PREFIX_PATH=${CMAKE_PREFIX_PATH}:/home/saab/Desktop/2024_UWR/install/sonar_subs:/opt/ros/humble CONDA_PROMPT_MODIFIER=(base) /usr/bin/cmake /home/saab/Desktop/2024_UWR/src/sonar_msgs -DAMENT_CMAKE_SYMLINK_INSTALL=1 -DCMAKE_INSTALL_PREFIX=/home/saab/Desktop/2024_UWR/install/sonar_msgs
[0.091s] -- The C compiler identification is GNU 11.4.0
[0.145s] -- The CXX compiler identification is GNU 11.4.0
[0.156s] -- Detecting C compiler ABI info
[0.202s] -- Detecting C compiler ABI info - done
[0.207s] -- Check for working C compiler: /usr/bin/cc - skipped
[0.208s] -- Detecting C compile features
[0.208s] -- Detecting C compile features - done
[0.212s] -- Detecting CXX compiler ABI info
[0.265s] -- Detecting CXX compiler ABI info - done
[0.270s] -- Check for working CXX compiler: /usr/bin/c++ - skipped
[0.271s] -- Detecting CXX compile features
[0.271s] -- Detecting CXX compile features - done
[0.281s] -- Found ament_cmake: 1.3.10 (/opt/ros/humble/share/ament_cmake/cmake)
[1.001s] -- Found Python3: /home/saab/anaconda3/bin/python3 (found version "3.9.16") found components: Interpreter 
[1.053s] -- Override CMake install command with custom implementation using symlinks instead of copying resources
[1.096s] -- Found std_msgs: 4.2.4 (/opt/ros/humble/share/std_msgs/cmake)
[1.146s] -- Found rosidl_generator_c: 3.1.5 (/opt/ros/humble/share/rosidl_generator_c/cmake)
[1.153s] -- Found rosidl_adapter: 3.1.5 (/opt/ros/humble/share/rosidl_adapter/cmake)
[1.165s] -- Found rosidl_generator_cpp: 3.1.5 (/opt/ros/humble/share/rosidl_generator_cpp/cmake)
[1.184s] -- Using all available rosidl_typesupport_c: rosidl_typesupport_fastrtps_c;rosidl_typesupport_introspection_c
[1.204s] -- Using all available rosidl_typesupport_cpp: rosidl_typesupport_fastrtps_cpp;rosidl_typesupport_introspection_cpp
[1.233s] -- Found rosidl_default_generators: 1.2.0 (/opt/ros/humble/share/rosidl_default_generators/cmake)
[1.533s] -- Found ament_cmake_ros: 0.10.0 (/opt/ros/humble/share/ament_cmake_ros/cmake)
[1.842s] -- Using all available rosidl_typesupport_c: rosidl_typesupport_fastrtps_c;rosidl_typesupport_introspection_c
[1.972s] -- Using all available rosidl_typesupport_cpp: rosidl_typesupport_fastrtps_cpp;rosidl_typesupport_introspection_cpp
[1.995s] -- Found PythonInterp: /home/saab/anaconda3/bin/python3 (found suitable version "3.9.16", minimum required is "3.6") 
[1.998s] -- Found python_cmake_module: 0.10.0 (/opt/ros/humble/share/python_cmake_module/cmake)
[2.028s] -- Found PythonLibs: /home/saab/anaconda3/lib/libpython3.9.so (found suitable version "3.9.16", minimum required is "3.5") 
[2.028s] -- Using PYTHON_EXECUTABLE: /home/saab/anaconda3/bin/python3
[2.028s] -- Using PYTHON_INCLUDE_DIRS: /home/saab/anaconda3/include/python3.9
[2.028s] -- Using PYTHON_LIBRARIES: /home/saab/anaconda3/lib/libpython3.9.so
[2.048s] -- Found PythonExtra: .so  
[2.090s] -- Found ament_lint_auto: 0.12.11 (/opt/ros/humble/share/ament_lint_auto/cmake)
[2.109s] -- Added test 'lint_cmake' to check CMake code style
[2.109s] -- Added test 'xmllint' to check XML markup files
[2.112s] -- Configuring done
[2.139s] -- Generating done
[2.141s] -- Build files have been written to: /home/saab/Desktop/2024_UWR/build/sonar_msgs
[2.147s] Invoked command in '/home/saab/Desktop/2024_UWR/build/sonar_msgs' returned '0': CMAKE_PREFIX_PATH=${CMAKE_PREFIX_PATH}:/home/saab/Desktop/2024_UWR/install/sonar_subs:/opt/ros/humble CONDA_PROMPT_MODIFIER=(base) /usr/bin/cmake /home/saab/Desktop/2024_UWR/src/sonar_msgs -DAMENT_CMAKE_SYMLINK_INSTALL=1 -DCMAKE_INSTALL_PREFIX=/home/saab/Desktop/2024_UWR/install/sonar_msgs
[2.148s] Invoking command in '/home/saab/Desktop/2024_UWR/build/sonar_msgs': CMAKE_PREFIX_PATH=${CMAKE_PREFIX_PATH}:/home/saab/Desktop/2024_UWR/install/sonar_subs:/opt/ros/humble CONDA_PROMPT_MODIFIER=(base) /usr/bin/cmake --build /home/saab/Desktop/2024_UWR/build/sonar_msgs -- -j24 -l24
[2.177s] [  2%] [34m[1mGenerating C code for ROS interfaces[0m
[2.185s] [  4%] [34m[1mGenerating C++ code for ROS interfaces[0m
[2.190s] [  4%] Built target ament_cmake_python_symlink_sonar_msgs
[2.457s] [  4%] Built target sonar_msgs__cpp
[2.463s] [  6%] [34m[1mGenerating C++ type support for eProsima Fast-RTPS[0m
[2.464s] [  8%] [34m[1mGenerating C++ type support dispatch for ROS interfaces[0m
[2.464s] [ 10%] [34m[1mGenerating C++ introspection for ROS interfaces[0m
[2.473s] [ 14%] [32mBuilding C object CMakeFiles/sonar_msgs__rosidl_generator_c.dir/rosidl_generator_c/sonar_msgs/msg/detail/three_sonar_depth__functions.c.o[0m
[2.473s] [ 14%] [32mBuilding C object CMakeFiles/sonar_msgs__rosidl_generator_c.dir/rosidl_generator_c/sonar_msgs/msg/detail/conf_scal__functions.c.o[0m
[2.474s] [ 17%] [32mBuilding C object CMakeFiles/sonar_msgs__rosidl_generator_c.dir/rosidl_generator_c/sonar_msgs/msg/detail/kf_values__functions.c.o[0m
[2.512s] [ 19%] [32m[1mLinking C shared library libsonar_msgs__rosidl_generator_c.so[0m
[2.513s] running egg_info
[2.514s] creating sonar_msgs.egg-info
[2.519s] writing manifest file 'sonar_msgs.egg-info/SOURCES.txt'
[2.524s] writing manifest file 'sonar_msgs.egg-info/SOURCES.txt'
[2.542s] [ 19%] Built target sonar_msgs__rosidl_generator_c
[2.542s] [ 19%] Built target ament_cmake_python_build_sonar_msgs_egg
[2.550s] [ 23%] [34m[1mGenerating C type support for eProsima Fast-RTPS[0m
[2.550s] [ 23%] [34m[1mGenerating C type support dispatch for ROS interfaces[0m
[2.550s] [ 25%] [34m[1mGenerating C introspection for ROS interfaces[0m
[2.688s] [ 27%] [32mBuilding CXX object CMakeFiles/sonar_msgs__rosidl_typesupport_cpp.dir/rosidl_typesupport_cpp/sonar_msgs/msg/three_sonar_depth__type_support.cpp.o[0m
[2.688s] [ 29%] [32mBuilding CXX object CMakeFiles/sonar_msgs__rosidl_typesupport_cpp.dir/rosidl_typesupport_cpp/sonar_msgs/msg/kf_values__type_support.cpp.o[0m
[2.689s] [ 31%] [32mBuilding CXX object CMakeFiles/sonar_msgs__rosidl_typesupport_cpp.dir/rosidl_typesupport_cpp/sonar_msgs/msg/conf_scal__type_support.cpp.o[0m
[2.719s] [ 34%] [32mBuilding CXX object CMakeFiles/sonar_msgs__rosidl_typesupport_introspection_cpp.dir/rosidl_typesupport_introspection_cpp/sonar_msgs/msg/detail/kf_values__type_support.cpp.o[0m
[2.719s] [ 36%] [32mBuilding CXX object CMakeFiles/sonar_msgs__rosidl_typesupport_introspection_cpp.dir/rosidl_typesupport_introspection_cpp/sonar_msgs/msg/detail/conf_scal__type_support.cpp.o[0m
[2.720s] [ 38%] [32mBuilding CXX object CMakeFiles/sonar_msgs__rosidl_typesupport_introspection_cpp.dir/rosidl_typesupport_introspection_cpp/sonar_msgs/msg/detail/three_sonar_depth__type_support.cpp.o[0m
[2.773s] [ 40%] [32mBuilding CXX object CMakeFiles/sonar_msgs__rosidl_typesupport_fastrtps_cpp.dir/rosidl_typesupport_fastrtps_cpp/sonar_msgs/msg/detail/dds_fastrtps/kf_values__type_support.cpp.o[0m
[2.774s] [ 44%] [32mBuilding CXX object CMakeFiles/sonar_msgs__rosidl_typesupport_fastrtps_cpp.dir/rosidl_typesupport_fastrtps_cpp/sonar_msgs/msg/detail/dds_fastrtps/conf_scal__type_support.cpp.o[0m
[2.774s] [ 44%] [32mBuilding CXX object CMakeFiles/sonar_msgs__rosidl_typesupport_fastrtps_cpp.dir/rosidl_typesupport_fastrtps_cpp/sonar_msgs/msg/detail/dds_fastrtps/three_sonar_depth__type_support.cpp.o[0m
[2.828s] [ 48%] [32mBuilding CXX object CMakeFiles/sonar_msgs__rosidl_typesupport_c.dir/rosidl_typesupport_c/sonar_msgs/msg/three_sonar_depth__type_support.cpp.o[0m
[2.829s] [ 48%] [32mBuilding CXX object CMakeFiles/sonar_msgs__rosidl_typesupport_c.dir/rosidl_typesupport_c/sonar_msgs/msg/kf_values__type_support.cpp.o[0m
[2.829s] [ 51%] [32mBuilding CXX object CMakeFiles/sonar_msgs__rosidl_typesupport_c.dir/rosidl_typesupport_c/sonar_msgs/msg/conf_scal__type_support.cpp.o[0m
[2.858s] [ 53%] [32mBuilding CXX object CMakeFiles/sonar_msgs__rosidl_typesupport_fastrtps_c.dir/rosidl_typesupport_fastrtps_c/sonar_msgs/msg/detail/conf_scal__type_support_c.cpp.o[0m
[2.859s] [ 55%] [32mBuilding CXX object CMakeFiles/sonar_msgs__rosidl_typesupport_fastrtps_c.dir/rosidl_typesupport_fastrtps_c/sonar_msgs/msg/detail/three_sonar_depth__type_support_c.cpp.o[0m
[2.859s] [ 57%] [32mBuilding CXX object CMakeFiles/sonar_msgs__rosidl_typesupport_fastrtps_c.dir/rosidl_typesupport_fastrtps_c/sonar_msgs/msg/detail/kf_values__type_support_c.cpp.o[0m
[2.862s] [ 59%] [32m[1mLinking CXX shared library libsonar_msgs__rosidl_typesupport_c.so[0m
[2.863s] [ 61%] [32mBuilding C object CMakeFiles/sonar_msgs__rosidl_typesupport_introspection_c.dir/rosidl_typesupport_introspection_c/sonar_msgs/msg/detail/three_sonar_depth__type_support.c.o[0m
[2.866s] [ 63%] [32mBuilding C object CMakeFiles/sonar_msgs__rosidl_typesupport_introspection_c.dir/rosidl_typesupport_introspection_c/sonar_msgs/msg/detail/kf_values__type_support.c.o[0m
[2.866s] [ 65%] [32mBuilding C object CMakeFiles/sonar_msgs__rosidl_typesupport_introspection_c.dir/rosidl_typesupport_introspection_c/sonar_msgs/msg/detail/conf_scal__type_support.c.o[0m
[2.901s] [ 68%] [32m[1mLinking C shared library libsonar_msgs__rosidl_typesupport_introspection_c.so[0m
[2.908s] [ 68%] Built target sonar_msgs__rosidl_typesupport_c
[2.926s] [ 70%] [32m[1mLinking CXX shared library libsonar_msgs__rosidl_typesupport_cpp.so[0m
[2.926s] [ 70%] Built target sonar_msgs__rosidl_typesupport_introspection_c
[2.955s] [ 70%] Built target sonar_msgs__rosidl_typesupport_cpp
[3.069s] [ 72%] [32m[1mLinking CXX shared library libsonar_msgs__rosidl_typesupport_introspection_cpp.so[0m
[3.127s] [ 72%] Built target sonar_msgs__rosidl_typesupport_introspection_cpp
[3.146s] [ 74%] [32m[1mLinking CXX shared library libsonar_msgs__rosidl_typesupport_fastrtps_c.so[0m
[3.164s] [ 76%] [32m[1mLinking CXX shared library libsonar_msgs__rosidl_typesupport_fastrtps_cpp.so[0m
[3.199s] [ 76%] Built target sonar_msgs__rosidl_typesupport_fastrtps_c
[3.215s] [ 76%] Built target sonar_msgs__rosidl_typesupport_fastrtps_cpp
[3.229s] [ 76%] Built target sonar_msgs
[3.243s] [ 78%] [34m[1mGenerating Python code for ROS interfaces[0m
[3.619s] [ 78%] Built target sonar_msgs__py
[3.634s] [ 80%] [32mBuilding C object CMakeFiles/sonar_msgs__rosidl_generator_py.dir/rosidl_generator_py/sonar_msgs/msg/_three_sonar_depth_s.c.o[0m
[3.634s] [ 85%] [32mBuilding C object CMakeFiles/sonar_msgs__rosidl_generator_py.dir/rosidl_generator_py/sonar_msgs/msg/_kf_values_s.c.o[0m
[3.634s] [ 85%] [32mBuilding C object CMakeFiles/sonar_msgs__rosidl_generator_py.dir/rosidl_generator_py/sonar_msgs/msg/_conf_scal_s.c.o[0m
[3.732s] [ 87%] [32m[1mLinking C shared library rosidl_generator_py/sonar_msgs/libsonar_msgs__rosidl_generator_py.so[0m
[3.764s] [ 87%] Built target sonar_msgs__rosidl_generator_py
[3.777s] [ 91%] [32mBuilding C object CMakeFiles/sonar_msgs__rosidl_typesupport_fastrtps_c__pyext.dir/rosidl_generator_py/sonar_msgs/_sonar_msgs_s.ep.rosidl_typesupport_fastrtps_c.c.o[0m
[3.777s] [ 91%] [32mBuilding C object CMakeFiles/sonar_msgs__rosidl_typesupport_introspection_c__pyext.dir/rosidl_generator_py/sonar_msgs/_sonar_msgs_s.ep.rosidl_typesupport_introspection_c.c.o[0m
[3.783s] [ 93%] [32mBuilding C object CMakeFiles/sonar_msgs__rosidl_typesupport_c__pyext.dir/rosidl_generator_py/sonar_msgs/_sonar_msgs_s.ep.rosidl_typesupport_c.c.o[0m
[3.851s] [ 95%] [32m[1mLinking C shared library rosidl_generator_py/sonar_msgs/sonar_msgs_s__rosidl_typesupport_fastrtps_c.cpython-39-x86_64-linux-gnu.so[0m
[3.855s] [ 97%] [32m[1mLinking C shared library rosidl_generator_py/sonar_msgs/sonar_msgs_s__rosidl_typesupport_c.cpython-39-x86_64-linux-gnu.so[0m
[3.877s] [ 97%] Built target sonar_msgs__rosidl_typesupport_fastrtps_c__pyext
[3.880s] [ 97%] Built target sonar_msgs__rosidl_typesupport_c__pyext
[3.895s] [100%] [32m[1mLinking C shared library rosidl_generator_py/sonar_msgs/sonar_msgs_s__rosidl_typesupport_introspection_c.cpython-39-x86_64-linux-gnu.so[0m
[3.923s] [100%] Built target sonar_msgs__rosidl_typesupport_introspection_c__pyext
[3.933s] Invoked command in '/home/saab/Desktop/2024_UWR/build/sonar_msgs' returned '0': CMAKE_PREFIX_PATH=${CMAKE_PREFIX_PATH}:/home/saab/Desktop/2024_UWR/install/sonar_subs:/opt/ros/humble CONDA_PROMPT_MODIFIER=(base) /usr/bin/cmake --build /home/saab/Desktop/2024_UWR/build/sonar_msgs -- -j24 -l24
[4.008s] Invoking command in '/home/saab/Desktop/2024_UWR/build/sonar_msgs': CMAKE_PREFIX_PATH=${CMAKE_PREFIX_PATH}:/home/saab/Desktop/2024_UWR/install/sonar_subs:/opt/ros/humble CONDA_PROMPT_MODIFIER=(base) /usr/bin/cmake --install /home/saab/Desktop/2024_UWR/build/sonar_msgs
[4.013s] -- Install configuration: ""
[4.014s] -- Execute custom install script
[4.014s] -- Symlinking: /home/saab/Desktop/2024_UWR/install/sonar_msgs/share/ament_index/resource_index/rosidl_interfaces/sonar_msgs
[4.021s] -- Symlinking: /home/saab/Desktop/2024_UWR/install/sonar_msgs/include/sonar_msgs/sonar_msgs/msg/conf_scal.h
[4.027s] -- Symlinking: /home/saab/Desktop/2024_UWR/install/sonar_msgs/include/sonar_msgs/sonar_msgs/msg/detail/conf_scal__functions.h
[4.033s] -- Symlinking: /home/saab/Desktop/2024_UWR/install/sonar_msgs/include/sonar_msgs/sonar_msgs/msg/detail/conf_scal__struct.h
[4.040s] -- Symlinking: /home/saab/Desktop/2024_UWR/install/sonar_msgs/include/sonar_msgs/sonar_msgs/msg/detail/conf_scal__type_support.h
[4.046s] -- Symlinking: /home/saab/Desktop/2024_UWR/install/sonar_msgs/include/sonar_msgs/sonar_msgs/msg/detail/kf_values__functions.h
[4.051s] -- Symlinking: /home/saab/Desktop/2024_UWR/install/sonar_msgs/include/sonar_msgs/sonar_msgs/msg/detail/kf_values__struct.h
[4.057s] -- Symlinking: /home/saab/Desktop/2024_UWR/install/sonar_msgs/include/sonar_msgs/sonar_msgs/msg/detail/kf_values__type_support.h
[4.063s] -- Symlinking: /home/saab/Desktop/2024_UWR/install/sonar_msgs/include/sonar_msgs/sonar_msgs/msg/detail/three_sonar_depth__functions.h
[4.069s] -- Symlinking: /home/saab/Desktop/2024_UWR/install/sonar_msgs/include/sonar_msgs/sonar_msgs/msg/detail/three_sonar_depth__struct.h
[4.074s] -- Symlinking: /home/saab/Desktop/2024_UWR/install/sonar_msgs/include/sonar_msgs/sonar_msgs/msg/detail/three_sonar_depth__type_support.h
[4.080s] -- Symlinking: /home/saab/Desktop/2024_UWR/install/sonar_msgs/include/sonar_msgs/sonar_msgs/msg/kf_values.h
[4.086s] -- Symlinking: /home/saab/Desktop/2024_UWR/install/sonar_msgs/include/sonar_msgs/sonar_msgs/msg/rosidl_generator_c__visibility_control.h
[4.092s] -- Symlinking: /home/saab/Desktop/2024_UWR/install/sonar_msgs/include/sonar_msgs/sonar_msgs/msg/three_sonar_depth.h
[4.098s] -- Up-to-date symlink: /home/saab/Desktop/2024_UWR/install/sonar_msgs/share/sonar_msgs/environment/library_path.sh
[4.099s] -- Symlinking: /home/saab/Desktop/2024_UWR/install/sonar_msgs/share/sonar_msgs/environment/library_path.dsv
[4.104s] -- Symlinking: /home/saab/Desktop/2024_UWR/install/sonar_msgs/include/sonar_msgs/sonar_msgs/msg/detail/conf_scal__rosidl_typesupport_fastrtps_c.h
[4.110s] -- Symlinking: /home/saab/Desktop/2024_UWR/install/sonar_msgs/include/sonar_msgs/sonar_msgs/msg/detail/kf_values__rosidl_typesupport_fastrtps_c.h
[4.116s] -- Symlinking: /home/saab/Desktop/2024_UWR/install/sonar_msgs/include/sonar_msgs/sonar_msgs/msg/detail/three_sonar_depth__rosidl_typesupport_fastrtps_c.h
[4.122s] -- Symlinking: /home/saab/Desktop/2024_UWR/install/sonar_msgs/include/sonar_msgs/sonar_msgs/msg/rosidl_typesupport_fastrtps_c__visibility_control.h
[4.128s] -- Symlinking: /home/saab/Desktop/2024_UWR/install/sonar_msgs/include/sonar_msgs/sonar_msgs/msg/conf_scal.hpp
[4.134s] -- Symlinking: /home/saab/Desktop/2024_UWR/install/sonar_msgs/include/sonar_msgs/sonar_msgs/msg/detail/conf_scal__builder.hpp
[4.140s] -- Symlinking: /home/saab/Desktop/2024_UWR/install/sonar_msgs/include/sonar_msgs/sonar_msgs/msg/detail/conf_scal__struct.hpp
[4.145s] -- Symlinking: /home/saab/Desktop/2024_UWR/install/sonar_msgs/include/sonar_msgs/sonar_msgs/msg/detail/conf_scal__traits.hpp
[4.151s] -- Symlinking: /home/saab/Desktop/2024_UWR/install/sonar_msgs/include/sonar_msgs/sonar_msgs/msg/detail/kf_values__builder.hpp
[4.157s] -- Symlinking: /home/saab/Desktop/2024_UWR/install/sonar_msgs/include/sonar_msgs/sonar_msgs/msg/detail/kf_values__struct.hpp
[4.163s] -- Symlinking: /home/saab/Desktop/2024_UWR/install/sonar_msgs/include/sonar_msgs/sonar_msgs/msg/detail/kf_values__traits.hpp
[4.169s] -- Symlinking: /home/saab/Desktop/2024_UWR/install/sonar_msgs/include/sonar_msgs/sonar_msgs/msg/detail/three_sonar_depth__builder.hpp
[4.175s] -- Symlinking: /home/saab/Desktop/2024_UWR/install/sonar_msgs/include/sonar_msgs/sonar_msgs/msg/detail/three_sonar_depth__struct.hpp
[4.181s] -- Symlinking: /home/saab/Desktop/2024_UWR/install/sonar_msgs/include/sonar_msgs/sonar_msgs/msg/detail/three_sonar_depth__traits.hpp
[4.187s] -- Symlinking: /home/saab/Desktop/2024_UWR/install/sonar_msgs/include/sonar_msgs/sonar_msgs/msg/kf_values.hpp
[4.192s] -- Symlinking: /home/saab/Desktop/2024_UWR/install/sonar_msgs/include/sonar_msgs/sonar_msgs/msg/three_sonar_depth.hpp
[4.198s] -- Symlinking: /home/saab/Desktop/2024_UWR/install/sonar_msgs/include/sonar_msgs/sonar_msgs/msg/detail/conf_scal__rosidl_typesupport_fastrtps_cpp.hpp
[4.204s] -- Symlinking: /home/saab/Desktop/2024_UWR/install/sonar_msgs/include/sonar_msgs/sonar_msgs/msg/detail/kf_values__rosidl_typesupport_fastrtps_cpp.hpp
[4.210s] -- Symlinking: /home/saab/Desktop/2024_UWR/install/sonar_msgs/include/sonar_msgs/sonar_msgs/msg/detail/three_sonar_depth__rosidl_typesupport_fastrtps_cpp.hpp
[4.218s] -- Symlinking: /home/saab/Desktop/2024_UWR/install/sonar_msgs/include/sonar_msgs/sonar_msgs/msg/rosidl_typesupport_fastrtps_cpp__visibility_control.h
[4.225s] -- Symlinking: /home/saab/Desktop/2024_UWR/install/sonar_msgs/include/sonar_msgs/sonar_msgs/msg/detail/conf_scal__rosidl_typesupport_introspection_c.h
[4.231s] -- Symlinking: /home/saab/Desktop/2024_UWR/install/sonar_msgs/include/sonar_msgs/sonar_msgs/msg/detail/kf_values__rosidl_typesupport_introspection_c.h
[4.238s] -- Symlinking: /home/saab/Desktop/2024_UWR/install/sonar_msgs/include/sonar_msgs/sonar_msgs/msg/detail/three_sonar_depth__rosidl_typesupport_introspection_c.h
[4.245s] -- Symlinking: /home/saab/Desktop/2024_UWR/install/sonar_msgs/include/sonar_msgs/sonar_msgs/msg/rosidl_typesupport_introspection_c__visibility_control.h
[4.251s] -- Symlinking: /home/saab/Desktop/2024_UWR/install/sonar_msgs/include/sonar_msgs/sonar_msgs/msg/detail/conf_scal__rosidl_typesupport_introspection_cpp.hpp
[4.256s] -- Symlinking: /home/saab/Desktop/2024_UWR/install/sonar_msgs/include/sonar_msgs/sonar_msgs/msg/detail/kf_values__rosidl_typesupport_introspection_cpp.hpp
[4.262s] -- Symlinking: /home/saab/Desktop/2024_UWR/install/sonar_msgs/include/sonar_msgs/sonar_msgs/msg/detail/three_sonar_depth__rosidl_typesupport_introspection_cpp.hpp
[4.268s] -- Symlinking: /home/saab/Desktop/2024_UWR/install/sonar_msgs/share/sonar_msgs/environment/pythonpath.sh
[4.274s] -- Symlinking: /home/saab/Desktop/2024_UWR/install/sonar_msgs/share/sonar_msgs/environment/pythonpath.dsv
[4.280s] -- Symlinking: /home/saab/Desktop/2024_UWR/install/sonar_msgs/lib/python3.9/site-packages/sonar_msgs-0.0.0-py3.9.egg-info/PKG-INFO
[4.285s] -- Symlinking: /home/saab/Desktop/2024_UWR/install/sonar_msgs/lib/python3.9/site-packages/sonar_msgs-0.0.0-py3.9.egg-info/SOURCES.txt
[4.291s] -- Symlinking: /home/saab/Desktop/2024_UWR/install/sonar_msgs/lib/python3.9/site-packages/sonar_msgs-0.0.0-py3.9.egg-info/dependency_links.txt
[4.297s] -- Symlinking: /home/saab/Desktop/2024_UWR/install/sonar_msgs/lib/python3.9/site-packages/sonar_msgs-0.0.0-py3.9.egg-info/top_level.txt
[4.305s] -- Symlinking: /home/saab/Desktop/2024_UWR/install/sonar_msgs/lib/python3.9/site-packages/sonar_msgs/__init__.py
[4.311s] -- Symlinking: /home/saab/Desktop/2024_UWR/install/sonar_msgs/lib/python3.9/site-packages/sonar_msgs/_sonar_msgs_s.ep.rosidl_typesupport_c.c
[4.317s] -- Symlinking: /home/saab/Desktop/2024_UWR/install/sonar_msgs/lib/python3.9/site-packages/sonar_msgs/_sonar_msgs_s.ep.rosidl_typesupport_fastrtps_c.c
[4.324s] -- Symlinking: /home/saab/Desktop/2024_UWR/install/sonar_msgs/lib/python3.9/site-packages/sonar_msgs/_sonar_msgs_s.ep.rosidl_typesupport_introspection_c.c
[4.330s] -- Symlinking: /home/saab/Desktop/2024_UWR/install/sonar_msgs/lib/python3.9/site-packages/sonar_msgs/libsonar_msgs__rosidl_generator_py.so
[4.336s] -- Symlinking: /home/saab/Desktop/2024_UWR/install/sonar_msgs/lib/python3.9/site-packages/sonar_msgs/msg/__init__.py
[4.342s] -- Symlinking: /home/saab/Desktop/2024_UWR/install/sonar_msgs/lib/python3.9/site-packages/sonar_msgs/msg/_conf_scal.py
[4.348s] -- Symlinking: /home/saab/Desktop/2024_UWR/install/sonar_msgs/lib/python3.9/site-packages/sonar_msgs/msg/_conf_scal_s.c
[4.353s] -- Symlinking: /home/saab/Desktop/2024_UWR/install/sonar_msgs/lib/python3.9/site-packages/sonar_msgs/msg/_kf_values.py
[4.359s] -- Symlinking: /home/saab/Desktop/2024_UWR/install/sonar_msgs/lib/python3.9/site-packages/sonar_msgs/msg/_kf_values_s.c
[4.364s] -- Symlinking: /home/saab/Desktop/2024_UWR/install/sonar_msgs/lib/python3.9/site-packages/sonar_msgs/msg/_three_sonar_depth.py
[4.370s] -- Symlinking: /home/saab/Desktop/2024_UWR/install/sonar_msgs/lib/python3.9/site-packages/sonar_msgs/msg/_three_sonar_depth_s.c
[4.375s] -- Symlinking: /home/saab/Desktop/2024_UWR/install/sonar_msgs/lib/python3.9/site-packages/sonar_msgs/sonar_msgs_s__rosidl_typesupport_c.cpython-39-x86_64-linux-gnu.so
[4.381s] -- Symlinking: /home/saab/Desktop/2024_UWR/install/sonar_msgs/lib/python3.9/site-packages/sonar_msgs/sonar_msgs_s__rosidl_typesupport_fastrtps_c.cpython-39-x86_64-linux-gnu.so
[4.386s] -- Symlinking: /home/saab/Desktop/2024_UWR/install/sonar_msgs/lib/python3.9/site-packages/sonar_msgs/sonar_msgs_s__rosidl_typesupport_introspection_c.cpython-39-x86_64-linux-gnu.so
[4.392s] -- Up-to-date symlink: /home/saab/Desktop/2024_UWR/install/sonar_msgs/lib/python3.9/site-packages/sonar_msgs/sonar_msgs_s__rosidl_typesupport_fastrtps_c.cpython-39-x86_64-linux-gnu.so
[4.392s] -- Up-to-date symlink: /home/saab/Desktop/2024_UWR/install/sonar_msgs/lib/python3.9/site-packages/sonar_msgs/sonar_msgs_s__rosidl_typesupport_introspection_c.cpython-39-x86_64-linux-gnu.so
[4.392s] -- Up-to-date symlink: /home/saab/Desktop/2024_UWR/install/sonar_msgs/lib/python3.9/site-packages/sonar_msgs/sonar_msgs_s__rosidl_typesupport_c.cpython-39-x86_64-linux-gnu.so
[4.392s] -- Symlinking: /home/saab/Desktop/2024_UWR/install/sonar_msgs/share/sonar_msgs/msg/ThreeSonarDepth.idl
[4.398s] -- Symlinking: /home/saab/Desktop/2024_UWR/install/sonar_msgs/share/sonar_msgs/msg/ConfScal.idl
[4.404s] -- Symlinking: /home/saab/Desktop/2024_UWR/install/sonar_msgs/share/sonar_msgs/msg/KfValues.idl
[4.410s] -- Symlinking: /home/saab/Desktop/2024_UWR/install/sonar_msgs/share/sonar_msgs/msg/ThreeSonarDepth.msg
[4.415s] -- Symlinking: /home/saab/Desktop/2024_UWR/install/sonar_msgs/share/sonar_msgs/msg/ConfScal.msg
[4.421s] -- Symlinking: /home/saab/Desktop/2024_UWR/install/sonar_msgs/share/sonar_msgs/msg/KfValues.msg
[4.426s] -- Symlinking: /home/saab/Desktop/2024_UWR/install/sonar_msgs/share/ament_index/resource_index/package_run_dependencies/sonar_msgs
[4.432s] -- Symlinking: /home/saab/Desktop/2024_UWR/install/sonar_msgs/share/ament_index/resource_index/parent_prefix_path/sonar_msgs
[4.438s] -- Up-to-date symlink: /home/saab/Desktop/2024_UWR/install/sonar_msgs/share/sonar_msgs/environment/ament_prefix_path.sh
[4.438s] -- Symlinking: /home/saab/Desktop/2024_UWR/install/sonar_msgs/share/sonar_msgs/environment/ament_prefix_path.dsv
[4.444s] -- Up-to-date symlink: /home/saab/Desktop/2024_UWR/install/sonar_msgs/share/sonar_msgs/environment/path.sh
[4.444s] -- Symlinking: /home/saab/Desktop/2024_UWR/install/sonar_msgs/share/sonar_msgs/environment/path.dsv
[4.449s] -- Symlinking: /home/saab/Desktop/2024_UWR/install/sonar_msgs/share/sonar_msgs/local_setup.bash
[4.455s] -- Symlinking: /home/saab/Desktop/2024_UWR/install/sonar_msgs/share/sonar_msgs/local_setup.sh
[4.460s] -- Symlinking: /home/saab/Desktop/2024_UWR/install/sonar_msgs/share/sonar_msgs/local_setup.zsh
[4.467s] -- Symlinking: /home/saab/Desktop/2024_UWR/install/sonar_msgs/share/sonar_msgs/local_setup.dsv
[4.473s] -- Symlinking: /home/saab/Desktop/2024_UWR/install/sonar_msgs/share/sonar_msgs/package.dsv
[4.480s] -- Symlinking: /home/saab/Desktop/2024_UWR/install/sonar_msgs/share/ament_index/resource_index/packages/sonar_msgs
[4.486s] -- Symlinking: /home/saab/Desktop/2024_UWR/install/sonar_msgs/share/sonar_msgs/cmake/rosidl_cmake-extras.cmake
[4.493s] -- Symlinking: /home/saab/Desktop/2024_UWR/install/sonar_msgs/share/sonar_msgs/cmake/ament_cmake_export_dependencies-extras.cmake
[4.499s] -- Symlinking: /home/saab/Desktop/2024_UWR/install/sonar_msgs/share/sonar_msgs/cmake/ament_cmake_export_include_directories-extras.cmake
[4.506s] -- Symlinking: /home/saab/Desktop/2024_UWR/install/sonar_msgs/share/sonar_msgs/cmake/ament_cmake_export_libraries-extras.cmake
[4.513s] -- Symlinking: /home/saab/Desktop/2024_UWR/install/sonar_msgs/share/sonar_msgs/cmake/ament_cmake_export_targets-extras.cmake
[4.520s] -- Symlinking: /home/saab/Desktop/2024_UWR/install/sonar_msgs/share/sonar_msgs/cmake/rosidl_cmake_export_typesupport_targets-extras.cmake
[4.526s] -- Symlinking: /home/saab/Desktop/2024_UWR/install/sonar_msgs/share/sonar_msgs/cmake/rosidl_cmake_export_typesupport_libraries-extras.cmake
[4.533s] -- Symlinking: /home/saab/Desktop/2024_UWR/install/sonar_msgs/share/sonar_msgs/cmake/sonar_msgsConfig.cmake
[4.540s] -- Symlinking: /home/saab/Desktop/2024_UWR/install/sonar_msgs/share/sonar_msgs/cmake/sonar_msgsConfig-version.cmake
[4.547s] -- Symlinking: /home/saab/Desktop/2024_UWR/install/sonar_msgs/share/sonar_msgs/package.xml
[4.554s] -- Installing: /home/saab/Desktop/2024_UWR/install/sonar_msgs/lib/libsonar_msgs__rosidl_generator_c.so
[4.554s] -- Set runtime path of "/home/saab/Desktop/2024_UWR/install/sonar_msgs/lib/libsonar_msgs__rosidl_generator_c.so" to ""
[4.554s] -- Installing: /home/saab/Desktop/2024_UWR/install/sonar_msgs/lib/libsonar_msgs__rosidl_typesupport_fastrtps_c.so
[4.555s] -- Set runtime path of "/home/saab/Desktop/2024_UWR/install/sonar_msgs/lib/libsonar_msgs__rosidl_typesupport_fastrtps_c.so" to ""
[4.555s] -- Installing: /home/saab/Desktop/2024_UWR/install/sonar_msgs/lib/libsonar_msgs__rosidl_typesupport_fastrtps_cpp.so
[4.555s] -- Set runtime path of "/home/saab/Desktop/2024_UWR/install/sonar_msgs/lib/libsonar_msgs__rosidl_typesupport_fastrtps_cpp.so" to ""
[4.556s] -- Installing: /home/saab/Desktop/2024_UWR/install/sonar_msgs/lib/libsonar_msgs__rosidl_typesupport_introspection_c.so
[4.556s] -- Set runtime path of "/home/saab/Desktop/2024_UWR/install/sonar_msgs/lib/libsonar_msgs__rosidl_typesupport_introspection_c.so" to ""
[4.556s] -- Installing: /home/saab/Desktop/2024_UWR/install/sonar_msgs/lib/libsonar_msgs__rosidl_typesupport_c.so
[4.557s] -- Set runtime path of "/home/saab/Desktop/2024_UWR/install/sonar_msgs/lib/libsonar_msgs__rosidl_typesupport_c.so" to ""
[4.557s] -- Installing: /home/saab/Desktop/2024_UWR/install/sonar_msgs/lib/libsonar_msgs__rosidl_typesupport_introspection_cpp.so
[4.557s] -- Set runtime path of "/home/saab/Desktop/2024_UWR/install/sonar_msgs/lib/libsonar_msgs__rosidl_typesupport_introspection_cpp.so" to ""
[4.557s] -- Installing: /home/saab/Desktop/2024_UWR/install/sonar_msgs/lib/libsonar_msgs__rosidl_typesupport_cpp.so
[4.558s] -- Set runtime path of "/home/saab/Desktop/2024_UWR/install/sonar_msgs/lib/libsonar_msgs__rosidl_typesupport_cpp.so" to ""
[4.597s] Listing '/home/saab/Desktop/2024_UWR/install/sonar_msgs/lib/python3.9/site-packages/sonar_msgs'...
[4.598s] Compiling '/home/saab/Desktop/2024_UWR/install/sonar_msgs/lib/python3.9/site-packages/sonar_msgs/__init__.py'...
[4.598s] Listing '/home/saab/Desktop/2024_UWR/install/sonar_msgs/lib/python3.9/site-packages/sonar_msgs/msg'...
[4.598s] Compiling '/home/saab/Desktop/2024_UWR/install/sonar_msgs/lib/python3.9/site-packages/sonar_msgs/msg/__init__.py'...
[4.598s] Compiling '/home/saab/Desktop/2024_UWR/install/sonar_msgs/lib/python3.9/site-packages/sonar_msgs/msg/_conf_scal.py'...
[4.598s] Compiling '/home/saab/Desktop/2024_UWR/install/sonar_msgs/lib/python3.9/site-packages/sonar_msgs/msg/_kf_values.py'...
[4.598s] Compiling '/home/saab/Desktop/2024_UWR/install/sonar_msgs/lib/python3.9/site-packages/sonar_msgs/msg/_three_sonar_depth.py'...
[4.602s] -- Installing: /home/saab/Desktop/2024_UWR/install/sonar_msgs/lib/libsonar_msgs__rosidl_generator_py.so
[4.602s] -- Set runtime path of "/home/saab/Desktop/2024_UWR/install/sonar_msgs/lib/libsonar_msgs__rosidl_generator_py.so" to ""
[4.603s] -- Installing: /home/saab/Desktop/2024_UWR/install/sonar_msgs/share/sonar_msgs/cmake/export_sonar_msgs__rosidl_generator_cExport.cmake
[4.603s] -- Installing: /home/saab/Desktop/2024_UWR/install/sonar_msgs/share/sonar_msgs/cmake/export_sonar_msgs__rosidl_generator_cExport-noconfig.cmake
[4.603s] -- Installing: /home/saab/Desktop/2024_UWR/install/sonar_msgs/share/sonar_msgs/cmake/export_sonar_msgs__rosidl_typesupport_fastrtps_cExport.cmake
[4.603s] -- Installing: /home/saab/Desktop/2024_UWR/install/sonar_msgs/share/sonar_msgs/cmake/export_sonar_msgs__rosidl_typesupport_fastrtps_cExport-noconfig.cmake
[4.604s] -- Installing: /home/saab/Desktop/2024_UWR/install/sonar_msgs/share/sonar_msgs/cmake/export_sonar_msgs__rosidl_generator_cppExport.cmake
[4.604s] -- Installing: /home/saab/Desktop/2024_UWR/install/sonar_msgs/share/sonar_msgs/cmake/export_sonar_msgs__rosidl_typesupport_fastrtps_cppExport.cmake
[4.604s] -- Installing: /home/saab/Desktop/2024_UWR/install/sonar_msgs/share/sonar_msgs/cmake/export_sonar_msgs__rosidl_typesupport_fastrtps_cppExport-noconfig.cmake
[4.605s] -- Installing: /home/saab/Desktop/2024_UWR/install/sonar_msgs/share/sonar_msgs/cmake/sonar_msgs__rosidl_typesupport_introspection_cExport.cmake
[4.605s] -- Installing: /home/saab/Desktop/2024_UWR/install/sonar_msgs/share/sonar_msgs/cmake/sonar_msgs__rosidl_typesupport_introspection_cExport-noconfig.cmake
[4.605s] -- Installing: /home/saab/Desktop/2024_UWR/install/sonar_msgs/share/sonar_msgs/cmake/sonar_msgs__rosidl_typesupport_cExport.cmake
[4.606s] -- Installing: /home/saab/Desktop/2024_UWR/install/sonar_msgs/share/sonar_msgs/cmake/sonar_msgs__rosidl_typesupport_cExport-noconfig.cmake
[4.606s] -- Installing: /home/saab/Desktop/2024_UWR/install/sonar_msgs/share/sonar_msgs/cmake/sonar_msgs__rosidl_typesupport_introspection_cppExport.cmake
[4.606s] -- Installing: /home/saab/Desktop/2024_UWR/install/sonar_msgs/share/sonar_msgs/cmake/sonar_msgs__rosidl_typesupport_introspection_cppExport-noconfig.cmake
[4.607s] -- Installing: /home/saab/Desktop/2024_UWR/install/sonar_msgs/share/sonar_msgs/cmake/sonar_msgs__rosidl_typesupport_cppExport.cmake
[4.607s] -- Installing: /home/saab/Desktop/2024_UWR/install/sonar_msgs/share/sonar_msgs/cmake/sonar_msgs__rosidl_typesupport_cppExport-noconfig.cmake
[4.607s] -- Old export file "/home/saab/Desktop/2024_UWR/install/sonar_msgs/share/sonar_msgs/cmake/export_sonar_msgs__rosidl_generator_pyExport.cmake" will be replaced.  Removing files [/home/saab/Desktop/2024_UWR/install/sonar_msgs/share/sonar_msgs/cmake/export_sonar_msgs__rosidl_generator_pyExport-noconfig.cmake].
[4.607s] -- Installing: /home/saab/Desktop/2024_UWR/install/sonar_msgs/share/sonar_msgs/cmake/export_sonar_msgs__rosidl_generator_pyExport.cmake
[4.607s] -- Installing: /home/saab/Desktop/2024_UWR/install/sonar_msgs/share/sonar_msgs/cmake/export_sonar_msgs__rosidl_generator_pyExport-noconfig.cmake
[4.610s] Invoked command in '/home/saab/Desktop/2024_UWR/build/sonar_msgs' returned '0': CMAKE_PREFIX_PATH=${CMAKE_PREFIX_PATH}:/home/saab/Desktop/2024_UWR/install/sonar_subs:/opt/ros/humble CONDA_PROMPT_MODIFIER=(base) /usr/bin/cmake --install /home/saab/Desktop/2024_UWR/build/sonar_msgs
