[0.014s] Invoking command in '/home/saab/Desktop/2024_UWR/build/ntrip': CMAKE_PREFIX_PATH=${CMAKE_PREFIX_PATH}:/home/saab/Desktop/2024_UWR/install/sonar_subs:/opt/ros/humble /usr/bin/cmake /home/saab/Desktop/2024_UWR/src/ntrip -DAMENT_CMAKE_SYMLINK_INSTALL=1 -DCMAKE_INSTALL_PREFIX=/home/saab/Desktop/2024_UWR/install/ntrip
[0.023s] -- Found ament_cmake: 1.3.10 (/opt/ros/humble/share/ament_cmake/cmake)
[0.142s] -- Override CMake install command with custom implementation using symlinks instead of copying resources
[0.149s] -- Found rclcpp: 16.0.10 (/opt/ros/humble/share/rclcpp/cmake)
[0.176s] -- Found rosidl_generator_c: 3.1.5 (/opt/ros/humble/share/rosidl_generator_c/cmake)
[0.178s] -- Found rosidl_adapter: 3.1.5 (/opt/ros/humble/share/rosidl_adapter/cmake)
[0.184s] -- Found rosidl_generator_cpp: 3.1.5 (/opt/ros/humble/share/rosidl_generator_cpp/cmake)
[0.192s] -- Using all available rosidl_typesupport_c: rosidl_typesupport_fastrtps_c;rosidl_typesupport_introspection_c
[0.202s] -- Using all available rosidl_typesupport_cpp: rosidl_typesupport_fastrtps_cpp;rosidl_typesupport_introspection_cpp
[0.227s] -- Found rmw_implementation_cmake: 6.1.2 (/opt/ros/humble/share/rmw_implementation_cmake/cmake)
[0.228s] -- Found rmw_fastrtps_cpp: 6.2.7 (/opt/ros/humble/share/rmw_fastrtps_cpp/cmake)
[0.329s] -- Using RMW implementation 'rmw_fastrtps_cpp' as default
[0.362s] -- Found mavros_msgs: 2.9.0 (/opt/ros/humble/share/mavros_msgs/cmake)
[0.428s] -- Found nmea_msgs: 2.0.0 (/opt/ros/humble/share/nmea_msgs/cmake)
[0.498s] -- Configuring done
[0.515s] -- Generating done
[0.520s] -- Build files have been written to: /home/saab/Desktop/2024_UWR/build/ntrip
[0.528s] Invoked command in '/home/saab/Desktop/2024_UWR/build/ntrip' returned '0': CMAKE_PREFIX_PATH=${CMAKE_PREFIX_PATH}:/home/saab/Desktop/2024_UWR/install/sonar_subs:/opt/ros/humble /usr/bin/cmake /home/saab/Desktop/2024_UWR/src/ntrip -DAMENT_CMAKE_SYMLINK_INSTALL=1 -DCMAKE_INSTALL_PREFIX=/home/saab/Desktop/2024_UWR/install/ntrip
[0.529s] Invoking command in '/home/saab/Desktop/2024_UWR/build/ntrip': CMAKE_PREFIX_PATH=${CMAKE_PREFIX_PATH}:/home/saab/Desktop/2024_UWR/install/sonar_subs:/opt/ros/humble /usr/bin/cmake --build /home/saab/Desktop/2024_UWR/build/ntrip -- -j24 -l24
[0.563s] [35m[1mConsolidate compiler generated dependencies of target ntrip[0m
[0.586s] [100%] Built target ntrip
[0.596s] Invoked command in '/home/saab/Desktop/2024_UWR/build/ntrip' returned '0': CMAKE_PREFIX_PATH=${CMAKE_PREFIX_PATH}:/home/saab/Desktop/2024_UWR/install/sonar_subs:/opt/ros/humble /usr/bin/cmake --build /home/saab/Desktop/2024_UWR/build/ntrip -- -j24 -l24
[0.604s] Invoking command in '/home/saab/Desktop/2024_UWR/build/ntrip': CMAKE_PREFIX_PATH=${CMAKE_PREFIX_PATH}:/home/saab/Desktop/2024_UWR/install/sonar_subs:/opt/ros/humble /usr/bin/cmake --install /home/saab/Desktop/2024_UWR/build/ntrip
[0.610s] -- Install configuration: ""
[0.611s] -- Execute custom install script
[0.611s] -- Up-to-date symlink: /home/saab/Desktop/2024_UWR/install/ntrip/lib/ntrip/ntrip
[0.611s] -- Up-to-date symlink: /home/saab/Desktop/2024_UWR/install/ntrip/share/ntrip//launch/ntrip_launch.py
[0.611s] -- Up-to-date symlink: /home/saab/Desktop/2024_UWR/install/ntrip/share/ament_index/resource_index/package_run_dependencies/ntrip
[0.612s] -- Up-to-date symlink: /home/saab/Desktop/2024_UWR/install/ntrip/share/ament_index/resource_index/parent_prefix_path/ntrip
[0.612s] -- Up-to-date symlink: /home/saab/Desktop/2024_UWR/install/ntrip/share/ntrip/environment/ament_prefix_path.sh
[0.612s] -- Up-to-date symlink: /home/saab/Desktop/2024_UWR/install/ntrip/share/ntrip/environment/ament_prefix_path.dsv
[0.612s] -- Up-to-date symlink: /home/saab/Desktop/2024_UWR/install/ntrip/share/ntrip/environment/path.sh
[0.612s] -- Up-to-date symlink: /home/saab/Desktop/2024_UWR/install/ntrip/share/ntrip/environment/path.dsv
[0.612s] -- Up-to-date symlink: /home/saab/Desktop/2024_UWR/install/ntrip/share/ntrip/local_setup.bash
[0.613s] -- Up-to-date symlink: /home/saab/Desktop/2024_UWR/install/ntrip/share/ntrip/local_setup.sh
[0.613s] -- Up-to-date symlink: /home/saab/Desktop/2024_UWR/install/ntrip/share/ntrip/local_setup.zsh
[0.613s] -- Up-to-date symlink: /home/saab/Desktop/2024_UWR/install/ntrip/share/ntrip/local_setup.dsv
[0.613s] -- Symlinking: /home/saab/Desktop/2024_UWR/install/ntrip/share/ntrip/package.dsv
[0.619s] -- Up-to-date symlink: /home/saab/Desktop/2024_UWR/install/ntrip/share/ament_index/resource_index/packages/ntrip
[0.619s] -- Up-to-date symlink: /home/saab/Desktop/2024_UWR/install/ntrip/share/ntrip/cmake/ntripConfig.cmake
[0.619s] -- Up-to-date symlink: /home/saab/Desktop/2024_UWR/install/ntrip/share/ntrip/cmake/ntripConfig-version.cmake
[0.619s] -- Up-to-date symlink: /home/saab/Desktop/2024_UWR/install/ntrip/share/ntrip/package.xml
[0.621s] Invoked command in '/home/saab/Desktop/2024_UWR/build/ntrip' returned '0': CMAKE_PREFIX_PATH=${CMAKE_PREFIX_PATH}:/home/saab/Desktop/2024_UWR/install/sonar_subs:/opt/ros/humble /usr/bin/cmake --install /home/saab/Desktop/2024_UWR/build/ntrip
