[0.028s] Invoking command in '/home/uwr/Desktop/2024_UWR/build/xsens_mti_ros2_driver': CMAKE_PREFIX_PATH=/opt/ros/humble /usr/bin/cmake --build /home/uwr/Desktop/2024_UWR/build/xsens_mti_ros2_driver -- -j8 -l8
[0.132s] [  5%] Built target xsens_mti_ros2_driver__cpp
[0.134s] [ 10%] Built target xsens_mti_ros2_driver__rosidl_generator_c
[0.152s] [ 10%] Built target ament_cmake_python_copy_xsens_mti_ros2_driver
[0.189s] [ 18%] Built target xsens_mti_ros2_driver__rosidl_typesupport_introspection_cpp
[0.200s] [ 26%] Built target xsens_mti_ros2_driver__rosidl_typesupport_cpp
[0.206s] [ 34%] Built target xsens_mti_ros2_driver__rosidl_typesupport_fastrtps_cpp
[0.207s] [ 42%] Built target xsens_mti_ros2_driver__rosidl_typesupport_introspection_c
[0.210s] [ 50%] Built target xsens_mti_ros2_driver__rosidl_typesupport_fastrtps_c
[0.215s] [ 57%] Built target xsens_mti_ros2_driver__rosidl_typesupport_c
[0.246s] [ 57%] Built target xsens_mti_ros2_driver
[0.276s] [ 60%] Built target xsens_mti_ros2_driver__py
[0.313s] [ 78%] Built target xsens_mti_node
[0.316s] [ 84%] Built target xsens_mti_ros2_driver__rosidl_generator_py
[0.348s] [ 89%] Built target xsens_mti_ros2_driver__rosidl_typesupport_introspection_c__pyext
[0.352s] [100%] Built target xsens_mti_ros2_driver__rosidl_typesupport_fastrtps_c__pyext
[0.352s] [100%] Built target xsens_mti_ros2_driver__rosidl_typesupport_c__pyext
[0.565s] running egg_info
[0.566s] writing xsens_mti_ros2_driver.egg-info/PKG-INFO
[0.566s] writing dependency_links to xsens_mti_ros2_driver.egg-info/dependency_links.txt
[0.567s] writing top-level names to xsens_mti_ros2_driver.egg-info/top_level.txt
[0.570s] reading manifest file 'xsens_mti_ros2_driver.egg-info/SOURCES.txt'
[0.570s] writing manifest file 'xsens_mti_ros2_driver.egg-info/SOURCES.txt'
[0.601s] [100%] Built target ament_cmake_python_build_xsens_mti_ros2_driver_egg
