[0.016s] Invoking command in '/home/uwr/Desktop/2024_UWR/build/sonar_msgs': CMAKE_PREFIX_PATH=/opt/ros/humble /usr/bin/cmake --build /home/uwr/Desktop/2024_UWR/build/sonar_msgs -- -j8 -l8
[0.067s] [35m[1mConsolidate compiler generated dependencies of target sonar_msgs__rosidl_generator_c[0m
[0.078s] [  2%] Built target sonar_msgs__cpp
[0.087s] [ 12%] Built target sonar_msgs__rosidl_generator_c
[0.096s] [35m[1mConsolidate compiler generated dependencies of target sonar_msgs__rosidl_typesupport_cpp[0m
[0.098s] [35m[1mConsolidate compiler generated dependencies of target sonar_msgs__rosidl_typesupport_fastrtps_cpp[0m
[0.102s] [ 12%] Built target ament_cmake_python_copy_sonar_msgs
[0.103s] [35m[1mConsolidate compiler generated dependencies of target sonar_msgs__rosidl_typesupport_introspection_cpp[0m
[0.114s] [35m[1mConsolidate compiler generated dependencies of target sonar_msgs__rosidl_typesupport_c[0m
[0.114s] [35m[1mConsolidate compiler generated dependencies of target sonar_msgs__rosidl_typesupport_fastrtps_c[0m
[0.123s] [35m[1mConsolidate compiler generated dependencies of target sonar_msgs__rosidl_typesupport_introspection_c[0m
[0.142s] [ 23%] Built target sonar_msgs__rosidl_typesupport_introspection_cpp
[0.142s] [ 34%] Built target sonar_msgs__rosidl_typesupport_cpp
[0.145s] [ 44%] Built target sonar_msgs__rosidl_typesupport_fastrtps_cpp
[0.151s] [ 55%] Built target sonar_msgs__rosidl_typesupport_c
[0.159s] [ 65%] Built target sonar_msgs__rosidl_typesupport_introspection_c
[0.159s] [ 76%] Built target sonar_msgs__rosidl_typesupport_fastrtps_c
[0.191s] [ 76%] Built target sonar_msgs
[0.223s] [ 78%] Built target sonar_msgs__py
[0.246s] [35m[1mConsolidate compiler generated dependencies of target sonar_msgs__rosidl_generator_py[0m
[0.266s] [ 87%] Built target sonar_msgs__rosidl_generator_py
[0.284s] [35m[1mConsolidate compiler generated dependencies of target sonar_msgs__rosidl_typesupport_fastrtps_c__pyext[0m
[0.289s] [35m[1mConsolidate compiler generated dependencies of target sonar_msgs__rosidl_typesupport_introspection_c__pyext[0m
[0.293s] [35m[1mConsolidate compiler generated dependencies of target sonar_msgs__rosidl_typesupport_c__pyext[0m
[0.304s] [ 91%] Built target sonar_msgs__rosidl_typesupport_fastrtps_c__pyext
[0.313s] [ 95%] Built target sonar_msgs__rosidl_typesupport_c__pyext
[0.317s] [100%] Built target sonar_msgs__rosidl_typesupport_introspection_c__pyext
[0.487s] running egg_info
[0.488s] writing sonar_msgs.egg-info/PKG-INFO
[0.489s] writing dependency_links to sonar_msgs.egg-info/dependency_links.txt
[0.489s] writing top-level names to sonar_msgs.egg-info/top_level.txt
[0.491s] reading manifest file 'sonar_msgs.egg-info/SOURCES.txt'
[0.492s] writing manifest file 'sonar_msgs.egg-info/SOURCES.txt'
[0.519s] [100%] Built target ament_cmake_python_build_sonar_msgs_egg
[0.533s] Invoked command in '/home/uwr/Desktop/2024_UWR/build/sonar_msgs' returned '0': CMAKE_PREFIX_PATH=/opt/ros/humble /usr/bin/cmake --build /home/uwr/Desktop/2024_UWR/build/sonar_msgs -- -j8 -l8
[0.624s] Invoking command in '/home/uwr/Desktop/2024_UWR/build/sonar_msgs': CMAKE_PREFIX_PATH=/opt/ros/humble /usr/bin/cmake --install /home/uwr/Desktop/2024_UWR/build/sonar_msgs
[0.636s] -- Install configuration: ""
[0.636s] -- Up-to-date: /home/uwr/Desktop/2024_UWR/install/sonar_msgs/share/ament_index/resource_index/rosidl_interfaces/sonar_msgs
[0.637s] -- Up-to-date: /home/uwr/Desktop/2024_UWR/install/sonar_msgs/include/sonar_msgs/sonar_msgs
[0.637s] -- Up-to-date: /home/uwr/Desktop/2024_UWR/install/sonar_msgs/include/sonar_msgs/sonar_msgs/msg
[0.637s] -- Up-to-date: /home/uwr/Desktop/2024_UWR/install/sonar_msgs/include/sonar_msgs/sonar_msgs/msg/rosidl_generator_c__visibility_control.h
[0.637s] -- Up-to-date: /home/uwr/Desktop/2024_UWR/install/sonar_msgs/include/sonar_msgs/sonar_msgs/msg/kf_values.h
[0.637s] -- Up-to-date: /home/uwr/Desktop/2024_UWR/install/sonar_msgs/include/sonar_msgs/sonar_msgs/msg/detail
[0.638s] -- Up-to-date: /home/uwr/Desktop/2024_UWR/install/sonar_msgs/include/sonar_msgs/sonar_msgs/msg/detail/three_sonar_depth__type_support.h
[0.638s] -- Up-to-date: /home/uwr/Desktop/2024_UWR/install/sonar_msgs/include/sonar_msgs/sonar_msgs/msg/detail/conf_scal__functions.h
[0.638s] -- Up-to-date: /home/uwr/Desktop/2024_UWR/install/sonar_msgs/include/sonar_msgs/sonar_msgs/msg/detail/three_sonar_depth__functions.c
[0.638s] -- Up-to-date: /home/uwr/Desktop/2024_UWR/install/sonar_msgs/include/sonar_msgs/sonar_msgs/msg/detail/three_sonar_depth__struct.h
[0.638s] -- Up-to-date: /home/uwr/Desktop/2024_UWR/install/sonar_msgs/include/sonar_msgs/sonar_msgs/msg/detail/kf_values__type_support.h
[0.638s] -- Up-to-date: /home/uwr/Desktop/2024_UWR/install/sonar_msgs/include/sonar_msgs/sonar_msgs/msg/detail/kf_values__struct.h
[0.639s] -- Up-to-date: /home/uwr/Desktop/2024_UWR/install/sonar_msgs/include/sonar_msgs/sonar_msgs/msg/detail/conf_scal__struct.h
[0.639s] -- Up-to-date: /home/uwr/Desktop/2024_UWR/install/sonar_msgs/include/sonar_msgs/sonar_msgs/msg/detail/kf_values__functions.c
[0.639s] -- Up-to-date: /home/uwr/Desktop/2024_UWR/install/sonar_msgs/include/sonar_msgs/sonar_msgs/msg/detail/kf_values__functions.h
[0.639s] -- Up-to-date: /home/uwr/Desktop/2024_UWR/install/sonar_msgs/include/sonar_msgs/sonar_msgs/msg/detail/three_sonar_depth__functions.h
[0.639s] -- Up-to-date: /home/uwr/Desktop/2024_UWR/install/sonar_msgs/include/sonar_msgs/sonar_msgs/msg/detail/conf_scal__type_support.h
[0.640s] -- Up-to-date: /home/uwr/Desktop/2024_UWR/install/sonar_msgs/include/sonar_msgs/sonar_msgs/msg/detail/conf_scal__functions.c
[0.640s] -- Up-to-date: /home/uwr/Desktop/2024_UWR/install/sonar_msgs/include/sonar_msgs/sonar_msgs/msg/three_sonar_depth.h
[0.640s] -- Up-to-date: /home/uwr/Desktop/2024_UWR/install/sonar_msgs/include/sonar_msgs/sonar_msgs/msg/conf_scal.h
[0.640s] -- Up-to-date: /home/uwr/Desktop/2024_UWR/install/sonar_msgs/share/sonar_msgs/environment/library_path.sh
[0.640s] -- Up-to-date: /home/uwr/Desktop/2024_UWR/install/sonar_msgs/share/sonar_msgs/environment/library_path.dsv
[0.641s] -- Up-to-date: /home/uwr/Desktop/2024_UWR/install/sonar_msgs/lib/libsonar_msgs__rosidl_generator_c.so
[0.641s] -- Up-to-date: /home/uwr/Desktop/2024_UWR/install/sonar_msgs/include/sonar_msgs/sonar_msgs
[0.641s] -- Up-to-date: /home/uwr/Desktop/2024_UWR/install/sonar_msgs/include/sonar_msgs/sonar_msgs/msg
[0.641s] -- Up-to-date: /home/uwr/Desktop/2024_UWR/install/sonar_msgs/include/sonar_msgs/sonar_msgs/msg/detail
[0.641s] -- Up-to-date: /home/uwr/Desktop/2024_UWR/install/sonar_msgs/include/sonar_msgs/sonar_msgs/msg/detail/conf_scal__rosidl_typesupport_fastrtps_c.h
[0.641s] -- Up-to-date: /home/uwr/Desktop/2024_UWR/install/sonar_msgs/include/sonar_msgs/sonar_msgs/msg/detail/three_sonar_depth__rosidl_typesupport_fastrtps_c.h
[0.642s] -- Up-to-date: /home/uwr/Desktop/2024_UWR/install/sonar_msgs/include/sonar_msgs/sonar_msgs/msg/detail/kf_values__rosidl_typesupport_fastrtps_c.h
[0.642s] -- Up-to-date: /home/uwr/Desktop/2024_UWR/install/sonar_msgs/include/sonar_msgs/sonar_msgs/msg/rosidl_typesupport_fastrtps_c__visibility_control.h
[0.642s] -- Up-to-date: /home/uwr/Desktop/2024_UWR/install/sonar_msgs/lib/libsonar_msgs__rosidl_typesupport_fastrtps_c.so
[0.642s] -- Up-to-date: /home/uwr/Desktop/2024_UWR/install/sonar_msgs/include/sonar_msgs/sonar_msgs
[0.642s] -- Up-to-date: /home/uwr/Desktop/2024_UWR/install/sonar_msgs/include/sonar_msgs/sonar_msgs/msg
[0.643s] -- Up-to-date: /home/uwr/Desktop/2024_UWR/install/sonar_msgs/include/sonar_msgs/sonar_msgs/msg/detail
[0.643s] -- Up-to-date: /home/uwr/Desktop/2024_UWR/install/sonar_msgs/include/sonar_msgs/sonar_msgs/msg/detail/conf_scal__builder.hpp
[0.643s] -- Up-to-date: /home/uwr/Desktop/2024_UWR/install/sonar_msgs/include/sonar_msgs/sonar_msgs/msg/detail/kf_values__traits.hpp
[0.643s] -- Up-to-date: /home/uwr/Desktop/2024_UWR/install/sonar_msgs/include/sonar_msgs/sonar_msgs/msg/detail/conf_scal__traits.hpp
[0.643s] -- Up-to-date: /home/uwr/Desktop/2024_UWR/install/sonar_msgs/include/sonar_msgs/sonar_msgs/msg/detail/kf_values__builder.hpp
[0.643s] -- Up-to-date: /home/uwr/Desktop/2024_UWR/install/sonar_msgs/include/sonar_msgs/sonar_msgs/msg/detail/three_sonar_depth__builder.hpp
[0.644s] -- Up-to-date: /home/uwr/Desktop/2024_UWR/install/sonar_msgs/include/sonar_msgs/sonar_msgs/msg/detail/three_sonar_depth__traits.hpp
[0.644s] -- Up-to-date: /home/uwr/Desktop/2024_UWR/install/sonar_msgs/include/sonar_msgs/sonar_msgs/msg/detail/kf_values__struct.hpp
[0.644s] -- Up-to-date: /home/uwr/Desktop/2024_UWR/install/sonar_msgs/include/sonar_msgs/sonar_msgs/msg/detail/three_sonar_depth__struct.hpp
[0.644s] -- Up-to-date: /home/uwr/Desktop/2024_UWR/install/sonar_msgs/include/sonar_msgs/sonar_msgs/msg/detail/conf_scal__struct.hpp
[0.644s] -- Up-to-date: /home/uwr/Desktop/2024_UWR/install/sonar_msgs/include/sonar_msgs/sonar_msgs/msg/three_sonar_depth.hpp
[0.644s] -- Up-to-date: /home/uwr/Desktop/2024_UWR/install/sonar_msgs/include/sonar_msgs/sonar_msgs/msg/kf_values.hpp
[0.645s] -- Up-to-date: /home/uwr/Desktop/2024_UWR/install/sonar_msgs/include/sonar_msgs/sonar_msgs/msg/conf_scal.hpp
[0.645s] -- Up-to-date: /home/uwr/Desktop/2024_UWR/install/sonar_msgs/include/sonar_msgs/sonar_msgs
[0.645s] -- Up-to-date: /home/uwr/Desktop/2024_UWR/install/sonar_msgs/include/sonar_msgs/sonar_msgs/msg
[0.645s] -- Up-to-date: /home/uwr/Desktop/2024_UWR/install/sonar_msgs/include/sonar_msgs/sonar_msgs/msg/detail
[0.645s] -- Up-to-date: /home/uwr/Desktop/2024_UWR/install/sonar_msgs/include/sonar_msgs/sonar_msgs/msg/detail/kf_values__rosidl_typesupport_fastrtps_cpp.hpp
[0.646s] -- Up-to-date: /home/uwr/Desktop/2024_UWR/install/sonar_msgs/include/sonar_msgs/sonar_msgs/msg/detail/three_sonar_depth__rosidl_typesupport_fastrtps_cpp.hpp
[0.646s] -- Up-to-date: /home/uwr/Desktop/2024_UWR/install/sonar_msgs/include/sonar_msgs/sonar_msgs/msg/detail/conf_scal__rosidl_typesupport_fastrtps_cpp.hpp
[0.646s] -- Up-to-date: /home/uwr/Desktop/2024_UWR/install/sonar_msgs/include/sonar_msgs/sonar_msgs/msg/detail/dds_fastrtps
[0.646s] -- Up-to-date: /home/uwr/Desktop/2024_UWR/install/sonar_msgs/include/sonar_msgs/sonar_msgs/msg/rosidl_typesupport_fastrtps_cpp__visibility_control.h
[0.646s] -- Up-to-date: /home/uwr/Desktop/2024_UWR/install/sonar_msgs/lib/libsonar_msgs__rosidl_typesupport_fastrtps_cpp.so
[0.646s] -- Up-to-date: /home/uwr/Desktop/2024_UWR/install/sonar_msgs/include/sonar_msgs/sonar_msgs
[0.647s] -- Up-to-date: /home/uwr/Desktop/2024_UWR/install/sonar_msgs/include/sonar_msgs/sonar_msgs/msg
[0.647s] -- Up-to-date: /home/uwr/Desktop/2024_UWR/install/sonar_msgs/include/sonar_msgs/sonar_msgs/msg/rosidl_typesupport_introspection_c__visibility_control.h
[0.647s] -- Up-to-date: /home/uwr/Desktop/2024_UWR/install/sonar_msgs/include/sonar_msgs/sonar_msgs/msg/detail
[0.647s] -- Up-to-date: /home/uwr/Desktop/2024_UWR/install/sonar_msgs/include/sonar_msgs/sonar_msgs/msg/detail/kf_values__type_support.c
[0.647s] -- Up-to-date: /home/uwr/Desktop/2024_UWR/install/sonar_msgs/include/sonar_msgs/sonar_msgs/msg/detail/conf_scal__type_support.c
[0.647s] -- Up-to-date: /home/uwr/Desktop/2024_UWR/install/sonar_msgs/include/sonar_msgs/sonar_msgs/msg/detail/conf_scal__rosidl_typesupport_introspection_c.h
[0.647s] -- Up-to-date: /home/uwr/Desktop/2024_UWR/install/sonar_msgs/include/sonar_msgs/sonar_msgs/msg/detail/three_sonar_depth__type_support.c
[0.647s] -- Up-to-date: /home/uwr/Desktop/2024_UWR/install/sonar_msgs/include/sonar_msgs/sonar_msgs/msg/detail/three_sonar_depth__rosidl_typesupport_introspection_c.h
[0.648s] -- Up-to-date: /home/uwr/Desktop/2024_UWR/install/sonar_msgs/include/sonar_msgs/sonar_msgs/msg/detail/kf_values__rosidl_typesupport_introspection_c.h
[0.648s] -- Up-to-date: /home/uwr/Desktop/2024_UWR/install/sonar_msgs/lib/libsonar_msgs__rosidl_typesupport_introspection_c.so
[0.648s] -- Up-to-date: /home/uwr/Desktop/2024_UWR/install/sonar_msgs/lib/libsonar_msgs__rosidl_typesupport_c.so
[0.648s] -- Up-to-date: /home/uwr/Desktop/2024_UWR/install/sonar_msgs/include/sonar_msgs/sonar_msgs
[0.648s] -- Up-to-date: /home/uwr/Desktop/2024_UWR/install/sonar_msgs/include/sonar_msgs/sonar_msgs/msg
[0.648s] -- Up-to-date: /home/uwr/Desktop/2024_UWR/install/sonar_msgs/include/sonar_msgs/sonar_msgs/msg/detail
[0.648s] -- Up-to-date: /home/uwr/Desktop/2024_UWR/install/sonar_msgs/include/sonar_msgs/sonar_msgs/msg/detail/three_sonar_depth__type_support.cpp
[0.648s] -- Up-to-date: /home/uwr/Desktop/2024_UWR/install/sonar_msgs/include/sonar_msgs/sonar_msgs/msg/detail/kf_values__rosidl_typesupport_introspection_cpp.hpp
[0.648s] -- Up-to-date: /home/uwr/Desktop/2024_UWR/install/sonar_msgs/include/sonar_msgs/sonar_msgs/msg/detail/three_sonar_depth__rosidl_typesupport_introspection_cpp.hpp
[0.648s] -- Up-to-date: /home/uwr/Desktop/2024_UWR/install/sonar_msgs/include/sonar_msgs/sonar_msgs/msg/detail/conf_scal__type_support.cpp
[0.648s] -- Up-to-date: /home/uwr/Desktop/2024_UWR/install/sonar_msgs/include/sonar_msgs/sonar_msgs/msg/detail/conf_scal__rosidl_typesupport_introspection_cpp.hpp
[0.649s] -- Up-to-date: /home/uwr/Desktop/2024_UWR/install/sonar_msgs/include/sonar_msgs/sonar_msgs/msg/detail/kf_values__type_support.cpp
[0.649s] -- Up-to-date: /home/uwr/Desktop/2024_UWR/install/sonar_msgs/lib/libsonar_msgs__rosidl_typesupport_introspection_cpp.so
[0.649s] -- Up-to-date: /home/uwr/Desktop/2024_UWR/install/sonar_msgs/lib/libsonar_msgs__rosidl_typesupport_cpp.so
[0.649s] -- Up-to-date: /home/uwr/Desktop/2024_UWR/install/sonar_msgs/share/sonar_msgs/environment/pythonpath.sh
[0.649s] -- Up-to-date: /home/uwr/Desktop/2024_UWR/install/sonar_msgs/share/sonar_msgs/environment/pythonpath.dsv
[0.649s] -- Up-to-date: /home/uwr/Desktop/2024_UWR/install/sonar_msgs/local/lib/python3.10/dist-packages/sonar_msgs-0.0.0-py3.10.egg-info
[0.649s] -- Installing: /home/uwr/Desktop/2024_UWR/install/sonar_msgs/local/lib/python3.10/dist-packages/sonar_msgs-0.0.0-py3.10.egg-info/top_level.txt
[0.649s] -- Installing: /home/uwr/Desktop/2024_UWR/install/sonar_msgs/local/lib/python3.10/dist-packages/sonar_msgs-0.0.0-py3.10.egg-info/dependency_links.txt
[0.649s] -- Installing: /home/uwr/Desktop/2024_UWR/install/sonar_msgs/local/lib/python3.10/dist-packages/sonar_msgs-0.0.0-py3.10.egg-info/PKG-INFO
[0.649s] -- Installing: /home/uwr/Desktop/2024_UWR/install/sonar_msgs/local/lib/python3.10/dist-packages/sonar_msgs-0.0.0-py3.10.egg-info/SOURCES.txt
[0.649s] -- Up-to-date: /home/uwr/Desktop/2024_UWR/install/sonar_msgs/local/lib/python3.10/dist-packages/sonar_msgs
[0.649s] -- Up-to-date: /home/uwr/Desktop/2024_UWR/install/sonar_msgs/local/lib/python3.10/dist-packages/sonar_msgs/libsonar_msgs__rosidl_generator_py.so
[0.650s] -- Up-to-date: /home/uwr/Desktop/2024_UWR/install/sonar_msgs/local/lib/python3.10/dist-packages/sonar_msgs/sonar_msgs_s__rosidl_typesupport_fastrtps_c.cpython-310-x86_64-linux-gnu.so
[0.650s] -- Up-to-date: /home/uwr/Desktop/2024_UWR/install/sonar_msgs/local/lib/python3.10/dist-packages/sonar_msgs/_sonar_msgs_s.ep.rosidl_typesupport_introspection_c.c
[0.650s] -- Up-to-date: /home/uwr/Desktop/2024_UWR/install/sonar_msgs/local/lib/python3.10/dist-packages/sonar_msgs/sonar_msgs_s__rosidl_typesupport_introspection_c.cpython-310-x86_64-linux-gnu.so
[0.650s] -- Up-to-date: /home/uwr/Desktop/2024_UWR/install/sonar_msgs/local/lib/python3.10/dist-packages/sonar_msgs/_sonar_msgs_s.ep.rosidl_typesupport_c.c
[0.650s] -- Up-to-date: /home/uwr/Desktop/2024_UWR/install/sonar_msgs/local/lib/python3.10/dist-packages/sonar_msgs/msg
[0.651s] -- Up-to-date: /home/uwr/Desktop/2024_UWR/install/sonar_msgs/local/lib/python3.10/dist-packages/sonar_msgs/msg/_conf_scal.py
[0.651s] -- Up-to-date: /home/uwr/Desktop/2024_UWR/install/sonar_msgs/local/lib/python3.10/dist-packages/sonar_msgs/msg/_three_sonar_depth_s.c
[0.651s] -- Up-to-date: /home/uwr/Desktop/2024_UWR/install/sonar_msgs/local/lib/python3.10/dist-packages/sonar_msgs/msg/_kf_values_s.c
[0.651s] -- Up-to-date: /home/uwr/Desktop/2024_UWR/install/sonar_msgs/local/lib/python3.10/dist-packages/sonar_msgs/msg/_three_sonar_depth.py
[0.651s] -- Up-to-date: /home/uwr/Desktop/2024_UWR/install/sonar_msgs/local/lib/python3.10/dist-packages/sonar_msgs/msg/_kf_values.py
[0.651s] -- Up-to-date: /home/uwr/Desktop/2024_UWR/install/sonar_msgs/local/lib/python3.10/dist-packages/sonar_msgs/msg/_conf_scal_s.c
[0.651s] -- Up-to-date: /home/uwr/Desktop/2024_UWR/install/sonar_msgs/local/lib/python3.10/dist-packages/sonar_msgs/msg/__init__.py
[0.651s] -- Up-to-date: /home/uwr/Desktop/2024_UWR/install/sonar_msgs/local/lib/python3.10/dist-packages/sonar_msgs/__init__.py
[0.652s] -- Up-to-date: /home/uwr/Desktop/2024_UWR/install/sonar_msgs/local/lib/python3.10/dist-packages/sonar_msgs/sonar_msgs_s__rosidl_typesupport_c.cpython-310-x86_64-linux-gnu.so
[0.652s] -- Up-to-date: /home/uwr/Desktop/2024_UWR/install/sonar_msgs/local/lib/python3.10/dist-packages/sonar_msgs/_sonar_msgs_s.ep.rosidl_typesupport_fastrtps_c.c
[0.680s] Listing '/home/uwr/Desktop/2024_UWR/install/sonar_msgs/local/lib/python3.10/dist-packages/sonar_msgs'...
[0.680s] Listing '/home/uwr/Desktop/2024_UWR/install/sonar_msgs/local/lib/python3.10/dist-packages/sonar_msgs/msg'...
[0.685s] -- Up-to-date: /home/uwr/Desktop/2024_UWR/install/sonar_msgs/local/lib/python3.10/dist-packages/sonar_msgs/sonar_msgs_s__rosidl_typesupport_fastrtps_c.cpython-310-x86_64-linux-gnu.so
[0.685s] -- Up-to-date: /home/uwr/Desktop/2024_UWR/install/sonar_msgs/local/lib/python3.10/dist-packages/sonar_msgs/sonar_msgs_s__rosidl_typesupport_introspection_c.cpython-310-x86_64-linux-gnu.so
[0.686s] -- Up-to-date: /home/uwr/Desktop/2024_UWR/install/sonar_msgs/local/lib/python3.10/dist-packages/sonar_msgs/sonar_msgs_s__rosidl_typesupport_c.cpython-310-x86_64-linux-gnu.so
[0.686s] -- Up-to-date: /home/uwr/Desktop/2024_UWR/install/sonar_msgs/lib/libsonar_msgs__rosidl_generator_py.so
[0.686s] -- Up-to-date: /home/uwr/Desktop/2024_UWR/install/sonar_msgs/share/sonar_msgs/msg/ThreeSonarDepth.idl
[0.686s] -- Up-to-date: /home/uwr/Desktop/2024_UWR/install/sonar_msgs/share/sonar_msgs/msg/ConfScal.idl
[0.687s] -- Up-to-date: /home/uwr/Desktop/2024_UWR/install/sonar_msgs/share/sonar_msgs/msg/KfValues.idl
[0.687s] -- Up-to-date: /home/uwr/Desktop/2024_UWR/install/sonar_msgs/share/sonar_msgs/msg/ThreeSonarDepth.msg
[0.687s] -- Up-to-date: /home/uwr/Desktop/2024_UWR/install/sonar_msgs/share/sonar_msgs/msg/ConfScal.msg
[0.687s] -- Up-to-date: /home/uwr/Desktop/2024_UWR/install/sonar_msgs/share/sonar_msgs/msg/KfValues.msg
[0.687s] -- Up-to-date: /home/uwr/Desktop/2024_UWR/install/sonar_msgs/share/ament_index/resource_index/package_run_dependencies/sonar_msgs
[0.687s] -- Up-to-date: /home/uwr/Desktop/2024_UWR/install/sonar_msgs/share/ament_index/resource_index/parent_prefix_path/sonar_msgs
[0.688s] -- Up-to-date: /home/uwr/Desktop/2024_UWR/install/sonar_msgs/share/sonar_msgs/environment/ament_prefix_path.sh
[0.688s] -- Up-to-date: /home/uwr/Desktop/2024_UWR/install/sonar_msgs/share/sonar_msgs/environment/ament_prefix_path.dsv
[0.688s] -- Up-to-date: /home/uwr/Desktop/2024_UWR/install/sonar_msgs/share/sonar_msgs/environment/path.sh
[0.688s] -- Up-to-date: /home/uwr/Desktop/2024_UWR/install/sonar_msgs/share/sonar_msgs/environment/path.dsv
[0.688s] -- Up-to-date: /home/uwr/Desktop/2024_UWR/install/sonar_msgs/share/sonar_msgs/local_setup.bash
[0.688s] -- Up-to-date: /home/uwr/Desktop/2024_UWR/install/sonar_msgs/share/sonar_msgs/local_setup.sh
[0.688s] -- Up-to-date: /home/uwr/Desktop/2024_UWR/install/sonar_msgs/share/sonar_msgs/local_setup.zsh
[0.689s] -- Up-to-date: /home/uwr/Desktop/2024_UWR/install/sonar_msgs/share/sonar_msgs/local_setup.dsv
[0.689s] -- Installing: /home/uwr/Desktop/2024_UWR/install/sonar_msgs/share/sonar_msgs/package.dsv
[0.689s] -- Up-to-date: /home/uwr/Desktop/2024_UWR/install/sonar_msgs/share/ament_index/resource_index/packages/sonar_msgs
[0.689s] -- Up-to-date: /home/uwr/Desktop/2024_UWR/install/sonar_msgs/share/sonar_msgs/cmake/export_sonar_msgs__rosidl_generator_cExport.cmake
[0.689s] -- Up-to-date: /home/uwr/Desktop/2024_UWR/install/sonar_msgs/share/sonar_msgs/cmake/export_sonar_msgs__rosidl_generator_cExport-noconfig.cmake
[0.689s] -- Up-to-date: /home/uwr/Desktop/2024_UWR/install/sonar_msgs/share/sonar_msgs/cmake/export_sonar_msgs__rosidl_typesupport_fastrtps_cExport.cmake
[0.689s] -- Up-to-date: /home/uwr/Desktop/2024_UWR/install/sonar_msgs/share/sonar_msgs/cmake/export_sonar_msgs__rosidl_typesupport_fastrtps_cExport-noconfig.cmake
[0.689s] -- Up-to-date: /home/uwr/Desktop/2024_UWR/install/sonar_msgs/share/sonar_msgs/cmake/export_sonar_msgs__rosidl_generator_cppExport.cmake
[0.690s] -- Up-to-date: /home/uwr/Desktop/2024_UWR/install/sonar_msgs/share/sonar_msgs/cmake/export_sonar_msgs__rosidl_typesupport_fastrtps_cppExport.cmake
[0.690s] -- Up-to-date: /home/uwr/Desktop/2024_UWR/install/sonar_msgs/share/sonar_msgs/cmake/export_sonar_msgs__rosidl_typesupport_fastrtps_cppExport-noconfig.cmake
[0.690s] -- Up-to-date: /home/uwr/Desktop/2024_UWR/install/sonar_msgs/share/sonar_msgs/cmake/sonar_msgs__rosidl_typesupport_introspection_cExport.cmake
[0.690s] -- Up-to-date: /home/uwr/Desktop/2024_UWR/install/sonar_msgs/share/sonar_msgs/cmake/sonar_msgs__rosidl_typesupport_introspection_cExport-noconfig.cmake
[0.690s] -- Up-to-date: /home/uwr/Desktop/2024_UWR/install/sonar_msgs/share/sonar_msgs/cmake/sonar_msgs__rosidl_typesupport_cExport.cmake
[0.690s] -- Up-to-date: /home/uwr/Desktop/2024_UWR/install/sonar_msgs/share/sonar_msgs/cmake/sonar_msgs__rosidl_typesupport_cExport-noconfig.cmake
[0.690s] -- Up-to-date: /home/uwr/Desktop/2024_UWR/install/sonar_msgs/share/sonar_msgs/cmake/sonar_msgs__rosidl_typesupport_introspection_cppExport.cmake
[0.690s] -- Up-to-date: /home/uwr/Desktop/2024_UWR/install/sonar_msgs/share/sonar_msgs/cmake/sonar_msgs__rosidl_typesupport_introspection_cppExport-noconfig.cmake
[0.690s] -- Up-to-date: /home/uwr/Desktop/2024_UWR/install/sonar_msgs/share/sonar_msgs/cmake/sonar_msgs__rosidl_typesupport_cppExport.cmake
[0.691s] -- Up-to-date: /home/uwr/Desktop/2024_UWR/install/sonar_msgs/share/sonar_msgs/cmake/sonar_msgs__rosidl_typesupport_cppExport-noconfig.cmake
[0.691s] -- Up-to-date: /home/uwr/Desktop/2024_UWR/install/sonar_msgs/share/sonar_msgs/cmake/export_sonar_msgs__rosidl_generator_pyExport.cmake
[0.691s] -- Up-to-date: /home/uwr/Desktop/2024_UWR/install/sonar_msgs/share/sonar_msgs/cmake/export_sonar_msgs__rosidl_generator_pyExport-noconfig.cmake
[0.691s] -- Up-to-date: /home/uwr/Desktop/2024_UWR/install/sonar_msgs/share/sonar_msgs/cmake/rosidl_cmake-extras.cmake
[0.691s] -- Up-to-date: /home/uwr/Desktop/2024_UWR/install/sonar_msgs/share/sonar_msgs/cmake/ament_cmake_export_dependencies-extras.cmake
[0.691s] -- Up-to-date: /home/uwr/Desktop/2024_UWR/install/sonar_msgs/share/sonar_msgs/cmake/ament_cmake_export_include_directories-extras.cmake
[0.691s] -- Up-to-date: /home/uwr/Desktop/2024_UWR/install/sonar_msgs/share/sonar_msgs/cmake/ament_cmake_export_libraries-extras.cmake
[0.692s] -- Up-to-date: /home/uwr/Desktop/2024_UWR/install/sonar_msgs/share/sonar_msgs/cmake/ament_cmake_export_targets-extras.cmake
[0.692s] -- Up-to-date: /home/uwr/Desktop/2024_UWR/install/sonar_msgs/share/sonar_msgs/cmake/rosidl_cmake_export_typesupport_targets-extras.cmake
[0.692s] -- Up-to-date: /home/uwr/Desktop/2024_UWR/install/sonar_msgs/share/sonar_msgs/cmake/rosidl_cmake_export_typesupport_libraries-extras.cmake
[0.692s] -- Up-to-date: /home/uwr/Desktop/2024_UWR/install/sonar_msgs/share/sonar_msgs/cmake/sonar_msgsConfig.cmake
[0.692s] -- Up-to-date: /home/uwr/Desktop/2024_UWR/install/sonar_msgs/share/sonar_msgs/cmake/sonar_msgsConfig-version.cmake
[0.692s] -- Up-to-date: /home/uwr/Desktop/2024_UWR/install/sonar_msgs/share/sonar_msgs/package.xml
[0.697s] Invoked command in '/home/uwr/Desktop/2024_UWR/build/sonar_msgs' returned '0': CMAKE_PREFIX_PATH=/opt/ros/humble /usr/bin/cmake --install /home/uwr/Desktop/2024_UWR/build/sonar_msgs
