[0.120s] DEBUG:colcon:Command line arguments: ['/usr/bin/colcon', 'build', '--symlink-install']
[0.120s] DEBUG:colcon:Parsed command line arguments: Namespace(log_base=None, log_level=None, verb_name='build', build_base='build', install_base='install', merge_install=False, symlink_install=True, test_result_base=None, continue_on_error=False, executor='parallel', parallel_workers=8, event_handlers=None, ignore_user_meta=False, metas=['./colcon.meta'], base_paths=['.'], packages_ignore=None, packages_ignore_regex=None, paths=None, packages_up_to=None, packages_up_to_regex=None, packages_above=None, packages_above_and_dependencies=None, packages_above_depth=None, packages_select_by_dep=None, packages_skip_by_dep=None, packages_skip_up_to=None, packages_select_build_failed=False, packages_skip_build_finished=False, packages_select_test_failures=False, packages_skip_test_passed=False, packages_select=None, packages_skip=None, packages_select_regex=None, packages_skip_regex=None, packages_start=None, packages_end=None, allow_overriding=[], cmake_args=None, cmake_target=None, cmake_target_skip_unavailable=False, cmake_clean_cache=False, cmake_clean_first=False, cmake_force_configure=False, ament_cmake_args=None, catkin_cmake_args=None, catkin_skip_building_tests=False, verb_parser=<colcon_defaults.argument_parser.defaults.DefaultArgumentsDecorator object at 0x782e8a3e4a60>, verb_extension=<colcon_core.verb.build.BuildVerb object at 0x782e8a4d94b0>, main=<bound method BuildVerb.main of <colcon_core.verb.build.BuildVerb object at 0x782e8a4d94b0>>)
[0.302s] Level 1:colcon.colcon_core.package_discovery:discover_packages(colcon_meta) check parameters
[0.303s] Level 1:colcon.colcon_core.package_discovery:discover_packages(recursive) check parameters
[0.303s] Level 1:colcon.colcon_core.package_discovery:discover_packages(ignore) check parameters
[0.303s] Level 1:colcon.colcon_core.package_discovery:discover_packages(path) check parameters
[0.303s] Level 1:colcon.colcon_core.package_discovery:discover_packages(colcon_meta) discover
[0.303s] Level 1:colcon.colcon_core.package_discovery:discover_packages(recursive) discover
[0.303s] INFO:colcon.colcon_core.package_discovery:Crawling recursively for packages in '/home/uwr/Desktop/2024_UWR'
[0.303s] Level 1:colcon.colcon_core.package_identification:_identify(.) by extensions ['ignore', 'ignore_ament_install']
[0.303s] Level 1:colcon.colcon_core.package_identification:_identify(.) by extension 'ignore'
[0.303s] Level 1:colcon.colcon_core.package_identification:_identify(.) by extension 'ignore_ament_install'
[0.303s] Level 1:colcon.colcon_core.package_identification:_identify(.) by extensions ['colcon_pkg']
[0.303s] Level 1:colcon.colcon_core.package_identification:_identify(.) by extension 'colcon_pkg'
[0.303s] Level 1:colcon.colcon_core.package_identification:_identify(.) by extensions ['colcon_meta']
[0.303s] Level 1:colcon.colcon_core.package_identification:_identify(.) by extension 'colcon_meta'
[0.303s] Level 1:colcon.colcon_core.package_identification:_identify(.) by extensions ['ros']
[0.303s] Level 1:colcon.colcon_core.package_identification:_identify(.) by extension 'ros'
[0.315s] Level 1:colcon.colcon_core.package_identification:_identify(.) by extensions ['cmake', 'python']
[0.315s] Level 1:colcon.colcon_core.package_identification:_identify(.) by extension 'cmake'
[0.315s] Level 1:colcon.colcon_core.package_identification:_identify(.) by extension 'python'
[0.315s] Level 1:colcon.colcon_core.package_identification:_identify(.) by extensions ['python_setup_py']
[0.315s] Level 1:colcon.colcon_core.package_identification:_identify(.) by extension 'python_setup_py'
[0.315s] Level 1:colcon.colcon_core.package_identification:_identify(Analysis) by extensions ['ignore', 'ignore_ament_install']
[0.315s] Level 1:colcon.colcon_core.package_identification:_identify(Analysis) by extension 'ignore'
[0.315s] Level 1:colcon.colcon_core.package_identification:_identify(Analysis) by extension 'ignore_ament_install'
[0.315s] Level 1:colcon.colcon_core.package_identification:_identify(Analysis) by extensions ['colcon_pkg']
[0.315s] Level 1:colcon.colcon_core.package_identification:_identify(Analysis) by extension 'colcon_pkg'
[0.316s] Level 1:colcon.colcon_core.package_identification:_identify(Analysis) by extensions ['colcon_meta']
[0.316s] Level 1:colcon.colcon_core.package_identification:_identify(Analysis) by extension 'colcon_meta'
[0.316s] Level 1:colcon.colcon_core.package_identification:_identify(Analysis) by extensions ['ros']
[0.316s] Level 1:colcon.colcon_core.package_identification:_identify(Analysis) by extension 'ros'
[0.316s] Level 1:colcon.colcon_core.package_identification:_identify(Analysis) by extensions ['cmake', 'python']
[0.316s] Level 1:colcon.colcon_core.package_identification:_identify(Analysis) by extension 'cmake'
[0.316s] Level 1:colcon.colcon_core.package_identification:_identify(Analysis) by extension 'python'
[0.316s] Level 1:colcon.colcon_core.package_identification:_identify(Analysis) by extensions ['python_setup_py']
[0.316s] Level 1:colcon.colcon_core.package_identification:_identify(Analysis) by extension 'python_setup_py'
[0.316s] Level 1:colcon.colcon_core.package_identification:_identify(Analysis/Last) by extensions ['ignore', 'ignore_ament_install']
[0.316s] Level 1:colcon.colcon_core.package_identification:_identify(Analysis/Last) by extension 'ignore'
[0.316s] Level 1:colcon.colcon_core.package_identification:_identify(Analysis/Last) by extension 'ignore_ament_install'
[0.316s] Level 1:colcon.colcon_core.package_identification:_identify(Analysis/Last) by extensions ['colcon_pkg']
[0.316s] Level 1:colcon.colcon_core.package_identification:_identify(Analysis/Last) by extension 'colcon_pkg'
[0.316s] Level 1:colcon.colcon_core.package_identification:_identify(Analysis/Last) by extensions ['colcon_meta']
[0.316s] Level 1:colcon.colcon_core.package_identification:_identify(Analysis/Last) by extension 'colcon_meta'
[0.316s] Level 1:colcon.colcon_core.package_identification:_identify(Analysis/Last) by extensions ['ros']
[0.316s] Level 1:colcon.colcon_core.package_identification:_identify(Analysis/Last) by extension 'ros'
[0.316s] Level 1:colcon.colcon_core.package_identification:_identify(Analysis/Last) by extensions ['cmake', 'python']
[0.316s] Level 1:colcon.colcon_core.package_identification:_identify(Analysis/Last) by extension 'cmake'
[0.317s] Level 1:colcon.colcon_core.package_identification:_identify(Analysis/Last) by extension 'python'
[0.317s] Level 1:colcon.colcon_core.package_identification:_identify(Analysis/Last) by extensions ['python_setup_py']
[0.317s] Level 1:colcon.colcon_core.package_identification:_identify(Analysis/Last) by extension 'python_setup_py'
[0.317s] Level 1:colcon.colcon_core.package_identification:_identify(build) by extensions ['ignore', 'ignore_ament_install']
[0.317s] Level 1:colcon.colcon_core.package_identification:_identify(build) by extension 'ignore'
[0.317s] Level 1:colcon.colcon_core.package_identification:_identify(build) ignored
[0.317s] Level 1:colcon.colcon_core.package_identification:_identify(install) by extensions ['ignore', 'ignore_ament_install']
[0.317s] Level 1:colcon.colcon_core.package_identification:_identify(install) by extension 'ignore'
[0.317s] Level 1:colcon.colcon_core.package_identification:_identify(install) ignored
[0.317s] Level 1:colcon.colcon_core.package_identification:_identify(log) by extensions ['ignore', 'ignore_ament_install']
[0.317s] Level 1:colcon.colcon_core.package_identification:_identify(log) by extension 'ignore'
[0.317s] Level 1:colcon.colcon_core.package_identification:_identify(log) ignored
[0.317s] Level 1:colcon.colcon_core.package_identification:_identify(src) by extensions ['ignore', 'ignore_ament_install']
[0.318s] Level 1:colcon.colcon_core.package_identification:_identify(src) by extension 'ignore'
[0.318s] Level 1:colcon.colcon_core.package_identification:_identify(src) by extension 'ignore_ament_install'
[0.318s] Level 1:colcon.colcon_core.package_identification:_identify(src) by extensions ['colcon_pkg']
[0.318s] Level 1:colcon.colcon_core.package_identification:_identify(src) by extension 'colcon_pkg'
[0.318s] Level 1:colcon.colcon_core.package_identification:_identify(src) by extensions ['colcon_meta']
[0.318s] Level 1:colcon.colcon_core.package_identification:_identify(src) by extension 'colcon_meta'
[0.318s] Level 1:colcon.colcon_core.package_identification:_identify(src) by extensions ['ros']
[0.318s] Level 1:colcon.colcon_core.package_identification:_identify(src) by extension 'ros'
[0.318s] Level 1:colcon.colcon_core.package_identification:_identify(src) by extensions ['cmake', 'python']
[0.318s] Level 1:colcon.colcon_core.package_identification:_identify(src) by extension 'cmake'
[0.318s] Level 1:colcon.colcon_core.package_identification:_identify(src) by extension 'python'
[0.318s] Level 1:colcon.colcon_core.package_identification:_identify(src) by extensions ['python_setup_py']
[0.318s] Level 1:colcon.colcon_core.package_identification:_identify(src) by extension 'python_setup_py'
[0.318s] Level 1:colcon.colcon_core.package_identification:_identify(src/adnav-driver) by extensions ['ignore', 'ignore_ament_install']
[0.318s] Level 1:colcon.colcon_core.package_identification:_identify(src/adnav-driver) by extension 'ignore'
[0.318s] Level 1:colcon.colcon_core.package_identification:_identify(src/adnav-driver) by extension 'ignore_ament_install'
[0.318s] Level 1:colcon.colcon_core.package_identification:_identify(src/adnav-driver) by extensions ['colcon_pkg']
[0.318s] Level 1:colcon.colcon_core.package_identification:_identify(src/adnav-driver) by extension 'colcon_pkg'
[0.319s] Level 1:colcon.colcon_core.package_identification:_identify(src/adnav-driver) by extensions ['colcon_meta']
[0.319s] Level 1:colcon.colcon_core.package_identification:_identify(src/adnav-driver) by extension 'colcon_meta'
[0.319s] Level 1:colcon.colcon_core.package_identification:_identify(src/adnav-driver) by extensions ['ros']
[0.319s] Level 1:colcon.colcon_core.package_identification:_identify(src/adnav-driver) by extension 'ros'
[0.321s] DEBUG:colcon.colcon_core.package_identification:Package 'src/adnav-driver' with type 'ros.ament_cmake' and name 'adnav-driver'
[0.321s] Level 1:colcon.colcon_core.package_identification:_identify(src/kalman_filter) by extensions ['ignore', 'ignore_ament_install']
[0.321s] Level 1:colcon.colcon_core.package_identification:_identify(src/kalman_filter) by extension 'ignore'
[0.321s] Level 1:colcon.colcon_core.package_identification:_identify(src/kalman_filter) by extension 'ignore_ament_install'
[0.322s] Level 1:colcon.colcon_core.package_identification:_identify(src/kalman_filter) by extensions ['colcon_pkg']
[0.322s] Level 1:colcon.colcon_core.package_identification:_identify(src/kalman_filter) by extension 'colcon_pkg'
[0.322s] Level 1:colcon.colcon_core.package_identification:_identify(src/kalman_filter) by extensions ['colcon_meta']
[0.322s] Level 1:colcon.colcon_core.package_identification:_identify(src/kalman_filter) by extension 'colcon_meta'
[0.322s] Level 1:colcon.colcon_core.package_identification:_identify(src/kalman_filter) by extensions ['ros']
[0.322s] Level 1:colcon.colcon_core.package_identification:_identify(src/kalman_filter) by extension 'ros'
[0.323s] DEBUG:colcon.colcon_core.package_identification:Package 'src/kalman_filter' with type 'ros.ament_cmake' and name 'kalman_filter'
[0.323s] Level 1:colcon.colcon_core.package_identification:_identify(src/ntrip) by extensions ['ignore', 'ignore_ament_install']
[0.323s] Level 1:colcon.colcon_core.package_identification:_identify(src/ntrip) by extension 'ignore'
[0.323s] Level 1:colcon.colcon_core.package_identification:_identify(src/ntrip) by extension 'ignore_ament_install'
[0.323s] Level 1:colcon.colcon_core.package_identification:_identify(src/ntrip) by extensions ['colcon_pkg']
[0.323s] Level 1:colcon.colcon_core.package_identification:_identify(src/ntrip) by extension 'colcon_pkg'
[0.323s] Level 1:colcon.colcon_core.package_identification:_identify(src/ntrip) by extensions ['colcon_meta']
[0.323s] Level 1:colcon.colcon_core.package_identification:_identify(src/ntrip) by extension 'colcon_meta'
[0.323s] Level 1:colcon.colcon_core.package_identification:_identify(src/ntrip) by extensions ['ros']
[0.323s] Level 1:colcon.colcon_core.package_identification:_identify(src/ntrip) by extension 'ros'
[0.324s] DEBUG:colcon.colcon_core.package_identification:Package 'src/ntrip' with type 'ros.ament_cmake' and name 'ntrip'
[0.324s] Level 1:colcon.colcon_core.package_identification:_identify(src/ros2-driver) by extensions ['ignore', 'ignore_ament_install']
[0.324s] Level 1:colcon.colcon_core.package_identification:_identify(src/ros2-driver) by extension 'ignore'
[0.324s] Level 1:colcon.colcon_core.package_identification:_identify(src/ros2-driver) by extension 'ignore_ament_install'
[0.324s] Level 1:colcon.colcon_core.package_identification:_identify(src/ros2-driver) by extensions ['colcon_pkg']
[0.324s] Level 1:colcon.colcon_core.package_identification:_identify(src/ros2-driver) by extension 'colcon_pkg'
[0.324s] Level 1:colcon.colcon_core.package_identification:_identify(src/ros2-driver) by extensions ['colcon_meta']
[0.324s] Level 1:colcon.colcon_core.package_identification:_identify(src/ros2-driver) by extension 'colcon_meta'
[0.324s] Level 1:colcon.colcon_core.package_identification:_identify(src/ros2-driver) by extensions ['ros']
[0.324s] Level 1:colcon.colcon_core.package_identification:_identify(src/ros2-driver) by extension 'ros'
[0.325s] DEBUG:colcon.colcon_core.package_identification:Package 'src/ros2-driver' with type 'ros.ament_cmake' and name 'ros2-driver'
[0.325s] Level 1:colcon.colcon_core.package_identification:_identify(src/sonar_msgs) by extensions ['ignore', 'ignore_ament_install']
[0.325s] Level 1:colcon.colcon_core.package_identification:_identify(src/sonar_msgs) by extension 'ignore'
[0.326s] Level 1:colcon.colcon_core.package_identification:_identify(src/sonar_msgs) by extension 'ignore_ament_install'
[0.326s] Level 1:colcon.colcon_core.package_identification:_identify(src/sonar_msgs) by extensions ['colcon_pkg']
[0.326s] Level 1:colcon.colcon_core.package_identification:_identify(src/sonar_msgs) by extension 'colcon_pkg'
[0.326s] Level 1:colcon.colcon_core.package_identification:_identify(src/sonar_msgs) by extensions ['colcon_meta']
[0.326s] Level 1:colcon.colcon_core.package_identification:_identify(src/sonar_msgs) by extension 'colcon_meta'
[0.326s] Level 1:colcon.colcon_core.package_identification:_identify(src/sonar_msgs) by extensions ['ros']
[0.326s] Level 1:colcon.colcon_core.package_identification:_identify(src/sonar_msgs) by extension 'ros'
[0.326s] DEBUG:colcon.colcon_core.package_identification:Package 'src/sonar_msgs' with type 'ros.ament_cmake' and name 'sonar_msgs'
[0.327s] Level 1:colcon.colcon_core.package_identification:_identify(src/sonar_subs) by extensions ['ignore', 'ignore_ament_install']
[0.327s] Level 1:colcon.colcon_core.package_identification:_identify(src/sonar_subs) by extension 'ignore'
[0.327s] Level 1:colcon.colcon_core.package_identification:_identify(src/sonar_subs) by extension 'ignore_ament_install'
[0.327s] Level 1:colcon.colcon_core.package_identification:_identify(src/sonar_subs) by extensions ['colcon_pkg']
[0.327s] Level 1:colcon.colcon_core.package_identification:_identify(src/sonar_subs) by extension 'colcon_pkg'
[0.327s] Level 1:colcon.colcon_core.package_identification:_identify(src/sonar_subs) by extensions ['colcon_meta']
[0.327s] Level 1:colcon.colcon_core.package_identification:_identify(src/sonar_subs) by extension 'colcon_meta'
[0.327s] Level 1:colcon.colcon_core.package_identification:_identify(src/sonar_subs) by extensions ['ros']
[0.327s] Level 1:colcon.colcon_core.package_identification:_identify(src/sonar_subs) by extension 'ros'
[0.328s] DEBUG:colcon.colcon_core.package_identification:Package 'src/sonar_subs' with type 'ros.ament_python' and name 'sonar_subs'
[0.328s] Level 1:colcon.colcon_core.package_identification:_identify(src/xsens_mti_ros2_driver) by extensions ['ignore', 'ignore_ament_install']
[0.328s] Level 1:colcon.colcon_core.package_identification:_identify(src/xsens_mti_ros2_driver) by extension 'ignore'
[0.328s] Level 1:colcon.colcon_core.package_identification:_identify(src/xsens_mti_ros2_driver) by extension 'ignore_ament_install'
[0.328s] Level 1:colcon.colcon_core.package_identification:_identify(src/xsens_mti_ros2_driver) by extensions ['colcon_pkg']
[0.328s] Level 1:colcon.colcon_core.package_identification:_identify(src/xsens_mti_ros2_driver) by extension 'colcon_pkg'
[0.328s] Level 1:colcon.colcon_core.package_identification:_identify(src/xsens_mti_ros2_driver) by extensions ['colcon_meta']
[0.328s] Level 1:colcon.colcon_core.package_identification:_identify(src/xsens_mti_ros2_driver) by extension 'colcon_meta'
[0.328s] Level 1:colcon.colcon_core.package_identification:_identify(src/xsens_mti_ros2_driver) by extensions ['ros']
[0.328s] Level 1:colcon.colcon_core.package_identification:_identify(src/xsens_mti_ros2_driver) by extension 'ros'
[0.329s] DEBUG:colcon.colcon_core.package_identification:Package 'src/xsens_mti_ros2_driver' with type 'ros.ament_cmake' and name 'xsens_mti_ros2_driver'
[0.329s] Level 1:colcon.colcon_core.package_discovery:discover_packages(recursive) using defaults
[0.329s] Level 1:colcon.colcon_core.package_discovery:discover_packages(ignore) discover
[0.329s] Level 1:colcon.colcon_core.package_discovery:discover_packages(ignore) using defaults
[0.329s] Level 1:colcon.colcon_core.package_discovery:discover_packages(path) discover
[0.329s] Level 1:colcon.colcon_core.package_discovery:discover_packages(path) using defaults
[0.352s] Level 1:colcon.colcon_core.package_discovery:discover_packages(prefix_path) check parameters
[0.352s] Level 1:colcon.colcon_core.package_discovery:discover_packages(prefix_path) discover
[0.355s] DEBUG:colcon.colcon_installed_package_information.package_discovery:Found 7 installed packages in /home/uwr/Desktop/2024_UWR/install
[0.356s] DEBUG:colcon.colcon_installed_package_information.package_discovery:Found 280 installed packages in /opt/ros/humble
[0.368s] Level 1:colcon.colcon_core.package_discovery:discover_packages(prefix_path) using defaults
[0.408s] Level 5:colcon.colcon_core.verb:set package 'adnav-driver' build argument 'cmake_args' from command line to 'None'
[0.409s] Level 5:colcon.colcon_core.verb:set package 'adnav-driver' build argument 'cmake_target' from command line to 'None'
[0.409s] Level 5:colcon.colcon_core.verb:set package 'adnav-driver' build argument 'cmake_target_skip_unavailable' from command line to 'False'
[0.409s] Level 5:colcon.colcon_core.verb:set package 'adnav-driver' build argument 'cmake_clean_cache' from command line to 'False'
[0.409s] Level 5:colcon.colcon_core.verb:set package 'adnav-driver' build argument 'cmake_clean_first' from command line to 'False'
[0.409s] Level 5:colcon.colcon_core.verb:set package 'adnav-driver' build argument 'cmake_force_configure' from command line to 'False'
[0.409s] Level 5:colcon.colcon_core.verb:set package 'adnav-driver' build argument 'ament_cmake_args' from command line to 'None'
[0.409s] Level 5:colcon.colcon_core.verb:set package 'adnav-driver' build argument 'catkin_cmake_args' from command line to 'None'
[0.409s] Level 5:colcon.colcon_core.verb:set package 'adnav-driver' build argument 'catkin_skip_building_tests' from command line to 'False'
[0.409s] DEBUG:colcon.colcon_core.verb:Building package 'adnav-driver' with the following arguments: {'ament_cmake_args': None, 'build_base': '/home/uwr/Desktop/2024_UWR/build/adnav-driver', 'catkin_cmake_args': None, 'catkin_skip_building_tests': False, 'cmake_args': None, 'cmake_clean_cache': False, 'cmake_clean_first': False, 'cmake_force_configure': False, 'cmake_target': None, 'cmake_target_skip_unavailable': False, 'install_base': '/home/uwr/Desktop/2024_UWR/install/adnav-driver', 'merge_install': False, 'path': '/home/uwr/Desktop/2024_UWR/src/adnav-driver', 'symlink_install': True, 'test_result_base': None}
[0.409s] Level 5:colcon.colcon_core.verb:set package 'ntrip' build argument 'cmake_args' from command line to 'None'
[0.409s] Level 5:colcon.colcon_core.verb:set package 'ntrip' build argument 'cmake_target' from command line to 'None'
[0.410s] Level 5:colcon.colcon_core.verb:set package 'ntrip' build argument 'cmake_target_skip_unavailable' from command line to 'False'
[0.410s] Level 5:colcon.colcon_core.verb:set package 'ntrip' build argument 'cmake_clean_cache' from command line to 'False'
[0.410s] Level 5:colcon.colcon_core.verb:set package 'ntrip' build argument 'cmake_clean_first' from command line to 'False'
[0.410s] Level 5:colcon.colcon_core.verb:set package 'ntrip' build argument 'cmake_force_configure' from command line to 'False'
[0.410s] Level 5:colcon.colcon_core.verb:set package 'ntrip' build argument 'ament_cmake_args' from command line to 'None'
[0.410s] Level 5:colcon.colcon_core.verb:set package 'ntrip' build argument 'catkin_cmake_args' from command line to 'None'
[0.410s] Level 5:colcon.colcon_core.verb:set package 'ntrip' build argument 'catkin_skip_building_tests' from command line to 'False'
[0.410s] DEBUG:colcon.colcon_core.verb:Building package 'ntrip' with the following arguments: {'ament_cmake_args': None, 'build_base': '/home/uwr/Desktop/2024_UWR/build/ntrip', 'catkin_cmake_args': None, 'catkin_skip_building_tests': False, 'cmake_args': None, 'cmake_clean_cache': False, 'cmake_clean_first': False, 'cmake_force_configure': False, 'cmake_target': None, 'cmake_target_skip_unavailable': False, 'install_base': '/home/uwr/Desktop/2024_UWR/install/ntrip', 'merge_install': False, 'path': '/home/uwr/Desktop/2024_UWR/src/ntrip', 'symlink_install': True, 'test_result_base': None}
[0.410s] Level 5:colcon.colcon_core.verb:set package 'ros2-driver' build argument 'cmake_args' from command line to 'None'
[0.410s] Level 5:colcon.colcon_core.verb:set package 'ros2-driver' build argument 'cmake_target' from command line to 'None'
[0.410s] Level 5:colcon.colcon_core.verb:set package 'ros2-driver' build argument 'cmake_target_skip_unavailable' from command line to 'False'
[0.410s] Level 5:colcon.colcon_core.verb:set package 'ros2-driver' build argument 'cmake_clean_cache' from command line to 'False'
[0.410s] Level 5:colcon.colcon_core.verb:set package 'ros2-driver' build argument 'cmake_clean_first' from command line to 'False'
[0.411s] Level 5:colcon.colcon_core.verb:set package 'ros2-driver' build argument 'cmake_force_configure' from command line to 'False'
[0.411s] Level 5:colcon.colcon_core.verb:set package 'ros2-driver' build argument 'ament_cmake_args' from command line to 'None'
[0.411s] Level 5:colcon.colcon_core.verb:set package 'ros2-driver' build argument 'catkin_cmake_args' from command line to 'None'
[0.411s] Level 5:colcon.colcon_core.verb:set package 'ros2-driver' build argument 'catkin_skip_building_tests' from command line to 'False'
[0.411s] DEBUG:colcon.colcon_core.verb:Building package 'ros2-driver' with the following arguments: {'ament_cmake_args': None, 'build_base': '/home/uwr/Desktop/2024_UWR/build/ros2-driver', 'catkin_cmake_args': None, 'catkin_skip_building_tests': False, 'cmake_args': None, 'cmake_clean_cache': False, 'cmake_clean_first': False, 'cmake_force_configure': False, 'cmake_target': None, 'cmake_target_skip_unavailable': False, 'install_base': '/home/uwr/Desktop/2024_UWR/install/ros2-driver', 'merge_install': False, 'path': '/home/uwr/Desktop/2024_UWR/src/ros2-driver', 'symlink_install': True, 'test_result_base': None}
[0.411s] Level 5:colcon.colcon_core.verb:set package 'sonar_msgs' build argument 'cmake_args' from command line to 'None'
[0.411s] Level 5:colcon.colcon_core.verb:set package 'sonar_msgs' build argument 'cmake_target' from command line to 'None'
[0.411s] Level 5:colcon.colcon_core.verb:set package 'sonar_msgs' build argument 'cmake_target_skip_unavailable' from command line to 'False'
[0.411s] Level 5:colcon.colcon_core.verb:set package 'sonar_msgs' build argument 'cmake_clean_cache' from command line to 'False'
[0.411s] Level 5:colcon.colcon_core.verb:set package 'sonar_msgs' build argument 'cmake_clean_first' from command line to 'False'
[0.411s] Level 5:colcon.colcon_core.verb:set package 'sonar_msgs' build argument 'cmake_force_configure' from command line to 'False'
[0.411s] Level 5:colcon.colcon_core.verb:set package 'sonar_msgs' build argument 'ament_cmake_args' from command line to 'None'
[0.412s] Level 5:colcon.colcon_core.verb:set package 'sonar_msgs' build argument 'catkin_cmake_args' from command line to 'None'
[0.412s] Level 5:colcon.colcon_core.verb:set package 'sonar_msgs' build argument 'catkin_skip_building_tests' from command line to 'False'
[0.412s] DEBUG:colcon.colcon_core.verb:Building package 'sonar_msgs' with the following arguments: {'ament_cmake_args': None, 'build_base': '/home/uwr/Desktop/2024_UWR/build/sonar_msgs', 'catkin_cmake_args': None, 'catkin_skip_building_tests': False, 'cmake_args': None, 'cmake_clean_cache': False, 'cmake_clean_first': False, 'cmake_force_configure': False, 'cmake_target': None, 'cmake_target_skip_unavailable': False, 'install_base': '/home/uwr/Desktop/2024_UWR/install/sonar_msgs', 'merge_install': False, 'path': '/home/uwr/Desktop/2024_UWR/src/sonar_msgs', 'symlink_install': True, 'test_result_base': None}
[0.412s] Level 5:colcon.colcon_core.verb:set package 'xsens_mti_ros2_driver' build argument 'cmake_args' from command line to 'None'
[0.412s] Level 5:colcon.colcon_core.verb:set package 'xsens_mti_ros2_driver' build argument 'cmake_target' from command line to 'None'
[0.412s] Level 5:colcon.colcon_core.verb:set package 'xsens_mti_ros2_driver' build argument 'cmake_target_skip_unavailable' from command line to 'False'
[0.412s] Level 5:colcon.colcon_core.verb:set package 'xsens_mti_ros2_driver' build argument 'cmake_clean_cache' from command line to 'False'
[0.412s] Level 5:colcon.colcon_core.verb:set package 'xsens_mti_ros2_driver' build argument 'cmake_clean_first' from command line to 'False'
[0.412s] Level 5:colcon.colcon_core.verb:set package 'xsens_mti_ros2_driver' build argument 'cmake_force_configure' from command line to 'False'
[0.412s] Level 5:colcon.colcon_core.verb:set package 'xsens_mti_ros2_driver' build argument 'ament_cmake_args' from command line to 'None'
[0.412s] Level 5:colcon.colcon_core.verb:set package 'xsens_mti_ros2_driver' build argument 'catkin_cmake_args' from command line to 'None'
[0.412s] Level 5:colcon.colcon_core.verb:set package 'xsens_mti_ros2_driver' build argument 'catkin_skip_building_tests' from command line to 'False'
[0.412s] DEBUG:colcon.colcon_core.verb:Building package 'xsens_mti_ros2_driver' with the following arguments: {'ament_cmake_args': None, 'build_base': '/home/uwr/Desktop/2024_UWR/build/xsens_mti_ros2_driver', 'catkin_cmake_args': None, 'catkin_skip_building_tests': False, 'cmake_args': None, 'cmake_clean_cache': False, 'cmake_clean_first': False, 'cmake_force_configure': False, 'cmake_target': None, 'cmake_target_skip_unavailable': False, 'install_base': '/home/uwr/Desktop/2024_UWR/install/xsens_mti_ros2_driver', 'merge_install': False, 'path': '/home/uwr/Desktop/2024_UWR/src/xsens_mti_ros2_driver', 'symlink_install': True, 'test_result_base': None}
[0.413s] Level 5:colcon.colcon_core.verb:set package 'kalman_filter' build argument 'cmake_args' from command line to 'None'
[0.413s] Level 5:colcon.colcon_core.verb:set package 'kalman_filter' build argument 'cmake_target' from command line to 'None'
[0.413s] Level 5:colcon.colcon_core.verb:set package 'kalman_filter' build argument 'cmake_target_skip_unavailable' from command line to 'False'
[0.413s] Level 5:colcon.colcon_core.verb:set package 'kalman_filter' build argument 'cmake_clean_cache' from command line to 'False'
[0.413s] Level 5:colcon.colcon_core.verb:set package 'kalman_filter' build argument 'cmake_clean_first' from command line to 'False'
[0.413s] Level 5:colcon.colcon_core.verb:set package 'kalman_filter' build argument 'cmake_force_configure' from command line to 'False'
[0.413s] Level 5:colcon.colcon_core.verb:set package 'kalman_filter' build argument 'ament_cmake_args' from command line to 'None'
[0.413s] Level 5:colcon.colcon_core.verb:set package 'kalman_filter' build argument 'catkin_cmake_args' from command line to 'None'
[0.413s] Level 5:colcon.colcon_core.verb:set package 'kalman_filter' build argument 'catkin_skip_building_tests' from command line to 'False'
[0.413s] DEBUG:colcon.colcon_core.verb:Building package 'kalman_filter' with the following arguments: {'ament_cmake_args': None, 'build_base': '/home/uwr/Desktop/2024_UWR/build/kalman_filter', 'catkin_cmake_args': None, 'catkin_skip_building_tests': False, 'cmake_args': None, 'cmake_clean_cache': False, 'cmake_clean_first': False, 'cmake_force_configure': False, 'cmake_target': None, 'cmake_target_skip_unavailable': False, 'install_base': '/home/uwr/Desktop/2024_UWR/install/kalman_filter', 'merge_install': False, 'path': '/home/uwr/Desktop/2024_UWR/src/kalman_filter', 'symlink_install': True, 'test_result_base': None}
[0.414s] Level 5:colcon.colcon_core.verb:set package 'sonar_subs' build argument 'cmake_args' from command line to 'None'
[0.414s] Level 5:colcon.colcon_core.verb:set package 'sonar_subs' build argument 'cmake_target' from command line to 'None'
[0.414s] Level 5:colcon.colcon_core.verb:set package 'sonar_subs' build argument 'cmake_target_skip_unavailable' from command line to 'False'
[0.414s] Level 5:colcon.colcon_core.verb:set package 'sonar_subs' build argument 'cmake_clean_cache' from command line to 'False'
[0.414s] Level 5:colcon.colcon_core.verb:set package 'sonar_subs' build argument 'cmake_clean_first' from command line to 'False'
[0.414s] Level 5:colcon.colcon_core.verb:set package 'sonar_subs' build argument 'cmake_force_configure' from command line to 'False'
[0.414s] Level 5:colcon.colcon_core.verb:set package 'sonar_subs' build argument 'ament_cmake_args' from command line to 'None'
[0.414s] Level 5:colcon.colcon_core.verb:set package 'sonar_subs' build argument 'catkin_cmake_args' from command line to 'None'
[0.414s] Level 5:colcon.colcon_core.verb:set package 'sonar_subs' build argument 'catkin_skip_building_tests' from command line to 'False'
[0.414s] DEBUG:colcon.colcon_core.verb:Building package 'sonar_subs' with the following arguments: {'ament_cmake_args': None, 'build_base': '/home/uwr/Desktop/2024_UWR/build/sonar_subs', 'catkin_cmake_args': None, 'catkin_skip_building_tests': False, 'cmake_args': None, 'cmake_clean_cache': False, 'cmake_clean_first': False, 'cmake_force_configure': False, 'cmake_target': None, 'cmake_target_skip_unavailable': False, 'install_base': '/home/uwr/Desktop/2024_UWR/install/sonar_subs', 'merge_install': False, 'path': '/home/uwr/Desktop/2024_UWR/src/sonar_subs', 'symlink_install': True, 'test_result_base': None}
[0.414s] INFO:colcon.colcon_core.executor:Executing jobs using 'parallel' executor
[0.415s] DEBUG:colcon.colcon_parallel_executor.executor.parallel:run_until_complete
[0.416s] INFO:colcon.colcon_ros.task.ament_cmake.build:Building ROS package in '/home/uwr/Desktop/2024_UWR/src/sonar_msgs' with build type 'ament_cmake'
[0.416s] INFO:colcon.colcon_cmake.task.cmake.build:Building CMake package in '/home/uwr/Desktop/2024_UWR/src/sonar_msgs'
[0.418s] INFO:colcon.colcon_core.plugin_system:Skipping extension 'colcon_core.shell.bat': Not used on non-Windows systems
[0.419s] INFO:colcon.colcon_core.shell:Skip shell extension 'powershell' for command environment: Not usable outside of PowerShell
[0.419s] DEBUG:colcon.colcon_core.shell:Skip shell extension 'dsv' for command environment
[0.422s] INFO:colcon.colcon_ros.task.ament_cmake.build:Building ROS package in '/home/uwr/Desktop/2024_UWR/src/adnav-driver' with build type 'ament_cmake'
[0.422s] INFO:colcon.colcon_cmake.task.cmake.build:Building CMake package in '/home/uwr/Desktop/2024_UWR/src/adnav-driver'
[0.423s] INFO:colcon.colcon_core.shell:Skip shell extension 'powershell' for command environment: Not usable outside of PowerShell
[0.423s] DEBUG:colcon.colcon_core.shell:Skip shell extension 'dsv' for command environment
[0.426s] INFO:colcon.colcon_ros.task.ament_cmake.build:Building ROS package in '/home/uwr/Desktop/2024_UWR/src/ntrip' with build type 'ament_cmake'
[0.426s] INFO:colcon.colcon_cmake.task.cmake.build:Building CMake package in '/home/uwr/Desktop/2024_UWR/src/ntrip'
[0.427s] INFO:colcon.colcon_core.shell:Skip shell extension 'powershell' for command environment: Not usable outside of PowerShell
[0.427s] DEBUG:colcon.colcon_core.shell:Skip shell extension 'dsv' for command environment
[0.430s] INFO:colcon.colcon_ros.task.ament_cmake.build:Building ROS package in '/home/uwr/Desktop/2024_UWR/src/ros2-driver' with build type 'ament_cmake'
[0.431s] INFO:colcon.colcon_cmake.task.cmake.build:Building CMake package in '/home/uwr/Desktop/2024_UWR/src/ros2-driver'
[0.431s] INFO:colcon.colcon_core.shell:Skip shell extension 'powershell' for command environment: Not usable outside of PowerShell
[0.431s] DEBUG:colcon.colcon_core.shell:Skip shell extension 'dsv' for command environment
[0.434s] INFO:colcon.colcon_ros.task.ament_cmake.build:Building ROS package in '/home/uwr/Desktop/2024_UWR/src/xsens_mti_ros2_driver' with build type 'ament_cmake'
[0.435s] INFO:colcon.colcon_cmake.task.cmake.build:Building CMake package in '/home/uwr/Desktop/2024_UWR/src/xsens_mti_ros2_driver'
[0.435s] INFO:colcon.colcon_core.shell:Skip shell extension 'powershell' for command environment: Not usable outside of PowerShell
[0.435s] DEBUG:colcon.colcon_core.shell:Skip shell extension 'dsv' for command environment
[0.450s] DEBUG:colcon.colcon_core.event_handler.log_command:Invoking command in '/home/uwr/Desktop/2024_UWR/build/sonar_msgs': CMAKE_PREFIX_PATH=${CMAKE_PREFIX_PATH}:/home/uwr/Desktop/2024_UWR/install/sonar_subs:/opt/ros/humble /usr/bin/cmake --build /home/uwr/Desktop/2024_UWR/build/sonar_msgs -- -j8 -l8
[0.457s] DEBUG:colcon.colcon_core.event_handler.log_command:Invoking command in '/home/uwr/Desktop/2024_UWR/build/adnav-driver': CMAKE_PREFIX_PATH=${CMAKE_PREFIX_PATH}:/home/uwr/Desktop/2024_UWR/install/sonar_subs:/opt/ros/humble /usr/bin/cmake --build /home/uwr/Desktop/2024_UWR/build/adnav-driver -- -j8 -l8
[0.464s] DEBUG:colcon.colcon_core.event_handler.log_command:Invoking command in '/home/uwr/Desktop/2024_UWR/build/ntrip': CMAKE_PREFIX_PATH=${CMAKE_PREFIX_PATH}:/home/uwr/Desktop/2024_UWR/install/sonar_subs:/opt/ros/humble /usr/bin/cmake --build /home/uwr/Desktop/2024_UWR/build/ntrip -- -j8 -l8
[0.476s] DEBUG:colcon.colcon_core.event_handler.log_command:Invoking command in '/home/uwr/Desktop/2024_UWR/build/ros2-driver': CMAKE_PREFIX_PATH=${CMAKE_PREFIX_PATH}:/home/uwr/Desktop/2024_UWR/install/sonar_subs:/opt/ros/humble /usr/bin/cmake --build /home/uwr/Desktop/2024_UWR/build/ros2-driver -- -j8 -l8
[0.486s] DEBUG:colcon.colcon_core.event_handler.log_command:Invoking command in '/home/uwr/Desktop/2024_UWR/build/xsens_mti_ros2_driver': CMAKE_PREFIX_PATH=${CMAKE_PREFIX_PATH}:/home/uwr/Desktop/2024_UWR/install/sonar_subs:/opt/ros/humble /usr/bin/cmake --build /home/uwr/Desktop/2024_UWR/build/xsens_mti_ros2_driver -- -j8 -l8
[0.589s] DEBUG:colcon.colcon_core.event_handler.log_command:Invoked command in '/home/uwr/Desktop/2024_UWR/build/ntrip' returned '0': CMAKE_PREFIX_PATH=${CMAKE_PREFIX_PATH}:/home/uwr/Desktop/2024_UWR/install/sonar_subs:/opt/ros/humble /usr/bin/cmake --build /home/uwr/Desktop/2024_UWR/build/ntrip -- -j8 -l8
[0.606s] DEBUG:colcon.colcon_core.event_handler.log_command:Invoked command in '/home/uwr/Desktop/2024_UWR/build/adnav-driver' returned '0': CMAKE_PREFIX_PATH=${CMAKE_PREFIX_PATH}:/home/uwr/Desktop/2024_UWR/install/sonar_subs:/opt/ros/humble /usr/bin/cmake --build /home/uwr/Desktop/2024_UWR/build/adnav-driver -- -j8 -l8
[0.613s] DEBUG:colcon.colcon_core.event_handler.log_command:Invoked command in '/home/uwr/Desktop/2024_UWR/build/ros2-driver' returned '0': CMAKE_PREFIX_PATH=${CMAKE_PREFIX_PATH}:/home/uwr/Desktop/2024_UWR/install/sonar_subs:/opt/ros/humble /usr/bin/cmake --build /home/uwr/Desktop/2024_UWR/build/ros2-driver -- -j8 -l8
[0.702s] DEBUG:colcon.colcon_core.event_handler.log_command:Invoking command in '/home/uwr/Desktop/2024_UWR/build/ntrip': CMAKE_PREFIX_PATH=${CMAKE_PREFIX_PATH}:/home/uwr/Desktop/2024_UWR/install/sonar_subs:/opt/ros/humble /usr/bin/cmake --install /home/uwr/Desktop/2024_UWR/build/ntrip
[0.709s] DEBUG:colcon.colcon_core.event_handler.log_command:Invoking command in '/home/uwr/Desktop/2024_UWR/build/adnav-driver': CMAKE_PREFIX_PATH=${CMAKE_PREFIX_PATH}:/home/uwr/Desktop/2024_UWR/install/sonar_subs:/opt/ros/humble /usr/bin/cmake --install /home/uwr/Desktop/2024_UWR/build/adnav-driver
[0.714s] DEBUG:colcon.colcon_core.event_handler.log_command:Invoking command in '/home/uwr/Desktop/2024_UWR/build/ros2-driver': CMAKE_PREFIX_PATH=${CMAKE_PREFIX_PATH}:/home/uwr/Desktop/2024_UWR/install/sonar_subs:/opt/ros/humble /usr/bin/cmake --install /home/uwr/Desktop/2024_UWR/build/ros2-driver
[0.751s] Level 1:colcon.colcon_core.environment:create_environment_scripts_only(adnav-driver)
[0.752s] DEBUG:colcon.colcon_core.event_handler.log_command:Invoked command in '/home/uwr/Desktop/2024_UWR/build/adnav-driver' returned '0': CMAKE_PREFIX_PATH=${CMAKE_PREFIX_PATH}:/home/uwr/Desktop/2024_UWR/install/sonar_subs:/opt/ros/humble /usr/bin/cmake --install /home/uwr/Desktop/2024_UWR/build/adnav-driver
[0.759s] Level 1:colcon.colcon_core.environment:checking '/home/uwr/Desktop/2024_UWR/install/adnav-driver' for CMake module files
[0.760s] Level 1:colcon.colcon_core.environment:checking '/home/uwr/Desktop/2024_UWR/install/adnav-driver' for CMake config files
[0.762s] Level 1:colcon.colcon_core.shell:create_environment_hook('adnav-driver', 'cmake_prefix_path')
[0.762s] INFO:colcon.colcon_core.shell:Creating environment hook '/home/uwr/Desktop/2024_UWR/install/adnav-driver/share/adnav-driver/hook/cmake_prefix_path.ps1'
[0.766s] INFO:colcon.colcon_core.shell:Creating environment descriptor '/home/uwr/Desktop/2024_UWR/install/adnav-driver/share/adnav-driver/hook/cmake_prefix_path.dsv'
[0.767s] INFO:colcon.colcon_core.shell:Creating environment hook '/home/uwr/Desktop/2024_UWR/install/adnav-driver/share/adnav-driver/hook/cmake_prefix_path.sh'
[0.769s] Level 1:colcon.colcon_core.environment:checking '/home/uwr/Desktop/2024_UWR/install/adnav-driver/lib'
[0.770s] Level 1:colcon.colcon_core.environment:checking '/home/uwr/Desktop/2024_UWR/install/adnav-driver/bin'
[0.772s] Level 1:colcon.colcon_core.environment:checking '/home/uwr/Desktop/2024_UWR/install/adnav-driver/lib/pkgconfig/adnav-driver.pc'
[0.772s] Level 1:colcon.colcon_core.environment:checking '/home/uwr/Desktop/2024_UWR/install/adnav-driver/lib/python3.10/site-packages'
[0.774s] Level 1:colcon.colcon_core.environment:checking '/home/uwr/Desktop/2024_UWR/install/adnav-driver/bin'
[0.775s] INFO:colcon.colcon_core.shell:Creating package script '/home/uwr/Desktop/2024_UWR/install/adnav-driver/share/adnav-driver/package.ps1'
[0.777s] INFO:colcon.colcon_core.shell:Creating package descriptor '/home/uwr/Desktop/2024_UWR/install/adnav-driver/share/adnav-driver/package.dsv'
[0.779s] INFO:colcon.colcon_core.shell:Creating package script '/home/uwr/Desktop/2024_UWR/install/adnav-driver/share/adnav-driver/package.sh'
[0.781s] INFO:colcon.colcon_core.shell:Creating package script '/home/uwr/Desktop/2024_UWR/install/adnav-driver/share/adnav-driver/package.bash'
[0.783s] INFO:colcon.colcon_core.shell:Creating package script '/home/uwr/Desktop/2024_UWR/install/adnav-driver/share/adnav-driver/package.zsh'
[0.785s] Level 1:colcon.colcon_core.environment:create_file_with_runtime_dependencies(/home/uwr/Desktop/2024_UWR/install/adnav-driver/share/colcon-core/packages/adnav-driver)
[0.800s] Level 1:colcon.colcon_core.environment:create_environment_scripts_only(ros2-driver)
[0.800s] Level 1:colcon.colcon_core.environment:checking '/home/uwr/Desktop/2024_UWR/install/ros2-driver' for CMake module files
[0.802s] DEBUG:colcon.colcon_core.event_handler.log_command:Invoked command in '/home/uwr/Desktop/2024_UWR/build/ros2-driver' returned '0': CMAKE_PREFIX_PATH=${CMAKE_PREFIX_PATH}:/home/uwr/Desktop/2024_UWR/install/sonar_subs:/opt/ros/humble /usr/bin/cmake --install /home/uwr/Desktop/2024_UWR/build/ros2-driver
[0.816s] Level 1:colcon.colcon_core.environment:checking '/home/uwr/Desktop/2024_UWR/install/ros2-driver' for CMake config files
[0.821s] Level 1:colcon.colcon_core.shell:create_environment_hook('ros2-driver', 'cmake_prefix_path')
[0.821s] INFO:colcon.colcon_core.shell:Creating environment hook '/home/uwr/Desktop/2024_UWR/install/ros2-driver/share/ros2-driver/hook/cmake_prefix_path.ps1'
[0.825s] INFO:colcon.colcon_core.shell:Creating environment descriptor '/home/uwr/Desktop/2024_UWR/install/ros2-driver/share/ros2-driver/hook/cmake_prefix_path.dsv'
[0.826s] INFO:colcon.colcon_core.shell:Creating environment hook '/home/uwr/Desktop/2024_UWR/install/ros2-driver/share/ros2-driver/hook/cmake_prefix_path.sh'
[0.827s] Level 1:colcon.colcon_core.environment:checking '/home/uwr/Desktop/2024_UWR/install/ros2-driver/lib'
[0.827s] Level 1:colcon.colcon_core.environment:checking '/home/uwr/Desktop/2024_UWR/install/ros2-driver/bin'
[0.827s] Level 1:colcon.colcon_core.environment:checking '/home/uwr/Desktop/2024_UWR/install/ros2-driver/lib/pkgconfig/ros2-driver.pc'
[0.828s] Level 1:colcon.colcon_core.environment:checking '/home/uwr/Desktop/2024_UWR/install/ros2-driver/lib/python3.10/site-packages'
[0.828s] Level 1:colcon.colcon_core.environment:checking '/home/uwr/Desktop/2024_UWR/install/ros2-driver/bin'
[0.830s] INFO:colcon.colcon_core.shell:Creating package script '/home/uwr/Desktop/2024_UWR/install/ros2-driver/share/ros2-driver/package.ps1'
[0.831s] INFO:colcon.colcon_core.shell:Creating package descriptor '/home/uwr/Desktop/2024_UWR/install/ros2-driver/share/ros2-driver/package.dsv'
[0.832s] INFO:colcon.colcon_core.shell:Creating package script '/home/uwr/Desktop/2024_UWR/install/ros2-driver/share/ros2-driver/package.sh'
[0.833s] INFO:colcon.colcon_core.shell:Creating package script '/home/uwr/Desktop/2024_UWR/install/ros2-driver/share/ros2-driver/package.bash'
[0.834s] INFO:colcon.colcon_core.shell:Creating package script '/home/uwr/Desktop/2024_UWR/install/ros2-driver/share/ros2-driver/package.zsh'
[0.834s] Level 1:colcon.colcon_core.environment:create_file_with_runtime_dependencies(/home/uwr/Desktop/2024_UWR/install/ros2-driver/share/colcon-core/packages/ros2-driver)
[0.836s] Level 1:colcon.colcon_core.environment:create_environment_scripts_only(ntrip)
[0.837s] Level 1:colcon.colcon_core.environment:checking '/home/uwr/Desktop/2024_UWR/install/ntrip' for CMake module files
[0.837s] Level 1:colcon.colcon_core.environment:checking '/home/uwr/Desktop/2024_UWR/install/ntrip' for CMake config files
[0.838s] DEBUG:colcon.colcon_core.event_handler.log_command:Invoked command in '/home/uwr/Desktop/2024_UWR/build/ntrip' returned '0': CMAKE_PREFIX_PATH=${CMAKE_PREFIX_PATH}:/home/uwr/Desktop/2024_UWR/install/sonar_subs:/opt/ros/humble /usr/bin/cmake --install /home/uwr/Desktop/2024_UWR/build/ntrip
[0.839s] Level 1:colcon.colcon_core.shell:create_environment_hook('ntrip', 'cmake_prefix_path')
[0.839s] INFO:colcon.colcon_core.shell:Creating environment hook '/home/uwr/Desktop/2024_UWR/install/ntrip/share/ntrip/hook/cmake_prefix_path.ps1'
[0.840s] INFO:colcon.colcon_core.shell:Creating environment descriptor '/home/uwr/Desktop/2024_UWR/install/ntrip/share/ntrip/hook/cmake_prefix_path.dsv'
[0.840s] INFO:colcon.colcon_core.shell:Creating environment hook '/home/uwr/Desktop/2024_UWR/install/ntrip/share/ntrip/hook/cmake_prefix_path.sh'
[0.841s] Level 1:colcon.colcon_core.environment:checking '/home/uwr/Desktop/2024_UWR/install/ntrip/lib'
[0.841s] Level 1:colcon.colcon_core.environment:checking '/home/uwr/Desktop/2024_UWR/install/ntrip/bin'
[0.841s] Level 1:colcon.colcon_core.environment:checking '/home/uwr/Desktop/2024_UWR/install/ntrip/lib/pkgconfig/ntrip.pc'
[0.842s] Level 1:colcon.colcon_core.environment:checking '/home/uwr/Desktop/2024_UWR/install/ntrip/lib/python3.10/site-packages'
[0.842s] Level 1:colcon.colcon_core.environment:checking '/home/uwr/Desktop/2024_UWR/install/ntrip/bin'
[0.843s] INFO:colcon.colcon_core.shell:Creating package script '/home/uwr/Desktop/2024_UWR/install/ntrip/share/ntrip/package.ps1'
[0.844s] INFO:colcon.colcon_core.shell:Creating package descriptor '/home/uwr/Desktop/2024_UWR/install/ntrip/share/ntrip/package.dsv'
[0.844s] INFO:colcon.colcon_core.shell:Creating package script '/home/uwr/Desktop/2024_UWR/install/ntrip/share/ntrip/package.sh'
[0.845s] INFO:colcon.colcon_core.shell:Creating package script '/home/uwr/Desktop/2024_UWR/install/ntrip/share/ntrip/package.bash'
[0.846s] INFO:colcon.colcon_core.shell:Creating package script '/home/uwr/Desktop/2024_UWR/install/ntrip/share/ntrip/package.zsh'
[0.846s] Level 1:colcon.colcon_core.environment:create_file_with_runtime_dependencies(/home/uwr/Desktop/2024_UWR/install/ntrip/share/colcon-core/packages/ntrip)
[0.871s] Level 1:colcon.colcon_core.environment:create_environment_scripts_only(adnav-driver)
[0.871s] Level 1:colcon.colcon_core.environment:checking '/home/uwr/Desktop/2024_UWR/install/adnav-driver' for CMake module files
[0.872s] Level 1:colcon.colcon_core.environment:checking '/home/uwr/Desktop/2024_UWR/install/adnav-driver' for CMake config files
[0.873s] Level 1:colcon.colcon_core.shell:create_environment_hook('adnav-driver', 'cmake_prefix_path')
[0.873s] INFO:colcon.colcon_core.shell:Creating environment hook '/home/uwr/Desktop/2024_UWR/install/adnav-driver/share/adnav-driver/hook/cmake_prefix_path.ps1'
[0.874s] INFO:colcon.colcon_core.shell:Creating environment descriptor '/home/uwr/Desktop/2024_UWR/install/adnav-driver/share/adnav-driver/hook/cmake_prefix_path.dsv'
[0.875s] INFO:colcon.colcon_core.shell:Creating environment hook '/home/uwr/Desktop/2024_UWR/install/adnav-driver/share/adnav-driver/hook/cmake_prefix_path.sh'
[0.876s] Level 1:colcon.colcon_core.environment:checking '/home/uwr/Desktop/2024_UWR/install/adnav-driver/lib'
[0.876s] Level 1:colcon.colcon_core.environment:checking '/home/uwr/Desktop/2024_UWR/install/adnav-driver/bin'
[0.876s] Level 1:colcon.colcon_core.environment:checking '/home/uwr/Desktop/2024_UWR/install/adnav-driver/lib/pkgconfig/adnav-driver.pc'
[0.877s] Level 1:colcon.colcon_core.environment:checking '/home/uwr/Desktop/2024_UWR/install/adnav-driver/lib/python3.10/site-packages'
[0.880s] Level 1:colcon.colcon_core.environment:checking '/home/uwr/Desktop/2024_UWR/install/adnav-driver/bin'
[0.880s] INFO:colcon.colcon_core.shell:Creating package script '/home/uwr/Desktop/2024_UWR/install/adnav-driver/share/adnav-driver/package.ps1'
[0.881s] INFO:colcon.colcon_core.shell:Creating package descriptor '/home/uwr/Desktop/2024_UWR/install/adnav-driver/share/adnav-driver/package.dsv'
[0.882s] INFO:colcon.colcon_core.shell:Creating package script '/home/uwr/Desktop/2024_UWR/install/adnav-driver/share/adnav-driver/package.sh'
[0.883s] INFO:colcon.colcon_core.shell:Creating package script '/home/uwr/Desktop/2024_UWR/install/adnav-driver/share/adnav-driver/package.bash'
[0.885s] INFO:colcon.colcon_core.shell:Creating package script '/home/uwr/Desktop/2024_UWR/install/adnav-driver/share/adnav-driver/package.zsh'
[0.885s] Level 1:colcon.colcon_core.environment:create_file_with_runtime_dependencies(/home/uwr/Desktop/2024_UWR/install/adnav-driver/share/colcon-core/packages/adnav-driver)
[0.907s] Level 1:colcon.colcon_core.environment:create_environment_scripts_only(ntrip)
[0.907s] Level 1:colcon.colcon_core.environment:checking '/home/uwr/Desktop/2024_UWR/install/ntrip' for CMake module files
[0.908s] Level 1:colcon.colcon_core.environment:checking '/home/uwr/Desktop/2024_UWR/install/ntrip' for CMake config files
[0.908s] Level 1:colcon.colcon_core.shell:create_environment_hook('ntrip', 'cmake_prefix_path')
[0.908s] INFO:colcon.colcon_core.shell:Creating environment hook '/home/uwr/Desktop/2024_UWR/install/ntrip/share/ntrip/hook/cmake_prefix_path.ps1'
[0.909s] INFO:colcon.colcon_core.shell:Creating environment descriptor '/home/uwr/Desktop/2024_UWR/install/ntrip/share/ntrip/hook/cmake_prefix_path.dsv'
[0.909s] INFO:colcon.colcon_core.shell:Creating environment hook '/home/uwr/Desktop/2024_UWR/install/ntrip/share/ntrip/hook/cmake_prefix_path.sh'
[0.909s] Level 1:colcon.colcon_core.environment:checking '/home/uwr/Desktop/2024_UWR/install/ntrip/lib'
[0.910s] Level 1:colcon.colcon_core.environment:checking '/home/uwr/Desktop/2024_UWR/install/ntrip/bin'
[0.910s] Level 1:colcon.colcon_core.environment:checking '/home/uwr/Desktop/2024_UWR/install/ntrip/lib/pkgconfig/ntrip.pc'
[0.910s] Level 1:colcon.colcon_core.environment:checking '/home/uwr/Desktop/2024_UWR/install/ntrip/lib/python3.10/site-packages'
[0.910s] Level 1:colcon.colcon_core.environment:checking '/home/uwr/Desktop/2024_UWR/install/ntrip/bin'
[0.910s] INFO:colcon.colcon_core.shell:Creating package script '/home/uwr/Desktop/2024_UWR/install/ntrip/share/ntrip/package.ps1'
[0.911s] INFO:colcon.colcon_core.shell:Creating package descriptor '/home/uwr/Desktop/2024_UWR/install/ntrip/share/ntrip/package.dsv'
[0.912s] INFO:colcon.colcon_core.shell:Creating package script '/home/uwr/Desktop/2024_UWR/install/ntrip/share/ntrip/package.sh'
[0.912s] INFO:colcon.colcon_core.shell:Creating package script '/home/uwr/Desktop/2024_UWR/install/ntrip/share/ntrip/package.bash'
[0.912s] INFO:colcon.colcon_core.shell:Creating package script '/home/uwr/Desktop/2024_UWR/install/ntrip/share/ntrip/package.zsh'
[0.913s] Level 1:colcon.colcon_core.environment:create_file_with_runtime_dependencies(/home/uwr/Desktop/2024_UWR/install/ntrip/share/colcon-core/packages/ntrip)
[0.914s] Level 1:colcon.colcon_core.environment:create_environment_scripts_only(ros2-driver)
[0.915s] Level 1:colcon.colcon_core.environment:checking '/home/uwr/Desktop/2024_UWR/install/ros2-driver' for CMake module files
[0.916s] Level 1:colcon.colcon_core.environment:checking '/home/uwr/Desktop/2024_UWR/install/ros2-driver' for CMake config files
[0.917s] Level 1:colcon.colcon_core.shell:create_environment_hook('ros2-driver', 'cmake_prefix_path')
[0.918s] INFO:colcon.colcon_core.shell:Creating environment hook '/home/uwr/Desktop/2024_UWR/install/ros2-driver/share/ros2-driver/hook/cmake_prefix_path.ps1'
[0.919s] INFO:colcon.colcon_core.shell:Creating environment descriptor '/home/uwr/Desktop/2024_UWR/install/ros2-driver/share/ros2-driver/hook/cmake_prefix_path.dsv'
[0.920s] INFO:colcon.colcon_core.shell:Creating environment hook '/home/uwr/Desktop/2024_UWR/install/ros2-driver/share/ros2-driver/hook/cmake_prefix_path.sh'
[0.921s] Level 1:colcon.colcon_core.environment:checking '/home/uwr/Desktop/2024_UWR/install/ros2-driver/lib'
[0.921s] Level 1:colcon.colcon_core.environment:checking '/home/uwr/Desktop/2024_UWR/install/ros2-driver/bin'
[0.921s] Level 1:colcon.colcon_core.environment:checking '/home/uwr/Desktop/2024_UWR/install/ros2-driver/lib/pkgconfig/ros2-driver.pc'
[0.921s] Level 1:colcon.colcon_core.environment:checking '/home/uwr/Desktop/2024_UWR/install/ros2-driver/lib/python3.10/site-packages'
[0.921s] Level 1:colcon.colcon_core.environment:checking '/home/uwr/Desktop/2024_UWR/install/ros2-driver/bin'
[0.922s] INFO:colcon.colcon_core.shell:Creating package script '/home/uwr/Desktop/2024_UWR/install/ros2-driver/share/ros2-driver/package.ps1'
[0.923s] INFO:colcon.colcon_core.shell:Creating package descriptor '/home/uwr/Desktop/2024_UWR/install/ros2-driver/share/ros2-driver/package.dsv'
[0.923s] INFO:colcon.colcon_core.shell:Creating package script '/home/uwr/Desktop/2024_UWR/install/ros2-driver/share/ros2-driver/package.sh'
[0.924s] INFO:colcon.colcon_core.shell:Creating package script '/home/uwr/Desktop/2024_UWR/install/ros2-driver/share/ros2-driver/package.bash'
[0.924s] INFO:colcon.colcon_core.shell:Creating package script '/home/uwr/Desktop/2024_UWR/install/ros2-driver/share/ros2-driver/package.zsh'
[0.925s] Level 1:colcon.colcon_core.environment:create_file_with_runtime_dependencies(/home/uwr/Desktop/2024_UWR/install/ros2-driver/share/colcon-core/packages/ros2-driver)
[1.116s] DEBUG:colcon.colcon_core.event_handler.log_command:Invoked command in '/home/uwr/Desktop/2024_UWR/build/xsens_mti_ros2_driver' returned '0': CMAKE_PREFIX_PATH=${CMAKE_PREFIX_PATH}:/home/uwr/Desktop/2024_UWR/install/sonar_subs:/opt/ros/humble /usr/bin/cmake --build /home/uwr/Desktop/2024_UWR/build/xsens_mti_ros2_driver -- -j8 -l8
[1.169s] DEBUG:colcon.colcon_core.event_handler.log_command:Invoked command in '/home/uwr/Desktop/2024_UWR/build/sonar_msgs' returned '0': CMAKE_PREFIX_PATH=${CMAKE_PREFIX_PATH}:/home/uwr/Desktop/2024_UWR/install/sonar_subs:/opt/ros/humble /usr/bin/cmake --build /home/uwr/Desktop/2024_UWR/build/sonar_msgs -- -j8 -l8
[1.183s] DEBUG:colcon.colcon_core.event_handler.log_command:Invoking command in '/home/uwr/Desktop/2024_UWR/build/xsens_mti_ros2_driver': CMAKE_PREFIX_PATH=${CMAKE_PREFIX_PATH}:/home/uwr/Desktop/2024_UWR/install/sonar_subs:/opt/ros/humble /usr/bin/cmake --install /home/uwr/Desktop/2024_UWR/build/xsens_mti_ros2_driver
[1.254s] DEBUG:colcon.colcon_core.event_handler.log_command:Invoking command in '/home/uwr/Desktop/2024_UWR/build/sonar_msgs': CMAKE_PREFIX_PATH=${CMAKE_PREFIX_PATH}:/home/uwr/Desktop/2024_UWR/install/sonar_subs:/opt/ros/humble /usr/bin/cmake --install /home/uwr/Desktop/2024_UWR/build/sonar_msgs
[1.282s] Level 1:colcon.colcon_core.environment:create_environment_scripts_only(xsens_mti_ros2_driver)
[1.282s] Level 1:colcon.colcon_core.environment:checking '/home/uwr/Desktop/2024_UWR/install/xsens_mti_ros2_driver' for CMake module files
[1.284s] DEBUG:colcon.colcon_core.event_handler.log_command:Invoked command in '/home/uwr/Desktop/2024_UWR/build/xsens_mti_ros2_driver' returned '0': CMAKE_PREFIX_PATH=${CMAKE_PREFIX_PATH}:/home/uwr/Desktop/2024_UWR/install/sonar_subs:/opt/ros/humble /usr/bin/cmake --install /home/uwr/Desktop/2024_UWR/build/xsens_mti_ros2_driver
[1.287s] Level 1:colcon.colcon_core.environment:checking '/home/uwr/Desktop/2024_UWR/install/xsens_mti_ros2_driver' for CMake config files
[1.288s] Level 1:colcon.colcon_core.shell:create_environment_hook('xsens_mti_ros2_driver', 'cmake_prefix_path')
[1.288s] INFO:colcon.colcon_core.shell:Creating environment hook '/home/uwr/Desktop/2024_UWR/install/xsens_mti_ros2_driver/share/xsens_mti_ros2_driver/hook/cmake_prefix_path.ps1'
[1.289s] INFO:colcon.colcon_core.shell:Creating environment descriptor '/home/uwr/Desktop/2024_UWR/install/xsens_mti_ros2_driver/share/xsens_mti_ros2_driver/hook/cmake_prefix_path.dsv'
[1.290s] INFO:colcon.colcon_core.shell:Creating environment hook '/home/uwr/Desktop/2024_UWR/install/xsens_mti_ros2_driver/share/xsens_mti_ros2_driver/hook/cmake_prefix_path.sh'
[1.290s] Level 1:colcon.colcon_core.environment:checking '/home/uwr/Desktop/2024_UWR/install/xsens_mti_ros2_driver/lib'
[1.290s] Level 1:colcon.colcon_core.shell:create_environment_hook('xsens_mti_ros2_driver', 'ld_library_path_lib')
[1.291s] INFO:colcon.colcon_core.shell:Creating environment hook '/home/uwr/Desktop/2024_UWR/install/xsens_mti_ros2_driver/share/xsens_mti_ros2_driver/hook/ld_library_path_lib.ps1'
[1.291s] INFO:colcon.colcon_core.shell:Creating environment descriptor '/home/uwr/Desktop/2024_UWR/install/xsens_mti_ros2_driver/share/xsens_mti_ros2_driver/hook/ld_library_path_lib.dsv'
[1.292s] INFO:colcon.colcon_core.shell:Creating environment hook '/home/uwr/Desktop/2024_UWR/install/xsens_mti_ros2_driver/share/xsens_mti_ros2_driver/hook/ld_library_path_lib.sh'
[1.292s] Level 1:colcon.colcon_core.environment:checking '/home/uwr/Desktop/2024_UWR/install/xsens_mti_ros2_driver/bin'
[1.293s] Level 1:colcon.colcon_core.environment:checking '/home/uwr/Desktop/2024_UWR/install/xsens_mti_ros2_driver/lib/pkgconfig/xsens_mti_ros2_driver.pc'
[1.293s] Level 1:colcon.colcon_core.environment:checking '/home/uwr/Desktop/2024_UWR/install/xsens_mti_ros2_driver/lib/python3.10/site-packages'
[1.293s] Level 1:colcon.colcon_core.environment:checking '/home/uwr/Desktop/2024_UWR/install/xsens_mti_ros2_driver/bin'
[1.294s] INFO:colcon.colcon_core.shell:Creating package script '/home/uwr/Desktop/2024_UWR/install/xsens_mti_ros2_driver/share/xsens_mti_ros2_driver/package.ps1'
[1.295s] INFO:colcon.colcon_core.shell:Creating package descriptor '/home/uwr/Desktop/2024_UWR/install/xsens_mti_ros2_driver/share/xsens_mti_ros2_driver/package.dsv'
[1.295s] INFO:colcon.colcon_core.shell:Creating package script '/home/uwr/Desktop/2024_UWR/install/xsens_mti_ros2_driver/share/xsens_mti_ros2_driver/package.sh'
[1.296s] INFO:colcon.colcon_core.shell:Creating package script '/home/uwr/Desktop/2024_UWR/install/xsens_mti_ros2_driver/share/xsens_mti_ros2_driver/package.bash'
[1.296s] INFO:colcon.colcon_core.shell:Creating package script '/home/uwr/Desktop/2024_UWR/install/xsens_mti_ros2_driver/share/xsens_mti_ros2_driver/package.zsh'
[1.297s] Level 1:colcon.colcon_core.environment:create_file_with_runtime_dependencies(/home/uwr/Desktop/2024_UWR/install/xsens_mti_ros2_driver/share/colcon-core/packages/xsens_mti_ros2_driver)
[1.380s] Level 1:colcon.colcon_core.environment:create_environment_scripts_only(sonar_msgs)
[1.381s] Level 1:colcon.colcon_core.environment:checking '/home/uwr/Desktop/2024_UWR/install/sonar_msgs' for CMake module files
[1.382s] DEBUG:colcon.colcon_core.event_handler.log_command:Invoked command in '/home/uwr/Desktop/2024_UWR/build/sonar_msgs' returned '0': CMAKE_PREFIX_PATH=${CMAKE_PREFIX_PATH}:/home/uwr/Desktop/2024_UWR/install/sonar_subs:/opt/ros/humble /usr/bin/cmake --install /home/uwr/Desktop/2024_UWR/build/sonar_msgs
[1.383s] Level 1:colcon.colcon_core.environment:checking '/home/uwr/Desktop/2024_UWR/install/sonar_msgs' for CMake config files
[1.385s] Level 1:colcon.colcon_core.shell:create_environment_hook('sonar_msgs', 'cmake_prefix_path')
[1.386s] INFO:colcon.colcon_core.shell:Creating environment hook '/home/uwr/Desktop/2024_UWR/install/sonar_msgs/share/sonar_msgs/hook/cmake_prefix_path.ps1'
[1.386s] INFO:colcon.colcon_core.shell:Creating environment descriptor '/home/uwr/Desktop/2024_UWR/install/sonar_msgs/share/sonar_msgs/hook/cmake_prefix_path.dsv'
[1.387s] INFO:colcon.colcon_core.shell:Creating environment hook '/home/uwr/Desktop/2024_UWR/install/sonar_msgs/share/sonar_msgs/hook/cmake_prefix_path.sh'
[1.388s] Level 1:colcon.colcon_core.environment:checking '/home/uwr/Desktop/2024_UWR/install/sonar_msgs/lib'
[1.388s] Level 1:colcon.colcon_core.shell:create_environment_hook('sonar_msgs', 'ld_library_path_lib')
[1.388s] INFO:colcon.colcon_core.shell:Creating environment hook '/home/uwr/Desktop/2024_UWR/install/sonar_msgs/share/sonar_msgs/hook/ld_library_path_lib.ps1'
[1.389s] INFO:colcon.colcon_core.shell:Creating environment descriptor '/home/uwr/Desktop/2024_UWR/install/sonar_msgs/share/sonar_msgs/hook/ld_library_path_lib.dsv'
[1.389s] INFO:colcon.colcon_core.shell:Creating environment hook '/home/uwr/Desktop/2024_UWR/install/sonar_msgs/share/sonar_msgs/hook/ld_library_path_lib.sh'
[1.390s] Level 1:colcon.colcon_core.environment:checking '/home/uwr/Desktop/2024_UWR/install/sonar_msgs/bin'
[1.390s] Level 1:colcon.colcon_core.environment:checking '/home/uwr/Desktop/2024_UWR/install/sonar_msgs/lib/pkgconfig/sonar_msgs.pc'
[1.390s] Level 1:colcon.colcon_core.environment:checking '/home/uwr/Desktop/2024_UWR/install/sonar_msgs/lib/python3.10/site-packages'
[1.391s] Level 1:colcon.colcon_core.environment:checking '/home/uwr/Desktop/2024_UWR/install/sonar_msgs/bin'
[1.391s] INFO:colcon.colcon_core.shell:Creating package script '/home/uwr/Desktop/2024_UWR/install/sonar_msgs/share/sonar_msgs/package.ps1'
[1.393s] INFO:colcon.colcon_core.shell:Creating package descriptor '/home/uwr/Desktop/2024_UWR/install/sonar_msgs/share/sonar_msgs/package.dsv'
[1.393s] INFO:colcon.colcon_core.shell:Creating package script '/home/uwr/Desktop/2024_UWR/install/sonar_msgs/share/sonar_msgs/package.sh'
[1.395s] INFO:colcon.colcon_core.shell:Creating package script '/home/uwr/Desktop/2024_UWR/install/sonar_msgs/share/sonar_msgs/package.bash'
[1.396s] INFO:colcon.colcon_core.shell:Creating package script '/home/uwr/Desktop/2024_UWR/install/sonar_msgs/share/sonar_msgs/package.zsh'
[1.396s] Level 1:colcon.colcon_core.environment:create_file_with_runtime_dependencies(/home/uwr/Desktop/2024_UWR/install/sonar_msgs/share/colcon-core/packages/sonar_msgs)
[1.399s] Level 1:colcon.colcon_core.environment:create_environment_scripts_only(xsens_mti_ros2_driver)
[1.400s] Level 1:colcon.colcon_core.environment:checking '/home/uwr/Desktop/2024_UWR/install/xsens_mti_ros2_driver' for CMake module files
[1.402s] Level 1:colcon.colcon_core.environment:checking '/home/uwr/Desktop/2024_UWR/install/xsens_mti_ros2_driver' for CMake config files
[1.403s] Level 1:colcon.colcon_core.shell:create_environment_hook('xsens_mti_ros2_driver', 'cmake_prefix_path')
[1.403s] INFO:colcon.colcon_core.shell:Creating environment hook '/home/uwr/Desktop/2024_UWR/install/xsens_mti_ros2_driver/share/xsens_mti_ros2_driver/hook/cmake_prefix_path.ps1'
[1.404s] INFO:colcon.colcon_core.shell:Creating environment descriptor '/home/uwr/Desktop/2024_UWR/install/xsens_mti_ros2_driver/share/xsens_mti_ros2_driver/hook/cmake_prefix_path.dsv'
[1.404s] INFO:colcon.colcon_core.shell:Creating environment hook '/home/uwr/Desktop/2024_UWR/install/xsens_mti_ros2_driver/share/xsens_mti_ros2_driver/hook/cmake_prefix_path.sh'
[1.405s] Level 1:colcon.colcon_core.environment:checking '/home/uwr/Desktop/2024_UWR/install/xsens_mti_ros2_driver/lib'
[1.405s] Level 1:colcon.colcon_core.shell:create_environment_hook('xsens_mti_ros2_driver', 'ld_library_path_lib')
[1.405s] INFO:colcon.colcon_core.shell:Creating environment hook '/home/uwr/Desktop/2024_UWR/install/xsens_mti_ros2_driver/share/xsens_mti_ros2_driver/hook/ld_library_path_lib.ps1'
[1.406s] INFO:colcon.colcon_core.shell:Creating environment descriptor '/home/uwr/Desktop/2024_UWR/install/xsens_mti_ros2_driver/share/xsens_mti_ros2_driver/hook/ld_library_path_lib.dsv'
[1.407s] INFO:colcon.colcon_core.shell:Creating environment hook '/home/uwr/Desktop/2024_UWR/install/xsens_mti_ros2_driver/share/xsens_mti_ros2_driver/hook/ld_library_path_lib.sh'
[1.407s] Level 1:colcon.colcon_core.environment:checking '/home/uwr/Desktop/2024_UWR/install/xsens_mti_ros2_driver/bin'
[1.408s] Level 1:colcon.colcon_core.environment:checking '/home/uwr/Desktop/2024_UWR/install/xsens_mti_ros2_driver/lib/pkgconfig/xsens_mti_ros2_driver.pc'
[1.408s] Level 1:colcon.colcon_core.environment:checking '/home/uwr/Desktop/2024_UWR/install/xsens_mti_ros2_driver/lib/python3.10/site-packages'
[1.408s] Level 1:colcon.colcon_core.environment:checking '/home/uwr/Desktop/2024_UWR/install/xsens_mti_ros2_driver/bin'
[1.409s] INFO:colcon.colcon_core.shell:Creating package script '/home/uwr/Desktop/2024_UWR/install/xsens_mti_ros2_driver/share/xsens_mti_ros2_driver/package.ps1'
[1.409s] INFO:colcon.colcon_core.shell:Creating package descriptor '/home/uwr/Desktop/2024_UWR/install/xsens_mti_ros2_driver/share/xsens_mti_ros2_driver/package.dsv'
[1.410s] INFO:colcon.colcon_core.shell:Creating package script '/home/uwr/Desktop/2024_UWR/install/xsens_mti_ros2_driver/share/xsens_mti_ros2_driver/package.sh'
[1.410s] INFO:colcon.colcon_core.shell:Creating package script '/home/uwr/Desktop/2024_UWR/install/xsens_mti_ros2_driver/share/xsens_mti_ros2_driver/package.bash'
[1.411s] INFO:colcon.colcon_core.shell:Creating package script '/home/uwr/Desktop/2024_UWR/install/xsens_mti_ros2_driver/share/xsens_mti_ros2_driver/package.zsh'
[1.412s] Level 1:colcon.colcon_core.environment:create_file_with_runtime_dependencies(/home/uwr/Desktop/2024_UWR/install/xsens_mti_ros2_driver/share/colcon-core/packages/xsens_mti_ros2_driver)
[1.503s] Level 1:colcon.colcon_core.environment:create_environment_scripts_only(sonar_msgs)
[1.503s] Level 1:colcon.colcon_core.environment:checking '/home/uwr/Desktop/2024_UWR/install/sonar_msgs' for CMake module files
[1.504s] Level 1:colcon.colcon_core.environment:checking '/home/uwr/Desktop/2024_UWR/install/sonar_msgs' for CMake config files
[1.505s] Level 1:colcon.colcon_core.shell:create_environment_hook('sonar_msgs', 'cmake_prefix_path')
[1.505s] INFO:colcon.colcon_core.shell:Creating environment hook '/home/uwr/Desktop/2024_UWR/install/sonar_msgs/share/sonar_msgs/hook/cmake_prefix_path.ps1'
[1.505s] INFO:colcon.colcon_core.shell:Creating environment descriptor '/home/uwr/Desktop/2024_UWR/install/sonar_msgs/share/sonar_msgs/hook/cmake_prefix_path.dsv'
[1.506s] INFO:colcon.colcon_core.shell:Creating environment hook '/home/uwr/Desktop/2024_UWR/install/sonar_msgs/share/sonar_msgs/hook/cmake_prefix_path.sh'
[1.506s] Level 1:colcon.colcon_core.environment:checking '/home/uwr/Desktop/2024_UWR/install/sonar_msgs/lib'
[1.506s] Level 1:colcon.colcon_core.shell:create_environment_hook('sonar_msgs', 'ld_library_path_lib')
[1.506s] INFO:colcon.colcon_core.shell:Creating environment hook '/home/uwr/Desktop/2024_UWR/install/sonar_msgs/share/sonar_msgs/hook/ld_library_path_lib.ps1'
[1.507s] INFO:colcon.colcon_core.shell:Creating environment descriptor '/home/uwr/Desktop/2024_UWR/install/sonar_msgs/share/sonar_msgs/hook/ld_library_path_lib.dsv'
[1.507s] INFO:colcon.colcon_core.shell:Creating environment hook '/home/uwr/Desktop/2024_UWR/install/sonar_msgs/share/sonar_msgs/hook/ld_library_path_lib.sh'
[1.507s] Level 1:colcon.colcon_core.environment:checking '/home/uwr/Desktop/2024_UWR/install/sonar_msgs/bin'
[1.507s] Level 1:colcon.colcon_core.environment:checking '/home/uwr/Desktop/2024_UWR/install/sonar_msgs/lib/pkgconfig/sonar_msgs.pc'
[1.508s] Level 1:colcon.colcon_core.environment:checking '/home/uwr/Desktop/2024_UWR/install/sonar_msgs/lib/python3.10/site-packages'
[1.508s] Level 1:colcon.colcon_core.environment:checking '/home/uwr/Desktop/2024_UWR/install/sonar_msgs/bin'
[1.508s] INFO:colcon.colcon_core.shell:Creating package script '/home/uwr/Desktop/2024_UWR/install/sonar_msgs/share/sonar_msgs/package.ps1'
[1.509s] INFO:colcon.colcon_core.shell:Creating package descriptor '/home/uwr/Desktop/2024_UWR/install/sonar_msgs/share/sonar_msgs/package.dsv'
[1.510s] INFO:colcon.colcon_core.shell:Creating package script '/home/uwr/Desktop/2024_UWR/install/sonar_msgs/share/sonar_msgs/package.sh'
[1.510s] INFO:colcon.colcon_core.shell:Creating package script '/home/uwr/Desktop/2024_UWR/install/sonar_msgs/share/sonar_msgs/package.bash'
[1.510s] INFO:colcon.colcon_core.shell:Creating package script '/home/uwr/Desktop/2024_UWR/install/sonar_msgs/share/sonar_msgs/package.zsh'
[1.511s] Level 1:colcon.colcon_core.environment:create_file_with_runtime_dependencies(/home/uwr/Desktop/2024_UWR/install/sonar_msgs/share/colcon-core/packages/sonar_msgs)
[1.511s] INFO:colcon.colcon_ros.task.ament_cmake.build:Building ROS package in '/home/uwr/Desktop/2024_UWR/src/kalman_filter' with build type 'ament_cmake'
[1.511s] INFO:colcon.colcon_cmake.task.cmake.build:Building CMake package in '/home/uwr/Desktop/2024_UWR/src/kalman_filter'
[1.512s] INFO:colcon.colcon_core.shell:Skip shell extension 'powershell' for command environment: Not usable outside of PowerShell
[1.512s] DEBUG:colcon.colcon_core.shell:Skip shell extension 'dsv' for command environment
[1.515s] INFO:colcon.colcon_ros.task.ament_python.build:Building ROS package in '/home/uwr/Desktop/2024_UWR/src/sonar_subs' with build type 'ament_python'
[1.516s] Level 1:colcon.colcon_core.shell:create_environment_hook('sonar_subs', 'ament_prefix_path')
[1.516s] INFO:colcon.colcon_core.shell:Creating environment hook '/home/uwr/Desktop/2024_UWR/install/sonar_subs/share/sonar_subs/hook/ament_prefix_path.ps1'
[1.517s] INFO:colcon.colcon_core.shell:Creating environment descriptor '/home/uwr/Desktop/2024_UWR/install/sonar_subs/share/sonar_subs/hook/ament_prefix_path.dsv'
[1.517s] INFO:colcon.colcon_core.shell:Creating environment hook '/home/uwr/Desktop/2024_UWR/install/sonar_subs/share/sonar_subs/hook/ament_prefix_path.sh'
[1.518s] INFO:colcon.colcon_core.shell:Skip shell extension 'powershell' for command environment: Not usable outside of PowerShell
[1.518s] DEBUG:colcon.colcon_core.shell:Skip shell extension 'dsv' for command environment
[1.529s] DEBUG:colcon.colcon_core.event_handler.log_command:Invoking command in '/home/uwr/Desktop/2024_UWR/build/kalman_filter': CMAKE_PREFIX_PATH=/home/uwr/Desktop/2024_UWR/install/sonar_msgs:/home/uwr/Desktop/2024_UWR/install/xsens_mti_ros2_driver:/home/uwr/Desktop/2024_UWR/install/kalman_filter:/home/uwr/Desktop/2024_UWR/install/ros2-driver:/home/uwr/Desktop/2024_UWR/install/ntrip:/home/uwr/Desktop/2024_UWR/install/adnav-driver:/home/uwr/Desktop/2024_UWR/install/sonar_subs:/opt/ros/humble LD_LIBRARY_PATH=/home/uwr/Desktop/2024_UWR/install/sonar_msgs/lib:/home/uwr/Desktop/2024_UWR/install/xsens_mti_ros2_driver/lib:/opt/ros/humble/opt/rviz_ogre_vendor/lib:/opt/ros/humble/lib/x86_64-linux-gnu:/opt/ros/humble/lib /usr/bin/cmake --build /home/uwr/Desktop/2024_UWR/build/kalman_filter -- -j8 -l8
[1.948s] INFO:colcon.colcon_core.task.python.build:Building Python package in '/home/uwr/Desktop/2024_UWR/src/sonar_subs'
[1.948s] INFO:colcon.colcon_core.shell:Skip shell extension 'powershell' for command environment: Not usable outside of PowerShell
[1.948s] DEBUG:colcon.colcon_core.shell:Skip shell extension 'dsv' for command environment
[2.492s] DEBUG:colcon.colcon_core.event_handler.log_command:Invoking command in '/home/uwr/Desktop/2024_UWR/build/sonar_subs': CMAKE_PREFIX_PATH=/home/uwr/Desktop/2024_UWR/install/sonar_msgs:/home/uwr/Desktop/2024_UWR/install/xsens_mti_ros2_driver:/home/uwr/Desktop/2024_UWR/install/kalman_filter:/home/uwr/Desktop/2024_UWR/install/ros2-driver:/home/uwr/Desktop/2024_UWR/install/ntrip:/home/uwr/Desktop/2024_UWR/install/adnav-driver LD_LIBRARY_PATH=/home/uwr/Desktop/2024_UWR/install/sonar_msgs/lib:/home/uwr/Desktop/2024_UWR/install/xsens_mti_ros2_driver/lib:/opt/ros/humble/opt/rviz_ogre_vendor/lib:/opt/ros/humble/lib/x86_64-linux-gnu:/opt/ros/humble/lib PYTHONPATH=/home/uwr/Desktop/2024_UWR/build/sonar_subs/prefix_override:/usr/lib/python3/dist-packages/colcon_core/task/python/colcon_distutils_commands:/home/uwr/Desktop/2024_UWR/install/sonar_subs/lib/python3.10/site-packages:${PYTHONPATH} /usr/bin/python3 -W ignore:setup.py install is deprecated setup.py develop --editable --build-directory /home/uwr/Desktop/2024_UWR/build/sonar_subs/build --no-deps symlink_data
[3.205s] Level 1:colcon.colcon_core.shell:create_environment_hook('sonar_subs', 'pythonpath_develop')
[3.205s] INFO:colcon.colcon_core.shell:Creating environment hook '/home/uwr/Desktop/2024_UWR/build/sonar_subs/share/sonar_subs/hook/pythonpath_develop.ps1'
[3.206s] DEBUG:colcon.colcon_core.event_handler.log_command:Invoked command in '/home/uwr/Desktop/2024_UWR/build/sonar_subs' returned '0': CMAKE_PREFIX_PATH=/home/uwr/Desktop/2024_UWR/install/sonar_msgs:/home/uwr/Desktop/2024_UWR/install/xsens_mti_ros2_driver:/home/uwr/Desktop/2024_UWR/install/kalman_filter:/home/uwr/Desktop/2024_UWR/install/ros2-driver:/home/uwr/Desktop/2024_UWR/install/ntrip:/home/uwr/Desktop/2024_UWR/install/adnav-driver LD_LIBRARY_PATH=/home/uwr/Desktop/2024_UWR/install/sonar_msgs/lib:/home/uwr/Desktop/2024_UWR/install/xsens_mti_ros2_driver/lib:/opt/ros/humble/opt/rviz_ogre_vendor/lib:/opt/ros/humble/lib/x86_64-linux-gnu:/opt/ros/humble/lib PYTHONPATH=/home/uwr/Desktop/2024_UWR/build/sonar_subs/prefix_override:/usr/lib/python3/dist-packages/colcon_core/task/python/colcon_distutils_commands:/home/uwr/Desktop/2024_UWR/install/sonar_subs/lib/python3.10/site-packages:${PYTHONPATH} /usr/bin/python3 -W ignore:setup.py install is deprecated setup.py develop --editable --build-directory /home/uwr/Desktop/2024_UWR/build/sonar_subs/build --no-deps symlink_data
[3.207s] INFO:colcon.colcon_core.shell:Creating environment descriptor '/home/uwr/Desktop/2024_UWR/build/sonar_subs/share/sonar_subs/hook/pythonpath_develop.dsv'
[3.207s] INFO:colcon.colcon_core.shell:Creating environment hook '/home/uwr/Desktop/2024_UWR/build/sonar_subs/share/sonar_subs/hook/pythonpath_develop.sh'
[3.208s] Level 1:colcon.colcon_core.environment:checking '/home/uwr/Desktop/2024_UWR/install/sonar_subs' for CMake module files
[3.209s] Level 1:colcon.colcon_core.environment:checking '/home/uwr/Desktop/2024_UWR/install/sonar_subs' for CMake config files
[3.209s] Level 1:colcon.colcon_core.environment:checking '/home/uwr/Desktop/2024_UWR/install/sonar_subs/lib'
[3.210s] Level 1:colcon.colcon_core.environment:checking '/home/uwr/Desktop/2024_UWR/install/sonar_subs/bin'
[3.210s] Level 1:colcon.colcon_core.environment:checking '/home/uwr/Desktop/2024_UWR/install/sonar_subs/lib/pkgconfig/sonar_subs.pc'
[3.210s] Level 1:colcon.colcon_core.environment:checking '/home/uwr/Desktop/2024_UWR/install/sonar_subs/lib/python3.10/site-packages'
[3.210s] Level 1:colcon.colcon_core.shell:create_environment_hook('sonar_subs', 'pythonpath')
[3.211s] INFO:colcon.colcon_core.shell:Creating environment hook '/home/uwr/Desktop/2024_UWR/install/sonar_subs/share/sonar_subs/hook/pythonpath.ps1'
[3.211s] INFO:colcon.colcon_core.shell:Creating environment descriptor '/home/uwr/Desktop/2024_UWR/install/sonar_subs/share/sonar_subs/hook/pythonpath.dsv'
[3.212s] INFO:colcon.colcon_core.shell:Creating environment hook '/home/uwr/Desktop/2024_UWR/install/sonar_subs/share/sonar_subs/hook/pythonpath.sh'
[3.213s] Level 1:colcon.colcon_core.environment:checking '/home/uwr/Desktop/2024_UWR/install/sonar_subs/bin'
[3.213s] Level 1:colcon.colcon_core.environment:create_environment_scripts_only(sonar_subs)
[3.213s] INFO:colcon.colcon_core.shell:Creating package script '/home/uwr/Desktop/2024_UWR/install/sonar_subs/share/sonar_subs/package.ps1'
[3.214s] INFO:colcon.colcon_core.shell:Creating package descriptor '/home/uwr/Desktop/2024_UWR/install/sonar_subs/share/sonar_subs/package.dsv'
[3.215s] INFO:colcon.colcon_core.shell:Creating package script '/home/uwr/Desktop/2024_UWR/install/sonar_subs/share/sonar_subs/package.sh'
[3.215s] INFO:colcon.colcon_core.shell:Creating package script '/home/uwr/Desktop/2024_UWR/install/sonar_subs/share/sonar_subs/package.bash'
[3.216s] INFO:colcon.colcon_core.shell:Creating package script '/home/uwr/Desktop/2024_UWR/install/sonar_subs/share/sonar_subs/package.zsh'
[3.216s] Level 1:colcon.colcon_core.environment:create_file_with_runtime_dependencies(/home/uwr/Desktop/2024_UWR/install/sonar_subs/share/colcon-core/packages/sonar_subs)
[19.718s] DEBUG:colcon.colcon_core.event_handler.log_command:Invoked command in '/home/uwr/Desktop/2024_UWR/build/kalman_filter' returned '0': CMAKE_PREFIX_PATH=/home/uwr/Desktop/2024_UWR/install/sonar_msgs:/home/uwr/Desktop/2024_UWR/install/xsens_mti_ros2_driver:/home/uwr/Desktop/2024_UWR/install/kalman_filter:/home/uwr/Desktop/2024_UWR/install/ros2-driver:/home/uwr/Desktop/2024_UWR/install/ntrip:/home/uwr/Desktop/2024_UWR/install/adnav-driver:/home/uwr/Desktop/2024_UWR/install/sonar_subs:/opt/ros/humble LD_LIBRARY_PATH=/home/uwr/Desktop/2024_UWR/install/sonar_msgs/lib:/home/uwr/Desktop/2024_UWR/install/xsens_mti_ros2_driver/lib:/opt/ros/humble/opt/rviz_ogre_vendor/lib:/opt/ros/humble/lib/x86_64-linux-gnu:/opt/ros/humble/lib /usr/bin/cmake --build /home/uwr/Desktop/2024_UWR/build/kalman_filter -- -j8 -l8
[19.755s] DEBUG:colcon.colcon_core.event_handler.log_command:Invoking command in '/home/uwr/Desktop/2024_UWR/build/kalman_filter': CMAKE_PREFIX_PATH=/home/uwr/Desktop/2024_UWR/install/sonar_msgs:/home/uwr/Desktop/2024_UWR/install/xsens_mti_ros2_driver:/home/uwr/Desktop/2024_UWR/install/kalman_filter:/home/uwr/Desktop/2024_UWR/install/ros2-driver:/home/uwr/Desktop/2024_UWR/install/ntrip:/home/uwr/Desktop/2024_UWR/install/adnav-driver:/home/uwr/Desktop/2024_UWR/install/sonar_subs:/opt/ros/humble LD_LIBRARY_PATH=/home/uwr/Desktop/2024_UWR/install/sonar_msgs/lib:/home/uwr/Desktop/2024_UWR/install/xsens_mti_ros2_driver/lib:/opt/ros/humble/opt/rviz_ogre_vendor/lib:/opt/ros/humble/lib/x86_64-linux-gnu:/opt/ros/humble/lib /usr/bin/cmake --install /home/uwr/Desktop/2024_UWR/build/kalman_filter
[19.776s] Level 1:colcon.colcon_core.environment:create_environment_scripts_only(kalman_filter)
[19.777s] Level 1:colcon.colcon_core.environment:checking '/home/uwr/Desktop/2024_UWR/install/kalman_filter' for CMake module files
[19.778s] DEBUG:colcon.colcon_core.event_handler.log_command:Invoked command in '/home/uwr/Desktop/2024_UWR/build/kalman_filter' returned '0': CMAKE_PREFIX_PATH=/home/uwr/Desktop/2024_UWR/install/sonar_msgs:/home/uwr/Desktop/2024_UWR/install/xsens_mti_ros2_driver:/home/uwr/Desktop/2024_UWR/install/kalman_filter:/home/uwr/Desktop/2024_UWR/install/ros2-driver:/home/uwr/Desktop/2024_UWR/install/ntrip:/home/uwr/Desktop/2024_UWR/install/adnav-driver:/home/uwr/Desktop/2024_UWR/install/sonar_subs:/opt/ros/humble LD_LIBRARY_PATH=/home/uwr/Desktop/2024_UWR/install/sonar_msgs/lib:/home/uwr/Desktop/2024_UWR/install/xsens_mti_ros2_driver/lib:/opt/ros/humble/opt/rviz_ogre_vendor/lib:/opt/ros/humble/lib/x86_64-linux-gnu:/opt/ros/humble/lib /usr/bin/cmake --install /home/uwr/Desktop/2024_UWR/build/kalman_filter
[19.778s] Level 1:colcon.colcon_core.environment:checking '/home/uwr/Desktop/2024_UWR/install/kalman_filter' for CMake config files
[19.778s] Level 1:colcon.colcon_core.shell:create_environment_hook('kalman_filter', 'cmake_prefix_path')
[19.778s] INFO:colcon.colcon_core.shell:Creating environment hook '/home/uwr/Desktop/2024_UWR/install/kalman_filter/share/kalman_filter/hook/cmake_prefix_path.ps1'
[19.779s] INFO:colcon.colcon_core.shell:Creating environment descriptor '/home/uwr/Desktop/2024_UWR/install/kalman_filter/share/kalman_filter/hook/cmake_prefix_path.dsv'
[19.779s] INFO:colcon.colcon_core.shell:Creating environment hook '/home/uwr/Desktop/2024_UWR/install/kalman_filter/share/kalman_filter/hook/cmake_prefix_path.sh'
[19.780s] Level 1:colcon.colcon_core.environment:checking '/home/uwr/Desktop/2024_UWR/install/kalman_filter/lib'
[19.780s] Level 1:colcon.colcon_core.environment:checking '/home/uwr/Desktop/2024_UWR/install/kalman_filter/bin'
[19.780s] Level 1:colcon.colcon_core.environment:checking '/home/uwr/Desktop/2024_UWR/install/kalman_filter/lib/pkgconfig/kalman_filter.pc'
[19.780s] Level 1:colcon.colcon_core.environment:checking '/home/uwr/Desktop/2024_UWR/install/kalman_filter/lib/python3.10/site-packages'
[19.781s] Level 1:colcon.colcon_core.environment:checking '/home/uwr/Desktop/2024_UWR/install/kalman_filter/bin'
[19.781s] INFO:colcon.colcon_core.shell:Creating package script '/home/uwr/Desktop/2024_UWR/install/kalman_filter/share/kalman_filter/package.ps1'
[19.782s] INFO:colcon.colcon_core.shell:Creating package descriptor '/home/uwr/Desktop/2024_UWR/install/kalman_filter/share/kalman_filter/package.dsv'
[19.782s] INFO:colcon.colcon_core.shell:Creating package script '/home/uwr/Desktop/2024_UWR/install/kalman_filter/share/kalman_filter/package.sh'
[19.783s] INFO:colcon.colcon_core.shell:Creating package script '/home/uwr/Desktop/2024_UWR/install/kalman_filter/share/kalman_filter/package.bash'
[19.783s] INFO:colcon.colcon_core.shell:Creating package script '/home/uwr/Desktop/2024_UWR/install/kalman_filter/share/kalman_filter/package.zsh'
[19.783s] Level 1:colcon.colcon_core.environment:create_file_with_runtime_dependencies(/home/uwr/Desktop/2024_UWR/install/kalman_filter/share/colcon-core/packages/kalman_filter)
[19.819s] Level 1:colcon.colcon_core.environment:create_environment_scripts_only(kalman_filter)
[19.820s] Level 1:colcon.colcon_core.environment:checking '/home/uwr/Desktop/2024_UWR/install/kalman_filter' for CMake module files
[19.820s] Level 1:colcon.colcon_core.environment:checking '/home/uwr/Desktop/2024_UWR/install/kalman_filter' for CMake config files
[19.820s] Level 1:colcon.colcon_core.shell:create_environment_hook('kalman_filter', 'cmake_prefix_path')
[19.821s] INFO:colcon.colcon_core.shell:Creating environment hook '/home/uwr/Desktop/2024_UWR/install/kalman_filter/share/kalman_filter/hook/cmake_prefix_path.ps1'
[19.821s] INFO:colcon.colcon_core.shell:Creating environment descriptor '/home/uwr/Desktop/2024_UWR/install/kalman_filter/share/kalman_filter/hook/cmake_prefix_path.dsv'
[19.821s] INFO:colcon.colcon_core.shell:Creating environment hook '/home/uwr/Desktop/2024_UWR/install/kalman_filter/share/kalman_filter/hook/cmake_prefix_path.sh'
[19.822s] Level 1:colcon.colcon_core.environment:checking '/home/uwr/Desktop/2024_UWR/install/kalman_filter/lib'
[19.822s] Level 1:colcon.colcon_core.environment:checking '/home/uwr/Desktop/2024_UWR/install/kalman_filter/bin'
[19.822s] Level 1:colcon.colcon_core.environment:checking '/home/uwr/Desktop/2024_UWR/install/kalman_filter/lib/pkgconfig/kalman_filter.pc'
[19.822s] Level 1:colcon.colcon_core.environment:checking '/home/uwr/Desktop/2024_UWR/install/kalman_filter/lib/python3.10/site-packages'
[19.822s] Level 1:colcon.colcon_core.environment:checking '/home/uwr/Desktop/2024_UWR/install/kalman_filter/bin'
[19.823s] INFO:colcon.colcon_core.shell:Creating package script '/home/uwr/Desktop/2024_UWR/install/kalman_filter/share/kalman_filter/package.ps1'
[19.823s] INFO:colcon.colcon_core.shell:Creating package descriptor '/home/uwr/Desktop/2024_UWR/install/kalman_filter/share/kalman_filter/package.dsv'
[19.824s] INFO:colcon.colcon_core.shell:Creating package script '/home/uwr/Desktop/2024_UWR/install/kalman_filter/share/kalman_filter/package.sh'
[19.824s] INFO:colcon.colcon_core.shell:Creating package script '/home/uwr/Desktop/2024_UWR/install/kalman_filter/share/kalman_filter/package.bash'
[19.824s] INFO:colcon.colcon_core.shell:Creating package script '/home/uwr/Desktop/2024_UWR/install/kalman_filter/share/kalman_filter/package.zsh'
[19.825s] Level 1:colcon.colcon_core.environment:create_file_with_runtime_dependencies(/home/uwr/Desktop/2024_UWR/install/kalman_filter/share/colcon-core/packages/kalman_filter)
[19.825s] DEBUG:colcon.colcon_parallel_executor.executor.parallel:closing loop
[19.825s] DEBUG:colcon.colcon_parallel_executor.executor.parallel:loop closed
[19.826s] DEBUG:colcon.colcon_parallel_executor.executor.parallel:run_until_complete finished with '0'
[19.826s] DEBUG:colcon.colcon_core.event_reactor:joining thread
[19.834s] INFO:colcon.colcon_core.plugin_system:Skipping extension 'colcon_notification.desktop_notification.terminal_notifier': Not used on non-Darwin systems
[19.834s] INFO:colcon.colcon_core.plugin_system:Skipping extension 'colcon_notification.desktop_notification.win32': Not used on non-Windows systems
[19.834s] INFO:colcon.colcon_notification.desktop_notification:Sending desktop notification using 'notify2'
[19.845s] DEBUG:colcon.colcon_core.event_reactor:joined thread
[19.845s] INFO:colcon.colcon_core.shell:Creating prefix script '/home/uwr/Desktop/2024_UWR/install/local_setup.ps1'
[19.846s] INFO:colcon.colcon_core.shell:Creating prefix util module '/home/uwr/Desktop/2024_UWR/install/_local_setup_util_ps1.py'
[19.848s] INFO:colcon.colcon_core.shell:Creating prefix chain script '/home/uwr/Desktop/2024_UWR/install/setup.ps1'
[19.849s] INFO:colcon.colcon_core.shell:Creating prefix script '/home/uwr/Desktop/2024_UWR/install/local_setup.sh'
[19.850s] INFO:colcon.colcon_core.shell:Creating prefix util module '/home/uwr/Desktop/2024_UWR/install/_local_setup_util_sh.py'
[19.851s] INFO:colcon.colcon_core.shell:Creating prefix chain script '/home/uwr/Desktop/2024_UWR/install/setup.sh'
[19.854s] INFO:colcon.colcon_core.shell:Creating prefix script '/home/uwr/Desktop/2024_UWR/install/local_setup.bash'
[19.855s] INFO:colcon.colcon_core.shell:Creating prefix chain script '/home/uwr/Desktop/2024_UWR/install/setup.bash'
[19.856s] INFO:colcon.colcon_core.shell:Creating prefix script '/home/uwr/Desktop/2024_UWR/install/local_setup.zsh'
[19.856s] INFO:colcon.colcon_core.shell:Creating prefix chain script '/home/uwr/Desktop/2024_UWR/install/setup.zsh'
