[0.025s] Invoking command in '/home/uwr/Desktop/2024_UWR/build/ntrip': CMAKE_PREFIX_PATH=${CMAKE_PREFIX_PATH}:/home/uwr/Desktop/2024_UWR/install/sonar_subs:/opt/ros/humble /usr/bin/cmake --build /home/uwr/Desktop/2024_UWR/build/ntrip -- -j8 -l8
[0.155s] [100%] Built target ntrip
[0.187s] Invoked command in '/home/uwr/Desktop/2024_UWR/build/ntrip' returned '0': CMAKE_PREFIX_PATH=${CMAKE_PREFIX_PATH}:/home/uwr/Desktop/2024_UWR/install/sonar_subs:/opt/ros/humble /usr/bin/cmake --build /home/uwr/Desktop/2024_UWR/build/ntrip -- -j8 -l8
[0.264s] Invoking command in '/home/uwr/Desktop/2024_UWR/build/ntrip': CMAKE_PREFIX_PATH=${CMAKE_PREFIX_PATH}:/home/uwr/Desktop/2024_UWR/install/sonar_subs:/opt/ros/humble /usr/bin/cmake --install /home/uwr/Desktop/2024_UWR/build/ntrip
[0.280s] -- Install configuration: ""
[0.281s] -- Up-to-date: /home/uwr/Desktop/2024_UWR/install/ntrip/lib/ntrip/ntrip
[0.281s] -- Up-to-date: /home/uwr/Desktop/2024_UWR/install/ntrip/share/ntrip//launch
[0.281s] -- Up-to-date: /home/uwr/Desktop/2024_UWR/install/ntrip/share/ntrip//launch/ntrip_launch.py
[0.282s] -- Up-to-date: /home/uwr/Desktop/2024_UWR/install/ntrip/share/ament_index/resource_index/package_run_dependencies/ntrip
[0.282s] -- Up-to-date: /home/uwr/Desktop/2024_UWR/install/ntrip/share/ament_index/resource_index/parent_prefix_path/ntrip
[0.282s] -- Up-to-date: /home/uwr/Desktop/2024_UWR/install/ntrip/share/ntrip/environment/ament_prefix_path.sh
[0.282s] -- Up-to-date: /home/uwr/Desktop/2024_UWR/install/ntrip/share/ntrip/environment/ament_prefix_path.dsv
[0.283s] -- Up-to-date: /home/uwr/Desktop/2024_UWR/install/ntrip/share/ntrip/environment/path.sh
[0.283s] -- Up-to-date: /home/uwr/Desktop/2024_UWR/install/ntrip/share/ntrip/environment/path.dsv
[0.283s] -- Up-to-date: /home/uwr/Desktop/2024_UWR/install/ntrip/share/ntrip/local_setup.bash
[0.284s] -- Up-to-date: /home/uwr/Desktop/2024_UWR/install/ntrip/share/ntrip/local_setup.sh
[0.284s] -- Up-to-date: /home/uwr/Desktop/2024_UWR/install/ntrip/share/ntrip/local_setup.zsh
[0.284s] -- Up-to-date: /home/uwr/Desktop/2024_UWR/install/ntrip/share/ntrip/local_setup.dsv
[0.284s] -- Installing: /home/uwr/Desktop/2024_UWR/install/ntrip/share/ntrip/package.dsv
[0.284s] -- Up-to-date: /home/uwr/Desktop/2024_UWR/install/ntrip/share/ament_index/resource_index/packages/ntrip
[0.285s] -- Up-to-date: /home/uwr/Desktop/2024_UWR/install/ntrip/share/ntrip/cmake/ntripConfig.cmake
[0.285s] -- Up-to-date: /home/uwr/Desktop/2024_UWR/install/ntrip/share/ntrip/cmake/ntripConfig-version.cmake
[0.285s] -- Up-to-date: /home/uwr/Desktop/2024_UWR/install/ntrip/share/ntrip/package.xml
[0.290s] Invoked command in '/home/uwr/Desktop/2024_UWR/build/ntrip' returned '0': CMAKE_PREFIX_PATH=${CMAKE_PREFIX_PATH}:/home/uwr/Desktop/2024_UWR/install/sonar_subs:/opt/ros/humble /usr/bin/cmake --install /home/uwr/Desktop/2024_UWR/build/ntrip
