[0.014s] Invoking command in '/home/saab/Desktop/2024_UWR/build/sonar_msgs': CMAKE_PREFIX_PATH=${CMAKE_PREFIX_PATH}:/home/saab/Desktop/2024_UWR/install/sonar_subs:/opt/ros/humble /usr/bin/cmake /home/saab/Desktop/2024_UWR/src/sonar_msgs -DAMENT_CMAKE_SYMLINK_INSTALL=1 -DCMAKE_INSTALL_PREFIX=/home/saab/Desktop/2024_UWR/install/sonar_msgs
[0.053s] -- The C compiler identification is GNU 11.4.0
[0.089s] -- The CXX compiler identification is GNU 11.4.0
[0.094s] -- Detecting C compiler ABI info
[0.144s] -- Detecting C compiler ABI info - done
[0.150s] -- Check for working C compiler: /usr/bin/cc - skipped
[0.150s] -- Detecting C compile features
[0.151s] -- Detecting C compile features - done
[0.154s] -- Detecting CXX compiler ABI info
[0.205s] -- Detecting CXX compiler ABI info - done
[0.210s] -- Check for working CXX compiler: /usr/bin/c++ - skipped
[0.211s] -- Detecting CXX compile features
[0.211s] -- Detecting CXX compile features - done
[0.213s] -- Found ament_cmake: 1.3.10 (/opt/ros/humble/share/ament_cmake/cmake)
[0.321s] -- Found Python3: /usr/bin/python3 (found version "3.10.12") found components: Interpreter 
[0.364s] -- Override CMake install command with custom implementation using symlinks instead of copying resources
[0.392s] -- Found std_msgs: 4.2.4 (/opt/ros/humble/share/std_msgs/cmake)
[0.440s] -- Found rosidl_generator_c: 3.1.5 (/opt/ros/humble/share/rosidl_generator_c/cmake)
[0.444s] -- Found rosidl_adapter: 3.1.5 (/opt/ros/humble/share/rosidl_adapter/cmake)
[0.449s] -- Found rosidl_generator_cpp: 3.1.5 (/opt/ros/humble/share/rosidl_generator_cpp/cmake)
[0.458s] -- Using all available rosidl_typesupport_c: rosidl_typesupport_fastrtps_c;rosidl_typesupport_introspection_c
[0.468s] -- Using all available rosidl_typesupport_cpp: rosidl_typesupport_fastrtps_cpp;rosidl_typesupport_introspection_cpp
[0.486s] -- Found rosidl_default_generators: 1.2.0 (/opt/ros/humble/share/rosidl_default_generators/cmake)
[0.692s] -- Found ament_cmake_ros: 0.10.0 (/opt/ros/humble/share/ament_cmake_ros/cmake)
[0.969s] -- Using all available rosidl_typesupport_c: rosidl_typesupport_fastrtps_c;rosidl_typesupport_introspection_c
[1.081s] -- Using all available rosidl_typesupport_cpp: rosidl_typesupport_fastrtps_cpp;rosidl_typesupport_introspection_cpp
[1.098s] -- Found PythonInterp: /usr/bin/python3 (found suitable version "3.10.12", minimum required is "3.6") 
[1.099s] -- Found python_cmake_module: 0.10.0 (/opt/ros/humble/share/python_cmake_module/cmake)
[1.121s] -- Found PythonLibs: /usr/lib/x86_64-linux-gnu/libpython3.10.so (found suitable version "3.10.12", minimum required is "3.5") 
[1.121s] -- Using PYTHON_EXECUTABLE: /usr/bin/python3
[1.121s] -- Using PYTHON_INCLUDE_DIRS: /usr/include/python3.10
[1.121s] -- Using PYTHON_LIBRARIES: /usr/lib/x86_64-linux-gnu/libpython3.10.so
[1.136s] -- Found PythonExtra: .so  
[1.175s] -- Found ament_lint_auto: 0.12.11 (/opt/ros/humble/share/ament_lint_auto/cmake)
[1.189s] -- Added test 'lint_cmake' to check CMake code style
[1.190s] -- Added test 'xmllint' to check XML markup files
[1.192s] -- Configuring done
[1.220s] -- Generating done
[1.222s] -- Build files have been written to: /home/saab/Desktop/2024_UWR/build/sonar_msgs
[1.228s] Invoked command in '/home/saab/Desktop/2024_UWR/build/sonar_msgs' returned '0': CMAKE_PREFIX_PATH=${CMAKE_PREFIX_PATH}:/home/saab/Desktop/2024_UWR/install/sonar_subs:/opt/ros/humble /usr/bin/cmake /home/saab/Desktop/2024_UWR/src/sonar_msgs -DAMENT_CMAKE_SYMLINK_INSTALL=1 -DCMAKE_INSTALL_PREFIX=/home/saab/Desktop/2024_UWR/install/sonar_msgs
[1.229s] Invoking command in '/home/saab/Desktop/2024_UWR/build/sonar_msgs': CMAKE_PREFIX_PATH=${CMAKE_PREFIX_PATH}:/home/saab/Desktop/2024_UWR/install/sonar_subs:/opt/ros/humble /usr/bin/cmake --build /home/saab/Desktop/2024_UWR/build/sonar_msgs -- -j24 -l24
[1.259s] [  2%] [34m[1mGenerating C code for ROS interfaces[0m
[1.264s] [  4%] [34m[1mGenerating C++ code for ROS interfaces[0m
[1.270s] [  4%] Built target ament_cmake_python_symlink_sonar_msgs
[1.506s] [  6%] [32mBuilding C object CMakeFiles/sonar_msgs__rosidl_generator_c.dir/rosidl_generator_c/sonar_msgs/msg/detail/kf_values__functions.c.o[0m
[1.507s] [  8%] [32mBuilding C object CMakeFiles/sonar_msgs__rosidl_generator_c.dir/rosidl_generator_c/sonar_msgs/msg/detail/three_sonar_depth__functions.c.o[0m
[1.507s] [ 10%] [32mBuilding C object CMakeFiles/sonar_msgs__rosidl_generator_c.dir/rosidl_generator_c/sonar_msgs/msg/detail/conf_scal__functions.c.o[0m
[1.514s] [ 10%] Built target sonar_msgs__cpp
[1.521s] [ 12%] [34m[1mGenerating C++ type support dispatch for ROS interfaces[0m
[1.521s] [ 14%] [34m[1mGenerating C++ type support for eProsima Fast-RTPS[0m
[1.521s] [ 17%] [34m[1mGenerating C++ introspection for ROS interfaces[0m
[1.531s] running egg_info
[1.532s] creating sonar_msgs.egg-info
[1.532s] writing sonar_msgs.egg-info/PKG-INFO
[1.532s] writing dependency_links to sonar_msgs.egg-info/dependency_links.txt
[1.532s] writing top-level names to sonar_msgs.egg-info/top_level.txt
[1.535s] writing manifest file 'sonar_msgs.egg-info/SOURCES.txt'
[1.539s] reading manifest file 'sonar_msgs.egg-info/SOURCES.txt'
[1.539s] writing manifest file 'sonar_msgs.egg-info/SOURCES.txt'
[1.544s] [ 19%] [32m[1mLinking C shared library libsonar_msgs__rosidl_generator_c.so[0m
[1.557s] [ 19%] Built target ament_cmake_python_build_sonar_msgs_egg
[1.570s] [ 19%] Built target sonar_msgs__rosidl_generator_c
[1.578s] [ 21%] [34m[1mGenerating C type support dispatch for ROS interfaces[0m
[1.578s] [ 23%] [34m[1mGenerating C type support for eProsima Fast-RTPS[0m
[1.578s] [ 25%] [34m[1mGenerating C introspection for ROS interfaces[0m
[1.718s] [ 29%] [32mBuilding CXX object CMakeFiles/sonar_msgs__rosidl_typesupport_cpp.dir/rosidl_typesupport_cpp/sonar_msgs/msg/kf_values__type_support.cpp.o[0m
[1.718s] [ 29%] [32mBuilding CXX object CMakeFiles/sonar_msgs__rosidl_typesupport_cpp.dir/rosidl_typesupport_cpp/sonar_msgs/msg/three_sonar_depth__type_support.cpp.o[0m
[1.718s] [ 31%] [32mBuilding CXX object CMakeFiles/sonar_msgs__rosidl_typesupport_cpp.dir/rosidl_typesupport_cpp/sonar_msgs/msg/conf_scal__type_support.cpp.o[0m
[1.752s] [ 34%] [32mBuilding CXX object CMakeFiles/sonar_msgs__rosidl_typesupport_fastrtps_cpp.dir/rosidl_typesupport_fastrtps_cpp/sonar_msgs/msg/detail/dds_fastrtps/three_sonar_depth__type_support.cpp.o[0m
[1.754s] [ 36%] [32mBuilding CXX object CMakeFiles/sonar_msgs__rosidl_typesupport_fastrtps_cpp.dir/rosidl_typesupport_fastrtps_cpp/sonar_msgs/msg/detail/dds_fastrtps/kf_values__type_support.cpp.o[0m
[1.754s] [ 38%] [32mBuilding CXX object CMakeFiles/sonar_msgs__rosidl_typesupport_fastrtps_cpp.dir/rosidl_typesupport_fastrtps_cpp/sonar_msgs/msg/detail/dds_fastrtps/conf_scal__type_support.cpp.o[0m
[1.761s] [ 40%] [32mBuilding CXX object CMakeFiles/sonar_msgs__rosidl_typesupport_introspection_cpp.dir/rosidl_typesupport_introspection_cpp/sonar_msgs/msg/detail/kf_values__type_support.cpp.o[0m
[1.761s] [ 44%] [32mBuilding CXX object CMakeFiles/sonar_msgs__rosidl_typesupport_introspection_cpp.dir/rosidl_typesupport_introspection_cpp/sonar_msgs/msg/detail/conf_scal__type_support.cpp.o[0m
[1.761s] [ 44%] [32mBuilding CXX object CMakeFiles/sonar_msgs__rosidl_typesupport_introspection_cpp.dir/rosidl_typesupport_introspection_cpp/sonar_msgs/msg/detail/three_sonar_depth__type_support.cpp.o[0m
[1.812s] [ 48%] [32mBuilding C object CMakeFiles/sonar_msgs__rosidl_typesupport_introspection_c.dir/rosidl_typesupport_introspection_c/sonar_msgs/msg/detail/conf_scal__type_support.c.o[0m
[1.812s] [ 48%] [32mBuilding C object CMakeFiles/sonar_msgs__rosidl_typesupport_introspection_c.dir/rosidl_typesupport_introspection_c/sonar_msgs/msg/detail/three_sonar_depth__type_support.c.o[0m
[1.816s] [ 51%] [32mBuilding C object CMakeFiles/sonar_msgs__rosidl_typesupport_introspection_c.dir/rosidl_typesupport_introspection_c/sonar_msgs/msg/detail/kf_values__type_support.c.o[0m
[1.830s] [ 53%] [32mBuilding CXX object CMakeFiles/sonar_msgs__rosidl_typesupport_fastrtps_c.dir/rosidl_typesupport_fastrtps_c/sonar_msgs/msg/detail/three_sonar_depth__type_support_c.cpp.o[0m
[1.830s] [ 55%] [32mBuilding CXX object CMakeFiles/sonar_msgs__rosidl_typesupport_fastrtps_c.dir/rosidl_typesupport_fastrtps_c/sonar_msgs/msg/detail/kf_values__type_support_c.cpp.o[0m
[1.831s] [ 57%] [32mBuilding CXX object CMakeFiles/sonar_msgs__rosidl_typesupport_fastrtps_c.dir/rosidl_typesupport_fastrtps_c/sonar_msgs/msg/detail/conf_scal__type_support_c.cpp.o[0m
[1.843s] [ 61%] [32mBuilding CXX object CMakeFiles/sonar_msgs__rosidl_typesupport_c.dir/rosidl_typesupport_c/sonar_msgs/msg/conf_scal__type_support.cpp.o[0m
[1.843s] [ 61%] [32mBuilding CXX object CMakeFiles/sonar_msgs__rosidl_typesupport_c.dir/rosidl_typesupport_c/sonar_msgs/msg/three_sonar_depth__type_support.cpp.o[0m
[1.843s] [ 63%] [32mBuilding CXX object CMakeFiles/sonar_msgs__rosidl_typesupport_c.dir/rosidl_typesupport_c/sonar_msgs/msg/kf_values__type_support.cpp.o[0m
[1.856s] [ 65%] [32m[1mLinking C shared library libsonar_msgs__rosidl_typesupport_introspection_c.so[0m
[1.878s] [ 68%] [32m[1mLinking CXX shared library libsonar_msgs__rosidl_typesupport_c.so[0m
[1.890s] [ 68%] Built target sonar_msgs__rosidl_typesupport_introspection_c
[1.922s] [ 68%] Built target sonar_msgs__rosidl_typesupport_c
[1.987s] [ 70%] [32m[1mLinking CXX shared library libsonar_msgs__rosidl_typesupport_cpp.so[0m
[2.016s] [ 70%] Built target sonar_msgs__rosidl_typesupport_cpp
[2.128s] [ 72%] [32m[1mLinking CXX shared library libsonar_msgs__rosidl_typesupport_introspection_cpp.so[0m
[2.131s] [ 74%] [32m[1mLinking CXX shared library libsonar_msgs__rosidl_typesupport_fastrtps_cpp.so[0m
[2.163s] [ 76%] [32m[1mLinking CXX shared library libsonar_msgs__rosidl_typesupport_fastrtps_c.so[0m
[2.181s] [ 76%] Built target sonar_msgs__rosidl_typesupport_fastrtps_cpp
[2.189s] [ 76%] Built target sonar_msgs__rosidl_typesupport_introspection_cpp
[2.210s] [ 76%] Built target sonar_msgs__rosidl_typesupport_fastrtps_c
[2.222s] [ 76%] Built target sonar_msgs
[2.234s] [ 78%] [34m[1mGenerating Python code for ROS interfaces[0m
[2.569s] [ 78%] Built target sonar_msgs__py
[2.582s] [ 80%] [32mBuilding C object CMakeFiles/sonar_msgs__rosidl_generator_py.dir/rosidl_generator_py/sonar_msgs/msg/_conf_scal_s.c.o[0m
[2.582s] [ 82%] [32mBuilding C object CMakeFiles/sonar_msgs__rosidl_generator_py.dir/rosidl_generator_py/sonar_msgs/msg/_three_sonar_depth_s.c.o[0m
[2.582s] [ 85%] [32mBuilding C object CMakeFiles/sonar_msgs__rosidl_generator_py.dir/rosidl_generator_py/sonar_msgs/msg/_kf_values_s.c.o[0m
[2.684s] [ 87%] [32m[1mLinking C shared library rosidl_generator_py/sonar_msgs/libsonar_msgs__rosidl_generator_py.so[0m
[2.711s] [ 87%] Built target sonar_msgs__rosidl_generator_py
[2.723s] [ 89%] [32mBuilding C object CMakeFiles/sonar_msgs__rosidl_typesupport_fastrtps_c__pyext.dir/rosidl_generator_py/sonar_msgs/_sonar_msgs_s.ep.rosidl_typesupport_fastrtps_c.c.o[0m
[2.724s] [ 91%] [32mBuilding C object CMakeFiles/sonar_msgs__rosidl_typesupport_c__pyext.dir/rosidl_generator_py/sonar_msgs/_sonar_msgs_s.ep.rosidl_typesupport_c.c.o[0m
[2.726s] [ 93%] [32mBuilding C object CMakeFiles/sonar_msgs__rosidl_typesupport_introspection_c__pyext.dir/rosidl_generator_py/sonar_msgs/_sonar_msgs_s.ep.rosidl_typesupport_introspection_c.c.o[0m
[2.796s] [ 95%] [32m[1mLinking C shared library rosidl_generator_py/sonar_msgs/sonar_msgs_s__rosidl_typesupport_c.cpython-310-x86_64-linux-gnu.so[0m
[2.799s] [ 97%] [32m[1mLinking C shared library rosidl_generator_py/sonar_msgs/sonar_msgs_s__rosidl_typesupport_fastrtps_c.cpython-310-x86_64-linux-gnu.so[0m
[2.826s] [ 97%] Built target sonar_msgs__rosidl_typesupport_fastrtps_c__pyext
[2.828s] [ 97%] Built target sonar_msgs__rosidl_typesupport_c__pyext
[2.841s] [100%] [32m[1mLinking C shared library rosidl_generator_py/sonar_msgs/sonar_msgs_s__rosidl_typesupport_introspection_c.cpython-310-x86_64-linux-gnu.so[0m
[2.869s] [100%] Built target sonar_msgs__rosidl_typesupport_introspection_c__pyext
[2.879s] Invoked command in '/home/saab/Desktop/2024_UWR/build/sonar_msgs' returned '0': CMAKE_PREFIX_PATH=${CMAKE_PREFIX_PATH}:/home/saab/Desktop/2024_UWR/install/sonar_subs:/opt/ros/humble /usr/bin/cmake --build /home/saab/Desktop/2024_UWR/build/sonar_msgs -- -j24 -l24
[2.941s] Invoking command in '/home/saab/Desktop/2024_UWR/build/sonar_msgs': CMAKE_PREFIX_PATH=${CMAKE_PREFIX_PATH}:/home/saab/Desktop/2024_UWR/install/sonar_subs:/opt/ros/humble /usr/bin/cmake --install /home/saab/Desktop/2024_UWR/build/sonar_msgs
[2.946s] -- Install configuration: ""
[2.946s] -- Execute custom install script
[2.947s] -- Symlinking: /home/saab/Desktop/2024_UWR/install/sonar_msgs/share/ament_index/resource_index/rosidl_interfaces/sonar_msgs
[2.953s] -- Symlinking: /home/saab/Desktop/2024_UWR/install/sonar_msgs/include/sonar_msgs/sonar_msgs/msg/conf_scal.h
[2.958s] -- Symlinking: /home/saab/Desktop/2024_UWR/install/sonar_msgs/include/sonar_msgs/sonar_msgs/msg/detail/conf_scal__functions.h
[2.963s] -- Symlinking: /home/saab/Desktop/2024_UWR/install/sonar_msgs/include/sonar_msgs/sonar_msgs/msg/detail/conf_scal__struct.h
[2.969s] -- Symlinking: /home/saab/Desktop/2024_UWR/install/sonar_msgs/include/sonar_msgs/sonar_msgs/msg/detail/conf_scal__type_support.h
[2.974s] -- Symlinking: /home/saab/Desktop/2024_UWR/install/sonar_msgs/include/sonar_msgs/sonar_msgs/msg/detail/kf_values__functions.h
[2.979s] -- Symlinking: /home/saab/Desktop/2024_UWR/install/sonar_msgs/include/sonar_msgs/sonar_msgs/msg/detail/kf_values__struct.h
[2.985s] -- Symlinking: /home/saab/Desktop/2024_UWR/install/sonar_msgs/include/sonar_msgs/sonar_msgs/msg/detail/kf_values__type_support.h
[2.990s] -- Symlinking: /home/saab/Desktop/2024_UWR/install/sonar_msgs/include/sonar_msgs/sonar_msgs/msg/detail/three_sonar_depth__functions.h
[2.996s] -- Symlinking: /home/saab/Desktop/2024_UWR/install/sonar_msgs/include/sonar_msgs/sonar_msgs/msg/detail/three_sonar_depth__struct.h
[3.001s] -- Symlinking: /home/saab/Desktop/2024_UWR/install/sonar_msgs/include/sonar_msgs/sonar_msgs/msg/detail/three_sonar_depth__type_support.h
[3.006s] -- Symlinking: /home/saab/Desktop/2024_UWR/install/sonar_msgs/include/sonar_msgs/sonar_msgs/msg/kf_values.h
[3.012s] -- Symlinking: /home/saab/Desktop/2024_UWR/install/sonar_msgs/include/sonar_msgs/sonar_msgs/msg/rosidl_generator_c__visibility_control.h
[3.017s] -- Symlinking: /home/saab/Desktop/2024_UWR/install/sonar_msgs/include/sonar_msgs/sonar_msgs/msg/three_sonar_depth.h
[3.024s] -- Symlinking: /home/saab/Desktop/2024_UWR/install/sonar_msgs/share/sonar_msgs/environment/library_path.sh
[3.030s] -- Symlinking: /home/saab/Desktop/2024_UWR/install/sonar_msgs/share/sonar_msgs/environment/library_path.dsv
[3.037s] -- Symlinking: /home/saab/Desktop/2024_UWR/install/sonar_msgs/include/sonar_msgs/sonar_msgs/msg/detail/conf_scal__rosidl_typesupport_fastrtps_c.h
[3.043s] -- Symlinking: /home/saab/Desktop/2024_UWR/install/sonar_msgs/include/sonar_msgs/sonar_msgs/msg/detail/kf_values__rosidl_typesupport_fastrtps_c.h
[3.049s] -- Symlinking: /home/saab/Desktop/2024_UWR/install/sonar_msgs/include/sonar_msgs/sonar_msgs/msg/detail/three_sonar_depth__rosidl_typesupport_fastrtps_c.h
[3.054s] -- Symlinking: /home/saab/Desktop/2024_UWR/install/sonar_msgs/include/sonar_msgs/sonar_msgs/msg/rosidl_typesupport_fastrtps_c__visibility_control.h
[3.060s] -- Symlinking: /home/saab/Desktop/2024_UWR/install/sonar_msgs/include/sonar_msgs/sonar_msgs/msg/conf_scal.hpp
[3.066s] -- Symlinking: /home/saab/Desktop/2024_UWR/install/sonar_msgs/include/sonar_msgs/sonar_msgs/msg/detail/conf_scal__builder.hpp
[3.071s] -- Symlinking: /home/saab/Desktop/2024_UWR/install/sonar_msgs/include/sonar_msgs/sonar_msgs/msg/detail/conf_scal__struct.hpp
[3.077s] -- Symlinking: /home/saab/Desktop/2024_UWR/install/sonar_msgs/include/sonar_msgs/sonar_msgs/msg/detail/conf_scal__traits.hpp
[3.082s] -- Symlinking: /home/saab/Desktop/2024_UWR/install/sonar_msgs/include/sonar_msgs/sonar_msgs/msg/detail/kf_values__builder.hpp
[3.088s] -- Symlinking: /home/saab/Desktop/2024_UWR/install/sonar_msgs/include/sonar_msgs/sonar_msgs/msg/detail/kf_values__struct.hpp
[3.094s] -- Symlinking: /home/saab/Desktop/2024_UWR/install/sonar_msgs/include/sonar_msgs/sonar_msgs/msg/detail/kf_values__traits.hpp
[3.101s] -- Symlinking: /home/saab/Desktop/2024_UWR/install/sonar_msgs/include/sonar_msgs/sonar_msgs/msg/detail/three_sonar_depth__builder.hpp
[3.107s] -- Symlinking: /home/saab/Desktop/2024_UWR/install/sonar_msgs/include/sonar_msgs/sonar_msgs/msg/detail/three_sonar_depth__struct.hpp
[3.113s] -- Symlinking: /home/saab/Desktop/2024_UWR/install/sonar_msgs/include/sonar_msgs/sonar_msgs/msg/detail/three_sonar_depth__traits.hpp
[3.118s] -- Symlinking: /home/saab/Desktop/2024_UWR/install/sonar_msgs/include/sonar_msgs/sonar_msgs/msg/kf_values.hpp
[3.124s] -- Symlinking: /home/saab/Desktop/2024_UWR/install/sonar_msgs/include/sonar_msgs/sonar_msgs/msg/three_sonar_depth.hpp
[3.131s] -- Symlinking: /home/saab/Desktop/2024_UWR/install/sonar_msgs/include/sonar_msgs/sonar_msgs/msg/detail/conf_scal__rosidl_typesupport_fastrtps_cpp.hpp
[3.136s] -- Symlinking: /home/saab/Desktop/2024_UWR/install/sonar_msgs/include/sonar_msgs/sonar_msgs/msg/detail/kf_values__rosidl_typesupport_fastrtps_cpp.hpp
[3.142s] -- Symlinking: /home/saab/Desktop/2024_UWR/install/sonar_msgs/include/sonar_msgs/sonar_msgs/msg/detail/three_sonar_depth__rosidl_typesupport_fastrtps_cpp.hpp
[3.147s] -- Symlinking: /home/saab/Desktop/2024_UWR/install/sonar_msgs/include/sonar_msgs/sonar_msgs/msg/rosidl_typesupport_fastrtps_cpp__visibility_control.h
[3.153s] -- Symlinking: /home/saab/Desktop/2024_UWR/install/sonar_msgs/include/sonar_msgs/sonar_msgs/msg/detail/conf_scal__rosidl_typesupport_introspection_c.h
[3.159s] -- Symlinking: /home/saab/Desktop/2024_UWR/install/sonar_msgs/include/sonar_msgs/sonar_msgs/msg/detail/kf_values__rosidl_typesupport_introspection_c.h
[3.165s] -- Symlinking: /home/saab/Desktop/2024_UWR/install/sonar_msgs/include/sonar_msgs/sonar_msgs/msg/detail/three_sonar_depth__rosidl_typesupport_introspection_c.h
[3.171s] -- Symlinking: /home/saab/Desktop/2024_UWR/install/sonar_msgs/include/sonar_msgs/sonar_msgs/msg/rosidl_typesupport_introspection_c__visibility_control.h
[3.177s] -- Symlinking: /home/saab/Desktop/2024_UWR/install/sonar_msgs/include/sonar_msgs/sonar_msgs/msg/detail/conf_scal__rosidl_typesupport_introspection_cpp.hpp
[3.183s] -- Symlinking: /home/saab/Desktop/2024_UWR/install/sonar_msgs/include/sonar_msgs/sonar_msgs/msg/detail/kf_values__rosidl_typesupport_introspection_cpp.hpp
[3.188s] -- Symlinking: /home/saab/Desktop/2024_UWR/install/sonar_msgs/include/sonar_msgs/sonar_msgs/msg/detail/three_sonar_depth__rosidl_typesupport_introspection_cpp.hpp
[3.194s] -- Symlinking: /home/saab/Desktop/2024_UWR/install/sonar_msgs/share/sonar_msgs/environment/pythonpath.sh
[3.200s] -- Symlinking: /home/saab/Desktop/2024_UWR/install/sonar_msgs/share/sonar_msgs/environment/pythonpath.dsv
[3.207s] -- Symlinking: /home/saab/Desktop/2024_UWR/install/sonar_msgs/local/lib/python3.10/dist-packages/sonar_msgs-0.0.0-py3.10.egg-info/PKG-INFO
[3.212s] -- Symlinking: /home/saab/Desktop/2024_UWR/install/sonar_msgs/local/lib/python3.10/dist-packages/sonar_msgs-0.0.0-py3.10.egg-info/SOURCES.txt
[3.217s] -- Symlinking: /home/saab/Desktop/2024_UWR/install/sonar_msgs/local/lib/python3.10/dist-packages/sonar_msgs-0.0.0-py3.10.egg-info/dependency_links.txt
[3.223s] -- Symlinking: /home/saab/Desktop/2024_UWR/install/sonar_msgs/local/lib/python3.10/dist-packages/sonar_msgs-0.0.0-py3.10.egg-info/top_level.txt
[3.229s] -- Symlinking: /home/saab/Desktop/2024_UWR/install/sonar_msgs/local/lib/python3.10/dist-packages/sonar_msgs/__init__.py
[3.235s] -- Symlinking: /home/saab/Desktop/2024_UWR/install/sonar_msgs/local/lib/python3.10/dist-packages/sonar_msgs/_sonar_msgs_s.ep.rosidl_typesupport_c.c
[3.240s] -- Symlinking: /home/saab/Desktop/2024_UWR/install/sonar_msgs/local/lib/python3.10/dist-packages/sonar_msgs/_sonar_msgs_s.ep.rosidl_typesupport_fastrtps_c.c
[3.246s] -- Symlinking: /home/saab/Desktop/2024_UWR/install/sonar_msgs/local/lib/python3.10/dist-packages/sonar_msgs/_sonar_msgs_s.ep.rosidl_typesupport_introspection_c.c
[3.251s] -- Symlinking: /home/saab/Desktop/2024_UWR/install/sonar_msgs/local/lib/python3.10/dist-packages/sonar_msgs/libsonar_msgs__rosidl_generator_py.so
[3.257s] -- Symlinking: /home/saab/Desktop/2024_UWR/install/sonar_msgs/local/lib/python3.10/dist-packages/sonar_msgs/msg/__init__.py
[3.263s] -- Symlinking: /home/saab/Desktop/2024_UWR/install/sonar_msgs/local/lib/python3.10/dist-packages/sonar_msgs/msg/_conf_scal.py
[3.269s] -- Symlinking: /home/saab/Desktop/2024_UWR/install/sonar_msgs/local/lib/python3.10/dist-packages/sonar_msgs/msg/_conf_scal_s.c
[3.274s] -- Symlinking: /home/saab/Desktop/2024_UWR/install/sonar_msgs/local/lib/python3.10/dist-packages/sonar_msgs/msg/_kf_values.py
[3.280s] -- Symlinking: /home/saab/Desktop/2024_UWR/install/sonar_msgs/local/lib/python3.10/dist-packages/sonar_msgs/msg/_kf_values_s.c
[3.285s] -- Symlinking: /home/saab/Desktop/2024_UWR/install/sonar_msgs/local/lib/python3.10/dist-packages/sonar_msgs/msg/_three_sonar_depth.py
[3.290s] -- Symlinking: /home/saab/Desktop/2024_UWR/install/sonar_msgs/local/lib/python3.10/dist-packages/sonar_msgs/msg/_three_sonar_depth_s.c
[3.296s] -- Symlinking: /home/saab/Desktop/2024_UWR/install/sonar_msgs/local/lib/python3.10/dist-packages/sonar_msgs/sonar_msgs_s__rosidl_typesupport_c.cpython-310-x86_64-linux-gnu.so
[3.302s] -- Symlinking: /home/saab/Desktop/2024_UWR/install/sonar_msgs/local/lib/python3.10/dist-packages/sonar_msgs/sonar_msgs_s__rosidl_typesupport_fastrtps_c.cpython-310-x86_64-linux-gnu.so
[3.307s] -- Symlinking: /home/saab/Desktop/2024_UWR/install/sonar_msgs/local/lib/python3.10/dist-packages/sonar_msgs/sonar_msgs_s__rosidl_typesupport_introspection_c.cpython-310-x86_64-linux-gnu.so
[3.313s] -- Up-to-date symlink: /home/saab/Desktop/2024_UWR/install/sonar_msgs/local/lib/python3.10/dist-packages/sonar_msgs/sonar_msgs_s__rosidl_typesupport_fastrtps_c.cpython-310-x86_64-linux-gnu.so
[3.313s] -- Up-to-date symlink: /home/saab/Desktop/2024_UWR/install/sonar_msgs/local/lib/python3.10/dist-packages/sonar_msgs/sonar_msgs_s__rosidl_typesupport_introspection_c.cpython-310-x86_64-linux-gnu.so
[3.314s] -- Up-to-date symlink: /home/saab/Desktop/2024_UWR/install/sonar_msgs/local/lib/python3.10/dist-packages/sonar_msgs/sonar_msgs_s__rosidl_typesupport_c.cpython-310-x86_64-linux-gnu.so
[3.314s] -- Symlinking: /home/saab/Desktop/2024_UWR/install/sonar_msgs/share/sonar_msgs/msg/ThreeSonarDepth.idl
[3.319s] -- Symlinking: /home/saab/Desktop/2024_UWR/install/sonar_msgs/share/sonar_msgs/msg/ConfScal.idl
[3.325s] -- Symlinking: /home/saab/Desktop/2024_UWR/install/sonar_msgs/share/sonar_msgs/msg/KfValues.idl
[3.331s] -- Symlinking: /home/saab/Desktop/2024_UWR/install/sonar_msgs/share/sonar_msgs/msg/ThreeSonarDepth.msg
[3.337s] -- Symlinking: /home/saab/Desktop/2024_UWR/install/sonar_msgs/share/sonar_msgs/msg/ConfScal.msg
[3.342s] -- Symlinking: /home/saab/Desktop/2024_UWR/install/sonar_msgs/share/sonar_msgs/msg/KfValues.msg
[3.347s] -- Symlinking: /home/saab/Desktop/2024_UWR/install/sonar_msgs/share/ament_index/resource_index/package_run_dependencies/sonar_msgs
[3.353s] -- Symlinking: /home/saab/Desktop/2024_UWR/install/sonar_msgs/share/ament_index/resource_index/parent_prefix_path/sonar_msgs
[3.358s] -- Symlinking: /home/saab/Desktop/2024_UWR/install/sonar_msgs/share/sonar_msgs/environment/ament_prefix_path.sh
[3.364s] -- Symlinking: /home/saab/Desktop/2024_UWR/install/sonar_msgs/share/sonar_msgs/environment/ament_prefix_path.dsv
[3.370s] -- Symlinking: /home/saab/Desktop/2024_UWR/install/sonar_msgs/share/sonar_msgs/environment/path.sh
[3.375s] -- Symlinking: /home/saab/Desktop/2024_UWR/install/sonar_msgs/share/sonar_msgs/environment/path.dsv
[3.380s] -- Symlinking: /home/saab/Desktop/2024_UWR/install/sonar_msgs/share/sonar_msgs/local_setup.bash
[3.386s] -- Symlinking: /home/saab/Desktop/2024_UWR/install/sonar_msgs/share/sonar_msgs/local_setup.sh
[3.391s] -- Symlinking: /home/saab/Desktop/2024_UWR/install/sonar_msgs/share/sonar_msgs/local_setup.zsh
[3.396s] -- Symlinking: /home/saab/Desktop/2024_UWR/install/sonar_msgs/share/sonar_msgs/local_setup.dsv
[3.401s] -- Symlinking: /home/saab/Desktop/2024_UWR/install/sonar_msgs/share/sonar_msgs/package.dsv
[3.407s] -- Symlinking: /home/saab/Desktop/2024_UWR/install/sonar_msgs/share/ament_index/resource_index/packages/sonar_msgs
[3.413s] -- Symlinking: /home/saab/Desktop/2024_UWR/install/sonar_msgs/share/sonar_msgs/cmake/rosidl_cmake-extras.cmake
[3.418s] -- Symlinking: /home/saab/Desktop/2024_UWR/install/sonar_msgs/share/sonar_msgs/cmake/ament_cmake_export_dependencies-extras.cmake
[3.424s] -- Symlinking: /home/saab/Desktop/2024_UWR/install/sonar_msgs/share/sonar_msgs/cmake/ament_cmake_export_include_directories-extras.cmake
[3.430s] -- Symlinking: /home/saab/Desktop/2024_UWR/install/sonar_msgs/share/sonar_msgs/cmake/ament_cmake_export_libraries-extras.cmake
[3.435s] -- Symlinking: /home/saab/Desktop/2024_UWR/install/sonar_msgs/share/sonar_msgs/cmake/ament_cmake_export_targets-extras.cmake
[3.440s] -- Symlinking: /home/saab/Desktop/2024_UWR/install/sonar_msgs/share/sonar_msgs/cmake/rosidl_cmake_export_typesupport_targets-extras.cmake
[3.446s] -- Symlinking: /home/saab/Desktop/2024_UWR/install/sonar_msgs/share/sonar_msgs/cmake/rosidl_cmake_export_typesupport_libraries-extras.cmake
[3.451s] -- Symlinking: /home/saab/Desktop/2024_UWR/install/sonar_msgs/share/sonar_msgs/cmake/sonar_msgsConfig.cmake
[3.456s] -- Symlinking: /home/saab/Desktop/2024_UWR/install/sonar_msgs/share/sonar_msgs/cmake/sonar_msgsConfig-version.cmake
[3.462s] -- Symlinking: /home/saab/Desktop/2024_UWR/install/sonar_msgs/share/sonar_msgs/package.xml
[3.467s] -- Installing: /home/saab/Desktop/2024_UWR/install/sonar_msgs/lib/libsonar_msgs__rosidl_generator_c.so
[3.467s] -- Set runtime path of "/home/saab/Desktop/2024_UWR/install/sonar_msgs/lib/libsonar_msgs__rosidl_generator_c.so" to ""
[3.467s] -- Installing: /home/saab/Desktop/2024_UWR/install/sonar_msgs/lib/libsonar_msgs__rosidl_typesupport_fastrtps_c.so
[3.468s] -- Set runtime path of "/home/saab/Desktop/2024_UWR/install/sonar_msgs/lib/libsonar_msgs__rosidl_typesupport_fastrtps_c.so" to ""
[3.468s] -- Installing: /home/saab/Desktop/2024_UWR/install/sonar_msgs/lib/libsonar_msgs__rosidl_typesupport_fastrtps_cpp.so
[3.468s] -- Set runtime path of "/home/saab/Desktop/2024_UWR/install/sonar_msgs/lib/libsonar_msgs__rosidl_typesupport_fastrtps_cpp.so" to ""
[3.468s] -- Installing: /home/saab/Desktop/2024_UWR/install/sonar_msgs/lib/libsonar_msgs__rosidl_typesupport_introspection_c.so
[3.469s] -- Set runtime path of "/home/saab/Desktop/2024_UWR/install/sonar_msgs/lib/libsonar_msgs__rosidl_typesupport_introspection_c.so" to ""
[3.469s] -- Installing: /home/saab/Desktop/2024_UWR/install/sonar_msgs/lib/libsonar_msgs__rosidl_typesupport_c.so
[3.469s] -- Set runtime path of "/home/saab/Desktop/2024_UWR/install/sonar_msgs/lib/libsonar_msgs__rosidl_typesupport_c.so" to ""
[3.470s] -- Installing: /home/saab/Desktop/2024_UWR/install/sonar_msgs/lib/libsonar_msgs__rosidl_typesupport_introspection_cpp.so
[3.470s] -- Set runtime path of "/home/saab/Desktop/2024_UWR/install/sonar_msgs/lib/libsonar_msgs__rosidl_typesupport_introspection_cpp.so" to ""
[3.470s] -- Installing: /home/saab/Desktop/2024_UWR/install/sonar_msgs/lib/libsonar_msgs__rosidl_typesupport_cpp.so
[3.470s] -- Set runtime path of "/home/saab/Desktop/2024_UWR/install/sonar_msgs/lib/libsonar_msgs__rosidl_typesupport_cpp.so" to ""
[3.496s] Listing '/home/saab/Desktop/2024_UWR/install/sonar_msgs/local/lib/python3.10/dist-packages/sonar_msgs'...
[3.496s] Compiling '/home/saab/Desktop/2024_UWR/install/sonar_msgs/local/lib/python3.10/dist-packages/sonar_msgs/__init__.py'...
[3.496s] Listing '/home/saab/Desktop/2024_UWR/install/sonar_msgs/local/lib/python3.10/dist-packages/sonar_msgs/msg'...
[3.496s] Compiling '/home/saab/Desktop/2024_UWR/install/sonar_msgs/local/lib/python3.10/dist-packages/sonar_msgs/msg/__init__.py'...
[3.496s] Compiling '/home/saab/Desktop/2024_UWR/install/sonar_msgs/local/lib/python3.10/dist-packages/sonar_msgs/msg/_conf_scal.py'...
[3.497s] Compiling '/home/saab/Desktop/2024_UWR/install/sonar_msgs/local/lib/python3.10/dist-packages/sonar_msgs/msg/_kf_values.py'...
[3.497s] Compiling '/home/saab/Desktop/2024_UWR/install/sonar_msgs/local/lib/python3.10/dist-packages/sonar_msgs/msg/_three_sonar_depth.py'...
[3.500s] -- Installing: /home/saab/Desktop/2024_UWR/install/sonar_msgs/lib/libsonar_msgs__rosidl_generator_py.so
[3.500s] -- Set runtime path of "/home/saab/Desktop/2024_UWR/install/sonar_msgs/lib/libsonar_msgs__rosidl_generator_py.so" to ""
[3.500s] -- Installing: /home/saab/Desktop/2024_UWR/install/sonar_msgs/share/sonar_msgs/cmake/export_sonar_msgs__rosidl_generator_cExport.cmake
[3.500s] -- Installing: /home/saab/Desktop/2024_UWR/install/sonar_msgs/share/sonar_msgs/cmake/export_sonar_msgs__rosidl_generator_cExport-noconfig.cmake
[3.500s] -- Installing: /home/saab/Desktop/2024_UWR/install/sonar_msgs/share/sonar_msgs/cmake/export_sonar_msgs__rosidl_typesupport_fastrtps_cExport.cmake
[3.501s] -- Installing: /home/saab/Desktop/2024_UWR/install/sonar_msgs/share/sonar_msgs/cmake/export_sonar_msgs__rosidl_typesupport_fastrtps_cExport-noconfig.cmake
[3.501s] -- Installing: /home/saab/Desktop/2024_UWR/install/sonar_msgs/share/sonar_msgs/cmake/export_sonar_msgs__rosidl_generator_cppExport.cmake
[3.501s] -- Installing: /home/saab/Desktop/2024_UWR/install/sonar_msgs/share/sonar_msgs/cmake/export_sonar_msgs__rosidl_typesupport_fastrtps_cppExport.cmake
[3.501s] -- Installing: /home/saab/Desktop/2024_UWR/install/sonar_msgs/share/sonar_msgs/cmake/export_sonar_msgs__rosidl_typesupport_fastrtps_cppExport-noconfig.cmake
[3.501s] -- Installing: /home/saab/Desktop/2024_UWR/install/sonar_msgs/share/sonar_msgs/cmake/sonar_msgs__rosidl_typesupport_introspection_cExport.cmake
[3.501s] -- Installing: /home/saab/Desktop/2024_UWR/install/sonar_msgs/share/sonar_msgs/cmake/sonar_msgs__rosidl_typesupport_introspection_cExport-noconfig.cmake
[3.501s] -- Installing: /home/saab/Desktop/2024_UWR/install/sonar_msgs/share/sonar_msgs/cmake/sonar_msgs__rosidl_typesupport_cExport.cmake
[3.502s] -- Installing: /home/saab/Desktop/2024_UWR/install/sonar_msgs/share/sonar_msgs/cmake/sonar_msgs__rosidl_typesupport_cExport-noconfig.cmake
[3.502s] -- Installing: /home/saab/Desktop/2024_UWR/install/sonar_msgs/share/sonar_msgs/cmake/sonar_msgs__rosidl_typesupport_introspection_cppExport.cmake
[3.502s] -- Installing: /home/saab/Desktop/2024_UWR/install/sonar_msgs/share/sonar_msgs/cmake/sonar_msgs__rosidl_typesupport_introspection_cppExport-noconfig.cmake
[3.502s] -- Installing: /home/saab/Desktop/2024_UWR/install/sonar_msgs/share/sonar_msgs/cmake/sonar_msgs__rosidl_typesupport_cppExport.cmake
[3.502s] -- Installing: /home/saab/Desktop/2024_UWR/install/sonar_msgs/share/sonar_msgs/cmake/sonar_msgs__rosidl_typesupport_cppExport-noconfig.cmake
[3.502s] -- Installing: /home/saab/Desktop/2024_UWR/install/sonar_msgs/share/sonar_msgs/cmake/export_sonar_msgs__rosidl_generator_pyExport.cmake
[3.503s] -- Installing: /home/saab/Desktop/2024_UWR/install/sonar_msgs/share/sonar_msgs/cmake/export_sonar_msgs__rosidl_generator_pyExport-noconfig.cmake
[3.505s] Invoked command in '/home/saab/Desktop/2024_UWR/build/sonar_msgs' returned '0': CMAKE_PREFIX_PATH=${CMAKE_PREFIX_PATH}:/home/saab/Desktop/2024_UWR/install/sonar_subs:/opt/ros/humble /usr/bin/cmake --install /home/saab/Desktop/2024_UWR/build/sonar_msgs
