-- The C compiler identification is GNU 11.4.0
-- The CXX compiler identification is GNU 11.4.0
-- Detecting C compiler ABI info
-- Detecting C compiler ABI info - done
-- Check for working C compiler: /usr/bin/cc - skipped
-- Detecting C compile features
-- Detecting C compile features - done
-- Detecting CXX compiler ABI info
-- Detecting CXX compiler ABI info - done
-- Check for working CXX compiler: /usr/bin/c++ - skipped
-- Detecting CXX compile features
-- Detecting CXX compile features - done
-- Found ament_cmake: 1.3.10 (/opt/ros/humble/share/ament_cmake/cmake)
-- Found Python3: /usr/bin/python3 (found version "3.10.12") found components: Interpreter 
-- Override CMake install command with custom implementation using symlinks instead of copying resources
-- Found rclcpp: 16.0.10 (/opt/ros/humble/share/rclcpp/cmake)
-- Found rosidl_generator_c: 3.1.5 (/opt/ros/humble/share/rosidl_generator_c/cmake)
-- Found rosidl_adapter: 3.1.5 (/opt/ros/humble/share/rosidl_adapter/cmake)
-- Found rosidl_generator_cpp: 3.1.5 (/opt/ros/humble/share/rosidl_generator_cpp/cmake)
-- Using all available rosidl_typesupport_c: rosidl_typesupport_fastrtps_c;rosidl_typesupport_introspection_c
-- Using all available rosidl_typesupport_cpp: rosidl_typesupport_fastrtps_cpp;rosidl_typesupport_introspection_cpp
-- Found rmw_implementation_cmake: 6.1.2 (/opt/ros/humble/share/rmw_implementation_cmake/cmake)
-- Found rmw_fastrtps_cpp: 6.2.7 (/opt/ros/humble/share/rmw_fastrtps_cpp/cmake)
-- Found OpenSSL: /usr/lib/x86_64-linux-gnu/libcrypto.so (found version "3.0.2")  
-- Found FastRTPS: /opt/ros/humble/include  
-- Using RMW implementation 'rmw_fastrtps_cpp' as default
-- Looking for pthread.h
-- Looking for pthread.h - found
-- Performing Test CMAKE_HAVE_LIBC_PTHREAD
-- Performing Test CMAKE_HAVE_LIBC_PTHREAD - Success
-- Found Threads: TRUE  
-- Found tf2: 0.25.8 (/opt/ros/humble/share/tf2/cmake)
-- Found tf2_ros: 0.25.8 (/opt/ros/humble/share/tf2_ros/cmake)
-- Found sensor_msgs: 4.2.4 (/opt/ros/humble/share/sensor_msgs/cmake)
-- Found nmea_msgs: 2.0.0 (/opt/ros/humble/share/nmea_msgs/cmake)
-- Found mavros_msgs: 2.9.0 (/opt/ros/humble/share/mavros_msgs/cmake)
-- Found rosidl_default_generators: 1.2.0 (/opt/ros/humble/share/rosidl_default_generators/cmake)
-- Found ament_cmake_ros: 0.10.0 (/opt/ros/humble/share/ament_cmake_ros/cmake)
-- Using all available rosidl_typesupport_c: rosidl_typesupport_fastrtps_c;rosidl_typesupport_introspection_c
-- Using all available rosidl_typesupport_cpp: rosidl_typesupport_fastrtps_cpp;rosidl_typesupport_introspection_cpp
-- Found PythonInterp: /usr/bin/python3 (found suitable version "3.10.12", minimum required is "3.6") 
-- Found python_cmake_module: 0.10.0 (/opt/ros/humble/share/python_cmake_module/cmake)
-- Found PythonLibs: /usr/lib/x86_64-linux-gnu/libpython3.10.so (found suitable version "3.10.12", minimum required is "3.5") 
-- Using PYTHON_EXECUTABLE: /usr/bin/python3
-- Using PYTHON_INCLUDE_DIRS: /usr/include/python3.10
-- Using PYTHON_LIBRARIES: /usr/lib/x86_64-linux-gnu/libpython3.10.so
-- Found PythonExtra: .so  
-- Configuring done
-- Generating done
-- Build files have been written to: /home/saab/Desktop/2024_UWR/build/xsens_mti_ros2_driver
[  2%] [34m[1mGenerating C code for ROS interfaces[0m
[  5%] [34m[1mGenerating C++ code for ROS interfaces[0m
[  5%] Built target ament_cmake_python_symlink_xsens_mti_ros2_driver
[  7%] [32mBuilding C object CMakeFiles/xsens_mti_ros2_driver__rosidl_generator_c.dir/rosidl_generator_c/xsens_mti_ros2_driver/msg/detail/xs_status_word__functions.c.o[0m
[  7%] Built target xsens_mti_ros2_driver__cpp
running egg_info
creating xsens_mti_ros2_driver.egg-info
writing xsens_mti_ros2_driver.egg-info/PKG-INFO
writing dependency_links to xsens_mti_ros2_driver.egg-info/dependency_links.txt
writing top-level names to xsens_mti_ros2_driver.egg-info/top_level.txt
[ 15%] [34m[1mGenerating C++ type support dispatch for ROS interfaces[0m
[ 15%] [34m[1mGenerating C++ type support for eProsima Fast-RTPS[0m
[ 15%] [34m[1mGenerating C++ introspection for ROS interfaces[0m
writing manifest file 'xsens_mti_ros2_driver.egg-info/SOURCES.txt'
reading manifest file 'xsens_mti_ros2_driver.egg-info/SOURCES.txt'
writing manifest file 'xsens_mti_ros2_driver.egg-info/SOURCES.txt'
[ 15%] Built target ament_cmake_python_build_xsens_mti_ros2_driver_egg
[ 18%] [32m[1mLinking C shared library libxsens_mti_ros2_driver__rosidl_generator_c.so[0m
[ 18%] Built target xsens_mti_ros2_driver__rosidl_generator_c
[ 21%] [34m[1mGenerating C type support for eProsima Fast-RTPS[0m
[ 26%] [34m[1mGenerating C introspection for ROS interfaces[0m
[ 26%] [34m[1mGenerating C type support dispatch for ROS interfaces[0m
[ 28%] [32mBuilding CXX object CMakeFiles/xsens_mti_ros2_driver__rosidl_typesupport_cpp.dir/rosidl_typesupport_cpp/xsens_mti_ros2_driver/msg/xs_status_word__type_support.cpp.o[0m
[ 31%] [32mBuilding CXX object CMakeFiles/xsens_mti_ros2_driver__rosidl_typesupport_introspection_cpp.dir/rosidl_typesupport_introspection_cpp/xsens_mti_ros2_driver/msg/detail/xs_status_word__type_support.cpp.o[0m
[ 34%] [32mBuilding CXX object CMakeFiles/xsens_mti_ros2_driver__rosidl_typesupport_fastrtps_cpp.dir/rosidl_typesupport_fastrtps_cpp/xsens_mti_ros2_driver/msg/detail/dds_fastrtps/xs_status_word__type_support.cpp.o[0m
[ 36%] [32mBuilding CXX object CMakeFiles/xsens_mti_ros2_driver__rosidl_typesupport_c.dir/rosidl_typesupport_c/xsens_mti_ros2_driver/msg/xs_status_word__type_support.cpp.o[0m
[ 39%] [32mBuilding C object CMakeFiles/xsens_mti_ros2_driver__rosidl_typesupport_introspection_c.dir/rosidl_typesupport_introspection_c/xsens_mti_ros2_driver/msg/detail/xs_status_word__type_support.c.o[0m
[ 42%] [32mBuilding CXX object CMakeFiles/xsens_mti_ros2_driver__rosidl_typesupport_fastrtps_c.dir/rosidl_typesupport_fastrtps_c/xsens_mti_ros2_driver/msg/detail/xs_status_word__type_support_c.cpp.o[0m
[ 44%] [32m[1mLinking CXX shared library libxsens_mti_ros2_driver__rosidl_typesupport_c.so[0m
[ 47%] [32m[1mLinking C shared library libxsens_mti_ros2_driver__rosidl_typesupport_introspection_c.so[0m
[ 47%] Built target xsens_mti_ros2_driver__rosidl_typesupport_c
[ 47%] Built target xsens_mti_ros2_driver__rosidl_typesupport_introspection_c
[ 50%] [32m[1mLinking CXX shared library libxsens_mti_ros2_driver__rosidl_typesupport_cpp.so[0m
[ 50%] Built target xsens_mti_ros2_driver__rosidl_typesupport_cpp
[ 52%] [32m[1mLinking CXX shared library libxsens_mti_ros2_driver__rosidl_typesupport_introspection_cpp.so[0m
[ 55%] [32m[1mLinking CXX shared library libxsens_mti_ros2_driver__rosidl_typesupport_fastrtps_cpp.so[0m
[ 55%] Built target xsens_mti_ros2_driver__rosidl_typesupport_introspection_cpp
[ 57%] [32m[1mLinking CXX shared library libxsens_mti_ros2_driver__rosidl_typesupport_fastrtps_c.so[0m
[ 57%] Built target xsens_mti_ros2_driver__rosidl_typesupport_fastrtps_cpp
[ 57%] Built target xsens_mti_ros2_driver__rosidl_typesupport_fastrtps_c
[ 57%] Built target xsens_mti_ros2_driver
[ 60%] [34m[1mGenerating Python code for ROS interfaces[0m
[ 65%] [32mBuilding CXX object CMakeFiles/xsens_mti_node.dir/src/main.cpp.o[0m
[ 65%] [32mBuilding CXX object CMakeFiles/xsens_mti_node.dir/src/xdainterface.cpp.o[0m
[ 68%] [32mBuilding CXX object CMakeFiles/xsens_mti_node.dir/src/ntrip_util.cpp.o[0m
[ 71%] [32mBuilding CXX object CMakeFiles/xsens_mti_node.dir/src/xsens_time_handler.cpp.o[0m
[ 73%] [32mBuilding CXX object CMakeFiles/xsens_mti_node.dir/src/xdacallback.cpp.o[0m
[ 76%] [32mBuilding CXX object CMakeFiles/xsens_mti_node.dir/src/xsens_log_handler.cpp.o[0m
[ 76%] Built target xsens_mti_ros2_driver__py
[ 78%] [32mBuilding C object CMakeFiles/xsens_mti_ros2_driver__rosidl_generator_py.dir/rosidl_generator_py/xsens_mti_ros2_driver/msg/_xs_status_word_s.c.o[0m
[ 81%] [32m[1mLinking C shared library rosidl_generator_py/xsens_mti_ros2_driver/libxsens_mti_ros2_driver__rosidl_generator_py.so[0m
[ 81%] Built target xsens_mti_ros2_driver__rosidl_generator_py
[ 84%] [32mBuilding C object CMakeFiles/xsens_mti_ros2_driver__rosidl_typesupport_fastrtps_c__pyext.dir/rosidl_generator_py/xsens_mti_ros2_driver/_xsens_mti_ros2_driver_s.ep.rosidl_typesupport_fastrtps_c.c.o[0m
[ 86%] [32mBuilding C object CMakeFiles/xsens_mti_ros2_driver__rosidl_typesupport_c__pyext.dir/rosidl_generator_py/xsens_mti_ros2_driver/_xsens_mti_ros2_driver_s.ep.rosidl_typesupport_c.c.o[0m
[ 89%] [32mBuilding C object CMakeFiles/xsens_mti_ros2_driver__rosidl_typesupport_introspection_c__pyext.dir/rosidl_generator_py/xsens_mti_ros2_driver/_xsens_mti_ros2_driver_s.ep.rosidl_typesupport_introspection_c.c.o[0m
[ 92%] [32m[1mLinking C shared library rosidl_generator_py/xsens_mti_ros2_driver/xsens_mti_ros2_driver_s__rosidl_typesupport_introspection_c.cpython-310-x86_64-linux-gnu.so[0m
[ 94%] [32m[1mLinking C shared library rosidl_generator_py/xsens_mti_ros2_driver/xsens_mti_ros2_driver_s__rosidl_typesupport_c.cpython-310-x86_64-linux-gnu.so[0m
[ 97%] [32m[1mLinking C shared library rosidl_generator_py/xsens_mti_ros2_driver/xsens_mti_ros2_driver_s__rosidl_typesupport_fastrtps_c.cpython-310-x86_64-linux-gnu.so[0m
[ 97%] Built target xsens_mti_ros2_driver__rosidl_typesupport_c__pyext
[ 97%] Built target xsens_mti_ros2_driver__rosidl_typesupport_introspection_c__pyext
[ 97%] Built target xsens_mti_ros2_driver__rosidl_typesupport_fastrtps_c__pyext
[100%] [32m[1mLinking CXX executable xsens_mti_node[0m
[100%] Built target xsens_mti_node
-- Install configuration: ""
-- Execute custom install script
-- Symlinking: /home/saab/Desktop/2024_UWR/install/xsens_mti_ros2_driver/share/ament_index/resource_index/rosidl_interfaces/xsens_mti_ros2_driver
-- Symlinking: /home/saab/Desktop/2024_UWR/install/xsens_mti_ros2_driver/include/xsens_mti_ros2_driver/xsens_mti_ros2_driver/msg/detail/xs_status_word__functions.h
-- Symlinking: /home/saab/Desktop/2024_UWR/install/xsens_mti_ros2_driver/include/xsens_mti_ros2_driver/xsens_mti_ros2_driver/msg/detail/xs_status_word__struct.h
-- Symlinking: /home/saab/Desktop/2024_UWR/install/xsens_mti_ros2_driver/include/xsens_mti_ros2_driver/xsens_mti_ros2_driver/msg/detail/xs_status_word__type_support.h
-- Symlinking: /home/saab/Desktop/2024_UWR/install/xsens_mti_ros2_driver/include/xsens_mti_ros2_driver/xsens_mti_ros2_driver/msg/rosidl_generator_c__visibility_control.h
-- Symlinking: /home/saab/Desktop/2024_UWR/install/xsens_mti_ros2_driver/include/xsens_mti_ros2_driver/xsens_mti_ros2_driver/msg/xs_status_word.h
-- Symlinking: /home/saab/Desktop/2024_UWR/install/xsens_mti_ros2_driver/share/xsens_mti_ros2_driver/environment/library_path.sh
-- Symlinking: /home/saab/Desktop/2024_UWR/install/xsens_mti_ros2_driver/share/xsens_mti_ros2_driver/environment/library_path.dsv
-- Symlinking: /home/saab/Desktop/2024_UWR/install/xsens_mti_ros2_driver/include/xsens_mti_ros2_driver/xsens_mti_ros2_driver/msg/detail/xs_status_word__rosidl_typesupport_fastrtps_c.h
-- Symlinking: /home/saab/Desktop/2024_UWR/install/xsens_mti_ros2_driver/include/xsens_mti_ros2_driver/xsens_mti_ros2_driver/msg/rosidl_typesupport_fastrtps_c__visibility_control.h
-- Symlinking: /home/saab/Desktop/2024_UWR/install/xsens_mti_ros2_driver/include/xsens_mti_ros2_driver/xsens_mti_ros2_driver/msg/detail/xs_status_word__builder.hpp
-- Symlinking: /home/saab/Desktop/2024_UWR/install/xsens_mti_ros2_driver/include/xsens_mti_ros2_driver/xsens_mti_ros2_driver/msg/detail/xs_status_word__struct.hpp
-- Symlinking: /home/saab/Desktop/2024_UWR/install/xsens_mti_ros2_driver/include/xsens_mti_ros2_driver/xsens_mti_ros2_driver/msg/detail/xs_status_word__traits.hpp
-- Symlinking: /home/saab/Desktop/2024_UWR/install/xsens_mti_ros2_driver/include/xsens_mti_ros2_driver/xsens_mti_ros2_driver/msg/xs_status_word.hpp
-- Symlinking: /home/saab/Desktop/2024_UWR/install/xsens_mti_ros2_driver/include/xsens_mti_ros2_driver/xsens_mti_ros2_driver/msg/detail/xs_status_word__rosidl_typesupport_fastrtps_cpp.hpp
-- Symlinking: /home/saab/Desktop/2024_UWR/install/xsens_mti_ros2_driver/include/xsens_mti_ros2_driver/xsens_mti_ros2_driver/msg/rosidl_typesupport_fastrtps_cpp__visibility_control.h
-- Symlinking: /home/saab/Desktop/2024_UWR/install/xsens_mti_ros2_driver/include/xsens_mti_ros2_driver/xsens_mti_ros2_driver/msg/detail/xs_status_word__rosidl_typesupport_introspection_c.h
-- Symlinking: /home/saab/Desktop/2024_UWR/install/xsens_mti_ros2_driver/include/xsens_mti_ros2_driver/xsens_mti_ros2_driver/msg/rosidl_typesupport_introspection_c__visibility_control.h
-- Symlinking: /home/saab/Desktop/2024_UWR/install/xsens_mti_ros2_driver/include/xsens_mti_ros2_driver/xsens_mti_ros2_driver/msg/detail/xs_status_word__rosidl_typesupport_introspection_cpp.hpp
-- Symlinking: /home/saab/Desktop/2024_UWR/install/xsens_mti_ros2_driver/share/xsens_mti_ros2_driver/environment/pythonpath.sh
-- Symlinking: /home/saab/Desktop/2024_UWR/install/xsens_mti_ros2_driver/share/xsens_mti_ros2_driver/environment/pythonpath.dsv
-- Symlinking: /home/saab/Desktop/2024_UWR/install/xsens_mti_ros2_driver/local/lib/python3.10/dist-packages/xsens_mti_ros2_driver-1.0.2-py3.10.egg-info/PKG-INFO
-- Symlinking: /home/saab/Desktop/2024_UWR/install/xsens_mti_ros2_driver/local/lib/python3.10/dist-packages/xsens_mti_ros2_driver-1.0.2-py3.10.egg-info/SOURCES.txt
-- Symlinking: /home/saab/Desktop/2024_UWR/install/xsens_mti_ros2_driver/local/lib/python3.10/dist-packages/xsens_mti_ros2_driver-1.0.2-py3.10.egg-info/dependency_links.txt
-- Symlinking: /home/saab/Desktop/2024_UWR/install/xsens_mti_ros2_driver/local/lib/python3.10/dist-packages/xsens_mti_ros2_driver-1.0.2-py3.10.egg-info/top_level.txt
-- Symlinking: /home/saab/Desktop/2024_UWR/install/xsens_mti_ros2_driver/local/lib/python3.10/dist-packages/xsens_mti_ros2_driver/__init__.py
-- Symlinking: /home/saab/Desktop/2024_UWR/install/xsens_mti_ros2_driver/local/lib/python3.10/dist-packages/xsens_mti_ros2_driver/_xsens_mti_ros2_driver_s.ep.rosidl_typesupport_c.c
-- Symlinking: /home/saab/Desktop/2024_UWR/install/xsens_mti_ros2_driver/local/lib/python3.10/dist-packages/xsens_mti_ros2_driver/_xsens_mti_ros2_driver_s.ep.rosidl_typesupport_fastrtps_c.c
-- Symlinking: /home/saab/Desktop/2024_UWR/install/xsens_mti_ros2_driver/local/lib/python3.10/dist-packages/xsens_mti_ros2_driver/_xsens_mti_ros2_driver_s.ep.rosidl_typesupport_introspection_c.c
-- Symlinking: /home/saab/Desktop/2024_UWR/install/xsens_mti_ros2_driver/local/lib/python3.10/dist-packages/xsens_mti_ros2_driver/libxsens_mti_ros2_driver__rosidl_generator_py.so
-- Symlinking: /home/saab/Desktop/2024_UWR/install/xsens_mti_ros2_driver/local/lib/python3.10/dist-packages/xsens_mti_ros2_driver/msg/__init__.py
-- Symlinking: /home/saab/Desktop/2024_UWR/install/xsens_mti_ros2_driver/local/lib/python3.10/dist-packages/xsens_mti_ros2_driver/msg/_xs_status_word.py
-- Symlinking: /home/saab/Desktop/2024_UWR/install/xsens_mti_ros2_driver/local/lib/python3.10/dist-packages/xsens_mti_ros2_driver/msg/_xs_status_word_s.c
-- Symlinking: /home/saab/Desktop/2024_UWR/install/xsens_mti_ros2_driver/local/lib/python3.10/dist-packages/xsens_mti_ros2_driver/xsens_mti_ros2_driver_s__rosidl_typesupport_c.cpython-310-x86_64-linux-gnu.so
-- Symlinking: /home/saab/Desktop/2024_UWR/install/xsens_mti_ros2_driver/local/lib/python3.10/dist-packages/xsens_mti_ros2_driver/xsens_mti_ros2_driver_s__rosidl_typesupport_fastrtps_c.cpython-310-x86_64-linux-gnu.so
-- Symlinking: /home/saab/Desktop/2024_UWR/install/xsens_mti_ros2_driver/local/lib/python3.10/dist-packages/xsens_mti_ros2_driver/xsens_mti_ros2_driver_s__rosidl_typesupport_introspection_c.cpython-310-x86_64-linux-gnu.so
-- Up-to-date symlink: /home/saab/Desktop/2024_UWR/install/xsens_mti_ros2_driver/local/lib/python3.10/dist-packages/xsens_mti_ros2_driver/xsens_mti_ros2_driver_s__rosidl_typesupport_fastrtps_c.cpython-310-x86_64-linux-gnu.so
-- Up-to-date symlink: /home/saab/Desktop/2024_UWR/install/xsens_mti_ros2_driver/local/lib/python3.10/dist-packages/xsens_mti_ros2_driver/xsens_mti_ros2_driver_s__rosidl_typesupport_introspection_c.cpython-310-x86_64-linux-gnu.so
-- Up-to-date symlink: /home/saab/Desktop/2024_UWR/install/xsens_mti_ros2_driver/local/lib/python3.10/dist-packages/xsens_mti_ros2_driver/xsens_mti_ros2_driver_s__rosidl_typesupport_c.cpython-310-x86_64-linux-gnu.so
-- Symlinking: /home/saab/Desktop/2024_UWR/install/xsens_mti_ros2_driver/share/xsens_mti_ros2_driver/msg/XsStatusWord.idl
-- Symlinking: /home/saab/Desktop/2024_UWR/install/xsens_mti_ros2_driver/share/xsens_mti_ros2_driver/msg/XsStatusWord.msg
-- Symlinking: /home/saab/Desktop/2024_UWR/install/xsens_mti_ros2_driver/share/xsens_mti_ros2_driver/launch/combined.py
-- Symlinking: /home/saab/Desktop/2024_UWR/install/xsens_mti_ros2_driver/share/xsens_mti_ros2_driver/launch/display.launch.py
-- Symlinking: /home/saab/Desktop/2024_UWR/install/xsens_mti_ros2_driver/share/xsens_mti_ros2_driver/launch/xsens_mti_node.launch.py
-- Symlinking: /home/saab/Desktop/2024_UWR/install/xsens_mti_ros2_driver/share/xsens_mti_ros2_driver/param/xsens_mti_node.yaml
-- Symlinking: /home/saab/Desktop/2024_UWR/install/xsens_mti_ros2_driver/share/xsens_mti_ros2_driver/rviz/display.rviz
-- Symlinking: /home/saab/Desktop/2024_UWR/install/xsens_mti_ros2_driver/share/xsens_mti_ros2_driver/urdf/MTi_1.stl
-- Symlinking: /home/saab/Desktop/2024_UWR/install/xsens_mti_ros2_driver/share/xsens_mti_ros2_driver/urdf/MTi_1.urdf
-- Symlinking: /home/saab/Desktop/2024_UWR/install/xsens_mti_ros2_driver/share/xsens_mti_ros2_driver/urdf/MTi_10.stl
-- Symlinking: /home/saab/Desktop/2024_UWR/install/xsens_mti_ros2_driver/share/xsens_mti_ros2_driver/urdf/MTi_10.urdf
-- Symlinking: /home/saab/Desktop/2024_UWR/install/xsens_mti_ros2_driver/share/xsens_mti_ros2_driver/urdf/MTi_6xx.stl
-- Symlinking: /home/saab/Desktop/2024_UWR/install/xsens_mti_ros2_driver/share/xsens_mti_ros2_driver/urdf/MTi_6xx.urdf
-- Symlinking: /home/saab/Desktop/2024_UWR/install/xsens_mti_ros2_driver/share/ament_index/resource_index/package_run_dependencies/xsens_mti_ros2_driver
-- Symlinking: /home/saab/Desktop/2024_UWR/install/xsens_mti_ros2_driver/share/ament_index/resource_index/parent_prefix_path/xsens_mti_ros2_driver
-- Symlinking: /home/saab/Desktop/2024_UWR/install/xsens_mti_ros2_driver/share/xsens_mti_ros2_driver/environment/ament_prefix_path.sh
-- Symlinking: /home/saab/Desktop/2024_UWR/install/xsens_mti_ros2_driver/share/xsens_mti_ros2_driver/environment/ament_prefix_path.dsv
-- Symlinking: /home/saab/Desktop/2024_UWR/install/xsens_mti_ros2_driver/share/xsens_mti_ros2_driver/environment/path.sh
-- Symlinking: /home/saab/Desktop/2024_UWR/install/xsens_mti_ros2_driver/share/xsens_mti_ros2_driver/environment/path.dsv
-- Symlinking: /home/saab/Desktop/2024_UWR/install/xsens_mti_ros2_driver/share/xsens_mti_ros2_driver/local_setup.bash
-- Symlinking: /home/saab/Desktop/2024_UWR/install/xsens_mti_ros2_driver/share/xsens_mti_ros2_driver/local_setup.sh
-- Symlinking: /home/saab/Desktop/2024_UWR/install/xsens_mti_ros2_driver/share/xsens_mti_ros2_driver/local_setup.zsh
-- Symlinking: /home/saab/Desktop/2024_UWR/install/xsens_mti_ros2_driver/share/xsens_mti_ros2_driver/local_setup.dsv
-- Symlinking: /home/saab/Desktop/2024_UWR/install/xsens_mti_ros2_driver/share/xsens_mti_ros2_driver/package.dsv
-- Symlinking: /home/saab/Desktop/2024_UWR/install/xsens_mti_ros2_driver/share/ament_index/resource_index/packages/xsens_mti_ros2_driver
-- Symlinking: /home/saab/Desktop/2024_UWR/install/xsens_mti_ros2_driver/share/xsens_mti_ros2_driver/cmake/rosidl_cmake-extras.cmake
-- Symlinking: /home/saab/Desktop/2024_UWR/install/xsens_mti_ros2_driver/share/xsens_mti_ros2_driver/cmake/ament_cmake_export_dependencies-extras.cmake
-- Symlinking: /home/saab/Desktop/2024_UWR/install/xsens_mti_ros2_driver/share/xsens_mti_ros2_driver/cmake/ament_cmake_export_include_directories-extras.cmake
-- Symlinking: /home/saab/Desktop/2024_UWR/install/xsens_mti_ros2_driver/share/xsens_mti_ros2_driver/cmake/ament_cmake_export_libraries-extras.cmake
-- Symlinking: /home/saab/Desktop/2024_UWR/install/xsens_mti_ros2_driver/share/xsens_mti_ros2_driver/cmake/ament_cmake_export_targets-extras.cmake
-- Symlinking: /home/saab/Desktop/2024_UWR/install/xsens_mti_ros2_driver/share/xsens_mti_ros2_driver/cmake/rosidl_cmake_export_typesupport_targets-extras.cmake
-- Symlinking: /home/saab/Desktop/2024_UWR/install/xsens_mti_ros2_driver/share/xsens_mti_ros2_driver/cmake/rosidl_cmake_export_typesupport_libraries-extras.cmake
-- Symlinking: /home/saab/Desktop/2024_UWR/install/xsens_mti_ros2_driver/share/xsens_mti_ros2_driver/cmake/xsens_mti_ros2_driverConfig.cmake
-- Symlinking: /home/saab/Desktop/2024_UWR/install/xsens_mti_ros2_driver/share/xsens_mti_ros2_driver/cmake/xsens_mti_ros2_driverConfig-version.cmake
-- Symlinking: /home/saab/Desktop/2024_UWR/install/xsens_mti_ros2_driver/share/xsens_mti_ros2_driver/package.xml
-- Installing: /home/saab/Desktop/2024_UWR/install/xsens_mti_ros2_driver/lib/libxsens_mti_ros2_driver__rosidl_generator_c.so
-- Set runtime path of "/home/saab/Desktop/2024_UWR/install/xsens_mti_ros2_driver/lib/libxsens_mti_ros2_driver__rosidl_generator_c.so" to ""
-- Installing: /home/saab/Desktop/2024_UWR/install/xsens_mti_ros2_driver/lib/libxsens_mti_ros2_driver__rosidl_typesupport_fastrtps_c.so
-- Set runtime path of "/home/saab/Desktop/2024_UWR/install/xsens_mti_ros2_driver/lib/libxsens_mti_ros2_driver__rosidl_typesupport_fastrtps_c.so" to ""
-- Installing: /home/saab/Desktop/2024_UWR/install/xsens_mti_ros2_driver/lib/libxsens_mti_ros2_driver__rosidl_typesupport_fastrtps_cpp.so
-- Set runtime path of "/home/saab/Desktop/2024_UWR/install/xsens_mti_ros2_driver/lib/libxsens_mti_ros2_driver__rosidl_typesupport_fastrtps_cpp.so" to ""
-- Installing: /home/saab/Desktop/2024_UWR/install/xsens_mti_ros2_driver/lib/libxsens_mti_ros2_driver__rosidl_typesupport_introspection_c.so
-- Set runtime path of "/home/saab/Desktop/2024_UWR/install/xsens_mti_ros2_driver/lib/libxsens_mti_ros2_driver__rosidl_typesupport_introspection_c.so" to ""
-- Installing: /home/saab/Desktop/2024_UWR/install/xsens_mti_ros2_driver/lib/libxsens_mti_ros2_driver__rosidl_typesupport_c.so
-- Set runtime path of "/home/saab/Desktop/2024_UWR/install/xsens_mti_ros2_driver/lib/libxsens_mti_ros2_driver__rosidl_typesupport_c.so" to ""
-- Installing: /home/saab/Desktop/2024_UWR/install/xsens_mti_ros2_driver/lib/libxsens_mti_ros2_driver__rosidl_typesupport_introspection_cpp.so
-- Set runtime path of "/home/saab/Desktop/2024_UWR/install/xsens_mti_ros2_driver/lib/libxsens_mti_ros2_driver__rosidl_typesupport_introspection_cpp.so" to ""
-- Installing: /home/saab/Desktop/2024_UWR/install/xsens_mti_ros2_driver/lib/libxsens_mti_ros2_driver__rosidl_typesupport_cpp.so
-- Set runtime path of "/home/saab/Desktop/2024_UWR/install/xsens_mti_ros2_driver/lib/libxsens_mti_ros2_driver__rosidl_typesupport_cpp.so" to ""
Listing '/home/saab/Desktop/2024_UWR/install/xsens_mti_ros2_driver/local/lib/python3.10/dist-packages/xsens_mti_ros2_driver'...
Compiling '/home/saab/Desktop/2024_UWR/install/xsens_mti_ros2_driver/local/lib/python3.10/dist-packages/xsens_mti_ros2_driver/__init__.py'...
Listing '/home/saab/Desktop/2024_UWR/install/xsens_mti_ros2_driver/local/lib/python3.10/dist-packages/xsens_mti_ros2_driver/msg'...
Compiling '/home/saab/Desktop/2024_UWR/install/xsens_mti_ros2_driver/local/lib/python3.10/dist-packages/xsens_mti_ros2_driver/msg/__init__.py'...
Compiling '/home/saab/Desktop/2024_UWR/install/xsens_mti_ros2_driver/local/lib/python3.10/dist-packages/xsens_mti_ros2_driver/msg/_xs_status_word.py'...
-- Installing: /home/saab/Desktop/2024_UWR/install/xsens_mti_ros2_driver/lib/libxsens_mti_ros2_driver__rosidl_generator_py.so
-- Set runtime path of "/home/saab/Desktop/2024_UWR/install/xsens_mti_ros2_driver/lib/libxsens_mti_ros2_driver__rosidl_generator_py.so" to ""
-- Installing: /home/saab/Desktop/2024_UWR/install/xsens_mti_ros2_driver/lib/xsens_mti_ros2_driver/xsens_mti_node
-- Set runtime path of "/home/saab/Desktop/2024_UWR/install/xsens_mti_ros2_driver/lib/xsens_mti_ros2_driver/xsens_mti_node" to ""
-- Installing: /home/saab/Desktop/2024_UWR/install/xsens_mti_ros2_driver/share/xsens_mti_ros2_driver/cmake/export_xsens_mti_ros2_driver__rosidl_generator_cExport.cmake
-- Installing: /home/saab/Desktop/2024_UWR/install/xsens_mti_ros2_driver/share/xsens_mti_ros2_driver/cmake/export_xsens_mti_ros2_driver__rosidl_generator_cExport-noconfig.cmake
-- Installing: /home/saab/Desktop/2024_UWR/install/xsens_mti_ros2_driver/share/xsens_mti_ros2_driver/cmake/export_xsens_mti_ros2_driver__rosidl_typesupport_fastrtps_cExport.cmake
-- Installing: /home/saab/Desktop/2024_UWR/install/xsens_mti_ros2_driver/share/xsens_mti_ros2_driver/cmake/export_xsens_mti_ros2_driver__rosidl_typesupport_fastrtps_cExport-noconfig.cmake
-- Installing: /home/saab/Desktop/2024_UWR/install/xsens_mti_ros2_driver/share/xsens_mti_ros2_driver/cmake/export_xsens_mti_ros2_driver__rosidl_generator_cppExport.cmake
-- Installing: /home/saab/Desktop/2024_UWR/install/xsens_mti_ros2_driver/share/xsens_mti_ros2_driver/cmake/export_xsens_mti_ros2_driver__rosidl_typesupport_fastrtps_cppExport.cmake
-- Installing: /home/saab/Desktop/2024_UWR/install/xsens_mti_ros2_driver/share/xsens_mti_ros2_driver/cmake/export_xsens_mti_ros2_driver__rosidl_typesupport_fastrtps_cppExport-noconfig.cmake
-- Installing: /home/saab/Desktop/2024_UWR/install/xsens_mti_ros2_driver/share/xsens_mti_ros2_driver/cmake/xsens_mti_ros2_driver__rosidl_typesupport_introspection_cExport.cmake
-- Installing: /home/saab/Desktop/2024_UWR/install/xsens_mti_ros2_driver/share/xsens_mti_ros2_driver/cmake/xsens_mti_ros2_driver__rosidl_typesupport_introspection_cExport-noconfig.cmake
-- Installing: /home/saab/Desktop/2024_UWR/install/xsens_mti_ros2_driver/share/xsens_mti_ros2_driver/cmake/xsens_mti_ros2_driver__rosidl_typesupport_cExport.cmake
-- Installing: /home/saab/Desktop/2024_UWR/install/xsens_mti_ros2_driver/share/xsens_mti_ros2_driver/cmake/xsens_mti_ros2_driver__rosidl_typesupport_cExport-noconfig.cmake
-- Installing: /home/saab/Desktop/2024_UWR/install/xsens_mti_ros2_driver/share/xsens_mti_ros2_driver/cmake/xsens_mti_ros2_driver__rosidl_typesupport_introspection_cppExport.cmake
-- Installing: /home/saab/Desktop/2024_UWR/install/xsens_mti_ros2_driver/share/xsens_mti_ros2_driver/cmake/xsens_mti_ros2_driver__rosidl_typesupport_introspection_cppExport-noconfig.cmake
-- Installing: /home/saab/Desktop/2024_UWR/install/xsens_mti_ros2_driver/share/xsens_mti_ros2_driver/cmake/xsens_mti_ros2_driver__rosidl_typesupport_cppExport.cmake
-- Installing: /home/saab/Desktop/2024_UWR/install/xsens_mti_ros2_driver/share/xsens_mti_ros2_driver/cmake/xsens_mti_ros2_driver__rosidl_typesupport_cppExport-noconfig.cmake
-- Installing: /home/saab/Desktop/2024_UWR/install/xsens_mti_ros2_driver/share/xsens_mti_ros2_driver/cmake/export_xsens_mti_ros2_driver__rosidl_generator_pyExport.cmake
-- Installing: /home/saab/Desktop/2024_UWR/install/xsens_mti_ros2_driver/share/xsens_mti_ros2_driver/cmake/export_xsens_mti_ros2_driver__rosidl_generator_pyExport-noconfig.cmake
