[0.649s] Invoking command in '/home/saab/Desktop/2024_UWR/build/sonar_subs': CMAKE_PREFIX_PATH=/home/saab/Desktop/2024_UWR/install/sonar_msgs:/home/saab/Desktop/2024_UWR/install/xsens_mti_ros2_driver:/home/saab/Desktop/2024_UWR/install/kalman_filter:/home/saab/Desktop/2024_UWR/install/ntrip:/home/saab/Desktop/2024_UWR/install/adnav-driver LD_LIBRARY_PATH=/home/saab/Desktop/2024_UWR/install/sonar_msgs/lib:/home/saab/Desktop/2024_UWR/install/xsens_mti_ros2_driver/lib:/opt/ros/humble/opt/rviz_ogre_vendor/lib:/opt/ros/humble/lib/x86_64-linux-gnu:/opt/ros/humble/lib PYTHONPATH=/home/saab/Desktop/2024_UWR/build/sonar_subs/prefix_override:/usr/lib/python3/dist-packages/colcon_core/task/python/colcon_distutils_commands:/home/saab/Desktop/2024_UWR/install/sonar_subs/lib/python3.10/site-packages:${PYTHONPATH} /usr/bin/python3 -W ignore:setup.py install is deprecated -W ignore:easy_install command is deprecated setup.py develop --uninstall --editable --build-directory /home/saab/Desktop/2024_UWR/build/sonar_subs/build
[0.924s] running develop
[1.119s] Removing /home/saab/Desktop/2024_UWR/install/sonar_subs/lib/python3.10/site-packages/sonar-subs.egg-link (link to .)
[1.157s] Invoked command in '/home/saab/Desktop/2024_UWR/build/sonar_subs' returned '0': CMAKE_PREFIX_PATH=/home/saab/Desktop/2024_UWR/install/sonar_msgs:/home/saab/Desktop/2024_UWR/install/xsens_mti_ros2_driver:/home/saab/Desktop/2024_UWR/install/kalman_filter:/home/saab/Desktop/2024_UWR/install/ntrip:/home/saab/Desktop/2024_UWR/install/adnav-driver LD_LIBRARY_PATH=/home/saab/Desktop/2024_UWR/install/sonar_msgs/lib:/home/saab/Desktop/2024_UWR/install/xsens_mti_ros2_driver/lib:/opt/ros/humble/opt/rviz_ogre_vendor/lib:/opt/ros/humble/lib/x86_64-linux-gnu:/opt/ros/humble/lib PYTHONPATH=/home/saab/Desktop/2024_UWR/build/sonar_subs/prefix_override:/usr/lib/python3/dist-packages/colcon_core/task/python/colcon_distutils_commands:/home/saab/Desktop/2024_UWR/install/sonar_subs/lib/python3.10/site-packages:${PYTHONPATH} /usr/bin/python3 -W ignore:setup.py install is deprecated -W ignore:easy_install command is deprecated setup.py develop --uninstall --editable --build-directory /home/saab/Desktop/2024_UWR/build/sonar_subs/build
[1.159s] Invoking command in '/home/saab/Desktop/2024_UWR/src/sonar_subs': CMAKE_PREFIX_PATH=/home/saab/Desktop/2024_UWR/install/sonar_msgs:/home/saab/Desktop/2024_UWR/install/xsens_mti_ros2_driver:/home/saab/Desktop/2024_UWR/install/kalman_filter:/home/saab/Desktop/2024_UWR/install/ntrip:/home/saab/Desktop/2024_UWR/install/adnav-driver LD_LIBRARY_PATH=/home/saab/Desktop/2024_UWR/install/sonar_msgs/lib:/home/saab/Desktop/2024_UWR/install/xsens_mti_ros2_driver/lib:/opt/ros/humble/opt/rviz_ogre_vendor/lib:/opt/ros/humble/lib/x86_64-linux-gnu:/opt/ros/humble/lib PYTHONPATH=/home/saab/Desktop/2024_UWR/build/sonar_subs/prefix_override:/usr/lib/python3/dist-packages/colcon_core/task/python/colcon_distutils_commands:/home/saab/Desktop/2024_UWR/install/sonar_subs/lib/python3.10/site-packages:${PYTHONPATH} /usr/bin/python3 -W ignore:setup.py install is deprecated -W ignore:easy_install command is deprecated setup.py egg_info --egg-base ../../build/sonar_subs build --build-base /home/saab/Desktop/2024_UWR/build/sonar_subs/build install --record /home/saab/Desktop/2024_UWR/build/sonar_subs/install.log --single-version-externally-managed install_data --force
[1.535s] running egg_info
[1.535s] writing ../../build/sonar_subs/sonar_subs.egg-info/PKG-INFO
[1.536s] writing dependency_links to ../../build/sonar_subs/sonar_subs.egg-info/dependency_links.txt
[1.536s] writing entry points to ../../build/sonar_subs/sonar_subs.egg-info/entry_points.txt
[1.536s] writing requirements to ../../build/sonar_subs/sonar_subs.egg-info/requires.txt
[1.536s] writing top-level names to ../../build/sonar_subs/sonar_subs.egg-info/top_level.txt
[1.545s] reading manifest file '../../build/sonar_subs/sonar_subs.egg-info/SOURCES.txt'
[1.545s] adding license file 'LICENSE'
[1.545s] writing manifest file '../../build/sonar_subs/sonar_subs.egg-info/SOURCES.txt'
[1.546s] running build
[1.546s] running build_py
[1.546s] copying sonar_subs/sync_ros2_kf.py -> /home/saab/Desktop/2024_UWR/build/sonar_subs/build/lib/sonar_subs
[1.546s] running install
[1.547s] running install_lib
[1.547s] creating /home/saab/Desktop/2024_UWR/install/sonar_subs/lib/python3.10/site-packages/sonar_subs
[1.548s] copying /home/saab/Desktop/2024_UWR/build/sonar_subs/build/lib/sonar_subs/sync_ros2_kf.py -> /home/saab/Desktop/2024_UWR/install/sonar_subs/lib/python3.10/site-packages/sonar_subs
[1.548s] copying /home/saab/Desktop/2024_UWR/build/sonar_subs/build/lib/sonar_subs/read_imu.py -> /home/saab/Desktop/2024_UWR/install/sonar_subs/lib/python3.10/site-packages/sonar_subs
[1.548s] copying /home/saab/Desktop/2024_UWR/build/sonar_subs/build/lib/sonar_subs/read_imu_i2c.py -> /home/saab/Desktop/2024_UWR/install/sonar_subs/lib/python3.10/site-packages/sonar_subs
[1.548s] copying /home/saab/Desktop/2024_UWR/build/sonar_subs/build/lib/sonar_subs/sync_ros2.py -> /home/saab/Desktop/2024_UWR/install/sonar_subs/lib/python3.10/site-packages/sonar_subs
[1.548s] copying /home/saab/Desktop/2024_UWR/build/sonar_subs/build/lib/sonar_subs/__init__.py -> /home/saab/Desktop/2024_UWR/install/sonar_subs/lib/python3.10/site-packages/sonar_subs
[1.548s] copying /home/saab/Desktop/2024_UWR/build/sonar_subs/build/lib/sonar_subs/read_sonar.py -> /home/saab/Desktop/2024_UWR/install/sonar_subs/lib/python3.10/site-packages/sonar_subs
[1.549s] byte-compiling /home/saab/Desktop/2024_UWR/install/sonar_subs/lib/python3.10/site-packages/sonar_subs/sync_ros2_kf.py to sync_ros2_kf.cpython-310.pyc
[1.550s] byte-compiling /home/saab/Desktop/2024_UWR/install/sonar_subs/lib/python3.10/site-packages/sonar_subs/read_imu.py to read_imu.cpython-310.pyc
[1.551s] byte-compiling /home/saab/Desktop/2024_UWR/install/sonar_subs/lib/python3.10/site-packages/sonar_subs/read_imu_i2c.py to read_imu_i2c.cpython-310.pyc
[1.551s] byte-compiling /home/saab/Desktop/2024_UWR/install/sonar_subs/lib/python3.10/site-packages/sonar_subs/sync_ros2.py to sync_ros2.cpython-310.pyc
[1.552s] byte-compiling /home/saab/Desktop/2024_UWR/install/sonar_subs/lib/python3.10/site-packages/sonar_subs/__init__.py to __init__.cpython-310.pyc
[1.552s] byte-compiling /home/saab/Desktop/2024_UWR/install/sonar_subs/lib/python3.10/site-packages/sonar_subs/read_sonar.py to read_sonar.cpython-310.pyc
[1.553s] running install_data
[1.553s] copying resource/sonar_subs -> /home/saab/Desktop/2024_UWR/install/sonar_subs/share/ament_index/resource_index/packages
[1.553s] copying package.xml -> /home/saab/Desktop/2024_UWR/install/sonar_subs/share/sonar_subs
[1.553s] copying launch/launch.py -> /home/saab/Desktop/2024_UWR/install/sonar_subs/share/sonar_subs/launch
[1.553s] running install_egg_info
[1.556s] Copying ../../build/sonar_subs/sonar_subs.egg-info to /home/saab/Desktop/2024_UWR/install/sonar_subs/lib/python3.10/site-packages/sonar_subs-0.1.0-py3.10.egg-info
[1.557s] running install_scripts
[1.580s] Installing imu script to /home/saab/Desktop/2024_UWR/install/sonar_subs/lib/sonar_subs
[1.580s] Installing imu_i2c script to /home/saab/Desktop/2024_UWR/install/sonar_subs/lib/sonar_subs
[1.581s] Installing kf_sync script to /home/saab/Desktop/2024_UWR/install/sonar_subs/lib/sonar_subs
[1.581s] Installing sonar_reader script to /home/saab/Desktop/2024_UWR/install/sonar_subs/lib/sonar_subs
[1.581s] Installing sync_readings script to /home/saab/Desktop/2024_UWR/install/sonar_subs/lib/sonar_subs
[1.581s] writing list of installed files to '/home/saab/Desktop/2024_UWR/build/sonar_subs/install.log'
[1.612s] Invoked command in '/home/saab/Desktop/2024_UWR/src/sonar_subs' returned '0': CMAKE_PREFIX_PATH=/home/saab/Desktop/2024_UWR/install/sonar_msgs:/home/saab/Desktop/2024_UWR/install/xsens_mti_ros2_driver:/home/saab/Desktop/2024_UWR/install/kalman_filter:/home/saab/Desktop/2024_UWR/install/ntrip:/home/saab/Desktop/2024_UWR/install/adnav-driver LD_LIBRARY_PATH=/home/saab/Desktop/2024_UWR/install/sonar_msgs/lib:/home/saab/Desktop/2024_UWR/install/xsens_mti_ros2_driver/lib:/opt/ros/humble/opt/rviz_ogre_vendor/lib:/opt/ros/humble/lib/x86_64-linux-gnu:/opt/ros/humble/lib PYTHONPATH=/home/saab/Desktop/2024_UWR/build/sonar_subs/prefix_override:/usr/lib/python3/dist-packages/colcon_core/task/python/colcon_distutils_commands:/home/saab/Desktop/2024_UWR/install/sonar_subs/lib/python3.10/site-packages:${PYTHONPATH} /usr/bin/python3 -W ignore:setup.py install is deprecated -W ignore:easy_install command is deprecated setup.py egg_info --egg-base ../../build/sonar_subs build --build-base /home/saab/Desktop/2024_UWR/build/sonar_subs/build install --record /home/saab/Desktop/2024_UWR/build/sonar_subs/install.log --single-version-externally-managed install_data --force
