[0.107s] DEBUG:colcon:Command line arguments: ['/usr/bin/colcon', 'build']
[0.107s] DEBUG:colcon:Parsed command line arguments: Namespace(log_base=None, log_level=None, verb_name='build', build_base='build', install_base='install', merge_install=False, symlink_install=False, test_result_base=None, continue_on_error=False, executor='parallel', parallel_workers=8, event_handlers=None, ignore_user_meta=False, metas=['./colcon.meta'], base_paths=['.'], packages_ignore=None, packages_ignore_regex=None, paths=None, packages_up_to=None, packages_up_to_regex=None, packages_above=None, packages_above_and_dependencies=None, packages_above_depth=None, packages_select_by_dep=None, packages_skip_by_dep=None, packages_skip_up_to=None, packages_select_build_failed=False, packages_skip_build_finished=False, packages_select_test_failures=False, packages_skip_test_passed=False, packages_select=None, packages_skip=None, packages_select_regex=None, packages_skip_regex=None, packages_start=None, packages_end=None, allow_overriding=[], cmake_args=None, cmake_target=None, cmake_target_skip_unavailable=False, cmake_clean_cache=False, cmake_clean_first=False, cmake_force_configure=False, ament_cmake_args=None, catkin_cmake_args=None, catkin_skip_building_tests=False, verb_parser=<colcon_defaults.argument_parser.defaults.DefaultArgumentsDecorator object at 0x776d5f2fb8e0>, verb_extension=<colcon_core.verb.build.BuildVerb object at 0x776d5f2fa8c0>, main=<bound method BuildVerb.main of <colcon_core.verb.build.BuildVerb object at 0x776d5f2fa8c0>>)
[0.257s] Level 1:colcon.colcon_core.package_discovery:discover_packages(colcon_meta) check parameters
[0.257s] Level 1:colcon.colcon_core.package_discovery:discover_packages(recursive) check parameters
[0.257s] Level 1:colcon.colcon_core.package_discovery:discover_packages(ignore) check parameters
[0.257s] Level 1:colcon.colcon_core.package_discovery:discover_packages(path) check parameters
[0.257s] Level 1:colcon.colcon_core.package_discovery:discover_packages(colcon_meta) discover
[0.257s] Level 1:colcon.colcon_core.package_discovery:discover_packages(recursive) discover
[0.257s] INFO:colcon.colcon_core.package_discovery:Crawling recursively for packages in '/home/nuc1/Desktop/2024_UWR'
[0.257s] Level 1:colcon.colcon_core.package_identification:_identify(.) by extensions ['ignore', 'ignore_ament_install']
[0.257s] Level 1:colcon.colcon_core.package_identification:_identify(.) by extension 'ignore'
[0.257s] Level 1:colcon.colcon_core.package_identification:_identify(.) by extension 'ignore_ament_install'
[0.257s] Level 1:colcon.colcon_core.package_identification:_identify(.) by extensions ['colcon_pkg']
[0.257s] Level 1:colcon.colcon_core.package_identification:_identify(.) by extension 'colcon_pkg'
[0.257s] Level 1:colcon.colcon_core.package_identification:_identify(.) by extensions ['colcon_meta']
[0.257s] Level 1:colcon.colcon_core.package_identification:_identify(.) by extension 'colcon_meta'
[0.257s] Level 1:colcon.colcon_core.package_identification:_identify(.) by extensions ['ros']
[0.257s] Level 1:colcon.colcon_core.package_identification:_identify(.) by extension 'ros'
[0.269s] Level 1:colcon.colcon_core.package_identification:_identify(.) by extensions ['cmake', 'python']
[0.269s] Level 1:colcon.colcon_core.package_identification:_identify(.) by extension 'cmake'
[0.269s] Level 1:colcon.colcon_core.package_identification:_identify(.) by extension 'python'
[0.269s] Level 1:colcon.colcon_core.package_identification:_identify(.) by extensions ['python_setup_py']
[0.269s] Level 1:colcon.colcon_core.package_identification:_identify(.) by extension 'python_setup_py'
[0.269s] Level 1:colcon.colcon_core.package_identification:_identify(Analysis) by extensions ['ignore', 'ignore_ament_install']
[0.269s] Level 1:colcon.colcon_core.package_identification:_identify(Analysis) by extension 'ignore'
[0.270s] Level 1:colcon.colcon_core.package_identification:_identify(Analysis) by extension 'ignore_ament_install'
[0.270s] Level 1:colcon.colcon_core.package_identification:_identify(Analysis) by extensions ['colcon_pkg']
[0.270s] Level 1:colcon.colcon_core.package_identification:_identify(Analysis) by extension 'colcon_pkg'
[0.270s] Level 1:colcon.colcon_core.package_identification:_identify(Analysis) by extensions ['colcon_meta']
[0.270s] Level 1:colcon.colcon_core.package_identification:_identify(Analysis) by extension 'colcon_meta'
[0.270s] Level 1:colcon.colcon_core.package_identification:_identify(Analysis) by extensions ['ros']
[0.270s] Level 1:colcon.colcon_core.package_identification:_identify(Analysis) by extension 'ros'
[0.270s] Level 1:colcon.colcon_core.package_identification:_identify(Analysis) by extensions ['cmake', 'python']
[0.270s] Level 1:colcon.colcon_core.package_identification:_identify(Analysis) by extension 'cmake'
[0.270s] Level 1:colcon.colcon_core.package_identification:_identify(Analysis) by extension 'python'
[0.270s] Level 1:colcon.colcon_core.package_identification:_identify(Analysis) by extensions ['python_setup_py']
[0.270s] Level 1:colcon.colcon_core.package_identification:_identify(Analysis) by extension 'python_setup_py'
[0.270s] Level 1:colcon.colcon_core.package_identification:_identify(Analysis/Last) by extensions ['ignore', 'ignore_ament_install']
[0.270s] Level 1:colcon.colcon_core.package_identification:_identify(Analysis/Last) by extension 'ignore'
[0.270s] Level 1:colcon.colcon_core.package_identification:_identify(Analysis/Last) by extension 'ignore_ament_install'
[0.270s] Level 1:colcon.colcon_core.package_identification:_identify(Analysis/Last) by extensions ['colcon_pkg']
[0.270s] Level 1:colcon.colcon_core.package_identification:_identify(Analysis/Last) by extension 'colcon_pkg'
[0.270s] Level 1:colcon.colcon_core.package_identification:_identify(Analysis/Last) by extensions ['colcon_meta']
[0.270s] Level 1:colcon.colcon_core.package_identification:_identify(Analysis/Last) by extension 'colcon_meta'
[0.270s] Level 1:colcon.colcon_core.package_identification:_identify(Analysis/Last) by extensions ['ros']
[0.270s] Level 1:colcon.colcon_core.package_identification:_identify(Analysis/Last) by extension 'ros'
[0.270s] Level 1:colcon.colcon_core.package_identification:_identify(Analysis/Last) by extensions ['cmake', 'python']
[0.271s] Level 1:colcon.colcon_core.package_identification:_identify(Analysis/Last) by extension 'cmake'
[0.271s] Level 1:colcon.colcon_core.package_identification:_identify(Analysis/Last) by extension 'python'
[0.271s] Level 1:colcon.colcon_core.package_identification:_identify(Analysis/Last) by extensions ['python_setup_py']
[0.271s] Level 1:colcon.colcon_core.package_identification:_identify(Analysis/Last) by extension 'python_setup_py'
[0.271s] Level 1:colcon.colcon_core.package_identification:_identify(build) by extensions ['ignore', 'ignore_ament_install']
[0.271s] Level 1:colcon.colcon_core.package_identification:_identify(build) by extension 'ignore'
[0.271s] Level 1:colcon.colcon_core.package_identification:_identify(build) ignored
[0.271s] Level 1:colcon.colcon_core.package_identification:_identify(default_path.csv2024_11_05_21_47_51.bag) by extensions ['ignore', 'ignore_ament_install']
[0.271s] Level 1:colcon.colcon_core.package_identification:_identify(default_path.csv2024_11_05_21_47_51.bag) by extension 'ignore'
[0.271s] Level 1:colcon.colcon_core.package_identification:_identify(default_path.csv2024_11_05_21_47_51.bag) by extension 'ignore_ament_install'
[0.271s] Level 1:colcon.colcon_core.package_identification:_identify(default_path.csv2024_11_05_21_47_51.bag) by extensions ['colcon_pkg']
[0.271s] Level 1:colcon.colcon_core.package_identification:_identify(default_path.csv2024_11_05_21_47_51.bag) by extension 'colcon_pkg'
[0.271s] Level 1:colcon.colcon_core.package_identification:_identify(default_path.csv2024_11_05_21_47_51.bag) by extensions ['colcon_meta']
[0.271s] Level 1:colcon.colcon_core.package_identification:_identify(default_path.csv2024_11_05_21_47_51.bag) by extension 'colcon_meta'
[0.271s] Level 1:colcon.colcon_core.package_identification:_identify(default_path.csv2024_11_05_21_47_51.bag) by extensions ['ros']
[0.271s] Level 1:colcon.colcon_core.package_identification:_identify(default_path.csv2024_11_05_21_47_51.bag) by extension 'ros'
[0.271s] Level 1:colcon.colcon_core.package_identification:_identify(default_path.csv2024_11_05_21_47_51.bag) by extensions ['cmake', 'python']
[0.272s] Level 1:colcon.colcon_core.package_identification:_identify(default_path.csv2024_11_05_21_47_51.bag) by extension 'cmake'
[0.272s] Level 1:colcon.colcon_core.package_identification:_identify(default_path.csv2024_11_05_21_47_51.bag) by extension 'python'
[0.272s] Level 1:colcon.colcon_core.package_identification:_identify(default_path.csv2024_11_05_21_47_51.bag) by extensions ['python_setup_py']
[0.272s] Level 1:colcon.colcon_core.package_identification:_identify(default_path.csv2024_11_05_21_47_51.bag) by extension 'python_setup_py'
[0.272s] Level 1:colcon.colcon_core.package_identification:_identify(install) by extensions ['ignore', 'ignore_ament_install']
[0.272s] Level 1:colcon.colcon_core.package_identification:_identify(install) by extension 'ignore'
[0.272s] Level 1:colcon.colcon_core.package_identification:_identify(install) ignored
[0.272s] Level 1:colcon.colcon_core.package_identification:_identify(log) by extensions ['ignore', 'ignore_ament_install']
[0.272s] Level 1:colcon.colcon_core.package_identification:_identify(log) by extension 'ignore'
[0.272s] Level 1:colcon.colcon_core.package_identification:_identify(log) ignored
[0.272s] Level 1:colcon.colcon_core.package_identification:_identify(src) by extensions ['ignore', 'ignore_ament_install']
[0.272s] Level 1:colcon.colcon_core.package_identification:_identify(src) by extension 'ignore'
[0.272s] Level 1:colcon.colcon_core.package_identification:_identify(src) by extension 'ignore_ament_install'
[0.272s] Level 1:colcon.colcon_core.package_identification:_identify(src) by extensions ['colcon_pkg']
[0.272s] Level 1:colcon.colcon_core.package_identification:_identify(src) by extension 'colcon_pkg'
[0.272s] Level 1:colcon.colcon_core.package_identification:_identify(src) by extensions ['colcon_meta']
[0.272s] Level 1:colcon.colcon_core.package_identification:_identify(src) by extension 'colcon_meta'
[0.273s] Level 1:colcon.colcon_core.package_identification:_identify(src) by extensions ['ros']
[0.273s] Level 1:colcon.colcon_core.package_identification:_identify(src) by extension 'ros'
[0.273s] Level 1:colcon.colcon_core.package_identification:_identify(src) by extensions ['cmake', 'python']
[0.273s] Level 1:colcon.colcon_core.package_identification:_identify(src) by extension 'cmake'
[0.273s] Level 1:colcon.colcon_core.package_identification:_identify(src) by extension 'python'
[0.273s] Level 1:colcon.colcon_core.package_identification:_identify(src) by extensions ['python_setup_py']
[0.273s] Level 1:colcon.colcon_core.package_identification:_identify(src) by extension 'python_setup_py'
[0.273s] Level 1:colcon.colcon_core.package_identification:_identify(src/adnav-driver) by extensions ['ignore', 'ignore_ament_install']
[0.273s] Level 1:colcon.colcon_core.package_identification:_identify(src/adnav-driver) by extension 'ignore'
[0.273s] Level 1:colcon.colcon_core.package_identification:_identify(src/adnav-driver) by extension 'ignore_ament_install'
[0.273s] Level 1:colcon.colcon_core.package_identification:_identify(src/adnav-driver) by extensions ['colcon_pkg']
[0.273s] Level 1:colcon.colcon_core.package_identification:_identify(src/adnav-driver) by extension 'colcon_pkg'
[0.273s] Level 1:colcon.colcon_core.package_identification:_identify(src/adnav-driver) by extensions ['colcon_meta']
[0.273s] Level 1:colcon.colcon_core.package_identification:_identify(src/adnav-driver) by extension 'colcon_meta'
[0.273s] Level 1:colcon.colcon_core.package_identification:_identify(src/adnav-driver) by extensions ['ros']
[0.273s] Level 1:colcon.colcon_core.package_identification:_identify(src/adnav-driver) by extension 'ros'
[0.277s] DEBUG:colcon.colcon_core.package_identification:Package 'src/adnav-driver' with type 'ros.ament_cmake' and name 'adnav-driver'
[0.278s] Level 1:colcon.colcon_core.package_identification:_identify(src/kalman_filter) by extensions ['ignore', 'ignore_ament_install']
[0.278s] Level 1:colcon.colcon_core.package_identification:_identify(src/kalman_filter) by extension 'ignore'
[0.278s] Level 1:colcon.colcon_core.package_identification:_identify(src/kalman_filter) by extension 'ignore_ament_install'
[0.278s] Level 1:colcon.colcon_core.package_identification:_identify(src/kalman_filter) by extensions ['colcon_pkg']
[0.278s] Level 1:colcon.colcon_core.package_identification:_identify(src/kalman_filter) by extension 'colcon_pkg'
[0.278s] Level 1:colcon.colcon_core.package_identification:_identify(src/kalman_filter) by extensions ['colcon_meta']
[0.278s] Level 1:colcon.colcon_core.package_identification:_identify(src/kalman_filter) by extension 'colcon_meta'
[0.278s] Level 1:colcon.colcon_core.package_identification:_identify(src/kalman_filter) by extensions ['ros']
[0.278s] Level 1:colcon.colcon_core.package_identification:_identify(src/kalman_filter) by extension 'ros'
[0.279s] DEBUG:colcon.colcon_core.package_identification:Package 'src/kalman_filter' with type 'ros.ament_cmake' and name 'kalman_filter'
[0.279s] Level 1:colcon.colcon_core.package_identification:_identify(src/ntrip) by extensions ['ignore', 'ignore_ament_install']
[0.279s] Level 1:colcon.colcon_core.package_identification:_identify(src/ntrip) by extension 'ignore'
[0.279s] Level 1:colcon.colcon_core.package_identification:_identify(src/ntrip) by extension 'ignore_ament_install'
[0.279s] Level 1:colcon.colcon_core.package_identification:_identify(src/ntrip) by extensions ['colcon_pkg']
[0.279s] Level 1:colcon.colcon_core.package_identification:_identify(src/ntrip) by extension 'colcon_pkg'
[0.279s] Level 1:colcon.colcon_core.package_identification:_identify(src/ntrip) by extensions ['colcon_meta']
[0.279s] Level 1:colcon.colcon_core.package_identification:_identify(src/ntrip) by extension 'colcon_meta'
[0.279s] Level 1:colcon.colcon_core.package_identification:_identify(src/ntrip) by extensions ['ros']
[0.280s] Level 1:colcon.colcon_core.package_identification:_identify(src/ntrip) by extension 'ros'
[0.280s] DEBUG:colcon.colcon_core.package_identification:Package 'src/ntrip' with type 'ros.ament_cmake' and name 'ntrip'
[0.280s] Level 1:colcon.colcon_core.package_identification:_identify(src/ros2-driver) by extensions ['ignore', 'ignore_ament_install']
[0.281s] Level 1:colcon.colcon_core.package_identification:_identify(src/ros2-driver) by extension 'ignore'
[0.281s] Level 1:colcon.colcon_core.package_identification:_identify(src/ros2-driver) by extension 'ignore_ament_install'
[0.281s] Level 1:colcon.colcon_core.package_identification:_identify(src/ros2-driver) by extensions ['colcon_pkg']
[0.281s] Level 1:colcon.colcon_core.package_identification:_identify(src/ros2-driver) by extension 'colcon_pkg'
[0.281s] Level 1:colcon.colcon_core.package_identification:_identify(src/ros2-driver) by extensions ['colcon_meta']
[0.281s] Level 1:colcon.colcon_core.package_identification:_identify(src/ros2-driver) by extension 'colcon_meta'
[0.281s] Level 1:colcon.colcon_core.package_identification:_identify(src/ros2-driver) by extensions ['ros']
[0.281s] Level 1:colcon.colcon_core.package_identification:_identify(src/ros2-driver) by extension 'ros'
[0.281s] Level 1:colcon.colcon_core.package_identification:_identify(src/ros2-driver) by extensions ['cmake', 'python']
[0.281s] Level 1:colcon.colcon_core.package_identification:_identify(src/ros2-driver) by extension 'cmake'
[0.281s] Level 1:colcon.colcon_core.package_identification:_identify(src/ros2-driver) by extension 'python'
[0.281s] Level 1:colcon.colcon_core.package_identification:_identify(src/ros2-driver) by extensions ['python_setup_py']
[0.281s] Level 1:colcon.colcon_core.package_identification:_identify(src/ros2-driver) by extension 'python_setup_py'
[0.281s] Level 1:colcon.colcon_core.package_identification:_identify(src/sonar_msgs) by extensions ['ignore', 'ignore_ament_install']
[0.281s] Level 1:colcon.colcon_core.package_identification:_identify(src/sonar_msgs) by extension 'ignore'
[0.281s] Level 1:colcon.colcon_core.package_identification:_identify(src/sonar_msgs) by extension 'ignore_ament_install'
[0.281s] Level 1:colcon.colcon_core.package_identification:_identify(src/sonar_msgs) by extensions ['colcon_pkg']
[0.281s] Level 1:colcon.colcon_core.package_identification:_identify(src/sonar_msgs) by extension 'colcon_pkg'
[0.281s] Level 1:colcon.colcon_core.package_identification:_identify(src/sonar_msgs) by extensions ['colcon_meta']
[0.282s] Level 1:colcon.colcon_core.package_identification:_identify(src/sonar_msgs) by extension 'colcon_meta'
[0.282s] Level 1:colcon.colcon_core.package_identification:_identify(src/sonar_msgs) by extensions ['ros']
[0.282s] Level 1:colcon.colcon_core.package_identification:_identify(src/sonar_msgs) by extension 'ros'
[0.282s] DEBUG:colcon.colcon_core.package_identification:Package 'src/sonar_msgs' with type 'ros.ament_cmake' and name 'sonar_msgs'
[0.282s] Level 1:colcon.colcon_core.package_identification:_identify(src/sonar_subs) by extensions ['ignore', 'ignore_ament_install']
[0.282s] Level 1:colcon.colcon_core.package_identification:_identify(src/sonar_subs) by extension 'ignore'
[0.282s] Level 1:colcon.colcon_core.package_identification:_identify(src/sonar_subs) by extension 'ignore_ament_install'
[0.282s] Level 1:colcon.colcon_core.package_identification:_identify(src/sonar_subs) by extensions ['colcon_pkg']
[0.283s] Level 1:colcon.colcon_core.package_identification:_identify(src/sonar_subs) by extension 'colcon_pkg'
[0.283s] Level 1:colcon.colcon_core.package_identification:_identify(src/sonar_subs) by extensions ['colcon_meta']
[0.283s] Level 1:colcon.colcon_core.package_identification:_identify(src/sonar_subs) by extension 'colcon_meta'
[0.283s] Level 1:colcon.colcon_core.package_identification:_identify(src/sonar_subs) by extensions ['ros']
[0.283s] Level 1:colcon.colcon_core.package_identification:_identify(src/sonar_subs) by extension 'ros'
[0.283s] DEBUG:colcon.colcon_core.package_identification:Package 'src/sonar_subs' with type 'ros.ament_python' and name 'sonar_subs'
[0.283s] Level 1:colcon.colcon_core.package_identification:_identify(src/xsens_mti_ros2_driver) by extensions ['ignore', 'ignore_ament_install']
[0.283s] Level 1:colcon.colcon_core.package_identification:_identify(src/xsens_mti_ros2_driver) by extension 'ignore'
[0.283s] Level 1:colcon.colcon_core.package_identification:_identify(src/xsens_mti_ros2_driver) by extension 'ignore_ament_install'
[0.283s] Level 1:colcon.colcon_core.package_identification:_identify(src/xsens_mti_ros2_driver) by extensions ['colcon_pkg']
[0.284s] Level 1:colcon.colcon_core.package_identification:_identify(src/xsens_mti_ros2_driver) by extension 'colcon_pkg'
[0.284s] Level 1:colcon.colcon_core.package_identification:_identify(src/xsens_mti_ros2_driver) by extensions ['colcon_meta']
[0.284s] Level 1:colcon.colcon_core.package_identification:_identify(src/xsens_mti_ros2_driver) by extension 'colcon_meta'
[0.284s] Level 1:colcon.colcon_core.package_identification:_identify(src/xsens_mti_ros2_driver) by extensions ['ros']
[0.284s] Level 1:colcon.colcon_core.package_identification:_identify(src/xsens_mti_ros2_driver) by extension 'ros'
[0.284s] DEBUG:colcon.colcon_core.package_identification:Package 'src/xsens_mti_ros2_driver' with type 'ros.ament_cmake' and name 'xsens_mti_ros2_driver'
[0.284s] Level 1:colcon.colcon_core.package_discovery:discover_packages(recursive) using defaults
[0.285s] Level 1:colcon.colcon_core.package_discovery:discover_packages(ignore) discover
[0.285s] Level 1:colcon.colcon_core.package_discovery:discover_packages(ignore) using defaults
[0.285s] Level 1:colcon.colcon_core.package_discovery:discover_packages(path) discover
[0.285s] Level 1:colcon.colcon_core.package_discovery:discover_packages(path) using defaults
[0.306s] Level 1:colcon.colcon_core.package_discovery:discover_packages(prefix_path) check parameters
[0.306s] Level 1:colcon.colcon_core.package_discovery:discover_packages(prefix_path) discover
[0.308s] DEBUG:colcon.colcon_installed_package_information.package_discovery:Found 6 installed packages in /home/nuc1/Desktop/2024_UWR/install
[0.309s] DEBUG:colcon.colcon_installed_package_information.package_discovery:Found 278 installed packages in /opt/ros/humble
[0.310s] Level 1:colcon.colcon_core.package_discovery:discover_packages(prefix_path) using defaults
[0.361s] Level 5:colcon.colcon_core.verb:set package 'adnav-driver' build argument 'cmake_args' from command line to 'None'
[0.361s] Level 5:colcon.colcon_core.verb:set package 'adnav-driver' build argument 'cmake_target' from command line to 'None'
[0.361s] Level 5:colcon.colcon_core.verb:set package 'adnav-driver' build argument 'cmake_target_skip_unavailable' from command line to 'False'
[0.362s] Level 5:colcon.colcon_core.verb:set package 'adnav-driver' build argument 'cmake_clean_cache' from command line to 'False'
[0.362s] Level 5:colcon.colcon_core.verb:set package 'adnav-driver' build argument 'cmake_clean_first' from command line to 'False'
[0.362s] Level 5:colcon.colcon_core.verb:set package 'adnav-driver' build argument 'cmake_force_configure' from command line to 'False'
[0.362s] Level 5:colcon.colcon_core.verb:set package 'adnav-driver' build argument 'ament_cmake_args' from command line to 'None'
[0.362s] Level 5:colcon.colcon_core.verb:set package 'adnav-driver' build argument 'catkin_cmake_args' from command line to 'None'
[0.362s] Level 5:colcon.colcon_core.verb:set package 'adnav-driver' build argument 'catkin_skip_building_tests' from command line to 'False'
[0.362s] DEBUG:colcon.colcon_core.verb:Building package 'adnav-driver' with the following arguments: {'ament_cmake_args': None, 'build_base': '/home/nuc1/Desktop/2024_UWR/build/adnav-driver', 'catkin_cmake_args': None, 'catkin_skip_building_tests': False, 'cmake_args': None, 'cmake_clean_cache': False, 'cmake_clean_first': False, 'cmake_force_configure': False, 'cmake_target': None, 'cmake_target_skip_unavailable': False, 'install_base': '/home/nuc1/Desktop/2024_UWR/install/adnav-driver', 'merge_install': False, 'path': '/home/nuc1/Desktop/2024_UWR/src/adnav-driver', 'symlink_install': False, 'test_result_base': None}
[0.362s] Level 5:colcon.colcon_core.verb:set package 'ntrip' build argument 'cmake_args' from command line to 'None'
[0.362s] Level 5:colcon.colcon_core.verb:set package 'ntrip' build argument 'cmake_target' from command line to 'None'
[0.362s] Level 5:colcon.colcon_core.verb:set package 'ntrip' build argument 'cmake_target_skip_unavailable' from command line to 'False'
[0.362s] Level 5:colcon.colcon_core.verb:set package 'ntrip' build argument 'cmake_clean_cache' from command line to 'False'
[0.362s] Level 5:colcon.colcon_core.verb:set package 'ntrip' build argument 'cmake_clean_first' from command line to 'False'
[0.362s] Level 5:colcon.colcon_core.verb:set package 'ntrip' build argument 'cmake_force_configure' from command line to 'False'
[0.362s] Level 5:colcon.colcon_core.verb:set package 'ntrip' build argument 'ament_cmake_args' from command line to 'None'
[0.362s] Level 5:colcon.colcon_core.verb:set package 'ntrip' build argument 'catkin_cmake_args' from command line to 'None'
[0.362s] Level 5:colcon.colcon_core.verb:set package 'ntrip' build argument 'catkin_skip_building_tests' from command line to 'False'
[0.362s] DEBUG:colcon.colcon_core.verb:Building package 'ntrip' with the following arguments: {'ament_cmake_args': None, 'build_base': '/home/nuc1/Desktop/2024_UWR/build/ntrip', 'catkin_cmake_args': None, 'catkin_skip_building_tests': False, 'cmake_args': None, 'cmake_clean_cache': False, 'cmake_clean_first': False, 'cmake_force_configure': False, 'cmake_target': None, 'cmake_target_skip_unavailable': False, 'install_base': '/home/nuc1/Desktop/2024_UWR/install/ntrip', 'merge_install': False, 'path': '/home/nuc1/Desktop/2024_UWR/src/ntrip', 'symlink_install': False, 'test_result_base': None}
[0.363s] Level 5:colcon.colcon_core.verb:set package 'sonar_msgs' build argument 'cmake_args' from command line to 'None'
[0.363s] Level 5:colcon.colcon_core.verb:set package 'sonar_msgs' build argument 'cmake_target' from command line to 'None'
[0.363s] Level 5:colcon.colcon_core.verb:set package 'sonar_msgs' build argument 'cmake_target_skip_unavailable' from command line to 'False'
[0.363s] Level 5:colcon.colcon_core.verb:set package 'sonar_msgs' build argument 'cmake_clean_cache' from command line to 'False'
[0.363s] Level 5:colcon.colcon_core.verb:set package 'sonar_msgs' build argument 'cmake_clean_first' from command line to 'False'
[0.363s] Level 5:colcon.colcon_core.verb:set package 'sonar_msgs' build argument 'cmake_force_configure' from command line to 'False'
[0.363s] Level 5:colcon.colcon_core.verb:set package 'sonar_msgs' build argument 'ament_cmake_args' from command line to 'None'
[0.363s] Level 5:colcon.colcon_core.verb:set package 'sonar_msgs' build argument 'catkin_cmake_args' from command line to 'None'
[0.363s] Level 5:colcon.colcon_core.verb:set package 'sonar_msgs' build argument 'catkin_skip_building_tests' from command line to 'False'
[0.363s] DEBUG:colcon.colcon_core.verb:Building package 'sonar_msgs' with the following arguments: {'ament_cmake_args': None, 'build_base': '/home/nuc1/Desktop/2024_UWR/build/sonar_msgs', 'catkin_cmake_args': None, 'catkin_skip_building_tests': False, 'cmake_args': None, 'cmake_clean_cache': False, 'cmake_clean_first': False, 'cmake_force_configure': False, 'cmake_target': None, 'cmake_target_skip_unavailable': False, 'install_base': '/home/nuc1/Desktop/2024_UWR/install/sonar_msgs', 'merge_install': False, 'path': '/home/nuc1/Desktop/2024_UWR/src/sonar_msgs', 'symlink_install': False, 'test_result_base': None}
[0.363s] Level 5:colcon.colcon_core.verb:set package 'xsens_mti_ros2_driver' build argument 'cmake_args' from command line to 'None'
[0.363s] Level 5:colcon.colcon_core.verb:set package 'xsens_mti_ros2_driver' build argument 'cmake_target' from command line to 'None'
[0.363s] Level 5:colcon.colcon_core.verb:set package 'xsens_mti_ros2_driver' build argument 'cmake_target_skip_unavailable' from command line to 'False'
[0.363s] Level 5:colcon.colcon_core.verb:set package 'xsens_mti_ros2_driver' build argument 'cmake_clean_cache' from command line to 'False'
[0.363s] Level 5:colcon.colcon_core.verb:set package 'xsens_mti_ros2_driver' build argument 'cmake_clean_first' from command line to 'False'
[0.363s] Level 5:colcon.colcon_core.verb:set package 'xsens_mti_ros2_driver' build argument 'cmake_force_configure' from command line to 'False'
[0.363s] Level 5:colcon.colcon_core.verb:set package 'xsens_mti_ros2_driver' build argument 'ament_cmake_args' from command line to 'None'
[0.363s] Level 5:colcon.colcon_core.verb:set package 'xsens_mti_ros2_driver' build argument 'catkin_cmake_args' from command line to 'None'
[0.363s] Level 5:colcon.colcon_core.verb:set package 'xsens_mti_ros2_driver' build argument 'catkin_skip_building_tests' from command line to 'False'
[0.363s] DEBUG:colcon.colcon_core.verb:Building package 'xsens_mti_ros2_driver' with the following arguments: {'ament_cmake_args': None, 'build_base': '/home/nuc1/Desktop/2024_UWR/build/xsens_mti_ros2_driver', 'catkin_cmake_args': None, 'catkin_skip_building_tests': False, 'cmake_args': None, 'cmake_clean_cache': False, 'cmake_clean_first': False, 'cmake_force_configure': False, 'cmake_target': None, 'cmake_target_skip_unavailable': False, 'install_base': '/home/nuc1/Desktop/2024_UWR/install/xsens_mti_ros2_driver', 'merge_install': False, 'path': '/home/nuc1/Desktop/2024_UWR/src/xsens_mti_ros2_driver', 'symlink_install': False, 'test_result_base': None}
[0.364s] Level 5:colcon.colcon_core.verb:set package 'kalman_filter' build argument 'cmake_args' from command line to 'None'
[0.364s] Level 5:colcon.colcon_core.verb:set package 'kalman_filter' build argument 'cmake_target' from command line to 'None'
[0.364s] Level 5:colcon.colcon_core.verb:set package 'kalman_filter' build argument 'cmake_target_skip_unavailable' from command line to 'False'
[0.364s] Level 5:colcon.colcon_core.verb:set package 'kalman_filter' build argument 'cmake_clean_cache' from command line to 'False'
[0.364s] Level 5:colcon.colcon_core.verb:set package 'kalman_filter' build argument 'cmake_clean_first' from command line to 'False'
[0.364s] Level 5:colcon.colcon_core.verb:set package 'kalman_filter' build argument 'cmake_force_configure' from command line to 'False'
[0.364s] Level 5:colcon.colcon_core.verb:set package 'kalman_filter' build argument 'ament_cmake_args' from command line to 'None'
[0.364s] Level 5:colcon.colcon_core.verb:set package 'kalman_filter' build argument 'catkin_cmake_args' from command line to 'None'
[0.364s] Level 5:colcon.colcon_core.verb:set package 'kalman_filter' build argument 'catkin_skip_building_tests' from command line to 'False'
[0.364s] DEBUG:colcon.colcon_core.verb:Building package 'kalman_filter' with the following arguments: {'ament_cmake_args': None, 'build_base': '/home/nuc1/Desktop/2024_UWR/build/kalman_filter', 'catkin_cmake_args': None, 'catkin_skip_building_tests': False, 'cmake_args': None, 'cmake_clean_cache': False, 'cmake_clean_first': False, 'cmake_force_configure': False, 'cmake_target': None, 'cmake_target_skip_unavailable': False, 'install_base': '/home/nuc1/Desktop/2024_UWR/install/kalman_filter', 'merge_install': False, 'path': '/home/nuc1/Desktop/2024_UWR/src/kalman_filter', 'symlink_install': False, 'test_result_base': None}
[0.364s] Level 5:colcon.colcon_core.verb:set package 'sonar_subs' build argument 'cmake_args' from command line to 'None'
[0.364s] Level 5:colcon.colcon_core.verb:set package 'sonar_subs' build argument 'cmake_target' from command line to 'None'
[0.364s] Level 5:colcon.colcon_core.verb:set package 'sonar_subs' build argument 'cmake_target_skip_unavailable' from command line to 'False'
[0.364s] Level 5:colcon.colcon_core.verb:set package 'sonar_subs' build argument 'cmake_clean_cache' from command line to 'False'
[0.364s] Level 5:colcon.colcon_core.verb:set package 'sonar_subs' build argument 'cmake_clean_first' from command line to 'False'
[0.364s] Level 5:colcon.colcon_core.verb:set package 'sonar_subs' build argument 'cmake_force_configure' from command line to 'False'
[0.364s] Level 5:colcon.colcon_core.verb:set package 'sonar_subs' build argument 'ament_cmake_args' from command line to 'None'
[0.364s] Level 5:colcon.colcon_core.verb:set package 'sonar_subs' build argument 'catkin_cmake_args' from command line to 'None'
[0.364s] Level 5:colcon.colcon_core.verb:set package 'sonar_subs' build argument 'catkin_skip_building_tests' from command line to 'False'
[0.364s] DEBUG:colcon.colcon_core.verb:Building package 'sonar_subs' with the following arguments: {'ament_cmake_args': None, 'build_base': '/home/nuc1/Desktop/2024_UWR/build/sonar_subs', 'catkin_cmake_args': None, 'catkin_skip_building_tests': False, 'cmake_args': None, 'cmake_clean_cache': False, 'cmake_clean_first': False, 'cmake_force_configure': False, 'cmake_target': None, 'cmake_target_skip_unavailable': False, 'install_base': '/home/nuc1/Desktop/2024_UWR/install/sonar_subs', 'merge_install': False, 'path': '/home/nuc1/Desktop/2024_UWR/src/sonar_subs', 'symlink_install': False, 'test_result_base': None}
[0.365s] INFO:colcon.colcon_core.executor:Executing jobs using 'parallel' executor
[0.366s] DEBUG:colcon.colcon_parallel_executor.executor.parallel:run_until_complete
[0.366s] INFO:colcon.colcon_ros.task.ament_cmake.build:Building ROS package in '/home/nuc1/Desktop/2024_UWR/src/sonar_msgs' with build type 'ament_cmake'
[0.366s] INFO:colcon.colcon_cmake.task.cmake.build:Building CMake package in '/home/nuc1/Desktop/2024_UWR/src/sonar_msgs'
[0.368s] INFO:colcon.colcon_core.plugin_system:Skipping extension 'colcon_core.shell.bat': Not used on non-Windows systems
[0.369s] INFO:colcon.colcon_core.shell:Skip shell extension 'powershell' for command environment: Not usable outside of PowerShell
[0.369s] DEBUG:colcon.colcon_core.shell:Skip shell extension 'dsv' for command environment
[0.373s] INFO:colcon.colcon_ros.task.ament_cmake.build:Building ROS package in '/home/nuc1/Desktop/2024_UWR/src/adnav-driver' with build type 'ament_cmake'
[0.373s] INFO:colcon.colcon_cmake.task.cmake.build:Building CMake package in '/home/nuc1/Desktop/2024_UWR/src/adnav-driver'
[0.374s] INFO:colcon.colcon_core.shell:Skip shell extension 'powershell' for command environment: Not usable outside of PowerShell
[0.374s] DEBUG:colcon.colcon_core.shell:Skip shell extension 'dsv' for command environment
[0.378s] INFO:colcon.colcon_ros.task.ament_cmake.build:Building ROS package in '/home/nuc1/Desktop/2024_UWR/src/ntrip' with build type 'ament_cmake'
[0.378s] INFO:colcon.colcon_cmake.task.cmake.build:Building CMake package in '/home/nuc1/Desktop/2024_UWR/src/ntrip'
[0.378s] INFO:colcon.colcon_core.shell:Skip shell extension 'powershell' for command environment: Not usable outside of PowerShell
[0.378s] DEBUG:colcon.colcon_core.shell:Skip shell extension 'dsv' for command environment
[0.382s] INFO:colcon.colcon_ros.task.ament_cmake.build:Building ROS package in '/home/nuc1/Desktop/2024_UWR/src/xsens_mti_ros2_driver' with build type 'ament_cmake'
[0.382s] INFO:colcon.colcon_cmake.task.cmake.build:Building CMake package in '/home/nuc1/Desktop/2024_UWR/src/xsens_mti_ros2_driver'
[0.382s] INFO:colcon.colcon_core.shell:Skip shell extension 'powershell' for command environment: Not usable outside of PowerShell
[0.382s] DEBUG:colcon.colcon_core.shell:Skip shell extension 'dsv' for command environment
[0.394s] DEBUG:colcon.colcon_core.event_handler.log_command:Invoking command in '/home/nuc1/Desktop/2024_UWR/build/sonar_msgs': CMAKE_PREFIX_PATH=${CMAKE_PREFIX_PATH}:/home/nuc1/Desktop/2024_UWR/install/sonar_subs:/opt/ros/humble /usr/bin/cmake --build /home/nuc1/Desktop/2024_UWR/build/sonar_msgs -- -j8 -l8
[0.399s] DEBUG:colcon.colcon_core.event_handler.log_command:Invoking command in '/home/nuc1/Desktop/2024_UWR/build/adnav-driver': CMAKE_PREFIX_PATH=${CMAKE_PREFIX_PATH}:/home/nuc1/Desktop/2024_UWR/install/sonar_subs:/opt/ros/humble /usr/bin/cmake --build /home/nuc1/Desktop/2024_UWR/build/adnav-driver -- -j8 -l8
[0.402s] DEBUG:colcon.colcon_core.event_handler.log_command:Invoking command in '/home/nuc1/Desktop/2024_UWR/build/ntrip': CMAKE_PREFIX_PATH=${CMAKE_PREFIX_PATH}:/home/nuc1/Desktop/2024_UWR/install/sonar_subs:/opt/ros/humble /usr/bin/cmake --build /home/nuc1/Desktop/2024_UWR/build/ntrip -- -j8 -l8
[0.408s] DEBUG:colcon.colcon_core.event_handler.log_command:Invoking command in '/home/nuc1/Desktop/2024_UWR/build/xsens_mti_ros2_driver': CMAKE_PREFIX_PATH=${CMAKE_PREFIX_PATH}:/home/nuc1/Desktop/2024_UWR/install/sonar_subs:/opt/ros/humble /usr/bin/cmake --build /home/nuc1/Desktop/2024_UWR/build/xsens_mti_ros2_driver -- -j8 -l8
[0.522s] DEBUG:colcon.colcon_core.event_handler.log_command:Invoked command in '/home/nuc1/Desktop/2024_UWR/build/adnav-driver' returned '0': CMAKE_PREFIX_PATH=${CMAKE_PREFIX_PATH}:/home/nuc1/Desktop/2024_UWR/install/sonar_subs:/opt/ros/humble /usr/bin/cmake --build /home/nuc1/Desktop/2024_UWR/build/adnav-driver -- -j8 -l8
[0.528s] DEBUG:colcon.colcon_core.event_handler.log_command:Invoked command in '/home/nuc1/Desktop/2024_UWR/build/ntrip' returned '0': CMAKE_PREFIX_PATH=${CMAKE_PREFIX_PATH}:/home/nuc1/Desktop/2024_UWR/install/sonar_subs:/opt/ros/humble /usr/bin/cmake --build /home/nuc1/Desktop/2024_UWR/build/ntrip -- -j8 -l8
[0.582s] DEBUG:colcon.colcon_core.event_handler.log_command:Invoking command in '/home/nuc1/Desktop/2024_UWR/build/ntrip': CMAKE_PREFIX_PATH=${CMAKE_PREFIX_PATH}:/home/nuc1/Desktop/2024_UWR/install/sonar_subs:/opt/ros/humble /usr/bin/cmake --install /home/nuc1/Desktop/2024_UWR/build/ntrip
[0.584s] DEBUG:colcon.colcon_core.event_handler.log_command:Invoking command in '/home/nuc1/Desktop/2024_UWR/build/adnav-driver': CMAKE_PREFIX_PATH=${CMAKE_PREFIX_PATH}:/home/nuc1/Desktop/2024_UWR/install/sonar_subs:/opt/ros/humble /usr/bin/cmake --install /home/nuc1/Desktop/2024_UWR/build/adnav-driver
[0.600s] Level 1:colcon.colcon_core.environment:create_environment_scripts_only(ntrip)
[0.601s] DEBUG:colcon.colcon_core.event_handler.log_command:Invoked command in '/home/nuc1/Desktop/2024_UWR/build/ntrip' returned '0': CMAKE_PREFIX_PATH=${CMAKE_PREFIX_PATH}:/home/nuc1/Desktop/2024_UWR/install/sonar_subs:/opt/ros/humble /usr/bin/cmake --install /home/nuc1/Desktop/2024_UWR/build/ntrip
[0.604s] Level 1:colcon.colcon_core.environment:checking '/home/nuc1/Desktop/2024_UWR/install/ntrip' for CMake module files
[0.604s] Level 1:colcon.colcon_core.environment:checking '/home/nuc1/Desktop/2024_UWR/install/ntrip' for CMake config files
[0.605s] Level 1:colcon.colcon_core.shell:create_environment_hook('ntrip', 'cmake_prefix_path')
[0.606s] INFO:colcon.colcon_core.shell:Creating environment hook '/home/nuc1/Desktop/2024_UWR/install/ntrip/share/ntrip/hook/cmake_prefix_path.ps1'
[0.607s] INFO:colcon.colcon_core.shell:Creating environment descriptor '/home/nuc1/Desktop/2024_UWR/install/ntrip/share/ntrip/hook/cmake_prefix_path.dsv'
[0.607s] INFO:colcon.colcon_core.shell:Creating environment hook '/home/nuc1/Desktop/2024_UWR/install/ntrip/share/ntrip/hook/cmake_prefix_path.sh'
[0.609s] Level 1:colcon.colcon_core.environment:checking '/home/nuc1/Desktop/2024_UWR/install/ntrip/lib'
[0.609s] Level 1:colcon.colcon_core.environment:checking '/home/nuc1/Desktop/2024_UWR/install/ntrip/bin'
[0.609s] Level 1:colcon.colcon_core.environment:checking '/home/nuc1/Desktop/2024_UWR/install/ntrip/lib/pkgconfig/ntrip.pc'
[0.610s] Level 1:colcon.colcon_core.environment:checking '/home/nuc1/Desktop/2024_UWR/install/ntrip/lib/python3.10/site-packages'
[0.610s] Level 1:colcon.colcon_core.environment:checking '/home/nuc1/Desktop/2024_UWR/install/ntrip/bin'
[0.611s] INFO:colcon.colcon_core.shell:Creating package script '/home/nuc1/Desktop/2024_UWR/install/ntrip/share/ntrip/package.ps1'
[0.612s] INFO:colcon.colcon_core.shell:Creating package descriptor '/home/nuc1/Desktop/2024_UWR/install/ntrip/share/ntrip/package.dsv'
[0.613s] INFO:colcon.colcon_core.shell:Creating package script '/home/nuc1/Desktop/2024_UWR/install/ntrip/share/ntrip/package.sh'
[0.615s] INFO:colcon.colcon_core.shell:Creating package script '/home/nuc1/Desktop/2024_UWR/install/ntrip/share/ntrip/package.bash'
[0.616s] INFO:colcon.colcon_core.shell:Creating package script '/home/nuc1/Desktop/2024_UWR/install/ntrip/share/ntrip/package.zsh'
[0.617s] Level 1:colcon.colcon_core.environment:create_file_with_runtime_dependencies(/home/nuc1/Desktop/2024_UWR/install/ntrip/share/colcon-core/packages/ntrip)
[0.619s] Level 1:colcon.colcon_core.environment:create_environment_scripts_only(adnav-driver)
[0.620s] Level 1:colcon.colcon_core.environment:checking '/home/nuc1/Desktop/2024_UWR/install/adnav-driver' for CMake module files
[0.621s] Level 1:colcon.colcon_core.environment:checking '/home/nuc1/Desktop/2024_UWR/install/adnav-driver' for CMake config files
[0.622s] Level 1:colcon.colcon_core.shell:create_environment_hook('adnav-driver', 'cmake_prefix_path')
[0.620s] DEBUG:colcon.colcon_core.event_handler.log_command:Invoked command in '/home/nuc1/Desktop/2024_UWR/build/adnav-driver' returned '0': CMAKE_PREFIX_PATH=${CMAKE_PREFIX_PATH}:/home/nuc1/Desktop/2024_UWR/install/sonar_subs:/opt/ros/humble /usr/bin/cmake --install /home/nuc1/Desktop/2024_UWR/build/adnav-driver
[0.622s] INFO:colcon.colcon_core.shell:Creating environment hook '/home/nuc1/Desktop/2024_UWR/install/adnav-driver/share/adnav-driver/hook/cmake_prefix_path.ps1'
[0.623s] INFO:colcon.colcon_core.shell:Creating environment descriptor '/home/nuc1/Desktop/2024_UWR/install/adnav-driver/share/adnav-driver/hook/cmake_prefix_path.dsv'
[0.623s] INFO:colcon.colcon_core.shell:Creating environment hook '/home/nuc1/Desktop/2024_UWR/install/adnav-driver/share/adnav-driver/hook/cmake_prefix_path.sh'
[0.624s] Level 1:colcon.colcon_core.environment:checking '/home/nuc1/Desktop/2024_UWR/install/adnav-driver/lib'
[0.624s] Level 1:colcon.colcon_core.environment:checking '/home/nuc1/Desktop/2024_UWR/install/adnav-driver/bin'
[0.625s] Level 1:colcon.colcon_core.environment:checking '/home/nuc1/Desktop/2024_UWR/install/adnav-driver/lib/pkgconfig/adnav-driver.pc'
[0.625s] Level 1:colcon.colcon_core.environment:checking '/home/nuc1/Desktop/2024_UWR/install/adnav-driver/lib/python3.10/site-packages'
[0.626s] Level 1:colcon.colcon_core.environment:checking '/home/nuc1/Desktop/2024_UWR/install/adnav-driver/bin'
[0.626s] INFO:colcon.colcon_core.shell:Creating package script '/home/nuc1/Desktop/2024_UWR/install/adnav-driver/share/adnav-driver/package.ps1'
[0.627s] INFO:colcon.colcon_core.shell:Creating package descriptor '/home/nuc1/Desktop/2024_UWR/install/adnav-driver/share/adnav-driver/package.dsv'
[0.628s] INFO:colcon.colcon_core.shell:Creating package script '/home/nuc1/Desktop/2024_UWR/install/adnav-driver/share/adnav-driver/package.sh'
[0.628s] INFO:colcon.colcon_core.shell:Creating package script '/home/nuc1/Desktop/2024_UWR/install/adnav-driver/share/adnav-driver/package.bash'
[0.629s] INFO:colcon.colcon_core.shell:Creating package script '/home/nuc1/Desktop/2024_UWR/install/adnav-driver/share/adnav-driver/package.zsh'
[0.629s] Level 1:colcon.colcon_core.environment:create_file_with_runtime_dependencies(/home/nuc1/Desktop/2024_UWR/install/adnav-driver/share/colcon-core/packages/adnav-driver)
[0.668s] Level 1:colcon.colcon_core.environment:create_environment_scripts_only(ntrip)
[0.668s] Level 1:colcon.colcon_core.environment:checking '/home/nuc1/Desktop/2024_UWR/install/ntrip' for CMake module files
[0.669s] Level 1:colcon.colcon_core.environment:checking '/home/nuc1/Desktop/2024_UWR/install/ntrip' for CMake config files
[0.670s] Level 1:colcon.colcon_core.shell:create_environment_hook('ntrip', 'cmake_prefix_path')
[0.670s] INFO:colcon.colcon_core.shell:Creating environment hook '/home/nuc1/Desktop/2024_UWR/install/ntrip/share/ntrip/hook/cmake_prefix_path.ps1'
[0.671s] INFO:colcon.colcon_core.shell:Creating environment descriptor '/home/nuc1/Desktop/2024_UWR/install/ntrip/share/ntrip/hook/cmake_prefix_path.dsv'
[0.671s] INFO:colcon.colcon_core.shell:Creating environment hook '/home/nuc1/Desktop/2024_UWR/install/ntrip/share/ntrip/hook/cmake_prefix_path.sh'
[0.672s] Level 1:colcon.colcon_core.environment:checking '/home/nuc1/Desktop/2024_UWR/install/ntrip/lib'
[0.672s] Level 1:colcon.colcon_core.environment:checking '/home/nuc1/Desktop/2024_UWR/install/ntrip/bin'
[0.672s] Level 1:colcon.colcon_core.environment:checking '/home/nuc1/Desktop/2024_UWR/install/ntrip/lib/pkgconfig/ntrip.pc'
[0.673s] Level 1:colcon.colcon_core.environment:checking '/home/nuc1/Desktop/2024_UWR/install/ntrip/lib/python3.10/site-packages'
[0.673s] Level 1:colcon.colcon_core.environment:checking '/home/nuc1/Desktop/2024_UWR/install/ntrip/bin'
[0.674s] INFO:colcon.colcon_core.shell:Creating package script '/home/nuc1/Desktop/2024_UWR/install/ntrip/share/ntrip/package.ps1'
[0.675s] INFO:colcon.colcon_core.shell:Creating package descriptor '/home/nuc1/Desktop/2024_UWR/install/ntrip/share/ntrip/package.dsv'
[0.675s] INFO:colcon.colcon_core.shell:Creating package script '/home/nuc1/Desktop/2024_UWR/install/ntrip/share/ntrip/package.sh'
[0.676s] INFO:colcon.colcon_core.shell:Creating package script '/home/nuc1/Desktop/2024_UWR/install/ntrip/share/ntrip/package.bash'
[0.677s] INFO:colcon.colcon_core.shell:Creating package script '/home/nuc1/Desktop/2024_UWR/install/ntrip/share/ntrip/package.zsh'
[0.677s] Level 1:colcon.colcon_core.environment:create_file_with_runtime_dependencies(/home/nuc1/Desktop/2024_UWR/install/ntrip/share/colcon-core/packages/ntrip)
[0.679s] Level 1:colcon.colcon_core.environment:create_environment_scripts_only(adnav-driver)
[0.679s] Level 1:colcon.colcon_core.environment:checking '/home/nuc1/Desktop/2024_UWR/install/adnav-driver' for CMake module files
[0.680s] Level 1:colcon.colcon_core.environment:checking '/home/nuc1/Desktop/2024_UWR/install/adnav-driver' for CMake config files
[0.680s] Level 1:colcon.colcon_core.shell:create_environment_hook('adnav-driver', 'cmake_prefix_path')
[0.681s] INFO:colcon.colcon_core.shell:Creating environment hook '/home/nuc1/Desktop/2024_UWR/install/adnav-driver/share/adnav-driver/hook/cmake_prefix_path.ps1'
[0.681s] INFO:colcon.colcon_core.shell:Creating environment descriptor '/home/nuc1/Desktop/2024_UWR/install/adnav-driver/share/adnav-driver/hook/cmake_prefix_path.dsv'
[0.682s] INFO:colcon.colcon_core.shell:Creating environment hook '/home/nuc1/Desktop/2024_UWR/install/adnav-driver/share/adnav-driver/hook/cmake_prefix_path.sh'
[0.682s] Level 1:colcon.colcon_core.environment:checking '/home/nuc1/Desktop/2024_UWR/install/adnav-driver/lib'
[0.682s] Level 1:colcon.colcon_core.environment:checking '/home/nuc1/Desktop/2024_UWR/install/adnav-driver/bin'
[0.682s] Level 1:colcon.colcon_core.environment:checking '/home/nuc1/Desktop/2024_UWR/install/adnav-driver/lib/pkgconfig/adnav-driver.pc'
[0.683s] Level 1:colcon.colcon_core.environment:checking '/home/nuc1/Desktop/2024_UWR/install/adnav-driver/lib/python3.10/site-packages'
[0.683s] Level 1:colcon.colcon_core.environment:checking '/home/nuc1/Desktop/2024_UWR/install/adnav-driver/bin'
[0.684s] INFO:colcon.colcon_core.shell:Creating package script '/home/nuc1/Desktop/2024_UWR/install/adnav-driver/share/adnav-driver/package.ps1'
[0.684s] INFO:colcon.colcon_core.shell:Creating package descriptor '/home/nuc1/Desktop/2024_UWR/install/adnav-driver/share/adnav-driver/package.dsv'
[0.685s] INFO:colcon.colcon_core.shell:Creating package script '/home/nuc1/Desktop/2024_UWR/install/adnav-driver/share/adnav-driver/package.sh'
[0.686s] INFO:colcon.colcon_core.shell:Creating package script '/home/nuc1/Desktop/2024_UWR/install/adnav-driver/share/adnav-driver/package.bash'
[0.686s] INFO:colcon.colcon_core.shell:Creating package script '/home/nuc1/Desktop/2024_UWR/install/adnav-driver/share/adnav-driver/package.zsh'
[0.687s] Level 1:colcon.colcon_core.environment:create_file_with_runtime_dependencies(/home/nuc1/Desktop/2024_UWR/install/adnav-driver/share/colcon-core/packages/adnav-driver)
[0.854s] DEBUG:colcon.colcon_core.event_handler.log_command:Invoked command in '/home/nuc1/Desktop/2024_UWR/build/sonar_msgs' returned '0': CMAKE_PREFIX_PATH=${CMAKE_PREFIX_PATH}:/home/nuc1/Desktop/2024_UWR/install/sonar_subs:/opt/ros/humble /usr/bin/cmake --build /home/nuc1/Desktop/2024_UWR/build/sonar_msgs -- -j8 -l8
[0.874s] DEBUG:colcon.colcon_core.event_handler.log_command:Invoked command in '/home/nuc1/Desktop/2024_UWR/build/xsens_mti_ros2_driver' returned '0': CMAKE_PREFIX_PATH=${CMAKE_PREFIX_PATH}:/home/nuc1/Desktop/2024_UWR/install/sonar_subs:/opt/ros/humble /usr/bin/cmake --build /home/nuc1/Desktop/2024_UWR/build/xsens_mti_ros2_driver -- -j8 -l8
[0.955s] DEBUG:colcon.colcon_core.event_handler.log_command:Invoking command in '/home/nuc1/Desktop/2024_UWR/build/xsens_mti_ros2_driver': CMAKE_PREFIX_PATH=${CMAKE_PREFIX_PATH}:/home/nuc1/Desktop/2024_UWR/install/sonar_subs:/opt/ros/humble /usr/bin/cmake --install /home/nuc1/Desktop/2024_UWR/build/xsens_mti_ros2_driver
[0.959s] DEBUG:colcon.colcon_core.event_handler.log_command:Invoking command in '/home/nuc1/Desktop/2024_UWR/build/sonar_msgs': CMAKE_PREFIX_PATH=${CMAKE_PREFIX_PATH}:/home/nuc1/Desktop/2024_UWR/install/sonar_subs:/opt/ros/humble /usr/bin/cmake --install /home/nuc1/Desktop/2024_UWR/build/sonar_msgs
[1.017s] Level 1:colcon.colcon_core.environment:create_environment_scripts_only(sonar_msgs)
[1.017s] Level 1:colcon.colcon_core.environment:checking '/home/nuc1/Desktop/2024_UWR/install/sonar_msgs' for CMake module files
[1.019s] Level 1:colcon.colcon_core.environment:checking '/home/nuc1/Desktop/2024_UWR/install/sonar_msgs' for CMake config files
[1.023s] DEBUG:colcon.colcon_core.event_handler.log_command:Invoked command in '/home/nuc1/Desktop/2024_UWR/build/sonar_msgs' returned '0': CMAKE_PREFIX_PATH=${CMAKE_PREFIX_PATH}:/home/nuc1/Desktop/2024_UWR/install/sonar_subs:/opt/ros/humble /usr/bin/cmake --install /home/nuc1/Desktop/2024_UWR/build/sonar_msgs
[1.024s] Level 1:colcon.colcon_core.shell:create_environment_hook('sonar_msgs', 'cmake_prefix_path')
[1.024s] INFO:colcon.colcon_core.shell:Creating environment hook '/home/nuc1/Desktop/2024_UWR/install/sonar_msgs/share/sonar_msgs/hook/cmake_prefix_path.ps1'
[1.024s] INFO:colcon.colcon_core.shell:Creating environment descriptor '/home/nuc1/Desktop/2024_UWR/install/sonar_msgs/share/sonar_msgs/hook/cmake_prefix_path.dsv'
[1.025s] INFO:colcon.colcon_core.shell:Creating environment hook '/home/nuc1/Desktop/2024_UWR/install/sonar_msgs/share/sonar_msgs/hook/cmake_prefix_path.sh'
[1.025s] Level 1:colcon.colcon_core.environment:checking '/home/nuc1/Desktop/2024_UWR/install/sonar_msgs/lib'
[1.025s] Level 1:colcon.colcon_core.shell:create_environment_hook('sonar_msgs', 'ld_library_path_lib')
[1.025s] INFO:colcon.colcon_core.shell:Creating environment hook '/home/nuc1/Desktop/2024_UWR/install/sonar_msgs/share/sonar_msgs/hook/ld_library_path_lib.ps1'
[1.026s] INFO:colcon.colcon_core.shell:Creating environment descriptor '/home/nuc1/Desktop/2024_UWR/install/sonar_msgs/share/sonar_msgs/hook/ld_library_path_lib.dsv'
[1.026s] INFO:colcon.colcon_core.shell:Creating environment hook '/home/nuc1/Desktop/2024_UWR/install/sonar_msgs/share/sonar_msgs/hook/ld_library_path_lib.sh'
[1.026s] Level 1:colcon.colcon_core.environment:checking '/home/nuc1/Desktop/2024_UWR/install/sonar_msgs/bin'
[1.026s] Level 1:colcon.colcon_core.environment:checking '/home/nuc1/Desktop/2024_UWR/install/sonar_msgs/lib/pkgconfig/sonar_msgs.pc'
[1.026s] Level 1:colcon.colcon_core.environment:checking '/home/nuc1/Desktop/2024_UWR/install/sonar_msgs/lib/python3.10/site-packages'
[1.027s] Level 1:colcon.colcon_core.environment:checking '/home/nuc1/Desktop/2024_UWR/install/sonar_msgs/bin'
[1.027s] INFO:colcon.colcon_core.shell:Creating package script '/home/nuc1/Desktop/2024_UWR/install/sonar_msgs/share/sonar_msgs/package.ps1'
[1.027s] INFO:colcon.colcon_core.shell:Creating package descriptor '/home/nuc1/Desktop/2024_UWR/install/sonar_msgs/share/sonar_msgs/package.dsv'
[1.028s] INFO:colcon.colcon_core.shell:Creating package script '/home/nuc1/Desktop/2024_UWR/install/sonar_msgs/share/sonar_msgs/package.sh'
[1.028s] INFO:colcon.colcon_core.shell:Creating package script '/home/nuc1/Desktop/2024_UWR/install/sonar_msgs/share/sonar_msgs/package.bash'
[1.028s] INFO:colcon.colcon_core.shell:Creating package script '/home/nuc1/Desktop/2024_UWR/install/sonar_msgs/share/sonar_msgs/package.zsh'
[1.029s] Level 1:colcon.colcon_core.environment:create_file_with_runtime_dependencies(/home/nuc1/Desktop/2024_UWR/install/sonar_msgs/share/colcon-core/packages/sonar_msgs)
[1.030s] Level 1:colcon.colcon_core.environment:create_environment_scripts_only(xsens_mti_ros2_driver)
[1.030s] Level 1:colcon.colcon_core.environment:checking '/home/nuc1/Desktop/2024_UWR/install/xsens_mti_ros2_driver' for CMake module files
[1.031s] DEBUG:colcon.colcon_core.event_handler.log_command:Invoked command in '/home/nuc1/Desktop/2024_UWR/build/xsens_mti_ros2_driver' returned '0': CMAKE_PREFIX_PATH=${CMAKE_PREFIX_PATH}:/home/nuc1/Desktop/2024_UWR/install/sonar_subs:/opt/ros/humble /usr/bin/cmake --install /home/nuc1/Desktop/2024_UWR/build/xsens_mti_ros2_driver
[1.032s] Level 1:colcon.colcon_core.environment:checking '/home/nuc1/Desktop/2024_UWR/install/xsens_mti_ros2_driver' for CMake config files
[1.032s] Level 1:colcon.colcon_core.shell:create_environment_hook('xsens_mti_ros2_driver', 'cmake_prefix_path')
[1.032s] INFO:colcon.colcon_core.shell:Creating environment hook '/home/nuc1/Desktop/2024_UWR/install/xsens_mti_ros2_driver/share/xsens_mti_ros2_driver/hook/cmake_prefix_path.ps1'
[1.033s] INFO:colcon.colcon_core.shell:Creating environment descriptor '/home/nuc1/Desktop/2024_UWR/install/xsens_mti_ros2_driver/share/xsens_mti_ros2_driver/hook/cmake_prefix_path.dsv'
[1.033s] INFO:colcon.colcon_core.shell:Creating environment hook '/home/nuc1/Desktop/2024_UWR/install/xsens_mti_ros2_driver/share/xsens_mti_ros2_driver/hook/cmake_prefix_path.sh'
[1.034s] Level 1:colcon.colcon_core.environment:checking '/home/nuc1/Desktop/2024_UWR/install/xsens_mti_ros2_driver/lib'
[1.034s] Level 1:colcon.colcon_core.shell:create_environment_hook('xsens_mti_ros2_driver', 'ld_library_path_lib')
[1.034s] INFO:colcon.colcon_core.shell:Creating environment hook '/home/nuc1/Desktop/2024_UWR/install/xsens_mti_ros2_driver/share/xsens_mti_ros2_driver/hook/ld_library_path_lib.ps1'
[1.034s] INFO:colcon.colcon_core.shell:Creating environment descriptor '/home/nuc1/Desktop/2024_UWR/install/xsens_mti_ros2_driver/share/xsens_mti_ros2_driver/hook/ld_library_path_lib.dsv'
[1.034s] INFO:colcon.colcon_core.shell:Creating environment hook '/home/nuc1/Desktop/2024_UWR/install/xsens_mti_ros2_driver/share/xsens_mti_ros2_driver/hook/ld_library_path_lib.sh'
[1.035s] Level 1:colcon.colcon_core.environment:checking '/home/nuc1/Desktop/2024_UWR/install/xsens_mti_ros2_driver/bin'
[1.035s] Level 1:colcon.colcon_core.environment:checking '/home/nuc1/Desktop/2024_UWR/install/xsens_mti_ros2_driver/lib/pkgconfig/xsens_mti_ros2_driver.pc'
[1.035s] Level 1:colcon.colcon_core.environment:checking '/home/nuc1/Desktop/2024_UWR/install/xsens_mti_ros2_driver/lib/python3.10/site-packages'
[1.035s] Level 1:colcon.colcon_core.environment:checking '/home/nuc1/Desktop/2024_UWR/install/xsens_mti_ros2_driver/bin'
[1.036s] INFO:colcon.colcon_core.shell:Creating package script '/home/nuc1/Desktop/2024_UWR/install/xsens_mti_ros2_driver/share/xsens_mti_ros2_driver/package.ps1'
[1.036s] INFO:colcon.colcon_core.shell:Creating package descriptor '/home/nuc1/Desktop/2024_UWR/install/xsens_mti_ros2_driver/share/xsens_mti_ros2_driver/package.dsv'
[1.036s] INFO:colcon.colcon_core.shell:Creating package script '/home/nuc1/Desktop/2024_UWR/install/xsens_mti_ros2_driver/share/xsens_mti_ros2_driver/package.sh'
[1.037s] INFO:colcon.colcon_core.shell:Creating package script '/home/nuc1/Desktop/2024_UWR/install/xsens_mti_ros2_driver/share/xsens_mti_ros2_driver/package.bash'
[1.037s] INFO:colcon.colcon_core.shell:Creating package script '/home/nuc1/Desktop/2024_UWR/install/xsens_mti_ros2_driver/share/xsens_mti_ros2_driver/package.zsh'
[1.038s] Level 1:colcon.colcon_core.environment:create_file_with_runtime_dependencies(/home/nuc1/Desktop/2024_UWR/install/xsens_mti_ros2_driver/share/colcon-core/packages/xsens_mti_ros2_driver)
[1.117s] Level 1:colcon.colcon_core.environment:create_environment_scripts_only(xsens_mti_ros2_driver)
[1.117s] Level 1:colcon.colcon_core.environment:checking '/home/nuc1/Desktop/2024_UWR/install/xsens_mti_ros2_driver' for CMake module files
[1.118s] Level 1:colcon.colcon_core.environment:checking '/home/nuc1/Desktop/2024_UWR/install/xsens_mti_ros2_driver' for CMake config files
[1.119s] Level 1:colcon.colcon_core.shell:create_environment_hook('xsens_mti_ros2_driver', 'cmake_prefix_path')
[1.119s] INFO:colcon.colcon_core.shell:Creating environment hook '/home/nuc1/Desktop/2024_UWR/install/xsens_mti_ros2_driver/share/xsens_mti_ros2_driver/hook/cmake_prefix_path.ps1'
[1.119s] INFO:colcon.colcon_core.shell:Creating environment descriptor '/home/nuc1/Desktop/2024_UWR/install/xsens_mti_ros2_driver/share/xsens_mti_ros2_driver/hook/cmake_prefix_path.dsv'
[1.120s] INFO:colcon.colcon_core.shell:Creating environment hook '/home/nuc1/Desktop/2024_UWR/install/xsens_mti_ros2_driver/share/xsens_mti_ros2_driver/hook/cmake_prefix_path.sh'
[1.120s] Level 1:colcon.colcon_core.environment:checking '/home/nuc1/Desktop/2024_UWR/install/xsens_mti_ros2_driver/lib'
[1.120s] Level 1:colcon.colcon_core.shell:create_environment_hook('xsens_mti_ros2_driver', 'ld_library_path_lib')
[1.120s] INFO:colcon.colcon_core.shell:Creating environment hook '/home/nuc1/Desktop/2024_UWR/install/xsens_mti_ros2_driver/share/xsens_mti_ros2_driver/hook/ld_library_path_lib.ps1'
[1.121s] INFO:colcon.colcon_core.shell:Creating environment descriptor '/home/nuc1/Desktop/2024_UWR/install/xsens_mti_ros2_driver/share/xsens_mti_ros2_driver/hook/ld_library_path_lib.dsv'
[1.121s] INFO:colcon.colcon_core.shell:Creating environment hook '/home/nuc1/Desktop/2024_UWR/install/xsens_mti_ros2_driver/share/xsens_mti_ros2_driver/hook/ld_library_path_lib.sh'
[1.121s] Level 1:colcon.colcon_core.environment:checking '/home/nuc1/Desktop/2024_UWR/install/xsens_mti_ros2_driver/bin'
[1.121s] Level 1:colcon.colcon_core.environment:checking '/home/nuc1/Desktop/2024_UWR/install/xsens_mti_ros2_driver/lib/pkgconfig/xsens_mti_ros2_driver.pc'
[1.122s] Level 1:colcon.colcon_core.environment:checking '/home/nuc1/Desktop/2024_UWR/install/xsens_mti_ros2_driver/lib/python3.10/site-packages'
[1.122s] Level 1:colcon.colcon_core.environment:checking '/home/nuc1/Desktop/2024_UWR/install/xsens_mti_ros2_driver/bin'
[1.122s] INFO:colcon.colcon_core.shell:Creating package script '/home/nuc1/Desktop/2024_UWR/install/xsens_mti_ros2_driver/share/xsens_mti_ros2_driver/package.ps1'
[1.123s] INFO:colcon.colcon_core.shell:Creating package descriptor '/home/nuc1/Desktop/2024_UWR/install/xsens_mti_ros2_driver/share/xsens_mti_ros2_driver/package.dsv'
[1.123s] INFO:colcon.colcon_core.shell:Creating package script '/home/nuc1/Desktop/2024_UWR/install/xsens_mti_ros2_driver/share/xsens_mti_ros2_driver/package.sh'
[1.124s] INFO:colcon.colcon_core.shell:Creating package script '/home/nuc1/Desktop/2024_UWR/install/xsens_mti_ros2_driver/share/xsens_mti_ros2_driver/package.bash'
[1.124s] INFO:colcon.colcon_core.shell:Creating package script '/home/nuc1/Desktop/2024_UWR/install/xsens_mti_ros2_driver/share/xsens_mti_ros2_driver/package.zsh'
[1.124s] Level 1:colcon.colcon_core.environment:create_file_with_runtime_dependencies(/home/nuc1/Desktop/2024_UWR/install/xsens_mti_ros2_driver/share/colcon-core/packages/xsens_mti_ros2_driver)
[1.133s] Level 1:colcon.colcon_core.environment:create_environment_scripts_only(sonar_msgs)
[1.133s] Level 1:colcon.colcon_core.environment:checking '/home/nuc1/Desktop/2024_UWR/install/sonar_msgs' for CMake module files
[1.134s] Level 1:colcon.colcon_core.environment:checking '/home/nuc1/Desktop/2024_UWR/install/sonar_msgs' for CMake config files
[1.134s] Level 1:colcon.colcon_core.shell:create_environment_hook('sonar_msgs', 'cmake_prefix_path')
[1.135s] INFO:colcon.colcon_core.shell:Creating environment hook '/home/nuc1/Desktop/2024_UWR/install/sonar_msgs/share/sonar_msgs/hook/cmake_prefix_path.ps1'
[1.135s] INFO:colcon.colcon_core.shell:Creating environment descriptor '/home/nuc1/Desktop/2024_UWR/install/sonar_msgs/share/sonar_msgs/hook/cmake_prefix_path.dsv'
[1.135s] INFO:colcon.colcon_core.shell:Creating environment hook '/home/nuc1/Desktop/2024_UWR/install/sonar_msgs/share/sonar_msgs/hook/cmake_prefix_path.sh'
[1.136s] Level 1:colcon.colcon_core.environment:checking '/home/nuc1/Desktop/2024_UWR/install/sonar_msgs/lib'
[1.136s] Level 1:colcon.colcon_core.shell:create_environment_hook('sonar_msgs', 'ld_library_path_lib')
[1.136s] INFO:colcon.colcon_core.shell:Creating environment hook '/home/nuc1/Desktop/2024_UWR/install/sonar_msgs/share/sonar_msgs/hook/ld_library_path_lib.ps1'
[1.136s] INFO:colcon.colcon_core.shell:Creating environment descriptor '/home/nuc1/Desktop/2024_UWR/install/sonar_msgs/share/sonar_msgs/hook/ld_library_path_lib.dsv'
[1.137s] INFO:colcon.colcon_core.shell:Creating environment hook '/home/nuc1/Desktop/2024_UWR/install/sonar_msgs/share/sonar_msgs/hook/ld_library_path_lib.sh'
[1.137s] Level 1:colcon.colcon_core.environment:checking '/home/nuc1/Desktop/2024_UWR/install/sonar_msgs/bin'
[1.137s] Level 1:colcon.colcon_core.environment:checking '/home/nuc1/Desktop/2024_UWR/install/sonar_msgs/lib/pkgconfig/sonar_msgs.pc'
[1.138s] Level 1:colcon.colcon_core.environment:checking '/home/nuc1/Desktop/2024_UWR/install/sonar_msgs/lib/python3.10/site-packages'
[1.139s] Level 1:colcon.colcon_core.environment:checking '/home/nuc1/Desktop/2024_UWR/install/sonar_msgs/bin'
[1.139s] INFO:colcon.colcon_core.shell:Creating package script '/home/nuc1/Desktop/2024_UWR/install/sonar_msgs/share/sonar_msgs/package.ps1'
[1.140s] INFO:colcon.colcon_core.shell:Creating package descriptor '/home/nuc1/Desktop/2024_UWR/install/sonar_msgs/share/sonar_msgs/package.dsv'
[1.140s] INFO:colcon.colcon_core.shell:Creating package script '/home/nuc1/Desktop/2024_UWR/install/sonar_msgs/share/sonar_msgs/package.sh'
[1.140s] INFO:colcon.colcon_core.shell:Creating package script '/home/nuc1/Desktop/2024_UWR/install/sonar_msgs/share/sonar_msgs/package.bash'
[1.141s] INFO:colcon.colcon_core.shell:Creating package script '/home/nuc1/Desktop/2024_UWR/install/sonar_msgs/share/sonar_msgs/package.zsh'
[1.141s] Level 1:colcon.colcon_core.environment:create_file_with_runtime_dependencies(/home/nuc1/Desktop/2024_UWR/install/sonar_msgs/share/colcon-core/packages/sonar_msgs)
[1.142s] INFO:colcon.colcon_ros.task.ament_cmake.build:Building ROS package in '/home/nuc1/Desktop/2024_UWR/src/kalman_filter' with build type 'ament_cmake'
[1.142s] INFO:colcon.colcon_cmake.task.cmake.build:Building CMake package in '/home/nuc1/Desktop/2024_UWR/src/kalman_filter'
[1.142s] INFO:colcon.colcon_core.shell:Skip shell extension 'powershell' for command environment: Not usable outside of PowerShell
[1.142s] DEBUG:colcon.colcon_core.shell:Skip shell extension 'dsv' for command environment
[1.146s] INFO:colcon.colcon_ros.task.ament_python.build:Building ROS package in '/home/nuc1/Desktop/2024_UWR/src/sonar_subs' with build type 'ament_python'
[1.146s] Level 1:colcon.colcon_core.shell:create_environment_hook('sonar_subs', 'ament_prefix_path')
[1.146s] INFO:colcon.colcon_core.shell:Creating environment hook '/home/nuc1/Desktop/2024_UWR/install/sonar_subs/share/sonar_subs/hook/ament_prefix_path.ps1'
[1.146s] INFO:colcon.colcon_core.shell:Creating environment descriptor '/home/nuc1/Desktop/2024_UWR/install/sonar_subs/share/sonar_subs/hook/ament_prefix_path.dsv'
[1.147s] INFO:colcon.colcon_core.shell:Creating environment hook '/home/nuc1/Desktop/2024_UWR/install/sonar_subs/share/sonar_subs/hook/ament_prefix_path.sh'
[1.147s] INFO:colcon.colcon_core.shell:Skip shell extension 'powershell' for command environment: Not usable outside of PowerShell
[1.147s] DEBUG:colcon.colcon_core.shell:Skip shell extension 'dsv' for command environment
[1.155s] DEBUG:colcon.colcon_core.event_handler.log_command:Invoking command in '/home/nuc1/Desktop/2024_UWR/build/kalman_filter': CMAKE_PREFIX_PATH=/home/nuc1/Desktop/2024_UWR/install/sonar_msgs:/home/nuc1/Desktop/2024_UWR/install/xsens_mti_ros2_driver:/home/nuc1/Desktop/2024_UWR/install/kalman_filter:/home/nuc1/Desktop/2024_UWR/install/ntrip:/home/nuc1/Desktop/2024_UWR/install/adnav-driver:/home/nuc1/Desktop/2024_UWR/install/sonar_subs:/opt/ros/humble LD_LIBRARY_PATH=/home/nuc1/Desktop/2024_UWR/install/sonar_msgs/lib:/home/nuc1/Desktop/2024_UWR/install/xsens_mti_ros2_driver/lib:/opt/ros/humble/opt/rviz_ogre_vendor/lib:/opt/ros/humble/lib/x86_64-linux-gnu:/opt/ros/humble/lib /usr/bin/cmake --build /home/nuc1/Desktop/2024_UWR/build/kalman_filter -- -j8 -l8
[1.397s] INFO:colcon.colcon_core.task.python.build:Building Python package in '/home/nuc1/Desktop/2024_UWR/src/sonar_subs'
[1.397s] INFO:colcon.colcon_core.shell:Skip shell extension 'powershell' for command environment: Not usable outside of PowerShell
[1.397s] DEBUG:colcon.colcon_core.shell:Skip shell extension 'dsv' for command environment
[1.402s] DEBUG:colcon.colcon_core.event_handler.log_command:Invoked command in '/home/nuc1/Desktop/2024_UWR/build/kalman_filter' returned '0': CMAKE_PREFIX_PATH=/home/nuc1/Desktop/2024_UWR/install/sonar_msgs:/home/nuc1/Desktop/2024_UWR/install/xsens_mti_ros2_driver:/home/nuc1/Desktop/2024_UWR/install/kalman_filter:/home/nuc1/Desktop/2024_UWR/install/ntrip:/home/nuc1/Desktop/2024_UWR/install/adnav-driver:/home/nuc1/Desktop/2024_UWR/install/sonar_subs:/opt/ros/humble LD_LIBRARY_PATH=/home/nuc1/Desktop/2024_UWR/install/sonar_msgs/lib:/home/nuc1/Desktop/2024_UWR/install/xsens_mti_ros2_driver/lib:/opt/ros/humble/opt/rviz_ogre_vendor/lib:/opt/ros/humble/lib/x86_64-linux-gnu:/opt/ros/humble/lib /usr/bin/cmake --build /home/nuc1/Desktop/2024_UWR/build/kalman_filter -- -j8 -l8
[1.452s] DEBUG:colcon.colcon_core.event_handler.log_command:Invoking command in '/home/nuc1/Desktop/2024_UWR/build/kalman_filter': CMAKE_PREFIX_PATH=/home/nuc1/Desktop/2024_UWR/install/sonar_msgs:/home/nuc1/Desktop/2024_UWR/install/xsens_mti_ros2_driver:/home/nuc1/Desktop/2024_UWR/install/kalman_filter:/home/nuc1/Desktop/2024_UWR/install/ntrip:/home/nuc1/Desktop/2024_UWR/install/adnav-driver:/home/nuc1/Desktop/2024_UWR/install/sonar_subs:/opt/ros/humble LD_LIBRARY_PATH=/home/nuc1/Desktop/2024_UWR/install/sonar_msgs/lib:/home/nuc1/Desktop/2024_UWR/install/xsens_mti_ros2_driver/lib:/opt/ros/humble/opt/rviz_ogre_vendor/lib:/opt/ros/humble/lib/x86_64-linux-gnu:/opt/ros/humble/lib /usr/bin/cmake --install /home/nuc1/Desktop/2024_UWR/build/kalman_filter
[1.464s] Level 1:colcon.colcon_core.environment:create_environment_scripts_only(kalman_filter)
[1.465s] DEBUG:colcon.colcon_core.event_handler.log_command:Invoked command in '/home/nuc1/Desktop/2024_UWR/build/kalman_filter' returned '0': CMAKE_PREFIX_PATH=/home/nuc1/Desktop/2024_UWR/install/sonar_msgs:/home/nuc1/Desktop/2024_UWR/install/xsens_mti_ros2_driver:/home/nuc1/Desktop/2024_UWR/install/kalman_filter:/home/nuc1/Desktop/2024_UWR/install/ntrip:/home/nuc1/Desktop/2024_UWR/install/adnav-driver:/home/nuc1/Desktop/2024_UWR/install/sonar_subs:/opt/ros/humble LD_LIBRARY_PATH=/home/nuc1/Desktop/2024_UWR/install/sonar_msgs/lib:/home/nuc1/Desktop/2024_UWR/install/xsens_mti_ros2_driver/lib:/opt/ros/humble/opt/rviz_ogre_vendor/lib:/opt/ros/humble/lib/x86_64-linux-gnu:/opt/ros/humble/lib /usr/bin/cmake --install /home/nuc1/Desktop/2024_UWR/build/kalman_filter
[1.465s] Level 1:colcon.colcon_core.environment:checking '/home/nuc1/Desktop/2024_UWR/install/kalman_filter' for CMake module files
[1.466s] Level 1:colcon.colcon_core.environment:checking '/home/nuc1/Desktop/2024_UWR/install/kalman_filter' for CMake config files
[1.466s] Level 1:colcon.colcon_core.shell:create_environment_hook('kalman_filter', 'cmake_prefix_path')
[1.466s] INFO:colcon.colcon_core.shell:Creating environment hook '/home/nuc1/Desktop/2024_UWR/install/kalman_filter/share/kalman_filter/hook/cmake_prefix_path.ps1'
[1.467s] INFO:colcon.colcon_core.shell:Creating environment descriptor '/home/nuc1/Desktop/2024_UWR/install/kalman_filter/share/kalman_filter/hook/cmake_prefix_path.dsv'
[1.467s] INFO:colcon.colcon_core.shell:Creating environment hook '/home/nuc1/Desktop/2024_UWR/install/kalman_filter/share/kalman_filter/hook/cmake_prefix_path.sh'
[1.467s] Level 1:colcon.colcon_core.environment:checking '/home/nuc1/Desktop/2024_UWR/install/kalman_filter/lib'
[1.468s] Level 1:colcon.colcon_core.environment:checking '/home/nuc1/Desktop/2024_UWR/install/kalman_filter/bin'
[1.468s] Level 1:colcon.colcon_core.environment:checking '/home/nuc1/Desktop/2024_UWR/install/kalman_filter/lib/pkgconfig/kalman_filter.pc'
[1.468s] Level 1:colcon.colcon_core.environment:checking '/home/nuc1/Desktop/2024_UWR/install/kalman_filter/lib/python3.10/site-packages'
[1.468s] Level 1:colcon.colcon_core.environment:checking '/home/nuc1/Desktop/2024_UWR/install/kalman_filter/bin'
[1.469s] INFO:colcon.colcon_core.shell:Creating package script '/home/nuc1/Desktop/2024_UWR/install/kalman_filter/share/kalman_filter/package.ps1'
[1.469s] INFO:colcon.colcon_core.shell:Creating package descriptor '/home/nuc1/Desktop/2024_UWR/install/kalman_filter/share/kalman_filter/package.dsv'
[1.470s] INFO:colcon.colcon_core.shell:Creating package script '/home/nuc1/Desktop/2024_UWR/install/kalman_filter/share/kalman_filter/package.sh'
[1.470s] INFO:colcon.colcon_core.shell:Creating package script '/home/nuc1/Desktop/2024_UWR/install/kalman_filter/share/kalman_filter/package.bash'
[1.470s] INFO:colcon.colcon_core.shell:Creating package script '/home/nuc1/Desktop/2024_UWR/install/kalman_filter/share/kalman_filter/package.zsh'
[1.470s] Level 1:colcon.colcon_core.environment:create_file_with_runtime_dependencies(/home/nuc1/Desktop/2024_UWR/install/kalman_filter/share/colcon-core/packages/kalman_filter)
[1.519s] Level 1:colcon.colcon_core.environment:create_environment_scripts_only(kalman_filter)
[1.519s] Level 1:colcon.colcon_core.environment:checking '/home/nuc1/Desktop/2024_UWR/install/kalman_filter' for CMake module files
[1.520s] Level 1:colcon.colcon_core.environment:checking '/home/nuc1/Desktop/2024_UWR/install/kalman_filter' for CMake config files
[1.521s] Level 1:colcon.colcon_core.shell:create_environment_hook('kalman_filter', 'cmake_prefix_path')
[1.521s] INFO:colcon.colcon_core.shell:Creating environment hook '/home/nuc1/Desktop/2024_UWR/install/kalman_filter/share/kalman_filter/hook/cmake_prefix_path.ps1'
[1.522s] INFO:colcon.colcon_core.shell:Creating environment descriptor '/home/nuc1/Desktop/2024_UWR/install/kalman_filter/share/kalman_filter/hook/cmake_prefix_path.dsv'
[1.522s] INFO:colcon.colcon_core.shell:Creating environment hook '/home/nuc1/Desktop/2024_UWR/install/kalman_filter/share/kalman_filter/hook/cmake_prefix_path.sh'
[1.523s] Level 1:colcon.colcon_core.environment:checking '/home/nuc1/Desktop/2024_UWR/install/kalman_filter/lib'
[1.523s] Level 1:colcon.colcon_core.environment:checking '/home/nuc1/Desktop/2024_UWR/install/kalman_filter/bin'
[1.523s] Level 1:colcon.colcon_core.environment:checking '/home/nuc1/Desktop/2024_UWR/install/kalman_filter/lib/pkgconfig/kalman_filter.pc'
[1.523s] Level 1:colcon.colcon_core.environment:checking '/home/nuc1/Desktop/2024_UWR/install/kalman_filter/lib/python3.10/site-packages'
[1.524s] Level 1:colcon.colcon_core.environment:checking '/home/nuc1/Desktop/2024_UWR/install/kalman_filter/bin'
[1.524s] INFO:colcon.colcon_core.shell:Creating package script '/home/nuc1/Desktop/2024_UWR/install/kalman_filter/share/kalman_filter/package.ps1'
[1.525s] INFO:colcon.colcon_core.shell:Creating package descriptor '/home/nuc1/Desktop/2024_UWR/install/kalman_filter/share/kalman_filter/package.dsv'
[1.525s] INFO:colcon.colcon_core.shell:Creating package script '/home/nuc1/Desktop/2024_UWR/install/kalman_filter/share/kalman_filter/package.sh'
[1.526s] INFO:colcon.colcon_core.shell:Creating package script '/home/nuc1/Desktop/2024_UWR/install/kalman_filter/share/kalman_filter/package.bash'
[1.526s] INFO:colcon.colcon_core.shell:Creating package script '/home/nuc1/Desktop/2024_UWR/install/kalman_filter/share/kalman_filter/package.zsh'
[1.527s] Level 1:colcon.colcon_core.environment:create_file_with_runtime_dependencies(/home/nuc1/Desktop/2024_UWR/install/kalman_filter/share/colcon-core/packages/kalman_filter)
[1.739s] DEBUG:colcon.colcon_core.event_handler.log_command:Invoking command in '/home/nuc1/Desktop/2024_UWR/src/sonar_subs': CMAKE_PREFIX_PATH=/home/nuc1/Desktop/2024_UWR/install/sonar_msgs:/home/nuc1/Desktop/2024_UWR/install/xsens_mti_ros2_driver:/home/nuc1/Desktop/2024_UWR/install/kalman_filter:/home/nuc1/Desktop/2024_UWR/install/ntrip:/home/nuc1/Desktop/2024_UWR/install/adnav-driver LD_LIBRARY_PATH=/home/nuc1/Desktop/2024_UWR/install/sonar_msgs/lib:/home/nuc1/Desktop/2024_UWR/install/xsens_mti_ros2_driver/lib:/opt/ros/humble/opt/rviz_ogre_vendor/lib:/opt/ros/humble/lib/x86_64-linux-gnu:/opt/ros/humble/lib PYTHONPATH=/home/nuc1/Desktop/2024_UWR/build/sonar_subs/prefix_override:/usr/lib/python3/dist-packages/colcon_core/task/python/colcon_distutils_commands:/home/nuc1/Desktop/2024_UWR/install/sonar_subs/lib/python3.10/site-packages:${PYTHONPATH} /usr/bin/python3 -W ignore:setup.py install is deprecated setup.py egg_info --egg-base ../../build/sonar_subs build --build-base /home/nuc1/Desktop/2024_UWR/build/sonar_subs/build install --record /home/nuc1/Desktop/2024_UWR/build/sonar_subs/install.log --single-version-externally-managed install_data
[2.015s] Level 1:colcon.colcon_core.environment:checking '/home/nuc1/Desktop/2024_UWR/install/sonar_subs' for CMake module files
[2.016s] DEBUG:colcon.colcon_core.event_handler.log_command:Invoked command in '/home/nuc1/Desktop/2024_UWR/src/sonar_subs' returned '0': CMAKE_PREFIX_PATH=/home/nuc1/Desktop/2024_UWR/install/sonar_msgs:/home/nuc1/Desktop/2024_UWR/install/xsens_mti_ros2_driver:/home/nuc1/Desktop/2024_UWR/install/kalman_filter:/home/nuc1/Desktop/2024_UWR/install/ntrip:/home/nuc1/Desktop/2024_UWR/install/adnav-driver LD_LIBRARY_PATH=/home/nuc1/Desktop/2024_UWR/install/sonar_msgs/lib:/home/nuc1/Desktop/2024_UWR/install/xsens_mti_ros2_driver/lib:/opt/ros/humble/opt/rviz_ogre_vendor/lib:/opt/ros/humble/lib/x86_64-linux-gnu:/opt/ros/humble/lib PYTHONPATH=/home/nuc1/Desktop/2024_UWR/build/sonar_subs/prefix_override:/usr/lib/python3/dist-packages/colcon_core/task/python/colcon_distutils_commands:/home/nuc1/Desktop/2024_UWR/install/sonar_subs/lib/python3.10/site-packages:${PYTHONPATH} /usr/bin/python3 -W ignore:setup.py install is deprecated setup.py egg_info --egg-base ../../build/sonar_subs build --build-base /home/nuc1/Desktop/2024_UWR/build/sonar_subs/build install --record /home/nuc1/Desktop/2024_UWR/build/sonar_subs/install.log --single-version-externally-managed install_data
[2.016s] Level 1:colcon.colcon_core.environment:checking '/home/nuc1/Desktop/2024_UWR/install/sonar_subs' for CMake config files
[2.016s] Level 1:colcon.colcon_core.environment:checking '/home/nuc1/Desktop/2024_UWR/install/sonar_subs/lib'
[2.017s] Level 1:colcon.colcon_core.environment:checking '/home/nuc1/Desktop/2024_UWR/install/sonar_subs/bin'
[2.017s] Level 1:colcon.colcon_core.environment:checking '/home/nuc1/Desktop/2024_UWR/install/sonar_subs/lib/pkgconfig/sonar_subs.pc'
[2.017s] Level 1:colcon.colcon_core.environment:checking '/home/nuc1/Desktop/2024_UWR/install/sonar_subs/lib/python3.10/site-packages'
[2.017s] Level 1:colcon.colcon_core.shell:create_environment_hook('sonar_subs', 'pythonpath')
[2.017s] INFO:colcon.colcon_core.shell:Creating environment hook '/home/nuc1/Desktop/2024_UWR/install/sonar_subs/share/sonar_subs/hook/pythonpath.ps1'
[2.017s] INFO:colcon.colcon_core.shell:Creating environment descriptor '/home/nuc1/Desktop/2024_UWR/install/sonar_subs/share/sonar_subs/hook/pythonpath.dsv'
[2.018s] INFO:colcon.colcon_core.shell:Creating environment hook '/home/nuc1/Desktop/2024_UWR/install/sonar_subs/share/sonar_subs/hook/pythonpath.sh'
[2.018s] Level 1:colcon.colcon_core.environment:checking '/home/nuc1/Desktop/2024_UWR/install/sonar_subs/bin'
[2.018s] Level 1:colcon.colcon_core.environment:create_environment_scripts_only(sonar_subs)
[2.019s] INFO:colcon.colcon_core.shell:Creating package script '/home/nuc1/Desktop/2024_UWR/install/sonar_subs/share/sonar_subs/package.ps1'
[2.019s] INFO:colcon.colcon_core.shell:Creating package descriptor '/home/nuc1/Desktop/2024_UWR/install/sonar_subs/share/sonar_subs/package.dsv'
[2.019s] INFO:colcon.colcon_core.shell:Creating package script '/home/nuc1/Desktop/2024_UWR/install/sonar_subs/share/sonar_subs/package.sh'
[2.020s] INFO:colcon.colcon_core.shell:Creating package script '/home/nuc1/Desktop/2024_UWR/install/sonar_subs/share/sonar_subs/package.bash'
[2.020s] INFO:colcon.colcon_core.shell:Creating package script '/home/nuc1/Desktop/2024_UWR/install/sonar_subs/share/sonar_subs/package.zsh'
[2.020s] Level 1:colcon.colcon_core.environment:create_file_with_runtime_dependencies(/home/nuc1/Desktop/2024_UWR/install/sonar_subs/share/colcon-core/packages/sonar_subs)
[2.021s] DEBUG:colcon.colcon_parallel_executor.executor.parallel:closing loop
[2.021s] DEBUG:colcon.colcon_parallel_executor.executor.parallel:loop closed
[2.021s] DEBUG:colcon.colcon_parallel_executor.executor.parallel:run_until_complete finished with '0'
[2.021s] DEBUG:colcon.colcon_core.event_reactor:joining thread
[2.028s] INFO:colcon.colcon_core.plugin_system:Skipping extension 'colcon_notification.desktop_notification.terminal_notifier': Not used on non-Darwin systems
[2.029s] INFO:colcon.colcon_core.plugin_system:Skipping extension 'colcon_notification.desktop_notification.win32': Not used on non-Windows systems
[2.029s] INFO:colcon.colcon_notification.desktop_notification:Sending desktop notification using 'notify2'
[2.039s] DEBUG:colcon.colcon_core.event_reactor:joined thread
[2.039s] INFO:colcon.colcon_core.shell:Creating prefix script '/home/nuc1/Desktop/2024_UWR/install/local_setup.ps1'
[2.040s] INFO:colcon.colcon_core.shell:Creating prefix util module '/home/nuc1/Desktop/2024_UWR/install/_local_setup_util_ps1.py'
[2.042s] INFO:colcon.colcon_core.shell:Creating prefix chain script '/home/nuc1/Desktop/2024_UWR/install/setup.ps1'
[2.044s] INFO:colcon.colcon_core.shell:Creating prefix script '/home/nuc1/Desktop/2024_UWR/install/local_setup.sh'
[2.044s] INFO:colcon.colcon_core.shell:Creating prefix util module '/home/nuc1/Desktop/2024_UWR/install/_local_setup_util_sh.py'
[2.045s] INFO:colcon.colcon_core.shell:Creating prefix chain script '/home/nuc1/Desktop/2024_UWR/install/setup.sh'
[2.046s] INFO:colcon.colcon_core.shell:Creating prefix script '/home/nuc1/Desktop/2024_UWR/install/local_setup.bash'
[2.046s] INFO:colcon.colcon_core.shell:Creating prefix chain script '/home/nuc1/Desktop/2024_UWR/install/setup.bash'
[2.048s] INFO:colcon.colcon_core.shell:Creating prefix script '/home/nuc1/Desktop/2024_UWR/install/local_setup.zsh'
[2.048s] INFO:colcon.colcon_core.shell:Creating prefix chain script '/home/nuc1/Desktop/2024_UWR/install/setup.zsh'
