[0.012s] Invoking command in '/home/saab/Desktop/2024_UWR/build/adnav-driver': CMAKE_PREFIX_PATH=${CMAKE_PREFIX_PATH}:/home/saab/Desktop/2024_UWR/install/sonar_subs:/opt/ros/humble /usr/bin/cmake --build /home/saab/Desktop/2024_UWR/build/adnav-driver -- -j24 -l24
[0.061s] [100%] Built target adnav_driver
[0.068s] Invoked command in '/home/saab/Desktop/2024_UWR/build/adnav-driver' returned '0': CMAKE_PREFIX_PATH=${CMAKE_PREFIX_PATH}:/home/saab/Desktop/2024_UWR/install/sonar_subs:/opt/ros/humble /usr/bin/cmake --build /home/saab/Desktop/2024_UWR/build/adnav-driver -- -j24 -l24
[0.088s] Invoking command in '/home/saab/Desktop/2024_UWR/build/adnav-driver': CMAKE_PREFIX_PATH=${CMAKE_PREFIX_PATH}:/home/saab/Desktop/2024_UWR/install/sonar_subs:/opt/ros/humble /usr/bin/cmake --install /home/saab/Desktop/2024_UWR/build/adnav-driver
[0.092s] -- Install configuration: ""
[0.092s] -- Execute custom install script
[0.092s] -- Up-to-date symlink: /home/saab/Desktop/2024_UWR/install/adnav-driver/lib/adnav-driver/adnav_driver
[0.092s] -- Up-to-date symlink: /home/saab/Desktop/2024_UWR/install/adnav-driver/share/ament_index/resource_index/package_run_dependencies/adnav-driver
[0.092s] -- Up-to-date symlink: /home/saab/Desktop/2024_UWR/install/adnav-driver/share/ament_index/resource_index/parent_prefix_path/adnav-driver
[0.092s] -- Up-to-date symlink: /home/saab/Desktop/2024_UWR/install/adnav-driver/share/adnav-driver/environment/ament_prefix_path.sh
[0.093s] -- Up-to-date symlink: /home/saab/Desktop/2024_UWR/install/adnav-driver/share/adnav-driver/environment/ament_prefix_path.dsv
[0.093s] -- Up-to-date symlink: /home/saab/Desktop/2024_UWR/install/adnav-driver/share/adnav-driver/environment/path.sh
[0.093s] -- Up-to-date symlink: /home/saab/Desktop/2024_UWR/install/adnav-driver/share/adnav-driver/environment/path.dsv
[0.093s] -- Up-to-date symlink: /home/saab/Desktop/2024_UWR/install/adnav-driver/share/adnav-driver/local_setup.bash
[0.093s] -- Up-to-date symlink: /home/saab/Desktop/2024_UWR/install/adnav-driver/share/adnav-driver/local_setup.sh
[0.093s] -- Up-to-date symlink: /home/saab/Desktop/2024_UWR/install/adnav-driver/share/adnav-driver/local_setup.zsh
[0.093s] -- Up-to-date symlink: /home/saab/Desktop/2024_UWR/install/adnav-driver/share/adnav-driver/local_setup.dsv
[0.093s] -- Symlinking: /home/saab/Desktop/2024_UWR/install/adnav-driver/share/adnav-driver/package.dsv
[0.099s] -- Up-to-date symlink: /home/saab/Desktop/2024_UWR/install/adnav-driver/share/ament_index/resource_index/packages/adnav-driver
[0.099s] -- Up-to-date symlink: /home/saab/Desktop/2024_UWR/install/adnav-driver/share/adnav-driver/cmake/adnav-driverConfig.cmake
[0.099s] -- Up-to-date symlink: /home/saab/Desktop/2024_UWR/install/adnav-driver/share/adnav-driver/cmake/adnav-driverConfig-version.cmake
[0.099s] -- Up-to-date symlink: /home/saab/Desktop/2024_UWR/install/adnav-driver/share/adnav-driver/package.xml
[0.108s] Invoked command in '/home/saab/Desktop/2024_UWR/build/adnav-driver' returned '0': CMAKE_PREFIX_PATH=${CMAKE_PREFIX_PATH}:/home/saab/Desktop/2024_UWR/install/sonar_subs:/opt/ros/humble /usr/bin/cmake --install /home/saab/Desktop/2024_UWR/build/adnav-driver
