[0.018s] Invoking command in '/home/nuc1/Desktop/2024_UWR/build/adnav-driver': CMAKE_PREFIX_PATH=${CMAKE_PREFIX_PATH}:/home/nuc1/Desktop/2024_UWR/install/sonar_subs:/opt/ros/humble /usr/bin/cmake --build /home/nuc1/Desktop/2024_UWR/build/adnav-driver -- -j8 -l8
[0.099s] [100%] Built target adnav_driver
[0.149s] Invoked command in '/home/nuc1/Desktop/2024_UWR/build/adnav-driver' returned '0': CMAKE_PREFIX_PATH=${CMAKE_PREFIX_PATH}:/home/nuc1/Desktop/2024_UWR/install/sonar_subs:/opt/ros/humble /usr/bin/cmake --build /home/nuc1/Desktop/2024_UWR/build/adnav-driver -- -j8 -l8
[0.197s] Invoking command in '/home/nuc1/Desktop/2024_UWR/build/adnav-driver': CMAKE_PREFIX_PATH=${CMAKE_PREFIX_PATH}:/home/nuc1/Desktop/2024_UWR/install/sonar_subs:/opt/ros/humble /usr/bin/cmake --install /home/nuc1/Desktop/2024_UWR/build/adnav-driver
[0.203s] -- Install configuration: ""
[0.204s] -- Up-to-date: /home/nuc1/Desktop/2024_UWR/install/adnav-driver/lib/adnav-driver/adnav_driver
[0.205s] -- Up-to-date: /home/nuc1/Desktop/2024_UWR/install/adnav-driver/share/ament_index/resource_index/package_run_dependencies/adnav-driver
[0.205s] -- Up-to-date: /home/nuc1/Desktop/2024_UWR/install/adnav-driver/share/ament_index/resource_index/parent_prefix_path/adnav-driver
[0.205s] -- Up-to-date: /home/nuc1/Desktop/2024_UWR/install/adnav-driver/share/adnav-driver/environment/ament_prefix_path.sh
[0.205s] -- Up-to-date: /home/nuc1/Desktop/2024_UWR/install/adnav-driver/share/adnav-driver/environment/ament_prefix_path.dsv
[0.205s] -- Up-to-date: /home/nuc1/Desktop/2024_UWR/install/adnav-driver/share/adnav-driver/environment/path.sh
[0.205s] -- Up-to-date: /home/nuc1/Desktop/2024_UWR/install/adnav-driver/share/adnav-driver/environment/path.dsv
[0.206s] -- Up-to-date: /home/nuc1/Desktop/2024_UWR/install/adnav-driver/share/adnav-driver/local_setup.bash
[0.206s] -- Up-to-date: /home/nuc1/Desktop/2024_UWR/install/adnav-driver/share/adnav-driver/local_setup.sh
[0.206s] -- Up-to-date: /home/nuc1/Desktop/2024_UWR/install/adnav-driver/share/adnav-driver/local_setup.zsh
[0.206s] -- Up-to-date: /home/nuc1/Desktop/2024_UWR/install/adnav-driver/share/adnav-driver/local_setup.dsv
[0.206s] -- Installing: /home/nuc1/Desktop/2024_UWR/install/adnav-driver/share/adnav-driver/package.dsv
[0.206s] -- Up-to-date: /home/nuc1/Desktop/2024_UWR/install/adnav-driver/share/ament_index/resource_index/packages/adnav-driver
[0.206s] -- Up-to-date: /home/nuc1/Desktop/2024_UWR/install/adnav-driver/share/adnav-driver/cmake/adnav-driverConfig.cmake
[0.207s] -- Up-to-date: /home/nuc1/Desktop/2024_UWR/install/adnav-driver/share/adnav-driver/cmake/adnav-driverConfig-version.cmake
[0.210s] -- Up-to-date: /home/nuc1/Desktop/2024_UWR/install/adnav-driver/share/adnav-driver/package.xml
[0.210s] Invoked command in '/home/nuc1/Desktop/2024_UWR/build/adnav-driver' returned '0': CMAKE_PREFIX_PATH=${CMAKE_PREFIX_PATH}:/home/nuc1/Desktop/2024_UWR/install/sonar_subs:/opt/ros/humble /usr/bin/cmake --install /home/nuc1/Desktop/2024_UWR/build/adnav-driver
