[0.720s] Invoking command in '/home/saab/Desktop/2024_UWR/build/sonar_subs': CMAKE_PREFIX_PATH=/home/saab/Desktop/2024_UWR/install/sonar_msgs:/home/saab/Desktop/2024_UWR/install/xsens_mti_ros2_driver:/home/saab/Desktop/2024_UWR/install/kalman_filter:/home/saab/Desktop/2024_UWR/install/ntrip:/home/saab/Desktop/2024_UWR/install/adnav-driver CONDA_PROMPT_MODIFIER=(base) LD_LIBRARY_PATH=/home/saab/Desktop/2024_UWR/install/sonar_msgs/lib:/home/saab/Desktop/2024_UWR/install/xsens_mti_ros2_driver/lib:/opt/ros/humble/opt/rviz_ogre_vendor/lib:/opt/ros/humble/lib/x86_64-linux-gnu:/opt/ros/humble/lib PYTHONPATH=/home/saab/Desktop/2024_UWR/build/sonar_subs/prefix_override:/usr/lib/python3/dist-packages/colcon_core/task/python/colcon_distutils_commands:/home/saab/Desktop/2024_UWR/install/sonar_subs/lib/python3.10/site-packages:/home/saab/Desktop/2024_UWR/install/sonar_msgs/lib/python3.9/site-packages:${PYTHONPATH} /usr/bin/python3 -W ignore:setup.py install is deprecated setup.py develop --editable --build-directory /home/saab/Desktop/2024_UWR/build/sonar_subs/build --no-deps symlink_data
[0.980s] running develop
[0.980s] /usr/lib/python3/dist-packages/setuptools/command/easy_install.py:158: EasyInstallDeprecationWarning: easy_install command is deprecated. Use build and pip and other standards-based tools.
[0.980s]   warnings.warn(
[1.032s] /usr/lib/python3/dist-packages/pkg_resources/__init__.py:116: PkgResourcesDeprecationWarning: 1.12.1-git20200711.33e2d80-dfsg1-0.6 is an invalid version and will not be supported in a future release
[1.032s]   warnings.warn(
[1.194s] running egg_info
[1.194s] writing sonar_subs.egg-info/PKG-INFO
[1.194s] writing dependency_links to sonar_subs.egg-info/dependency_links.txt
[1.195s] writing entry points to sonar_subs.egg-info/entry_points.txt
[1.195s] writing requirements to sonar_subs.egg-info/requires.txt
[1.195s] writing top-level names to sonar_subs.egg-info/top_level.txt
[1.201s] reading manifest file 'sonar_subs.egg-info/SOURCES.txt'
[1.202s] writing manifest file 'sonar_subs.egg-info/SOURCES.txt'
[1.277s] running build_ext
[1.277s] Creating /home/saab/Desktop/2024_UWR/install/sonar_subs/lib/python3.10/site-packages/sonar-subs.egg-link (link to .)
[1.278s] Installing imu script to /home/saab/Desktop/2024_UWR/install/sonar_subs/lib/sonar_subs
[1.278s] Installing imu_i2c script to /home/saab/Desktop/2024_UWR/install/sonar_subs/lib/sonar_subs
[1.278s] Installing kf_sync script to /home/saab/Desktop/2024_UWR/install/sonar_subs/lib/sonar_subs
[1.278s] Installing sonar_reader script to /home/saab/Desktop/2024_UWR/install/sonar_subs/lib/sonar_subs
[1.278s] Installing sync_readings script to /home/saab/Desktop/2024_UWR/install/sonar_subs/lib/sonar_subs
[1.278s] 
[1.278s] Installed /home/saab/Desktop/2024_UWR/build/sonar_subs
[1.278s] running symlink_data
[1.279s] creating /home/saab/Desktop/2024_UWR/install/sonar_subs/share/ament_index
[1.279s] creating /home/saab/Desktop/2024_UWR/install/sonar_subs/share/ament_index/resource_index
[1.279s] creating /home/saab/Desktop/2024_UWR/install/sonar_subs/share/ament_index/resource_index/packages
[1.279s] symbolically linking /home/saab/Desktop/2024_UWR/build/sonar_subs/resource/sonar_subs -> /home/saab/Desktop/2024_UWR/install/sonar_subs/share/ament_index/resource_index/packages
[1.279s] symbolically linking /home/saab/Desktop/2024_UWR/build/sonar_subs/package.xml -> /home/saab/Desktop/2024_UWR/install/sonar_subs/share/sonar_subs
[1.279s] creating /home/saab/Desktop/2024_UWR/install/sonar_subs/share/sonar_subs/launch
[1.279s] symbolically linking /home/saab/Desktop/2024_UWR/build/sonar_subs/launch/launch.py -> /home/saab/Desktop/2024_UWR/install/sonar_subs/share/sonar_subs/launch
[1.305s] Invoked command in '/home/saab/Desktop/2024_UWR/build/sonar_subs' returned '0': CMAKE_PREFIX_PATH=/home/saab/Desktop/2024_UWR/install/sonar_msgs:/home/saab/Desktop/2024_UWR/install/xsens_mti_ros2_driver:/home/saab/Desktop/2024_UWR/install/kalman_filter:/home/saab/Desktop/2024_UWR/install/ntrip:/home/saab/Desktop/2024_UWR/install/adnav-driver CONDA_PROMPT_MODIFIER=(base) LD_LIBRARY_PATH=/home/saab/Desktop/2024_UWR/install/sonar_msgs/lib:/home/saab/Desktop/2024_UWR/install/xsens_mti_ros2_driver/lib:/opt/ros/humble/opt/rviz_ogre_vendor/lib:/opt/ros/humble/lib/x86_64-linux-gnu:/opt/ros/humble/lib PYTHONPATH=/home/saab/Desktop/2024_UWR/build/sonar_subs/prefix_override:/usr/lib/python3/dist-packages/colcon_core/task/python/colcon_distutils_commands:/home/saab/Desktop/2024_UWR/install/sonar_subs/lib/python3.10/site-packages:/home/saab/Desktop/2024_UWR/install/sonar_msgs/lib/python3.9/site-packages:${PYTHONPATH} /usr/bin/python3 -W ignore:setup.py install is deprecated setup.py develop --editable --build-directory /home/saab/Desktop/2024_UWR/build/sonar_subs/build --no-deps symlink_data
