[0.578s] Invoking command in '/home/nuc1/Desktop/2024_UWR/src/sonar_subs': CMAKE_PREFIX_PATH=/home/nuc1/Desktop/2024_UWR/install/sonar_msgs:/home/nuc1/Desktop/2024_UWR/install/xsens_mti_ros2_driver:/home/nuc1/Desktop/2024_UWR/install/kalman_filter:/home/nuc1/Desktop/2024_UWR/install/ntrip:/home/nuc1/Desktop/2024_UWR/install/adnav-driver LD_LIBRARY_PATH=/home/nuc1/Desktop/2024_UWR/install/sonar_msgs/lib:/home/nuc1/Desktop/2024_UWR/install/xsens_mti_ros2_driver/lib:/opt/ros/humble/opt/rviz_ogre_vendor/lib:/opt/ros/humble/lib/x86_64-linux-gnu:/opt/ros/humble/lib PYTHONPATH=/home/nuc1/Desktop/2024_UWR/build/sonar_subs/prefix_override:/usr/lib/python3/dist-packages/colcon_core/task/python/colcon_distutils_commands:/home/nuc1/Desktop/2024_UWR/install/sonar_subs/lib/python3.10/site-packages:${PYTHONPATH} /usr/bin/python3 -W ignore:setup.py install is deprecated setup.py egg_info --egg-base ../../build/sonar_subs build --build-base /home/nuc1/Desktop/2024_UWR/build/sonar_subs/build install --record /home/nuc1/Desktop/2024_UWR/build/sonar_subs/install.log --single-version-externally-managed install_data
[0.794s] running egg_info
[0.794s] writing ../../build/sonar_subs/sonar_subs.egg-info/PKG-INFO
[0.795s] writing dependency_links to ../../build/sonar_subs/sonar_subs.egg-info/dependency_links.txt
[0.795s] writing entry points to ../../build/sonar_subs/sonar_subs.egg-info/entry_points.txt
[0.795s] writing requirements to ../../build/sonar_subs/sonar_subs.egg-info/requires.txt
[0.795s] writing top-level names to ../../build/sonar_subs/sonar_subs.egg-info/top_level.txt
[0.797s] reading manifest file '../../build/sonar_subs/sonar_subs.egg-info/SOURCES.txt'
[0.797s] adding license file 'LICENSE'
[0.798s] writing manifest file '../../build/sonar_subs/sonar_subs.egg-info/SOURCES.txt'
[0.798s] running build
[0.798s] running build_py
[0.798s] copying sonar_subs/read_sonar.py -> /home/nuc1/Desktop/2024_UWR/build/sonar_subs/build/lib/sonar_subs
[0.799s] running install
[0.799s] running install_lib
[0.800s] copying /home/nuc1/Desktop/2024_UWR/build/sonar_subs/build/lib/sonar_subs/read_sonar.py -> /home/nuc1/Desktop/2024_UWR/install/sonar_subs/lib/python3.10/site-packages/sonar_subs
[0.801s] byte-compiling /home/nuc1/Desktop/2024_UWR/install/sonar_subs/lib/python3.10/site-packages/sonar_subs/read_sonar.py to read_sonar.cpython-310.pyc
[0.801s] running install_data
[0.801s] running install_egg_info
[0.803s] removing '/home/nuc1/Desktop/2024_UWR/install/sonar_subs/lib/python3.10/site-packages/sonar_subs-0.1.0-py3.10.egg-info' (and everything under it)
[0.804s] Copying ../../build/sonar_subs/sonar_subs.egg-info to /home/nuc1/Desktop/2024_UWR/install/sonar_subs/lib/python3.10/site-packages/sonar_subs-0.1.0-py3.10.egg-info
[0.804s] running install_scripts
[0.825s] Installing imu script to /home/nuc1/Desktop/2024_UWR/install/sonar_subs/lib/sonar_subs
[0.825s] Installing imu_i2c script to /home/nuc1/Desktop/2024_UWR/install/sonar_subs/lib/sonar_subs
[0.826s] Installing kf_sync script to /home/nuc1/Desktop/2024_UWR/install/sonar_subs/lib/sonar_subs
[0.826s] Installing sonar_reader script to /home/nuc1/Desktop/2024_UWR/install/sonar_subs/lib/sonar_subs
[0.826s] Installing sync_readings script to /home/nuc1/Desktop/2024_UWR/install/sonar_subs/lib/sonar_subs
[0.826s] writing list of installed files to '/home/nuc1/Desktop/2024_UWR/build/sonar_subs/install.log'
[0.848s] Invoked command in '/home/nuc1/Desktop/2024_UWR/src/sonar_subs' returned '0': CMAKE_PREFIX_PATH=/home/nuc1/Desktop/2024_UWR/install/sonar_msgs:/home/nuc1/Desktop/2024_UWR/install/xsens_mti_ros2_driver:/home/nuc1/Desktop/2024_UWR/install/kalman_filter:/home/nuc1/Desktop/2024_UWR/install/ntrip:/home/nuc1/Desktop/2024_UWR/install/adnav-driver LD_LIBRARY_PATH=/home/nuc1/Desktop/2024_UWR/install/sonar_msgs/lib:/home/nuc1/Desktop/2024_UWR/install/xsens_mti_ros2_driver/lib:/opt/ros/humble/opt/rviz_ogre_vendor/lib:/opt/ros/humble/lib/x86_64-linux-gnu:/opt/ros/humble/lib PYTHONPATH=/home/nuc1/Desktop/2024_UWR/build/sonar_subs/prefix_override:/usr/lib/python3/dist-packages/colcon_core/task/python/colcon_distutils_commands:/home/nuc1/Desktop/2024_UWR/install/sonar_subs/lib/python3.10/site-packages:${PYTHONPATH} /usr/bin/python3 -W ignore:setup.py install is deprecated setup.py egg_info --egg-base ../../build/sonar_subs build --build-base /home/nuc1/Desktop/2024_UWR/build/sonar_subs/build install --record /home/nuc1/Desktop/2024_UWR/build/sonar_subs/install.log --single-version-externally-managed install_data
