[0.701s] Invoking command in '/home/uwr/Desktop/2024_UWR/src/sonar_subs': AMENT_PREFIX_PATH=/home/uwr/Desktop/2024_UWR/install/sonar_msgs:${AMENT_PREFIX_PATH} CMAKE_PREFIX_PATH=/home/uwr/Desktop/2024_UWR/install/sonar_msgs LD_LIBRARY_PATH=/home/uwr/Desktop/2024_UWR/install/sonar_msgs/lib:${LD_LIBRARY_PATH} PYTHONPATH=/home/uwr/Desktop/2024_UWR/build/sonar_subs/prefix_override:/usr/lib/python3/dist-packages/colcon_core/task/python/colcon_distutils_commands:/home/uwr/Desktop/2024_UWR/install/sonar_subs/lib/python3.10/site-packages:/home/uwr/Desktop/2024_UWR/install/sonar_msgs/local/lib/python3.10/dist-packages:${PYTHONPATH} /usr/bin/python3 -W ignore:setup.py install is deprecated setup.py egg_info --egg-base ../../build/sonar_subs build --build-base /home/uwr/Desktop/2024_UWR/build/sonar_subs/build install --record /home/uwr/Desktop/2024_UWR/build/sonar_subs/install.log --single-version-externally-managed install_data
[1.032s] running egg_info
[1.033s] writing ../../build/sonar_subs/sonar_subs.egg-info/PKG-INFO
[1.033s] writing dependency_links to ../../build/sonar_subs/sonar_subs.egg-info/dependency_links.txt
[1.033s] writing entry points to ../../build/sonar_subs/sonar_subs.egg-info/entry_points.txt
[1.033s] writing requirements to ../../build/sonar_subs/sonar_subs.egg-info/requires.txt
[1.033s] writing top-level names to ../../build/sonar_subs/sonar_subs.egg-info/top_level.txt
[1.036s] reading manifest file '../../build/sonar_subs/sonar_subs.egg-info/SOURCES.txt'
[1.036s] adding license file 'LICENSE'
[1.037s] writing manifest file '../../build/sonar_subs/sonar_subs.egg-info/SOURCES.txt'
[1.037s] running build
[1.037s] running build_py
[1.037s] running install
[1.038s] running install_lib
[1.039s] running install_data
[1.040s] running install_egg_info
[1.043s] removing '/home/uwr/Desktop/2024_UWR/install/sonar_subs/lib/python3.10/site-packages/sonar_subs-0.1.0-py3.10.egg-info' (and everything under it)
[1.043s] Copying ../../build/sonar_subs/sonar_subs.egg-info to /home/uwr/Desktop/2024_UWR/install/sonar_subs/lib/python3.10/site-packages/sonar_subs-0.1.0-py3.10.egg-info
[1.044s] running install_scripts
[1.077s] Installing sonar_reader script to /home/uwr/Desktop/2024_UWR/install/sonar_subs/lib/sonar_subs
[1.077s] Installing sync_readings script to /home/uwr/Desktop/2024_UWR/install/sonar_subs/lib/sonar_subs
[1.078s] writing list of installed files to '/home/uwr/Desktop/2024_UWR/build/sonar_subs/install.log'
[1.126s] Invoked command in '/home/uwr/Desktop/2024_UWR/src/sonar_subs' returned '0': AMENT_PREFIX_PATH=/home/uwr/Desktop/2024_UWR/install/sonar_msgs:${AMENT_PREFIX_PATH} CMAKE_PREFIX_PATH=/home/uwr/Desktop/2024_UWR/install/sonar_msgs LD_LIBRARY_PATH=/home/uwr/Desktop/2024_UWR/install/sonar_msgs/lib:${LD_LIBRARY_PATH} PYTHONPATH=/home/uwr/Desktop/2024_UWR/build/sonar_subs/prefix_override:/usr/lib/python3/dist-packages/colcon_core/task/python/colcon_distutils_commands:/home/uwr/Desktop/2024_UWR/install/sonar_subs/lib/python3.10/site-packages:/home/uwr/Desktop/2024_UWR/install/sonar_msgs/local/lib/python3.10/dist-packages:${PYTHONPATH} /usr/bin/python3 -W ignore:setup.py install is deprecated setup.py egg_info --egg-base ../../build/sonar_subs build --build-base /home/uwr/Desktop/2024_UWR/build/sonar_subs/build install --record /home/uwr/Desktop/2024_UWR/build/sonar_subs/install.log --single-version-externally-managed install_data
