[0.033s] Invoking command in '/home/uwr/Desktop/2024_UWR/build/xsens_mti_ros2_driver': CMAKE_PREFIX_PATH=${CMAKE_PREFIX_PATH}:/home/uwr/Desktop/2024_UWR/install/sonar_subs:/opt/ros/humble /usr/bin/cmake --build /home/uwr/Desktop/2024_UWR/build/xsens_mti_ros2_driver -- -j8 -l8
[0.116s] [35m[1mConsolidate compiler generated dependencies of target xsens_mti_ros2_driver__rosidl_generator_c[0m
[0.126s] [  2%] Built target xsens_mti_ros2_driver__cpp
[0.137s] [ 10%] Built target xsens_mti_ros2_driver__rosidl_generator_c
[0.153s] [ 10%] Built target ament_cmake_python_copy_xsens_mti_ros2_driver
[0.166s] [35m[1mConsolidate compiler generated dependencies of target xsens_mti_ros2_driver__rosidl_typesupport_fastrtps_cpp[0m
[0.166s] [35m[1mConsolidate compiler generated dependencies of target xsens_mti_ros2_driver__rosidl_typesupport_cpp[0m
[0.171s] [35m[1mConsolidate compiler generated dependencies of target xsens_mti_ros2_driver__rosidl_typesupport_introspection_c[0m
[0.180s] [35m[1mConsolidate compiler generated dependencies of target xsens_mti_ros2_driver__rosidl_typesupport_c[0m
[0.189s] [35m[1mConsolidate compiler generated dependencies of target xsens_mti_ros2_driver__rosidl_typesupport_introspection_cpp[0m
[0.197s] [ 18%] Built target xsens_mti_ros2_driver__rosidl_typesupport_cpp
[0.227s] [ 26%] Built target xsens_mti_ros2_driver__rosidl_typesupport_fastrtps_cpp
[0.227s] [ 42%] Built target xsens_mti_ros2_driver__rosidl_typesupport_introspection_c
[0.227s] [ 42%] Built target xsens_mti_ros2_driver__rosidl_typesupport_c
[0.234s] [35m[1mConsolidate compiler generated dependencies of target xsens_mti_ros2_driver__rosidl_typesupport_fastrtps_c[0m
[0.235s] [ 50%] Built target xsens_mti_ros2_driver__rosidl_typesupport_introspection_cpp
[0.262s] [ 57%] Built target xsens_mti_ros2_driver__rosidl_typesupport_fastrtps_c
[0.299s] [ 57%] Built target xsens_mti_ros2_driver
[0.345s] [35m[1mConsolidate compiler generated dependencies of target xsens_mti_node[0m
[0.372s] [ 60%] Built target xsens_mti_ros2_driver__py
[0.403s] [35m[1mConsolidate compiler generated dependencies of target xsens_mti_ros2_driver__rosidl_generator_py[0m
[0.412s] [ 78%] Built target xsens_mti_node
[0.430s] [ 84%] Built target xsens_mti_ros2_driver__rosidl_generator_py
[0.461s] [35m[1mConsolidate compiler generated dependencies of target xsens_mti_ros2_driver__rosidl_typesupport_c__pyext[0m
[0.469s] [35m[1mConsolidate compiler generated dependencies of target xsens_mti_ros2_driver__rosidl_typesupport_fastrtps_c__pyext[0m
[0.469s] [35m[1mConsolidate compiler generated dependencies of target xsens_mti_ros2_driver__rosidl_typesupport_introspection_c__pyext[0m
[0.494s] [ 89%] Built target xsens_mti_ros2_driver__rosidl_typesupport_introspection_c__pyext
[0.496s] [ 94%] Built target xsens_mti_ros2_driver__rosidl_typesupport_fastrtps_c__pyext
[0.504s] [100%] Built target xsens_mti_ros2_driver__rosidl_typesupport_c__pyext
[0.722s] running egg_info
[0.723s] writing xsens_mti_ros2_driver.egg-info/PKG-INFO
[0.724s] writing dependency_links to xsens_mti_ros2_driver.egg-info/dependency_links.txt
[0.724s] writing top-level names to xsens_mti_ros2_driver.egg-info/top_level.txt
[0.727s] reading manifest file 'xsens_mti_ros2_driver.egg-info/SOURCES.txt'
[0.728s] writing manifest file 'xsens_mti_ros2_driver.egg-info/SOURCES.txt'
[0.765s] [100%] Built target ament_cmake_python_build_xsens_mti_ros2_driver_egg
[0.778s] Invoked command in '/home/uwr/Desktop/2024_UWR/build/xsens_mti_ros2_driver' returned '0': CMAKE_PREFIX_PATH=${CMAKE_PREFIX_PATH}:/home/uwr/Desktop/2024_UWR/install/sonar_subs:/opt/ros/humble /usr/bin/cmake --build /home/uwr/Desktop/2024_UWR/build/xsens_mti_ros2_driver -- -j8 -l8
[0.890s] Invoking command in '/home/uwr/Desktop/2024_UWR/build/xsens_mti_ros2_driver': CMAKE_PREFIX_PATH=${CMAKE_PREFIX_PATH}:/home/uwr/Desktop/2024_UWR/install/sonar_subs:/opt/ros/humble /usr/bin/cmake --install /home/uwr/Desktop/2024_UWR/build/xsens_mti_ros2_driver
[0.901s] -- Install configuration: ""
[0.901s] -- Up-to-date: /home/uwr/Desktop/2024_UWR/install/xsens_mti_ros2_driver/share/ament_index/resource_index/rosidl_interfaces/xsens_mti_ros2_driver
[0.901s] -- Up-to-date: /home/uwr/Desktop/2024_UWR/install/xsens_mti_ros2_driver/include/xsens_mti_ros2_driver/xsens_mti_ros2_driver
[0.901s] -- Up-to-date: /home/uwr/Desktop/2024_UWR/install/xsens_mti_ros2_driver/include/xsens_mti_ros2_driver/xsens_mti_ros2_driver/msg
[0.901s] -- Up-to-date: /home/uwr/Desktop/2024_UWR/install/xsens_mti_ros2_driver/include/xsens_mti_ros2_driver/xsens_mti_ros2_driver/msg/rosidl_generator_c__visibility_control.h
[0.901s] -- Up-to-date: /home/uwr/Desktop/2024_UWR/install/xsens_mti_ros2_driver/include/xsens_mti_ros2_driver/xsens_mti_ros2_driver/msg/xs_status_word.h
[0.901s] -- Up-to-date: /home/uwr/Desktop/2024_UWR/install/xsens_mti_ros2_driver/include/xsens_mti_ros2_driver/xsens_mti_ros2_driver/msg/detail
[0.902s] -- Up-to-date: /home/uwr/Desktop/2024_UWR/install/xsens_mti_ros2_driver/include/xsens_mti_ros2_driver/xsens_mti_ros2_driver/msg/detail/xs_status_word__functions.h
[0.902s] -- Up-to-date: /home/uwr/Desktop/2024_UWR/install/xsens_mti_ros2_driver/include/xsens_mti_ros2_driver/xsens_mti_ros2_driver/msg/detail/xs_status_word__functions.c
[0.902s] -- Up-to-date: /home/uwr/Desktop/2024_UWR/install/xsens_mti_ros2_driver/include/xsens_mti_ros2_driver/xsens_mti_ros2_driver/msg/detail/xs_status_word__type_support.h
[0.902s] -- Up-to-date: /home/uwr/Desktop/2024_UWR/install/xsens_mti_ros2_driver/include/xsens_mti_ros2_driver/xsens_mti_ros2_driver/msg/detail/xs_status_word__struct.h
[0.902s] -- Up-to-date: /home/uwr/Desktop/2024_UWR/install/xsens_mti_ros2_driver/share/xsens_mti_ros2_driver/environment/library_path.sh
[0.902s] -- Up-to-date: /home/uwr/Desktop/2024_UWR/install/xsens_mti_ros2_driver/share/xsens_mti_ros2_driver/environment/library_path.dsv
[0.902s] -- Up-to-date: /home/uwr/Desktop/2024_UWR/install/xsens_mti_ros2_driver/lib/libxsens_mti_ros2_driver__rosidl_generator_c.so
[0.902s] -- Up-to-date: /home/uwr/Desktop/2024_UWR/install/xsens_mti_ros2_driver/include/xsens_mti_ros2_driver/xsens_mti_ros2_driver
[0.902s] -- Up-to-date: /home/uwr/Desktop/2024_UWR/install/xsens_mti_ros2_driver/include/xsens_mti_ros2_driver/xsens_mti_ros2_driver/msg
[0.902s] -- Up-to-date: /home/uwr/Desktop/2024_UWR/install/xsens_mti_ros2_driver/include/xsens_mti_ros2_driver/xsens_mti_ros2_driver/msg/detail
[0.902s] -- Up-to-date: /home/uwr/Desktop/2024_UWR/install/xsens_mti_ros2_driver/include/xsens_mti_ros2_driver/xsens_mti_ros2_driver/msg/detail/xs_status_word__rosidl_typesupport_fastrtps_c.h
[0.903s] -- Up-to-date: /home/uwr/Desktop/2024_UWR/install/xsens_mti_ros2_driver/include/xsens_mti_ros2_driver/xsens_mti_ros2_driver/msg/rosidl_typesupport_fastrtps_c__visibility_control.h
[0.903s] -- Up-to-date: /home/uwr/Desktop/2024_UWR/install/xsens_mti_ros2_driver/lib/libxsens_mti_ros2_driver__rosidl_typesupport_fastrtps_c.so
[0.903s] -- Up-to-date: /home/uwr/Desktop/2024_UWR/install/xsens_mti_ros2_driver/include/xsens_mti_ros2_driver/xsens_mti_ros2_driver
[0.903s] -- Up-to-date: /home/uwr/Desktop/2024_UWR/install/xsens_mti_ros2_driver/include/xsens_mti_ros2_driver/xsens_mti_ros2_driver/msg
[0.903s] -- Up-to-date: /home/uwr/Desktop/2024_UWR/install/xsens_mti_ros2_driver/include/xsens_mti_ros2_driver/xsens_mti_ros2_driver/msg/detail
[0.903s] -- Up-to-date: /home/uwr/Desktop/2024_UWR/install/xsens_mti_ros2_driver/include/xsens_mti_ros2_driver/xsens_mti_ros2_driver/msg/detail/xs_status_word__builder.hpp
[0.903s] -- Up-to-date: /home/uwr/Desktop/2024_UWR/install/xsens_mti_ros2_driver/include/xsens_mti_ros2_driver/xsens_mti_ros2_driver/msg/detail/xs_status_word__traits.hpp
[0.903s] -- Up-to-date: /home/uwr/Desktop/2024_UWR/install/xsens_mti_ros2_driver/include/xsens_mti_ros2_driver/xsens_mti_ros2_driver/msg/detail/xs_status_word__struct.hpp
[0.903s] -- Up-to-date: /home/uwr/Desktop/2024_UWR/install/xsens_mti_ros2_driver/include/xsens_mti_ros2_driver/xsens_mti_ros2_driver/msg/xs_status_word.hpp
[0.903s] -- Up-to-date: /home/uwr/Desktop/2024_UWR/install/xsens_mti_ros2_driver/include/xsens_mti_ros2_driver/xsens_mti_ros2_driver
[0.904s] -- Up-to-date: /home/uwr/Desktop/2024_UWR/install/xsens_mti_ros2_driver/include/xsens_mti_ros2_driver/xsens_mti_ros2_driver/msg
[0.904s] -- Up-to-date: /home/uwr/Desktop/2024_UWR/install/xsens_mti_ros2_driver/include/xsens_mti_ros2_driver/xsens_mti_ros2_driver/msg/detail
[0.904s] -- Up-to-date: /home/uwr/Desktop/2024_UWR/install/xsens_mti_ros2_driver/include/xsens_mti_ros2_driver/xsens_mti_ros2_driver/msg/detail/xs_status_word__rosidl_typesupport_fastrtps_cpp.hpp
[0.904s] -- Up-to-date: /home/uwr/Desktop/2024_UWR/install/xsens_mti_ros2_driver/include/xsens_mti_ros2_driver/xsens_mti_ros2_driver/msg/detail/dds_fastrtps
[0.904s] -- Up-to-date: /home/uwr/Desktop/2024_UWR/install/xsens_mti_ros2_driver/include/xsens_mti_ros2_driver/xsens_mti_ros2_driver/msg/rosidl_typesupport_fastrtps_cpp__visibility_control.h
[0.904s] -- Up-to-date: /home/uwr/Desktop/2024_UWR/install/xsens_mti_ros2_driver/lib/libxsens_mti_ros2_driver__rosidl_typesupport_fastrtps_cpp.so
[0.905s] -- Up-to-date: /home/uwr/Desktop/2024_UWR/install/xsens_mti_ros2_driver/include/xsens_mti_ros2_driver/xsens_mti_ros2_driver
[0.905s] -- Up-to-date: /home/uwr/Desktop/2024_UWR/install/xsens_mti_ros2_driver/include/xsens_mti_ros2_driver/xsens_mti_ros2_driver/msg
[0.905s] -- Up-to-date: /home/uwr/Desktop/2024_UWR/install/xsens_mti_ros2_driver/include/xsens_mti_ros2_driver/xsens_mti_ros2_driver/msg/rosidl_typesupport_introspection_c__visibility_control.h
[0.905s] -- Up-to-date: /home/uwr/Desktop/2024_UWR/install/xsens_mti_ros2_driver/include/xsens_mti_ros2_driver/xsens_mti_ros2_driver/msg/detail
[0.905s] -- Up-to-date: /home/uwr/Desktop/2024_UWR/install/xsens_mti_ros2_driver/include/xsens_mti_ros2_driver/xsens_mti_ros2_driver/msg/detail/xs_status_word__rosidl_typesupport_introspection_c.h
[0.906s] -- Up-to-date: /home/uwr/Desktop/2024_UWR/install/xsens_mti_ros2_driver/include/xsens_mti_ros2_driver/xsens_mti_ros2_driver/msg/detail/xs_status_word__type_support.c
[0.906s] -- Up-to-date: /home/uwr/Desktop/2024_UWR/install/xsens_mti_ros2_driver/lib/libxsens_mti_ros2_driver__rosidl_typesupport_introspection_c.so
[0.906s] -- Up-to-date: /home/uwr/Desktop/2024_UWR/install/xsens_mti_ros2_driver/lib/libxsens_mti_ros2_driver__rosidl_typesupport_c.so
[0.907s] -- Up-to-date: /home/uwr/Desktop/2024_UWR/install/xsens_mti_ros2_driver/include/xsens_mti_ros2_driver/xsens_mti_ros2_driver
[0.907s] -- Up-to-date: /home/uwr/Desktop/2024_UWR/install/xsens_mti_ros2_driver/include/xsens_mti_ros2_driver/xsens_mti_ros2_driver/msg
[0.907s] -- Up-to-date: /home/uwr/Desktop/2024_UWR/install/xsens_mti_ros2_driver/include/xsens_mti_ros2_driver/xsens_mti_ros2_driver/msg/detail
[0.907s] -- Up-to-date: /home/uwr/Desktop/2024_UWR/install/xsens_mti_ros2_driver/include/xsens_mti_ros2_driver/xsens_mti_ros2_driver/msg/detail/xs_status_word__type_support.cpp
[0.907s] -- Up-to-date: /home/uwr/Desktop/2024_UWR/install/xsens_mti_ros2_driver/include/xsens_mti_ros2_driver/xsens_mti_ros2_driver/msg/detail/xs_status_word__rosidl_typesupport_introspection_cpp.hpp
[0.909s] -- Up-to-date: /home/uwr/Desktop/2024_UWR/install/xsens_mti_ros2_driver/lib/libxsens_mti_ros2_driver__rosidl_typesupport_introspection_cpp.so
[0.910s] -- Up-to-date: /home/uwr/Desktop/2024_UWR/install/xsens_mti_ros2_driver/lib/libxsens_mti_ros2_driver__rosidl_typesupport_cpp.so
[0.912s] -- Up-to-date: /home/uwr/Desktop/2024_UWR/install/xsens_mti_ros2_driver/share/xsens_mti_ros2_driver/environment/pythonpath.sh
[0.912s] -- Up-to-date: /home/uwr/Desktop/2024_UWR/install/xsens_mti_ros2_driver/share/xsens_mti_ros2_driver/environment/pythonpath.dsv
[0.912s] -- Up-to-date: /home/uwr/Desktop/2024_UWR/install/xsens_mti_ros2_driver/local/lib/python3.10/dist-packages/xsens_mti_ros2_driver-1.0.2-py3.10.egg-info
[0.912s] -- Installing: /home/uwr/Desktop/2024_UWR/install/xsens_mti_ros2_driver/local/lib/python3.10/dist-packages/xsens_mti_ros2_driver-1.0.2-py3.10.egg-info/top_level.txt
[0.912s] -- Installing: /home/uwr/Desktop/2024_UWR/install/xsens_mti_ros2_driver/local/lib/python3.10/dist-packages/xsens_mti_ros2_driver-1.0.2-py3.10.egg-info/dependency_links.txt
[0.913s] -- Installing: /home/uwr/Desktop/2024_UWR/install/xsens_mti_ros2_driver/local/lib/python3.10/dist-packages/xsens_mti_ros2_driver-1.0.2-py3.10.egg-info/PKG-INFO
[0.913s] -- Installing: /home/uwr/Desktop/2024_UWR/install/xsens_mti_ros2_driver/local/lib/python3.10/dist-packages/xsens_mti_ros2_driver-1.0.2-py3.10.egg-info/SOURCES.txt
[0.913s] -- Up-to-date: /home/uwr/Desktop/2024_UWR/install/xsens_mti_ros2_driver/local/lib/python3.10/dist-packages/xsens_mti_ros2_driver
[0.913s] -- Up-to-date: /home/uwr/Desktop/2024_UWR/install/xsens_mti_ros2_driver/local/lib/python3.10/dist-packages/xsens_mti_ros2_driver/xsens_mti_ros2_driver_s__rosidl_typesupport_introspection_c.cpython-310-x86_64-linux-gnu.so
[0.913s] -- Up-to-date: /home/uwr/Desktop/2024_UWR/install/xsens_mti_ros2_driver/local/lib/python3.10/dist-packages/xsens_mti_ros2_driver/xsens_mti_ros2_driver_s__rosidl_typesupport_fastrtps_c.cpython-310-x86_64-linux-gnu.so
[0.913s] -- Up-to-date: /home/uwr/Desktop/2024_UWR/install/xsens_mti_ros2_driver/local/lib/python3.10/dist-packages/xsens_mti_ros2_driver/_xsens_mti_ros2_driver_s.ep.rosidl_typesupport_c.c
[0.913s] -- Up-to-date: /home/uwr/Desktop/2024_UWR/install/xsens_mti_ros2_driver/local/lib/python3.10/dist-packages/xsens_mti_ros2_driver/_xsens_mti_ros2_driver_s.ep.rosidl_typesupport_fastrtps_c.c
[0.913s] -- Up-to-date: /home/uwr/Desktop/2024_UWR/install/xsens_mti_ros2_driver/local/lib/python3.10/dist-packages/xsens_mti_ros2_driver/libxsens_mti_ros2_driver__rosidl_generator_py.so
[0.913s] -- Up-to-date: /home/uwr/Desktop/2024_UWR/install/xsens_mti_ros2_driver/local/lib/python3.10/dist-packages/xsens_mti_ros2_driver/msg
[0.914s] -- Up-to-date: /home/uwr/Desktop/2024_UWR/install/xsens_mti_ros2_driver/local/lib/python3.10/dist-packages/xsens_mti_ros2_driver/msg/_xs_status_word.py
[0.914s] -- Up-to-date: /home/uwr/Desktop/2024_UWR/install/xsens_mti_ros2_driver/local/lib/python3.10/dist-packages/xsens_mti_ros2_driver/msg/__init__.py
[0.914s] -- Up-to-date: /home/uwr/Desktop/2024_UWR/install/xsens_mti_ros2_driver/local/lib/python3.10/dist-packages/xsens_mti_ros2_driver/msg/_xs_status_word_s.c
[0.914s] -- Up-to-date: /home/uwr/Desktop/2024_UWR/install/xsens_mti_ros2_driver/local/lib/python3.10/dist-packages/xsens_mti_ros2_driver/xsens_mti_ros2_driver_s__rosidl_typesupport_c.cpython-310-x86_64-linux-gnu.so
[0.914s] -- Up-to-date: /home/uwr/Desktop/2024_UWR/install/xsens_mti_ros2_driver/local/lib/python3.10/dist-packages/xsens_mti_ros2_driver/__init__.py
[0.914s] -- Up-to-date: /home/uwr/Desktop/2024_UWR/install/xsens_mti_ros2_driver/local/lib/python3.10/dist-packages/xsens_mti_ros2_driver/_xsens_mti_ros2_driver_s.ep.rosidl_typesupport_introspection_c.c
[0.947s] Listing '/home/uwr/Desktop/2024_UWR/install/xsens_mti_ros2_driver/local/lib/python3.10/dist-packages/xsens_mti_ros2_driver'...
[0.948s] Listing '/home/uwr/Desktop/2024_UWR/install/xsens_mti_ros2_driver/local/lib/python3.10/dist-packages/xsens_mti_ros2_driver/msg'...
[0.953s] -- Up-to-date: /home/uwr/Desktop/2024_UWR/install/xsens_mti_ros2_driver/local/lib/python3.10/dist-packages/xsens_mti_ros2_driver/xsens_mti_ros2_driver_s__rosidl_typesupport_fastrtps_c.cpython-310-x86_64-linux-gnu.so
[0.953s] -- Up-to-date: /home/uwr/Desktop/2024_UWR/install/xsens_mti_ros2_driver/local/lib/python3.10/dist-packages/xsens_mti_ros2_driver/xsens_mti_ros2_driver_s__rosidl_typesupport_introspection_c.cpython-310-x86_64-linux-gnu.so
[0.953s] -- Up-to-date: /home/uwr/Desktop/2024_UWR/install/xsens_mti_ros2_driver/local/lib/python3.10/dist-packages/xsens_mti_ros2_driver/xsens_mti_ros2_driver_s__rosidl_typesupport_c.cpython-310-x86_64-linux-gnu.so
[0.954s] -- Up-to-date: /home/uwr/Desktop/2024_UWR/install/xsens_mti_ros2_driver/lib/libxsens_mti_ros2_driver__rosidl_generator_py.so
[0.954s] -- Up-to-date: /home/uwr/Desktop/2024_UWR/install/xsens_mti_ros2_driver/share/xsens_mti_ros2_driver/msg/XsStatusWord.idl
[0.954s] -- Up-to-date: /home/uwr/Desktop/2024_UWR/install/xsens_mti_ros2_driver/share/xsens_mti_ros2_driver/msg/XsStatusWord.msg
[0.954s] -- Up-to-date: /home/uwr/Desktop/2024_UWR/install/xsens_mti_ros2_driver/lib/xsens_mti_ros2_driver/xsens_mti_node
[0.955s] -- Up-to-date: /home/uwr/Desktop/2024_UWR/install/xsens_mti_ros2_driver/share/xsens_mti_ros2_driver/launch
[0.955s] -- Up-to-date: /home/uwr/Desktop/2024_UWR/install/xsens_mti_ros2_driver/share/xsens_mti_ros2_driver/launch/combined.py
[0.955s] -- Up-to-date: /home/uwr/Desktop/2024_UWR/install/xsens_mti_ros2_driver/share/xsens_mti_ros2_driver/launch/display.launch.py
[0.955s] -- Up-to-date: /home/uwr/Desktop/2024_UWR/install/xsens_mti_ros2_driver/share/xsens_mti_ros2_driver/launch/xsens_mti_node.launch.py
[0.955s] -- Up-to-date: /home/uwr/Desktop/2024_UWR/install/xsens_mti_ros2_driver/share/xsens_mti_ros2_driver/param
[0.955s] -- Up-to-date: /home/uwr/Desktop/2024_UWR/install/xsens_mti_ros2_driver/share/xsens_mti_ros2_driver/param/xsens_mti_node.yaml
[0.956s] -- Up-to-date: /home/uwr/Desktop/2024_UWR/install/xsens_mti_ros2_driver/share/xsens_mti_ros2_driver/rviz
[0.956s] -- Up-to-date: /home/uwr/Desktop/2024_UWR/install/xsens_mti_ros2_driver/share/xsens_mti_ros2_driver/rviz/display.rviz
[0.956s] -- Up-to-date: /home/uwr/Desktop/2024_UWR/install/xsens_mti_ros2_driver/share/xsens_mti_ros2_driver/urdf
[0.956s] -- Up-to-date: /home/uwr/Desktop/2024_UWR/install/xsens_mti_ros2_driver/share/xsens_mti_ros2_driver/urdf/MTi_10.urdf
[0.956s] -- Up-to-date: /home/uwr/Desktop/2024_UWR/install/xsens_mti_ros2_driver/share/xsens_mti_ros2_driver/urdf/MTi_10.stl
[0.956s] -- Up-to-date: /home/uwr/Desktop/2024_UWR/install/xsens_mti_ros2_driver/share/xsens_mti_ros2_driver/urdf/MTi_1.stl
[0.956s] -- Up-to-date: /home/uwr/Desktop/2024_UWR/install/xsens_mti_ros2_driver/share/xsens_mti_ros2_driver/urdf/MTi_6xx.urdf
[0.957s] -- Up-to-date: /home/uwr/Desktop/2024_UWR/install/xsens_mti_ros2_driver/share/xsens_mti_ros2_driver/urdf/MTi_1.urdf
[0.957s] -- Up-to-date: /home/uwr/Desktop/2024_UWR/install/xsens_mti_ros2_driver/share/xsens_mti_ros2_driver/urdf/MTi_6xx.stl
[0.957s] -- Up-to-date: /home/uwr/Desktop/2024_UWR/install/xsens_mti_ros2_driver/share/ament_index/resource_index/package_run_dependencies/xsens_mti_ros2_driver
[0.957s] -- Up-to-date: /home/uwr/Desktop/2024_UWR/install/xsens_mti_ros2_driver/share/ament_index/resource_index/parent_prefix_path/xsens_mti_ros2_driver
[0.958s] -- Up-to-date: /home/uwr/Desktop/2024_UWR/install/xsens_mti_ros2_driver/share/xsens_mti_ros2_driver/environment/ament_prefix_path.sh
[0.958s] -- Up-to-date: /home/uwr/Desktop/2024_UWR/install/xsens_mti_ros2_driver/share/xsens_mti_ros2_driver/environment/ament_prefix_path.dsv
[0.958s] -- Up-to-date: /home/uwr/Desktop/2024_UWR/install/xsens_mti_ros2_driver/share/xsens_mti_ros2_driver/environment/path.sh
[0.958s] -- Up-to-date: /home/uwr/Desktop/2024_UWR/install/xsens_mti_ros2_driver/share/xsens_mti_ros2_driver/environment/path.dsv
[0.959s] -- Up-to-date: /home/uwr/Desktop/2024_UWR/install/xsens_mti_ros2_driver/share/xsens_mti_ros2_driver/local_setup.bash
[0.959s] -- Up-to-date: /home/uwr/Desktop/2024_UWR/install/xsens_mti_ros2_driver/share/xsens_mti_ros2_driver/local_setup.sh
[0.959s] -- Up-to-date: /home/uwr/Desktop/2024_UWR/install/xsens_mti_ros2_driver/share/xsens_mti_ros2_driver/local_setup.zsh
[0.959s] -- Up-to-date: /home/uwr/Desktop/2024_UWR/install/xsens_mti_ros2_driver/share/xsens_mti_ros2_driver/local_setup.dsv
[0.959s] -- Installing: /home/uwr/Desktop/2024_UWR/install/xsens_mti_ros2_driver/share/xsens_mti_ros2_driver/package.dsv
[0.959s] -- Up-to-date: /home/uwr/Desktop/2024_UWR/install/xsens_mti_ros2_driver/share/ament_index/resource_index/packages/xsens_mti_ros2_driver
[0.960s] -- Up-to-date: /home/uwr/Desktop/2024_UWR/install/xsens_mti_ros2_driver/share/xsens_mti_ros2_driver/cmake/export_xsens_mti_ros2_driver__rosidl_generator_cExport.cmake
[0.960s] -- Up-to-date: /home/uwr/Desktop/2024_UWR/install/xsens_mti_ros2_driver/share/xsens_mti_ros2_driver/cmake/export_xsens_mti_ros2_driver__rosidl_generator_cExport-noconfig.cmake
[0.960s] -- Up-to-date: /home/uwr/Desktop/2024_UWR/install/xsens_mti_ros2_driver/share/xsens_mti_ros2_driver/cmake/export_xsens_mti_ros2_driver__rosidl_typesupport_fastrtps_cExport.cmake
[0.960s] -- Up-to-date: /home/uwr/Desktop/2024_UWR/install/xsens_mti_ros2_driver/share/xsens_mti_ros2_driver/cmake/export_xsens_mti_ros2_driver__rosidl_typesupport_fastrtps_cExport-noconfig.cmake
[0.960s] -- Up-to-date: /home/uwr/Desktop/2024_UWR/install/xsens_mti_ros2_driver/share/xsens_mti_ros2_driver/cmake/export_xsens_mti_ros2_driver__rosidl_generator_cppExport.cmake
[0.960s] -- Up-to-date: /home/uwr/Desktop/2024_UWR/install/xsens_mti_ros2_driver/share/xsens_mti_ros2_driver/cmake/export_xsens_mti_ros2_driver__rosidl_typesupport_fastrtps_cppExport.cmake
[0.960s] -- Up-to-date: /home/uwr/Desktop/2024_UWR/install/xsens_mti_ros2_driver/share/xsens_mti_ros2_driver/cmake/export_xsens_mti_ros2_driver__rosidl_typesupport_fastrtps_cppExport-noconfig.cmake
[0.960s] -- Up-to-date: /home/uwr/Desktop/2024_UWR/install/xsens_mti_ros2_driver/share/xsens_mti_ros2_driver/cmake/xsens_mti_ros2_driver__rosidl_typesupport_introspection_cExport.cmake
[0.961s] -- Up-to-date: /home/uwr/Desktop/2024_UWR/install/xsens_mti_ros2_driver/share/xsens_mti_ros2_driver/cmake/xsens_mti_ros2_driver__rosidl_typesupport_introspection_cExport-noconfig.cmake
[0.961s] -- Up-to-date: /home/uwr/Desktop/2024_UWR/install/xsens_mti_ros2_driver/share/xsens_mti_ros2_driver/cmake/xsens_mti_ros2_driver__rosidl_typesupport_cExport.cmake
[0.961s] -- Up-to-date: /home/uwr/Desktop/2024_UWR/install/xsens_mti_ros2_driver/share/xsens_mti_ros2_driver/cmake/xsens_mti_ros2_driver__rosidl_typesupport_cExport-noconfig.cmake
[0.961s] -- Up-to-date: /home/uwr/Desktop/2024_UWR/install/xsens_mti_ros2_driver/share/xsens_mti_ros2_driver/cmake/xsens_mti_ros2_driver__rosidl_typesupport_introspection_cppExport.cmake
[0.961s] -- Up-to-date: /home/uwr/Desktop/2024_UWR/install/xsens_mti_ros2_driver/share/xsens_mti_ros2_driver/cmake/xsens_mti_ros2_driver__rosidl_typesupport_introspection_cppExport-noconfig.cmake
[0.963s] -- Up-to-date: /home/uwr/Desktop/2024_UWR/install/xsens_mti_ros2_driver/share/xsens_mti_ros2_driver/cmake/xsens_mti_ros2_driver__rosidl_typesupport_cppExport.cmake
[0.963s] -- Up-to-date: /home/uwr/Desktop/2024_UWR/install/xsens_mti_ros2_driver/share/xsens_mti_ros2_driver/cmake/xsens_mti_ros2_driver__rosidl_typesupport_cppExport-noconfig.cmake
[0.963s] -- Up-to-date: /home/uwr/Desktop/2024_UWR/install/xsens_mti_ros2_driver/share/xsens_mti_ros2_driver/cmake/export_xsens_mti_ros2_driver__rosidl_generator_pyExport.cmake
[0.963s] -- Up-to-date: /home/uwr/Desktop/2024_UWR/install/xsens_mti_ros2_driver/share/xsens_mti_ros2_driver/cmake/export_xsens_mti_ros2_driver__rosidl_generator_pyExport-noconfig.cmake
[0.963s] -- Up-to-date: /home/uwr/Desktop/2024_UWR/install/xsens_mti_ros2_driver/share/xsens_mti_ros2_driver/cmake/rosidl_cmake-extras.cmake
[0.963s] -- Up-to-date: /home/uwr/Desktop/2024_UWR/install/xsens_mti_ros2_driver/share/xsens_mti_ros2_driver/cmake/ament_cmake_export_dependencies-extras.cmake
[0.963s] -- Up-to-date: /home/uwr/Desktop/2024_UWR/install/xsens_mti_ros2_driver/share/xsens_mti_ros2_driver/cmake/ament_cmake_export_include_directories-extras.cmake
[0.964s] -- Up-to-date: /home/uwr/Desktop/2024_UWR/install/xsens_mti_ros2_driver/share/xsens_mti_ros2_driver/cmake/ament_cmake_export_libraries-extras.cmake
[0.964s] -- Up-to-date: /home/uwr/Desktop/2024_UWR/install/xsens_mti_ros2_driver/share/xsens_mti_ros2_driver/cmake/ament_cmake_export_targets-extras.cmake
[0.964s] -- Up-to-date: /home/uwr/Desktop/2024_UWR/install/xsens_mti_ros2_driver/share/xsens_mti_ros2_driver/cmake/rosidl_cmake_export_typesupport_targets-extras.cmake
[0.964s] -- Up-to-date: /home/uwr/Desktop/2024_UWR/install/xsens_mti_ros2_driver/share/xsens_mti_ros2_driver/cmake/rosidl_cmake_export_typesupport_libraries-extras.cmake
[0.964s] -- Up-to-date: /home/uwr/Desktop/2024_UWR/install/xsens_mti_ros2_driver/share/xsens_mti_ros2_driver/cmake/xsens_mti_ros2_driverConfig.cmake
[0.965s] -- Up-to-date: /home/uwr/Desktop/2024_UWR/install/xsens_mti_ros2_driver/share/xsens_mti_ros2_driver/cmake/xsens_mti_ros2_driverConfig-version.cmake
[0.965s] -- Up-to-date: /home/uwr/Desktop/2024_UWR/install/xsens_mti_ros2_driver/share/xsens_mti_ros2_driver/package.xml
[0.968s] Invoked command in '/home/uwr/Desktop/2024_UWR/build/xsens_mti_ros2_driver' returned '0': CMAKE_PREFIX_PATH=${CMAKE_PREFIX_PATH}:/home/uwr/Desktop/2024_UWR/install/sonar_subs:/opt/ros/humble /usr/bin/cmake --install /home/uwr/Desktop/2024_UWR/build/xsens_mti_ros2_driver
