[0.024s] Invoking command in '/home/uwr/Desktop/2024_UWR/build/sonar_msgs': CMAKE_PREFIX_PATH=/opt/ros/humble /usr/bin/cmake --build /home/uwr/Desktop/2024_UWR/build/sonar_msgs -- -j8 -l8
[0.093s] [  2%] Built target sonar_msgs__cpp
[0.102s] [ 12%] Built target sonar_msgs__rosidl_generator_c
[0.118s] [ 12%] Built target ament_cmake_python_copy_sonar_msgs
[0.169s] [ 23%] Built target sonar_msgs__rosidl_typesupport_fastrtps_cpp
[0.177s] [ 43%] Built target sonar_msgs__rosidl_typesupport_fastrtps_c
[0.177s] [ 43%] Built target sonar_msgs__rosidl_typesupport_cpp
[0.177s] [ 53%] Built target sonar_msgs__rosidl_typesupport_c
[0.179s] [ 64%] Built target sonar_msgs__rosidl_typesupport_introspection_cpp
[0.189s] [ 74%] Built target sonar_msgs__rosidl_typesupport_introspection_c
[0.225s] [ 74%] Built target sonar_msgs
[0.251s] [ 76%] Built target sonar_msgs__py
[0.283s] [ 84%] Built target sonar_msgs__rosidl_generator_py
[0.320s] [ 89%] Built target sonar_msgs__rosidl_typesupport_fastrtps_c__pyext
[0.321s] [100%] Built target sonar_msgs__rosidl_typesupport_c__pyext
[0.322s] [100%] Built target sonar_msgs__rosidl_typesupport_introspection_c__pyext
[0.552s] running egg_info
[0.553s] writing sonar_msgs.egg-info/PKG-INFO
[0.553s] writing dependency_links to sonar_msgs.egg-info/dependency_links.txt
[0.554s] writing top-level names to sonar_msgs.egg-info/top_level.txt
[0.557s] reading manifest file 'sonar_msgs.egg-info/SOURCES.txt'
[0.557s] writing manifest file 'sonar_msgs.egg-info/SOURCES.txt'
[0.589s] [100%] Built target ament_cmake_python_build_sonar_msgs_egg
