[0.021s] Invoking command in '/home/nuc1/Desktop/2024_UWR/build/ntrip': CMAKE_PREFIX_PATH=${CMAKE_PREFIX_PATH}:/home/nuc1/Desktop/2024_UWR/install/sonar_subs:/opt/ros/humble /usr/bin/cmake --build /home/nuc1/Desktop/2024_UWR/build/ntrip -- -j8 -l8
[0.096s] [100%] Built target ntrip
[0.132s] Invoked command in '/home/nuc1/Desktop/2024_UWR/build/ntrip' returned '0': CMAKE_PREFIX_PATH=${CMAKE_PREFIX_PATH}:/home/nuc1/Desktop/2024_UWR/install/sonar_subs:/opt/ros/humble /usr/bin/cmake --build /home/nuc1/Desktop/2024_UWR/build/ntrip -- -j8 -l8
[0.196s] Invoking command in '/home/nuc1/Desktop/2024_UWR/build/ntrip': CMAKE_PREFIX_PATH=${CMAKE_PREFIX_PATH}:/home/nuc1/Desktop/2024_UWR/install/sonar_subs:/opt/ros/humble /usr/bin/cmake --install /home/nuc1/Desktop/2024_UWR/build/ntrip
[0.206s] -- Install configuration: ""
[0.206s] -- Up-to-date: /home/nuc1/Desktop/2024_UWR/install/ntrip/lib/ntrip/ntrip
[0.206s] -- Up-to-date: /home/nuc1/Desktop/2024_UWR/install/ntrip/share/ntrip//launch
[0.207s] -- Up-to-date: /home/nuc1/Desktop/2024_UWR/install/ntrip/share/ntrip//launch/ntrip_launch.py
[0.207s] -- Up-to-date: /home/nuc1/Desktop/2024_UWR/install/ntrip/share/ament_index/resource_index/package_run_dependencies/ntrip
[0.207s] -- Up-to-date: /home/nuc1/Desktop/2024_UWR/install/ntrip/share/ament_index/resource_index/parent_prefix_path/ntrip
[0.209s] -- Up-to-date: /home/nuc1/Desktop/2024_UWR/install/ntrip/share/ntrip/environment/ament_prefix_path.sh
[0.209s] -- Up-to-date: /home/nuc1/Desktop/2024_UWR/install/ntrip/share/ntrip/environment/ament_prefix_path.dsv
[0.210s] -- Up-to-date: /home/nuc1/Desktop/2024_UWR/install/ntrip/share/ntrip/environment/path.sh
[0.210s] -- Up-to-date: /home/nuc1/Desktop/2024_UWR/install/ntrip/share/ntrip/environment/path.dsv
[0.210s] -- Up-to-date: /home/nuc1/Desktop/2024_UWR/install/ntrip/share/ntrip/local_setup.bash
[0.210s] -- Up-to-date: /home/nuc1/Desktop/2024_UWR/install/ntrip/share/ntrip/local_setup.sh
[0.210s] -- Up-to-date: /home/nuc1/Desktop/2024_UWR/install/ntrip/share/ntrip/local_setup.zsh
[0.210s] -- Up-to-date: /home/nuc1/Desktop/2024_UWR/install/ntrip/share/ntrip/local_setup.dsv
[0.210s] -- Installing: /home/nuc1/Desktop/2024_UWR/install/ntrip/share/ntrip/package.dsv
[0.210s] -- Up-to-date: /home/nuc1/Desktop/2024_UWR/install/ntrip/share/ament_index/resource_index/packages/ntrip
[0.211s] -- Up-to-date: /home/nuc1/Desktop/2024_UWR/install/ntrip/share/ntrip/cmake/ntripConfig.cmake
[0.211s] -- Up-to-date: /home/nuc1/Desktop/2024_UWR/install/ntrip/share/ntrip/cmake/ntripConfig-version.cmake
[0.211s] -- Up-to-date: /home/nuc1/Desktop/2024_UWR/install/ntrip/share/ntrip/package.xml
[0.228s] Invoked command in '/home/nuc1/Desktop/2024_UWR/build/ntrip' returned '0': CMAKE_PREFIX_PATH=${CMAKE_PREFIX_PATH}:/home/nuc1/Desktop/2024_UWR/install/sonar_subs:/opt/ros/humble /usr/bin/cmake --install /home/nuc1/Desktop/2024_UWR/build/ntrip
