[0.023s] Invoking command in '/home/uwr/Desktop/2024_UWR/build/sonar_msgs': CMAKE_PREFIX_PATH=${CMAKE_PREFIX_PATH}:/home/uwr/Desktop/2024_UWR/install/sonar_subs:/opt/ros/humble /usr/bin/cmake --build /home/uwr/Desktop/2024_UWR/build/sonar_msgs -- -j8 -l8
[0.097s] [  2%] Built target sonar_msgs__cpp
[0.099s] [ 12%] Built target sonar_msgs__rosidl_generator_c
[0.129s] [ 12%] Built target ament_cmake_python_copy_sonar_msgs
[0.147s] [ 23%] Built target sonar_msgs__rosidl_typesupport_fastrtps_c
[0.160s] [ 34%] Built target sonar_msgs__rosidl_typesupport_introspection_cpp
[0.160s] [ 44%] Built target sonar_msgs__rosidl_typesupport_cpp
[0.161s] [ 55%] Built target sonar_msgs__rosidl_typesupport_fastrtps_cpp
[0.165s] [ 65%] Built target sonar_msgs__rosidl_typesupport_introspection_c
[0.168s] [ 76%] Built target sonar_msgs__rosidl_typesupport_c
[0.206s] [ 76%] Built target sonar_msgs
[0.243s] [ 78%] Built target sonar_msgs__py
[0.269s] [ 87%] Built target sonar_msgs__rosidl_generator_py
[0.312s] [100%] Built target sonar_msgs__rosidl_typesupport_introspection_c__pyext
[0.312s] [100%] Built target sonar_msgs__rosidl_typesupport_fastrtps_c__pyext
[0.313s] [100%] Built target sonar_msgs__rosidl_typesupport_c__pyext
[0.546s] running egg_info
[0.547s] writing sonar_msgs.egg-info/PKG-INFO
[0.547s] writing dependency_links to sonar_msgs.egg-info/dependency_links.txt
[0.547s] writing top-level names to sonar_msgs.egg-info/top_level.txt
[0.550s] reading manifest file 'sonar_msgs.egg-info/SOURCES.txt'
[0.551s] writing manifest file 'sonar_msgs.egg-info/SOURCES.txt'
[0.579s] [100%] Built target ament_cmake_python_build_sonar_msgs_egg
[0.590s] Invoked command in '/home/uwr/Desktop/2024_UWR/build/sonar_msgs' returned '0': CMAKE_PREFIX_PATH=${CMAKE_PREFIX_PATH}:/home/uwr/Desktop/2024_UWR/install/sonar_subs:/opt/ros/humble /usr/bin/cmake --build /home/uwr/Desktop/2024_UWR/build/sonar_msgs -- -j8 -l8
[0.688s] Invoking command in '/home/uwr/Desktop/2024_UWR/build/sonar_msgs': CMAKE_PREFIX_PATH=${CMAKE_PREFIX_PATH}:/home/uwr/Desktop/2024_UWR/install/sonar_subs:/opt/ros/humble /usr/bin/cmake --install /home/uwr/Desktop/2024_UWR/build/sonar_msgs
[0.696s] -- Install configuration: ""
[0.696s] -- Up-to-date: /home/uwr/Desktop/2024_UWR/install/sonar_msgs/share/ament_index/resource_index/rosidl_interfaces/sonar_msgs
[0.696s] -- Up-to-date: /home/uwr/Desktop/2024_UWR/install/sonar_msgs/include/sonar_msgs/sonar_msgs
[0.697s] -- Up-to-date: /home/uwr/Desktop/2024_UWR/install/sonar_msgs/include/sonar_msgs/sonar_msgs/msg
[0.697s] -- Up-to-date: /home/uwr/Desktop/2024_UWR/install/sonar_msgs/include/sonar_msgs/sonar_msgs/msg/rosidl_generator_c__visibility_control.h
[0.697s] -- Up-to-date: /home/uwr/Desktop/2024_UWR/install/sonar_msgs/include/sonar_msgs/sonar_msgs/msg/kf_values.h
[0.697s] -- Up-to-date: /home/uwr/Desktop/2024_UWR/install/sonar_msgs/include/sonar_msgs/sonar_msgs/msg/detail
[0.697s] -- Up-to-date: /home/uwr/Desktop/2024_UWR/install/sonar_msgs/include/sonar_msgs/sonar_msgs/msg/detail/three_sonar_depth__type_support.h
[0.697s] -- Up-to-date: /home/uwr/Desktop/2024_UWR/install/sonar_msgs/include/sonar_msgs/sonar_msgs/msg/detail/conf_scal__functions.h
[0.697s] -- Up-to-date: /home/uwr/Desktop/2024_UWR/install/sonar_msgs/include/sonar_msgs/sonar_msgs/msg/detail/three_sonar_depth__functions.c
[0.697s] -- Up-to-date: /home/uwr/Desktop/2024_UWR/install/sonar_msgs/include/sonar_msgs/sonar_msgs/msg/detail/three_sonar_depth__struct.h
[0.697s] -- Up-to-date: /home/uwr/Desktop/2024_UWR/install/sonar_msgs/include/sonar_msgs/sonar_msgs/msg/detail/kf_values__type_support.h
[0.697s] -- Up-to-date: /home/uwr/Desktop/2024_UWR/install/sonar_msgs/include/sonar_msgs/sonar_msgs/msg/detail/kf_values__struct.h
[0.698s] -- Up-to-date: /home/uwr/Desktop/2024_UWR/install/sonar_msgs/include/sonar_msgs/sonar_msgs/msg/detail/conf_scal__struct.h
[0.698s] -- Up-to-date: /home/uwr/Desktop/2024_UWR/install/sonar_msgs/include/sonar_msgs/sonar_msgs/msg/detail/kf_values__functions.c
[0.698s] -- Up-to-date: /home/uwr/Desktop/2024_UWR/install/sonar_msgs/include/sonar_msgs/sonar_msgs/msg/detail/kf_values__functions.h
[0.698s] -- Up-to-date: /home/uwr/Desktop/2024_UWR/install/sonar_msgs/include/sonar_msgs/sonar_msgs/msg/detail/three_sonar_depth__functions.h
[0.698s] -- Up-to-date: /home/uwr/Desktop/2024_UWR/install/sonar_msgs/include/sonar_msgs/sonar_msgs/msg/detail/conf_scal__type_support.h
[0.698s] -- Up-to-date: /home/uwr/Desktop/2024_UWR/install/sonar_msgs/include/sonar_msgs/sonar_msgs/msg/detail/conf_scal__functions.c
[0.698s] -- Up-to-date: /home/uwr/Desktop/2024_UWR/install/sonar_msgs/include/sonar_msgs/sonar_msgs/msg/three_sonar_depth.h
[0.698s] -- Up-to-date: /home/uwr/Desktop/2024_UWR/install/sonar_msgs/include/sonar_msgs/sonar_msgs/msg/conf_scal.h
[0.698s] -- Up-to-date: /home/uwr/Desktop/2024_UWR/install/sonar_msgs/share/sonar_msgs/environment/library_path.sh
[0.698s] -- Up-to-date: /home/uwr/Desktop/2024_UWR/install/sonar_msgs/share/sonar_msgs/environment/library_path.dsv
[0.699s] -- Up-to-date: /home/uwr/Desktop/2024_UWR/install/sonar_msgs/lib/libsonar_msgs__rosidl_generator_c.so
[0.699s] -- Up-to-date: /home/uwr/Desktop/2024_UWR/install/sonar_msgs/include/sonar_msgs/sonar_msgs
[0.699s] -- Up-to-date: /home/uwr/Desktop/2024_UWR/install/sonar_msgs/include/sonar_msgs/sonar_msgs/msg
[0.699s] -- Up-to-date: /home/uwr/Desktop/2024_UWR/install/sonar_msgs/include/sonar_msgs/sonar_msgs/msg/detail
[0.699s] -- Up-to-date: /home/uwr/Desktop/2024_UWR/install/sonar_msgs/include/sonar_msgs/sonar_msgs/msg/detail/conf_scal__rosidl_typesupport_fastrtps_c.h
[0.699s] -- Up-to-date: /home/uwr/Desktop/2024_UWR/install/sonar_msgs/include/sonar_msgs/sonar_msgs/msg/detail/three_sonar_depth__rosidl_typesupport_fastrtps_c.h
[0.699s] -- Up-to-date: /home/uwr/Desktop/2024_UWR/install/sonar_msgs/include/sonar_msgs/sonar_msgs/msg/detail/kf_values__rosidl_typesupport_fastrtps_c.h
[0.699s] -- Up-to-date: /home/uwr/Desktop/2024_UWR/install/sonar_msgs/include/sonar_msgs/sonar_msgs/msg/rosidl_typesupport_fastrtps_c__visibility_control.h
[0.699s] -- Up-to-date: /home/uwr/Desktop/2024_UWR/install/sonar_msgs/lib/libsonar_msgs__rosidl_typesupport_fastrtps_c.so
[0.700s] -- Up-to-date: /home/uwr/Desktop/2024_UWR/install/sonar_msgs/include/sonar_msgs/sonar_msgs
[0.700s] -- Up-to-date: /home/uwr/Desktop/2024_UWR/install/sonar_msgs/include/sonar_msgs/sonar_msgs/msg
[0.700s] -- Up-to-date: /home/uwr/Desktop/2024_UWR/install/sonar_msgs/include/sonar_msgs/sonar_msgs/msg/detail
[0.700s] -- Up-to-date: /home/uwr/Desktop/2024_UWR/install/sonar_msgs/include/sonar_msgs/sonar_msgs/msg/detail/conf_scal__builder.hpp
[0.700s] -- Up-to-date: /home/uwr/Desktop/2024_UWR/install/sonar_msgs/include/sonar_msgs/sonar_msgs/msg/detail/kf_values__traits.hpp
[0.700s] -- Up-to-date: /home/uwr/Desktop/2024_UWR/install/sonar_msgs/include/sonar_msgs/sonar_msgs/msg/detail/conf_scal__traits.hpp
[0.700s] -- Up-to-date: /home/uwr/Desktop/2024_UWR/install/sonar_msgs/include/sonar_msgs/sonar_msgs/msg/detail/kf_values__builder.hpp
[0.700s] -- Up-to-date: /home/uwr/Desktop/2024_UWR/install/sonar_msgs/include/sonar_msgs/sonar_msgs/msg/detail/three_sonar_depth__builder.hpp
[0.700s] -- Up-to-date: /home/uwr/Desktop/2024_UWR/install/sonar_msgs/include/sonar_msgs/sonar_msgs/msg/detail/three_sonar_depth__traits.hpp
[0.700s] -- Up-to-date: /home/uwr/Desktop/2024_UWR/install/sonar_msgs/include/sonar_msgs/sonar_msgs/msg/detail/kf_values__struct.hpp
[0.701s] -- Up-to-date: /home/uwr/Desktop/2024_UWR/install/sonar_msgs/include/sonar_msgs/sonar_msgs/msg/detail/three_sonar_depth__struct.hpp
[0.701s] -- Up-to-date: /home/uwr/Desktop/2024_UWR/install/sonar_msgs/include/sonar_msgs/sonar_msgs/msg/detail/conf_scal__struct.hpp
[0.701s] -- Up-to-date: /home/uwr/Desktop/2024_UWR/install/sonar_msgs/include/sonar_msgs/sonar_msgs/msg/three_sonar_depth.hpp
[0.701s] -- Up-to-date: /home/uwr/Desktop/2024_UWR/install/sonar_msgs/include/sonar_msgs/sonar_msgs/msg/kf_values.hpp
[0.701s] -- Up-to-date: /home/uwr/Desktop/2024_UWR/install/sonar_msgs/include/sonar_msgs/sonar_msgs/msg/conf_scal.hpp
[0.701s] -- Up-to-date: /home/uwr/Desktop/2024_UWR/install/sonar_msgs/include/sonar_msgs/sonar_msgs
[0.701s] -- Up-to-date: /home/uwr/Desktop/2024_UWR/install/sonar_msgs/include/sonar_msgs/sonar_msgs/msg
[0.701s] -- Up-to-date: /home/uwr/Desktop/2024_UWR/install/sonar_msgs/include/sonar_msgs/sonar_msgs/msg/detail
[0.701s] -- Up-to-date: /home/uwr/Desktop/2024_UWR/install/sonar_msgs/include/sonar_msgs/sonar_msgs/msg/detail/kf_values__rosidl_typesupport_fastrtps_cpp.hpp
[0.701s] -- Up-to-date: /home/uwr/Desktop/2024_UWR/install/sonar_msgs/include/sonar_msgs/sonar_msgs/msg/detail/three_sonar_depth__rosidl_typesupport_fastrtps_cpp.hpp
[0.702s] -- Up-to-date: /home/uwr/Desktop/2024_UWR/install/sonar_msgs/include/sonar_msgs/sonar_msgs/msg/detail/conf_scal__rosidl_typesupport_fastrtps_cpp.hpp
[0.702s] -- Up-to-date: /home/uwr/Desktop/2024_UWR/install/sonar_msgs/include/sonar_msgs/sonar_msgs/msg/detail/dds_fastrtps
[0.702s] -- Up-to-date: /home/uwr/Desktop/2024_UWR/install/sonar_msgs/include/sonar_msgs/sonar_msgs/msg/rosidl_typesupport_fastrtps_cpp__visibility_control.h
[0.702s] -- Up-to-date: /home/uwr/Desktop/2024_UWR/install/sonar_msgs/lib/libsonar_msgs__rosidl_typesupport_fastrtps_cpp.so
[0.702s] -- Up-to-date: /home/uwr/Desktop/2024_UWR/install/sonar_msgs/include/sonar_msgs/sonar_msgs
[0.702s] -- Up-to-date: /home/uwr/Desktop/2024_UWR/install/sonar_msgs/include/sonar_msgs/sonar_msgs/msg
[0.702s] -- Up-to-date: /home/uwr/Desktop/2024_UWR/install/sonar_msgs/include/sonar_msgs/sonar_msgs/msg/rosidl_typesupport_introspection_c__visibility_control.h
[0.703s] -- Up-to-date: /home/uwr/Desktop/2024_UWR/install/sonar_msgs/include/sonar_msgs/sonar_msgs/msg/detail
[0.703s] -- Up-to-date: /home/uwr/Desktop/2024_UWR/install/sonar_msgs/include/sonar_msgs/sonar_msgs/msg/detail/kf_values__type_support.c
[0.703s] -- Up-to-date: /home/uwr/Desktop/2024_UWR/install/sonar_msgs/include/sonar_msgs/sonar_msgs/msg/detail/conf_scal__type_support.c
[0.703s] -- Up-to-date: /home/uwr/Desktop/2024_UWR/install/sonar_msgs/include/sonar_msgs/sonar_msgs/msg/detail/conf_scal__rosidl_typesupport_introspection_c.h
[0.703s] -- Up-to-date: /home/uwr/Desktop/2024_UWR/install/sonar_msgs/include/sonar_msgs/sonar_msgs/msg/detail/three_sonar_depth__type_support.c
[0.703s] -- Up-to-date: /home/uwr/Desktop/2024_UWR/install/sonar_msgs/include/sonar_msgs/sonar_msgs/msg/detail/three_sonar_depth__rosidl_typesupport_introspection_c.h
[0.703s] -- Up-to-date: /home/uwr/Desktop/2024_UWR/install/sonar_msgs/include/sonar_msgs/sonar_msgs/msg/detail/kf_values__rosidl_typesupport_introspection_c.h
[0.703s] -- Up-to-date: /home/uwr/Desktop/2024_UWR/install/sonar_msgs/lib/libsonar_msgs__rosidl_typesupport_introspection_c.so
[0.703s] -- Up-to-date: /home/uwr/Desktop/2024_UWR/install/sonar_msgs/lib/libsonar_msgs__rosidl_typesupport_c.so
[0.703s] -- Up-to-date: /home/uwr/Desktop/2024_UWR/install/sonar_msgs/include/sonar_msgs/sonar_msgs
[0.703s] -- Up-to-date: /home/uwr/Desktop/2024_UWR/install/sonar_msgs/include/sonar_msgs/sonar_msgs/msg
[0.704s] -- Up-to-date: /home/uwr/Desktop/2024_UWR/install/sonar_msgs/include/sonar_msgs/sonar_msgs/msg/detail
[0.704s] -- Up-to-date: /home/uwr/Desktop/2024_UWR/install/sonar_msgs/include/sonar_msgs/sonar_msgs/msg/detail/three_sonar_depth__type_support.cpp
[0.704s] -- Up-to-date: /home/uwr/Desktop/2024_UWR/install/sonar_msgs/include/sonar_msgs/sonar_msgs/msg/detail/kf_values__rosidl_typesupport_introspection_cpp.hpp
[0.704s] -- Up-to-date: /home/uwr/Desktop/2024_UWR/install/sonar_msgs/include/sonar_msgs/sonar_msgs/msg/detail/three_sonar_depth__rosidl_typesupport_introspection_cpp.hpp
[0.704s] -- Up-to-date: /home/uwr/Desktop/2024_UWR/install/sonar_msgs/include/sonar_msgs/sonar_msgs/msg/detail/conf_scal__type_support.cpp
[0.704s] -- Up-to-date: /home/uwr/Desktop/2024_UWR/install/sonar_msgs/include/sonar_msgs/sonar_msgs/msg/detail/conf_scal__rosidl_typesupport_introspection_cpp.hpp
[0.704s] -- Up-to-date: /home/uwr/Desktop/2024_UWR/install/sonar_msgs/include/sonar_msgs/sonar_msgs/msg/detail/kf_values__type_support.cpp
[0.704s] -- Up-to-date: /home/uwr/Desktop/2024_UWR/install/sonar_msgs/lib/libsonar_msgs__rosidl_typesupport_introspection_cpp.so
[0.704s] -- Up-to-date: /home/uwr/Desktop/2024_UWR/install/sonar_msgs/lib/libsonar_msgs__rosidl_typesupport_cpp.so
[0.705s] -- Up-to-date: /home/uwr/Desktop/2024_UWR/install/sonar_msgs/share/sonar_msgs/environment/pythonpath.sh
[0.705s] -- Up-to-date: /home/uwr/Desktop/2024_UWR/install/sonar_msgs/share/sonar_msgs/environment/pythonpath.dsv
[0.705s] -- Up-to-date: /home/uwr/Desktop/2024_UWR/install/sonar_msgs/local/lib/python3.10/dist-packages/sonar_msgs-0.0.0-py3.10.egg-info
[0.705s] -- Installing: /home/uwr/Desktop/2024_UWR/install/sonar_msgs/local/lib/python3.10/dist-packages/sonar_msgs-0.0.0-py3.10.egg-info/top_level.txt
[0.705s] -- Installing: /home/uwr/Desktop/2024_UWR/install/sonar_msgs/local/lib/python3.10/dist-packages/sonar_msgs-0.0.0-py3.10.egg-info/dependency_links.txt
[0.705s] -- Installing: /home/uwr/Desktop/2024_UWR/install/sonar_msgs/local/lib/python3.10/dist-packages/sonar_msgs-0.0.0-py3.10.egg-info/PKG-INFO
[0.705s] -- Installing: /home/uwr/Desktop/2024_UWR/install/sonar_msgs/local/lib/python3.10/dist-packages/sonar_msgs-0.0.0-py3.10.egg-info/SOURCES.txt
[0.705s] -- Up-to-date: /home/uwr/Desktop/2024_UWR/install/sonar_msgs/local/lib/python3.10/dist-packages/sonar_msgs
[0.705s] -- Up-to-date: /home/uwr/Desktop/2024_UWR/install/sonar_msgs/local/lib/python3.10/dist-packages/sonar_msgs/libsonar_msgs__rosidl_generator_py.so
[0.705s] -- Up-to-date: /home/uwr/Desktop/2024_UWR/install/sonar_msgs/local/lib/python3.10/dist-packages/sonar_msgs/sonar_msgs_s__rosidl_typesupport_fastrtps_c.cpython-310-x86_64-linux-gnu.so
[0.705s] -- Up-to-date: /home/uwr/Desktop/2024_UWR/install/sonar_msgs/local/lib/python3.10/dist-packages/sonar_msgs/_sonar_msgs_s.ep.rosidl_typesupport_introspection_c.c
[0.705s] -- Up-to-date: /home/uwr/Desktop/2024_UWR/install/sonar_msgs/local/lib/python3.10/dist-packages/sonar_msgs/sonar_msgs_s__rosidl_typesupport_introspection_c.cpython-310-x86_64-linux-gnu.so
[0.705s] -- Up-to-date: /home/uwr/Desktop/2024_UWR/install/sonar_msgs/local/lib/python3.10/dist-packages/sonar_msgs/_sonar_msgs_s.ep.rosidl_typesupport_c.c
[0.705s] -- Up-to-date: /home/uwr/Desktop/2024_UWR/install/sonar_msgs/local/lib/python3.10/dist-packages/sonar_msgs/msg
[0.706s] -- Up-to-date: /home/uwr/Desktop/2024_UWR/install/sonar_msgs/local/lib/python3.10/dist-packages/sonar_msgs/msg/_conf_scal.py
[0.706s] -- Up-to-date: /home/uwr/Desktop/2024_UWR/install/sonar_msgs/local/lib/python3.10/dist-packages/sonar_msgs/msg/_three_sonar_depth_s.c
[0.706s] -- Up-to-date: /home/uwr/Desktop/2024_UWR/install/sonar_msgs/local/lib/python3.10/dist-packages/sonar_msgs/msg/_kf_values_s.c
[0.706s] -- Up-to-date: /home/uwr/Desktop/2024_UWR/install/sonar_msgs/local/lib/python3.10/dist-packages/sonar_msgs/msg/_three_sonar_depth.py
[0.706s] -- Up-to-date: /home/uwr/Desktop/2024_UWR/install/sonar_msgs/local/lib/python3.10/dist-packages/sonar_msgs/msg/_kf_values.py
[0.706s] -- Up-to-date: /home/uwr/Desktop/2024_UWR/install/sonar_msgs/local/lib/python3.10/dist-packages/sonar_msgs/msg/_conf_scal_s.c
[0.706s] -- Up-to-date: /home/uwr/Desktop/2024_UWR/install/sonar_msgs/local/lib/python3.10/dist-packages/sonar_msgs/msg/__init__.py
[0.706s] -- Up-to-date: /home/uwr/Desktop/2024_UWR/install/sonar_msgs/local/lib/python3.10/dist-packages/sonar_msgs/__init__.py
[0.706s] -- Up-to-date: /home/uwr/Desktop/2024_UWR/install/sonar_msgs/local/lib/python3.10/dist-packages/sonar_msgs/sonar_msgs_s__rosidl_typesupport_c.cpython-310-x86_64-linux-gnu.so
[0.706s] -- Up-to-date: /home/uwr/Desktop/2024_UWR/install/sonar_msgs/local/lib/python3.10/dist-packages/sonar_msgs/_sonar_msgs_s.ep.rosidl_typesupport_fastrtps_c.c
[0.742s] Listing '/home/uwr/Desktop/2024_UWR/install/sonar_msgs/local/lib/python3.10/dist-packages/sonar_msgs'...
[0.742s] Listing '/home/uwr/Desktop/2024_UWR/install/sonar_msgs/local/lib/python3.10/dist-packages/sonar_msgs/msg'...
[0.747s] -- Up-to-date: /home/uwr/Desktop/2024_UWR/install/sonar_msgs/local/lib/python3.10/dist-packages/sonar_msgs/sonar_msgs_s__rosidl_typesupport_fastrtps_c.cpython-310-x86_64-linux-gnu.so
[0.748s] -- Up-to-date: /home/uwr/Desktop/2024_UWR/install/sonar_msgs/local/lib/python3.10/dist-packages/sonar_msgs/sonar_msgs_s__rosidl_typesupport_introspection_c.cpython-310-x86_64-linux-gnu.so
[0.749s] -- Up-to-date: /home/uwr/Desktop/2024_UWR/install/sonar_msgs/local/lib/python3.10/dist-packages/sonar_msgs/sonar_msgs_s__rosidl_typesupport_c.cpython-310-x86_64-linux-gnu.so
[0.750s] -- Up-to-date: /home/uwr/Desktop/2024_UWR/install/sonar_msgs/lib/libsonar_msgs__rosidl_generator_py.so
[0.750s] -- Up-to-date: /home/uwr/Desktop/2024_UWR/install/sonar_msgs/share/sonar_msgs/msg/ThreeSonarDepth.idl
[0.750s] -- Up-to-date: /home/uwr/Desktop/2024_UWR/install/sonar_msgs/share/sonar_msgs/msg/ConfScal.idl
[0.750s] -- Up-to-date: /home/uwr/Desktop/2024_UWR/install/sonar_msgs/share/sonar_msgs/msg/KfValues.idl
[0.750s] -- Up-to-date: /home/uwr/Desktop/2024_UWR/install/sonar_msgs/share/sonar_msgs/msg/ThreeSonarDepth.msg
[0.750s] -- Up-to-date: /home/uwr/Desktop/2024_UWR/install/sonar_msgs/share/sonar_msgs/msg/ConfScal.msg
[0.750s] -- Up-to-date: /home/uwr/Desktop/2024_UWR/install/sonar_msgs/share/sonar_msgs/msg/KfValues.msg
[0.750s] -- Up-to-date: /home/uwr/Desktop/2024_UWR/install/sonar_msgs/share/ament_index/resource_index/package_run_dependencies/sonar_msgs
[0.750s] -- Up-to-date: /home/uwr/Desktop/2024_UWR/install/sonar_msgs/share/ament_index/resource_index/parent_prefix_path/sonar_msgs
[0.751s] -- Up-to-date: /home/uwr/Desktop/2024_UWR/install/sonar_msgs/share/sonar_msgs/environment/ament_prefix_path.sh
[0.751s] -- Up-to-date: /home/uwr/Desktop/2024_UWR/install/sonar_msgs/share/sonar_msgs/environment/ament_prefix_path.dsv
[0.751s] -- Up-to-date: /home/uwr/Desktop/2024_UWR/install/sonar_msgs/share/sonar_msgs/environment/path.sh
[0.751s] -- Up-to-date: /home/uwr/Desktop/2024_UWR/install/sonar_msgs/share/sonar_msgs/environment/path.dsv
[0.751s] -- Up-to-date: /home/uwr/Desktop/2024_UWR/install/sonar_msgs/share/sonar_msgs/local_setup.bash
[0.751s] -- Up-to-date: /home/uwr/Desktop/2024_UWR/install/sonar_msgs/share/sonar_msgs/local_setup.sh
[0.751s] -- Up-to-date: /home/uwr/Desktop/2024_UWR/install/sonar_msgs/share/sonar_msgs/local_setup.zsh
[0.751s] -- Up-to-date: /home/uwr/Desktop/2024_UWR/install/sonar_msgs/share/sonar_msgs/local_setup.dsv
[0.751s] -- Installing: /home/uwr/Desktop/2024_UWR/install/sonar_msgs/share/sonar_msgs/package.dsv
[0.751s] -- Up-to-date: /home/uwr/Desktop/2024_UWR/install/sonar_msgs/share/ament_index/resource_index/packages/sonar_msgs
[0.751s] -- Up-to-date: /home/uwr/Desktop/2024_UWR/install/sonar_msgs/share/sonar_msgs/cmake/export_sonar_msgs__rosidl_generator_cExport.cmake
[0.751s] -- Up-to-date: /home/uwr/Desktop/2024_UWR/install/sonar_msgs/share/sonar_msgs/cmake/export_sonar_msgs__rosidl_generator_cExport-noconfig.cmake
[0.752s] -- Up-to-date: /home/uwr/Desktop/2024_UWR/install/sonar_msgs/share/sonar_msgs/cmake/export_sonar_msgs__rosidl_typesupport_fastrtps_cExport.cmake
[0.752s] -- Up-to-date: /home/uwr/Desktop/2024_UWR/install/sonar_msgs/share/sonar_msgs/cmake/export_sonar_msgs__rosidl_typesupport_fastrtps_cExport-noconfig.cmake
[0.752s] -- Up-to-date: /home/uwr/Desktop/2024_UWR/install/sonar_msgs/share/sonar_msgs/cmake/export_sonar_msgs__rosidl_generator_cppExport.cmake
[0.753s] -- Up-to-date: /home/uwr/Desktop/2024_UWR/install/sonar_msgs/share/sonar_msgs/cmake/export_sonar_msgs__rosidl_typesupport_fastrtps_cppExport.cmake
[0.753s] -- Up-to-date: /home/uwr/Desktop/2024_UWR/install/sonar_msgs/share/sonar_msgs/cmake/export_sonar_msgs__rosidl_typesupport_fastrtps_cppExport-noconfig.cmake
[0.753s] -- Up-to-date: /home/uwr/Desktop/2024_UWR/install/sonar_msgs/share/sonar_msgs/cmake/sonar_msgs__rosidl_typesupport_introspection_cExport.cmake
[0.753s] -- Up-to-date: /home/uwr/Desktop/2024_UWR/install/sonar_msgs/share/sonar_msgs/cmake/sonar_msgs__rosidl_typesupport_introspection_cExport-noconfig.cmake
[0.754s] -- Up-to-date: /home/uwr/Desktop/2024_UWR/install/sonar_msgs/share/sonar_msgs/cmake/sonar_msgs__rosidl_typesupport_cExport.cmake
[0.754s] -- Up-to-date: /home/uwr/Desktop/2024_UWR/install/sonar_msgs/share/sonar_msgs/cmake/sonar_msgs__rosidl_typesupport_cExport-noconfig.cmake
[0.755s] -- Up-to-date: /home/uwr/Desktop/2024_UWR/install/sonar_msgs/share/sonar_msgs/cmake/sonar_msgs__rosidl_typesupport_introspection_cppExport.cmake
[0.755s] -- Up-to-date: /home/uwr/Desktop/2024_UWR/install/sonar_msgs/share/sonar_msgs/cmake/sonar_msgs__rosidl_typesupport_introspection_cppExport-noconfig.cmake
[0.755s] -- Up-to-date: /home/uwr/Desktop/2024_UWR/install/sonar_msgs/share/sonar_msgs/cmake/sonar_msgs__rosidl_typesupport_cppExport.cmake
[0.755s] -- Up-to-date: /home/uwr/Desktop/2024_UWR/install/sonar_msgs/share/sonar_msgs/cmake/sonar_msgs__rosidl_typesupport_cppExport-noconfig.cmake
[0.755s] -- Up-to-date: /home/uwr/Desktop/2024_UWR/install/sonar_msgs/share/sonar_msgs/cmake/export_sonar_msgs__rosidl_generator_pyExport.cmake
[0.755s] -- Up-to-date: /home/uwr/Desktop/2024_UWR/install/sonar_msgs/share/sonar_msgs/cmake/export_sonar_msgs__rosidl_generator_pyExport-noconfig.cmake
[0.755s] -- Up-to-date: /home/uwr/Desktop/2024_UWR/install/sonar_msgs/share/sonar_msgs/cmake/rosidl_cmake-extras.cmake
[0.756s] -- Up-to-date: /home/uwr/Desktop/2024_UWR/install/sonar_msgs/share/sonar_msgs/cmake/ament_cmake_export_dependencies-extras.cmake
[0.756s] -- Up-to-date: /home/uwr/Desktop/2024_UWR/install/sonar_msgs/share/sonar_msgs/cmake/ament_cmake_export_include_directories-extras.cmake
[0.756s] -- Up-to-date: /home/uwr/Desktop/2024_UWR/install/sonar_msgs/share/sonar_msgs/cmake/ament_cmake_export_libraries-extras.cmake
[0.756s] -- Up-to-date: /home/uwr/Desktop/2024_UWR/install/sonar_msgs/share/sonar_msgs/cmake/ament_cmake_export_targets-extras.cmake
[0.756s] -- Up-to-date: /home/uwr/Desktop/2024_UWR/install/sonar_msgs/share/sonar_msgs/cmake/rosidl_cmake_export_typesupport_targets-extras.cmake
[0.756s] -- Up-to-date: /home/uwr/Desktop/2024_UWR/install/sonar_msgs/share/sonar_msgs/cmake/rosidl_cmake_export_typesupport_libraries-extras.cmake
[0.756s] -- Up-to-date: /home/uwr/Desktop/2024_UWR/install/sonar_msgs/share/sonar_msgs/cmake/sonar_msgsConfig.cmake
[0.756s] -- Up-to-date: /home/uwr/Desktop/2024_UWR/install/sonar_msgs/share/sonar_msgs/cmake/sonar_msgsConfig-version.cmake
[0.756s] -- Up-to-date: /home/uwr/Desktop/2024_UWR/install/sonar_msgs/share/sonar_msgs/package.xml
[0.762s] Invoked command in '/home/uwr/Desktop/2024_UWR/build/sonar_msgs' returned '0': CMAKE_PREFIX_PATH=${CMAKE_PREFIX_PATH}:/home/uwr/Desktop/2024_UWR/install/sonar_subs:/opt/ros/humble /usr/bin/cmake --install /home/uwr/Desktop/2024_UWR/build/sonar_msgs
