[0.069s] Invoking command in '/home/uwr/Desktop/2024_UWR/build/adnav-driver': CMAKE_PREFIX_PATH=${CMAKE_PREFIX_PATH}:/home/uwr/Desktop/2024_UWR/install/sonar_subs:/opt/ros/humble /usr/bin/cmake --build /home/uwr/Desktop/2024_UWR/build/adnav-driver -- -j8 -l8
[0.399s] [100%] Built target adnav_driver
[0.535s] Invoked command in '/home/uwr/Desktop/2024_UWR/build/adnav-driver' returned '0': CMAKE_PREFIX_PATH=${CMAKE_PREFIX_PATH}:/home/uwr/Desktop/2024_UWR/install/sonar_subs:/opt/ros/humble /usr/bin/cmake --build /home/uwr/Desktop/2024_UWR/build/adnav-driver -- -j8 -l8
[0.704s] Invoking command in '/home/uwr/Desktop/2024_UWR/build/adnav-driver': CMAKE_PREFIX_PATH=${CMAKE_PREFIX_PATH}:/home/uwr/Desktop/2024_UWR/install/sonar_subs:/opt/ros/humble /usr/bin/cmake --install /home/uwr/Desktop/2024_UWR/build/adnav-driver
[0.752s] -- Install configuration: ""
[0.752s] -- Up-to-date: /home/uwr/Desktop/2024_UWR/install/adnav-driver/lib/adnav-driver/adnav_driver
[0.753s] -- Up-to-date: /home/uwr/Desktop/2024_UWR/install/adnav-driver/share/ament_index/resource_index/package_run_dependencies/adnav-driver
[0.753s] -- Up-to-date: /home/uwr/Desktop/2024_UWR/install/adnav-driver/share/ament_index/resource_index/parent_prefix_path/adnav-driver
[0.754s] -- Up-to-date: /home/uwr/Desktop/2024_UWR/install/adnav-driver/share/adnav-driver/environment/ament_prefix_path.sh
[0.754s] -- Up-to-date: /home/uwr/Desktop/2024_UWR/install/adnav-driver/share/adnav-driver/environment/ament_prefix_path.dsv
[0.755s] -- Up-to-date: /home/uwr/Desktop/2024_UWR/install/adnav-driver/share/adnav-driver/environment/path.sh
[0.755s] -- Up-to-date: /home/uwr/Desktop/2024_UWR/install/adnav-driver/share/adnav-driver/environment/path.dsv
[0.756s] -- Up-to-date: /home/uwr/Desktop/2024_UWR/install/adnav-driver/share/adnav-driver/local_setup.bash
[0.756s] -- Up-to-date: /home/uwr/Desktop/2024_UWR/install/adnav-driver/share/adnav-driver/local_setup.sh
[0.756s] -- Up-to-date: /home/uwr/Desktop/2024_UWR/install/adnav-driver/share/adnav-driver/local_setup.zsh
[0.757s] -- Up-to-date: /home/uwr/Desktop/2024_UWR/install/adnav-driver/share/adnav-driver/local_setup.dsv
[0.757s] -- Installing: /home/uwr/Desktop/2024_UWR/install/adnav-driver/share/adnav-driver/package.dsv
[0.758s] -- Up-to-date: /home/uwr/Desktop/2024_UWR/install/adnav-driver/share/ament_index/resource_index/packages/adnav-driver
[0.758s] -- Up-to-date: /home/uwr/Desktop/2024_UWR/install/adnav-driver/share/adnav-driver/cmake/adnav-driverConfig.cmake
[0.759s] -- Up-to-date: /home/uwr/Desktop/2024_UWR/install/adnav-driver/share/adnav-driver/cmake/adnav-driverConfig-version.cmake
[0.759s] -- Up-to-date: /home/uwr/Desktop/2024_UWR/install/adnav-driver/share/adnav-driver/package.xml
[0.866s] Invoked command in '/home/uwr/Desktop/2024_UWR/build/adnav-driver' returned '0': CMAKE_PREFIX_PATH=${CMAKE_PREFIX_PATH}:/home/uwr/Desktop/2024_UWR/install/sonar_subs:/opt/ros/humble /usr/bin/cmake --install /home/uwr/Desktop/2024_UWR/build/adnav-driver
