[0.038s] Invoking command in '/home/uwr/Desktop/2024_UWR/build/sonar_msgs': CMAKE_PREFIX_PATH=${CMAKE_PREFIX_PATH}:/home/uwr/Desktop/2024_UWR/install/sonar_subs:/opt/ros/humble /usr/bin/cmake --build /home/uwr/Desktop/2024_UWR/build/sonar_msgs -- -j8 -l8
[0.137s] [  2%] Built target sonar_msgs__cpp
[0.144s] [ 12%] Built target sonar_msgs__rosidl_generator_c
[0.162s] [ 12%] Built target ament_cmake_python_symlink_sonar_msgs
[0.205s] [ 23%] Built target sonar_msgs__rosidl_typesupport_c
[0.206s] [ 34%] Built target sonar_msgs__rosidl_typesupport_introspection_cpp
[0.211s] [ 44%] Built target sonar_msgs__rosidl_typesupport_cpp
[0.212s] [ 55%] Built target sonar_msgs__rosidl_typesupport_fastrtps_cpp
[0.229s] [ 65%] Built target sonar_msgs__rosidl_typesupport_introspection_c
[0.229s] [ 76%] Built target sonar_msgs__rosidl_typesupport_fastrtps_c
[0.284s] [ 76%] Built target sonar_msgs
[0.361s] [ 78%] Built target sonar_msgs__py
[0.462s] [ 87%] Built target sonar_msgs__rosidl_generator_py
[0.539s] [ 91%] Built target sonar_msgs__rosidl_typesupport_introspection_c__pyext
[0.544s] [ 95%] Built target sonar_msgs__rosidl_typesupport_fastrtps_c__pyext
[0.557s] [100%] Built target sonar_msgs__rosidl_typesupport_c__pyext
[0.682s] running egg_info
[0.683s] writing sonar_msgs.egg-info/PKG-INFO
[0.683s] writing dependency_links to sonar_msgs.egg-info/dependency_links.txt
[0.683s] writing top-level names to sonar_msgs.egg-info/top_level.txt
[0.686s] reading manifest file 'sonar_msgs.egg-info/SOURCES.txt'
[0.686s] writing manifest file 'sonar_msgs.egg-info/SOURCES.txt'
[0.715s] [100%] Built target ament_cmake_python_build_sonar_msgs_egg
[0.727s] Invoked command in '/home/uwr/Desktop/2024_UWR/build/sonar_msgs' returned '0': CMAKE_PREFIX_PATH=${CMAKE_PREFIX_PATH}:/home/uwr/Desktop/2024_UWR/install/sonar_subs:/opt/ros/humble /usr/bin/cmake --build /home/uwr/Desktop/2024_UWR/build/sonar_msgs -- -j8 -l8
[0.817s] Invoking command in '/home/uwr/Desktop/2024_UWR/build/sonar_msgs': CMAKE_PREFIX_PATH=${CMAKE_PREFIX_PATH}:/home/uwr/Desktop/2024_UWR/install/sonar_subs:/opt/ros/humble /usr/bin/cmake --install /home/uwr/Desktop/2024_UWR/build/sonar_msgs
[0.825s] -- Install configuration: ""
[0.827s] -- Execute custom install script
[0.828s] -- Up-to-date symlink: /home/uwr/Desktop/2024_UWR/install/sonar_msgs/share/ament_index/resource_index/rosidl_interfaces/sonar_msgs
[0.828s] -- Up-to-date symlink: /home/uwr/Desktop/2024_UWR/install/sonar_msgs/include/sonar_msgs/sonar_msgs/msg/conf_scal.h
[0.829s] -- Up-to-date symlink: /home/uwr/Desktop/2024_UWR/install/sonar_msgs/include/sonar_msgs/sonar_msgs/msg/detail/conf_scal__functions.h
[0.829s] -- Up-to-date symlink: /home/uwr/Desktop/2024_UWR/install/sonar_msgs/include/sonar_msgs/sonar_msgs/msg/detail/conf_scal__struct.h
[0.829s] -- Up-to-date symlink: /home/uwr/Desktop/2024_UWR/install/sonar_msgs/include/sonar_msgs/sonar_msgs/msg/detail/conf_scal__type_support.h
[0.829s] -- Up-to-date symlink: /home/uwr/Desktop/2024_UWR/install/sonar_msgs/include/sonar_msgs/sonar_msgs/msg/detail/kf_values__functions.h
[0.829s] -- Up-to-date symlink: /home/uwr/Desktop/2024_UWR/install/sonar_msgs/include/sonar_msgs/sonar_msgs/msg/detail/kf_values__struct.h
[0.829s] -- Up-to-date symlink: /home/uwr/Desktop/2024_UWR/install/sonar_msgs/include/sonar_msgs/sonar_msgs/msg/detail/kf_values__type_support.h
[0.829s] -- Up-to-date symlink: /home/uwr/Desktop/2024_UWR/install/sonar_msgs/include/sonar_msgs/sonar_msgs/msg/detail/three_sonar_depth__functions.h
[0.829s] -- Up-to-date symlink: /home/uwr/Desktop/2024_UWR/install/sonar_msgs/include/sonar_msgs/sonar_msgs/msg/detail/three_sonar_depth__struct.h
[0.829s] -- Up-to-date symlink: /home/uwr/Desktop/2024_UWR/install/sonar_msgs/include/sonar_msgs/sonar_msgs/msg/detail/three_sonar_depth__type_support.h
[0.829s] -- Up-to-date symlink: /home/uwr/Desktop/2024_UWR/install/sonar_msgs/include/sonar_msgs/sonar_msgs/msg/kf_values.h
[0.829s] -- Up-to-date symlink: /home/uwr/Desktop/2024_UWR/install/sonar_msgs/include/sonar_msgs/sonar_msgs/msg/rosidl_generator_c__visibility_control.h
[0.829s] -- Up-to-date symlink: /home/uwr/Desktop/2024_UWR/install/sonar_msgs/include/sonar_msgs/sonar_msgs/msg/three_sonar_depth.h
[0.829s] -- Up-to-date symlink: /home/uwr/Desktop/2024_UWR/install/sonar_msgs/share/sonar_msgs/environment/library_path.sh
[0.829s] -- Up-to-date symlink: /home/uwr/Desktop/2024_UWR/install/sonar_msgs/share/sonar_msgs/environment/library_path.dsv
[0.829s] -- Up-to-date symlink: /home/uwr/Desktop/2024_UWR/install/sonar_msgs/include/sonar_msgs/sonar_msgs/msg/detail/conf_scal__rosidl_typesupport_fastrtps_c.h
[0.830s] -- Up-to-date symlink: /home/uwr/Desktop/2024_UWR/install/sonar_msgs/include/sonar_msgs/sonar_msgs/msg/detail/kf_values__rosidl_typesupport_fastrtps_c.h
[0.830s] -- Up-to-date symlink: /home/uwr/Desktop/2024_UWR/install/sonar_msgs/include/sonar_msgs/sonar_msgs/msg/detail/three_sonar_depth__rosidl_typesupport_fastrtps_c.h
[0.830s] -- Up-to-date symlink: /home/uwr/Desktop/2024_UWR/install/sonar_msgs/include/sonar_msgs/sonar_msgs/msg/rosidl_typesupport_fastrtps_c__visibility_control.h
[0.830s] -- Up-to-date symlink: /home/uwr/Desktop/2024_UWR/install/sonar_msgs/include/sonar_msgs/sonar_msgs/msg/conf_scal.hpp
[0.830s] -- Up-to-date symlink: /home/uwr/Desktop/2024_UWR/install/sonar_msgs/include/sonar_msgs/sonar_msgs/msg/detail/conf_scal__builder.hpp
[0.830s] -- Up-to-date symlink: /home/uwr/Desktop/2024_UWR/install/sonar_msgs/include/sonar_msgs/sonar_msgs/msg/detail/conf_scal__struct.hpp
[0.830s] -- Up-to-date symlink: /home/uwr/Desktop/2024_UWR/install/sonar_msgs/include/sonar_msgs/sonar_msgs/msg/detail/conf_scal__traits.hpp
[0.831s] -- Up-to-date symlink: /home/uwr/Desktop/2024_UWR/install/sonar_msgs/include/sonar_msgs/sonar_msgs/msg/detail/kf_values__builder.hpp
[0.831s] -- Up-to-date symlink: /home/uwr/Desktop/2024_UWR/install/sonar_msgs/include/sonar_msgs/sonar_msgs/msg/detail/kf_values__struct.hpp
[0.831s] -- Up-to-date symlink: /home/uwr/Desktop/2024_UWR/install/sonar_msgs/include/sonar_msgs/sonar_msgs/msg/detail/kf_values__traits.hpp
[0.831s] -- Up-to-date symlink: /home/uwr/Desktop/2024_UWR/install/sonar_msgs/include/sonar_msgs/sonar_msgs/msg/detail/three_sonar_depth__builder.hpp
[0.831s] -- Up-to-date symlink: /home/uwr/Desktop/2024_UWR/install/sonar_msgs/include/sonar_msgs/sonar_msgs/msg/detail/three_sonar_depth__struct.hpp
[0.831s] -- Up-to-date symlink: /home/uwr/Desktop/2024_UWR/install/sonar_msgs/include/sonar_msgs/sonar_msgs/msg/detail/three_sonar_depth__traits.hpp
[0.831s] -- Up-to-date symlink: /home/uwr/Desktop/2024_UWR/install/sonar_msgs/include/sonar_msgs/sonar_msgs/msg/kf_values.hpp
[0.831s] -- Up-to-date symlink: /home/uwr/Desktop/2024_UWR/install/sonar_msgs/include/sonar_msgs/sonar_msgs/msg/three_sonar_depth.hpp
[0.832s] -- Up-to-date symlink: /home/uwr/Desktop/2024_UWR/install/sonar_msgs/include/sonar_msgs/sonar_msgs/msg/detail/conf_scal__rosidl_typesupport_fastrtps_cpp.hpp
[0.832s] -- Up-to-date symlink: /home/uwr/Desktop/2024_UWR/install/sonar_msgs/include/sonar_msgs/sonar_msgs/msg/detail/kf_values__rosidl_typesupport_fastrtps_cpp.hpp
[0.832s] -- Up-to-date symlink: /home/uwr/Desktop/2024_UWR/install/sonar_msgs/include/sonar_msgs/sonar_msgs/msg/detail/three_sonar_depth__rosidl_typesupport_fastrtps_cpp.hpp
[0.832s] -- Up-to-date symlink: /home/uwr/Desktop/2024_UWR/install/sonar_msgs/include/sonar_msgs/sonar_msgs/msg/rosidl_typesupport_fastrtps_cpp__visibility_control.h
[0.833s] -- Up-to-date symlink: /home/uwr/Desktop/2024_UWR/install/sonar_msgs/include/sonar_msgs/sonar_msgs/msg/detail/conf_scal__rosidl_typesupport_introspection_c.h
[0.833s] -- Up-to-date symlink: /home/uwr/Desktop/2024_UWR/install/sonar_msgs/include/sonar_msgs/sonar_msgs/msg/detail/kf_values__rosidl_typesupport_introspection_c.h
[0.833s] -- Up-to-date symlink: /home/uwr/Desktop/2024_UWR/install/sonar_msgs/include/sonar_msgs/sonar_msgs/msg/detail/three_sonar_depth__rosidl_typesupport_introspection_c.h
[0.833s] -- Up-to-date symlink: /home/uwr/Desktop/2024_UWR/install/sonar_msgs/include/sonar_msgs/sonar_msgs/msg/rosidl_typesupport_introspection_c__visibility_control.h
[0.833s] -- Up-to-date symlink: /home/uwr/Desktop/2024_UWR/install/sonar_msgs/include/sonar_msgs/sonar_msgs/msg/detail/conf_scal__rosidl_typesupport_introspection_cpp.hpp
[0.834s] -- Up-to-date symlink: /home/uwr/Desktop/2024_UWR/install/sonar_msgs/include/sonar_msgs/sonar_msgs/msg/detail/kf_values__rosidl_typesupport_introspection_cpp.hpp
[0.834s] -- Up-to-date symlink: /home/uwr/Desktop/2024_UWR/install/sonar_msgs/include/sonar_msgs/sonar_msgs/msg/detail/three_sonar_depth__rosidl_typesupport_introspection_cpp.hpp
[0.834s] -- Up-to-date symlink: /home/uwr/Desktop/2024_UWR/install/sonar_msgs/share/sonar_msgs/environment/pythonpath.sh
[0.834s] -- Up-to-date symlink: /home/uwr/Desktop/2024_UWR/install/sonar_msgs/share/sonar_msgs/environment/pythonpath.dsv
[0.834s] -- Up-to-date symlink: /home/uwr/Desktop/2024_UWR/install/sonar_msgs/local/lib/python3.10/dist-packages/sonar_msgs-0.0.0-py3.10.egg-info/PKG-INFO
[0.834s] -- Up-to-date symlink: /home/uwr/Desktop/2024_UWR/install/sonar_msgs/local/lib/python3.10/dist-packages/sonar_msgs-0.0.0-py3.10.egg-info/SOURCES.txt
[0.835s] -- Up-to-date symlink: /home/uwr/Desktop/2024_UWR/install/sonar_msgs/local/lib/python3.10/dist-packages/sonar_msgs-0.0.0-py3.10.egg-info/dependency_links.txt
[0.835s] -- Up-to-date symlink: /home/uwr/Desktop/2024_UWR/install/sonar_msgs/local/lib/python3.10/dist-packages/sonar_msgs-0.0.0-py3.10.egg-info/top_level.txt
[0.835s] -- Up-to-date symlink: /home/uwr/Desktop/2024_UWR/install/sonar_msgs/local/lib/python3.10/dist-packages/sonar_msgs/__init__.py
[0.835s] -- Up-to-date symlink: /home/uwr/Desktop/2024_UWR/install/sonar_msgs/local/lib/python3.10/dist-packages/sonar_msgs/_sonar_msgs_s.ep.rosidl_typesupport_c.c
[0.836s] -- Up-to-date symlink: /home/uwr/Desktop/2024_UWR/install/sonar_msgs/local/lib/python3.10/dist-packages/sonar_msgs/_sonar_msgs_s.ep.rosidl_typesupport_fastrtps_c.c
[0.836s] -- Up-to-date symlink: /home/uwr/Desktop/2024_UWR/install/sonar_msgs/local/lib/python3.10/dist-packages/sonar_msgs/_sonar_msgs_s.ep.rosidl_typesupport_introspection_c.c
[0.836s] -- Up-to-date symlink: /home/uwr/Desktop/2024_UWR/install/sonar_msgs/local/lib/python3.10/dist-packages/sonar_msgs/libsonar_msgs__rosidl_generator_py.so
[0.836s] -- Up-to-date symlink: /home/uwr/Desktop/2024_UWR/install/sonar_msgs/local/lib/python3.10/dist-packages/sonar_msgs/msg/__init__.py
[0.836s] -- Up-to-date symlink: /home/uwr/Desktop/2024_UWR/install/sonar_msgs/local/lib/python3.10/dist-packages/sonar_msgs/msg/_conf_scal.py
[0.836s] -- Up-to-date symlink: /home/uwr/Desktop/2024_UWR/install/sonar_msgs/local/lib/python3.10/dist-packages/sonar_msgs/msg/_conf_scal_s.c
[0.836s] -- Up-to-date symlink: /home/uwr/Desktop/2024_UWR/install/sonar_msgs/local/lib/python3.10/dist-packages/sonar_msgs/msg/_kf_values.py
[0.836s] -- Up-to-date symlink: /home/uwr/Desktop/2024_UWR/install/sonar_msgs/local/lib/python3.10/dist-packages/sonar_msgs/msg/_kf_values_s.c
[0.836s] -- Up-to-date symlink: /home/uwr/Desktop/2024_UWR/install/sonar_msgs/local/lib/python3.10/dist-packages/sonar_msgs/msg/_three_sonar_depth.py
[0.837s] -- Up-to-date symlink: /home/uwr/Desktop/2024_UWR/install/sonar_msgs/local/lib/python3.10/dist-packages/sonar_msgs/msg/_three_sonar_depth_s.c
[0.837s] -- Up-to-date symlink: /home/uwr/Desktop/2024_UWR/install/sonar_msgs/local/lib/python3.10/dist-packages/sonar_msgs/sonar_msgs_s__rosidl_typesupport_c.cpython-310-x86_64-linux-gnu.so
[0.837s] -- Up-to-date symlink: /home/uwr/Desktop/2024_UWR/install/sonar_msgs/local/lib/python3.10/dist-packages/sonar_msgs/sonar_msgs_s__rosidl_typesupport_fastrtps_c.cpython-310-x86_64-linux-gnu.so
[0.837s] -- Up-to-date symlink: /home/uwr/Desktop/2024_UWR/install/sonar_msgs/local/lib/python3.10/dist-packages/sonar_msgs/sonar_msgs_s__rosidl_typesupport_introspection_c.cpython-310-x86_64-linux-gnu.so
[0.837s] -- Up-to-date symlink: /home/uwr/Desktop/2024_UWR/install/sonar_msgs/local/lib/python3.10/dist-packages/sonar_msgs/sonar_msgs_s__rosidl_typesupport_fastrtps_c.cpython-310-x86_64-linux-gnu.so
[0.838s] -- Up-to-date symlink: /home/uwr/Desktop/2024_UWR/install/sonar_msgs/local/lib/python3.10/dist-packages/sonar_msgs/sonar_msgs_s__rosidl_typesupport_introspection_c.cpython-310-x86_64-linux-gnu.so
[0.838s] -- Up-to-date symlink: /home/uwr/Desktop/2024_UWR/install/sonar_msgs/local/lib/python3.10/dist-packages/sonar_msgs/sonar_msgs_s__rosidl_typesupport_c.cpython-310-x86_64-linux-gnu.so
[0.839s] -- Up-to-date symlink: /home/uwr/Desktop/2024_UWR/install/sonar_msgs/share/sonar_msgs/msg/ThreeSonarDepth.idl
[0.839s] -- Up-to-date symlink: /home/uwr/Desktop/2024_UWR/install/sonar_msgs/share/sonar_msgs/msg/ConfScal.idl
[0.839s] -- Up-to-date symlink: /home/uwr/Desktop/2024_UWR/install/sonar_msgs/share/sonar_msgs/msg/KfValues.idl
[0.839s] -- Up-to-date symlink: /home/uwr/Desktop/2024_UWR/install/sonar_msgs/share/sonar_msgs/msg/ThreeSonarDepth.msg
[0.839s] -- Up-to-date symlink: /home/uwr/Desktop/2024_UWR/install/sonar_msgs/share/sonar_msgs/msg/ConfScal.msg
[0.840s] -- Up-to-date symlink: /home/uwr/Desktop/2024_UWR/install/sonar_msgs/share/sonar_msgs/msg/KfValues.msg
[0.840s] -- Up-to-date symlink: /home/uwr/Desktop/2024_UWR/install/sonar_msgs/share/ament_index/resource_index/package_run_dependencies/sonar_msgs
[0.840s] -- Up-to-date symlink: /home/uwr/Desktop/2024_UWR/install/sonar_msgs/share/ament_index/resource_index/parent_prefix_path/sonar_msgs
[0.840s] -- Up-to-date symlink: /home/uwr/Desktop/2024_UWR/install/sonar_msgs/share/sonar_msgs/environment/ament_prefix_path.sh
[0.840s] -- Up-to-date symlink: /home/uwr/Desktop/2024_UWR/install/sonar_msgs/share/sonar_msgs/environment/ament_prefix_path.dsv
[0.841s] -- Up-to-date symlink: /home/uwr/Desktop/2024_UWR/install/sonar_msgs/share/sonar_msgs/environment/path.sh
[0.841s] -- Up-to-date symlink: /home/uwr/Desktop/2024_UWR/install/sonar_msgs/share/sonar_msgs/environment/path.dsv
[0.841s] -- Up-to-date symlink: /home/uwr/Desktop/2024_UWR/install/sonar_msgs/share/sonar_msgs/local_setup.bash
[0.843s] -- Up-to-date symlink: /home/uwr/Desktop/2024_UWR/install/sonar_msgs/share/sonar_msgs/local_setup.sh
[0.844s] -- Up-to-date symlink: /home/uwr/Desktop/2024_UWR/install/sonar_msgs/share/sonar_msgs/local_setup.zsh
[0.844s] -- Up-to-date symlink: /home/uwr/Desktop/2024_UWR/install/sonar_msgs/share/sonar_msgs/local_setup.dsv
[0.844s] -- Symlinking: /home/uwr/Desktop/2024_UWR/install/sonar_msgs/share/sonar_msgs/package.dsv
[0.853s] -- Up-to-date symlink: /home/uwr/Desktop/2024_UWR/install/sonar_msgs/share/ament_index/resource_index/packages/sonar_msgs
[0.853s] -- Up-to-date symlink: /home/uwr/Desktop/2024_UWR/install/sonar_msgs/share/sonar_msgs/cmake/rosidl_cmake-extras.cmake
[0.853s] -- Up-to-date symlink: /home/uwr/Desktop/2024_UWR/install/sonar_msgs/share/sonar_msgs/cmake/ament_cmake_export_dependencies-extras.cmake
[0.853s] -- Up-to-date symlink: /home/uwr/Desktop/2024_UWR/install/sonar_msgs/share/sonar_msgs/cmake/ament_cmake_export_include_directories-extras.cmake
[0.854s] -- Up-to-date symlink: /home/uwr/Desktop/2024_UWR/install/sonar_msgs/share/sonar_msgs/cmake/ament_cmake_export_libraries-extras.cmake
[0.854s] -- Up-to-date symlink: /home/uwr/Desktop/2024_UWR/install/sonar_msgs/share/sonar_msgs/cmake/ament_cmake_export_targets-extras.cmake
[0.854s] -- Up-to-date symlink: /home/uwr/Desktop/2024_UWR/install/sonar_msgs/share/sonar_msgs/cmake/rosidl_cmake_export_typesupport_targets-extras.cmake
[0.854s] -- Up-to-date symlink: /home/uwr/Desktop/2024_UWR/install/sonar_msgs/share/sonar_msgs/cmake/rosidl_cmake_export_typesupport_libraries-extras.cmake
[0.854s] -- Up-to-date symlink: /home/uwr/Desktop/2024_UWR/install/sonar_msgs/share/sonar_msgs/cmake/sonar_msgsConfig.cmake
[0.854s] -- Up-to-date symlink: /home/uwr/Desktop/2024_UWR/install/sonar_msgs/share/sonar_msgs/cmake/sonar_msgsConfig-version.cmake
[0.854s] -- Up-to-date symlink: /home/uwr/Desktop/2024_UWR/install/sonar_msgs/share/sonar_msgs/package.xml
[0.855s] -- Up-to-date: /home/uwr/Desktop/2024_UWR/install/sonar_msgs/lib/libsonar_msgs__rosidl_generator_c.so
[0.855s] -- Up-to-date: /home/uwr/Desktop/2024_UWR/install/sonar_msgs/lib/libsonar_msgs__rosidl_typesupport_fastrtps_c.so
[0.855s] -- Up-to-date: /home/uwr/Desktop/2024_UWR/install/sonar_msgs/lib/libsonar_msgs__rosidl_typesupport_fastrtps_cpp.so
[0.855s] -- Up-to-date: /home/uwr/Desktop/2024_UWR/install/sonar_msgs/lib/libsonar_msgs__rosidl_typesupport_introspection_c.so
[0.855s] -- Up-to-date: /home/uwr/Desktop/2024_UWR/install/sonar_msgs/lib/libsonar_msgs__rosidl_typesupport_c.so
[0.856s] -- Up-to-date: /home/uwr/Desktop/2024_UWR/install/sonar_msgs/lib/libsonar_msgs__rosidl_typesupport_introspection_cpp.so
[0.856s] -- Up-to-date: /home/uwr/Desktop/2024_UWR/install/sonar_msgs/lib/libsonar_msgs__rosidl_typesupport_cpp.so
[0.889s] Listing '/home/uwr/Desktop/2024_UWR/install/sonar_msgs/local/lib/python3.10/dist-packages/sonar_msgs'...
[0.889s] Listing '/home/uwr/Desktop/2024_UWR/install/sonar_msgs/local/lib/python3.10/dist-packages/sonar_msgs/msg'...
[0.894s] -- Up-to-date: /home/uwr/Desktop/2024_UWR/install/sonar_msgs/lib/libsonar_msgs__rosidl_generator_py.so
[0.894s] -- Up-to-date: /home/uwr/Desktop/2024_UWR/install/sonar_msgs/share/sonar_msgs/cmake/export_sonar_msgs__rosidl_generator_cExport.cmake
[0.895s] -- Up-to-date: /home/uwr/Desktop/2024_UWR/install/sonar_msgs/share/sonar_msgs/cmake/export_sonar_msgs__rosidl_generator_cExport-noconfig.cmake
[0.895s] -- Up-to-date: /home/uwr/Desktop/2024_UWR/install/sonar_msgs/share/sonar_msgs/cmake/export_sonar_msgs__rosidl_typesupport_fastrtps_cExport.cmake
[0.895s] -- Up-to-date: /home/uwr/Desktop/2024_UWR/install/sonar_msgs/share/sonar_msgs/cmake/export_sonar_msgs__rosidl_typesupport_fastrtps_cExport-noconfig.cmake
[0.895s] -- Up-to-date: /home/uwr/Desktop/2024_UWR/install/sonar_msgs/share/sonar_msgs/cmake/export_sonar_msgs__rosidl_generator_cppExport.cmake
[0.895s] -- Up-to-date: /home/uwr/Desktop/2024_UWR/install/sonar_msgs/share/sonar_msgs/cmake/export_sonar_msgs__rosidl_typesupport_fastrtps_cppExport.cmake
[0.895s] -- Up-to-date: /home/uwr/Desktop/2024_UWR/install/sonar_msgs/share/sonar_msgs/cmake/export_sonar_msgs__rosidl_typesupport_fastrtps_cppExport-noconfig.cmake
[0.895s] -- Up-to-date: /home/uwr/Desktop/2024_UWR/install/sonar_msgs/share/sonar_msgs/cmake/sonar_msgs__rosidl_typesupport_introspection_cExport.cmake
[0.896s] -- Up-to-date: /home/uwr/Desktop/2024_UWR/install/sonar_msgs/share/sonar_msgs/cmake/sonar_msgs__rosidl_typesupport_introspection_cExport-noconfig.cmake
[0.896s] -- Up-to-date: /home/uwr/Desktop/2024_UWR/install/sonar_msgs/share/sonar_msgs/cmake/sonar_msgs__rosidl_typesupport_cExport.cmake
[0.896s] -- Up-to-date: /home/uwr/Desktop/2024_UWR/install/sonar_msgs/share/sonar_msgs/cmake/sonar_msgs__rosidl_typesupport_cExport-noconfig.cmake
[0.896s] -- Up-to-date: /home/uwr/Desktop/2024_UWR/install/sonar_msgs/share/sonar_msgs/cmake/sonar_msgs__rosidl_typesupport_introspection_cppExport.cmake
[0.896s] -- Up-to-date: /home/uwr/Desktop/2024_UWR/install/sonar_msgs/share/sonar_msgs/cmake/sonar_msgs__rosidl_typesupport_introspection_cppExport-noconfig.cmake
[0.896s] -- Up-to-date: /home/uwr/Desktop/2024_UWR/install/sonar_msgs/share/sonar_msgs/cmake/sonar_msgs__rosidl_typesupport_cppExport.cmake
[0.896s] -- Up-to-date: /home/uwr/Desktop/2024_UWR/install/sonar_msgs/share/sonar_msgs/cmake/sonar_msgs__rosidl_typesupport_cppExport-noconfig.cmake
[0.896s] -- Up-to-date: /home/uwr/Desktop/2024_UWR/install/sonar_msgs/share/sonar_msgs/cmake/export_sonar_msgs__rosidl_generator_pyExport.cmake
[0.896s] -- Up-to-date: /home/uwr/Desktop/2024_UWR/install/sonar_msgs/share/sonar_msgs/cmake/export_sonar_msgs__rosidl_generator_pyExport-noconfig.cmake
[0.899s] Invoked command in '/home/uwr/Desktop/2024_UWR/build/sonar_msgs' returned '0': CMAKE_PREFIX_PATH=${CMAKE_PREFIX_PATH}:/home/uwr/Desktop/2024_UWR/install/sonar_subs:/opt/ros/humble /usr/bin/cmake --install /home/uwr/Desktop/2024_UWR/build/sonar_msgs
