[0.559s] Invoking command in '/home/uwr/Desktop/2024_UWR/src/sonar_subs': CMAKE_PREFIX_PATH=/home/uwr/Desktop/2024_UWR/install/sonar_msgs:/home/uwr/Desktop/2024_UWR/install/xsens_mti_ros2_driver:/home/uwr/Desktop/2024_UWR/install/kalman_filter:/home/uwr/Desktop/2024_UWR/install/ntrip LD_LIBRARY_PATH=/home/uwr/Desktop/2024_UWR/install/sonar_msgs/lib:/home/uwr/Desktop/2024_UWR/install/xsens_mti_ros2_driver/lib:/opt/ros/humble/opt/rviz_ogre_vendor/lib:/opt/ros/humble/lib/x86_64-linux-gnu:/opt/ros/humble/lib PYTHONPATH=/home/uwr/Desktop/2024_UWR/build/sonar_subs/prefix_override:/usr/lib/python3/dist-packages/colcon_core/task/python/colcon_distutils_commands:/home/uwr/Desktop/2024_UWR/install/sonar_subs/lib/python3.10/site-packages:${PYTHONPATH} /usr/bin/python3 -W ignore:setup.py install is deprecated setup.py egg_info --egg-base ../../build/sonar_subs build --build-base /home/uwr/Desktop/2024_UWR/build/sonar_subs/build install --record /home/uwr/Desktop/2024_UWR/build/sonar_subs/install.log --single-version-externally-managed install_data
[0.799s] running egg_info
[0.800s] writing ../../build/sonar_subs/sonar_subs.egg-info/PKG-INFO
[0.800s] writing dependency_links to ../../build/sonar_subs/sonar_subs.egg-info/dependency_links.txt
[0.800s] writing entry points to ../../build/sonar_subs/sonar_subs.egg-info/entry_points.txt
[0.800s] writing requirements to ../../build/sonar_subs/sonar_subs.egg-info/requires.txt
[0.800s] writing top-level names to ../../build/sonar_subs/sonar_subs.egg-info/top_level.txt
[0.802s] reading manifest file '../../build/sonar_subs/sonar_subs.egg-info/SOURCES.txt'
[0.802s] adding license file 'LICENSE'
[0.803s] writing manifest file '../../build/sonar_subs/sonar_subs.egg-info/SOURCES.txt'
[0.803s] running build
[0.803s] running build_py
[0.803s] running install
[0.803s] running install_lib
[0.805s] running install_data
[0.805s] running install_egg_info
[0.807s] removing '/home/uwr/Desktop/2024_UWR/install/sonar_subs/lib/python3.10/site-packages/sonar_subs-0.1.0-py3.10.egg-info' (and everything under it)
[0.807s] Copying ../../build/sonar_subs/sonar_subs.egg-info to /home/uwr/Desktop/2024_UWR/install/sonar_subs/lib/python3.10/site-packages/sonar_subs-0.1.0-py3.10.egg-info
[0.808s] running install_scripts
[0.827s] Installing kf_sync script to /home/uwr/Desktop/2024_UWR/install/sonar_subs/lib/sonar_subs
[0.827s] Installing sonar_reader script to /home/uwr/Desktop/2024_UWR/install/sonar_subs/lib/sonar_subs
[0.827s] Installing sync_readings script to /home/uwr/Desktop/2024_UWR/install/sonar_subs/lib/sonar_subs
[0.827s] writing list of installed files to '/home/uwr/Desktop/2024_UWR/build/sonar_subs/install.log'
[0.848s] Invoked command in '/home/uwr/Desktop/2024_UWR/src/sonar_subs' returned '0': CMAKE_PREFIX_PATH=/home/uwr/Desktop/2024_UWR/install/sonar_msgs:/home/uwr/Desktop/2024_UWR/install/xsens_mti_ros2_driver:/home/uwr/Desktop/2024_UWR/install/kalman_filter:/home/uwr/Desktop/2024_UWR/install/ntrip LD_LIBRARY_PATH=/home/uwr/Desktop/2024_UWR/install/sonar_msgs/lib:/home/uwr/Desktop/2024_UWR/install/xsens_mti_ros2_driver/lib:/opt/ros/humble/opt/rviz_ogre_vendor/lib:/opt/ros/humble/lib/x86_64-linux-gnu:/opt/ros/humble/lib PYTHONPATH=/home/uwr/Desktop/2024_UWR/build/sonar_subs/prefix_override:/usr/lib/python3/dist-packages/colcon_core/task/python/colcon_distutils_commands:/home/uwr/Desktop/2024_UWR/install/sonar_subs/lib/python3.10/site-packages:${PYTHONPATH} /usr/bin/python3 -W ignore:setup.py install is deprecated setup.py egg_info --egg-base ../../build/sonar_subs build --build-base /home/uwr/Desktop/2024_UWR/build/sonar_subs/build install --record /home/uwr/Desktop/2024_UWR/build/sonar_subs/install.log --single-version-externally-managed install_data
