[0.025s] Invoking command in '/home/nuc1/Desktop/2024_UWR/build/sonar_msgs': CMAKE_PREFIX_PATH=${CMAKE_PREFIX_PATH}:/home/nuc1/Desktop/2024_UWR/install/sonar_subs:/opt/ros/humble /usr/bin/cmake --build /home/nuc1/Desktop/2024_UWR/build/sonar_msgs -- -j8 -l8
[0.088s] [  2%] Built target sonar_msgs__cpp
[0.092s] [ 12%] Built target sonar_msgs__rosidl_generator_c
[0.103s] [ 12%] Built target ament_cmake_python_copy_sonar_msgs
[0.142s] [ 23%] Built target sonar_msgs__rosidl_typesupport_fastrtps_cpp
[0.148s] [ 34%] Built target sonar_msgs__rosidl_typesupport_introspection_cpp
[0.155s] [ 44%] Built target sonar_msgs__rosidl_typesupport_cpp
[0.162s] [ 55%] Built target sonar_msgs__rosidl_typesupport_introspection_c
[0.170s] [ 65%] Built target sonar_msgs__rosidl_typesupport_fastrtps_c
[0.172s] [ 76%] Built target sonar_msgs__rosidl_typesupport_c
[0.202s] [ 76%] Built target sonar_msgs
[0.231s] [ 78%] Built target sonar_msgs__py
[0.263s] [ 87%] Built target sonar_msgs__rosidl_generator_py
[0.305s] [ 91%] Built target sonar_msgs__rosidl_typesupport_introspection_c__pyext
[0.305s] [ 95%] Built target sonar_msgs__rosidl_typesupport_fastrtps_c__pyext
[0.308s] [100%] Built target sonar_msgs__rosidl_typesupport_c__pyext
[0.448s] running egg_info
[0.448s] writing sonar_msgs.egg-info/PKG-INFO
[0.449s] writing dependency_links to sonar_msgs.egg-info/dependency_links.txt
[0.449s] writing top-level names to sonar_msgs.egg-info/top_level.txt
[0.451s] reading manifest file 'sonar_msgs.egg-info/SOURCES.txt'
[0.452s] writing manifest file 'sonar_msgs.egg-info/SOURCES.txt'
[0.479s] [100%] Built target ament_cmake_python_build_sonar_msgs_egg
[0.491s] Invoked command in '/home/nuc1/Desktop/2024_UWR/build/sonar_msgs' returned '0': CMAKE_PREFIX_PATH=${CMAKE_PREFIX_PATH}:/home/nuc1/Desktop/2024_UWR/install/sonar_subs:/opt/ros/humble /usr/bin/cmake --build /home/nuc1/Desktop/2024_UWR/build/sonar_msgs -- -j8 -l8
[0.598s] Invoking command in '/home/nuc1/Desktop/2024_UWR/build/sonar_msgs': CMAKE_PREFIX_PATH=${CMAKE_PREFIX_PATH}:/home/nuc1/Desktop/2024_UWR/install/sonar_subs:/opt/ros/humble /usr/bin/cmake --install /home/nuc1/Desktop/2024_UWR/build/sonar_msgs
[0.606s] -- Install configuration: ""
[0.607s] -- Up-to-date: /home/nuc1/Desktop/2024_UWR/install/sonar_msgs/share/ament_index/resource_index/rosidl_interfaces/sonar_msgs
[0.607s] -- Up-to-date: /home/nuc1/Desktop/2024_UWR/install/sonar_msgs/include/sonar_msgs/sonar_msgs
[0.607s] -- Up-to-date: /home/nuc1/Desktop/2024_UWR/install/sonar_msgs/include/sonar_msgs/sonar_msgs/msg
[0.607s] -- Up-to-date: /home/nuc1/Desktop/2024_UWR/install/sonar_msgs/include/sonar_msgs/sonar_msgs/msg/three_sonar_depth.h
[0.607s] -- Up-to-date: /home/nuc1/Desktop/2024_UWR/install/sonar_msgs/include/sonar_msgs/sonar_msgs/msg/rosidl_generator_c__visibility_control.h
[0.607s] -- Up-to-date: /home/nuc1/Desktop/2024_UWR/install/sonar_msgs/include/sonar_msgs/sonar_msgs/msg/conf_scal.h
[0.607s] -- Up-to-date: /home/nuc1/Desktop/2024_UWR/install/sonar_msgs/include/sonar_msgs/sonar_msgs/msg/detail
[0.607s] -- Up-to-date: /home/nuc1/Desktop/2024_UWR/install/sonar_msgs/include/sonar_msgs/sonar_msgs/msg/detail/kf_values__type_support.h
[0.608s] -- Up-to-date: /home/nuc1/Desktop/2024_UWR/install/sonar_msgs/include/sonar_msgs/sonar_msgs/msg/detail/kf_values__struct.h
[0.608s] -- Up-to-date: /home/nuc1/Desktop/2024_UWR/install/sonar_msgs/include/sonar_msgs/sonar_msgs/msg/detail/conf_scal__functions.c
[0.608s] -- Up-to-date: /home/nuc1/Desktop/2024_UWR/install/sonar_msgs/include/sonar_msgs/sonar_msgs/msg/detail/conf_scal__struct.h
[0.608s] -- Up-to-date: /home/nuc1/Desktop/2024_UWR/install/sonar_msgs/include/sonar_msgs/sonar_msgs/msg/detail/kf_values__functions.h
[0.608s] -- Up-to-date: /home/nuc1/Desktop/2024_UWR/install/sonar_msgs/include/sonar_msgs/sonar_msgs/msg/detail/three_sonar_depth__functions.c
[0.608s] -- Up-to-date: /home/nuc1/Desktop/2024_UWR/install/sonar_msgs/include/sonar_msgs/sonar_msgs/msg/detail/conf_scal__type_support.h
[0.608s] -- Up-to-date: /home/nuc1/Desktop/2024_UWR/install/sonar_msgs/include/sonar_msgs/sonar_msgs/msg/detail/three_sonar_depth__type_support.h
[0.609s] -- Up-to-date: /home/nuc1/Desktop/2024_UWR/install/sonar_msgs/include/sonar_msgs/sonar_msgs/msg/detail/three_sonar_depth__functions.h
[0.609s] -- Up-to-date: /home/nuc1/Desktop/2024_UWR/install/sonar_msgs/include/sonar_msgs/sonar_msgs/msg/detail/kf_values__functions.c
[0.609s] -- Up-to-date: /home/nuc1/Desktop/2024_UWR/install/sonar_msgs/include/sonar_msgs/sonar_msgs/msg/detail/conf_scal__functions.h
[0.609s] -- Up-to-date: /home/nuc1/Desktop/2024_UWR/install/sonar_msgs/include/sonar_msgs/sonar_msgs/msg/detail/three_sonar_depth__struct.h
[0.609s] -- Up-to-date: /home/nuc1/Desktop/2024_UWR/install/sonar_msgs/include/sonar_msgs/sonar_msgs/msg/kf_values.h
[0.609s] -- Up-to-date: /home/nuc1/Desktop/2024_UWR/install/sonar_msgs/share/sonar_msgs/environment/library_path.sh
[0.609s] -- Up-to-date: /home/nuc1/Desktop/2024_UWR/install/sonar_msgs/share/sonar_msgs/environment/library_path.dsv
[0.609s] -- Up-to-date: /home/nuc1/Desktop/2024_UWR/install/sonar_msgs/lib/libsonar_msgs__rosidl_generator_c.so
[0.610s] -- Up-to-date: /home/nuc1/Desktop/2024_UWR/install/sonar_msgs/include/sonar_msgs/sonar_msgs
[0.610s] -- Up-to-date: /home/nuc1/Desktop/2024_UWR/install/sonar_msgs/include/sonar_msgs/sonar_msgs/msg
[0.610s] -- Up-to-date: /home/nuc1/Desktop/2024_UWR/install/sonar_msgs/include/sonar_msgs/sonar_msgs/msg/rosidl_typesupport_fastrtps_c__visibility_control.h
[0.610s] -- Up-to-date: /home/nuc1/Desktop/2024_UWR/install/sonar_msgs/include/sonar_msgs/sonar_msgs/msg/detail
[0.610s] -- Up-to-date: /home/nuc1/Desktop/2024_UWR/install/sonar_msgs/include/sonar_msgs/sonar_msgs/msg/detail/three_sonar_depth__rosidl_typesupport_fastrtps_c.h
[0.610s] -- Up-to-date: /home/nuc1/Desktop/2024_UWR/install/sonar_msgs/include/sonar_msgs/sonar_msgs/msg/detail/conf_scal__rosidl_typesupport_fastrtps_c.h
[0.610s] -- Up-to-date: /home/nuc1/Desktop/2024_UWR/install/sonar_msgs/include/sonar_msgs/sonar_msgs/msg/detail/kf_values__rosidl_typesupport_fastrtps_c.h
[0.611s] -- Up-to-date: /home/nuc1/Desktop/2024_UWR/install/sonar_msgs/lib/libsonar_msgs__rosidl_typesupport_fastrtps_c.so
[0.611s] -- Up-to-date: /home/nuc1/Desktop/2024_UWR/install/sonar_msgs/include/sonar_msgs/sonar_msgs
[0.611s] -- Up-to-date: /home/nuc1/Desktop/2024_UWR/install/sonar_msgs/include/sonar_msgs/sonar_msgs/msg
[0.611s] -- Up-to-date: /home/nuc1/Desktop/2024_UWR/install/sonar_msgs/include/sonar_msgs/sonar_msgs/msg/three_sonar_depth.hpp
[0.611s] -- Up-to-date: /home/nuc1/Desktop/2024_UWR/install/sonar_msgs/include/sonar_msgs/sonar_msgs/msg/kf_values.hpp
[0.611s] -- Up-to-date: /home/nuc1/Desktop/2024_UWR/install/sonar_msgs/include/sonar_msgs/sonar_msgs/msg/conf_scal.hpp
[0.611s] -- Up-to-date: /home/nuc1/Desktop/2024_UWR/install/sonar_msgs/include/sonar_msgs/sonar_msgs/msg/detail
[0.611s] -- Up-to-date: /home/nuc1/Desktop/2024_UWR/install/sonar_msgs/include/sonar_msgs/sonar_msgs/msg/detail/conf_scal__struct.hpp
[0.612s] -- Up-to-date: /home/nuc1/Desktop/2024_UWR/install/sonar_msgs/include/sonar_msgs/sonar_msgs/msg/detail/three_sonar_depth__struct.hpp
[0.612s] -- Up-to-date: /home/nuc1/Desktop/2024_UWR/install/sonar_msgs/include/sonar_msgs/sonar_msgs/msg/detail/three_sonar_depth__builder.hpp
[0.612s] -- Up-to-date: /home/nuc1/Desktop/2024_UWR/install/sonar_msgs/include/sonar_msgs/sonar_msgs/msg/detail/conf_scal__traits.hpp
[0.612s] -- Up-to-date: /home/nuc1/Desktop/2024_UWR/install/sonar_msgs/include/sonar_msgs/sonar_msgs/msg/detail/kf_values__builder.hpp
[0.612s] -- Up-to-date: /home/nuc1/Desktop/2024_UWR/install/sonar_msgs/include/sonar_msgs/sonar_msgs/msg/detail/kf_values__struct.hpp
[0.612s] -- Up-to-date: /home/nuc1/Desktop/2024_UWR/install/sonar_msgs/include/sonar_msgs/sonar_msgs/msg/detail/kf_values__traits.hpp
[0.612s] -- Up-to-date: /home/nuc1/Desktop/2024_UWR/install/sonar_msgs/include/sonar_msgs/sonar_msgs/msg/detail/three_sonar_depth__traits.hpp
[0.612s] -- Up-to-date: /home/nuc1/Desktop/2024_UWR/install/sonar_msgs/include/sonar_msgs/sonar_msgs/msg/detail/conf_scal__builder.hpp
[0.612s] -- Up-to-date: /home/nuc1/Desktop/2024_UWR/install/sonar_msgs/include/sonar_msgs/sonar_msgs
[0.613s] -- Up-to-date: /home/nuc1/Desktop/2024_UWR/install/sonar_msgs/include/sonar_msgs/sonar_msgs/msg
[0.613s] -- Up-to-date: /home/nuc1/Desktop/2024_UWR/install/sonar_msgs/include/sonar_msgs/sonar_msgs/msg/rosidl_typesupport_fastrtps_cpp__visibility_control.h
[0.613s] -- Up-to-date: /home/nuc1/Desktop/2024_UWR/install/sonar_msgs/include/sonar_msgs/sonar_msgs/msg/detail
[0.613s] -- Up-to-date: /home/nuc1/Desktop/2024_UWR/install/sonar_msgs/include/sonar_msgs/sonar_msgs/msg/detail/conf_scal__rosidl_typesupport_fastrtps_cpp.hpp
[0.613s] -- Up-to-date: /home/nuc1/Desktop/2024_UWR/install/sonar_msgs/include/sonar_msgs/sonar_msgs/msg/detail/dds_fastrtps
[0.613s] -- Up-to-date: /home/nuc1/Desktop/2024_UWR/install/sonar_msgs/include/sonar_msgs/sonar_msgs/msg/detail/three_sonar_depth__rosidl_typesupport_fastrtps_cpp.hpp
[0.613s] -- Up-to-date: /home/nuc1/Desktop/2024_UWR/install/sonar_msgs/include/sonar_msgs/sonar_msgs/msg/detail/kf_values__rosidl_typesupport_fastrtps_cpp.hpp
[0.613s] -- Up-to-date: /home/nuc1/Desktop/2024_UWR/install/sonar_msgs/lib/libsonar_msgs__rosidl_typesupport_fastrtps_cpp.so
[0.613s] -- Up-to-date: /home/nuc1/Desktop/2024_UWR/install/sonar_msgs/include/sonar_msgs/sonar_msgs
[0.613s] -- Up-to-date: /home/nuc1/Desktop/2024_UWR/install/sonar_msgs/include/sonar_msgs/sonar_msgs/msg
[0.613s] -- Up-to-date: /home/nuc1/Desktop/2024_UWR/install/sonar_msgs/include/sonar_msgs/sonar_msgs/msg/detail
[0.614s] -- Up-to-date: /home/nuc1/Desktop/2024_UWR/install/sonar_msgs/include/sonar_msgs/sonar_msgs/msg/detail/three_sonar_depth__type_support.c
[0.614s] -- Up-to-date: /home/nuc1/Desktop/2024_UWR/install/sonar_msgs/include/sonar_msgs/sonar_msgs/msg/detail/kf_values__rosidl_typesupport_introspection_c.h
[0.614s] -- Up-to-date: /home/nuc1/Desktop/2024_UWR/install/sonar_msgs/include/sonar_msgs/sonar_msgs/msg/detail/kf_values__type_support.c
[0.614s] -- Up-to-date: /home/nuc1/Desktop/2024_UWR/install/sonar_msgs/include/sonar_msgs/sonar_msgs/msg/detail/conf_scal__type_support.c
[0.614s] -- Up-to-date: /home/nuc1/Desktop/2024_UWR/install/sonar_msgs/include/sonar_msgs/sonar_msgs/msg/detail/three_sonar_depth__rosidl_typesupport_introspection_c.h
[0.614s] -- Up-to-date: /home/nuc1/Desktop/2024_UWR/install/sonar_msgs/include/sonar_msgs/sonar_msgs/msg/detail/conf_scal__rosidl_typesupport_introspection_c.h
[0.614s] -- Up-to-date: /home/nuc1/Desktop/2024_UWR/install/sonar_msgs/include/sonar_msgs/sonar_msgs/msg/rosidl_typesupport_introspection_c__visibility_control.h
[0.614s] -- Up-to-date: /home/nuc1/Desktop/2024_UWR/install/sonar_msgs/lib/libsonar_msgs__rosidl_typesupport_introspection_c.so
[0.614s] -- Up-to-date: /home/nuc1/Desktop/2024_UWR/install/sonar_msgs/lib/libsonar_msgs__rosidl_typesupport_c.so
[0.614s] -- Up-to-date: /home/nuc1/Desktop/2024_UWR/install/sonar_msgs/include/sonar_msgs/sonar_msgs
[0.614s] -- Up-to-date: /home/nuc1/Desktop/2024_UWR/install/sonar_msgs/include/sonar_msgs/sonar_msgs/msg
[0.615s] -- Up-to-date: /home/nuc1/Desktop/2024_UWR/install/sonar_msgs/include/sonar_msgs/sonar_msgs/msg/detail
[0.615s] -- Up-to-date: /home/nuc1/Desktop/2024_UWR/install/sonar_msgs/include/sonar_msgs/sonar_msgs/msg/detail/three_sonar_depth__rosidl_typesupport_introspection_cpp.hpp
[0.615s] -- Up-to-date: /home/nuc1/Desktop/2024_UWR/install/sonar_msgs/include/sonar_msgs/sonar_msgs/msg/detail/kf_values__type_support.cpp
[0.615s] -- Up-to-date: /home/nuc1/Desktop/2024_UWR/install/sonar_msgs/include/sonar_msgs/sonar_msgs/msg/detail/three_sonar_depth__type_support.cpp
[0.615s] -- Up-to-date: /home/nuc1/Desktop/2024_UWR/install/sonar_msgs/include/sonar_msgs/sonar_msgs/msg/detail/conf_scal__type_support.cpp
[0.615s] -- Up-to-date: /home/nuc1/Desktop/2024_UWR/install/sonar_msgs/include/sonar_msgs/sonar_msgs/msg/detail/kf_values__rosidl_typesupport_introspection_cpp.hpp
[0.615s] -- Up-to-date: /home/nuc1/Desktop/2024_UWR/install/sonar_msgs/include/sonar_msgs/sonar_msgs/msg/detail/conf_scal__rosidl_typesupport_introspection_cpp.hpp
[0.615s] -- Up-to-date: /home/nuc1/Desktop/2024_UWR/install/sonar_msgs/lib/libsonar_msgs__rosidl_typesupport_introspection_cpp.so
[0.615s] -- Up-to-date: /home/nuc1/Desktop/2024_UWR/install/sonar_msgs/lib/libsonar_msgs__rosidl_typesupport_cpp.so
[0.615s] -- Up-to-date: /home/nuc1/Desktop/2024_UWR/install/sonar_msgs/share/sonar_msgs/environment/pythonpath.sh
[0.616s] -- Up-to-date: /home/nuc1/Desktop/2024_UWR/install/sonar_msgs/share/sonar_msgs/environment/pythonpath.dsv
[0.616s] -- Up-to-date: /home/nuc1/Desktop/2024_UWR/install/sonar_msgs/local/lib/python3.10/dist-packages/sonar_msgs-0.0.0-py3.10.egg-info
[0.616s] -- Installing: /home/nuc1/Desktop/2024_UWR/install/sonar_msgs/local/lib/python3.10/dist-packages/sonar_msgs-0.0.0-py3.10.egg-info/PKG-INFO
[0.616s] -- Installing: /home/nuc1/Desktop/2024_UWR/install/sonar_msgs/local/lib/python3.10/dist-packages/sonar_msgs-0.0.0-py3.10.egg-info/dependency_links.txt
[0.616s] -- Installing: /home/nuc1/Desktop/2024_UWR/install/sonar_msgs/local/lib/python3.10/dist-packages/sonar_msgs-0.0.0-py3.10.egg-info/top_level.txt
[0.616s] -- Installing: /home/nuc1/Desktop/2024_UWR/install/sonar_msgs/local/lib/python3.10/dist-packages/sonar_msgs-0.0.0-py3.10.egg-info/SOURCES.txt
[0.616s] -- Up-to-date: /home/nuc1/Desktop/2024_UWR/install/sonar_msgs/local/lib/python3.10/dist-packages/sonar_msgs
[0.616s] -- Up-to-date: /home/nuc1/Desktop/2024_UWR/install/sonar_msgs/local/lib/python3.10/dist-packages/sonar_msgs/sonar_msgs_s__rosidl_typesupport_introspection_c.cpython-310-x86_64-linux-gnu.so
[0.616s] -- Up-to-date: /home/nuc1/Desktop/2024_UWR/install/sonar_msgs/local/lib/python3.10/dist-packages/sonar_msgs/sonar_msgs_s__rosidl_typesupport_c.cpython-310-x86_64-linux-gnu.so
[0.616s] -- Up-to-date: /home/nuc1/Desktop/2024_UWR/install/sonar_msgs/local/lib/python3.10/dist-packages/sonar_msgs/libsonar_msgs__rosidl_generator_py.so
[0.616s] -- Up-to-date: /home/nuc1/Desktop/2024_UWR/install/sonar_msgs/local/lib/python3.10/dist-packages/sonar_msgs/sonar_msgs_s__rosidl_typesupport_fastrtps_c.cpython-310-x86_64-linux-gnu.so
[0.617s] -- Up-to-date: /home/nuc1/Desktop/2024_UWR/install/sonar_msgs/local/lib/python3.10/dist-packages/sonar_msgs/_sonar_msgs_s.ep.rosidl_typesupport_c.c
[0.617s] -- Up-to-date: /home/nuc1/Desktop/2024_UWR/install/sonar_msgs/local/lib/python3.10/dist-packages/sonar_msgs/_sonar_msgs_s.ep.rosidl_typesupport_introspection_c.c
[0.617s] -- Up-to-date: /home/nuc1/Desktop/2024_UWR/install/sonar_msgs/local/lib/python3.10/dist-packages/sonar_msgs/msg
[0.617s] -- Up-to-date: /home/nuc1/Desktop/2024_UWR/install/sonar_msgs/local/lib/python3.10/dist-packages/sonar_msgs/msg/_kf_values_s.c
[0.617s] -- Up-to-date: /home/nuc1/Desktop/2024_UWR/install/sonar_msgs/local/lib/python3.10/dist-packages/sonar_msgs/msg/_three_sonar_depth.py
[0.617s] -- Up-to-date: /home/nuc1/Desktop/2024_UWR/install/sonar_msgs/local/lib/python3.10/dist-packages/sonar_msgs/msg/_conf_scal.py
[0.617s] -- Up-to-date: /home/nuc1/Desktop/2024_UWR/install/sonar_msgs/local/lib/python3.10/dist-packages/sonar_msgs/msg/_kf_values.py
[0.617s] -- Up-to-date: /home/nuc1/Desktop/2024_UWR/install/sonar_msgs/local/lib/python3.10/dist-packages/sonar_msgs/msg/_three_sonar_depth_s.c
[0.617s] -- Up-to-date: /home/nuc1/Desktop/2024_UWR/install/sonar_msgs/local/lib/python3.10/dist-packages/sonar_msgs/msg/_conf_scal_s.c
[0.617s] -- Up-to-date: /home/nuc1/Desktop/2024_UWR/install/sonar_msgs/local/lib/python3.10/dist-packages/sonar_msgs/msg/__init__.py
[0.618s] -- Up-to-date: /home/nuc1/Desktop/2024_UWR/install/sonar_msgs/local/lib/python3.10/dist-packages/sonar_msgs/_sonar_msgs_s.ep.rosidl_typesupport_fastrtps_c.c
[0.618s] -- Up-to-date: /home/nuc1/Desktop/2024_UWR/install/sonar_msgs/local/lib/python3.10/dist-packages/sonar_msgs/__init__.py
[0.647s] Listing '/home/nuc1/Desktop/2024_UWR/install/sonar_msgs/local/lib/python3.10/dist-packages/sonar_msgs'...
[0.648s] Listing '/home/nuc1/Desktop/2024_UWR/install/sonar_msgs/local/lib/python3.10/dist-packages/sonar_msgs/msg'...
[0.651s] -- Up-to-date: /home/nuc1/Desktop/2024_UWR/install/sonar_msgs/local/lib/python3.10/dist-packages/sonar_msgs/sonar_msgs_s__rosidl_typesupport_fastrtps_c.cpython-310-x86_64-linux-gnu.so
[0.652s] -- Up-to-date: /home/nuc1/Desktop/2024_UWR/install/sonar_msgs/local/lib/python3.10/dist-packages/sonar_msgs/sonar_msgs_s__rosidl_typesupport_introspection_c.cpython-310-x86_64-linux-gnu.so
[0.652s] -- Up-to-date: /home/nuc1/Desktop/2024_UWR/install/sonar_msgs/local/lib/python3.10/dist-packages/sonar_msgs/sonar_msgs_s__rosidl_typesupport_c.cpython-310-x86_64-linux-gnu.so
[0.653s] -- Up-to-date: /home/nuc1/Desktop/2024_UWR/install/sonar_msgs/lib/libsonar_msgs__rosidl_generator_py.so
[0.653s] -- Up-to-date: /home/nuc1/Desktop/2024_UWR/install/sonar_msgs/share/sonar_msgs/msg/ThreeSonarDepth.idl
[0.653s] -- Up-to-date: /home/nuc1/Desktop/2024_UWR/install/sonar_msgs/share/sonar_msgs/msg/ConfScal.idl
[0.654s] -- Up-to-date: /home/nuc1/Desktop/2024_UWR/install/sonar_msgs/share/sonar_msgs/msg/KfValues.idl
[0.654s] -- Up-to-date: /home/nuc1/Desktop/2024_UWR/install/sonar_msgs/share/sonar_msgs/msg/ThreeSonarDepth.msg
[0.654s] -- Up-to-date: /home/nuc1/Desktop/2024_UWR/install/sonar_msgs/share/sonar_msgs/msg/ConfScal.msg
[0.654s] -- Up-to-date: /home/nuc1/Desktop/2024_UWR/install/sonar_msgs/share/sonar_msgs/msg/KfValues.msg
[0.654s] -- Up-to-date: /home/nuc1/Desktop/2024_UWR/install/sonar_msgs/share/ament_index/resource_index/package_run_dependencies/sonar_msgs
[0.654s] -- Up-to-date: /home/nuc1/Desktop/2024_UWR/install/sonar_msgs/share/ament_index/resource_index/parent_prefix_path/sonar_msgs
[0.654s] -- Up-to-date: /home/nuc1/Desktop/2024_UWR/install/sonar_msgs/share/sonar_msgs/environment/ament_prefix_path.sh
[0.655s] -- Up-to-date: /home/nuc1/Desktop/2024_UWR/install/sonar_msgs/share/sonar_msgs/environment/ament_prefix_path.dsv
[0.655s] -- Up-to-date: /home/nuc1/Desktop/2024_UWR/install/sonar_msgs/share/sonar_msgs/environment/path.sh
[0.655s] -- Up-to-date: /home/nuc1/Desktop/2024_UWR/install/sonar_msgs/share/sonar_msgs/environment/path.dsv
[0.655s] -- Up-to-date: /home/nuc1/Desktop/2024_UWR/install/sonar_msgs/share/sonar_msgs/local_setup.bash
[0.655s] -- Up-to-date: /home/nuc1/Desktop/2024_UWR/install/sonar_msgs/share/sonar_msgs/local_setup.sh
[0.655s] -- Up-to-date: /home/nuc1/Desktop/2024_UWR/install/sonar_msgs/share/sonar_msgs/local_setup.zsh
[0.655s] -- Up-to-date: /home/nuc1/Desktop/2024_UWR/install/sonar_msgs/share/sonar_msgs/local_setup.dsv
[0.655s] -- Installing: /home/nuc1/Desktop/2024_UWR/install/sonar_msgs/share/sonar_msgs/package.dsv
[0.656s] -- Up-to-date: /home/nuc1/Desktop/2024_UWR/install/sonar_msgs/share/ament_index/resource_index/packages/sonar_msgs
[0.656s] -- Up-to-date: /home/nuc1/Desktop/2024_UWR/install/sonar_msgs/share/sonar_msgs/cmake/export_sonar_msgs__rosidl_generator_cExport.cmake
[0.656s] -- Up-to-date: /home/nuc1/Desktop/2024_UWR/install/sonar_msgs/share/sonar_msgs/cmake/export_sonar_msgs__rosidl_generator_cExport-noconfig.cmake
[0.656s] -- Up-to-date: /home/nuc1/Desktop/2024_UWR/install/sonar_msgs/share/sonar_msgs/cmake/export_sonar_msgs__rosidl_typesupport_fastrtps_cExport.cmake
[0.656s] -- Up-to-date: /home/nuc1/Desktop/2024_UWR/install/sonar_msgs/share/sonar_msgs/cmake/export_sonar_msgs__rosidl_typesupport_fastrtps_cExport-noconfig.cmake
[0.656s] -- Up-to-date: /home/nuc1/Desktop/2024_UWR/install/sonar_msgs/share/sonar_msgs/cmake/export_sonar_msgs__rosidl_generator_cppExport.cmake
[0.656s] -- Up-to-date: /home/nuc1/Desktop/2024_UWR/install/sonar_msgs/share/sonar_msgs/cmake/export_sonar_msgs__rosidl_typesupport_fastrtps_cppExport.cmake
[0.656s] -- Up-to-date: /home/nuc1/Desktop/2024_UWR/install/sonar_msgs/share/sonar_msgs/cmake/export_sonar_msgs__rosidl_typesupport_fastrtps_cppExport-noconfig.cmake
[0.657s] -- Up-to-date: /home/nuc1/Desktop/2024_UWR/install/sonar_msgs/share/sonar_msgs/cmake/sonar_msgs__rosidl_typesupport_introspection_cExport.cmake
[0.657s] -- Up-to-date: /home/nuc1/Desktop/2024_UWR/install/sonar_msgs/share/sonar_msgs/cmake/sonar_msgs__rosidl_typesupport_introspection_cExport-noconfig.cmake
[0.657s] -- Up-to-date: /home/nuc1/Desktop/2024_UWR/install/sonar_msgs/share/sonar_msgs/cmake/sonar_msgs__rosidl_typesupport_cExport.cmake
[0.657s] -- Up-to-date: /home/nuc1/Desktop/2024_UWR/install/sonar_msgs/share/sonar_msgs/cmake/sonar_msgs__rosidl_typesupport_cExport-noconfig.cmake
[0.657s] -- Up-to-date: /home/nuc1/Desktop/2024_UWR/install/sonar_msgs/share/sonar_msgs/cmake/sonar_msgs__rosidl_typesupport_introspection_cppExport.cmake
[0.657s] -- Up-to-date: /home/nuc1/Desktop/2024_UWR/install/sonar_msgs/share/sonar_msgs/cmake/sonar_msgs__rosidl_typesupport_introspection_cppExport-noconfig.cmake
[0.657s] -- Up-to-date: /home/nuc1/Desktop/2024_UWR/install/sonar_msgs/share/sonar_msgs/cmake/sonar_msgs__rosidl_typesupport_cppExport.cmake
[0.657s] -- Up-to-date: /home/nuc1/Desktop/2024_UWR/install/sonar_msgs/share/sonar_msgs/cmake/sonar_msgs__rosidl_typesupport_cppExport-noconfig.cmake
[0.658s] -- Up-to-date: /home/nuc1/Desktop/2024_UWR/install/sonar_msgs/share/sonar_msgs/cmake/export_sonar_msgs__rosidl_generator_pyExport.cmake
[0.658s] -- Up-to-date: /home/nuc1/Desktop/2024_UWR/install/sonar_msgs/share/sonar_msgs/cmake/export_sonar_msgs__rosidl_generator_pyExport-noconfig.cmake
[0.658s] -- Up-to-date: /home/nuc1/Desktop/2024_UWR/install/sonar_msgs/share/sonar_msgs/cmake/rosidl_cmake-extras.cmake
[0.658s] -- Up-to-date: /home/nuc1/Desktop/2024_UWR/install/sonar_msgs/share/sonar_msgs/cmake/ament_cmake_export_dependencies-extras.cmake
[0.658s] -- Up-to-date: /home/nuc1/Desktop/2024_UWR/install/sonar_msgs/share/sonar_msgs/cmake/ament_cmake_export_include_directories-extras.cmake
[0.658s] -- Up-to-date: /home/nuc1/Desktop/2024_UWR/install/sonar_msgs/share/sonar_msgs/cmake/ament_cmake_export_libraries-extras.cmake
[0.658s] -- Up-to-date: /home/nuc1/Desktop/2024_UWR/install/sonar_msgs/share/sonar_msgs/cmake/ament_cmake_export_targets-extras.cmake
[0.658s] -- Up-to-date: /home/nuc1/Desktop/2024_UWR/install/sonar_msgs/share/sonar_msgs/cmake/rosidl_cmake_export_typesupport_targets-extras.cmake
[0.658s] -- Up-to-date: /home/nuc1/Desktop/2024_UWR/install/sonar_msgs/share/sonar_msgs/cmake/rosidl_cmake_export_typesupport_libraries-extras.cmake
[0.658s] -- Up-to-date: /home/nuc1/Desktop/2024_UWR/install/sonar_msgs/share/sonar_msgs/cmake/sonar_msgsConfig.cmake
[0.658s] -- Up-to-date: /home/nuc1/Desktop/2024_UWR/install/sonar_msgs/share/sonar_msgs/cmake/sonar_msgsConfig-version.cmake
[0.659s] -- Up-to-date: /home/nuc1/Desktop/2024_UWR/install/sonar_msgs/share/sonar_msgs/package.xml
[0.660s] Invoked command in '/home/nuc1/Desktop/2024_UWR/build/sonar_msgs' returned '0': CMAKE_PREFIX_PATH=${CMAKE_PREFIX_PATH}:/home/nuc1/Desktop/2024_UWR/install/sonar_subs:/opt/ros/humble /usr/bin/cmake --install /home/nuc1/Desktop/2024_UWR/build/sonar_msgs
