[0.009s] Invoking command in '/home/saab/Desktop/2024_UWR/build/sonar_msgs': CMAKE_PREFIX_PATH=${CMAKE_PREFIX_PATH}:/home/saab/Desktop/2024_UWR/install/sonar_subs:/opt/ros/humble /usr/bin/cmake /home/saab/Desktop/2024_UWR/src/sonar_msgs -DAMENT_CMAKE_SYMLINK_INSTALL=1 -DCMAKE_INSTALL_PREFIX=/home/saab/Desktop/2024_UWR/install/sonar_msgs
[0.048s] -- The C compiler identification is GNU 11.4.0
[0.126s] -- The CXX compiler identification is Clang 14.0.0
[0.130s] -- Detecting C compiler ABI info
[0.180s] -- Detecting C compiler ABI info - done
[0.185s] -- Check for working C compiler: /usr/bin/cc - skipped
[0.185s] -- Detecting C compile features
[0.185s] -- Detecting C compile features - done
[0.188s] -- Detecting CXX compiler ABI info
[0.279s] -- Detecting CXX compiler ABI info - done
[0.285s] -- Check for working CXX compiler: /usr/bin/c++ - skipped
[0.285s] -- Detecting CXX compile features
[0.286s] -- Detecting CXX compile features - done
[0.289s] -- Found ament_cmake: 1.3.12 (/opt/ros/humble/share/ament_cmake/cmake)
[0.412s] -- Found Python3: /usr/bin/python3 (found version "3.10.12") found components: Interpreter 
[0.456s] -- Override CMake install command with custom implementation using symlinks instead of copying resources
[0.481s] -- Found std_msgs: 4.9.0 (/opt/ros/humble/share/std_msgs/cmake)
[0.519s] -- Found rosidl_generator_c: 3.1.7 (/opt/ros/humble/share/rosidl_generator_c/cmake)
[0.522s] -- Found rosidl_adapter: 3.1.7 (/opt/ros/humble/share/rosidl_adapter/cmake)
[0.528s] -- Found rosidl_generator_cpp: 3.1.7 (/opt/ros/humble/share/rosidl_generator_cpp/cmake)
[0.536s] -- Using all available rosidl_typesupport_c: rosidl_typesupport_fastrtps_c;rosidl_typesupport_introspection_c
[0.546s] -- Using all available rosidl_typesupport_cpp: rosidl_typesupport_fastrtps_cpp;rosidl_typesupport_introspection_cpp
[0.563s] -- Found rosidl_default_generators: 1.2.0 (/opt/ros/humble/share/rosidl_default_generators/cmake)
[0.772s] -- Found ament_cmake_ros: 0.10.0 (/opt/ros/humble/share/ament_cmake_ros/cmake)
[1.071s] -- Using all available rosidl_typesupport_c: rosidl_typesupport_fastrtps_c;rosidl_typesupport_introspection_c
[1.198s] -- Using all available rosidl_typesupport_cpp: rosidl_typesupport_fastrtps_cpp;rosidl_typesupport_introspection_cpp
[1.217s] -- Found PythonInterp: /usr/bin/python3 (found suitable version "3.10.12", minimum required is "3.6") 
[1.218s] -- Found python_cmake_module: 0.10.0 (/opt/ros/humble/share/python_cmake_module/cmake)
[1.246s] -- Found PythonLibs: /usr/lib/x86_64-linux-gnu/libpython3.10.so (found suitable version "3.10.12", minimum required is "3.5") 
[1.246s] -- Using PYTHON_EXECUTABLE: /usr/bin/python3
[1.247s] -- Using PYTHON_INCLUDE_DIRS: /usr/include/python3.10
[1.247s] -- Using PYTHON_LIBRARIES: /usr/lib/x86_64-linux-gnu/libpython3.10.so
[1.264s] -- Found PythonExtra: .so  
[1.313s] -- Found ament_lint_auto: 0.12.14 (/opt/ros/humble/share/ament_lint_auto/cmake)
[1.333s] -- Added test 'lint_cmake' to check CMake code style
[1.334s] -- Added test 'xmllint' to check XML markup files
[1.338s] -- Configuring done
[1.362s] -- Generating done
[1.369s] -- Build files have been written to: /home/saab/Desktop/2024_UWR/build/sonar_msgs
[1.375s] Invoked command in '/home/saab/Desktop/2024_UWR/build/sonar_msgs' returned '0': CMAKE_PREFIX_PATH=${CMAKE_PREFIX_PATH}:/home/saab/Desktop/2024_UWR/install/sonar_subs:/opt/ros/humble /usr/bin/cmake /home/saab/Desktop/2024_UWR/src/sonar_msgs -DAMENT_CMAKE_SYMLINK_INSTALL=1 -DCMAKE_INSTALL_PREFIX=/home/saab/Desktop/2024_UWR/install/sonar_msgs
[1.376s] Invoking command in '/home/saab/Desktop/2024_UWR/build/sonar_msgs': CMAKE_PREFIX_PATH=${CMAKE_PREFIX_PATH}:/home/saab/Desktop/2024_UWR/install/sonar_subs:/opt/ros/humble /usr/bin/cmake --build /home/saab/Desktop/2024_UWR/build/sonar_msgs -- -j24 -l24
[1.407s] [  2%] [34m[1mGenerating C code for ROS interfaces[0m
[1.412s] [  4%] [34m[1mGenerating C++ code for ROS interfaces[0m
[1.418s] [  4%] Built target ament_cmake_python_symlink_sonar_msgs
[1.608s] running egg_info
[1.608s] creating sonar_msgs.egg-info
[1.608s] writing sonar_msgs.egg-info/PKG-INFO
[1.608s] writing dependency_links to sonar_msgs.egg-info/dependency_links.txt
[1.608s] writing top-level names to sonar_msgs.egg-info/top_level.txt
[1.612s] writing manifest file 'sonar_msgs.egg-info/SOURCES.txt'
[1.613s] reading manifest file 'sonar_msgs.egg-info/SOURCES.txt'
[1.613s] writing manifest file 'sonar_msgs.egg-info/SOURCES.txt'
[1.630s] [  4%] Built target ament_cmake_python_build_sonar_msgs_egg
[1.656s] [  6%] [32mBuilding C object CMakeFiles/sonar_msgs__rosidl_generator_c.dir/rosidl_generator_c/sonar_msgs/msg/detail/three_sonar_depth__functions.c.o[0m
[1.656s] [  8%] [32mBuilding C object CMakeFiles/sonar_msgs__rosidl_generator_c.dir/rosidl_generator_c/sonar_msgs/msg/detail/kf_values__functions.c.o[0m
[1.657s] [ 10%] [32mBuilding C object CMakeFiles/sonar_msgs__rosidl_generator_c.dir/rosidl_generator_c/sonar_msgs/msg/detail/conf_scal__functions.c.o[0m
[1.660s] [ 10%] Built target sonar_msgs__cpp
[1.667s] [ 14%] [34m[1mGenerating C++ type support dispatch for ROS interfaces[0m
[1.668s] [ 14%] [34m[1mGenerating C++ type support for eProsima Fast-RTPS[0m
[1.668s] [ 17%] [34m[1mGenerating C++ introspection for ROS interfaces[0m
[1.694s] [ 19%] [32m[1mLinking C shared library libsonar_msgs__rosidl_generator_c.so[0m
[1.721s] [ 19%] Built target sonar_msgs__rosidl_generator_c
[1.728s] [ 23%] [34m[1mGenerating C type support dispatch for ROS interfaces[0m
[1.729s] [ 23%] [34m[1mGenerating C type support for eProsima Fast-RTPS[0m
[1.729s] [ 25%] [34m[1mGenerating C introspection for ROS interfaces[0m
[1.859s] [ 27%] [32mBuilding CXX object CMakeFiles/sonar_msgs__rosidl_typesupport_cpp.dir/rosidl_typesupport_cpp/sonar_msgs/msg/three_sonar_depth__type_support.cpp.o[0m
[1.859s] [ 29%] [32mBuilding CXX object CMakeFiles/sonar_msgs__rosidl_typesupport_cpp.dir/rosidl_typesupport_cpp/sonar_msgs/msg/kf_values__type_support.cpp.o[0m
[1.859s] [ 31%] [32mBuilding CXX object CMakeFiles/sonar_msgs__rosidl_typesupport_cpp.dir/rosidl_typesupport_cpp/sonar_msgs/msg/conf_scal__type_support.cpp.o[0m
[1.880s] [ 34%] [32mBuilding CXX object CMakeFiles/sonar_msgs__rosidl_typesupport_introspection_cpp.dir/rosidl_typesupport_introspection_cpp/sonar_msgs/msg/detail/kf_values__type_support.cpp.o[0m
[1.880s] [ 36%] [32mBuilding CXX object CMakeFiles/sonar_msgs__rosidl_typesupport_introspection_cpp.dir/rosidl_typesupport_introspection_cpp/sonar_msgs/msg/detail/three_sonar_depth__type_support.cpp.o[0m
[1.883s] [ 38%] [32mBuilding CXX object CMakeFiles/sonar_msgs__rosidl_typesupport_introspection_cpp.dir/rosidl_typesupport_introspection_cpp/sonar_msgs/msg/detail/conf_scal__type_support.cpp.o[0m
[1.902s] [ 40%] [32mBuilding CXX object CMakeFiles/sonar_msgs__rosidl_typesupport_fastrtps_cpp.dir/rosidl_typesupport_fastrtps_cpp/sonar_msgs/msg/detail/dds_fastrtps/conf_scal__type_support.cpp.o[0m
[1.903s] [ 42%] [32mBuilding CXX object CMakeFiles/sonar_msgs__rosidl_typesupport_fastrtps_cpp.dir/rosidl_typesupport_fastrtps_cpp/sonar_msgs/msg/detail/dds_fastrtps/three_sonar_depth__type_support.cpp.o[0m
[1.903s] [ 44%] [32mBuilding CXX object CMakeFiles/sonar_msgs__rosidl_typesupport_fastrtps_cpp.dir/rosidl_typesupport_fastrtps_cpp/sonar_msgs/msg/detail/dds_fastrtps/kf_values__type_support.cpp.o[0m
[1.938s] [ 48%] [32mBuilding CXX object CMakeFiles/sonar_msgs__rosidl_typesupport_c.dir/rosidl_typesupport_c/sonar_msgs/msg/conf_scal__type_support.cpp.o[0m
[1.938s] [ 48%] [32mBuilding CXX object CMakeFiles/sonar_msgs__rosidl_typesupport_c.dir/rosidl_typesupport_c/sonar_msgs/msg/three_sonar_depth__type_support.cpp.o[0m
[1.938s] [ 51%] [32mBuilding CXX object CMakeFiles/sonar_msgs__rosidl_typesupport_c.dir/rosidl_typesupport_c/sonar_msgs/msg/kf_values__type_support.cpp.o[0m
[1.961s] [ 55%] [32mBuilding C object CMakeFiles/sonar_msgs__rosidl_typesupport_introspection_c.dir/rosidl_typesupport_introspection_c/sonar_msgs/msg/detail/three_sonar_depth__type_support.c.o[0m
[1.961s] [ 55%] [32mBuilding C object CMakeFiles/sonar_msgs__rosidl_typesupport_introspection_c.dir/rosidl_typesupport_introspection_c/sonar_msgs/msg/detail/kf_values__type_support.c.o[0m
[1.962s] [ 57%] [32mBuilding C object CMakeFiles/sonar_msgs__rosidl_typesupport_introspection_c.dir/rosidl_typesupport_introspection_c/sonar_msgs/msg/detail/conf_scal__type_support.c.o[0m
[1.983s] [ 59%] [32m[1mLinking CXX shared library libsonar_msgs__rosidl_typesupport_c.so[0m
[1.997s] [ 61%] [32m[1mLinking C shared library libsonar_msgs__rosidl_typesupport_introspection_c.so[0m
[2.011s] [ 63%] [32mBuilding CXX object CMakeFiles/sonar_msgs__rosidl_typesupport_fastrtps_c.dir/rosidl_typesupport_fastrtps_c/sonar_msgs/msg/detail/three_sonar_depth__type_support_c.cpp.o[0m
[2.013s] [ 65%] [32mBuilding CXX object CMakeFiles/sonar_msgs__rosidl_typesupport_fastrtps_c.dir/rosidl_typesupport_fastrtps_c/sonar_msgs/msg/detail/kf_values__type_support_c.cpp.o[0m
[2.014s] [ 68%] [32mBuilding CXX object CMakeFiles/sonar_msgs__rosidl_typesupport_fastrtps_c.dir/rosidl_typesupport_fastrtps_c/sonar_msgs/msg/detail/conf_scal__type_support_c.cpp.o[0m
[2.028s] [ 68%] Built target sonar_msgs__rosidl_typesupport_introspection_c
[2.082s] [ 68%] Built target sonar_msgs__rosidl_typesupport_c
[2.201s] [ 70%] [32m[1mLinking CXX shared library libsonar_msgs__rosidl_typesupport_cpp.so[0m
[2.266s] [ 70%] Built target sonar_msgs__rosidl_typesupport_cpp
[2.287s] [ 72%] [32m[1mLinking CXX shared library libsonar_msgs__rosidl_typesupport_introspection_cpp.so[0m
[2.353s] [ 72%] Built target sonar_msgs__rosidl_typesupport_introspection_cpp
[2.397s] [ 74%] [32m[1mLinking CXX shared library libsonar_msgs__rosidl_typesupport_fastrtps_cpp.so[0m
[2.437s] [ 76%] [32m[1mLinking CXX shared library libsonar_msgs__rosidl_typesupport_fastrtps_c.so[0m
[2.462s] [ 76%] Built target sonar_msgs__rosidl_typesupport_fastrtps_cpp
[2.502s] [ 76%] Built target sonar_msgs__rosidl_typesupport_fastrtps_c
[2.516s] [ 76%] Built target sonar_msgs
[2.531s] [ 78%] [34m[1mGenerating Python code for ROS interfaces[0m
[2.873s] [ 78%] Built target sonar_msgs__py
[2.888s] [ 82%] [32mBuilding C object CMakeFiles/sonar_msgs__rosidl_generator_py.dir/rosidl_generator_py/sonar_msgs/msg/_kf_values_s.c.o[0m
[2.888s] [ 82%] [32mBuilding C object CMakeFiles/sonar_msgs__rosidl_generator_py.dir/rosidl_generator_py/sonar_msgs/msg/_conf_scal_s.c.o[0m
[2.888s] [ 85%] [32mBuilding C object CMakeFiles/sonar_msgs__rosidl_generator_py.dir/rosidl_generator_py/sonar_msgs/msg/_three_sonar_depth_s.c.o[0m
[2.961s] [ 87%] [32m[1mLinking C shared library rosidl_generator_py/sonar_msgs/libsonar_msgs__rosidl_generator_py.so[0m
[2.992s] [ 87%] Built target sonar_msgs__rosidl_generator_py
[3.005s] [ 91%] [32mBuilding C object CMakeFiles/sonar_msgs__rosidl_typesupport_fastrtps_c__pyext.dir/rosidl_generator_py/sonar_msgs/_sonar_msgs_s.ep.rosidl_typesupport_fastrtps_c.c.o[0m
[3.005s] [ 91%] [32mBuilding C object CMakeFiles/sonar_msgs__rosidl_typesupport_c__pyext.dir/rosidl_generator_py/sonar_msgs/_sonar_msgs_s.ep.rosidl_typesupport_c.c.o[0m
[3.006s] [ 93%] [32mBuilding C object CMakeFiles/sonar_msgs__rosidl_typesupport_introspection_c__pyext.dir/rosidl_generator_py/sonar_msgs/_sonar_msgs_s.ep.rosidl_typesupport_introspection_c.c.o[0m
[3.077s] [ 95%] [32m[1mLinking C shared library rosidl_generator_py/sonar_msgs/sonar_msgs_s__rosidl_typesupport_fastrtps_c.cpython-310-x86_64-linux-gnu.so[0m
[3.079s] [ 97%] [32m[1mLinking C shared library rosidl_generator_py/sonar_msgs/sonar_msgs_s__rosidl_typesupport_introspection_c.cpython-310-x86_64-linux-gnu.so[0m
[3.080s] [100%] [32m[1mLinking C shared library rosidl_generator_py/sonar_msgs/sonar_msgs_s__rosidl_typesupport_c.cpython-310-x86_64-linux-gnu.so[0m
[3.105s] [100%] Built target sonar_msgs__rosidl_typesupport_fastrtps_c__pyext
[3.107s] [100%] Built target sonar_msgs__rosidl_typesupport_c__pyext
[3.108s] [100%] Built target sonar_msgs__rosidl_typesupport_introspection_c__pyext
[3.117s] Invoked command in '/home/saab/Desktop/2024_UWR/build/sonar_msgs' returned '0': CMAKE_PREFIX_PATH=${CMAKE_PREFIX_PATH}:/home/saab/Desktop/2024_UWR/install/sonar_subs:/opt/ros/humble /usr/bin/cmake --build /home/saab/Desktop/2024_UWR/build/sonar_msgs -- -j24 -l24
[3.125s] Invoking command in '/home/saab/Desktop/2024_UWR/build/sonar_msgs': CMAKE_PREFIX_PATH=${CMAKE_PREFIX_PATH}:/home/saab/Desktop/2024_UWR/install/sonar_subs:/opt/ros/humble /usr/bin/cmake --install /home/saab/Desktop/2024_UWR/build/sonar_msgs
[3.129s] -- Install configuration: ""
[3.130s] -- Execute custom install script
[3.130s] -- Symlinking: /home/saab/Desktop/2024_UWR/install/sonar_msgs/share/ament_index/resource_index/rosidl_interfaces/sonar_msgs
[3.137s] -- Symlinking: /home/saab/Desktop/2024_UWR/install/sonar_msgs/include/sonar_msgs/sonar_msgs/msg/conf_scal.h
[3.143s] -- Symlinking: /home/saab/Desktop/2024_UWR/install/sonar_msgs/include/sonar_msgs/sonar_msgs/msg/detail/conf_scal__functions.h
[3.149s] -- Symlinking: /home/saab/Desktop/2024_UWR/install/sonar_msgs/include/sonar_msgs/sonar_msgs/msg/detail/conf_scal__struct.h
[3.155s] -- Symlinking: /home/saab/Desktop/2024_UWR/install/sonar_msgs/include/sonar_msgs/sonar_msgs/msg/detail/conf_scal__type_support.h
[3.161s] -- Symlinking: /home/saab/Desktop/2024_UWR/install/sonar_msgs/include/sonar_msgs/sonar_msgs/msg/detail/kf_values__functions.h
[3.166s] -- Symlinking: /home/saab/Desktop/2024_UWR/install/sonar_msgs/include/sonar_msgs/sonar_msgs/msg/detail/kf_values__struct.h
[3.172s] -- Symlinking: /home/saab/Desktop/2024_UWR/install/sonar_msgs/include/sonar_msgs/sonar_msgs/msg/detail/kf_values__type_support.h
[3.179s] -- Symlinking: /home/saab/Desktop/2024_UWR/install/sonar_msgs/include/sonar_msgs/sonar_msgs/msg/detail/three_sonar_depth__functions.h
[3.185s] -- Symlinking: /home/saab/Desktop/2024_UWR/install/sonar_msgs/include/sonar_msgs/sonar_msgs/msg/detail/three_sonar_depth__struct.h
[3.191s] -- Symlinking: /home/saab/Desktop/2024_UWR/install/sonar_msgs/include/sonar_msgs/sonar_msgs/msg/detail/three_sonar_depth__type_support.h
[3.198s] -- Symlinking: /home/saab/Desktop/2024_UWR/install/sonar_msgs/include/sonar_msgs/sonar_msgs/msg/kf_values.h
[3.204s] -- Symlinking: /home/saab/Desktop/2024_UWR/install/sonar_msgs/include/sonar_msgs/sonar_msgs/msg/rosidl_generator_c__visibility_control.h
[3.210s] -- Symlinking: /home/saab/Desktop/2024_UWR/install/sonar_msgs/include/sonar_msgs/sonar_msgs/msg/three_sonar_depth.h
[3.216s] -- Symlinking: /home/saab/Desktop/2024_UWR/install/sonar_msgs/share/sonar_msgs/environment/library_path.sh
[3.222s] -- Symlinking: /home/saab/Desktop/2024_UWR/install/sonar_msgs/share/sonar_msgs/environment/library_path.dsv
[3.229s] -- Symlinking: /home/saab/Desktop/2024_UWR/install/sonar_msgs/include/sonar_msgs/sonar_msgs/msg/detail/conf_scal__rosidl_typesupport_fastrtps_c.h
[3.235s] -- Symlinking: /home/saab/Desktop/2024_UWR/install/sonar_msgs/include/sonar_msgs/sonar_msgs/msg/detail/kf_values__rosidl_typesupport_fastrtps_c.h
[3.241s] -- Symlinking: /home/saab/Desktop/2024_UWR/install/sonar_msgs/include/sonar_msgs/sonar_msgs/msg/detail/three_sonar_depth__rosidl_typesupport_fastrtps_c.h
[3.248s] -- Symlinking: /home/saab/Desktop/2024_UWR/install/sonar_msgs/include/sonar_msgs/sonar_msgs/msg/rosidl_typesupport_fastrtps_c__visibility_control.h
[3.255s] -- Symlinking: /home/saab/Desktop/2024_UWR/install/sonar_msgs/include/sonar_msgs/sonar_msgs/msg/conf_scal.hpp
[3.262s] -- Symlinking: /home/saab/Desktop/2024_UWR/install/sonar_msgs/include/sonar_msgs/sonar_msgs/msg/detail/conf_scal__builder.hpp
[3.268s] -- Symlinking: /home/saab/Desktop/2024_UWR/install/sonar_msgs/include/sonar_msgs/sonar_msgs/msg/detail/conf_scal__struct.hpp
[3.274s] -- Symlinking: /home/saab/Desktop/2024_UWR/install/sonar_msgs/include/sonar_msgs/sonar_msgs/msg/detail/conf_scal__traits.hpp
[3.279s] -- Symlinking: /home/saab/Desktop/2024_UWR/install/sonar_msgs/include/sonar_msgs/sonar_msgs/msg/detail/conf_scal__type_support.hpp
[3.285s] -- Symlinking: /home/saab/Desktop/2024_UWR/install/sonar_msgs/include/sonar_msgs/sonar_msgs/msg/detail/kf_values__builder.hpp
[3.291s] -- Symlinking: /home/saab/Desktop/2024_UWR/install/sonar_msgs/include/sonar_msgs/sonar_msgs/msg/detail/kf_values__struct.hpp
[3.297s] -- Symlinking: /home/saab/Desktop/2024_UWR/install/sonar_msgs/include/sonar_msgs/sonar_msgs/msg/detail/kf_values__traits.hpp
[3.303s] -- Symlinking: /home/saab/Desktop/2024_UWR/install/sonar_msgs/include/sonar_msgs/sonar_msgs/msg/detail/kf_values__type_support.hpp
[3.308s] -- Symlinking: /home/saab/Desktop/2024_UWR/install/sonar_msgs/include/sonar_msgs/sonar_msgs/msg/detail/three_sonar_depth__builder.hpp
[3.314s] -- Symlinking: /home/saab/Desktop/2024_UWR/install/sonar_msgs/include/sonar_msgs/sonar_msgs/msg/detail/three_sonar_depth__struct.hpp
[3.320s] -- Symlinking: /home/saab/Desktop/2024_UWR/install/sonar_msgs/include/sonar_msgs/sonar_msgs/msg/detail/three_sonar_depth__traits.hpp
[3.326s] -- Symlinking: /home/saab/Desktop/2024_UWR/install/sonar_msgs/include/sonar_msgs/sonar_msgs/msg/detail/three_sonar_depth__type_support.hpp
[3.332s] -- Symlinking: /home/saab/Desktop/2024_UWR/install/sonar_msgs/include/sonar_msgs/sonar_msgs/msg/kf_values.hpp
[3.339s] -- Symlinking: /home/saab/Desktop/2024_UWR/install/sonar_msgs/include/sonar_msgs/sonar_msgs/msg/rosidl_generator_cpp__visibility_control.hpp
[3.347s] -- Symlinking: /home/saab/Desktop/2024_UWR/install/sonar_msgs/include/sonar_msgs/sonar_msgs/msg/three_sonar_depth.hpp
[3.354s] -- Symlinking: /home/saab/Desktop/2024_UWR/install/sonar_msgs/include/sonar_msgs/sonar_msgs/msg/detail/conf_scal__rosidl_typesupport_fastrtps_cpp.hpp
[3.360s] -- Symlinking: /home/saab/Desktop/2024_UWR/install/sonar_msgs/include/sonar_msgs/sonar_msgs/msg/detail/kf_values__rosidl_typesupport_fastrtps_cpp.hpp
[3.367s] -- Symlinking: /home/saab/Desktop/2024_UWR/install/sonar_msgs/include/sonar_msgs/sonar_msgs/msg/detail/three_sonar_depth__rosidl_typesupport_fastrtps_cpp.hpp
[3.374s] -- Symlinking: /home/saab/Desktop/2024_UWR/install/sonar_msgs/include/sonar_msgs/sonar_msgs/msg/rosidl_typesupport_fastrtps_cpp__visibility_control.h
[3.381s] -- Symlinking: /home/saab/Desktop/2024_UWR/install/sonar_msgs/include/sonar_msgs/sonar_msgs/msg/detail/conf_scal__rosidl_typesupport_introspection_c.h
[3.388s] -- Symlinking: /home/saab/Desktop/2024_UWR/install/sonar_msgs/include/sonar_msgs/sonar_msgs/msg/detail/kf_values__rosidl_typesupport_introspection_c.h
[3.393s] -- Symlinking: /home/saab/Desktop/2024_UWR/install/sonar_msgs/include/sonar_msgs/sonar_msgs/msg/detail/three_sonar_depth__rosidl_typesupport_introspection_c.h
[3.399s] -- Symlinking: /home/saab/Desktop/2024_UWR/install/sonar_msgs/include/sonar_msgs/sonar_msgs/msg/rosidl_typesupport_introspection_c__visibility_control.h
[3.406s] -- Symlinking: /home/saab/Desktop/2024_UWR/install/sonar_msgs/include/sonar_msgs/sonar_msgs/msg/detail/conf_scal__rosidl_typesupport_introspection_cpp.hpp
[3.412s] -- Symlinking: /home/saab/Desktop/2024_UWR/install/sonar_msgs/include/sonar_msgs/sonar_msgs/msg/detail/kf_values__rosidl_typesupport_introspection_cpp.hpp
[3.419s] -- Symlinking: /home/saab/Desktop/2024_UWR/install/sonar_msgs/include/sonar_msgs/sonar_msgs/msg/detail/three_sonar_depth__rosidl_typesupport_introspection_cpp.hpp
[3.426s] -- Symlinking: /home/saab/Desktop/2024_UWR/install/sonar_msgs/share/sonar_msgs/environment/pythonpath.sh
[3.432s] -- Symlinking: /home/saab/Desktop/2024_UWR/install/sonar_msgs/share/sonar_msgs/environment/pythonpath.dsv
[3.439s] -- Symlinking: /home/saab/Desktop/2024_UWR/install/sonar_msgs/local/lib/python3.10/dist-packages/sonar_msgs-0.0.0-py3.10.egg-info/PKG-INFO
[3.446s] -- Symlinking: /home/saab/Desktop/2024_UWR/install/sonar_msgs/local/lib/python3.10/dist-packages/sonar_msgs-0.0.0-py3.10.egg-info/SOURCES.txt
[3.452s] -- Symlinking: /home/saab/Desktop/2024_UWR/install/sonar_msgs/local/lib/python3.10/dist-packages/sonar_msgs-0.0.0-py3.10.egg-info/dependency_links.txt
[3.458s] -- Symlinking: /home/saab/Desktop/2024_UWR/install/sonar_msgs/local/lib/python3.10/dist-packages/sonar_msgs-0.0.0-py3.10.egg-info/top_level.txt
[3.466s] -- Symlinking: /home/saab/Desktop/2024_UWR/install/sonar_msgs/local/lib/python3.10/dist-packages/sonar_msgs/__init__.py
[3.472s] -- Symlinking: /home/saab/Desktop/2024_UWR/install/sonar_msgs/local/lib/python3.10/dist-packages/sonar_msgs/_sonar_msgs_s.ep.rosidl_typesupport_c.c
[3.478s] -- Symlinking: /home/saab/Desktop/2024_UWR/install/sonar_msgs/local/lib/python3.10/dist-packages/sonar_msgs/_sonar_msgs_s.ep.rosidl_typesupport_fastrtps_c.c
[3.485s] -- Symlinking: /home/saab/Desktop/2024_UWR/install/sonar_msgs/local/lib/python3.10/dist-packages/sonar_msgs/_sonar_msgs_s.ep.rosidl_typesupport_introspection_c.c
[3.491s] -- Symlinking: /home/saab/Desktop/2024_UWR/install/sonar_msgs/local/lib/python3.10/dist-packages/sonar_msgs/libsonar_msgs__rosidl_generator_py.so
[3.498s] -- Symlinking: /home/saab/Desktop/2024_UWR/install/sonar_msgs/local/lib/python3.10/dist-packages/sonar_msgs/msg/__init__.py
[3.505s] -- Symlinking: /home/saab/Desktop/2024_UWR/install/sonar_msgs/local/lib/python3.10/dist-packages/sonar_msgs/msg/_conf_scal.py
[3.511s] -- Symlinking: /home/saab/Desktop/2024_UWR/install/sonar_msgs/local/lib/python3.10/dist-packages/sonar_msgs/msg/_conf_scal_s.c
[3.517s] -- Symlinking: /home/saab/Desktop/2024_UWR/install/sonar_msgs/local/lib/python3.10/dist-packages/sonar_msgs/msg/_kf_values.py
[3.523s] -- Symlinking: /home/saab/Desktop/2024_UWR/install/sonar_msgs/local/lib/python3.10/dist-packages/sonar_msgs/msg/_kf_values_s.c
[3.530s] -- Symlinking: /home/saab/Desktop/2024_UWR/install/sonar_msgs/local/lib/python3.10/dist-packages/sonar_msgs/msg/_three_sonar_depth.py
[3.536s] -- Symlinking: /home/saab/Desktop/2024_UWR/install/sonar_msgs/local/lib/python3.10/dist-packages/sonar_msgs/msg/_three_sonar_depth_s.c
[3.542s] -- Symlinking: /home/saab/Desktop/2024_UWR/install/sonar_msgs/local/lib/python3.10/dist-packages/sonar_msgs/sonar_msgs_s__rosidl_typesupport_c.cpython-310-x86_64-linux-gnu.so
[3.548s] -- Symlinking: /home/saab/Desktop/2024_UWR/install/sonar_msgs/local/lib/python3.10/dist-packages/sonar_msgs/sonar_msgs_s__rosidl_typesupport_fastrtps_c.cpython-310-x86_64-linux-gnu.so
[3.554s] -- Symlinking: /home/saab/Desktop/2024_UWR/install/sonar_msgs/local/lib/python3.10/dist-packages/sonar_msgs/sonar_msgs_s__rosidl_typesupport_introspection_c.cpython-310-x86_64-linux-gnu.so
[3.560s] -- Up-to-date symlink: /home/saab/Desktop/2024_UWR/install/sonar_msgs/local/lib/python3.10/dist-packages/sonar_msgs/sonar_msgs_s__rosidl_typesupport_fastrtps_c.cpython-310-x86_64-linux-gnu.so
[3.561s] -- Up-to-date symlink: /home/saab/Desktop/2024_UWR/install/sonar_msgs/local/lib/python3.10/dist-packages/sonar_msgs/sonar_msgs_s__rosidl_typesupport_introspection_c.cpython-310-x86_64-linux-gnu.so
[3.561s] -- Up-to-date symlink: /home/saab/Desktop/2024_UWR/install/sonar_msgs/local/lib/python3.10/dist-packages/sonar_msgs/sonar_msgs_s__rosidl_typesupport_c.cpython-310-x86_64-linux-gnu.so
[3.561s] -- Symlinking: /home/saab/Desktop/2024_UWR/install/sonar_msgs/share/sonar_msgs/msg/ThreeSonarDepth.idl
[3.568s] -- Symlinking: /home/saab/Desktop/2024_UWR/install/sonar_msgs/share/sonar_msgs/msg/ConfScal.idl
[3.574s] -- Symlinking: /home/saab/Desktop/2024_UWR/install/sonar_msgs/share/sonar_msgs/msg/KfValues.idl
[3.580s] -- Symlinking: /home/saab/Desktop/2024_UWR/install/sonar_msgs/share/sonar_msgs/msg/ThreeSonarDepth.msg
[3.587s] -- Symlinking: /home/saab/Desktop/2024_UWR/install/sonar_msgs/share/sonar_msgs/msg/ConfScal.msg
[3.594s] -- Symlinking: /home/saab/Desktop/2024_UWR/install/sonar_msgs/share/sonar_msgs/msg/KfValues.msg
[3.600s] -- Symlinking: /home/saab/Desktop/2024_UWR/install/sonar_msgs/share/ament_index/resource_index/package_run_dependencies/sonar_msgs
[3.605s] -- Symlinking: /home/saab/Desktop/2024_UWR/install/sonar_msgs/share/ament_index/resource_index/parent_prefix_path/sonar_msgs
[3.612s] -- Symlinking: /home/saab/Desktop/2024_UWR/install/sonar_msgs/share/sonar_msgs/environment/ament_prefix_path.sh
[3.618s] -- Symlinking: /home/saab/Desktop/2024_UWR/install/sonar_msgs/share/sonar_msgs/environment/ament_prefix_path.dsv
[3.624s] -- Symlinking: /home/saab/Desktop/2024_UWR/install/sonar_msgs/share/sonar_msgs/environment/path.sh
[3.631s] -- Symlinking: /home/saab/Desktop/2024_UWR/install/sonar_msgs/share/sonar_msgs/environment/path.dsv
[3.638s] -- Symlinking: /home/saab/Desktop/2024_UWR/install/sonar_msgs/share/sonar_msgs/local_setup.bash
[3.644s] -- Symlinking: /home/saab/Desktop/2024_UWR/install/sonar_msgs/share/sonar_msgs/local_setup.sh
[3.651s] -- Symlinking: /home/saab/Desktop/2024_UWR/install/sonar_msgs/share/sonar_msgs/local_setup.zsh
[3.657s] -- Symlinking: /home/saab/Desktop/2024_UWR/install/sonar_msgs/share/sonar_msgs/local_setup.dsv
[3.664s] -- Symlinking: /home/saab/Desktop/2024_UWR/install/sonar_msgs/share/sonar_msgs/package.dsv
[3.670s] -- Symlinking: /home/saab/Desktop/2024_UWR/install/sonar_msgs/share/ament_index/resource_index/packages/sonar_msgs
[3.678s] -- Symlinking: /home/saab/Desktop/2024_UWR/install/sonar_msgs/share/sonar_msgs/cmake/rosidl_cmake-extras.cmake
[3.684s] -- Symlinking: /home/saab/Desktop/2024_UWR/install/sonar_msgs/share/sonar_msgs/cmake/ament_cmake_export_dependencies-extras.cmake
[3.691s] -- Symlinking: /home/saab/Desktop/2024_UWR/install/sonar_msgs/share/sonar_msgs/cmake/ament_cmake_export_include_directories-extras.cmake
[3.697s] -- Symlinking: /home/saab/Desktop/2024_UWR/install/sonar_msgs/share/sonar_msgs/cmake/ament_cmake_export_libraries-extras.cmake
[3.704s] -- Symlinking: /home/saab/Desktop/2024_UWR/install/sonar_msgs/share/sonar_msgs/cmake/ament_cmake_export_targets-extras.cmake
[3.710s] -- Symlinking: /home/saab/Desktop/2024_UWR/install/sonar_msgs/share/sonar_msgs/cmake/rosidl_cmake_export_typesupport_targets-extras.cmake
[3.717s] -- Symlinking: /home/saab/Desktop/2024_UWR/install/sonar_msgs/share/sonar_msgs/cmake/rosidl_cmake_export_typesupport_libraries-extras.cmake
[3.724s] -- Symlinking: /home/saab/Desktop/2024_UWR/install/sonar_msgs/share/sonar_msgs/cmake/sonar_msgsConfig.cmake
[3.730s] -- Symlinking: /home/saab/Desktop/2024_UWR/install/sonar_msgs/share/sonar_msgs/cmake/sonar_msgsConfig-version.cmake
[3.736s] -- Symlinking: /home/saab/Desktop/2024_UWR/install/sonar_msgs/share/sonar_msgs/package.xml
[3.743s] -- Installing: /home/saab/Desktop/2024_UWR/install/sonar_msgs/lib/libsonar_msgs__rosidl_generator_c.so
[3.743s] -- Set runtime path of "/home/saab/Desktop/2024_UWR/install/sonar_msgs/lib/libsonar_msgs__rosidl_generator_c.so" to ""
[3.744s] -- Installing: /home/saab/Desktop/2024_UWR/install/sonar_msgs/lib/libsonar_msgs__rosidl_typesupport_fastrtps_c.so
[3.744s] -- Set runtime path of "/home/saab/Desktop/2024_UWR/install/sonar_msgs/lib/libsonar_msgs__rosidl_typesupport_fastrtps_c.so" to ""
[3.744s] -- Installing: /home/saab/Desktop/2024_UWR/install/sonar_msgs/lib/libsonar_msgs__rosidl_typesupport_fastrtps_cpp.so
[3.744s] -- Set runtime path of "/home/saab/Desktop/2024_UWR/install/sonar_msgs/lib/libsonar_msgs__rosidl_typesupport_fastrtps_cpp.so" to ""
[3.744s] -- Installing: /home/saab/Desktop/2024_UWR/install/sonar_msgs/lib/libsonar_msgs__rosidl_typesupport_introspection_c.so
[3.744s] -- Set runtime path of "/home/saab/Desktop/2024_UWR/install/sonar_msgs/lib/libsonar_msgs__rosidl_typesupport_introspection_c.so" to ""
[3.745s] -- Installing: /home/saab/Desktop/2024_UWR/install/sonar_msgs/lib/libsonar_msgs__rosidl_typesupport_c.so
[3.745s] -- Set runtime path of "/home/saab/Desktop/2024_UWR/install/sonar_msgs/lib/libsonar_msgs__rosidl_typesupport_c.so" to ""
[3.745s] -- Installing: /home/saab/Desktop/2024_UWR/install/sonar_msgs/lib/libsonar_msgs__rosidl_typesupport_introspection_cpp.so
[3.745s] -- Set runtime path of "/home/saab/Desktop/2024_UWR/install/sonar_msgs/lib/libsonar_msgs__rosidl_typesupport_introspection_cpp.so" to ""
[3.745s] -- Installing: /home/saab/Desktop/2024_UWR/install/sonar_msgs/lib/libsonar_msgs__rosidl_typesupport_cpp.so
[3.745s] -- Set runtime path of "/home/saab/Desktop/2024_UWR/install/sonar_msgs/lib/libsonar_msgs__rosidl_typesupport_cpp.so" to ""
[3.773s] Listing '/home/saab/Desktop/2024_UWR/install/sonar_msgs/local/lib/python3.10/dist-packages/sonar_msgs'...
[3.774s] Compiling '/home/saab/Desktop/2024_UWR/install/sonar_msgs/local/lib/python3.10/dist-packages/sonar_msgs/__init__.py'...
[3.774s] Listing '/home/saab/Desktop/2024_UWR/install/sonar_msgs/local/lib/python3.10/dist-packages/sonar_msgs/msg'...
[3.774s] Compiling '/home/saab/Desktop/2024_UWR/install/sonar_msgs/local/lib/python3.10/dist-packages/sonar_msgs/msg/__init__.py'...
[3.774s] Compiling '/home/saab/Desktop/2024_UWR/install/sonar_msgs/local/lib/python3.10/dist-packages/sonar_msgs/msg/_conf_scal.py'...
[3.774s] Compiling '/home/saab/Desktop/2024_UWR/install/sonar_msgs/local/lib/python3.10/dist-packages/sonar_msgs/msg/_kf_values.py'...
[3.774s] Compiling '/home/saab/Desktop/2024_UWR/install/sonar_msgs/local/lib/python3.10/dist-packages/sonar_msgs/msg/_three_sonar_depth.py'...
[3.777s] -- Installing: /home/saab/Desktop/2024_UWR/install/sonar_msgs/lib/libsonar_msgs__rosidl_generator_py.so
[3.777s] -- Set runtime path of "/home/saab/Desktop/2024_UWR/install/sonar_msgs/lib/libsonar_msgs__rosidl_generator_py.so" to ""
[3.777s] -- Installing: /home/saab/Desktop/2024_UWR/install/sonar_msgs/share/sonar_msgs/cmake/export_sonar_msgs__rosidl_generator_cExport.cmake
[3.777s] -- Installing: /home/saab/Desktop/2024_UWR/install/sonar_msgs/share/sonar_msgs/cmake/export_sonar_msgs__rosidl_generator_cExport-noconfig.cmake
[3.777s] -- Installing: /home/saab/Desktop/2024_UWR/install/sonar_msgs/share/sonar_msgs/cmake/export_sonar_msgs__rosidl_typesupport_fastrtps_cExport.cmake
[3.777s] -- Installing: /home/saab/Desktop/2024_UWR/install/sonar_msgs/share/sonar_msgs/cmake/export_sonar_msgs__rosidl_typesupport_fastrtps_cExport-noconfig.cmake
[3.778s] -- Installing: /home/saab/Desktop/2024_UWR/install/sonar_msgs/share/sonar_msgs/cmake/export_sonar_msgs__rosidl_generator_cppExport.cmake
[3.778s] -- Installing: /home/saab/Desktop/2024_UWR/install/sonar_msgs/share/sonar_msgs/cmake/export_sonar_msgs__rosidl_typesupport_fastrtps_cppExport.cmake
[3.778s] -- Installing: /home/saab/Desktop/2024_UWR/install/sonar_msgs/share/sonar_msgs/cmake/export_sonar_msgs__rosidl_typesupport_fastrtps_cppExport-noconfig.cmake
[3.778s] -- Installing: /home/saab/Desktop/2024_UWR/install/sonar_msgs/share/sonar_msgs/cmake/sonar_msgs__rosidl_typesupport_introspection_cExport.cmake
[3.778s] -- Installing: /home/saab/Desktop/2024_UWR/install/sonar_msgs/share/sonar_msgs/cmake/sonar_msgs__rosidl_typesupport_introspection_cExport-noconfig.cmake
[3.778s] -- Installing: /home/saab/Desktop/2024_UWR/install/sonar_msgs/share/sonar_msgs/cmake/sonar_msgs__rosidl_typesupport_cExport.cmake
[3.778s] -- Installing: /home/saab/Desktop/2024_UWR/install/sonar_msgs/share/sonar_msgs/cmake/sonar_msgs__rosidl_typesupport_cExport-noconfig.cmake
[3.778s] -- Installing: /home/saab/Desktop/2024_UWR/install/sonar_msgs/share/sonar_msgs/cmake/sonar_msgs__rosidl_typesupport_introspection_cppExport.cmake
[3.778s] -- Installing: /home/saab/Desktop/2024_UWR/install/sonar_msgs/share/sonar_msgs/cmake/sonar_msgs__rosidl_typesupport_introspection_cppExport-noconfig.cmake
[3.779s] -- Installing: /home/saab/Desktop/2024_UWR/install/sonar_msgs/share/sonar_msgs/cmake/sonar_msgs__rosidl_typesupport_cppExport.cmake
[3.779s] -- Installing: /home/saab/Desktop/2024_UWR/install/sonar_msgs/share/sonar_msgs/cmake/sonar_msgs__rosidl_typesupport_cppExport-noconfig.cmake
[3.779s] -- Installing: /home/saab/Desktop/2024_UWR/install/sonar_msgs/share/sonar_msgs/cmake/export_sonar_msgs__rosidl_generator_pyExport.cmake
[3.779s] -- Installing: /home/saab/Desktop/2024_UWR/install/sonar_msgs/share/sonar_msgs/cmake/export_sonar_msgs__rosidl_generator_pyExport-noconfig.cmake
[3.781s] Invoked command in '/home/saab/Desktop/2024_UWR/build/sonar_msgs' returned '0': CMAKE_PREFIX_PATH=${CMAKE_PREFIX_PATH}:/home/saab/Desktop/2024_UWR/install/sonar_subs:/opt/ros/humble /usr/bin/cmake --install /home/saab/Desktop/2024_UWR/build/sonar_msgs
