[0.206s] DEBUG:colcon:Command line arguments: ['/usr/bin/colcon', 'build', '--packages-select', 'kalman_filter']
[0.207s] DEBUG:colcon:Parsed command line arguments: Namespace(log_base=None, log_level=None, verb_name='build', build_base='build', install_base='install', merge_install=False, symlink_install=False, test_result_base=None, continue_on_error=False, executor='parallel', parallel_workers=8, event_handlers=None, ignore_user_meta=False, metas=['./colcon.meta'], base_paths=['.'], packages_ignore=None, packages_ignore_regex=None, paths=None, packages_up_to=None, packages_up_to_regex=None, packages_above=None, packages_above_and_dependencies=None, packages_above_depth=None, packages_select_by_dep=None, packages_skip_by_dep=None, packages_skip_up_to=None, packages_select_build_failed=False, packages_skip_build_finished=False, packages_select_test_failures=False, packages_skip_test_passed=False, packages_select=['kalman_filter'], packages_skip=None, packages_select_regex=None, packages_skip_regex=None, packages_start=None, packages_end=None, allow_overriding=[], cmake_args=None, cmake_target=None, cmake_target_skip_unavailable=False, cmake_clean_cache=False, cmake_clean_first=False, cmake_force_configure=False, ament_cmake_args=None, catkin_cmake_args=None, catkin_skip_building_tests=False, verb_parser=<colcon_defaults.argument_parser.defaults.DefaultArgumentsDecorator object at 0x7062f9854b80>, verb_extension=<colcon_core.verb.build.BuildVerb object at 0x7062f99516f0>, main=<bound method BuildVerb.main of <colcon_core.verb.build.BuildVerb object at 0x7062f99516f0>>)
[0.534s] Level 1:colcon.colcon_core.package_discovery:discover_packages(colcon_meta) check parameters
[0.535s] Level 1:colcon.colcon_core.package_discovery:discover_packages(recursive) check parameters
[0.535s] Level 1:colcon.colcon_core.package_discovery:discover_packages(ignore) check parameters
[0.535s] Level 1:colcon.colcon_core.package_discovery:discover_packages(path) check parameters
[0.535s] Level 1:colcon.colcon_core.package_discovery:discover_packages(colcon_meta) discover
[0.535s] Level 1:colcon.colcon_core.package_discovery:discover_packages(recursive) discover
[0.535s] INFO:colcon.colcon_core.package_discovery:Crawling recursively for packages in '/home/uwr/Desktop/2024_UWR'
[0.535s] Level 1:colcon.colcon_core.package_identification:_identify(.) by extensions ['ignore', 'ignore_ament_install']
[0.535s] Level 1:colcon.colcon_core.package_identification:_identify(.) by extension 'ignore'
[0.535s] Level 1:colcon.colcon_core.package_identification:_identify(.) by extension 'ignore_ament_install'
[0.536s] Level 1:colcon.colcon_core.package_identification:_identify(.) by extensions ['colcon_pkg']
[0.536s] Level 1:colcon.colcon_core.package_identification:_identify(.) by extension 'colcon_pkg'
[0.536s] Level 1:colcon.colcon_core.package_identification:_identify(.) by extensions ['colcon_meta']
[0.536s] Level 1:colcon.colcon_core.package_identification:_identify(.) by extension 'colcon_meta'
[0.536s] Level 1:colcon.colcon_core.package_identification:_identify(.) by extensions ['ros']
[0.536s] Level 1:colcon.colcon_core.package_identification:_identify(.) by extension 'ros'
[0.552s] Level 1:colcon.colcon_core.package_identification:_identify(.) by extensions ['cmake', 'python']
[0.552s] Level 1:colcon.colcon_core.package_identification:_identify(.) by extension 'cmake'
[0.552s] Level 1:colcon.colcon_core.package_identification:_identify(.) by extension 'python'
[0.552s] Level 1:colcon.colcon_core.package_identification:_identify(.) by extensions ['python_setup_py']
[0.552s] Level 1:colcon.colcon_core.package_identification:_identify(.) by extension 'python_setup_py'
[0.552s] Level 1:colcon.colcon_core.package_identification:_identify(Analysis) by extensions ['ignore', 'ignore_ament_install']
[0.553s] Level 1:colcon.colcon_core.package_identification:_identify(Analysis) by extension 'ignore'
[0.553s] Level 1:colcon.colcon_core.package_identification:_identify(Analysis) by extension 'ignore_ament_install'
[0.553s] Level 1:colcon.colcon_core.package_identification:_identify(Analysis) by extensions ['colcon_pkg']
[0.553s] Level 1:colcon.colcon_core.package_identification:_identify(Analysis) by extension 'colcon_pkg'
[0.553s] Level 1:colcon.colcon_core.package_identification:_identify(Analysis) by extensions ['colcon_meta']
[0.553s] Level 1:colcon.colcon_core.package_identification:_identify(Analysis) by extension 'colcon_meta'
[0.553s] Level 1:colcon.colcon_core.package_identification:_identify(Analysis) by extensions ['ros']
[0.553s] Level 1:colcon.colcon_core.package_identification:_identify(Analysis) by extension 'ros'
[0.553s] Level 1:colcon.colcon_core.package_identification:_identify(Analysis) by extensions ['cmake', 'python']
[0.553s] Level 1:colcon.colcon_core.package_identification:_identify(Analysis) by extension 'cmake'
[0.553s] Level 1:colcon.colcon_core.package_identification:_identify(Analysis) by extension 'python'
[0.553s] Level 1:colcon.colcon_core.package_identification:_identify(Analysis) by extensions ['python_setup_py']
[0.554s] Level 1:colcon.colcon_core.package_identification:_identify(Analysis) by extension 'python_setup_py'
[0.554s] Level 1:colcon.colcon_core.package_identification:_identify(Analysis/Last) by extensions ['ignore', 'ignore_ament_install']
[0.554s] Level 1:colcon.colcon_core.package_identification:_identify(Analysis/Last) by extension 'ignore'
[0.554s] Level 1:colcon.colcon_core.package_identification:_identify(Analysis/Last) by extension 'ignore_ament_install'
[0.554s] Level 1:colcon.colcon_core.package_identification:_identify(Analysis/Last) by extensions ['colcon_pkg']
[0.554s] Level 1:colcon.colcon_core.package_identification:_identify(Analysis/Last) by extension 'colcon_pkg'
[0.554s] Level 1:colcon.colcon_core.package_identification:_identify(Analysis/Last) by extensions ['colcon_meta']
[0.554s] Level 1:colcon.colcon_core.package_identification:_identify(Analysis/Last) by extension 'colcon_meta'
[0.554s] Level 1:colcon.colcon_core.package_identification:_identify(Analysis/Last) by extensions ['ros']
[0.554s] Level 1:colcon.colcon_core.package_identification:_identify(Analysis/Last) by extension 'ros'
[0.554s] Level 1:colcon.colcon_core.package_identification:_identify(Analysis/Last) by extensions ['cmake', 'python']
[0.554s] Level 1:colcon.colcon_core.package_identification:_identify(Analysis/Last) by extension 'cmake'
[0.554s] Level 1:colcon.colcon_core.package_identification:_identify(Analysis/Last) by extension 'python'
[0.555s] Level 1:colcon.colcon_core.package_identification:_identify(Analysis/Last) by extensions ['python_setup_py']
[0.555s] Level 1:colcon.colcon_core.package_identification:_identify(Analysis/Last) by extension 'python_setup_py'
[0.555s] Level 1:colcon.colcon_core.package_identification:_identify(adnav-driver) by extensions ['ignore', 'ignore_ament_install']
[0.555s] Level 1:colcon.colcon_core.package_identification:_identify(adnav-driver) by extension 'ignore'
[0.555s] Level 1:colcon.colcon_core.package_identification:_identify(adnav-driver) by extension 'ignore_ament_install'
[0.555s] Level 1:colcon.colcon_core.package_identification:_identify(adnav-driver) by extensions ['colcon_pkg']
[0.555s] Level 1:colcon.colcon_core.package_identification:_identify(adnav-driver) by extension 'colcon_pkg'
[0.555s] Level 1:colcon.colcon_core.package_identification:_identify(adnav-driver) by extensions ['colcon_meta']
[0.555s] Level 1:colcon.colcon_core.package_identification:_identify(adnav-driver) by extension 'colcon_meta'
[0.555s] Level 1:colcon.colcon_core.package_identification:_identify(adnav-driver) by extensions ['ros']
[0.555s] Level 1:colcon.colcon_core.package_identification:_identify(adnav-driver) by extension 'ros'
[0.560s] DEBUG:colcon.colcon_core.package_identification:Package 'adnav-driver' with type 'ros.ament_cmake' and name 'adnav-driver'
[0.560s] Level 1:colcon.colcon_core.package_identification:_identify(build) by extensions ['ignore', 'ignore_ament_install']
[0.560s] Level 1:colcon.colcon_core.package_identification:_identify(build) by extension 'ignore'
[0.560s] Level 1:colcon.colcon_core.package_identification:_identify(build) ignored
[0.560s] Level 1:colcon.colcon_core.package_identification:_identify(default_path.csv2024_11_03_18_20_15.bag) by extensions ['ignore', 'ignore_ament_install']
[0.561s] Level 1:colcon.colcon_core.package_identification:_identify(default_path.csv2024_11_03_18_20_15.bag) by extension 'ignore'
[0.561s] Level 1:colcon.colcon_core.package_identification:_identify(default_path.csv2024_11_03_18_20_15.bag) by extension 'ignore_ament_install'
[0.561s] Level 1:colcon.colcon_core.package_identification:_identify(default_path.csv2024_11_03_18_20_15.bag) by extensions ['colcon_pkg']
[0.561s] Level 1:colcon.colcon_core.package_identification:_identify(default_path.csv2024_11_03_18_20_15.bag) by extension 'colcon_pkg'
[0.561s] Level 1:colcon.colcon_core.package_identification:_identify(default_path.csv2024_11_03_18_20_15.bag) by extensions ['colcon_meta']
[0.561s] Level 1:colcon.colcon_core.package_identification:_identify(default_path.csv2024_11_03_18_20_15.bag) by extension 'colcon_meta'
[0.561s] Level 1:colcon.colcon_core.package_identification:_identify(default_path.csv2024_11_03_18_20_15.bag) by extensions ['ros']
[0.561s] Level 1:colcon.colcon_core.package_identification:_identify(default_path.csv2024_11_03_18_20_15.bag) by extension 'ros'
[0.561s] Level 1:colcon.colcon_core.package_identification:_identify(default_path.csv2024_11_03_18_20_15.bag) by extensions ['cmake', 'python']
[0.561s] Level 1:colcon.colcon_core.package_identification:_identify(default_path.csv2024_11_03_18_20_15.bag) by extension 'cmake'
[0.561s] Level 1:colcon.colcon_core.package_identification:_identify(default_path.csv2024_11_03_18_20_15.bag) by extension 'python'
[0.561s] Level 1:colcon.colcon_core.package_identification:_identify(default_path.csv2024_11_03_18_20_15.bag) by extensions ['python_setup_py']
[0.562s] Level 1:colcon.colcon_core.package_identification:_identify(default_path.csv2024_11_03_18_20_15.bag) by extension 'python_setup_py'
[0.562s] Level 1:colcon.colcon_core.package_identification:_identify(default_path.csv2024_11_03_18_30_52.bag) by extensions ['ignore', 'ignore_ament_install']
[0.562s] Level 1:colcon.colcon_core.package_identification:_identify(default_path.csv2024_11_03_18_30_52.bag) by extension 'ignore'
[0.562s] Level 1:colcon.colcon_core.package_identification:_identify(default_path.csv2024_11_03_18_30_52.bag) by extension 'ignore_ament_install'
[0.562s] Level 1:colcon.colcon_core.package_identification:_identify(default_path.csv2024_11_03_18_30_52.bag) by extensions ['colcon_pkg']
[0.562s] Level 1:colcon.colcon_core.package_identification:_identify(default_path.csv2024_11_03_18_30_52.bag) by extension 'colcon_pkg'
[0.562s] Level 1:colcon.colcon_core.package_identification:_identify(default_path.csv2024_11_03_18_30_52.bag) by extensions ['colcon_meta']
[0.562s] Level 1:colcon.colcon_core.package_identification:_identify(default_path.csv2024_11_03_18_30_52.bag) by extension 'colcon_meta'
[0.562s] Level 1:colcon.colcon_core.package_identification:_identify(default_path.csv2024_11_03_18_30_52.bag) by extensions ['ros']
[0.562s] Level 1:colcon.colcon_core.package_identification:_identify(default_path.csv2024_11_03_18_30_52.bag) by extension 'ros'
[0.563s] Level 1:colcon.colcon_core.package_identification:_identify(default_path.csv2024_11_03_18_30_52.bag) by extensions ['cmake', 'python']
[0.563s] Level 1:colcon.colcon_core.package_identification:_identify(default_path.csv2024_11_03_18_30_52.bag) by extension 'cmake'
[0.563s] Level 1:colcon.colcon_core.package_identification:_identify(default_path.csv2024_11_03_18_30_52.bag) by extension 'python'
[0.563s] Level 1:colcon.colcon_core.package_identification:_identify(default_path.csv2024_11_03_18_30_52.bag) by extensions ['python_setup_py']
[0.563s] Level 1:colcon.colcon_core.package_identification:_identify(default_path.csv2024_11_03_18_30_52.bag) by extension 'python_setup_py'
[0.563s] Level 1:colcon.colcon_core.package_identification:_identify(default_path.csv2024_11_03_18_34_57.bag) by extensions ['ignore', 'ignore_ament_install']
[0.563s] Level 1:colcon.colcon_core.package_identification:_identify(default_path.csv2024_11_03_18_34_57.bag) by extension 'ignore'
[0.563s] Level 1:colcon.colcon_core.package_identification:_identify(default_path.csv2024_11_03_18_34_57.bag) by extension 'ignore_ament_install'
[0.563s] Level 1:colcon.colcon_core.package_identification:_identify(default_path.csv2024_11_03_18_34_57.bag) by extensions ['colcon_pkg']
[0.563s] Level 1:colcon.colcon_core.package_identification:_identify(default_path.csv2024_11_03_18_34_57.bag) by extension 'colcon_pkg'
[0.564s] Level 1:colcon.colcon_core.package_identification:_identify(default_path.csv2024_11_03_18_34_57.bag) by extensions ['colcon_meta']
[0.564s] Level 1:colcon.colcon_core.package_identification:_identify(default_path.csv2024_11_03_18_34_57.bag) by extension 'colcon_meta'
[0.564s] Level 1:colcon.colcon_core.package_identification:_identify(default_path.csv2024_11_03_18_34_57.bag) by extensions ['ros']
[0.564s] Level 1:colcon.colcon_core.package_identification:_identify(default_path.csv2024_11_03_18_34_57.bag) by extension 'ros'
[0.564s] Level 1:colcon.colcon_core.package_identification:_identify(default_path.csv2024_11_03_18_34_57.bag) by extensions ['cmake', 'python']
[0.564s] Level 1:colcon.colcon_core.package_identification:_identify(default_path.csv2024_11_03_18_34_57.bag) by extension 'cmake'
[0.564s] Level 1:colcon.colcon_core.package_identification:_identify(default_path.csv2024_11_03_18_34_57.bag) by extension 'python'
[0.564s] Level 1:colcon.colcon_core.package_identification:_identify(default_path.csv2024_11_03_18_34_57.bag) by extensions ['python_setup_py']
[0.564s] Level 1:colcon.colcon_core.package_identification:_identify(default_path.csv2024_11_03_18_34_57.bag) by extension 'python_setup_py'
[0.564s] Level 1:colcon.colcon_core.package_identification:_identify(default_path.csv2024_11_03_18_42_56.bag) by extensions ['ignore', 'ignore_ament_install']
[0.564s] Level 1:colcon.colcon_core.package_identification:_identify(default_path.csv2024_11_03_18_42_56.bag) by extension 'ignore'
[0.564s] Level 1:colcon.colcon_core.package_identification:_identify(default_path.csv2024_11_03_18_42_56.bag) by extension 'ignore_ament_install'
[0.564s] Level 1:colcon.colcon_core.package_identification:_identify(default_path.csv2024_11_03_18_42_56.bag) by extensions ['colcon_pkg']
[0.565s] Level 1:colcon.colcon_core.package_identification:_identify(default_path.csv2024_11_03_18_42_56.bag) by extension 'colcon_pkg'
[0.565s] Level 1:colcon.colcon_core.package_identification:_identify(default_path.csv2024_11_03_18_42_56.bag) by extensions ['colcon_meta']
[0.565s] Level 1:colcon.colcon_core.package_identification:_identify(default_path.csv2024_11_03_18_42_56.bag) by extension 'colcon_meta'
[0.565s] Level 1:colcon.colcon_core.package_identification:_identify(default_path.csv2024_11_03_18_42_56.bag) by extensions ['ros']
[0.565s] Level 1:colcon.colcon_core.package_identification:_identify(default_path.csv2024_11_03_18_42_56.bag) by extension 'ros'
[0.565s] Level 1:colcon.colcon_core.package_identification:_identify(default_path.csv2024_11_03_18_42_56.bag) by extensions ['cmake', 'python']
[0.565s] Level 1:colcon.colcon_core.package_identification:_identify(default_path.csv2024_11_03_18_42_56.bag) by extension 'cmake'
[0.565s] Level 1:colcon.colcon_core.package_identification:_identify(default_path.csv2024_11_03_18_42_56.bag) by extension 'python'
[0.565s] Level 1:colcon.colcon_core.package_identification:_identify(default_path.csv2024_11_03_18_42_56.bag) by extensions ['python_setup_py']
[0.565s] Level 1:colcon.colcon_core.package_identification:_identify(default_path.csv2024_11_03_18_42_56.bag) by extension 'python_setup_py'
[0.565s] Level 1:colcon.colcon_core.package_identification:_identify(default_path.csv2024_11_03_18_47_13.bag) by extensions ['ignore', 'ignore_ament_install']
[0.565s] Level 1:colcon.colcon_core.package_identification:_identify(default_path.csv2024_11_03_18_47_13.bag) by extension 'ignore'
[0.566s] Level 1:colcon.colcon_core.package_identification:_identify(default_path.csv2024_11_03_18_47_13.bag) by extension 'ignore_ament_install'
[0.566s] Level 1:colcon.colcon_core.package_identification:_identify(default_path.csv2024_11_03_18_47_13.bag) by extensions ['colcon_pkg']
[0.566s] Level 1:colcon.colcon_core.package_identification:_identify(default_path.csv2024_11_03_18_47_13.bag) by extension 'colcon_pkg'
[0.566s] Level 1:colcon.colcon_core.package_identification:_identify(default_path.csv2024_11_03_18_47_13.bag) by extensions ['colcon_meta']
[0.566s] Level 1:colcon.colcon_core.package_identification:_identify(default_path.csv2024_11_03_18_47_13.bag) by extension 'colcon_meta'
[0.566s] Level 1:colcon.colcon_core.package_identification:_identify(default_path.csv2024_11_03_18_47_13.bag) by extensions ['ros']
[0.566s] Level 1:colcon.colcon_core.package_identification:_identify(default_path.csv2024_11_03_18_47_13.bag) by extension 'ros'
[0.566s] Level 1:colcon.colcon_core.package_identification:_identify(default_path.csv2024_11_03_18_47_13.bag) by extensions ['cmake', 'python']
[0.566s] Level 1:colcon.colcon_core.package_identification:_identify(default_path.csv2024_11_03_18_47_13.bag) by extension 'cmake'
[0.566s] Level 1:colcon.colcon_core.package_identification:_identify(default_path.csv2024_11_03_18_47_13.bag) by extension 'python'
[0.566s] Level 1:colcon.colcon_core.package_identification:_identify(default_path.csv2024_11_03_18_47_13.bag) by extensions ['python_setup_py']
[0.566s] Level 1:colcon.colcon_core.package_identification:_identify(default_path.csv2024_11_03_18_47_13.bag) by extension 'python_setup_py'
[0.566s] Level 1:colcon.colcon_core.package_identification:_identify(default_path.csv2024_11_03_18_49_28.bag) by extensions ['ignore', 'ignore_ament_install']
[0.567s] Level 1:colcon.colcon_core.package_identification:_identify(default_path.csv2024_11_03_18_49_28.bag) by extension 'ignore'
[0.567s] Level 1:colcon.colcon_core.package_identification:_identify(default_path.csv2024_11_03_18_49_28.bag) by extension 'ignore_ament_install'
[0.567s] Level 1:colcon.colcon_core.package_identification:_identify(default_path.csv2024_11_03_18_49_28.bag) by extensions ['colcon_pkg']
[0.567s] Level 1:colcon.colcon_core.package_identification:_identify(default_path.csv2024_11_03_18_49_28.bag) by extension 'colcon_pkg'
[0.567s] Level 1:colcon.colcon_core.package_identification:_identify(default_path.csv2024_11_03_18_49_28.bag) by extensions ['colcon_meta']
[0.567s] Level 1:colcon.colcon_core.package_identification:_identify(default_path.csv2024_11_03_18_49_28.bag) by extension 'colcon_meta'
[0.567s] Level 1:colcon.colcon_core.package_identification:_identify(default_path.csv2024_11_03_18_49_28.bag) by extensions ['ros']
[0.567s] Level 1:colcon.colcon_core.package_identification:_identify(default_path.csv2024_11_03_18_49_28.bag) by extension 'ros'
[0.567s] Level 1:colcon.colcon_core.package_identification:_identify(default_path.csv2024_11_03_18_49_28.bag) by extensions ['cmake', 'python']
[0.567s] Level 1:colcon.colcon_core.package_identification:_identify(default_path.csv2024_11_03_18_49_28.bag) by extension 'cmake'
[0.567s] Level 1:colcon.colcon_core.package_identification:_identify(default_path.csv2024_11_03_18_49_28.bag) by extension 'python'
[0.567s] Level 1:colcon.colcon_core.package_identification:_identify(default_path.csv2024_11_03_18_49_28.bag) by extensions ['python_setup_py']
[0.567s] Level 1:colcon.colcon_core.package_identification:_identify(default_path.csv2024_11_03_18_49_28.bag) by extension 'python_setup_py'
[0.568s] Level 1:colcon.colcon_core.package_identification:_identify(default_path.csv2024_11_03_18_50_17.bag) by extensions ['ignore', 'ignore_ament_install']
[0.568s] Level 1:colcon.colcon_core.package_identification:_identify(default_path.csv2024_11_03_18_50_17.bag) by extension 'ignore'
[0.568s] Level 1:colcon.colcon_core.package_identification:_identify(default_path.csv2024_11_03_18_50_17.bag) by extension 'ignore_ament_install'
[0.568s] Level 1:colcon.colcon_core.package_identification:_identify(default_path.csv2024_11_03_18_50_17.bag) by extensions ['colcon_pkg']
[0.568s] Level 1:colcon.colcon_core.package_identification:_identify(default_path.csv2024_11_03_18_50_17.bag) by extension 'colcon_pkg'
[0.568s] Level 1:colcon.colcon_core.package_identification:_identify(default_path.csv2024_11_03_18_50_17.bag) by extensions ['colcon_meta']
[0.568s] Level 1:colcon.colcon_core.package_identification:_identify(default_path.csv2024_11_03_18_50_17.bag) by extension 'colcon_meta'
[0.568s] Level 1:colcon.colcon_core.package_identification:_identify(default_path.csv2024_11_03_18_50_17.bag) by extensions ['ros']
[0.568s] Level 1:colcon.colcon_core.package_identification:_identify(default_path.csv2024_11_03_18_50_17.bag) by extension 'ros'
[0.568s] Level 1:colcon.colcon_core.package_identification:_identify(default_path.csv2024_11_03_18_50_17.bag) by extensions ['cmake', 'python']
[0.568s] Level 1:colcon.colcon_core.package_identification:_identify(default_path.csv2024_11_03_18_50_17.bag) by extension 'cmake'
[0.568s] Level 1:colcon.colcon_core.package_identification:_identify(default_path.csv2024_11_03_18_50_17.bag) by extension 'python'
[0.568s] Level 1:colcon.colcon_core.package_identification:_identify(default_path.csv2024_11_03_18_50_17.bag) by extensions ['python_setup_py']
[0.569s] Level 1:colcon.colcon_core.package_identification:_identify(default_path.csv2024_11_03_18_50_17.bag) by extension 'python_setup_py'
[0.569s] Level 1:colcon.colcon_core.package_identification:_identify(default_path.csv2024_11_03_18_52_04.bag) by extensions ['ignore', 'ignore_ament_install']
[0.569s] Level 1:colcon.colcon_core.package_identification:_identify(default_path.csv2024_11_03_18_52_04.bag) by extension 'ignore'
[0.569s] Level 1:colcon.colcon_core.package_identification:_identify(default_path.csv2024_11_03_18_52_04.bag) by extension 'ignore_ament_install'
[0.569s] Level 1:colcon.colcon_core.package_identification:_identify(default_path.csv2024_11_03_18_52_04.bag) by extensions ['colcon_pkg']
[0.569s] Level 1:colcon.colcon_core.package_identification:_identify(default_path.csv2024_11_03_18_52_04.bag) by extension 'colcon_pkg'
[0.569s] Level 1:colcon.colcon_core.package_identification:_identify(default_path.csv2024_11_03_18_52_04.bag) by extensions ['colcon_meta']
[0.569s] Level 1:colcon.colcon_core.package_identification:_identify(default_path.csv2024_11_03_18_52_04.bag) by extension 'colcon_meta'
[0.569s] Level 1:colcon.colcon_core.package_identification:_identify(default_path.csv2024_11_03_18_52_04.bag) by extensions ['ros']
[0.569s] Level 1:colcon.colcon_core.package_identification:_identify(default_path.csv2024_11_03_18_52_04.bag) by extension 'ros'
[0.569s] Level 1:colcon.colcon_core.package_identification:_identify(default_path.csv2024_11_03_18_52_04.bag) by extensions ['cmake', 'python']
[0.569s] Level 1:colcon.colcon_core.package_identification:_identify(default_path.csv2024_11_03_18_52_04.bag) by extension 'cmake'
[0.569s] Level 1:colcon.colcon_core.package_identification:_identify(default_path.csv2024_11_03_18_52_04.bag) by extension 'python'
[0.569s] Level 1:colcon.colcon_core.package_identification:_identify(default_path.csv2024_11_03_18_52_04.bag) by extensions ['python_setup_py']
[0.570s] Level 1:colcon.colcon_core.package_identification:_identify(default_path.csv2024_11_03_18_52_04.bag) by extension 'python_setup_py'
[0.570s] Level 1:colcon.colcon_core.package_identification:_identify(default_path.csv2024_11_03_18_56_19.bag) by extensions ['ignore', 'ignore_ament_install']
[0.570s] Level 1:colcon.colcon_core.package_identification:_identify(default_path.csv2024_11_03_18_56_19.bag) by extension 'ignore'
[0.570s] Level 1:colcon.colcon_core.package_identification:_identify(default_path.csv2024_11_03_18_56_19.bag) by extension 'ignore_ament_install'
[0.570s] Level 1:colcon.colcon_core.package_identification:_identify(default_path.csv2024_11_03_18_56_19.bag) by extensions ['colcon_pkg']
[0.570s] Level 1:colcon.colcon_core.package_identification:_identify(default_path.csv2024_11_03_18_56_19.bag) by extension 'colcon_pkg'
[0.570s] Level 1:colcon.colcon_core.package_identification:_identify(default_path.csv2024_11_03_18_56_19.bag) by extensions ['colcon_meta']
[0.570s] Level 1:colcon.colcon_core.package_identification:_identify(default_path.csv2024_11_03_18_56_19.bag) by extension 'colcon_meta'
[0.570s] Level 1:colcon.colcon_core.package_identification:_identify(default_path.csv2024_11_03_18_56_19.bag) by extensions ['ros']
[0.570s] Level 1:colcon.colcon_core.package_identification:_identify(default_path.csv2024_11_03_18_56_19.bag) by extension 'ros'
[0.570s] Level 1:colcon.colcon_core.package_identification:_identify(default_path.csv2024_11_03_18_56_19.bag) by extensions ['cmake', 'python']
[0.570s] Level 1:colcon.colcon_core.package_identification:_identify(default_path.csv2024_11_03_18_56_19.bag) by extension 'cmake'
[0.571s] Level 1:colcon.colcon_core.package_identification:_identify(default_path.csv2024_11_03_18_56_19.bag) by extension 'python'
[0.571s] Level 1:colcon.colcon_core.package_identification:_identify(default_path.csv2024_11_03_18_56_19.bag) by extensions ['python_setup_py']
[0.571s] Level 1:colcon.colcon_core.package_identification:_identify(default_path.csv2024_11_03_18_56_19.bag) by extension 'python_setup_py'
[0.571s] Level 1:colcon.colcon_core.package_identification:_identify(default_path.csv2024_11_03_19_05_47.bag) by extensions ['ignore', 'ignore_ament_install']
[0.571s] Level 1:colcon.colcon_core.package_identification:_identify(default_path.csv2024_11_03_19_05_47.bag) by extension 'ignore'
[0.571s] Level 1:colcon.colcon_core.package_identification:_identify(default_path.csv2024_11_03_19_05_47.bag) by extension 'ignore_ament_install'
[0.571s] Level 1:colcon.colcon_core.package_identification:_identify(default_path.csv2024_11_03_19_05_47.bag) by extensions ['colcon_pkg']
[0.571s] Level 1:colcon.colcon_core.package_identification:_identify(default_path.csv2024_11_03_19_05_47.bag) by extension 'colcon_pkg'
[0.571s] Level 1:colcon.colcon_core.package_identification:_identify(default_path.csv2024_11_03_19_05_47.bag) by extensions ['colcon_meta']
[0.571s] Level 1:colcon.colcon_core.package_identification:_identify(default_path.csv2024_11_03_19_05_47.bag) by extension 'colcon_meta'
[0.571s] Level 1:colcon.colcon_core.package_identification:_identify(default_path.csv2024_11_03_19_05_47.bag) by extensions ['ros']
[0.571s] Level 1:colcon.colcon_core.package_identification:_identify(default_path.csv2024_11_03_19_05_47.bag) by extension 'ros'
[0.571s] Level 1:colcon.colcon_core.package_identification:_identify(default_path.csv2024_11_03_19_05_47.bag) by extensions ['cmake', 'python']
[0.571s] Level 1:colcon.colcon_core.package_identification:_identify(default_path.csv2024_11_03_19_05_47.bag) by extension 'cmake'
[0.572s] Level 1:colcon.colcon_core.package_identification:_identify(default_path.csv2024_11_03_19_05_47.bag) by extension 'python'
[0.572s] Level 1:colcon.colcon_core.package_identification:_identify(default_path.csv2024_11_03_19_05_47.bag) by extensions ['python_setup_py']
[0.572s] Level 1:colcon.colcon_core.package_identification:_identify(default_path.csv2024_11_03_19_05_47.bag) by extension 'python_setup_py'
[0.572s] Level 1:colcon.colcon_core.package_identification:_identify(default_path.csv2024_11_03_20_55_02.bag) by extensions ['ignore', 'ignore_ament_install']
[0.572s] Level 1:colcon.colcon_core.package_identification:_identify(default_path.csv2024_11_03_20_55_02.bag) by extension 'ignore'
[0.572s] Level 1:colcon.colcon_core.package_identification:_identify(default_path.csv2024_11_03_20_55_02.bag) by extension 'ignore_ament_install'
[0.572s] Level 1:colcon.colcon_core.package_identification:_identify(default_path.csv2024_11_03_20_55_02.bag) by extensions ['colcon_pkg']
[0.572s] Level 1:colcon.colcon_core.package_identification:_identify(default_path.csv2024_11_03_20_55_02.bag) by extension 'colcon_pkg'
[0.572s] Level 1:colcon.colcon_core.package_identification:_identify(default_path.csv2024_11_03_20_55_02.bag) by extensions ['colcon_meta']
[0.572s] Level 1:colcon.colcon_core.package_identification:_identify(default_path.csv2024_11_03_20_55_02.bag) by extension 'colcon_meta'
[0.572s] Level 1:colcon.colcon_core.package_identification:_identify(default_path.csv2024_11_03_20_55_02.bag) by extensions ['ros']
[0.572s] Level 1:colcon.colcon_core.package_identification:_identify(default_path.csv2024_11_03_20_55_02.bag) by extension 'ros'
[0.572s] Level 1:colcon.colcon_core.package_identification:_identify(default_path.csv2024_11_03_20_55_02.bag) by extensions ['cmake', 'python']
[0.573s] Level 1:colcon.colcon_core.package_identification:_identify(default_path.csv2024_11_03_20_55_02.bag) by extension 'cmake'
[0.573s] Level 1:colcon.colcon_core.package_identification:_identify(default_path.csv2024_11_03_20_55_02.bag) by extension 'python'
[0.573s] Level 1:colcon.colcon_core.package_identification:_identify(default_path.csv2024_11_03_20_55_02.bag) by extensions ['python_setup_py']
[0.573s] Level 1:colcon.colcon_core.package_identification:_identify(default_path.csv2024_11_03_20_55_02.bag) by extension 'python_setup_py'
[0.573s] Level 1:colcon.colcon_core.package_identification:_identify(install) by extensions ['ignore', 'ignore_ament_install']
[0.573s] Level 1:colcon.colcon_core.package_identification:_identify(install) by extension 'ignore'
[0.573s] Level 1:colcon.colcon_core.package_identification:_identify(install) ignored
[0.574s] Level 1:colcon.colcon_core.package_identification:_identify(log) by extensions ['ignore', 'ignore_ament_install']
[0.574s] Level 1:colcon.colcon_core.package_identification:_identify(log) by extension 'ignore'
[0.574s] Level 1:colcon.colcon_core.package_identification:_identify(log) ignored
[0.574s] Level 1:colcon.colcon_core.package_identification:_identify(src) by extensions ['ignore', 'ignore_ament_install']
[0.574s] Level 1:colcon.colcon_core.package_identification:_identify(src) by extension 'ignore'
[0.574s] Level 1:colcon.colcon_core.package_identification:_identify(src) by extension 'ignore_ament_install'
[0.574s] Level 1:colcon.colcon_core.package_identification:_identify(src) by extensions ['colcon_pkg']
[0.574s] Level 1:colcon.colcon_core.package_identification:_identify(src) by extension 'colcon_pkg'
[0.574s] Level 1:colcon.colcon_core.package_identification:_identify(src) by extensions ['colcon_meta']
[0.574s] Level 1:colcon.colcon_core.package_identification:_identify(src) by extension 'colcon_meta'
[0.574s] Level 1:colcon.colcon_core.package_identification:_identify(src) by extensions ['ros']
[0.575s] Level 1:colcon.colcon_core.package_identification:_identify(src) by extension 'ros'
[0.575s] Level 1:colcon.colcon_core.package_identification:_identify(src) by extensions ['cmake', 'python']
[0.575s] Level 1:colcon.colcon_core.package_identification:_identify(src) by extension 'cmake'
[0.575s] Level 1:colcon.colcon_core.package_identification:_identify(src) by extension 'python'
[0.575s] Level 1:colcon.colcon_core.package_identification:_identify(src) by extensions ['python_setup_py']
[0.575s] Level 1:colcon.colcon_core.package_identification:_identify(src) by extension 'python_setup_py'
[0.575s] Level 1:colcon.colcon_core.package_identification:_identify(src/kalman_filter) by extensions ['ignore', 'ignore_ament_install']
[0.575s] Level 1:colcon.colcon_core.package_identification:_identify(src/kalman_filter) by extension 'ignore'
[0.575s] Level 1:colcon.colcon_core.package_identification:_identify(src/kalman_filter) by extension 'ignore_ament_install'
[0.575s] Level 1:colcon.colcon_core.package_identification:_identify(src/kalman_filter) by extensions ['colcon_pkg']
[0.576s] Level 1:colcon.colcon_core.package_identification:_identify(src/kalman_filter) by extension 'colcon_pkg'
[0.576s] Level 1:colcon.colcon_core.package_identification:_identify(src/kalman_filter) by extensions ['colcon_meta']
[0.576s] Level 1:colcon.colcon_core.package_identification:_identify(src/kalman_filter) by extension 'colcon_meta'
[0.576s] Level 1:colcon.colcon_core.package_identification:_identify(src/kalman_filter) by extensions ['ros']
[0.576s] Level 1:colcon.colcon_core.package_identification:_identify(src/kalman_filter) by extension 'ros'
[0.577s] DEBUG:colcon.colcon_core.package_identification:Package 'src/kalman_filter' with type 'ros.ament_cmake' and name 'kalman_filter'
[0.578s] Level 1:colcon.colcon_core.package_identification:_identify(src/ntrip) by extensions ['ignore', 'ignore_ament_install']
[0.578s] Level 1:colcon.colcon_core.package_identification:_identify(src/ntrip) by extension 'ignore'
[0.578s] Level 1:colcon.colcon_core.package_identification:_identify(src/ntrip) by extension 'ignore_ament_install'
[0.578s] Level 1:colcon.colcon_core.package_identification:_identify(src/ntrip) by extensions ['colcon_pkg']
[0.578s] Level 1:colcon.colcon_core.package_identification:_identify(src/ntrip) by extension 'colcon_pkg'
[0.579s] Level 1:colcon.colcon_core.package_identification:_identify(src/ntrip) by extensions ['colcon_meta']
[0.579s] Level 1:colcon.colcon_core.package_identification:_identify(src/ntrip) by extension 'colcon_meta'
[0.579s] Level 1:colcon.colcon_core.package_identification:_identify(src/ntrip) by extensions ['ros']
[0.579s] Level 1:colcon.colcon_core.package_identification:_identify(src/ntrip) by extension 'ros'
[0.582s] DEBUG:colcon.colcon_core.package_identification:Package 'src/ntrip' with type 'ros.ament_cmake' and name 'ntrip'
[0.582s] Level 1:colcon.colcon_core.package_identification:_identify(src/sonar_msgs) by extensions ['ignore', 'ignore_ament_install']
[0.582s] Level 1:colcon.colcon_core.package_identification:_identify(src/sonar_msgs) by extension 'ignore'
[0.582s] Level 1:colcon.colcon_core.package_identification:_identify(src/sonar_msgs) by extension 'ignore_ament_install'
[0.582s] Level 1:colcon.colcon_core.package_identification:_identify(src/sonar_msgs) by extensions ['colcon_pkg']
[0.582s] Level 1:colcon.colcon_core.package_identification:_identify(src/sonar_msgs) by extension 'colcon_pkg'
[0.582s] Level 1:colcon.colcon_core.package_identification:_identify(src/sonar_msgs) by extensions ['colcon_meta']
[0.582s] Level 1:colcon.colcon_core.package_identification:_identify(src/sonar_msgs) by extension 'colcon_meta'
[0.583s] Level 1:colcon.colcon_core.package_identification:_identify(src/sonar_msgs) by extensions ['ros']
[0.583s] Level 1:colcon.colcon_core.package_identification:_identify(src/sonar_msgs) by extension 'ros'
[0.583s] DEBUG:colcon.colcon_core.package_identification:Package 'src/sonar_msgs' with type 'ros.ament_cmake' and name 'sonar_msgs'
[0.584s] Level 1:colcon.colcon_core.package_identification:_identify(src/sonar_subs) by extensions ['ignore', 'ignore_ament_install']
[0.584s] Level 1:colcon.colcon_core.package_identification:_identify(src/sonar_subs) by extension 'ignore'
[0.584s] Level 1:colcon.colcon_core.package_identification:_identify(src/sonar_subs) by extension 'ignore_ament_install'
[0.584s] Level 1:colcon.colcon_core.package_identification:_identify(src/sonar_subs) by extensions ['colcon_pkg']
[0.584s] Level 1:colcon.colcon_core.package_identification:_identify(src/sonar_subs) by extension 'colcon_pkg'
[0.584s] Level 1:colcon.colcon_core.package_identification:_identify(src/sonar_subs) by extensions ['colcon_meta']
[0.584s] Level 1:colcon.colcon_core.package_identification:_identify(src/sonar_subs) by extension 'colcon_meta'
[0.584s] Level 1:colcon.colcon_core.package_identification:_identify(src/sonar_subs) by extensions ['ros']
[0.584s] Level 1:colcon.colcon_core.package_identification:_identify(src/sonar_subs) by extension 'ros'
[0.585s] DEBUG:colcon.colcon_core.package_identification:Package 'src/sonar_subs' with type 'ros.ament_python' and name 'sonar_subs'
[0.585s] Level 1:colcon.colcon_core.package_identification:_identify(src/xsens_mti_ros2_driver) by extensions ['ignore', 'ignore_ament_install']
[0.585s] Level 1:colcon.colcon_core.package_identification:_identify(src/xsens_mti_ros2_driver) by extension 'ignore'
[0.586s] Level 1:colcon.colcon_core.package_identification:_identify(src/xsens_mti_ros2_driver) by extension 'ignore_ament_install'
[0.586s] Level 1:colcon.colcon_core.package_identification:_identify(src/xsens_mti_ros2_driver) by extensions ['colcon_pkg']
[0.586s] Level 1:colcon.colcon_core.package_identification:_identify(src/xsens_mti_ros2_driver) by extension 'colcon_pkg'
[0.586s] Level 1:colcon.colcon_core.package_identification:_identify(src/xsens_mti_ros2_driver) by extensions ['colcon_meta']
[0.586s] Level 1:colcon.colcon_core.package_identification:_identify(src/xsens_mti_ros2_driver) by extension 'colcon_meta'
[0.586s] Level 1:colcon.colcon_core.package_identification:_identify(src/xsens_mti_ros2_driver) by extensions ['ros']
[0.586s] Level 1:colcon.colcon_core.package_identification:_identify(src/xsens_mti_ros2_driver) by extension 'ros'
[0.587s] DEBUG:colcon.colcon_core.package_identification:Package 'src/xsens_mti_ros2_driver' with type 'ros.ament_cmake' and name 'xsens_mti_ros2_driver'
[0.587s] Level 1:colcon.colcon_core.package_discovery:discover_packages(recursive) using defaults
[0.587s] Level 1:colcon.colcon_core.package_discovery:discover_packages(ignore) discover
[0.587s] Level 1:colcon.colcon_core.package_discovery:discover_packages(ignore) using defaults
[0.587s] Level 1:colcon.colcon_core.package_discovery:discover_packages(path) discover
[0.587s] Level 1:colcon.colcon_core.package_discovery:discover_packages(path) using defaults
[0.619s] INFO:colcon.colcon_core.package_selection:Skipping not selected package 'adnav-driver' in 'adnav-driver'
[0.619s] INFO:colcon.colcon_core.package_selection:Skipping not selected package 'ntrip' in 'src/ntrip'
[0.619s] INFO:colcon.colcon_core.package_selection:Skipping not selected package 'sonar_msgs' in 'src/sonar_msgs'
[0.619s] INFO:colcon.colcon_core.package_selection:Skipping not selected package 'xsens_mti_ros2_driver' in 'src/xsens_mti_ros2_driver'
[0.619s] INFO:colcon.colcon_core.package_selection:Skipping not selected package 'sonar_subs' in 'src/sonar_subs'
[0.619s] Level 1:colcon.colcon_core.package_discovery:discover_packages(prefix_path) check parameters
[0.620s] Level 1:colcon.colcon_core.package_discovery:discover_packages(prefix_path) discover
[0.623s] DEBUG:colcon.colcon_installed_package_information.package_discovery:Found 6 installed packages in /home/uwr/Desktop/2024_UWR/install
[0.625s] DEBUG:colcon.colcon_installed_package_information.package_discovery:Found 280 installed packages in /opt/ros/humble
[0.637s] Level 1:colcon.colcon_core.package_discovery:discover_packages(prefix_path) using defaults
[0.715s] Level 5:colcon.colcon_core.verb:set package 'kalman_filter' build argument 'cmake_args' from command line to 'None'
[0.715s] Level 5:colcon.colcon_core.verb:set package 'kalman_filter' build argument 'cmake_target' from command line to 'None'
[0.715s] Level 5:colcon.colcon_core.verb:set package 'kalman_filter' build argument 'cmake_target_skip_unavailable' from command line to 'False'
[0.715s] Level 5:colcon.colcon_core.verb:set package 'kalman_filter' build argument 'cmake_clean_cache' from command line to 'False'
[0.715s] Level 5:colcon.colcon_core.verb:set package 'kalman_filter' build argument 'cmake_clean_first' from command line to 'False'
[0.716s] Level 5:colcon.colcon_core.verb:set package 'kalman_filter' build argument 'cmake_force_configure' from command line to 'False'
[0.716s] Level 5:colcon.colcon_core.verb:set package 'kalman_filter' build argument 'ament_cmake_args' from command line to 'None'
[0.716s] Level 5:colcon.colcon_core.verb:set package 'kalman_filter' build argument 'catkin_cmake_args' from command line to 'None'
[0.716s] Level 5:colcon.colcon_core.verb:set package 'kalman_filter' build argument 'catkin_skip_building_tests' from command line to 'False'
[0.716s] DEBUG:colcon.colcon_core.verb:Building package 'kalman_filter' with the following arguments: {'ament_cmake_args': None, 'build_base': '/home/uwr/Desktop/2024_UWR/build/kalman_filter', 'catkin_cmake_args': None, 'catkin_skip_building_tests': False, 'cmake_args': None, 'cmake_clean_cache': False, 'cmake_clean_first': False, 'cmake_force_configure': False, 'cmake_target': None, 'cmake_target_skip_unavailable': False, 'install_base': '/home/uwr/Desktop/2024_UWR/install/kalman_filter', 'merge_install': False, 'path': '/home/uwr/Desktop/2024_UWR/src/kalman_filter', 'symlink_install': False, 'test_result_base': None}
[0.716s] INFO:colcon.colcon_core.executor:Executing jobs using 'parallel' executor
[0.717s] DEBUG:colcon.colcon_parallel_executor.executor.parallel:run_until_complete
[0.718s] INFO:colcon.colcon_ros.task.ament_cmake.build:Building ROS package in '/home/uwr/Desktop/2024_UWR/src/kalman_filter' with build type 'ament_cmake'
[0.718s] INFO:colcon.colcon_cmake.task.cmake.build:Building CMake package in '/home/uwr/Desktop/2024_UWR/src/kalman_filter'
[0.722s] INFO:colcon.colcon_core.plugin_system:Skipping extension 'colcon_core.shell.bat': Not used on non-Windows systems
[0.722s] INFO:colcon.colcon_core.shell:Skip shell extension 'powershell' for command environment: Not usable outside of PowerShell
[0.722s] DEBUG:colcon.colcon_core.shell:Skip shell extension 'dsv' for command environment
[0.739s] DEBUG:colcon.colcon_core.event_handler.log_command:Invoking command in '/home/uwr/Desktop/2024_UWR/build/kalman_filter': CMAKE_PREFIX_PATH=/home/uwr/Desktop/2024_UWR/install/sonar_msgs:/home/uwr/Desktop/2024_UWR/install/xsens_mti_ros2_driver:/home/uwr/Desktop/2024_UWR/install/kalman_filter:/home/uwr/Desktop/2024_UWR/install/ntrip:/home/uwr/Desktop/2024_UWR/install/adnav-driver:/home/uwr/Desktop/2024_UWR/install/sonar_subs:/opt/ros/humble LD_LIBRARY_PATH=/home/uwr/Desktop/2024_UWR/install/sonar_msgs/lib:/home/uwr/Desktop/2024_UWR/install/xsens_mti_ros2_driver/lib:/opt/ros/humble/opt/rviz_ogre_vendor/lib:/opt/ros/humble/lib/x86_64-linux-gnu:/opt/ros/humble/lib /usr/bin/cmake --build /home/uwr/Desktop/2024_UWR/build/kalman_filter -- -j8 -l8
[9.466s] DEBUG:colcon.colcon_core.event_handler.log_command:Invoked command in '/home/uwr/Desktop/2024_UWR/build/kalman_filter' returned '0': CMAKE_PREFIX_PATH=/home/uwr/Desktop/2024_UWR/install/sonar_msgs:/home/uwr/Desktop/2024_UWR/install/xsens_mti_ros2_driver:/home/uwr/Desktop/2024_UWR/install/kalman_filter:/home/uwr/Desktop/2024_UWR/install/ntrip:/home/uwr/Desktop/2024_UWR/install/adnav-driver:/home/uwr/Desktop/2024_UWR/install/sonar_subs:/opt/ros/humble LD_LIBRARY_PATH=/home/uwr/Desktop/2024_UWR/install/sonar_msgs/lib:/home/uwr/Desktop/2024_UWR/install/xsens_mti_ros2_driver/lib:/opt/ros/humble/opt/rviz_ogre_vendor/lib:/opt/ros/humble/lib/x86_64-linux-gnu:/opt/ros/humble/lib /usr/bin/cmake --build /home/uwr/Desktop/2024_UWR/build/kalman_filter -- -j8 -l8
[9.525s] DEBUG:colcon.colcon_core.event_handler.log_command:Invoking command in '/home/uwr/Desktop/2024_UWR/build/kalman_filter': CMAKE_PREFIX_PATH=/home/uwr/Desktop/2024_UWR/install/sonar_msgs:/home/uwr/Desktop/2024_UWR/install/xsens_mti_ros2_driver:/home/uwr/Desktop/2024_UWR/install/kalman_filter:/home/uwr/Desktop/2024_UWR/install/ntrip:/home/uwr/Desktop/2024_UWR/install/adnav-driver:/home/uwr/Desktop/2024_UWR/install/sonar_subs:/opt/ros/humble LD_LIBRARY_PATH=/home/uwr/Desktop/2024_UWR/install/sonar_msgs/lib:/home/uwr/Desktop/2024_UWR/install/xsens_mti_ros2_driver/lib:/opt/ros/humble/opt/rviz_ogre_vendor/lib:/opt/ros/humble/lib/x86_64-linux-gnu:/opt/ros/humble/lib /usr/bin/cmake --install /home/uwr/Desktop/2024_UWR/build/kalman_filter
[9.550s] Level 1:colcon.colcon_core.environment:create_environment_scripts_only(kalman_filter)
[9.551s] DEBUG:colcon.colcon_core.event_handler.log_command:Invoked command in '/home/uwr/Desktop/2024_UWR/build/kalman_filter' returned '0': CMAKE_PREFIX_PATH=/home/uwr/Desktop/2024_UWR/install/sonar_msgs:/home/uwr/Desktop/2024_UWR/install/xsens_mti_ros2_driver:/home/uwr/Desktop/2024_UWR/install/kalman_filter:/home/uwr/Desktop/2024_UWR/install/ntrip:/home/uwr/Desktop/2024_UWR/install/adnav-driver:/home/uwr/Desktop/2024_UWR/install/sonar_subs:/opt/ros/humble LD_LIBRARY_PATH=/home/uwr/Desktop/2024_UWR/install/sonar_msgs/lib:/home/uwr/Desktop/2024_UWR/install/xsens_mti_ros2_driver/lib:/opt/ros/humble/opt/rviz_ogre_vendor/lib:/opt/ros/humble/lib/x86_64-linux-gnu:/opt/ros/humble/lib /usr/bin/cmake --install /home/uwr/Desktop/2024_UWR/build/kalman_filter
[9.557s] Level 1:colcon.colcon_core.environment:checking '/home/uwr/Desktop/2024_UWR/install/kalman_filter' for CMake module files
[9.558s] Level 1:colcon.colcon_core.environment:checking '/home/uwr/Desktop/2024_UWR/install/kalman_filter' for CMake config files
[9.559s] Level 1:colcon.colcon_core.shell:create_environment_hook('kalman_filter', 'cmake_prefix_path')
[9.559s] INFO:colcon.colcon_core.shell:Creating environment hook '/home/uwr/Desktop/2024_UWR/install/kalman_filter/share/kalman_filter/hook/cmake_prefix_path.ps1'
[9.560s] INFO:colcon.colcon_core.shell:Creating environment descriptor '/home/uwr/Desktop/2024_UWR/install/kalman_filter/share/kalman_filter/hook/cmake_prefix_path.dsv'
[9.561s] INFO:colcon.colcon_core.shell:Creating environment hook '/home/uwr/Desktop/2024_UWR/install/kalman_filter/share/kalman_filter/hook/cmake_prefix_path.sh'
[9.563s] Level 1:colcon.colcon_core.environment:checking '/home/uwr/Desktop/2024_UWR/install/kalman_filter/lib'
[9.563s] Level 1:colcon.colcon_core.environment:checking '/home/uwr/Desktop/2024_UWR/install/kalman_filter/bin'
[9.563s] Level 1:colcon.colcon_core.environment:checking '/home/uwr/Desktop/2024_UWR/install/kalman_filter/lib/pkgconfig/kalman_filter.pc'
[9.563s] Level 1:colcon.colcon_core.environment:checking '/home/uwr/Desktop/2024_UWR/install/kalman_filter/lib/python3.10/site-packages'
[9.564s] Level 1:colcon.colcon_core.environment:checking '/home/uwr/Desktop/2024_UWR/install/kalman_filter/bin'
[9.564s] INFO:colcon.colcon_core.shell:Creating package script '/home/uwr/Desktop/2024_UWR/install/kalman_filter/share/kalman_filter/package.ps1'
[9.565s] INFO:colcon.colcon_core.shell:Creating package descriptor '/home/uwr/Desktop/2024_UWR/install/kalman_filter/share/kalman_filter/package.dsv'
[9.566s] INFO:colcon.colcon_core.shell:Creating package script '/home/uwr/Desktop/2024_UWR/install/kalman_filter/share/kalman_filter/package.sh'
[9.568s] INFO:colcon.colcon_core.shell:Creating package script '/home/uwr/Desktop/2024_UWR/install/kalman_filter/share/kalman_filter/package.bash'
[9.569s] INFO:colcon.colcon_core.shell:Creating package script '/home/uwr/Desktop/2024_UWR/install/kalman_filter/share/kalman_filter/package.zsh'
[9.570s] Level 1:colcon.colcon_core.environment:create_file_with_runtime_dependencies(/home/uwr/Desktop/2024_UWR/install/kalman_filter/share/colcon-core/packages/kalman_filter)
[9.620s] Level 1:colcon.colcon_core.environment:create_environment_scripts_only(kalman_filter)
[9.620s] Level 1:colcon.colcon_core.environment:checking '/home/uwr/Desktop/2024_UWR/install/kalman_filter' for CMake module files
[9.621s] Level 1:colcon.colcon_core.environment:checking '/home/uwr/Desktop/2024_UWR/install/kalman_filter' for CMake config files
[9.621s] Level 1:colcon.colcon_core.shell:create_environment_hook('kalman_filter', 'cmake_prefix_path')
[9.622s] INFO:colcon.colcon_core.shell:Creating environment hook '/home/uwr/Desktop/2024_UWR/install/kalman_filter/share/kalman_filter/hook/cmake_prefix_path.ps1'
[9.622s] INFO:colcon.colcon_core.shell:Creating environment descriptor '/home/uwr/Desktop/2024_UWR/install/kalman_filter/share/kalman_filter/hook/cmake_prefix_path.dsv'
[9.623s] INFO:colcon.colcon_core.shell:Creating environment hook '/home/uwr/Desktop/2024_UWR/install/kalman_filter/share/kalman_filter/hook/cmake_prefix_path.sh'
[9.624s] Level 1:colcon.colcon_core.environment:checking '/home/uwr/Desktop/2024_UWR/install/kalman_filter/lib'
[9.624s] Level 1:colcon.colcon_core.environment:checking '/home/uwr/Desktop/2024_UWR/install/kalman_filter/bin'
[9.624s] Level 1:colcon.colcon_core.environment:checking '/home/uwr/Desktop/2024_UWR/install/kalman_filter/lib/pkgconfig/kalman_filter.pc'
[9.624s] Level 1:colcon.colcon_core.environment:checking '/home/uwr/Desktop/2024_UWR/install/kalman_filter/lib/python3.10/site-packages'
[9.624s] Level 1:colcon.colcon_core.environment:checking '/home/uwr/Desktop/2024_UWR/install/kalman_filter/bin'
[9.625s] INFO:colcon.colcon_core.shell:Creating package script '/home/uwr/Desktop/2024_UWR/install/kalman_filter/share/kalman_filter/package.ps1'
[9.626s] INFO:colcon.colcon_core.shell:Creating package descriptor '/home/uwr/Desktop/2024_UWR/install/kalman_filter/share/kalman_filter/package.dsv'
[9.627s] INFO:colcon.colcon_core.shell:Creating package script '/home/uwr/Desktop/2024_UWR/install/kalman_filter/share/kalman_filter/package.sh'
[9.628s] INFO:colcon.colcon_core.shell:Creating package script '/home/uwr/Desktop/2024_UWR/install/kalman_filter/share/kalman_filter/package.bash'
[9.629s] INFO:colcon.colcon_core.shell:Creating package script '/home/uwr/Desktop/2024_UWR/install/kalman_filter/share/kalman_filter/package.zsh'
[9.629s] Level 1:colcon.colcon_core.environment:create_file_with_runtime_dependencies(/home/uwr/Desktop/2024_UWR/install/kalman_filter/share/colcon-core/packages/kalman_filter)
[9.630s] DEBUG:colcon.colcon_parallel_executor.executor.parallel:closing loop
[9.631s] DEBUG:colcon.colcon_parallel_executor.executor.parallel:loop closed
[9.632s] DEBUG:colcon.colcon_parallel_executor.executor.parallel:run_until_complete finished with '0'
[9.632s] DEBUG:colcon.colcon_core.event_reactor:joining thread
[9.642s] INFO:colcon.colcon_core.plugin_system:Skipping extension 'colcon_notification.desktop_notification.terminal_notifier': Not used on non-Darwin systems
[9.642s] INFO:colcon.colcon_core.plugin_system:Skipping extension 'colcon_notification.desktop_notification.win32': Not used on non-Windows systems
[9.642s] INFO:colcon.colcon_notification.desktop_notification:Sending desktop notification using 'notify2'
[9.657s] DEBUG:colcon.colcon_core.event_reactor:joined thread
[9.657s] INFO:colcon.colcon_core.shell:Creating prefix script '/home/uwr/Desktop/2024_UWR/install/local_setup.ps1'
[9.659s] INFO:colcon.colcon_core.shell:Creating prefix util module '/home/uwr/Desktop/2024_UWR/install/_local_setup_util_ps1.py'
[9.661s] INFO:colcon.colcon_core.shell:Creating prefix chain script '/home/uwr/Desktop/2024_UWR/install/setup.ps1'
[9.663s] INFO:colcon.colcon_core.shell:Creating prefix script '/home/uwr/Desktop/2024_UWR/install/local_setup.sh'
[9.664s] INFO:colcon.colcon_core.shell:Creating prefix util module '/home/uwr/Desktop/2024_UWR/install/_local_setup_util_sh.py'
[9.665s] INFO:colcon.colcon_core.shell:Creating prefix chain script '/home/uwr/Desktop/2024_UWR/install/setup.sh'
[9.667s] INFO:colcon.colcon_core.shell:Creating prefix script '/home/uwr/Desktop/2024_UWR/install/local_setup.bash'
[9.668s] INFO:colcon.colcon_core.shell:Creating prefix chain script '/home/uwr/Desktop/2024_UWR/install/setup.bash'
[9.670s] INFO:colcon.colcon_core.shell:Creating prefix script '/home/uwr/Desktop/2024_UWR/install/local_setup.zsh'
[9.671s] INFO:colcon.colcon_core.shell:Creating prefix chain script '/home/uwr/Desktop/2024_UWR/install/setup.zsh'
