[0.244s] DEBUG:colcon:Command line arguments: ['/usr/bin/colcon', 'build']
[0.244s] DEBUG:colcon:Parsed command line arguments: Namespace(log_base=None, log_level=None, verb_name='build', build_base='build', install_base='install', merge_install=False, symlink_install=False, test_result_base=None, continue_on_error=False, executor='parallel', parallel_workers=8, event_handlers=None, ignore_user_meta=False, metas=['./colcon.meta'], base_paths=['.'], packages_ignore=None, packages_ignore_regex=None, paths=None, packages_up_to=None, packages_up_to_regex=None, packages_above=None, packages_above_and_dependencies=None, packages_above_depth=None, packages_select_by_dep=None, packages_skip_by_dep=None, packages_skip_up_to=None, packages_select_build_failed=False, packages_skip_build_finished=False, packages_select_test_failures=False, packages_skip_test_passed=False, packages_select=None, packages_skip=None, packages_select_regex=None, packages_skip_regex=None, packages_start=None, packages_end=None, allow_overriding=[], cmake_args=None, cmake_target=None, cmake_target_skip_unavailable=False, cmake_clean_cache=False, cmake_clean_first=False, cmake_force_configure=False, ament_cmake_args=None, catkin_cmake_args=None, catkin_skip_building_tests=False, verb_parser=<colcon_defaults.argument_parser.defaults.DefaultArgumentsDecorator object at 0x7fc17db5cb50>, verb_extension=<colcon_core.verb.build.BuildVerb object at 0x7fc17dc596c0>, main=<bound method BuildVerb.main of <colcon_core.verb.build.BuildVerb object at 0x7fc17dc596c0>>)
[0.528s] Level 1:colcon.colcon_core.package_discovery:discover_packages(colcon_meta) check parameters
[0.529s] Level 1:colcon.colcon_core.package_discovery:discover_packages(recursive) check parameters
[0.529s] Level 1:colcon.colcon_core.package_discovery:discover_packages(ignore) check parameters
[0.529s] Level 1:colcon.colcon_core.package_discovery:discover_packages(path) check parameters
[0.529s] Level 1:colcon.colcon_core.package_discovery:discover_packages(colcon_meta) discover
[0.529s] Level 1:colcon.colcon_core.package_discovery:discover_packages(recursive) discover
[0.529s] INFO:colcon.colcon_core.package_discovery:Crawling recursively for packages in '/home/uwr/Desktop/2024_UWR'
[0.529s] Level 1:colcon.colcon_core.package_identification:_identify(.) by extensions ['ignore', 'ignore_ament_install']
[0.529s] Level 1:colcon.colcon_core.package_identification:_identify(.) by extension 'ignore'
[0.529s] Level 1:colcon.colcon_core.package_identification:_identify(.) by extension 'ignore_ament_install'
[0.529s] Level 1:colcon.colcon_core.package_identification:_identify(.) by extensions ['colcon_pkg']
[0.529s] Level 1:colcon.colcon_core.package_identification:_identify(.) by extension 'colcon_pkg'
[0.529s] Level 1:colcon.colcon_core.package_identification:_identify(.) by extensions ['colcon_meta']
[0.529s] Level 1:colcon.colcon_core.package_identification:_identify(.) by extension 'colcon_meta'
[0.530s] Level 1:colcon.colcon_core.package_identification:_identify(.) by extensions ['ros']
[0.530s] Level 1:colcon.colcon_core.package_identification:_identify(.) by extension 'ros'
[0.544s] Level 1:colcon.colcon_core.package_identification:_identify(.) by extensions ['cmake', 'python']
[0.544s] Level 1:colcon.colcon_core.package_identification:_identify(.) by extension 'cmake'
[0.544s] Level 1:colcon.colcon_core.package_identification:_identify(.) by extension 'python'
[0.544s] Level 1:colcon.colcon_core.package_identification:_identify(.) by extensions ['python_setup_py']
[0.544s] Level 1:colcon.colcon_core.package_identification:_identify(.) by extension 'python_setup_py'
[0.545s] Level 1:colcon.colcon_core.package_identification:_identify(Analysis) by extensions ['ignore', 'ignore_ament_install']
[0.545s] Level 1:colcon.colcon_core.package_identification:_identify(Analysis) by extension 'ignore'
[0.545s] Level 1:colcon.colcon_core.package_identification:_identify(Analysis) by extension 'ignore_ament_install'
[0.545s] Level 1:colcon.colcon_core.package_identification:_identify(Analysis) by extensions ['colcon_pkg']
[0.545s] Level 1:colcon.colcon_core.package_identification:_identify(Analysis) by extension 'colcon_pkg'
[0.545s] Level 1:colcon.colcon_core.package_identification:_identify(Analysis) by extensions ['colcon_meta']
[0.545s] Level 1:colcon.colcon_core.package_identification:_identify(Analysis) by extension 'colcon_meta'
[0.545s] Level 1:colcon.colcon_core.package_identification:_identify(Analysis) by extensions ['ros']
[0.545s] Level 1:colcon.colcon_core.package_identification:_identify(Analysis) by extension 'ros'
[0.545s] Level 1:colcon.colcon_core.package_identification:_identify(Analysis) by extensions ['cmake', 'python']
[0.545s] Level 1:colcon.colcon_core.package_identification:_identify(Analysis) by extension 'cmake'
[0.545s] Level 1:colcon.colcon_core.package_identification:_identify(Analysis) by extension 'python'
[0.545s] Level 1:colcon.colcon_core.package_identification:_identify(Analysis) by extensions ['python_setup_py']
[0.545s] Level 1:colcon.colcon_core.package_identification:_identify(Analysis) by extension 'python_setup_py'
[0.546s] Level 1:colcon.colcon_core.package_identification:_identify(Analysis/Last) by extensions ['ignore', 'ignore_ament_install']
[0.546s] Level 1:colcon.colcon_core.package_identification:_identify(Analysis/Last) by extension 'ignore'
[0.546s] Level 1:colcon.colcon_core.package_identification:_identify(Analysis/Last) by extension 'ignore_ament_install'
[0.546s] Level 1:colcon.colcon_core.package_identification:_identify(Analysis/Last) by extensions ['colcon_pkg']
[0.546s] Level 1:colcon.colcon_core.package_identification:_identify(Analysis/Last) by extension 'colcon_pkg'
[0.546s] Level 1:colcon.colcon_core.package_identification:_identify(Analysis/Last) by extensions ['colcon_meta']
[0.546s] Level 1:colcon.colcon_core.package_identification:_identify(Analysis/Last) by extension 'colcon_meta'
[0.546s] Level 1:colcon.colcon_core.package_identification:_identify(Analysis/Last) by extensions ['ros']
[0.546s] Level 1:colcon.colcon_core.package_identification:_identify(Analysis/Last) by extension 'ros'
[0.546s] Level 1:colcon.colcon_core.package_identification:_identify(Analysis/Last) by extensions ['cmake', 'python']
[0.547s] Level 1:colcon.colcon_core.package_identification:_identify(Analysis/Last) by extension 'cmake'
[0.547s] Level 1:colcon.colcon_core.package_identification:_identify(Analysis/Last) by extension 'python'
[0.547s] Level 1:colcon.colcon_core.package_identification:_identify(Analysis/Last) by extensions ['python_setup_py']
[0.547s] Level 1:colcon.colcon_core.package_identification:_identify(Analysis/Last) by extension 'python_setup_py'
[0.547s] Level 1:colcon.colcon_core.package_identification:_identify(build) by extensions ['ignore', 'ignore_ament_install']
[0.547s] Level 1:colcon.colcon_core.package_identification:_identify(build) by extension 'ignore'
[0.547s] Level 1:colcon.colcon_core.package_identification:_identify(build) ignored
[0.547s] Level 1:colcon.colcon_core.package_identification:_identify(install) by extensions ['ignore', 'ignore_ament_install']
[0.547s] Level 1:colcon.colcon_core.package_identification:_identify(install) by extension 'ignore'
[0.547s] Level 1:colcon.colcon_core.package_identification:_identify(install) ignored
[0.548s] Level 1:colcon.colcon_core.package_identification:_identify(log) by extensions ['ignore', 'ignore_ament_install']
[0.548s] Level 1:colcon.colcon_core.package_identification:_identify(log) by extension 'ignore'
[0.548s] Level 1:colcon.colcon_core.package_identification:_identify(log) ignored
[0.548s] Level 1:colcon.colcon_core.package_identification:_identify(src) by extensions ['ignore', 'ignore_ament_install']
[0.548s] Level 1:colcon.colcon_core.package_identification:_identify(src) by extension 'ignore'
[0.548s] Level 1:colcon.colcon_core.package_identification:_identify(src) by extension 'ignore_ament_install'
[0.548s] Level 1:colcon.colcon_core.package_identification:_identify(src) by extensions ['colcon_pkg']
[0.548s] Level 1:colcon.colcon_core.package_identification:_identify(src) by extension 'colcon_pkg'
[0.548s] Level 1:colcon.colcon_core.package_identification:_identify(src) by extensions ['colcon_meta']
[0.548s] Level 1:colcon.colcon_core.package_identification:_identify(src) by extension 'colcon_meta'
[0.548s] Level 1:colcon.colcon_core.package_identification:_identify(src) by extensions ['ros']
[0.548s] Level 1:colcon.colcon_core.package_identification:_identify(src) by extension 'ros'
[0.549s] Level 1:colcon.colcon_core.package_identification:_identify(src) by extensions ['cmake', 'python']
[0.549s] Level 1:colcon.colcon_core.package_identification:_identify(src) by extension 'cmake'
[0.549s] Level 1:colcon.colcon_core.package_identification:_identify(src) by extension 'python'
[0.549s] Level 1:colcon.colcon_core.package_identification:_identify(src) by extensions ['python_setup_py']
[0.549s] Level 1:colcon.colcon_core.package_identification:_identify(src) by extension 'python_setup_py'
[0.549s] Level 1:colcon.colcon_core.package_identification:_identify(src/kalman_filter) by extensions ['ignore', 'ignore_ament_install']
[0.549s] Level 1:colcon.colcon_core.package_identification:_identify(src/kalman_filter) by extension 'ignore'
[0.549s] Level 1:colcon.colcon_core.package_identification:_identify(src/kalman_filter) by extension 'ignore_ament_install'
[0.549s] Level 1:colcon.colcon_core.package_identification:_identify(src/kalman_filter) by extensions ['colcon_pkg']
[0.549s] Level 1:colcon.colcon_core.package_identification:_identify(src/kalman_filter) by extension 'colcon_pkg'
[0.549s] Level 1:colcon.colcon_core.package_identification:_identify(src/kalman_filter) by extensions ['colcon_meta']
[0.549s] Level 1:colcon.colcon_core.package_identification:_identify(src/kalman_filter) by extension 'colcon_meta'
[0.549s] Level 1:colcon.colcon_core.package_identification:_identify(src/kalman_filter) by extensions ['ros']
[0.549s] Level 1:colcon.colcon_core.package_identification:_identify(src/kalman_filter) by extension 'ros'
[0.553s] DEBUG:colcon.colcon_core.package_identification:Package 'src/kalman_filter' with type 'ros.ament_cmake' and name 'kalman_filter'
[0.553s] Level 1:colcon.colcon_core.package_identification:_identify(src/ntrip) by extensions ['ignore', 'ignore_ament_install']
[0.553s] Level 1:colcon.colcon_core.package_identification:_identify(src/ntrip) by extension 'ignore'
[0.553s] Level 1:colcon.colcon_core.package_identification:_identify(src/ntrip) by extension 'ignore_ament_install'
[0.553s] Level 1:colcon.colcon_core.package_identification:_identify(src/ntrip) by extensions ['colcon_pkg']
[0.554s] Level 1:colcon.colcon_core.package_identification:_identify(src/ntrip) by extension 'colcon_pkg'
[0.554s] Level 1:colcon.colcon_core.package_identification:_identify(src/ntrip) by extensions ['colcon_meta']
[0.554s] Level 1:colcon.colcon_core.package_identification:_identify(src/ntrip) by extension 'colcon_meta'
[0.554s] Level 1:colcon.colcon_core.package_identification:_identify(src/ntrip) by extensions ['ros']
[0.554s] Level 1:colcon.colcon_core.package_identification:_identify(src/ntrip) by extension 'ros'
[0.555s] DEBUG:colcon.colcon_core.package_identification:Package 'src/ntrip' with type 'ros.ament_cmake' and name 'ntrip'
[0.555s] Level 1:colcon.colcon_core.package_identification:_identify(src/ros2-driver) by extensions ['ignore', 'ignore_ament_install']
[0.555s] Level 1:colcon.colcon_core.package_identification:_identify(src/ros2-driver) by extension 'ignore'
[0.555s] Level 1:colcon.colcon_core.package_identification:_identify(src/ros2-driver) by extension 'ignore_ament_install'
[0.555s] Level 1:colcon.colcon_core.package_identification:_identify(src/ros2-driver) by extensions ['colcon_pkg']
[0.555s] Level 1:colcon.colcon_core.package_identification:_identify(src/ros2-driver) by extension 'colcon_pkg'
[0.555s] Level 1:colcon.colcon_core.package_identification:_identify(src/ros2-driver) by extensions ['colcon_meta']
[0.556s] Level 1:colcon.colcon_core.package_identification:_identify(src/ros2-driver) by extension 'colcon_meta'
[0.556s] Level 1:colcon.colcon_core.package_identification:_identify(src/ros2-driver) by extensions ['ros']
[0.556s] Level 1:colcon.colcon_core.package_identification:_identify(src/ros2-driver) by extension 'ros'
[0.557s] DEBUG:colcon.colcon_core.package_identification:Package 'src/ros2-driver' with type 'ros.ament_cmake' and name 'ros2-driver'
[0.557s] Level 1:colcon.colcon_core.package_identification:_identify(src/sonar_msgs) by extensions ['ignore', 'ignore_ament_install']
[0.557s] Level 1:colcon.colcon_core.package_identification:_identify(src/sonar_msgs) by extension 'ignore'
[0.557s] Level 1:colcon.colcon_core.package_identification:_identify(src/sonar_msgs) by extension 'ignore_ament_install'
[0.557s] Level 1:colcon.colcon_core.package_identification:_identify(src/sonar_msgs) by extensions ['colcon_pkg']
[0.557s] Level 1:colcon.colcon_core.package_identification:_identify(src/sonar_msgs) by extension 'colcon_pkg'
[0.557s] Level 1:colcon.colcon_core.package_identification:_identify(src/sonar_msgs) by extensions ['colcon_meta']
[0.557s] Level 1:colcon.colcon_core.package_identification:_identify(src/sonar_msgs) by extension 'colcon_meta'
[0.557s] Level 1:colcon.colcon_core.package_identification:_identify(src/sonar_msgs) by extensions ['ros']
[0.557s] Level 1:colcon.colcon_core.package_identification:_identify(src/sonar_msgs) by extension 'ros'
[0.558s] DEBUG:colcon.colcon_core.package_identification:Package 'src/sonar_msgs' with type 'ros.ament_cmake' and name 'sonar_msgs'
[0.558s] Level 1:colcon.colcon_core.package_identification:_identify(src/sonar_subs) by extensions ['ignore', 'ignore_ament_install']
[0.558s] Level 1:colcon.colcon_core.package_identification:_identify(src/sonar_subs) by extension 'ignore'
[0.559s] Level 1:colcon.colcon_core.package_identification:_identify(src/sonar_subs) by extension 'ignore_ament_install'
[0.559s] Level 1:colcon.colcon_core.package_identification:_identify(src/sonar_subs) by extensions ['colcon_pkg']
[0.559s] Level 1:colcon.colcon_core.package_identification:_identify(src/sonar_subs) by extension 'colcon_pkg'
[0.559s] Level 1:colcon.colcon_core.package_identification:_identify(src/sonar_subs) by extensions ['colcon_meta']
[0.559s] Level 1:colcon.colcon_core.package_identification:_identify(src/sonar_subs) by extension 'colcon_meta'
[0.559s] Level 1:colcon.colcon_core.package_identification:_identify(src/sonar_subs) by extensions ['ros']
[0.559s] Level 1:colcon.colcon_core.package_identification:_identify(src/sonar_subs) by extension 'ros'
[0.560s] DEBUG:colcon.colcon_core.package_identification:Package 'src/sonar_subs' with type 'ros.ament_python' and name 'sonar_subs'
[0.560s] Level 1:colcon.colcon_core.package_identification:_identify(src/xsens_mti_ros2_driver) by extensions ['ignore', 'ignore_ament_install']
[0.560s] Level 1:colcon.colcon_core.package_identification:_identify(src/xsens_mti_ros2_driver) by extension 'ignore'
[0.560s] Level 1:colcon.colcon_core.package_identification:_identify(src/xsens_mti_ros2_driver) by extension 'ignore_ament_install'
[0.560s] Level 1:colcon.colcon_core.package_identification:_identify(src/xsens_mti_ros2_driver) by extensions ['colcon_pkg']
[0.560s] Level 1:colcon.colcon_core.package_identification:_identify(src/xsens_mti_ros2_driver) by extension 'colcon_pkg'
[0.560s] Level 1:colcon.colcon_core.package_identification:_identify(src/xsens_mti_ros2_driver) by extensions ['colcon_meta']
[0.560s] Level 1:colcon.colcon_core.package_identification:_identify(src/xsens_mti_ros2_driver) by extension 'colcon_meta'
[0.560s] Level 1:colcon.colcon_core.package_identification:_identify(src/xsens_mti_ros2_driver) by extensions ['ros']
[0.560s] Level 1:colcon.colcon_core.package_identification:_identify(src/xsens_mti_ros2_driver) by extension 'ros'
[0.561s] DEBUG:colcon.colcon_core.package_identification:Package 'src/xsens_mti_ros2_driver' with type 'ros.ament_cmake' and name 'xsens_mti_ros2_driver'
[0.561s] Level 1:colcon.colcon_core.package_discovery:discover_packages(recursive) using defaults
[0.562s] Level 1:colcon.colcon_core.package_discovery:discover_packages(ignore) discover
[0.562s] Level 1:colcon.colcon_core.package_discovery:discover_packages(ignore) using defaults
[0.562s] Level 1:colcon.colcon_core.package_discovery:discover_packages(path) discover
[0.562s] Level 1:colcon.colcon_core.package_discovery:discover_packages(path) using defaults
[0.595s] Level 1:colcon.colcon_core.package_discovery:discover_packages(prefix_path) check parameters
[0.595s] Level 1:colcon.colcon_core.package_discovery:discover_packages(prefix_path) discover
[0.598s] DEBUG:colcon.colcon_installed_package_information.package_discovery:Found 6 installed packages in /home/uwr/Desktop/2024_UWR/install
[0.600s] DEBUG:colcon.colcon_installed_package_information.package_discovery:Found 280 installed packages in /opt/ros/humble
[0.611s] Level 1:colcon.colcon_core.package_discovery:discover_packages(prefix_path) using defaults
[0.662s] Level 5:colcon.colcon_core.verb:set package 'ntrip' build argument 'cmake_args' from command line to 'None'
[0.662s] Level 5:colcon.colcon_core.verb:set package 'ntrip' build argument 'cmake_target' from command line to 'None'
[0.662s] Level 5:colcon.colcon_core.verb:set package 'ntrip' build argument 'cmake_target_skip_unavailable' from command line to 'False'
[0.662s] Level 5:colcon.colcon_core.verb:set package 'ntrip' build argument 'cmake_clean_cache' from command line to 'False'
[0.662s] Level 5:colcon.colcon_core.verb:set package 'ntrip' build argument 'cmake_clean_first' from command line to 'False'
[0.662s] Level 5:colcon.colcon_core.verb:set package 'ntrip' build argument 'cmake_force_configure' from command line to 'False'
[0.662s] Level 5:colcon.colcon_core.verb:set package 'ntrip' build argument 'ament_cmake_args' from command line to 'None'
[0.662s] Level 5:colcon.colcon_core.verb:set package 'ntrip' build argument 'catkin_cmake_args' from command line to 'None'
[0.662s] Level 5:colcon.colcon_core.verb:set package 'ntrip' build argument 'catkin_skip_building_tests' from command line to 'False'
[0.662s] DEBUG:colcon.colcon_core.verb:Building package 'ntrip' with the following arguments: {'ament_cmake_args': None, 'build_base': '/home/uwr/Desktop/2024_UWR/build/ntrip', 'catkin_cmake_args': None, 'catkin_skip_building_tests': False, 'cmake_args': None, 'cmake_clean_cache': False, 'cmake_clean_first': False, 'cmake_force_configure': False, 'cmake_target': None, 'cmake_target_skip_unavailable': False, 'install_base': '/home/uwr/Desktop/2024_UWR/install/ntrip', 'merge_install': False, 'path': '/home/uwr/Desktop/2024_UWR/src/ntrip', 'symlink_install': False, 'test_result_base': None}
[0.663s] Level 5:colcon.colcon_core.verb:set package 'ros2-driver' build argument 'cmake_args' from command line to 'None'
[0.663s] Level 5:colcon.colcon_core.verb:set package 'ros2-driver' build argument 'cmake_target' from command line to 'None'
[0.663s] Level 5:colcon.colcon_core.verb:set package 'ros2-driver' build argument 'cmake_target_skip_unavailable' from command line to 'False'
[0.663s] Level 5:colcon.colcon_core.verb:set package 'ros2-driver' build argument 'cmake_clean_cache' from command line to 'False'
[0.663s] Level 5:colcon.colcon_core.verb:set package 'ros2-driver' build argument 'cmake_clean_first' from command line to 'False'
[0.663s] Level 5:colcon.colcon_core.verb:set package 'ros2-driver' build argument 'cmake_force_configure' from command line to 'False'
[0.663s] Level 5:colcon.colcon_core.verb:set package 'ros2-driver' build argument 'ament_cmake_args' from command line to 'None'
[0.663s] Level 5:colcon.colcon_core.verb:set package 'ros2-driver' build argument 'catkin_cmake_args' from command line to 'None'
[0.663s] Level 5:colcon.colcon_core.verb:set package 'ros2-driver' build argument 'catkin_skip_building_tests' from command line to 'False'
[0.663s] DEBUG:colcon.colcon_core.verb:Building package 'ros2-driver' with the following arguments: {'ament_cmake_args': None, 'build_base': '/home/uwr/Desktop/2024_UWR/build/ros2-driver', 'catkin_cmake_args': None, 'catkin_skip_building_tests': False, 'cmake_args': None, 'cmake_clean_cache': False, 'cmake_clean_first': False, 'cmake_force_configure': False, 'cmake_target': None, 'cmake_target_skip_unavailable': False, 'install_base': '/home/uwr/Desktop/2024_UWR/install/ros2-driver', 'merge_install': False, 'path': '/home/uwr/Desktop/2024_UWR/src/ros2-driver', 'symlink_install': False, 'test_result_base': None}
[0.664s] Level 5:colcon.colcon_core.verb:set package 'sonar_msgs' build argument 'cmake_args' from command line to 'None'
[0.664s] Level 5:colcon.colcon_core.verb:set package 'sonar_msgs' build argument 'cmake_target' from command line to 'None'
[0.664s] Level 5:colcon.colcon_core.verb:set package 'sonar_msgs' build argument 'cmake_target_skip_unavailable' from command line to 'False'
[0.664s] Level 5:colcon.colcon_core.verb:set package 'sonar_msgs' build argument 'cmake_clean_cache' from command line to 'False'
[0.664s] Level 5:colcon.colcon_core.verb:set package 'sonar_msgs' build argument 'cmake_clean_first' from command line to 'False'
[0.664s] Level 5:colcon.colcon_core.verb:set package 'sonar_msgs' build argument 'cmake_force_configure' from command line to 'False'
[0.664s] Level 5:colcon.colcon_core.verb:set package 'sonar_msgs' build argument 'ament_cmake_args' from command line to 'None'
[0.664s] Level 5:colcon.colcon_core.verb:set package 'sonar_msgs' build argument 'catkin_cmake_args' from command line to 'None'
[0.664s] Level 5:colcon.colcon_core.verb:set package 'sonar_msgs' build argument 'catkin_skip_building_tests' from command line to 'False'
[0.664s] DEBUG:colcon.colcon_core.verb:Building package 'sonar_msgs' with the following arguments: {'ament_cmake_args': None, 'build_base': '/home/uwr/Desktop/2024_UWR/build/sonar_msgs', 'catkin_cmake_args': None, 'catkin_skip_building_tests': False, 'cmake_args': None, 'cmake_clean_cache': False, 'cmake_clean_first': False, 'cmake_force_configure': False, 'cmake_target': None, 'cmake_target_skip_unavailable': False, 'install_base': '/home/uwr/Desktop/2024_UWR/install/sonar_msgs', 'merge_install': False, 'path': '/home/uwr/Desktop/2024_UWR/src/sonar_msgs', 'symlink_install': False, 'test_result_base': None}
[0.664s] Level 5:colcon.colcon_core.verb:set package 'xsens_mti_ros2_driver' build argument 'cmake_args' from command line to 'None'
[0.664s] Level 5:colcon.colcon_core.verb:set package 'xsens_mti_ros2_driver' build argument 'cmake_target' from command line to 'None'
[0.664s] Level 5:colcon.colcon_core.verb:set package 'xsens_mti_ros2_driver' build argument 'cmake_target_skip_unavailable' from command line to 'False'
[0.664s] Level 5:colcon.colcon_core.verb:set package 'xsens_mti_ros2_driver' build argument 'cmake_clean_cache' from command line to 'False'
[0.664s] Level 5:colcon.colcon_core.verb:set package 'xsens_mti_ros2_driver' build argument 'cmake_clean_first' from command line to 'False'
[0.664s] Level 5:colcon.colcon_core.verb:set package 'xsens_mti_ros2_driver' build argument 'cmake_force_configure' from command line to 'False'
[0.664s] Level 5:colcon.colcon_core.verb:set package 'xsens_mti_ros2_driver' build argument 'ament_cmake_args' from command line to 'None'
[0.664s] Level 5:colcon.colcon_core.verb:set package 'xsens_mti_ros2_driver' build argument 'catkin_cmake_args' from command line to 'None'
[0.665s] Level 5:colcon.colcon_core.verb:set package 'xsens_mti_ros2_driver' build argument 'catkin_skip_building_tests' from command line to 'False'
[0.665s] DEBUG:colcon.colcon_core.verb:Building package 'xsens_mti_ros2_driver' with the following arguments: {'ament_cmake_args': None, 'build_base': '/home/uwr/Desktop/2024_UWR/build/xsens_mti_ros2_driver', 'catkin_cmake_args': None, 'catkin_skip_building_tests': False, 'cmake_args': None, 'cmake_clean_cache': False, 'cmake_clean_first': False, 'cmake_force_configure': False, 'cmake_target': None, 'cmake_target_skip_unavailable': False, 'install_base': '/home/uwr/Desktop/2024_UWR/install/xsens_mti_ros2_driver', 'merge_install': False, 'path': '/home/uwr/Desktop/2024_UWR/src/xsens_mti_ros2_driver', 'symlink_install': False, 'test_result_base': None}
[0.665s] Level 5:colcon.colcon_core.verb:set package 'kalman_filter' build argument 'cmake_args' from command line to 'None'
[0.665s] Level 5:colcon.colcon_core.verb:set package 'kalman_filter' build argument 'cmake_target' from command line to 'None'
[0.665s] Level 5:colcon.colcon_core.verb:set package 'kalman_filter' build argument 'cmake_target_skip_unavailable' from command line to 'False'
[0.665s] Level 5:colcon.colcon_core.verb:set package 'kalman_filter' build argument 'cmake_clean_cache' from command line to 'False'
[0.665s] Level 5:colcon.colcon_core.verb:set package 'kalman_filter' build argument 'cmake_clean_first' from command line to 'False'
[0.665s] Level 5:colcon.colcon_core.verb:set package 'kalman_filter' build argument 'cmake_force_configure' from command line to 'False'
[0.665s] Level 5:colcon.colcon_core.verb:set package 'kalman_filter' build argument 'ament_cmake_args' from command line to 'None'
[0.665s] Level 5:colcon.colcon_core.verb:set package 'kalman_filter' build argument 'catkin_cmake_args' from command line to 'None'
[0.665s] Level 5:colcon.colcon_core.verb:set package 'kalman_filter' build argument 'catkin_skip_building_tests' from command line to 'False'
[0.665s] DEBUG:colcon.colcon_core.verb:Building package 'kalman_filter' with the following arguments: {'ament_cmake_args': None, 'build_base': '/home/uwr/Desktop/2024_UWR/build/kalman_filter', 'catkin_cmake_args': None, 'catkin_skip_building_tests': False, 'cmake_args': None, 'cmake_clean_cache': False, 'cmake_clean_first': False, 'cmake_force_configure': False, 'cmake_target': None, 'cmake_target_skip_unavailable': False, 'install_base': '/home/uwr/Desktop/2024_UWR/install/kalman_filter', 'merge_install': False, 'path': '/home/uwr/Desktop/2024_UWR/src/kalman_filter', 'symlink_install': False, 'test_result_base': None}
[0.666s] Level 5:colcon.colcon_core.verb:set package 'sonar_subs' build argument 'cmake_args' from command line to 'None'
[0.666s] Level 5:colcon.colcon_core.verb:set package 'sonar_subs' build argument 'cmake_target' from command line to 'None'
[0.666s] Level 5:colcon.colcon_core.verb:set package 'sonar_subs' build argument 'cmake_target_skip_unavailable' from command line to 'False'
[0.666s] Level 5:colcon.colcon_core.verb:set package 'sonar_subs' build argument 'cmake_clean_cache' from command line to 'False'
[0.666s] Level 5:colcon.colcon_core.verb:set package 'sonar_subs' build argument 'cmake_clean_first' from command line to 'False'
[0.666s] Level 5:colcon.colcon_core.verb:set package 'sonar_subs' build argument 'cmake_force_configure' from command line to 'False'
[0.666s] Level 5:colcon.colcon_core.verb:set package 'sonar_subs' build argument 'ament_cmake_args' from command line to 'None'
[0.666s] Level 5:colcon.colcon_core.verb:set package 'sonar_subs' build argument 'catkin_cmake_args' from command line to 'None'
[0.666s] Level 5:colcon.colcon_core.verb:set package 'sonar_subs' build argument 'catkin_skip_building_tests' from command line to 'False'
[0.666s] DEBUG:colcon.colcon_core.verb:Building package 'sonar_subs' with the following arguments: {'ament_cmake_args': None, 'build_base': '/home/uwr/Desktop/2024_UWR/build/sonar_subs', 'catkin_cmake_args': None, 'catkin_skip_building_tests': False, 'cmake_args': None, 'cmake_clean_cache': False, 'cmake_clean_first': False, 'cmake_force_configure': False, 'cmake_target': None, 'cmake_target_skip_unavailable': False, 'install_base': '/home/uwr/Desktop/2024_UWR/install/sonar_subs', 'merge_install': False, 'path': '/home/uwr/Desktop/2024_UWR/src/sonar_subs', 'symlink_install': False, 'test_result_base': None}
[0.666s] INFO:colcon.colcon_core.executor:Executing jobs using 'parallel' executor
[0.667s] DEBUG:colcon.colcon_parallel_executor.executor.parallel:run_until_complete
[0.668s] INFO:colcon.colcon_ros.task.ament_cmake.build:Building ROS package in '/home/uwr/Desktop/2024_UWR/src/sonar_msgs' with build type 'ament_cmake'
[0.668s] INFO:colcon.colcon_cmake.task.cmake.build:Building CMake package in '/home/uwr/Desktop/2024_UWR/src/sonar_msgs'
[0.673s] INFO:colcon.colcon_core.plugin_system:Skipping extension 'colcon_core.shell.bat': Not used on non-Windows systems
[0.673s] INFO:colcon.colcon_core.shell:Skip shell extension 'powershell' for command environment: Not usable outside of PowerShell
[0.673s] DEBUG:colcon.colcon_core.shell:Skip shell extension 'dsv' for command environment
[0.677s] INFO:colcon.colcon_ros.task.ament_cmake.build:Building ROS package in '/home/uwr/Desktop/2024_UWR/src/ntrip' with build type 'ament_cmake'
[0.677s] INFO:colcon.colcon_cmake.task.cmake.build:Building CMake package in '/home/uwr/Desktop/2024_UWR/src/ntrip'
[0.678s] INFO:colcon.colcon_core.shell:Skip shell extension 'powershell' for command environment: Not usable outside of PowerShell
[0.678s] DEBUG:colcon.colcon_core.shell:Skip shell extension 'dsv' for command environment
[0.684s] INFO:colcon.colcon_ros.task.ament_cmake.build:Building ROS package in '/home/uwr/Desktop/2024_UWR/src/ros2-driver' with build type 'ament_cmake'
[0.684s] INFO:colcon.colcon_cmake.task.cmake.build:Building CMake package in '/home/uwr/Desktop/2024_UWR/src/ros2-driver'
[0.685s] INFO:colcon.colcon_core.shell:Skip shell extension 'powershell' for command environment: Not usable outside of PowerShell
[0.685s] DEBUG:colcon.colcon_core.shell:Skip shell extension 'dsv' for command environment
[0.689s] INFO:colcon.colcon_ros.task.ament_cmake.build:Building ROS package in '/home/uwr/Desktop/2024_UWR/src/xsens_mti_ros2_driver' with build type 'ament_cmake'
[0.689s] INFO:colcon.colcon_cmake.task.cmake.build:Building CMake package in '/home/uwr/Desktop/2024_UWR/src/xsens_mti_ros2_driver'
[0.690s] INFO:colcon.colcon_core.shell:Skip shell extension 'powershell' for command environment: Not usable outside of PowerShell
[0.690s] DEBUG:colcon.colcon_core.shell:Skip shell extension 'dsv' for command environment
[0.704s] DEBUG:colcon.colcon_core.event_handler.log_command:Invoking command in '/home/uwr/Desktop/2024_UWR/build/sonar_msgs': CMAKE_PREFIX_PATH=${CMAKE_PREFIX_PATH}:/home/uwr/Desktop/2024_UWR/install/sonar_subs:/opt/ros/humble /usr/bin/cmake --build /home/uwr/Desktop/2024_UWR/build/sonar_msgs -- -j8 -l8
[0.710s] DEBUG:colcon.colcon_core.event_handler.log_command:Invoking command in '/home/uwr/Desktop/2024_UWR/build/ntrip': CMAKE_PREFIX_PATH=${CMAKE_PREFIX_PATH}:/home/uwr/Desktop/2024_UWR/install/sonar_subs:/opt/ros/humble /usr/bin/cmake --build /home/uwr/Desktop/2024_UWR/build/ntrip -- -j8 -l8
[0.720s] DEBUG:colcon.colcon_core.event_handler.log_command:Invoking command in '/home/uwr/Desktop/2024_UWR/build/ros2-driver': CMAKE_PREFIX_PATH=${CMAKE_PREFIX_PATH}:/home/uwr/Desktop/2024_UWR/install/sonar_subs:/opt/ros/humble /usr/bin/cmake --build /home/uwr/Desktop/2024_UWR/build/ros2-driver -- -j8 -l8
[0.726s] DEBUG:colcon.colcon_core.event_handler.log_command:Invoking command in '/home/uwr/Desktop/2024_UWR/build/xsens_mti_ros2_driver': CMAKE_PREFIX_PATH=${CMAKE_PREFIX_PATH}:/home/uwr/Desktop/2024_UWR/install/sonar_subs:/opt/ros/humble /usr/bin/cmake --build /home/uwr/Desktop/2024_UWR/build/xsens_mti_ros2_driver -- -j8 -l8
[0.930s] DEBUG:colcon.colcon_core.event_handler.log_command:Invoked command in '/home/uwr/Desktop/2024_UWR/build/ros2-driver' returned '0': CMAKE_PREFIX_PATH=${CMAKE_PREFIX_PATH}:/home/uwr/Desktop/2024_UWR/install/sonar_subs:/opt/ros/humble /usr/bin/cmake --build /home/uwr/Desktop/2024_UWR/build/ros2-driver -- -j8 -l8
[0.941s] DEBUG:colcon.colcon_core.event_handler.log_command:Invoked command in '/home/uwr/Desktop/2024_UWR/build/ntrip' returned '0': CMAKE_PREFIX_PATH=${CMAKE_PREFIX_PATH}:/home/uwr/Desktop/2024_UWR/install/sonar_subs:/opt/ros/humble /usr/bin/cmake --build /home/uwr/Desktop/2024_UWR/build/ntrip -- -j8 -l8
[1.003s] DEBUG:colcon.colcon_core.event_handler.log_command:Invoking command in '/home/uwr/Desktop/2024_UWR/build/ros2-driver': CMAKE_PREFIX_PATH=${CMAKE_PREFIX_PATH}:/home/uwr/Desktop/2024_UWR/install/sonar_subs:/opt/ros/humble /usr/bin/cmake --install /home/uwr/Desktop/2024_UWR/build/ros2-driver
[1.007s] DEBUG:colcon.colcon_core.event_handler.log_command:Invoking command in '/home/uwr/Desktop/2024_UWR/build/ntrip': CMAKE_PREFIX_PATH=${CMAKE_PREFIX_PATH}:/home/uwr/Desktop/2024_UWR/install/sonar_subs:/opt/ros/humble /usr/bin/cmake --install /home/uwr/Desktop/2024_UWR/build/ntrip
[1.033s] Level 1:colcon.colcon_core.environment:create_environment_scripts_only(ntrip)
[1.038s] DEBUG:colcon.colcon_core.event_handler.log_command:Invoked command in '/home/uwr/Desktop/2024_UWR/build/ntrip' returned '0': CMAKE_PREFIX_PATH=${CMAKE_PREFIX_PATH}:/home/uwr/Desktop/2024_UWR/install/sonar_subs:/opt/ros/humble /usr/bin/cmake --install /home/uwr/Desktop/2024_UWR/build/ntrip
[1.045s] Level 1:colcon.colcon_core.environment:checking '/home/uwr/Desktop/2024_UWR/install/ntrip' for CMake module files
[1.046s] Level 1:colcon.colcon_core.environment:checking '/home/uwr/Desktop/2024_UWR/install/ntrip' for CMake config files
[1.047s] Level 1:colcon.colcon_core.shell:create_environment_hook('ntrip', 'cmake_prefix_path')
[1.048s] INFO:colcon.colcon_core.shell:Creating environment hook '/home/uwr/Desktop/2024_UWR/install/ntrip/share/ntrip/hook/cmake_prefix_path.ps1'
[1.049s] INFO:colcon.colcon_core.shell:Creating environment descriptor '/home/uwr/Desktop/2024_UWR/install/ntrip/share/ntrip/hook/cmake_prefix_path.dsv'
[1.051s] INFO:colcon.colcon_core.shell:Creating environment hook '/home/uwr/Desktop/2024_UWR/install/ntrip/share/ntrip/hook/cmake_prefix_path.sh'
[1.053s] Level 1:colcon.colcon_core.environment:checking '/home/uwr/Desktop/2024_UWR/install/ntrip/lib'
[1.054s] Level 1:colcon.colcon_core.environment:checking '/home/uwr/Desktop/2024_UWR/install/ntrip/bin'
[1.054s] Level 1:colcon.colcon_core.environment:checking '/home/uwr/Desktop/2024_UWR/install/ntrip/lib/pkgconfig/ntrip.pc'
[1.055s] Level 1:colcon.colcon_core.environment:checking '/home/uwr/Desktop/2024_UWR/install/ntrip/lib/python3.10/site-packages'
[1.055s] Level 1:colcon.colcon_core.environment:checking '/home/uwr/Desktop/2024_UWR/install/ntrip/bin'
[1.056s] INFO:colcon.colcon_core.shell:Creating package script '/home/uwr/Desktop/2024_UWR/install/ntrip/share/ntrip/package.ps1'
[1.059s] INFO:colcon.colcon_core.shell:Creating package descriptor '/home/uwr/Desktop/2024_UWR/install/ntrip/share/ntrip/package.dsv'
[1.060s] INFO:colcon.colcon_core.shell:Creating package script '/home/uwr/Desktop/2024_UWR/install/ntrip/share/ntrip/package.sh'
[1.062s] INFO:colcon.colcon_core.shell:Creating package script '/home/uwr/Desktop/2024_UWR/install/ntrip/share/ntrip/package.bash'
[1.064s] INFO:colcon.colcon_core.shell:Creating package script '/home/uwr/Desktop/2024_UWR/install/ntrip/share/ntrip/package.zsh'
[1.066s] Level 1:colcon.colcon_core.environment:create_file_with_runtime_dependencies(/home/uwr/Desktop/2024_UWR/install/ntrip/share/colcon-core/packages/ntrip)
[1.075s] Level 1:colcon.colcon_core.environment:create_environment_scripts_only(ros2-driver)
[1.076s] Level 1:colcon.colcon_core.environment:checking '/home/uwr/Desktop/2024_UWR/install/ros2-driver' for CMake module files
[1.077s] DEBUG:colcon.colcon_core.event_handler.log_command:Invoked command in '/home/uwr/Desktop/2024_UWR/build/ros2-driver' returned '0': CMAKE_PREFIX_PATH=${CMAKE_PREFIX_PATH}:/home/uwr/Desktop/2024_UWR/install/sonar_subs:/opt/ros/humble /usr/bin/cmake --install /home/uwr/Desktop/2024_UWR/build/ros2-driver
[1.078s] Level 1:colcon.colcon_core.environment:checking '/home/uwr/Desktop/2024_UWR/install/ros2-driver' for CMake config files
[1.079s] Level 1:colcon.colcon_core.shell:create_environment_hook('ros2-driver', 'cmake_prefix_path')
[1.080s] INFO:colcon.colcon_core.shell:Creating environment hook '/home/uwr/Desktop/2024_UWR/install/ros2-driver/share/ros2-driver/hook/cmake_prefix_path.ps1'
[1.081s] INFO:colcon.colcon_core.shell:Creating environment descriptor '/home/uwr/Desktop/2024_UWR/install/ros2-driver/share/ros2-driver/hook/cmake_prefix_path.dsv'
[1.081s] INFO:colcon.colcon_core.shell:Creating environment hook '/home/uwr/Desktop/2024_UWR/install/ros2-driver/share/ros2-driver/hook/cmake_prefix_path.sh'
[1.082s] Level 1:colcon.colcon_core.environment:checking '/home/uwr/Desktop/2024_UWR/install/ros2-driver/lib'
[1.083s] Level 1:colcon.colcon_core.environment:checking '/home/uwr/Desktop/2024_UWR/install/ros2-driver/bin'
[1.083s] Level 1:colcon.colcon_core.environment:checking '/home/uwr/Desktop/2024_UWR/install/ros2-driver/lib/pkgconfig/ros2-driver.pc'
[1.083s] Level 1:colcon.colcon_core.environment:checking '/home/uwr/Desktop/2024_UWR/install/ros2-driver/lib/python3.10/site-packages'
[1.084s] Level 1:colcon.colcon_core.environment:checking '/home/uwr/Desktop/2024_UWR/install/ros2-driver/bin'
[1.085s] INFO:colcon.colcon_core.shell:Creating package script '/home/uwr/Desktop/2024_UWR/install/ros2-driver/share/ros2-driver/package.ps1'
[1.086s] INFO:colcon.colcon_core.shell:Creating package descriptor '/home/uwr/Desktop/2024_UWR/install/ros2-driver/share/ros2-driver/package.dsv'
[1.087s] INFO:colcon.colcon_core.shell:Creating package script '/home/uwr/Desktop/2024_UWR/install/ros2-driver/share/ros2-driver/package.sh'
[1.088s] INFO:colcon.colcon_core.shell:Creating package script '/home/uwr/Desktop/2024_UWR/install/ros2-driver/share/ros2-driver/package.bash'
[1.089s] INFO:colcon.colcon_core.shell:Creating package script '/home/uwr/Desktop/2024_UWR/install/ros2-driver/share/ros2-driver/package.zsh'
[1.089s] Level 1:colcon.colcon_core.environment:create_file_with_runtime_dependencies(/home/uwr/Desktop/2024_UWR/install/ros2-driver/share/colcon-core/packages/ros2-driver)
[1.143s] Level 1:colcon.colcon_core.environment:create_environment_scripts_only(ntrip)
[1.143s] Level 1:colcon.colcon_core.environment:checking '/home/uwr/Desktop/2024_UWR/install/ntrip' for CMake module files
[1.145s] Level 1:colcon.colcon_core.environment:checking '/home/uwr/Desktop/2024_UWR/install/ntrip' for CMake config files
[1.145s] Level 1:colcon.colcon_core.shell:create_environment_hook('ntrip', 'cmake_prefix_path')
[1.146s] INFO:colcon.colcon_core.shell:Creating environment hook '/home/uwr/Desktop/2024_UWR/install/ntrip/share/ntrip/hook/cmake_prefix_path.ps1'
[1.146s] INFO:colcon.colcon_core.shell:Creating environment descriptor '/home/uwr/Desktop/2024_UWR/install/ntrip/share/ntrip/hook/cmake_prefix_path.dsv'
[1.147s] INFO:colcon.colcon_core.shell:Creating environment hook '/home/uwr/Desktop/2024_UWR/install/ntrip/share/ntrip/hook/cmake_prefix_path.sh'
[1.148s] Level 1:colcon.colcon_core.environment:checking '/home/uwr/Desktop/2024_UWR/install/ntrip/lib'
[1.148s] Level 1:colcon.colcon_core.environment:checking '/home/uwr/Desktop/2024_UWR/install/ntrip/bin'
[1.148s] Level 1:colcon.colcon_core.environment:checking '/home/uwr/Desktop/2024_UWR/install/ntrip/lib/pkgconfig/ntrip.pc'
[1.148s] Level 1:colcon.colcon_core.environment:checking '/home/uwr/Desktop/2024_UWR/install/ntrip/lib/python3.10/site-packages'
[1.149s] Level 1:colcon.colcon_core.environment:checking '/home/uwr/Desktop/2024_UWR/install/ntrip/bin'
[1.149s] INFO:colcon.colcon_core.shell:Creating package script '/home/uwr/Desktop/2024_UWR/install/ntrip/share/ntrip/package.ps1'
[1.150s] INFO:colcon.colcon_core.shell:Creating package descriptor '/home/uwr/Desktop/2024_UWR/install/ntrip/share/ntrip/package.dsv'
[1.151s] INFO:colcon.colcon_core.shell:Creating package script '/home/uwr/Desktop/2024_UWR/install/ntrip/share/ntrip/package.sh'
[1.151s] INFO:colcon.colcon_core.shell:Creating package script '/home/uwr/Desktop/2024_UWR/install/ntrip/share/ntrip/package.bash'
[1.152s] INFO:colcon.colcon_core.shell:Creating package script '/home/uwr/Desktop/2024_UWR/install/ntrip/share/ntrip/package.zsh'
[1.153s] Level 1:colcon.colcon_core.environment:create_file_with_runtime_dependencies(/home/uwr/Desktop/2024_UWR/install/ntrip/share/colcon-core/packages/ntrip)
[1.156s] Level 1:colcon.colcon_core.environment:create_environment_scripts_only(ros2-driver)
[1.157s] Level 1:colcon.colcon_core.environment:checking '/home/uwr/Desktop/2024_UWR/install/ros2-driver' for CMake module files
[1.158s] Level 1:colcon.colcon_core.environment:checking '/home/uwr/Desktop/2024_UWR/install/ros2-driver' for CMake config files
[1.158s] Level 1:colcon.colcon_core.shell:create_environment_hook('ros2-driver', 'cmake_prefix_path')
[1.158s] INFO:colcon.colcon_core.shell:Creating environment hook '/home/uwr/Desktop/2024_UWR/install/ros2-driver/share/ros2-driver/hook/cmake_prefix_path.ps1'
[1.159s] INFO:colcon.colcon_core.shell:Creating environment descriptor '/home/uwr/Desktop/2024_UWR/install/ros2-driver/share/ros2-driver/hook/cmake_prefix_path.dsv'
[1.159s] INFO:colcon.colcon_core.shell:Creating environment hook '/home/uwr/Desktop/2024_UWR/install/ros2-driver/share/ros2-driver/hook/cmake_prefix_path.sh'
[1.160s] Level 1:colcon.colcon_core.environment:checking '/home/uwr/Desktop/2024_UWR/install/ros2-driver/lib'
[1.160s] Level 1:colcon.colcon_core.environment:checking '/home/uwr/Desktop/2024_UWR/install/ros2-driver/bin'
[1.161s] Level 1:colcon.colcon_core.environment:checking '/home/uwr/Desktop/2024_UWR/install/ros2-driver/lib/pkgconfig/ros2-driver.pc'
[1.161s] Level 1:colcon.colcon_core.environment:checking '/home/uwr/Desktop/2024_UWR/install/ros2-driver/lib/python3.10/site-packages'
[1.161s] Level 1:colcon.colcon_core.environment:checking '/home/uwr/Desktop/2024_UWR/install/ros2-driver/bin'
[1.162s] INFO:colcon.colcon_core.shell:Creating package script '/home/uwr/Desktop/2024_UWR/install/ros2-driver/share/ros2-driver/package.ps1'
[1.163s] INFO:colcon.colcon_core.shell:Creating package descriptor '/home/uwr/Desktop/2024_UWR/install/ros2-driver/share/ros2-driver/package.dsv'
[1.164s] INFO:colcon.colcon_core.shell:Creating package script '/home/uwr/Desktop/2024_UWR/install/ros2-driver/share/ros2-driver/package.sh'
[1.165s] INFO:colcon.colcon_core.shell:Creating package script '/home/uwr/Desktop/2024_UWR/install/ros2-driver/share/ros2-driver/package.bash'
[1.165s] INFO:colcon.colcon_core.shell:Creating package script '/home/uwr/Desktop/2024_UWR/install/ros2-driver/share/ros2-driver/package.zsh'
[1.166s] Level 1:colcon.colcon_core.environment:create_file_with_runtime_dependencies(/home/uwr/Desktop/2024_UWR/install/ros2-driver/share/colcon-core/packages/ros2-driver)
[1.456s] DEBUG:colcon.colcon_core.event_handler.log_command:Invoked command in '/home/uwr/Desktop/2024_UWR/build/xsens_mti_ros2_driver' returned '0': CMAKE_PREFIX_PATH=${CMAKE_PREFIX_PATH}:/home/uwr/Desktop/2024_UWR/install/sonar_subs:/opt/ros/humble /usr/bin/cmake --build /home/uwr/Desktop/2024_UWR/build/xsens_mti_ros2_driver -- -j8 -l8
[1.459s] DEBUG:colcon.colcon_core.event_handler.log_command:Invoked command in '/home/uwr/Desktop/2024_UWR/build/sonar_msgs' returned '0': CMAKE_PREFIX_PATH=${CMAKE_PREFIX_PATH}:/home/uwr/Desktop/2024_UWR/install/sonar_subs:/opt/ros/humble /usr/bin/cmake --build /home/uwr/Desktop/2024_UWR/build/sonar_msgs -- -j8 -l8
[1.561s] DEBUG:colcon.colcon_core.event_handler.log_command:Invoking command in '/home/uwr/Desktop/2024_UWR/build/xsens_mti_ros2_driver': CMAKE_PREFIX_PATH=${CMAKE_PREFIX_PATH}:/home/uwr/Desktop/2024_UWR/install/sonar_subs:/opt/ros/humble /usr/bin/cmake --install /home/uwr/Desktop/2024_UWR/build/xsens_mti_ros2_driver
[1.593s] DEBUG:colcon.colcon_core.event_handler.log_command:Invoking command in '/home/uwr/Desktop/2024_UWR/build/sonar_msgs': CMAKE_PREFIX_PATH=${CMAKE_PREFIX_PATH}:/home/uwr/Desktop/2024_UWR/install/sonar_subs:/opt/ros/humble /usr/bin/cmake --install /home/uwr/Desktop/2024_UWR/build/sonar_msgs
[1.669s] Level 1:colcon.colcon_core.environment:create_environment_scripts_only(xsens_mti_ros2_driver)
[1.669s] Level 1:colcon.colcon_core.environment:checking '/home/uwr/Desktop/2024_UWR/install/xsens_mti_ros2_driver' for CMake module files
[1.670s] DEBUG:colcon.colcon_core.event_handler.log_command:Invoked command in '/home/uwr/Desktop/2024_UWR/build/xsens_mti_ros2_driver' returned '0': CMAKE_PREFIX_PATH=${CMAKE_PREFIX_PATH}:/home/uwr/Desktop/2024_UWR/install/sonar_subs:/opt/ros/humble /usr/bin/cmake --install /home/uwr/Desktop/2024_UWR/build/xsens_mti_ros2_driver
[1.671s] Level 1:colcon.colcon_core.environment:checking '/home/uwr/Desktop/2024_UWR/install/xsens_mti_ros2_driver' for CMake config files
[1.672s] Level 1:colcon.colcon_core.shell:create_environment_hook('xsens_mti_ros2_driver', 'cmake_prefix_path')
[1.672s] INFO:colcon.colcon_core.shell:Creating environment hook '/home/uwr/Desktop/2024_UWR/install/xsens_mti_ros2_driver/share/xsens_mti_ros2_driver/hook/cmake_prefix_path.ps1'
[1.674s] INFO:colcon.colcon_core.shell:Creating environment descriptor '/home/uwr/Desktop/2024_UWR/install/xsens_mti_ros2_driver/share/xsens_mti_ros2_driver/hook/cmake_prefix_path.dsv'
[1.674s] INFO:colcon.colcon_core.shell:Creating environment hook '/home/uwr/Desktop/2024_UWR/install/xsens_mti_ros2_driver/share/xsens_mti_ros2_driver/hook/cmake_prefix_path.sh'
[1.675s] Level 1:colcon.colcon_core.environment:checking '/home/uwr/Desktop/2024_UWR/install/xsens_mti_ros2_driver/lib'
[1.675s] Level 1:colcon.colcon_core.shell:create_environment_hook('xsens_mti_ros2_driver', 'ld_library_path_lib')
[1.676s] INFO:colcon.colcon_core.shell:Creating environment hook '/home/uwr/Desktop/2024_UWR/install/xsens_mti_ros2_driver/share/xsens_mti_ros2_driver/hook/ld_library_path_lib.ps1'
[1.676s] INFO:colcon.colcon_core.shell:Creating environment descriptor '/home/uwr/Desktop/2024_UWR/install/xsens_mti_ros2_driver/share/xsens_mti_ros2_driver/hook/ld_library_path_lib.dsv'
[1.677s] INFO:colcon.colcon_core.shell:Creating environment hook '/home/uwr/Desktop/2024_UWR/install/xsens_mti_ros2_driver/share/xsens_mti_ros2_driver/hook/ld_library_path_lib.sh'
[1.677s] Level 1:colcon.colcon_core.environment:checking '/home/uwr/Desktop/2024_UWR/install/xsens_mti_ros2_driver/bin'
[1.677s] Level 1:colcon.colcon_core.environment:checking '/home/uwr/Desktop/2024_UWR/install/xsens_mti_ros2_driver/lib/pkgconfig/xsens_mti_ros2_driver.pc'
[1.678s] Level 1:colcon.colcon_core.environment:checking '/home/uwr/Desktop/2024_UWR/install/xsens_mti_ros2_driver/lib/python3.10/site-packages'
[1.678s] Level 1:colcon.colcon_core.environment:checking '/home/uwr/Desktop/2024_UWR/install/xsens_mti_ros2_driver/bin'
[1.679s] INFO:colcon.colcon_core.shell:Creating package script '/home/uwr/Desktop/2024_UWR/install/xsens_mti_ros2_driver/share/xsens_mti_ros2_driver/package.ps1'
[1.679s] INFO:colcon.colcon_core.shell:Creating package descriptor '/home/uwr/Desktop/2024_UWR/install/xsens_mti_ros2_driver/share/xsens_mti_ros2_driver/package.dsv'
[1.680s] INFO:colcon.colcon_core.shell:Creating package script '/home/uwr/Desktop/2024_UWR/install/xsens_mti_ros2_driver/share/xsens_mti_ros2_driver/package.sh'
[1.681s] INFO:colcon.colcon_core.shell:Creating package script '/home/uwr/Desktop/2024_UWR/install/xsens_mti_ros2_driver/share/xsens_mti_ros2_driver/package.bash'
[1.682s] INFO:colcon.colcon_core.shell:Creating package script '/home/uwr/Desktop/2024_UWR/install/xsens_mti_ros2_driver/share/xsens_mti_ros2_driver/package.zsh'
[1.683s] Level 1:colcon.colcon_core.environment:create_file_with_runtime_dependencies(/home/uwr/Desktop/2024_UWR/install/xsens_mti_ros2_driver/share/colcon-core/packages/xsens_mti_ros2_driver)
[1.696s] Level 1:colcon.colcon_core.environment:create_environment_scripts_only(sonar_msgs)
[1.697s] Level 1:colcon.colcon_core.environment:checking '/home/uwr/Desktop/2024_UWR/install/sonar_msgs' for CMake module files
[1.698s] DEBUG:colcon.colcon_core.event_handler.log_command:Invoked command in '/home/uwr/Desktop/2024_UWR/build/sonar_msgs' returned '0': CMAKE_PREFIX_PATH=${CMAKE_PREFIX_PATH}:/home/uwr/Desktop/2024_UWR/install/sonar_subs:/opt/ros/humble /usr/bin/cmake --install /home/uwr/Desktop/2024_UWR/build/sonar_msgs
[1.699s] Level 1:colcon.colcon_core.environment:checking '/home/uwr/Desktop/2024_UWR/install/sonar_msgs' for CMake config files
[1.700s] Level 1:colcon.colcon_core.shell:create_environment_hook('sonar_msgs', 'cmake_prefix_path')
[1.701s] INFO:colcon.colcon_core.shell:Creating environment hook '/home/uwr/Desktop/2024_UWR/install/sonar_msgs/share/sonar_msgs/hook/cmake_prefix_path.ps1'
[1.702s] INFO:colcon.colcon_core.shell:Creating environment descriptor '/home/uwr/Desktop/2024_UWR/install/sonar_msgs/share/sonar_msgs/hook/cmake_prefix_path.dsv'
[1.702s] INFO:colcon.colcon_core.shell:Creating environment hook '/home/uwr/Desktop/2024_UWR/install/sonar_msgs/share/sonar_msgs/hook/cmake_prefix_path.sh'
[1.703s] Level 1:colcon.colcon_core.environment:checking '/home/uwr/Desktop/2024_UWR/install/sonar_msgs/lib'
[1.703s] Level 1:colcon.colcon_core.shell:create_environment_hook('sonar_msgs', 'ld_library_path_lib')
[1.704s] INFO:colcon.colcon_core.shell:Creating environment hook '/home/uwr/Desktop/2024_UWR/install/sonar_msgs/share/sonar_msgs/hook/ld_library_path_lib.ps1'
[1.704s] INFO:colcon.colcon_core.shell:Creating environment descriptor '/home/uwr/Desktop/2024_UWR/install/sonar_msgs/share/sonar_msgs/hook/ld_library_path_lib.dsv'
[1.705s] INFO:colcon.colcon_core.shell:Creating environment hook '/home/uwr/Desktop/2024_UWR/install/sonar_msgs/share/sonar_msgs/hook/ld_library_path_lib.sh'
[1.705s] Level 1:colcon.colcon_core.environment:checking '/home/uwr/Desktop/2024_UWR/install/sonar_msgs/bin'
[1.706s] Level 1:colcon.colcon_core.environment:checking '/home/uwr/Desktop/2024_UWR/install/sonar_msgs/lib/pkgconfig/sonar_msgs.pc'
[1.706s] Level 1:colcon.colcon_core.environment:checking '/home/uwr/Desktop/2024_UWR/install/sonar_msgs/lib/python3.10/site-packages'
[1.706s] Level 1:colcon.colcon_core.environment:checking '/home/uwr/Desktop/2024_UWR/install/sonar_msgs/bin'
[1.707s] INFO:colcon.colcon_core.shell:Creating package script '/home/uwr/Desktop/2024_UWR/install/sonar_msgs/share/sonar_msgs/package.ps1'
[1.708s] INFO:colcon.colcon_core.shell:Creating package descriptor '/home/uwr/Desktop/2024_UWR/install/sonar_msgs/share/sonar_msgs/package.dsv'
[1.708s] INFO:colcon.colcon_core.shell:Creating package script '/home/uwr/Desktop/2024_UWR/install/sonar_msgs/share/sonar_msgs/package.sh'
[1.709s] INFO:colcon.colcon_core.shell:Creating package script '/home/uwr/Desktop/2024_UWR/install/sonar_msgs/share/sonar_msgs/package.bash'
[1.710s] INFO:colcon.colcon_core.shell:Creating package script '/home/uwr/Desktop/2024_UWR/install/sonar_msgs/share/sonar_msgs/package.zsh'
[1.710s] Level 1:colcon.colcon_core.environment:create_file_with_runtime_dependencies(/home/uwr/Desktop/2024_UWR/install/sonar_msgs/share/colcon-core/packages/sonar_msgs)
[1.783s] Level 1:colcon.colcon_core.environment:create_environment_scripts_only(xsens_mti_ros2_driver)
[1.783s] Level 1:colcon.colcon_core.environment:checking '/home/uwr/Desktop/2024_UWR/install/xsens_mti_ros2_driver' for CMake module files
[1.784s] Level 1:colcon.colcon_core.environment:checking '/home/uwr/Desktop/2024_UWR/install/xsens_mti_ros2_driver' for CMake config files
[1.785s] Level 1:colcon.colcon_core.shell:create_environment_hook('xsens_mti_ros2_driver', 'cmake_prefix_path')
[1.785s] INFO:colcon.colcon_core.shell:Creating environment hook '/home/uwr/Desktop/2024_UWR/install/xsens_mti_ros2_driver/share/xsens_mti_ros2_driver/hook/cmake_prefix_path.ps1'
[1.786s] INFO:colcon.colcon_core.shell:Creating environment descriptor '/home/uwr/Desktop/2024_UWR/install/xsens_mti_ros2_driver/share/xsens_mti_ros2_driver/hook/cmake_prefix_path.dsv'
[1.786s] INFO:colcon.colcon_core.shell:Creating environment hook '/home/uwr/Desktop/2024_UWR/install/xsens_mti_ros2_driver/share/xsens_mti_ros2_driver/hook/cmake_prefix_path.sh'
[1.787s] Level 1:colcon.colcon_core.environment:checking '/home/uwr/Desktop/2024_UWR/install/xsens_mti_ros2_driver/lib'
[1.787s] Level 1:colcon.colcon_core.shell:create_environment_hook('xsens_mti_ros2_driver', 'ld_library_path_lib')
[1.788s] INFO:colcon.colcon_core.shell:Creating environment hook '/home/uwr/Desktop/2024_UWR/install/xsens_mti_ros2_driver/share/xsens_mti_ros2_driver/hook/ld_library_path_lib.ps1'
[1.788s] INFO:colcon.colcon_core.shell:Creating environment descriptor '/home/uwr/Desktop/2024_UWR/install/xsens_mti_ros2_driver/share/xsens_mti_ros2_driver/hook/ld_library_path_lib.dsv'
[1.789s] INFO:colcon.colcon_core.shell:Creating environment hook '/home/uwr/Desktop/2024_UWR/install/xsens_mti_ros2_driver/share/xsens_mti_ros2_driver/hook/ld_library_path_lib.sh'
[1.789s] Level 1:colcon.colcon_core.environment:checking '/home/uwr/Desktop/2024_UWR/install/xsens_mti_ros2_driver/bin'
[1.789s] Level 1:colcon.colcon_core.environment:checking '/home/uwr/Desktop/2024_UWR/install/xsens_mti_ros2_driver/lib/pkgconfig/xsens_mti_ros2_driver.pc'
[1.790s] Level 1:colcon.colcon_core.environment:checking '/home/uwr/Desktop/2024_UWR/install/xsens_mti_ros2_driver/lib/python3.10/site-packages'
[1.790s] Level 1:colcon.colcon_core.environment:checking '/home/uwr/Desktop/2024_UWR/install/xsens_mti_ros2_driver/bin'
[1.791s] INFO:colcon.colcon_core.shell:Creating package script '/home/uwr/Desktop/2024_UWR/install/xsens_mti_ros2_driver/share/xsens_mti_ros2_driver/package.ps1'
[1.792s] INFO:colcon.colcon_core.shell:Creating package descriptor '/home/uwr/Desktop/2024_UWR/install/xsens_mti_ros2_driver/share/xsens_mti_ros2_driver/package.dsv'
[1.792s] INFO:colcon.colcon_core.shell:Creating package script '/home/uwr/Desktop/2024_UWR/install/xsens_mti_ros2_driver/share/xsens_mti_ros2_driver/package.sh'
[1.793s] INFO:colcon.colcon_core.shell:Creating package script '/home/uwr/Desktop/2024_UWR/install/xsens_mti_ros2_driver/share/xsens_mti_ros2_driver/package.bash'
[1.794s] INFO:colcon.colcon_core.shell:Creating package script '/home/uwr/Desktop/2024_UWR/install/xsens_mti_ros2_driver/share/xsens_mti_ros2_driver/package.zsh'
[1.794s] Level 1:colcon.colcon_core.environment:create_file_with_runtime_dependencies(/home/uwr/Desktop/2024_UWR/install/xsens_mti_ros2_driver/share/colcon-core/packages/xsens_mti_ros2_driver)
[1.835s] Level 1:colcon.colcon_core.environment:create_environment_scripts_only(sonar_msgs)
[1.835s] Level 1:colcon.colcon_core.environment:checking '/home/uwr/Desktop/2024_UWR/install/sonar_msgs' for CMake module files
[1.836s] Level 1:colcon.colcon_core.environment:checking '/home/uwr/Desktop/2024_UWR/install/sonar_msgs' for CMake config files
[1.837s] Level 1:colcon.colcon_core.shell:create_environment_hook('sonar_msgs', 'cmake_prefix_path')
[1.837s] INFO:colcon.colcon_core.shell:Creating environment hook '/home/uwr/Desktop/2024_UWR/install/sonar_msgs/share/sonar_msgs/hook/cmake_prefix_path.ps1'
[1.837s] INFO:colcon.colcon_core.shell:Creating environment descriptor '/home/uwr/Desktop/2024_UWR/install/sonar_msgs/share/sonar_msgs/hook/cmake_prefix_path.dsv'
[1.838s] INFO:colcon.colcon_core.shell:Creating environment hook '/home/uwr/Desktop/2024_UWR/install/sonar_msgs/share/sonar_msgs/hook/cmake_prefix_path.sh'
[1.838s] Level 1:colcon.colcon_core.environment:checking '/home/uwr/Desktop/2024_UWR/install/sonar_msgs/lib'
[1.838s] Level 1:colcon.colcon_core.shell:create_environment_hook('sonar_msgs', 'ld_library_path_lib')
[1.839s] INFO:colcon.colcon_core.shell:Creating environment hook '/home/uwr/Desktop/2024_UWR/install/sonar_msgs/share/sonar_msgs/hook/ld_library_path_lib.ps1'
[1.839s] INFO:colcon.colcon_core.shell:Creating environment descriptor '/home/uwr/Desktop/2024_UWR/install/sonar_msgs/share/sonar_msgs/hook/ld_library_path_lib.dsv'
[1.839s] INFO:colcon.colcon_core.shell:Creating environment hook '/home/uwr/Desktop/2024_UWR/install/sonar_msgs/share/sonar_msgs/hook/ld_library_path_lib.sh'
[1.840s] Level 1:colcon.colcon_core.environment:checking '/home/uwr/Desktop/2024_UWR/install/sonar_msgs/bin'
[1.840s] Level 1:colcon.colcon_core.environment:checking '/home/uwr/Desktop/2024_UWR/install/sonar_msgs/lib/pkgconfig/sonar_msgs.pc'
[1.840s] Level 1:colcon.colcon_core.environment:checking '/home/uwr/Desktop/2024_UWR/install/sonar_msgs/lib/python3.10/site-packages'
[1.840s] Level 1:colcon.colcon_core.environment:checking '/home/uwr/Desktop/2024_UWR/install/sonar_msgs/bin'
[1.841s] INFO:colcon.colcon_core.shell:Creating package script '/home/uwr/Desktop/2024_UWR/install/sonar_msgs/share/sonar_msgs/package.ps1'
[1.841s] INFO:colcon.colcon_core.shell:Creating package descriptor '/home/uwr/Desktop/2024_UWR/install/sonar_msgs/share/sonar_msgs/package.dsv'
[1.842s] INFO:colcon.colcon_core.shell:Creating package script '/home/uwr/Desktop/2024_UWR/install/sonar_msgs/share/sonar_msgs/package.sh'
[1.842s] INFO:colcon.colcon_core.shell:Creating package script '/home/uwr/Desktop/2024_UWR/install/sonar_msgs/share/sonar_msgs/package.bash'
[1.843s] INFO:colcon.colcon_core.shell:Creating package script '/home/uwr/Desktop/2024_UWR/install/sonar_msgs/share/sonar_msgs/package.zsh'
[1.843s] Level 1:colcon.colcon_core.environment:create_file_with_runtime_dependencies(/home/uwr/Desktop/2024_UWR/install/sonar_msgs/share/colcon-core/packages/sonar_msgs)
[1.844s] INFO:colcon.colcon_ros.task.ament_cmake.build:Building ROS package in '/home/uwr/Desktop/2024_UWR/src/kalman_filter' with build type 'ament_cmake'
[1.844s] INFO:colcon.colcon_cmake.task.cmake.build:Building CMake package in '/home/uwr/Desktop/2024_UWR/src/kalman_filter'
[1.844s] INFO:colcon.colcon_core.shell:Skip shell extension 'powershell' for command environment: Not usable outside of PowerShell
[1.844s] DEBUG:colcon.colcon_core.shell:Skip shell extension 'dsv' for command environment
[1.849s] INFO:colcon.colcon_ros.task.ament_python.build:Building ROS package in '/home/uwr/Desktop/2024_UWR/src/sonar_subs' with build type 'ament_python'
[1.849s] Level 1:colcon.colcon_core.shell:create_environment_hook('sonar_subs', 'ament_prefix_path')
[1.850s] INFO:colcon.colcon_core.shell:Creating environment hook '/home/uwr/Desktop/2024_UWR/install/sonar_subs/share/sonar_subs/hook/ament_prefix_path.ps1'
[1.850s] INFO:colcon.colcon_core.shell:Creating environment descriptor '/home/uwr/Desktop/2024_UWR/install/sonar_subs/share/sonar_subs/hook/ament_prefix_path.dsv'
[1.851s] INFO:colcon.colcon_core.shell:Creating environment hook '/home/uwr/Desktop/2024_UWR/install/sonar_subs/share/sonar_subs/hook/ament_prefix_path.sh'
[1.852s] INFO:colcon.colcon_core.shell:Skip shell extension 'powershell' for command environment: Not usable outside of PowerShell
[1.852s] DEBUG:colcon.colcon_core.shell:Skip shell extension 'dsv' for command environment
[1.866s] DEBUG:colcon.colcon_core.event_handler.log_command:Invoking command in '/home/uwr/Desktop/2024_UWR/build/kalman_filter': CMAKE_PREFIX_PATH=/home/uwr/Desktop/2024_UWR/install/sonar_msgs:/home/uwr/Desktop/2024_UWR/install/xsens_mti_ros2_driver:/home/uwr/Desktop/2024_UWR/install/kalman_filter:/home/uwr/Desktop/2024_UWR/install/ntrip:/home/uwr/Desktop/2024_UWR/install/adnav-driver:/home/uwr/Desktop/2024_UWR/install/sonar_subs:/opt/ros/humble LD_LIBRARY_PATH=/home/uwr/Desktop/2024_UWR/install/sonar_msgs/lib:/home/uwr/Desktop/2024_UWR/install/xsens_mti_ros2_driver/lib:/opt/ros/humble/opt/rviz_ogre_vendor/lib:/opt/ros/humble/lib/x86_64-linux-gnu:/opt/ros/humble/lib /usr/bin/cmake --build /home/uwr/Desktop/2024_UWR/build/kalman_filter -- -j8 -l8
[2.284s] INFO:colcon.colcon_core.task.python.build:Building Python package in '/home/uwr/Desktop/2024_UWR/src/sonar_subs'
[2.285s] INFO:colcon.colcon_core.shell:Skip shell extension 'powershell' for command environment: Not usable outside of PowerShell
[2.285s] DEBUG:colcon.colcon_core.shell:Skip shell extension 'dsv' for command environment
[2.834s] DEBUG:colcon.colcon_core.event_handler.log_command:Invoking command in '/home/uwr/Desktop/2024_UWR/src/sonar_subs': CMAKE_PREFIX_PATH=/home/uwr/Desktop/2024_UWR/install/sonar_msgs:/home/uwr/Desktop/2024_UWR/install/xsens_mti_ros2_driver:/home/uwr/Desktop/2024_UWR/install/kalman_filter:/home/uwr/Desktop/2024_UWR/install/ntrip:/home/uwr/Desktop/2024_UWR/install/adnav-driver LD_LIBRARY_PATH=/home/uwr/Desktop/2024_UWR/install/sonar_msgs/lib:/home/uwr/Desktop/2024_UWR/install/xsens_mti_ros2_driver/lib:/opt/ros/humble/opt/rviz_ogre_vendor/lib:/opt/ros/humble/lib/x86_64-linux-gnu:/opt/ros/humble/lib PYTHONPATH=/home/uwr/Desktop/2024_UWR/build/sonar_subs/prefix_override:/usr/lib/python3/dist-packages/colcon_core/task/python/colcon_distutils_commands:/home/uwr/Desktop/2024_UWR/install/sonar_subs/lib/python3.10/site-packages:${PYTHONPATH} /usr/bin/python3 -W ignore:setup.py install is deprecated setup.py egg_info --egg-base ../../build/sonar_subs build --build-base /home/uwr/Desktop/2024_UWR/build/sonar_subs/build install --record /home/uwr/Desktop/2024_UWR/build/sonar_subs/install.log --single-version-externally-managed install_data
[3.313s] Level 1:colcon.colcon_core.environment:checking '/home/uwr/Desktop/2024_UWR/install/sonar_subs' for CMake module files
[3.314s] DEBUG:colcon.colcon_core.event_handler.log_command:Invoked command in '/home/uwr/Desktop/2024_UWR/src/sonar_subs' returned '0': CMAKE_PREFIX_PATH=/home/uwr/Desktop/2024_UWR/install/sonar_msgs:/home/uwr/Desktop/2024_UWR/install/xsens_mti_ros2_driver:/home/uwr/Desktop/2024_UWR/install/kalman_filter:/home/uwr/Desktop/2024_UWR/install/ntrip:/home/uwr/Desktop/2024_UWR/install/adnav-driver LD_LIBRARY_PATH=/home/uwr/Desktop/2024_UWR/install/sonar_msgs/lib:/home/uwr/Desktop/2024_UWR/install/xsens_mti_ros2_driver/lib:/opt/ros/humble/opt/rviz_ogre_vendor/lib:/opt/ros/humble/lib/x86_64-linux-gnu:/opt/ros/humble/lib PYTHONPATH=/home/uwr/Desktop/2024_UWR/build/sonar_subs/prefix_override:/usr/lib/python3/dist-packages/colcon_core/task/python/colcon_distutils_commands:/home/uwr/Desktop/2024_UWR/install/sonar_subs/lib/python3.10/site-packages:${PYTHONPATH} /usr/bin/python3 -W ignore:setup.py install is deprecated setup.py egg_info --egg-base ../../build/sonar_subs build --build-base /home/uwr/Desktop/2024_UWR/build/sonar_subs/build install --record /home/uwr/Desktop/2024_UWR/build/sonar_subs/install.log --single-version-externally-managed install_data
[3.315s] Level 1:colcon.colcon_core.environment:checking '/home/uwr/Desktop/2024_UWR/install/sonar_subs' for CMake config files
[3.315s] Level 1:colcon.colcon_core.environment:checking '/home/uwr/Desktop/2024_UWR/install/sonar_subs/lib'
[3.316s] Level 1:colcon.colcon_core.environment:checking '/home/uwr/Desktop/2024_UWR/install/sonar_subs/bin'
[3.316s] Level 1:colcon.colcon_core.environment:checking '/home/uwr/Desktop/2024_UWR/install/sonar_subs/lib/pkgconfig/sonar_subs.pc'
[3.316s] Level 1:colcon.colcon_core.environment:checking '/home/uwr/Desktop/2024_UWR/install/sonar_subs/lib/python3.10/site-packages'
[3.316s] Level 1:colcon.colcon_core.shell:create_environment_hook('sonar_subs', 'pythonpath')
[3.317s] INFO:colcon.colcon_core.shell:Creating environment hook '/home/uwr/Desktop/2024_UWR/install/sonar_subs/share/sonar_subs/hook/pythonpath.ps1'
[3.317s] INFO:colcon.colcon_core.shell:Creating environment descriptor '/home/uwr/Desktop/2024_UWR/install/sonar_subs/share/sonar_subs/hook/pythonpath.dsv'
[3.318s] INFO:colcon.colcon_core.shell:Creating environment hook '/home/uwr/Desktop/2024_UWR/install/sonar_subs/share/sonar_subs/hook/pythonpath.sh'
[3.318s] Level 1:colcon.colcon_core.environment:checking '/home/uwr/Desktop/2024_UWR/install/sonar_subs/bin'
[3.318s] Level 1:colcon.colcon_core.environment:create_environment_scripts_only(sonar_subs)
[3.319s] INFO:colcon.colcon_core.shell:Creating package script '/home/uwr/Desktop/2024_UWR/install/sonar_subs/share/sonar_subs/package.ps1'
[3.320s] INFO:colcon.colcon_core.shell:Creating package descriptor '/home/uwr/Desktop/2024_UWR/install/sonar_subs/share/sonar_subs/package.dsv'
[3.320s] INFO:colcon.colcon_core.shell:Creating package script '/home/uwr/Desktop/2024_UWR/install/sonar_subs/share/sonar_subs/package.sh'
[3.321s] INFO:colcon.colcon_core.shell:Creating package script '/home/uwr/Desktop/2024_UWR/install/sonar_subs/share/sonar_subs/package.bash'
[3.321s] INFO:colcon.colcon_core.shell:Creating package script '/home/uwr/Desktop/2024_UWR/install/sonar_subs/share/sonar_subs/package.zsh'
[3.322s] Level 1:colcon.colcon_core.environment:create_file_with_runtime_dependencies(/home/uwr/Desktop/2024_UWR/install/sonar_subs/share/colcon-core/packages/sonar_subs)
[23.737s] DEBUG:colcon.colcon_core.event_handler.log_command:Invoked command in '/home/uwr/Desktop/2024_UWR/build/kalman_filter' returned '0': CMAKE_PREFIX_PATH=/home/uwr/Desktop/2024_UWR/install/sonar_msgs:/home/uwr/Desktop/2024_UWR/install/xsens_mti_ros2_driver:/home/uwr/Desktop/2024_UWR/install/kalman_filter:/home/uwr/Desktop/2024_UWR/install/ntrip:/home/uwr/Desktop/2024_UWR/install/adnav-driver:/home/uwr/Desktop/2024_UWR/install/sonar_subs:/opt/ros/humble LD_LIBRARY_PATH=/home/uwr/Desktop/2024_UWR/install/sonar_msgs/lib:/home/uwr/Desktop/2024_UWR/install/xsens_mti_ros2_driver/lib:/opt/ros/humble/opt/rviz_ogre_vendor/lib:/opt/ros/humble/lib/x86_64-linux-gnu:/opt/ros/humble/lib /usr/bin/cmake --build /home/uwr/Desktop/2024_UWR/build/kalman_filter -- -j8 -l8
[23.790s] DEBUG:colcon.colcon_core.event_handler.log_command:Invoking command in '/home/uwr/Desktop/2024_UWR/build/kalman_filter': CMAKE_PREFIX_PATH=/home/uwr/Desktop/2024_UWR/install/sonar_msgs:/home/uwr/Desktop/2024_UWR/install/xsens_mti_ros2_driver:/home/uwr/Desktop/2024_UWR/install/kalman_filter:/home/uwr/Desktop/2024_UWR/install/ntrip:/home/uwr/Desktop/2024_UWR/install/adnav-driver:/home/uwr/Desktop/2024_UWR/install/sonar_subs:/opt/ros/humble LD_LIBRARY_PATH=/home/uwr/Desktop/2024_UWR/install/sonar_msgs/lib:/home/uwr/Desktop/2024_UWR/install/xsens_mti_ros2_driver/lib:/opt/ros/humble/opt/rviz_ogre_vendor/lib:/opt/ros/humble/lib/x86_64-linux-gnu:/opt/ros/humble/lib /usr/bin/cmake --install /home/uwr/Desktop/2024_UWR/build/kalman_filter
[23.813s] Level 1:colcon.colcon_core.environment:create_environment_scripts_only(kalman_filter)
[23.814s] Level 1:colcon.colcon_core.environment:checking '/home/uwr/Desktop/2024_UWR/install/kalman_filter' for CMake module files
[23.815s] DEBUG:colcon.colcon_core.event_handler.log_command:Invoked command in '/home/uwr/Desktop/2024_UWR/build/kalman_filter' returned '0': CMAKE_PREFIX_PATH=/home/uwr/Desktop/2024_UWR/install/sonar_msgs:/home/uwr/Desktop/2024_UWR/install/xsens_mti_ros2_driver:/home/uwr/Desktop/2024_UWR/install/kalman_filter:/home/uwr/Desktop/2024_UWR/install/ntrip:/home/uwr/Desktop/2024_UWR/install/adnav-driver:/home/uwr/Desktop/2024_UWR/install/sonar_subs:/opt/ros/humble LD_LIBRARY_PATH=/home/uwr/Desktop/2024_UWR/install/sonar_msgs/lib:/home/uwr/Desktop/2024_UWR/install/xsens_mti_ros2_driver/lib:/opt/ros/humble/opt/rviz_ogre_vendor/lib:/opt/ros/humble/lib/x86_64-linux-gnu:/opt/ros/humble/lib /usr/bin/cmake --install /home/uwr/Desktop/2024_UWR/build/kalman_filter
[23.816s] Level 1:colcon.colcon_core.environment:checking '/home/uwr/Desktop/2024_UWR/install/kalman_filter' for CMake config files
[23.816s] Level 1:colcon.colcon_core.shell:create_environment_hook('kalman_filter', 'cmake_prefix_path')
[23.816s] INFO:colcon.colcon_core.shell:Creating environment hook '/home/uwr/Desktop/2024_UWR/install/kalman_filter/share/kalman_filter/hook/cmake_prefix_path.ps1'
[23.817s] INFO:colcon.colcon_core.shell:Creating environment descriptor '/home/uwr/Desktop/2024_UWR/install/kalman_filter/share/kalman_filter/hook/cmake_prefix_path.dsv'
[23.817s] INFO:colcon.colcon_core.shell:Creating environment hook '/home/uwr/Desktop/2024_UWR/install/kalman_filter/share/kalman_filter/hook/cmake_prefix_path.sh'
[23.818s] Level 1:colcon.colcon_core.environment:checking '/home/uwr/Desktop/2024_UWR/install/kalman_filter/lib'
[23.818s] Level 1:colcon.colcon_core.environment:checking '/home/uwr/Desktop/2024_UWR/install/kalman_filter/bin'
[23.818s] Level 1:colcon.colcon_core.environment:checking '/home/uwr/Desktop/2024_UWR/install/kalman_filter/lib/pkgconfig/kalman_filter.pc'
[23.818s] Level 1:colcon.colcon_core.environment:checking '/home/uwr/Desktop/2024_UWR/install/kalman_filter/lib/python3.10/site-packages'
[23.819s] Level 1:colcon.colcon_core.environment:checking '/home/uwr/Desktop/2024_UWR/install/kalman_filter/bin'
[23.819s] INFO:colcon.colcon_core.shell:Creating package script '/home/uwr/Desktop/2024_UWR/install/kalman_filter/share/kalman_filter/package.ps1'
[23.820s] INFO:colcon.colcon_core.shell:Creating package descriptor '/home/uwr/Desktop/2024_UWR/install/kalman_filter/share/kalman_filter/package.dsv'
[23.820s] INFO:colcon.colcon_core.shell:Creating package script '/home/uwr/Desktop/2024_UWR/install/kalman_filter/share/kalman_filter/package.sh'
[23.821s] INFO:colcon.colcon_core.shell:Creating package script '/home/uwr/Desktop/2024_UWR/install/kalman_filter/share/kalman_filter/package.bash'
[23.821s] INFO:colcon.colcon_core.shell:Creating package script '/home/uwr/Desktop/2024_UWR/install/kalman_filter/share/kalman_filter/package.zsh'
[23.821s] Level 1:colcon.colcon_core.environment:create_file_with_runtime_dependencies(/home/uwr/Desktop/2024_UWR/install/kalman_filter/share/colcon-core/packages/kalman_filter)
[23.875s] Level 1:colcon.colcon_core.environment:create_environment_scripts_only(kalman_filter)
[23.875s] Level 1:colcon.colcon_core.environment:checking '/home/uwr/Desktop/2024_UWR/install/kalman_filter' for CMake module files
[23.876s] Level 1:colcon.colcon_core.environment:checking '/home/uwr/Desktop/2024_UWR/install/kalman_filter' for CMake config files
[23.876s] Level 1:colcon.colcon_core.shell:create_environment_hook('kalman_filter', 'cmake_prefix_path')
[23.876s] INFO:colcon.colcon_core.shell:Creating environment hook '/home/uwr/Desktop/2024_UWR/install/kalman_filter/share/kalman_filter/hook/cmake_prefix_path.ps1'
[23.877s] INFO:colcon.colcon_core.shell:Creating environment descriptor '/home/uwr/Desktop/2024_UWR/install/kalman_filter/share/kalman_filter/hook/cmake_prefix_path.dsv'
[23.877s] INFO:colcon.colcon_core.shell:Creating environment hook '/home/uwr/Desktop/2024_UWR/install/kalman_filter/share/kalman_filter/hook/cmake_prefix_path.sh'
[23.878s] Level 1:colcon.colcon_core.environment:checking '/home/uwr/Desktop/2024_UWR/install/kalman_filter/lib'
[23.878s] Level 1:colcon.colcon_core.environment:checking '/home/uwr/Desktop/2024_UWR/install/kalman_filter/bin'
[23.878s] Level 1:colcon.colcon_core.environment:checking '/home/uwr/Desktop/2024_UWR/install/kalman_filter/lib/pkgconfig/kalman_filter.pc'
[23.878s] Level 1:colcon.colcon_core.environment:checking '/home/uwr/Desktop/2024_UWR/install/kalman_filter/lib/python3.10/site-packages'
[23.879s] Level 1:colcon.colcon_core.environment:checking '/home/uwr/Desktop/2024_UWR/install/kalman_filter/bin'
[23.879s] INFO:colcon.colcon_core.shell:Creating package script '/home/uwr/Desktop/2024_UWR/install/kalman_filter/share/kalman_filter/package.ps1'
[23.879s] INFO:colcon.colcon_core.shell:Creating package descriptor '/home/uwr/Desktop/2024_UWR/install/kalman_filter/share/kalman_filter/package.dsv'
[23.880s] INFO:colcon.colcon_core.shell:Creating package script '/home/uwr/Desktop/2024_UWR/install/kalman_filter/share/kalman_filter/package.sh'
[23.880s] INFO:colcon.colcon_core.shell:Creating package script '/home/uwr/Desktop/2024_UWR/install/kalman_filter/share/kalman_filter/package.bash'
[23.881s] INFO:colcon.colcon_core.shell:Creating package script '/home/uwr/Desktop/2024_UWR/install/kalman_filter/share/kalman_filter/package.zsh'
[23.881s] Level 1:colcon.colcon_core.environment:create_file_with_runtime_dependencies(/home/uwr/Desktop/2024_UWR/install/kalman_filter/share/colcon-core/packages/kalman_filter)
[23.882s] DEBUG:colcon.colcon_parallel_executor.executor.parallel:closing loop
[23.882s] DEBUG:colcon.colcon_parallel_executor.executor.parallel:loop closed
[23.882s] DEBUG:colcon.colcon_parallel_executor.executor.parallel:run_until_complete finished with '0'
[23.882s] DEBUG:colcon.colcon_core.event_reactor:joining thread
[23.892s] INFO:colcon.colcon_core.plugin_system:Skipping extension 'colcon_notification.desktop_notification.terminal_notifier': Not used on non-Darwin systems
[23.892s] INFO:colcon.colcon_core.plugin_system:Skipping extension 'colcon_notification.desktop_notification.win32': Not used on non-Windows systems
[23.892s] INFO:colcon.colcon_notification.desktop_notification:Sending desktop notification using 'notify2'
[23.911s] DEBUG:colcon.colcon_core.event_reactor:joined thread
[23.911s] INFO:colcon.colcon_core.shell:Creating prefix script '/home/uwr/Desktop/2024_UWR/install/local_setup.ps1'
[23.913s] INFO:colcon.colcon_core.shell:Creating prefix util module '/home/uwr/Desktop/2024_UWR/install/_local_setup_util_ps1.py'
[23.915s] INFO:colcon.colcon_core.shell:Creating prefix chain script '/home/uwr/Desktop/2024_UWR/install/setup.ps1'
[23.918s] INFO:colcon.colcon_core.shell:Creating prefix script '/home/uwr/Desktop/2024_UWR/install/local_setup.sh'
[23.919s] INFO:colcon.colcon_core.shell:Creating prefix util module '/home/uwr/Desktop/2024_UWR/install/_local_setup_util_sh.py'
[23.920s] INFO:colcon.colcon_core.shell:Creating prefix chain script '/home/uwr/Desktop/2024_UWR/install/setup.sh'
[23.922s] INFO:colcon.colcon_core.shell:Creating prefix script '/home/uwr/Desktop/2024_UWR/install/local_setup.bash'
[23.923s] INFO:colcon.colcon_core.shell:Creating prefix chain script '/home/uwr/Desktop/2024_UWR/install/setup.bash'
[23.926s] INFO:colcon.colcon_core.shell:Creating prefix script '/home/uwr/Desktop/2024_UWR/install/local_setup.zsh'
[23.926s] INFO:colcon.colcon_core.shell:Creating prefix chain script '/home/uwr/Desktop/2024_UWR/install/setup.zsh'
