[0.017s] Invoking command in '/home/saab/Desktop/2024_UWR/build/sonar_msgs': CMAKE_PREFIX_PATH=${CMAKE_PREFIX_PATH}:/home/saab/Desktop/2024_UWR/install/sonar_subs:/opt/ros/humble CONDA_PROMPT_MODIFIER=(base) /usr/bin/cmake --build /home/saab/Desktop/2024_UWR/build/sonar_msgs -- -j24 -l24
[0.052s] [  2%] Built target sonar_msgs__cpp
[0.054s] [ 12%] Built target sonar_msgs__rosidl_generator_c
[0.061s] [ 12%] Built target ament_cmake_python_copy_sonar_msgs
[0.069s] [ 23%] Built target sonar_msgs__rosidl_typesupport_introspection_cpp
[0.070s] [ 34%] Built target sonar_msgs__rosidl_typesupport_c
[0.071s] [ 44%] Built target sonar_msgs__rosidl_typesupport_fastrtps_cpp
[0.071s] [ 55%] Built target sonar_msgs__rosidl_typesupport_cpp
[0.072s] [ 65%] Built target sonar_msgs__rosidl_typesupport_introspection_c
[0.072s] [ 76%] Built target sonar_msgs__rosidl_typesupport_fastrtps_c
[0.085s] [ 76%] Built target sonar_msgs
[0.098s] [ 78%] Built target sonar_msgs__py
[0.113s] [ 87%] Built target sonar_msgs__rosidl_generator_py
[0.127s] [ 91%] Built target sonar_msgs__rosidl_typesupport_fastrtps_c__pyext
[0.127s] [ 95%] Built target sonar_msgs__rosidl_typesupport_c__pyext
[0.127s] [100%] Built target sonar_msgs__rosidl_typesupport_introspection_c__pyext
[0.359s] running egg_info
[0.366s] writing manifest file 'sonar_msgs.egg-info/SOURCES.txt'
[0.383s] [100%] Built target ament_cmake_python_build_sonar_msgs_egg
[0.392s] Invoked command in '/home/saab/Desktop/2024_UWR/build/sonar_msgs' returned '0': CMAKE_PREFIX_PATH=${CMAKE_PREFIX_PATH}:/home/saab/Desktop/2024_UWR/install/sonar_subs:/opt/ros/humble CONDA_PROMPT_MODIFIER=(base) /usr/bin/cmake --build /home/saab/Desktop/2024_UWR/build/sonar_msgs -- -j24 -l24
[0.474s] Invoking command in '/home/saab/Desktop/2024_UWR/build/sonar_msgs': CMAKE_PREFIX_PATH=${CMAKE_PREFIX_PATH}:/home/saab/Desktop/2024_UWR/install/sonar_subs:/opt/ros/humble CONDA_PROMPT_MODIFIER=(base) /usr/bin/cmake --install /home/saab/Desktop/2024_UWR/build/sonar_msgs
[0.479s] -- Install configuration: ""
[0.479s] -- Up-to-date: /home/saab/Desktop/2024_UWR/install/sonar_msgs/share/ament_index/resource_index/rosidl_interfaces/sonar_msgs
[0.479s] -- Up-to-date: /home/saab/Desktop/2024_UWR/install/sonar_msgs/include/sonar_msgs/sonar_msgs
[0.479s] -- Up-to-date: /home/saab/Desktop/2024_UWR/install/sonar_msgs/include/sonar_msgs/sonar_msgs/msg
[0.480s] -- Up-to-date: /home/saab/Desktop/2024_UWR/install/sonar_msgs/include/sonar_msgs/sonar_msgs/msg/detail
[0.480s] -- Up-to-date: /home/saab/Desktop/2024_UWR/install/sonar_msgs/include/sonar_msgs/sonar_msgs/msg/detail/kf_values__functions.h
[0.480s] -- Up-to-date: /home/saab/Desktop/2024_UWR/install/sonar_msgs/include/sonar_msgs/sonar_msgs/msg/detail/three_sonar_depth__type_support.h
[0.480s] -- Up-to-date: /home/saab/Desktop/2024_UWR/install/sonar_msgs/include/sonar_msgs/sonar_msgs/msg/detail/kf_values__functions.c
[0.480s] -- Up-to-date: /home/saab/Desktop/2024_UWR/install/sonar_msgs/include/sonar_msgs/sonar_msgs/msg/detail/kf_values__type_support.h
[0.480s] -- Up-to-date: /home/saab/Desktop/2024_UWR/install/sonar_msgs/include/sonar_msgs/sonar_msgs/msg/detail/three_sonar_depth__struct.h
[0.480s] -- Up-to-date: /home/saab/Desktop/2024_UWR/install/sonar_msgs/include/sonar_msgs/sonar_msgs/msg/detail/kf_values__struct.h
[0.480s] -- Up-to-date: /home/saab/Desktop/2024_UWR/install/sonar_msgs/include/sonar_msgs/sonar_msgs/msg/detail/conf_scal__functions.h
[0.480s] -- Up-to-date: /home/saab/Desktop/2024_UWR/install/sonar_msgs/include/sonar_msgs/sonar_msgs/msg/detail/three_sonar_depth__functions.h
[0.480s] -- Up-to-date: /home/saab/Desktop/2024_UWR/install/sonar_msgs/include/sonar_msgs/sonar_msgs/msg/detail/conf_scal__struct.h
[0.480s] -- Up-to-date: /home/saab/Desktop/2024_UWR/install/sonar_msgs/include/sonar_msgs/sonar_msgs/msg/detail/three_sonar_depth__functions.c
[0.480s] -- Up-to-date: /home/saab/Desktop/2024_UWR/install/sonar_msgs/include/sonar_msgs/sonar_msgs/msg/detail/conf_scal__functions.c
[0.480s] -- Up-to-date: /home/saab/Desktop/2024_UWR/install/sonar_msgs/include/sonar_msgs/sonar_msgs/msg/detail/conf_scal__type_support.h
[0.480s] -- Up-to-date: /home/saab/Desktop/2024_UWR/install/sonar_msgs/include/sonar_msgs/sonar_msgs/msg/kf_values.h
[0.481s] -- Up-to-date: /home/saab/Desktop/2024_UWR/install/sonar_msgs/include/sonar_msgs/sonar_msgs/msg/conf_scal.h
[0.481s] -- Up-to-date: /home/saab/Desktop/2024_UWR/install/sonar_msgs/include/sonar_msgs/sonar_msgs/msg/three_sonar_depth.h
[0.481s] -- Up-to-date: /home/saab/Desktop/2024_UWR/install/sonar_msgs/include/sonar_msgs/sonar_msgs/msg/rosidl_generator_c__visibility_control.h
[0.481s] -- Up-to-date: /home/saab/Desktop/2024_UWR/install/sonar_msgs/share/sonar_msgs/environment/library_path.sh
[0.481s] -- Up-to-date: /home/saab/Desktop/2024_UWR/install/sonar_msgs/share/sonar_msgs/environment/library_path.dsv
[0.481s] -- Up-to-date: /home/saab/Desktop/2024_UWR/install/sonar_msgs/lib/libsonar_msgs__rosidl_generator_c.so
[0.481s] -- Up-to-date: /home/saab/Desktop/2024_UWR/install/sonar_msgs/include/sonar_msgs/sonar_msgs
[0.481s] -- Up-to-date: /home/saab/Desktop/2024_UWR/install/sonar_msgs/include/sonar_msgs/sonar_msgs/msg
[0.481s] -- Up-to-date: /home/saab/Desktop/2024_UWR/install/sonar_msgs/include/sonar_msgs/sonar_msgs/msg/detail
[0.481s] -- Up-to-date: /home/saab/Desktop/2024_UWR/install/sonar_msgs/include/sonar_msgs/sonar_msgs/msg/detail/kf_values__rosidl_typesupport_fastrtps_c.h
[0.481s] -- Up-to-date: /home/saab/Desktop/2024_UWR/install/sonar_msgs/include/sonar_msgs/sonar_msgs/msg/detail/three_sonar_depth__rosidl_typesupport_fastrtps_c.h
[0.481s] -- Up-to-date: /home/saab/Desktop/2024_UWR/install/sonar_msgs/include/sonar_msgs/sonar_msgs/msg/detail/conf_scal__rosidl_typesupport_fastrtps_c.h
[0.481s] -- Up-to-date: /home/saab/Desktop/2024_UWR/install/sonar_msgs/include/sonar_msgs/sonar_msgs/msg/rosidl_typesupport_fastrtps_c__visibility_control.h
[0.482s] -- Up-to-date: /home/saab/Desktop/2024_UWR/install/sonar_msgs/lib/libsonar_msgs__rosidl_typesupport_fastrtps_c.so
[0.482s] -- Up-to-date: /home/saab/Desktop/2024_UWR/install/sonar_msgs/include/sonar_msgs/sonar_msgs
[0.482s] -- Up-to-date: /home/saab/Desktop/2024_UWR/install/sonar_msgs/include/sonar_msgs/sonar_msgs/msg
[0.482s] -- Up-to-date: /home/saab/Desktop/2024_UWR/install/sonar_msgs/include/sonar_msgs/sonar_msgs/msg/detail
[0.482s] -- Up-to-date: /home/saab/Desktop/2024_UWR/install/sonar_msgs/include/sonar_msgs/sonar_msgs/msg/detail/conf_scal__traits.hpp
[0.482s] -- Up-to-date: /home/saab/Desktop/2024_UWR/install/sonar_msgs/include/sonar_msgs/sonar_msgs/msg/detail/three_sonar_depth__traits.hpp
[0.482s] -- Up-to-date: /home/saab/Desktop/2024_UWR/install/sonar_msgs/include/sonar_msgs/sonar_msgs/msg/detail/three_sonar_depth__builder.hpp
[0.482s] -- Up-to-date: /home/saab/Desktop/2024_UWR/install/sonar_msgs/include/sonar_msgs/sonar_msgs/msg/detail/conf_scal__builder.hpp
[0.482s] -- Up-to-date: /home/saab/Desktop/2024_UWR/install/sonar_msgs/include/sonar_msgs/sonar_msgs/msg/detail/kf_values__traits.hpp
[0.482s] -- Up-to-date: /home/saab/Desktop/2024_UWR/install/sonar_msgs/include/sonar_msgs/sonar_msgs/msg/detail/conf_scal__struct.hpp
[0.482s] -- Up-to-date: /home/saab/Desktop/2024_UWR/install/sonar_msgs/include/sonar_msgs/sonar_msgs/msg/detail/kf_values__builder.hpp
[0.482s] -- Up-to-date: /home/saab/Desktop/2024_UWR/install/sonar_msgs/include/sonar_msgs/sonar_msgs/msg/detail/three_sonar_depth__struct.hpp
[0.482s] -- Up-to-date: /home/saab/Desktop/2024_UWR/install/sonar_msgs/include/sonar_msgs/sonar_msgs/msg/detail/kf_values__struct.hpp
[0.482s] -- Up-to-date: /home/saab/Desktop/2024_UWR/install/sonar_msgs/include/sonar_msgs/sonar_msgs/msg/kf_values.hpp
[0.482s] -- Up-to-date: /home/saab/Desktop/2024_UWR/install/sonar_msgs/include/sonar_msgs/sonar_msgs/msg/three_sonar_depth.hpp
[0.482s] -- Up-to-date: /home/saab/Desktop/2024_UWR/install/sonar_msgs/include/sonar_msgs/sonar_msgs/msg/conf_scal.hpp
[0.482s] -- Up-to-date: /home/saab/Desktop/2024_UWR/install/sonar_msgs/include/sonar_msgs/sonar_msgs
[0.483s] -- Up-to-date: /home/saab/Desktop/2024_UWR/install/sonar_msgs/include/sonar_msgs/sonar_msgs/msg
[0.483s] -- Up-to-date: /home/saab/Desktop/2024_UWR/install/sonar_msgs/include/sonar_msgs/sonar_msgs/msg/rosidl_typesupport_fastrtps_cpp__visibility_control.h
[0.483s] -- Up-to-date: /home/saab/Desktop/2024_UWR/install/sonar_msgs/include/sonar_msgs/sonar_msgs/msg/detail
[0.483s] -- Up-to-date: /home/saab/Desktop/2024_UWR/install/sonar_msgs/include/sonar_msgs/sonar_msgs/msg/detail/three_sonar_depth__rosidl_typesupport_fastrtps_cpp.hpp
[0.483s] -- Up-to-date: /home/saab/Desktop/2024_UWR/install/sonar_msgs/include/sonar_msgs/sonar_msgs/msg/detail/dds_fastrtps
[0.483s] -- Up-to-date: /home/saab/Desktop/2024_UWR/install/sonar_msgs/include/sonar_msgs/sonar_msgs/msg/detail/kf_values__rosidl_typesupport_fastrtps_cpp.hpp
[0.483s] -- Up-to-date: /home/saab/Desktop/2024_UWR/install/sonar_msgs/include/sonar_msgs/sonar_msgs/msg/detail/conf_scal__rosidl_typesupport_fastrtps_cpp.hpp
[0.483s] -- Up-to-date: /home/saab/Desktop/2024_UWR/install/sonar_msgs/lib/libsonar_msgs__rosidl_typesupport_fastrtps_cpp.so
[0.483s] -- Up-to-date: /home/saab/Desktop/2024_UWR/install/sonar_msgs/include/sonar_msgs/sonar_msgs
[0.483s] -- Up-to-date: /home/saab/Desktop/2024_UWR/install/sonar_msgs/include/sonar_msgs/sonar_msgs/msg
[0.483s] -- Up-to-date: /home/saab/Desktop/2024_UWR/install/sonar_msgs/include/sonar_msgs/sonar_msgs/msg/detail
[0.483s] -- Up-to-date: /home/saab/Desktop/2024_UWR/install/sonar_msgs/include/sonar_msgs/sonar_msgs/msg/detail/conf_scal__type_support.c
[0.483s] -- Up-to-date: /home/saab/Desktop/2024_UWR/install/sonar_msgs/include/sonar_msgs/sonar_msgs/msg/detail/three_sonar_depth__rosidl_typesupport_introspection_c.h
[0.484s] -- Up-to-date: /home/saab/Desktop/2024_UWR/install/sonar_msgs/include/sonar_msgs/sonar_msgs/msg/detail/kf_values__type_support.c
[0.484s] -- Up-to-date: /home/saab/Desktop/2024_UWR/install/sonar_msgs/include/sonar_msgs/sonar_msgs/msg/detail/conf_scal__rosidl_typesupport_introspection_c.h
[0.484s] -- Up-to-date: /home/saab/Desktop/2024_UWR/install/sonar_msgs/include/sonar_msgs/sonar_msgs/msg/detail/kf_values__rosidl_typesupport_introspection_c.h
[0.484s] -- Up-to-date: /home/saab/Desktop/2024_UWR/install/sonar_msgs/include/sonar_msgs/sonar_msgs/msg/detail/three_sonar_depth__type_support.c
[0.484s] -- Up-to-date: /home/saab/Desktop/2024_UWR/install/sonar_msgs/include/sonar_msgs/sonar_msgs/msg/rosidl_typesupport_introspection_c__visibility_control.h
[0.484s] -- Up-to-date: /home/saab/Desktop/2024_UWR/install/sonar_msgs/lib/libsonar_msgs__rosidl_typesupport_introspection_c.so
[0.484s] -- Up-to-date: /home/saab/Desktop/2024_UWR/install/sonar_msgs/lib/libsonar_msgs__rosidl_typesupport_c.so
[0.484s] -- Up-to-date: /home/saab/Desktop/2024_UWR/install/sonar_msgs/include/sonar_msgs/sonar_msgs
[0.484s] -- Up-to-date: /home/saab/Desktop/2024_UWR/install/sonar_msgs/include/sonar_msgs/sonar_msgs/msg
[0.484s] -- Up-to-date: /home/saab/Desktop/2024_UWR/install/sonar_msgs/include/sonar_msgs/sonar_msgs/msg/detail
[0.484s] -- Up-to-date: /home/saab/Desktop/2024_UWR/install/sonar_msgs/include/sonar_msgs/sonar_msgs/msg/detail/three_sonar_depth__type_support.cpp
[0.484s] -- Up-to-date: /home/saab/Desktop/2024_UWR/install/sonar_msgs/include/sonar_msgs/sonar_msgs/msg/detail/three_sonar_depth__rosidl_typesupport_introspection_cpp.hpp
[0.484s] -- Up-to-date: /home/saab/Desktop/2024_UWR/install/sonar_msgs/include/sonar_msgs/sonar_msgs/msg/detail/kf_values__type_support.cpp
[0.484s] -- Up-to-date: /home/saab/Desktop/2024_UWR/install/sonar_msgs/include/sonar_msgs/sonar_msgs/msg/detail/kf_values__rosidl_typesupport_introspection_cpp.hpp
[0.484s] -- Up-to-date: /home/saab/Desktop/2024_UWR/install/sonar_msgs/include/sonar_msgs/sonar_msgs/msg/detail/conf_scal__type_support.cpp
[0.484s] -- Up-to-date: /home/saab/Desktop/2024_UWR/install/sonar_msgs/include/sonar_msgs/sonar_msgs/msg/detail/conf_scal__rosidl_typesupport_introspection_cpp.hpp
[0.485s] -- Up-to-date: /home/saab/Desktop/2024_UWR/install/sonar_msgs/lib/libsonar_msgs__rosidl_typesupport_introspection_cpp.so
[0.485s] -- Up-to-date: /home/saab/Desktop/2024_UWR/install/sonar_msgs/lib/libsonar_msgs__rosidl_typesupport_cpp.so
[0.485s] -- Up-to-date: /home/saab/Desktop/2024_UWR/install/sonar_msgs/share/sonar_msgs/environment/pythonpath.sh
[0.485s] -- Up-to-date: /home/saab/Desktop/2024_UWR/install/sonar_msgs/share/sonar_msgs/environment/pythonpath.dsv
[0.485s] -- Up-to-date: /home/saab/Desktop/2024_UWR/install/sonar_msgs/lib/python3.9/site-packages/sonar_msgs-0.0.0-py3.9.egg-info
[0.485s] -- Installing: /home/saab/Desktop/2024_UWR/install/sonar_msgs/lib/python3.9/site-packages/sonar_msgs-0.0.0-py3.9.egg-info/dependency_links.txt
[0.485s] -- Installing: /home/saab/Desktop/2024_UWR/install/sonar_msgs/lib/python3.9/site-packages/sonar_msgs-0.0.0-py3.9.egg-info/top_level.txt
[0.485s] -- Installing: /home/saab/Desktop/2024_UWR/install/sonar_msgs/lib/python3.9/site-packages/sonar_msgs-0.0.0-py3.9.egg-info/SOURCES.txt
[0.485s] -- Installing: /home/saab/Desktop/2024_UWR/install/sonar_msgs/lib/python3.9/site-packages/sonar_msgs-0.0.0-py3.9.egg-info/PKG-INFO
[0.485s] -- Up-to-date: /home/saab/Desktop/2024_UWR/install/sonar_msgs/lib/python3.9/site-packages/sonar_msgs
[0.485s] -- Up-to-date: /home/saab/Desktop/2024_UWR/install/sonar_msgs/lib/python3.9/site-packages/sonar_msgs/_sonar_msgs_s.ep.rosidl_typesupport_introspection_c.c
[0.485s] -- Up-to-date: /home/saab/Desktop/2024_UWR/install/sonar_msgs/lib/python3.9/site-packages/sonar_msgs/sonar_msgs_s__rosidl_typesupport_fastrtps_c.cpython-39-x86_64-linux-gnu.so
[0.485s] -- Up-to-date: /home/saab/Desktop/2024_UWR/install/sonar_msgs/lib/python3.9/site-packages/sonar_msgs/libsonar_msgs__rosidl_generator_py.so
[0.485s] -- Up-to-date: /home/saab/Desktop/2024_UWR/install/sonar_msgs/lib/python3.9/site-packages/sonar_msgs/msg
[0.485s] -- Up-to-date: /home/saab/Desktop/2024_UWR/install/sonar_msgs/lib/python3.9/site-packages/sonar_msgs/msg/_three_sonar_depth.py
[0.486s] -- Up-to-date: /home/saab/Desktop/2024_UWR/install/sonar_msgs/lib/python3.9/site-packages/sonar_msgs/msg/_kf_values_s.c
[0.486s] -- Up-to-date: /home/saab/Desktop/2024_UWR/install/sonar_msgs/lib/python3.9/site-packages/sonar_msgs/msg/_three_sonar_depth_s.c
[0.486s] -- Up-to-date: /home/saab/Desktop/2024_UWR/install/sonar_msgs/lib/python3.9/site-packages/sonar_msgs/msg/_conf_scal_s.c
[0.486s] -- Up-to-date: /home/saab/Desktop/2024_UWR/install/sonar_msgs/lib/python3.9/site-packages/sonar_msgs/msg/__init__.py
[0.486s] -- Up-to-date: /home/saab/Desktop/2024_UWR/install/sonar_msgs/lib/python3.9/site-packages/sonar_msgs/msg/_kf_values.py
[0.486s] -- Up-to-date: /home/saab/Desktop/2024_UWR/install/sonar_msgs/lib/python3.9/site-packages/sonar_msgs/msg/_conf_scal.py
[0.486s] -- Up-to-date: /home/saab/Desktop/2024_UWR/install/sonar_msgs/lib/python3.9/site-packages/sonar_msgs/__init__.py
[0.486s] -- Up-to-date: /home/saab/Desktop/2024_UWR/install/sonar_msgs/lib/python3.9/site-packages/sonar_msgs/_sonar_msgs_s.ep.rosidl_typesupport_fastrtps_c.c
[0.486s] -- Up-to-date: /home/saab/Desktop/2024_UWR/install/sonar_msgs/lib/python3.9/site-packages/sonar_msgs/sonar_msgs_s__rosidl_typesupport_introspection_c.cpython-39-x86_64-linux-gnu.so
[0.486s] -- Up-to-date: /home/saab/Desktop/2024_UWR/install/sonar_msgs/lib/python3.9/site-packages/sonar_msgs/_sonar_msgs_s.ep.rosidl_typesupport_c.c
[0.487s] -- Up-to-date: /home/saab/Desktop/2024_UWR/install/sonar_msgs/lib/python3.9/site-packages/sonar_msgs/sonar_msgs_s__rosidl_typesupport_c.cpython-39-x86_64-linux-gnu.so
[0.521s] Listing '/home/saab/Desktop/2024_UWR/install/sonar_msgs/lib/python3.9/site-packages/sonar_msgs'...
[0.521s] Listing '/home/saab/Desktop/2024_UWR/install/sonar_msgs/lib/python3.9/site-packages/sonar_msgs/msg'...
[0.526s] -- Up-to-date: /home/saab/Desktop/2024_UWR/install/sonar_msgs/lib/python3.9/site-packages/sonar_msgs/sonar_msgs_s__rosidl_typesupport_fastrtps_c.cpython-39-x86_64-linux-gnu.so
[0.526s] -- Up-to-date: /home/saab/Desktop/2024_UWR/install/sonar_msgs/lib/python3.9/site-packages/sonar_msgs/sonar_msgs_s__rosidl_typesupport_introspection_c.cpython-39-x86_64-linux-gnu.so
[0.526s] -- Up-to-date: /home/saab/Desktop/2024_UWR/install/sonar_msgs/lib/python3.9/site-packages/sonar_msgs/sonar_msgs_s__rosidl_typesupport_c.cpython-39-x86_64-linux-gnu.so
[0.527s] -- Up-to-date: /home/saab/Desktop/2024_UWR/install/sonar_msgs/lib/libsonar_msgs__rosidl_generator_py.so
[0.527s] -- Up-to-date: /home/saab/Desktop/2024_UWR/install/sonar_msgs/share/sonar_msgs/msg/ThreeSonarDepth.idl
[0.527s] -- Up-to-date: /home/saab/Desktop/2024_UWR/install/sonar_msgs/share/sonar_msgs/msg/ConfScal.idl
[0.527s] -- Up-to-date: /home/saab/Desktop/2024_UWR/install/sonar_msgs/share/sonar_msgs/msg/KfValues.idl
[0.527s] -- Up-to-date: /home/saab/Desktop/2024_UWR/install/sonar_msgs/share/sonar_msgs/msg/ThreeSonarDepth.msg
[0.527s] -- Up-to-date: /home/saab/Desktop/2024_UWR/install/sonar_msgs/share/sonar_msgs/msg/ConfScal.msg
[0.527s] -- Up-to-date: /home/saab/Desktop/2024_UWR/install/sonar_msgs/share/sonar_msgs/msg/KfValues.msg
[0.527s] -- Up-to-date: /home/saab/Desktop/2024_UWR/install/sonar_msgs/share/ament_index/resource_index/package_run_dependencies/sonar_msgs
[0.527s] -- Up-to-date: /home/saab/Desktop/2024_UWR/install/sonar_msgs/share/ament_index/resource_index/parent_prefix_path/sonar_msgs
[0.527s] -- Up-to-date: /home/saab/Desktop/2024_UWR/install/sonar_msgs/share/sonar_msgs/environment/ament_prefix_path.sh
[0.527s] -- Up-to-date: /home/saab/Desktop/2024_UWR/install/sonar_msgs/share/sonar_msgs/environment/ament_prefix_path.dsv
[0.527s] -- Up-to-date: /home/saab/Desktop/2024_UWR/install/sonar_msgs/share/sonar_msgs/environment/path.sh
[0.527s] -- Up-to-date: /home/saab/Desktop/2024_UWR/install/sonar_msgs/share/sonar_msgs/environment/path.dsv
[0.528s] -- Up-to-date: /home/saab/Desktop/2024_UWR/install/sonar_msgs/share/sonar_msgs/local_setup.bash
[0.528s] -- Up-to-date: /home/saab/Desktop/2024_UWR/install/sonar_msgs/share/sonar_msgs/local_setup.sh
[0.528s] -- Up-to-date: /home/saab/Desktop/2024_UWR/install/sonar_msgs/share/sonar_msgs/local_setup.zsh
[0.528s] -- Up-to-date: /home/saab/Desktop/2024_UWR/install/sonar_msgs/share/sonar_msgs/local_setup.dsv
[0.528s] -- Installing: /home/saab/Desktop/2024_UWR/install/sonar_msgs/share/sonar_msgs/package.dsv
[0.528s] -- Up-to-date: /home/saab/Desktop/2024_UWR/install/sonar_msgs/share/ament_index/resource_index/packages/sonar_msgs
[0.528s] -- Up-to-date: /home/saab/Desktop/2024_UWR/install/sonar_msgs/share/sonar_msgs/cmake/export_sonar_msgs__rosidl_generator_cExport.cmake
[0.528s] -- Up-to-date: /home/saab/Desktop/2024_UWR/install/sonar_msgs/share/sonar_msgs/cmake/export_sonar_msgs__rosidl_generator_cExport-noconfig.cmake
[0.528s] -- Up-to-date: /home/saab/Desktop/2024_UWR/install/sonar_msgs/share/sonar_msgs/cmake/export_sonar_msgs__rosidl_typesupport_fastrtps_cExport.cmake
[0.528s] -- Up-to-date: /home/saab/Desktop/2024_UWR/install/sonar_msgs/share/sonar_msgs/cmake/export_sonar_msgs__rosidl_typesupport_fastrtps_cExport-noconfig.cmake
[0.528s] -- Up-to-date: /home/saab/Desktop/2024_UWR/install/sonar_msgs/share/sonar_msgs/cmake/export_sonar_msgs__rosidl_generator_cppExport.cmake
[0.528s] -- Up-to-date: /home/saab/Desktop/2024_UWR/install/sonar_msgs/share/sonar_msgs/cmake/export_sonar_msgs__rosidl_typesupport_fastrtps_cppExport.cmake
[0.528s] -- Up-to-date: /home/saab/Desktop/2024_UWR/install/sonar_msgs/share/sonar_msgs/cmake/export_sonar_msgs__rosidl_typesupport_fastrtps_cppExport-noconfig.cmake
[0.528s] -- Up-to-date: /home/saab/Desktop/2024_UWR/install/sonar_msgs/share/sonar_msgs/cmake/sonar_msgs__rosidl_typesupport_introspection_cExport.cmake
[0.528s] -- Up-to-date: /home/saab/Desktop/2024_UWR/install/sonar_msgs/share/sonar_msgs/cmake/sonar_msgs__rosidl_typesupport_introspection_cExport-noconfig.cmake
[0.528s] -- Up-to-date: /home/saab/Desktop/2024_UWR/install/sonar_msgs/share/sonar_msgs/cmake/sonar_msgs__rosidl_typesupport_cExport.cmake
[0.529s] -- Up-to-date: /home/saab/Desktop/2024_UWR/install/sonar_msgs/share/sonar_msgs/cmake/sonar_msgs__rosidl_typesupport_cExport-noconfig.cmake
[0.529s] -- Up-to-date: /home/saab/Desktop/2024_UWR/install/sonar_msgs/share/sonar_msgs/cmake/sonar_msgs__rosidl_typesupport_introspection_cppExport.cmake
[0.529s] -- Up-to-date: /home/saab/Desktop/2024_UWR/install/sonar_msgs/share/sonar_msgs/cmake/sonar_msgs__rosidl_typesupport_introspection_cppExport-noconfig.cmake
[0.529s] -- Up-to-date: /home/saab/Desktop/2024_UWR/install/sonar_msgs/share/sonar_msgs/cmake/sonar_msgs__rosidl_typesupport_cppExport.cmake
[0.529s] -- Up-to-date: /home/saab/Desktop/2024_UWR/install/sonar_msgs/share/sonar_msgs/cmake/sonar_msgs__rosidl_typesupport_cppExport-noconfig.cmake
[0.529s] -- Up-to-date: /home/saab/Desktop/2024_UWR/install/sonar_msgs/share/sonar_msgs/cmake/export_sonar_msgs__rosidl_generator_pyExport.cmake
[0.529s] -- Up-to-date: /home/saab/Desktop/2024_UWR/install/sonar_msgs/share/sonar_msgs/cmake/export_sonar_msgs__rosidl_generator_pyExport-noconfig.cmake
[0.529s] -- Up-to-date: /home/saab/Desktop/2024_UWR/install/sonar_msgs/share/sonar_msgs/cmake/rosidl_cmake-extras.cmake
[0.529s] -- Up-to-date: /home/saab/Desktop/2024_UWR/install/sonar_msgs/share/sonar_msgs/cmake/ament_cmake_export_dependencies-extras.cmake
[0.529s] -- Up-to-date: /home/saab/Desktop/2024_UWR/install/sonar_msgs/share/sonar_msgs/cmake/ament_cmake_export_include_directories-extras.cmake
[0.529s] -- Up-to-date: /home/saab/Desktop/2024_UWR/install/sonar_msgs/share/sonar_msgs/cmake/ament_cmake_export_libraries-extras.cmake
[0.530s] -- Up-to-date: /home/saab/Desktop/2024_UWR/install/sonar_msgs/share/sonar_msgs/cmake/ament_cmake_export_targets-extras.cmake
[0.530s] -- Up-to-date: /home/saab/Desktop/2024_UWR/install/sonar_msgs/share/sonar_msgs/cmake/rosidl_cmake_export_typesupport_targets-extras.cmake
[0.530s] -- Up-to-date: /home/saab/Desktop/2024_UWR/install/sonar_msgs/share/sonar_msgs/cmake/rosidl_cmake_export_typesupport_libraries-extras.cmake
[0.530s] -- Up-to-date: /home/saab/Desktop/2024_UWR/install/sonar_msgs/share/sonar_msgs/cmake/sonar_msgsConfig.cmake
[0.530s] -- Up-to-date: /home/saab/Desktop/2024_UWR/install/sonar_msgs/share/sonar_msgs/cmake/sonar_msgsConfig-version.cmake
[0.530s] -- Up-to-date: /home/saab/Desktop/2024_UWR/install/sonar_msgs/share/sonar_msgs/package.xml
[0.534s] Invoked command in '/home/saab/Desktop/2024_UWR/build/sonar_msgs' returned '0': CMAKE_PREFIX_PATH=${CMAKE_PREFIX_PATH}:/home/saab/Desktop/2024_UWR/install/sonar_subs:/opt/ros/humble CONDA_PROMPT_MODIFIER=(base) /usr/bin/cmake --install /home/saab/Desktop/2024_UWR/build/sonar_msgs
