[0.019s] Invoking command in '/home/uwr/Desktop/2024_UWR/build/adnav-driver': CMAKE_PREFIX_PATH=${CMAKE_PREFIX_PATH}:/home/uwr/Desktop/2024_UWR/install/sonar_subs:/opt/ros/humble /usr/bin/cmake --build /home/uwr/Desktop/2024_UWR/build/adnav-driver -- -j8 -l8
[0.108s] [100%] Built target adnav_driver
[0.142s] Invoked command in '/home/uwr/Desktop/2024_UWR/build/adnav-driver' returned '0': CMAKE_PREFIX_PATH=${CMAKE_PREFIX_PATH}:/home/uwr/Desktop/2024_UWR/install/sonar_subs:/opt/ros/humble /usr/bin/cmake --build /home/uwr/Desktop/2024_UWR/build/adnav-driver -- -j8 -l8
[0.196s] Invoking command in '/home/uwr/Desktop/2024_UWR/build/adnav-driver': CMAKE_PREFIX_PATH=${CMAKE_PREFIX_PATH}:/home/uwr/Desktop/2024_UWR/install/sonar_subs:/opt/ros/humble /usr/bin/cmake --install /home/uwr/Desktop/2024_UWR/build/adnav-driver
[0.204s] -- Install configuration: ""
[0.205s] -- Up-to-date: /home/uwr/Desktop/2024_UWR/install/adnav-driver/lib/adnav-driver/adnav_driver
[0.206s] -- Up-to-date: /home/uwr/Desktop/2024_UWR/install/adnav-driver/share/ament_index/resource_index/package_run_dependencies/adnav-driver
[0.207s] -- Up-to-date: /home/uwr/Desktop/2024_UWR/install/adnav-driver/share/ament_index/resource_index/parent_prefix_path/adnav-driver
[0.207s] -- Up-to-date: /home/uwr/Desktop/2024_UWR/install/adnav-driver/share/adnav-driver/environment/ament_prefix_path.sh
[0.207s] -- Up-to-date: /home/uwr/Desktop/2024_UWR/install/adnav-driver/share/adnav-driver/environment/ament_prefix_path.dsv
[0.208s] -- Up-to-date: /home/uwr/Desktop/2024_UWR/install/adnav-driver/share/adnav-driver/environment/path.sh
[0.208s] -- Up-to-date: /home/uwr/Desktop/2024_UWR/install/adnav-driver/share/adnav-driver/environment/path.dsv
[0.208s] -- Up-to-date: /home/uwr/Desktop/2024_UWR/install/adnav-driver/share/adnav-driver/local_setup.bash
[0.208s] -- Up-to-date: /home/uwr/Desktop/2024_UWR/install/adnav-driver/share/adnav-driver/local_setup.sh
[0.208s] -- Up-to-date: /home/uwr/Desktop/2024_UWR/install/adnav-driver/share/adnav-driver/local_setup.zsh
[0.208s] -- Up-to-date: /home/uwr/Desktop/2024_UWR/install/adnav-driver/share/adnav-driver/local_setup.dsv
[0.208s] -- Installing: /home/uwr/Desktop/2024_UWR/install/adnav-driver/share/adnav-driver/package.dsv
[0.208s] -- Up-to-date: /home/uwr/Desktop/2024_UWR/install/adnav-driver/share/ament_index/resource_index/packages/adnav-driver
[0.208s] -- Up-to-date: /home/uwr/Desktop/2024_UWR/install/adnav-driver/share/adnav-driver/cmake/adnav-driverConfig.cmake
[0.209s] -- Up-to-date: /home/uwr/Desktop/2024_UWR/install/adnav-driver/share/adnav-driver/cmake/adnav-driverConfig-version.cmake
[0.209s] -- Up-to-date: /home/uwr/Desktop/2024_UWR/install/adnav-driver/share/adnav-driver/package.xml
[0.257s] Invoked command in '/home/uwr/Desktop/2024_UWR/build/adnav-driver' returned '0': CMAKE_PREFIX_PATH=${CMAKE_PREFIX_PATH}:/home/uwr/Desktop/2024_UWR/install/sonar_subs:/opt/ros/humble /usr/bin/cmake --install /home/uwr/Desktop/2024_UWR/build/adnav-driver
