[0.018s] Invoking command in '/home/nuc1/Desktop/2024_UWR/build/ntrip': CMAKE_PREFIX_PATH=${CMAKE_PREFIX_PATH}:/home/nuc1/Desktop/2024_UWR/install/sonar_subs:/opt/ros/humble /usr/bin/cmake /home/nuc1/Desktop/2024_UWR/src/ntrip -DCMAKE_INSTALL_PREFIX=/home/nuc1/Desktop/2024_UWR/install/ntrip
[0.367s] -- The C compiler identification is GNU 11.4.0
[0.622s] -- The CXX compiler identification is GNU 11.4.0
[0.647s] -- Detecting C compiler ABI info
[0.757s] -- Detecting C compiler ABI info - done
[0.765s] -- Check for working C compiler: /usr/bin/cc - skipped
[0.766s] -- Detecting C compile features
[0.767s] -- Detecting C compile features - done
[0.772s] -- Detecting CXX compiler ABI info
[0.869s] -- Detecting CXX compiler ABI info - done
[0.877s] -- Check for working CXX compiler: /usr/bin/c++ - skipped
[0.877s] -- Detecting CXX compile features
[0.878s] -- Detecting CXX compile features - done
[0.890s] -- Found ament_cmake: 1.3.10 (/opt/ros/humble/share/ament_cmake/cmake)
[1.070s] -- Found Python3: /usr/bin/python3 (found version "3.10.12") found components: Interpreter 
[1.202s] -- Found rclcpp: 16.0.10 (/opt/ros/humble/share/rclcpp/cmake)
[1.294s] -- Found rosidl_generator_c: 3.1.5 (/opt/ros/humble/share/rosidl_generator_c/cmake)
[1.305s] -- Found rosidl_adapter: 3.1.5 (/opt/ros/humble/share/rosidl_adapter/cmake)
[1.320s] -- Found rosidl_generator_cpp: 3.1.5 (/opt/ros/humble/share/rosidl_generator_cpp/cmake)
[1.342s] -- Using all available rosidl_typesupport_c: rosidl_typesupport_fastrtps_c;rosidl_typesupport_introspection_c
[1.370s] -- Using all available rosidl_typesupport_cpp: rosidl_typesupport_fastrtps_cpp;rosidl_typesupport_introspection_cpp
[1.443s] -- Found rmw_implementation_cmake: 6.1.2 (/opt/ros/humble/share/rmw_implementation_cmake/cmake)
[1.448s] -- Found rmw_fastrtps_cpp: 6.2.7 (/opt/ros/humble/share/rmw_fastrtps_cpp/cmake)
[1.566s] -- Found OpenSSL: /usr/lib/x86_64-linux-gnu/libcrypto.so (found version "3.0.2")  
[1.599s] -- Found FastRTPS: /opt/ros/humble/include  
[1.644s] -- Using RMW implementation 'rmw_fastrtps_cpp' as default
[1.653s] -- Looking for pthread.h
[1.762s] -- Looking for pthread.h - found
[1.763s] -- Performing Test CMAKE_HAVE_LIBC_PTHREAD
[1.839s] -- Performing Test CMAKE_HAVE_LIBC_PTHREAD - Success
[1.840s] -- Found Threads: TRUE  
[1.919s] -- Found mavros_msgs: 2.8.0 (/opt/ros/humble/share/mavros_msgs/cmake)
[2.053s] -- Found nmea_msgs: 2.0.0 (/opt/ros/humble/share/nmea_msgs/cmake)
[2.164s] -- Configuring done
[2.186s] -- Generating done
[2.189s] -- Build files have been written to: /home/nuc1/Desktop/2024_UWR/build/ntrip
[2.200s] Invoked command in '/home/nuc1/Desktop/2024_UWR/build/ntrip' returned '0': CMAKE_PREFIX_PATH=${CMAKE_PREFIX_PATH}:/home/nuc1/Desktop/2024_UWR/install/sonar_subs:/opt/ros/humble /usr/bin/cmake /home/nuc1/Desktop/2024_UWR/src/ntrip -DCMAKE_INSTALL_PREFIX=/home/nuc1/Desktop/2024_UWR/install/ntrip
[2.203s] Invoking command in '/home/nuc1/Desktop/2024_UWR/build/ntrip': CMAKE_PREFIX_PATH=${CMAKE_PREFIX_PATH}:/home/nuc1/Desktop/2024_UWR/install/sonar_subs:/opt/ros/humble /usr/bin/cmake --build /home/nuc1/Desktop/2024_UWR/build/ntrip -- -j8 -l8
[2.252s] [ 25%] [32mBuilding CXX object CMakeFiles/ntrip.dir/src/ntrip_client.cpp.o[0m
[2.252s] [ 50%] [32mBuilding CXX object CMakeFiles/ntrip.dir/src/client.cpp.o[0m
[2.254s] [ 75%] [32mBuilding CXX object CMakeFiles/ntrip.dir/src/ntrip_util.cpp.o[0m
[18.453s] [100%] [32m[1mLinking CXX executable ntrip[0m
[19.788s] [100%] Built target ntrip
[19.825s] Invoked command in '/home/nuc1/Desktop/2024_UWR/build/ntrip' returned '0': CMAKE_PREFIX_PATH=${CMAKE_PREFIX_PATH}:/home/nuc1/Desktop/2024_UWR/install/sonar_subs:/opt/ros/humble /usr/bin/cmake --build /home/nuc1/Desktop/2024_UWR/build/ntrip -- -j8 -l8
[19.938s] Invoking command in '/home/nuc1/Desktop/2024_UWR/build/ntrip': CMAKE_PREFIX_PATH=${CMAKE_PREFIX_PATH}:/home/nuc1/Desktop/2024_UWR/install/sonar_subs:/opt/ros/humble /usr/bin/cmake --install /home/nuc1/Desktop/2024_UWR/build/ntrip
[19.959s] -- Install configuration: ""
[19.959s] -- Installing: /home/nuc1/Desktop/2024_UWR/install/ntrip/lib/ntrip/ntrip
[19.971s] -- Set runtime path of "/home/nuc1/Desktop/2024_UWR/install/ntrip/lib/ntrip/ntrip" to ""
[19.971s] -- Installing: /home/nuc1/Desktop/2024_UWR/install/ntrip/share/ntrip//launch
[19.971s] -- Installing: /home/nuc1/Desktop/2024_UWR/install/ntrip/share/ntrip//launch/ntrip_launch.py
[19.971s] -- Installing: /home/nuc1/Desktop/2024_UWR/install/ntrip/share/ament_index/resource_index/package_run_dependencies/ntrip
[19.972s] -- Installing: /home/nuc1/Desktop/2024_UWR/install/ntrip/share/ament_index/resource_index/parent_prefix_path/ntrip
[19.975s] -- Installing: /home/nuc1/Desktop/2024_UWR/install/ntrip/share/ntrip/environment/ament_prefix_path.sh
[19.975s] -- Installing: /home/nuc1/Desktop/2024_UWR/install/ntrip/share/ntrip/environment/ament_prefix_path.dsv
[19.975s] -- Installing: /home/nuc1/Desktop/2024_UWR/install/ntrip/share/ntrip/environment/path.sh
[19.975s] -- Installing: /home/nuc1/Desktop/2024_UWR/install/ntrip/share/ntrip/environment/path.dsv
[19.975s] -- Installing: /home/nuc1/Desktop/2024_UWR/install/ntrip/share/ntrip/local_setup.bash
[19.976s] -- Installing: /home/nuc1/Desktop/2024_UWR/install/ntrip/share/ntrip/local_setup.sh
[19.976s] -- Installing: /home/nuc1/Desktop/2024_UWR/install/ntrip/share/ntrip/local_setup.zsh
[19.976s] -- Installing: /home/nuc1/Desktop/2024_UWR/install/ntrip/share/ntrip/local_setup.dsv
[19.976s] -- Installing: /home/nuc1/Desktop/2024_UWR/install/ntrip/share/ntrip/package.dsv
[19.978s] -- Installing: /home/nuc1/Desktop/2024_UWR/install/ntrip/share/ament_index/resource_index/packages/ntrip
[19.978s] -- Installing: /home/nuc1/Desktop/2024_UWR/install/ntrip/share/ntrip/cmake/ntripConfig.cmake
[19.978s] -- Installing: /home/nuc1/Desktop/2024_UWR/install/ntrip/share/ntrip/cmake/ntripConfig-version.cmake
[19.979s] -- Installing: /home/nuc1/Desktop/2024_UWR/install/ntrip/share/ntrip/package.xml
[19.995s] Invoked command in '/home/nuc1/Desktop/2024_UWR/build/ntrip' returned '0': CMAKE_PREFIX_PATH=${CMAKE_PREFIX_PATH}:/home/nuc1/Desktop/2024_UWR/install/sonar_subs:/opt/ros/humble /usr/bin/cmake --install /home/nuc1/Desktop/2024_UWR/build/ntrip
