[0.023s] Invoking command in '/home/uwr/Desktop/2024_UWR/build/sonar_msgs': CMAKE_PREFIX_PATH=${CMAKE_PREFIX_PATH}:/home/uwr/Desktop/2024_UWR/install/sonar_subs:/opt/ros/humble /usr/bin/cmake --build /home/uwr/Desktop/2024_UWR/build/sonar_msgs -- -j8 -l8
[0.119s] [  2%] Built target sonar_msgs__cpp
[0.119s] [ 12%] Built target sonar_msgs__rosidl_generator_c
[0.156s] [ 12%] Built target ament_cmake_python_copy_sonar_msgs
[0.175s] [ 23%] Built target sonar_msgs__rosidl_typesupport_introspection_cpp
[0.181s] [ 34%] Built target sonar_msgs__rosidl_typesupport_fastrtps_cpp
[0.181s] [ 44%] Built target sonar_msgs__rosidl_typesupport_cpp
[0.198s] [ 57%] Built target sonar_msgs__rosidl_typesupport_fastrtps_c
[0.202s] [ 65%] Built target sonar_msgs__rosidl_typesupport_c
[0.209s] [ 76%] Built target sonar_msgs__rosidl_typesupport_introspection_c
[0.249s] [ 76%] Built target sonar_msgs
[0.286s] [ 78%] Built target sonar_msgs__py
[0.325s] [ 87%] Built target sonar_msgs__rosidl_generator_py
[0.371s] [ 91%] Built target sonar_msgs__rosidl_typesupport_introspection_c__pyext
[0.385s] [ 95%] Built target sonar_msgs__rosidl_typesupport_fastrtps_c__pyext
[0.387s] [100%] Built target sonar_msgs__rosidl_typesupport_c__pyext
[0.622s] running egg_info
[0.623s] writing sonar_msgs.egg-info/PKG-INFO
[0.623s] writing dependency_links to sonar_msgs.egg-info/dependency_links.txt
[0.624s] writing top-level names to sonar_msgs.egg-info/top_level.txt
[0.630s] reading manifest file 'sonar_msgs.egg-info/SOURCES.txt'
[0.631s] writing manifest file 'sonar_msgs.egg-info/SOURCES.txt'
[0.674s] [100%] Built target ament_cmake_python_build_sonar_msgs_egg
[0.687s] Invoked command in '/home/uwr/Desktop/2024_UWR/build/sonar_msgs' returned '0': CMAKE_PREFIX_PATH=${CMAKE_PREFIX_PATH}:/home/uwr/Desktop/2024_UWR/install/sonar_subs:/opt/ros/humble /usr/bin/cmake --build /home/uwr/Desktop/2024_UWR/build/sonar_msgs -- -j8 -l8
[0.777s] Invoking command in '/home/uwr/Desktop/2024_UWR/build/sonar_msgs': CMAKE_PREFIX_PATH=${CMAKE_PREFIX_PATH}:/home/uwr/Desktop/2024_UWR/install/sonar_subs:/opt/ros/humble /usr/bin/cmake --install /home/uwr/Desktop/2024_UWR/build/sonar_msgs
[0.789s] -- Install configuration: ""
[0.789s] -- Up-to-date: /home/uwr/Desktop/2024_UWR/install/sonar_msgs/share/ament_index/resource_index/rosidl_interfaces/sonar_msgs
[0.789s] -- Up-to-date: /home/uwr/Desktop/2024_UWR/install/sonar_msgs/include/sonar_msgs/sonar_msgs
[0.789s] -- Up-to-date: /home/uwr/Desktop/2024_UWR/install/sonar_msgs/include/sonar_msgs/sonar_msgs/msg
[0.789s] -- Up-to-date: /home/uwr/Desktop/2024_UWR/install/sonar_msgs/include/sonar_msgs/sonar_msgs/msg/rosidl_generator_c__visibility_control.h
[0.789s] -- Up-to-date: /home/uwr/Desktop/2024_UWR/install/sonar_msgs/include/sonar_msgs/sonar_msgs/msg/kf_values.h
[0.790s] -- Up-to-date: /home/uwr/Desktop/2024_UWR/install/sonar_msgs/include/sonar_msgs/sonar_msgs/msg/detail
[0.790s] -- Up-to-date: /home/uwr/Desktop/2024_UWR/install/sonar_msgs/include/sonar_msgs/sonar_msgs/msg/detail/three_sonar_depth__type_support.h
[0.790s] -- Up-to-date: /home/uwr/Desktop/2024_UWR/install/sonar_msgs/include/sonar_msgs/sonar_msgs/msg/detail/conf_scal__functions.h
[0.790s] -- Up-to-date: /home/uwr/Desktop/2024_UWR/install/sonar_msgs/include/sonar_msgs/sonar_msgs/msg/detail/three_sonar_depth__functions.c
[0.790s] -- Up-to-date: /home/uwr/Desktop/2024_UWR/install/sonar_msgs/include/sonar_msgs/sonar_msgs/msg/detail/three_sonar_depth__struct.h
[0.790s] -- Up-to-date: /home/uwr/Desktop/2024_UWR/install/sonar_msgs/include/sonar_msgs/sonar_msgs/msg/detail/kf_values__type_support.h
[0.790s] -- Up-to-date: /home/uwr/Desktop/2024_UWR/install/sonar_msgs/include/sonar_msgs/sonar_msgs/msg/detail/kf_values__struct.h
[0.791s] -- Up-to-date: /home/uwr/Desktop/2024_UWR/install/sonar_msgs/include/sonar_msgs/sonar_msgs/msg/detail/conf_scal__struct.h
[0.791s] -- Up-to-date: /home/uwr/Desktop/2024_UWR/install/sonar_msgs/include/sonar_msgs/sonar_msgs/msg/detail/kf_values__functions.c
[0.791s] -- Up-to-date: /home/uwr/Desktop/2024_UWR/install/sonar_msgs/include/sonar_msgs/sonar_msgs/msg/detail/kf_values__functions.h
[0.791s] -- Up-to-date: /home/uwr/Desktop/2024_UWR/install/sonar_msgs/include/sonar_msgs/sonar_msgs/msg/detail/three_sonar_depth__functions.h
[0.791s] -- Up-to-date: /home/uwr/Desktop/2024_UWR/install/sonar_msgs/include/sonar_msgs/sonar_msgs/msg/detail/conf_scal__type_support.h
[0.792s] -- Up-to-date: /home/uwr/Desktop/2024_UWR/install/sonar_msgs/include/sonar_msgs/sonar_msgs/msg/detail/conf_scal__functions.c
[0.792s] -- Up-to-date: /home/uwr/Desktop/2024_UWR/install/sonar_msgs/include/sonar_msgs/sonar_msgs/msg/three_sonar_depth.h
[0.792s] -- Up-to-date: /home/uwr/Desktop/2024_UWR/install/sonar_msgs/include/sonar_msgs/sonar_msgs/msg/conf_scal.h
[0.792s] -- Up-to-date: /home/uwr/Desktop/2024_UWR/install/sonar_msgs/share/sonar_msgs/environment/library_path.sh
[0.792s] -- Up-to-date: /home/uwr/Desktop/2024_UWR/install/sonar_msgs/share/sonar_msgs/environment/library_path.dsv
[0.792s] -- Up-to-date: /home/uwr/Desktop/2024_UWR/install/sonar_msgs/lib/libsonar_msgs__rosidl_generator_c.so
[0.792s] -- Up-to-date: /home/uwr/Desktop/2024_UWR/install/sonar_msgs/include/sonar_msgs/sonar_msgs
[0.793s] -- Up-to-date: /home/uwr/Desktop/2024_UWR/install/sonar_msgs/include/sonar_msgs/sonar_msgs/msg
[0.793s] -- Up-to-date: /home/uwr/Desktop/2024_UWR/install/sonar_msgs/include/sonar_msgs/sonar_msgs/msg/detail
[0.793s] -- Up-to-date: /home/uwr/Desktop/2024_UWR/install/sonar_msgs/include/sonar_msgs/sonar_msgs/msg/detail/conf_scal__rosidl_typesupport_fastrtps_c.h
[0.793s] -- Up-to-date: /home/uwr/Desktop/2024_UWR/install/sonar_msgs/include/sonar_msgs/sonar_msgs/msg/detail/three_sonar_depth__rosidl_typesupport_fastrtps_c.h
[0.793s] -- Up-to-date: /home/uwr/Desktop/2024_UWR/install/sonar_msgs/include/sonar_msgs/sonar_msgs/msg/detail/kf_values__rosidl_typesupport_fastrtps_c.h
[0.793s] -- Up-to-date: /home/uwr/Desktop/2024_UWR/install/sonar_msgs/include/sonar_msgs/sonar_msgs/msg/rosidl_typesupport_fastrtps_c__visibility_control.h
[0.793s] -- Up-to-date: /home/uwr/Desktop/2024_UWR/install/sonar_msgs/lib/libsonar_msgs__rosidl_typesupport_fastrtps_c.so
[0.793s] -- Up-to-date: /home/uwr/Desktop/2024_UWR/install/sonar_msgs/include/sonar_msgs/sonar_msgs
[0.794s] -- Up-to-date: /home/uwr/Desktop/2024_UWR/install/sonar_msgs/include/sonar_msgs/sonar_msgs/msg
[0.794s] -- Up-to-date: /home/uwr/Desktop/2024_UWR/install/sonar_msgs/include/sonar_msgs/sonar_msgs/msg/detail
[0.794s] -- Up-to-date: /home/uwr/Desktop/2024_UWR/install/sonar_msgs/include/sonar_msgs/sonar_msgs/msg/detail/conf_scal__builder.hpp
[0.794s] -- Up-to-date: /home/uwr/Desktop/2024_UWR/install/sonar_msgs/include/sonar_msgs/sonar_msgs/msg/detail/kf_values__traits.hpp
[0.794s] -- Up-to-date: /home/uwr/Desktop/2024_UWR/install/sonar_msgs/include/sonar_msgs/sonar_msgs/msg/detail/conf_scal__traits.hpp
[0.794s] -- Up-to-date: /home/uwr/Desktop/2024_UWR/install/sonar_msgs/include/sonar_msgs/sonar_msgs/msg/detail/kf_values__builder.hpp
[0.794s] -- Up-to-date: /home/uwr/Desktop/2024_UWR/install/sonar_msgs/include/sonar_msgs/sonar_msgs/msg/detail/three_sonar_depth__builder.hpp
[0.795s] -- Up-to-date: /home/uwr/Desktop/2024_UWR/install/sonar_msgs/include/sonar_msgs/sonar_msgs/msg/detail/three_sonar_depth__traits.hpp
[0.795s] -- Up-to-date: /home/uwr/Desktop/2024_UWR/install/sonar_msgs/include/sonar_msgs/sonar_msgs/msg/detail/kf_values__struct.hpp
[0.795s] -- Up-to-date: /home/uwr/Desktop/2024_UWR/install/sonar_msgs/include/sonar_msgs/sonar_msgs/msg/detail/three_sonar_depth__struct.hpp
[0.795s] -- Up-to-date: /home/uwr/Desktop/2024_UWR/install/sonar_msgs/include/sonar_msgs/sonar_msgs/msg/detail/conf_scal__struct.hpp
[0.796s] -- Up-to-date: /home/uwr/Desktop/2024_UWR/install/sonar_msgs/include/sonar_msgs/sonar_msgs/msg/three_sonar_depth.hpp
[0.796s] -- Up-to-date: /home/uwr/Desktop/2024_UWR/install/sonar_msgs/include/sonar_msgs/sonar_msgs/msg/kf_values.hpp
[0.796s] -- Up-to-date: /home/uwr/Desktop/2024_UWR/install/sonar_msgs/include/sonar_msgs/sonar_msgs/msg/conf_scal.hpp
[0.796s] -- Up-to-date: /home/uwr/Desktop/2024_UWR/install/sonar_msgs/include/sonar_msgs/sonar_msgs
[0.796s] -- Up-to-date: /home/uwr/Desktop/2024_UWR/install/sonar_msgs/include/sonar_msgs/sonar_msgs/msg
[0.797s] -- Up-to-date: /home/uwr/Desktop/2024_UWR/install/sonar_msgs/include/sonar_msgs/sonar_msgs/msg/detail
[0.797s] -- Up-to-date: /home/uwr/Desktop/2024_UWR/install/sonar_msgs/include/sonar_msgs/sonar_msgs/msg/detail/kf_values__rosidl_typesupport_fastrtps_cpp.hpp
[0.797s] -- Up-to-date: /home/uwr/Desktop/2024_UWR/install/sonar_msgs/include/sonar_msgs/sonar_msgs/msg/detail/three_sonar_depth__rosidl_typesupport_fastrtps_cpp.hpp
[0.797s] -- Up-to-date: /home/uwr/Desktop/2024_UWR/install/sonar_msgs/include/sonar_msgs/sonar_msgs/msg/detail/conf_scal__rosidl_typesupport_fastrtps_cpp.hpp
[0.797s] -- Up-to-date: /home/uwr/Desktop/2024_UWR/install/sonar_msgs/include/sonar_msgs/sonar_msgs/msg/detail/dds_fastrtps
[0.797s] -- Up-to-date: /home/uwr/Desktop/2024_UWR/install/sonar_msgs/include/sonar_msgs/sonar_msgs/msg/rosidl_typesupport_fastrtps_cpp__visibility_control.h
[0.797s] -- Up-to-date: /home/uwr/Desktop/2024_UWR/install/sonar_msgs/lib/libsonar_msgs__rosidl_typesupport_fastrtps_cpp.so
[0.798s] -- Up-to-date: /home/uwr/Desktop/2024_UWR/install/sonar_msgs/include/sonar_msgs/sonar_msgs
[0.798s] -- Up-to-date: /home/uwr/Desktop/2024_UWR/install/sonar_msgs/include/sonar_msgs/sonar_msgs/msg
[0.798s] -- Up-to-date: /home/uwr/Desktop/2024_UWR/install/sonar_msgs/include/sonar_msgs/sonar_msgs/msg/rosidl_typesupport_introspection_c__visibility_control.h
[0.798s] -- Up-to-date: /home/uwr/Desktop/2024_UWR/install/sonar_msgs/include/sonar_msgs/sonar_msgs/msg/detail
[0.798s] -- Up-to-date: /home/uwr/Desktop/2024_UWR/install/sonar_msgs/include/sonar_msgs/sonar_msgs/msg/detail/kf_values__type_support.c
[0.798s] -- Up-to-date: /home/uwr/Desktop/2024_UWR/install/sonar_msgs/include/sonar_msgs/sonar_msgs/msg/detail/conf_scal__type_support.c
[0.798s] -- Up-to-date: /home/uwr/Desktop/2024_UWR/install/sonar_msgs/include/sonar_msgs/sonar_msgs/msg/detail/conf_scal__rosidl_typesupport_introspection_c.h
[0.798s] -- Up-to-date: /home/uwr/Desktop/2024_UWR/install/sonar_msgs/include/sonar_msgs/sonar_msgs/msg/detail/three_sonar_depth__type_support.c
[0.799s] -- Up-to-date: /home/uwr/Desktop/2024_UWR/install/sonar_msgs/include/sonar_msgs/sonar_msgs/msg/detail/three_sonar_depth__rosidl_typesupport_introspection_c.h
[0.799s] -- Up-to-date: /home/uwr/Desktop/2024_UWR/install/sonar_msgs/include/sonar_msgs/sonar_msgs/msg/detail/kf_values__rosidl_typesupport_introspection_c.h
[0.799s] -- Up-to-date: /home/uwr/Desktop/2024_UWR/install/sonar_msgs/lib/libsonar_msgs__rosidl_typesupport_introspection_c.so
[0.799s] -- Up-to-date: /home/uwr/Desktop/2024_UWR/install/sonar_msgs/lib/libsonar_msgs__rosidl_typesupport_c.so
[0.799s] -- Up-to-date: /home/uwr/Desktop/2024_UWR/install/sonar_msgs/include/sonar_msgs/sonar_msgs
[0.799s] -- Up-to-date: /home/uwr/Desktop/2024_UWR/install/sonar_msgs/include/sonar_msgs/sonar_msgs/msg
[0.799s] -- Up-to-date: /home/uwr/Desktop/2024_UWR/install/sonar_msgs/include/sonar_msgs/sonar_msgs/msg/detail
[0.799s] -- Up-to-date: /home/uwr/Desktop/2024_UWR/install/sonar_msgs/include/sonar_msgs/sonar_msgs/msg/detail/three_sonar_depth__type_support.cpp
[0.800s] -- Up-to-date: /home/uwr/Desktop/2024_UWR/install/sonar_msgs/include/sonar_msgs/sonar_msgs/msg/detail/kf_values__rosidl_typesupport_introspection_cpp.hpp
[0.800s] -- Up-to-date: /home/uwr/Desktop/2024_UWR/install/sonar_msgs/include/sonar_msgs/sonar_msgs/msg/detail/three_sonar_depth__rosidl_typesupport_introspection_cpp.hpp
[0.800s] -- Up-to-date: /home/uwr/Desktop/2024_UWR/install/sonar_msgs/include/sonar_msgs/sonar_msgs/msg/detail/conf_scal__type_support.cpp
[0.800s] -- Up-to-date: /home/uwr/Desktop/2024_UWR/install/sonar_msgs/include/sonar_msgs/sonar_msgs/msg/detail/conf_scal__rosidl_typesupport_introspection_cpp.hpp
[0.800s] -- Up-to-date: /home/uwr/Desktop/2024_UWR/install/sonar_msgs/include/sonar_msgs/sonar_msgs/msg/detail/kf_values__type_support.cpp
[0.800s] -- Up-to-date: /home/uwr/Desktop/2024_UWR/install/sonar_msgs/lib/libsonar_msgs__rosidl_typesupport_introspection_cpp.so
[0.800s] -- Up-to-date: /home/uwr/Desktop/2024_UWR/install/sonar_msgs/lib/libsonar_msgs__rosidl_typesupport_cpp.so
[0.800s] -- Up-to-date: /home/uwr/Desktop/2024_UWR/install/sonar_msgs/share/sonar_msgs/environment/pythonpath.sh
[0.801s] -- Up-to-date: /home/uwr/Desktop/2024_UWR/install/sonar_msgs/share/sonar_msgs/environment/pythonpath.dsv
[0.801s] -- Up-to-date: /home/uwr/Desktop/2024_UWR/install/sonar_msgs/local/lib/python3.10/dist-packages/sonar_msgs-0.0.0-py3.10.egg-info
[0.801s] -- Installing: /home/uwr/Desktop/2024_UWR/install/sonar_msgs/local/lib/python3.10/dist-packages/sonar_msgs-0.0.0-py3.10.egg-info/top_level.txt
[0.801s] -- Installing: /home/uwr/Desktop/2024_UWR/install/sonar_msgs/local/lib/python3.10/dist-packages/sonar_msgs-0.0.0-py3.10.egg-info/dependency_links.txt
[0.801s] -- Installing: /home/uwr/Desktop/2024_UWR/install/sonar_msgs/local/lib/python3.10/dist-packages/sonar_msgs-0.0.0-py3.10.egg-info/PKG-INFO
[0.801s] -- Installing: /home/uwr/Desktop/2024_UWR/install/sonar_msgs/local/lib/python3.10/dist-packages/sonar_msgs-0.0.0-py3.10.egg-info/SOURCES.txt
[0.801s] -- Up-to-date: /home/uwr/Desktop/2024_UWR/install/sonar_msgs/local/lib/python3.10/dist-packages/sonar_msgs
[0.801s] -- Up-to-date: /home/uwr/Desktop/2024_UWR/install/sonar_msgs/local/lib/python3.10/dist-packages/sonar_msgs/libsonar_msgs__rosidl_generator_py.so
[0.801s] -- Up-to-date: /home/uwr/Desktop/2024_UWR/install/sonar_msgs/local/lib/python3.10/dist-packages/sonar_msgs/sonar_msgs_s__rosidl_typesupport_fastrtps_c.cpython-310-x86_64-linux-gnu.so
[0.802s] -- Up-to-date: /home/uwr/Desktop/2024_UWR/install/sonar_msgs/local/lib/python3.10/dist-packages/sonar_msgs/_sonar_msgs_s.ep.rosidl_typesupport_introspection_c.c
[0.802s] -- Up-to-date: /home/uwr/Desktop/2024_UWR/install/sonar_msgs/local/lib/python3.10/dist-packages/sonar_msgs/sonar_msgs_s__rosidl_typesupport_introspection_c.cpython-310-x86_64-linux-gnu.so
[0.802s] -- Up-to-date: /home/uwr/Desktop/2024_UWR/install/sonar_msgs/local/lib/python3.10/dist-packages/sonar_msgs/_sonar_msgs_s.ep.rosidl_typesupport_c.c
[0.802s] -- Up-to-date: /home/uwr/Desktop/2024_UWR/install/sonar_msgs/local/lib/python3.10/dist-packages/sonar_msgs/msg
[0.802s] -- Up-to-date: /home/uwr/Desktop/2024_UWR/install/sonar_msgs/local/lib/python3.10/dist-packages/sonar_msgs/msg/_conf_scal.py
[0.802s] -- Up-to-date: /home/uwr/Desktop/2024_UWR/install/sonar_msgs/local/lib/python3.10/dist-packages/sonar_msgs/msg/_three_sonar_depth_s.c
[0.802s] -- Up-to-date: /home/uwr/Desktop/2024_UWR/install/sonar_msgs/local/lib/python3.10/dist-packages/sonar_msgs/msg/_kf_values_s.c
[0.802s] -- Up-to-date: /home/uwr/Desktop/2024_UWR/install/sonar_msgs/local/lib/python3.10/dist-packages/sonar_msgs/msg/_three_sonar_depth.py
[0.802s] -- Up-to-date: /home/uwr/Desktop/2024_UWR/install/sonar_msgs/local/lib/python3.10/dist-packages/sonar_msgs/msg/_kf_values.py
[0.803s] -- Up-to-date: /home/uwr/Desktop/2024_UWR/install/sonar_msgs/local/lib/python3.10/dist-packages/sonar_msgs/msg/_conf_scal_s.c
[0.803s] -- Up-to-date: /home/uwr/Desktop/2024_UWR/install/sonar_msgs/local/lib/python3.10/dist-packages/sonar_msgs/msg/__init__.py
[0.803s] -- Up-to-date: /home/uwr/Desktop/2024_UWR/install/sonar_msgs/local/lib/python3.10/dist-packages/sonar_msgs/__init__.py
[0.803s] -- Up-to-date: /home/uwr/Desktop/2024_UWR/install/sonar_msgs/local/lib/python3.10/dist-packages/sonar_msgs/sonar_msgs_s__rosidl_typesupport_c.cpython-310-x86_64-linux-gnu.so
[0.803s] -- Up-to-date: /home/uwr/Desktop/2024_UWR/install/sonar_msgs/local/lib/python3.10/dist-packages/sonar_msgs/_sonar_msgs_s.ep.rosidl_typesupport_fastrtps_c.c
[0.838s] Listing '/home/uwr/Desktop/2024_UWR/install/sonar_msgs/local/lib/python3.10/dist-packages/sonar_msgs'...
[0.839s] Listing '/home/uwr/Desktop/2024_UWR/install/sonar_msgs/local/lib/python3.10/dist-packages/sonar_msgs/msg'...
[0.843s] -- Up-to-date: /home/uwr/Desktop/2024_UWR/install/sonar_msgs/local/lib/python3.10/dist-packages/sonar_msgs/sonar_msgs_s__rosidl_typesupport_fastrtps_c.cpython-310-x86_64-linux-gnu.so
[0.843s] -- Up-to-date: /home/uwr/Desktop/2024_UWR/install/sonar_msgs/local/lib/python3.10/dist-packages/sonar_msgs/sonar_msgs_s__rosidl_typesupport_introspection_c.cpython-310-x86_64-linux-gnu.so
[0.844s] -- Up-to-date: /home/uwr/Desktop/2024_UWR/install/sonar_msgs/local/lib/python3.10/dist-packages/sonar_msgs/sonar_msgs_s__rosidl_typesupport_c.cpython-310-x86_64-linux-gnu.so
[0.844s] -- Up-to-date: /home/uwr/Desktop/2024_UWR/install/sonar_msgs/lib/libsonar_msgs__rosidl_generator_py.so
[0.844s] -- Up-to-date: /home/uwr/Desktop/2024_UWR/install/sonar_msgs/share/sonar_msgs/msg/ThreeSonarDepth.idl
[0.845s] -- Up-to-date: /home/uwr/Desktop/2024_UWR/install/sonar_msgs/share/sonar_msgs/msg/ConfScal.idl
[0.845s] -- Up-to-date: /home/uwr/Desktop/2024_UWR/install/sonar_msgs/share/sonar_msgs/msg/KfValues.idl
[0.845s] -- Up-to-date: /home/uwr/Desktop/2024_UWR/install/sonar_msgs/share/sonar_msgs/msg/ThreeSonarDepth.msg
[0.845s] -- Up-to-date: /home/uwr/Desktop/2024_UWR/install/sonar_msgs/share/sonar_msgs/msg/ConfScal.msg
[0.845s] -- Up-to-date: /home/uwr/Desktop/2024_UWR/install/sonar_msgs/share/sonar_msgs/msg/KfValues.msg
[0.845s] -- Up-to-date: /home/uwr/Desktop/2024_UWR/install/sonar_msgs/share/ament_index/resource_index/package_run_dependencies/sonar_msgs
[0.846s] -- Up-to-date: /home/uwr/Desktop/2024_UWR/install/sonar_msgs/share/ament_index/resource_index/parent_prefix_path/sonar_msgs
[0.846s] -- Up-to-date: /home/uwr/Desktop/2024_UWR/install/sonar_msgs/share/sonar_msgs/environment/ament_prefix_path.sh
[0.846s] -- Up-to-date: /home/uwr/Desktop/2024_UWR/install/sonar_msgs/share/sonar_msgs/environment/ament_prefix_path.dsv
[0.846s] -- Up-to-date: /home/uwr/Desktop/2024_UWR/install/sonar_msgs/share/sonar_msgs/environment/path.sh
[0.846s] -- Up-to-date: /home/uwr/Desktop/2024_UWR/install/sonar_msgs/share/sonar_msgs/environment/path.dsv
[0.846s] -- Up-to-date: /home/uwr/Desktop/2024_UWR/install/sonar_msgs/share/sonar_msgs/local_setup.bash
[0.846s] -- Up-to-date: /home/uwr/Desktop/2024_UWR/install/sonar_msgs/share/sonar_msgs/local_setup.sh
[0.847s] -- Up-to-date: /home/uwr/Desktop/2024_UWR/install/sonar_msgs/share/sonar_msgs/local_setup.zsh
[0.847s] -- Up-to-date: /home/uwr/Desktop/2024_UWR/install/sonar_msgs/share/sonar_msgs/local_setup.dsv
[0.847s] -- Installing: /home/uwr/Desktop/2024_UWR/install/sonar_msgs/share/sonar_msgs/package.dsv
[0.847s] -- Up-to-date: /home/uwr/Desktop/2024_UWR/install/sonar_msgs/share/ament_index/resource_index/packages/sonar_msgs
[0.847s] -- Up-to-date: /home/uwr/Desktop/2024_UWR/install/sonar_msgs/share/sonar_msgs/cmake/export_sonar_msgs__rosidl_generator_cExport.cmake
[0.847s] -- Up-to-date: /home/uwr/Desktop/2024_UWR/install/sonar_msgs/share/sonar_msgs/cmake/export_sonar_msgs__rosidl_generator_cExport-noconfig.cmake
[0.847s] -- Up-to-date: /home/uwr/Desktop/2024_UWR/install/sonar_msgs/share/sonar_msgs/cmake/export_sonar_msgs__rosidl_typesupport_fastrtps_cExport.cmake
[0.847s] -- Up-to-date: /home/uwr/Desktop/2024_UWR/install/sonar_msgs/share/sonar_msgs/cmake/export_sonar_msgs__rosidl_typesupport_fastrtps_cExport-noconfig.cmake
[0.847s] -- Up-to-date: /home/uwr/Desktop/2024_UWR/install/sonar_msgs/share/sonar_msgs/cmake/export_sonar_msgs__rosidl_generator_cppExport.cmake
[0.848s] -- Up-to-date: /home/uwr/Desktop/2024_UWR/install/sonar_msgs/share/sonar_msgs/cmake/export_sonar_msgs__rosidl_typesupport_fastrtps_cppExport.cmake
[0.848s] -- Up-to-date: /home/uwr/Desktop/2024_UWR/install/sonar_msgs/share/sonar_msgs/cmake/export_sonar_msgs__rosidl_typesupport_fastrtps_cppExport-noconfig.cmake
[0.848s] -- Up-to-date: /home/uwr/Desktop/2024_UWR/install/sonar_msgs/share/sonar_msgs/cmake/sonar_msgs__rosidl_typesupport_introspection_cExport.cmake
[0.848s] -- Up-to-date: /home/uwr/Desktop/2024_UWR/install/sonar_msgs/share/sonar_msgs/cmake/sonar_msgs__rosidl_typesupport_introspection_cExport-noconfig.cmake
[0.848s] -- Up-to-date: /home/uwr/Desktop/2024_UWR/install/sonar_msgs/share/sonar_msgs/cmake/sonar_msgs__rosidl_typesupport_cExport.cmake
[0.848s] -- Up-to-date: /home/uwr/Desktop/2024_UWR/install/sonar_msgs/share/sonar_msgs/cmake/sonar_msgs__rosidl_typesupport_cExport-noconfig.cmake
[0.848s] -- Up-to-date: /home/uwr/Desktop/2024_UWR/install/sonar_msgs/share/sonar_msgs/cmake/sonar_msgs__rosidl_typesupport_introspection_cppExport.cmake
[0.848s] -- Up-to-date: /home/uwr/Desktop/2024_UWR/install/sonar_msgs/share/sonar_msgs/cmake/sonar_msgs__rosidl_typesupport_introspection_cppExport-noconfig.cmake
[0.849s] -- Up-to-date: /home/uwr/Desktop/2024_UWR/install/sonar_msgs/share/sonar_msgs/cmake/sonar_msgs__rosidl_typesupport_cppExport.cmake
[0.849s] -- Up-to-date: /home/uwr/Desktop/2024_UWR/install/sonar_msgs/share/sonar_msgs/cmake/sonar_msgs__rosidl_typesupport_cppExport-noconfig.cmake
[0.849s] -- Up-to-date: /home/uwr/Desktop/2024_UWR/install/sonar_msgs/share/sonar_msgs/cmake/export_sonar_msgs__rosidl_generator_pyExport.cmake
[0.849s] -- Up-to-date: /home/uwr/Desktop/2024_UWR/install/sonar_msgs/share/sonar_msgs/cmake/export_sonar_msgs__rosidl_generator_pyExport-noconfig.cmake
[0.849s] -- Up-to-date: /home/uwr/Desktop/2024_UWR/install/sonar_msgs/share/sonar_msgs/cmake/rosidl_cmake-extras.cmake
[0.849s] -- Up-to-date: /home/uwr/Desktop/2024_UWR/install/sonar_msgs/share/sonar_msgs/cmake/ament_cmake_export_dependencies-extras.cmake
[0.849s] -- Up-to-date: /home/uwr/Desktop/2024_UWR/install/sonar_msgs/share/sonar_msgs/cmake/ament_cmake_export_include_directories-extras.cmake
[0.849s] -- Up-to-date: /home/uwr/Desktop/2024_UWR/install/sonar_msgs/share/sonar_msgs/cmake/ament_cmake_export_libraries-extras.cmake
[0.850s] -- Up-to-date: /home/uwr/Desktop/2024_UWR/install/sonar_msgs/share/sonar_msgs/cmake/ament_cmake_export_targets-extras.cmake
[0.850s] -- Up-to-date: /home/uwr/Desktop/2024_UWR/install/sonar_msgs/share/sonar_msgs/cmake/rosidl_cmake_export_typesupport_targets-extras.cmake
[0.850s] -- Up-to-date: /home/uwr/Desktop/2024_UWR/install/sonar_msgs/share/sonar_msgs/cmake/rosidl_cmake_export_typesupport_libraries-extras.cmake
[0.850s] -- Up-to-date: /home/uwr/Desktop/2024_UWR/install/sonar_msgs/share/sonar_msgs/cmake/sonar_msgsConfig.cmake
[0.850s] -- Up-to-date: /home/uwr/Desktop/2024_UWR/install/sonar_msgs/share/sonar_msgs/cmake/sonar_msgsConfig-version.cmake
[0.850s] -- Up-to-date: /home/uwr/Desktop/2024_UWR/install/sonar_msgs/share/sonar_msgs/package.xml
[0.852s] Invoked command in '/home/uwr/Desktop/2024_UWR/build/sonar_msgs' returned '0': CMAKE_PREFIX_PATH=${CMAKE_PREFIX_PATH}:/home/uwr/Desktop/2024_UWR/install/sonar_subs:/opt/ros/humble /usr/bin/cmake --install /home/uwr/Desktop/2024_UWR/build/sonar_msgs
