[0.143s] DEBUG:colcon:Command line arguments: ['/usr/bin/colcon', 'build']
[0.143s] DEBUG:colcon:Parsed command line arguments: Namespace(log_base=None, log_level=None, verb_name='build', build_base='build', install_base='install', merge_install=False, symlink_install=False, test_result_base=None, continue_on_error=False, executor='parallel', parallel_workers=8, event_handlers=None, ignore_user_meta=False, metas=['./colcon.meta'], base_paths=['.'], packages_ignore=None, packages_ignore_regex=None, paths=None, packages_up_to=None, packages_up_to_regex=None, packages_above=None, packages_above_and_dependencies=None, packages_above_depth=None, packages_select_by_dep=None, packages_skip_by_dep=None, packages_skip_up_to=None, packages_select_build_failed=False, packages_skip_build_finished=False, packages_select_test_failures=False, packages_skip_test_passed=False, packages_select=None, packages_skip=None, packages_select_regex=None, packages_skip_regex=None, packages_start=None, packages_end=None, allow_overriding=[], cmake_args=None, cmake_target=None, cmake_target_skip_unavailable=False, cmake_clean_cache=False, cmake_clean_first=False, cmake_force_configure=False, ament_cmake_args=None, catkin_cmake_args=None, catkin_skip_building_tests=False, verb_parser=<colcon_defaults.argument_parser.defaults.DefaultArgumentsDecorator object at 0x7b7c57910b50>, verb_extension=<colcon_core.verb.build.BuildVerb object at 0x7b7c57a096c0>, main=<bound method BuildVerb.main of <colcon_core.verb.build.BuildVerb object at 0x7b7c57a096c0>>)
[0.375s] Level 1:colcon.colcon_core.package_discovery:discover_packages(colcon_meta) check parameters
[0.375s] Level 1:colcon.colcon_core.package_discovery:discover_packages(recursive) check parameters
[0.376s] Level 1:colcon.colcon_core.package_discovery:discover_packages(ignore) check parameters
[0.376s] Level 1:colcon.colcon_core.package_discovery:discover_packages(path) check parameters
[0.376s] Level 1:colcon.colcon_core.package_discovery:discover_packages(colcon_meta) discover
[0.376s] Level 1:colcon.colcon_core.package_discovery:discover_packages(recursive) discover
[0.376s] INFO:colcon.colcon_core.package_discovery:Crawling recursively for packages in '/home/uwr/Desktop/2024_UWR'
[0.376s] Level 1:colcon.colcon_core.package_identification:_identify(.) by extensions ['ignore', 'ignore_ament_install']
[0.376s] Level 1:colcon.colcon_core.package_identification:_identify(.) by extension 'ignore'
[0.376s] Level 1:colcon.colcon_core.package_identification:_identify(.) by extension 'ignore_ament_install'
[0.376s] Level 1:colcon.colcon_core.package_identification:_identify(.) by extensions ['colcon_pkg']
[0.376s] Level 1:colcon.colcon_core.package_identification:_identify(.) by extension 'colcon_pkg'
[0.376s] Level 1:colcon.colcon_core.package_identification:_identify(.) by extensions ['colcon_meta']
[0.376s] Level 1:colcon.colcon_core.package_identification:_identify(.) by extension 'colcon_meta'
[0.376s] Level 1:colcon.colcon_core.package_identification:_identify(.) by extensions ['ros']
[0.376s] Level 1:colcon.colcon_core.package_identification:_identify(.) by extension 'ros'
[0.391s] Level 1:colcon.colcon_core.package_identification:_identify(.) by extensions ['cmake', 'python']
[0.391s] Level 1:colcon.colcon_core.package_identification:_identify(.) by extension 'cmake'
[0.391s] Level 1:colcon.colcon_core.package_identification:_identify(.) by extension 'python'
[0.391s] Level 1:colcon.colcon_core.package_identification:_identify(.) by extensions ['python_setup_py']
[0.391s] Level 1:colcon.colcon_core.package_identification:_identify(.) by extension 'python_setup_py'
[0.391s] Level 1:colcon.colcon_core.package_identification:_identify(Analysis) by extensions ['ignore', 'ignore_ament_install']
[0.392s] Level 1:colcon.colcon_core.package_identification:_identify(Analysis) by extension 'ignore'
[0.392s] Level 1:colcon.colcon_core.package_identification:_identify(Analysis) by extension 'ignore_ament_install'
[0.392s] Level 1:colcon.colcon_core.package_identification:_identify(Analysis) by extensions ['colcon_pkg']
[0.392s] Level 1:colcon.colcon_core.package_identification:_identify(Analysis) by extension 'colcon_pkg'
[0.392s] Level 1:colcon.colcon_core.package_identification:_identify(Analysis) by extensions ['colcon_meta']
[0.392s] Level 1:colcon.colcon_core.package_identification:_identify(Analysis) by extension 'colcon_meta'
[0.392s] Level 1:colcon.colcon_core.package_identification:_identify(Analysis) by extensions ['ros']
[0.392s] Level 1:colcon.colcon_core.package_identification:_identify(Analysis) by extension 'ros'
[0.392s] Level 1:colcon.colcon_core.package_identification:_identify(Analysis) by extensions ['cmake', 'python']
[0.392s] Level 1:colcon.colcon_core.package_identification:_identify(Analysis) by extension 'cmake'
[0.392s] Level 1:colcon.colcon_core.package_identification:_identify(Analysis) by extension 'python'
[0.392s] Level 1:colcon.colcon_core.package_identification:_identify(Analysis) by extensions ['python_setup_py']
[0.392s] Level 1:colcon.colcon_core.package_identification:_identify(Analysis) by extension 'python_setup_py'
[0.392s] Level 1:colcon.colcon_core.package_identification:_identify(build) by extensions ['ignore', 'ignore_ament_install']
[0.393s] Level 1:colcon.colcon_core.package_identification:_identify(build) by extension 'ignore'
[0.393s] Level 1:colcon.colcon_core.package_identification:_identify(build) ignored
[0.393s] Level 1:colcon.colcon_core.package_identification:_identify(default_path.csv2024_10_09_10_34_38.bag) by extensions ['ignore', 'ignore_ament_install']
[0.393s] Level 1:colcon.colcon_core.package_identification:_identify(default_path.csv2024_10_09_10_34_38.bag) by extension 'ignore'
[0.393s] Level 1:colcon.colcon_core.package_identification:_identify(default_path.csv2024_10_09_10_34_38.bag) by extension 'ignore_ament_install'
[0.393s] Level 1:colcon.colcon_core.package_identification:_identify(default_path.csv2024_10_09_10_34_38.bag) by extensions ['colcon_pkg']
[0.393s] Level 1:colcon.colcon_core.package_identification:_identify(default_path.csv2024_10_09_10_34_38.bag) by extension 'colcon_pkg'
[0.393s] Level 1:colcon.colcon_core.package_identification:_identify(default_path.csv2024_10_09_10_34_38.bag) by extensions ['colcon_meta']
[0.393s] Level 1:colcon.colcon_core.package_identification:_identify(default_path.csv2024_10_09_10_34_38.bag) by extension 'colcon_meta'
[0.393s] Level 1:colcon.colcon_core.package_identification:_identify(default_path.csv2024_10_09_10_34_38.bag) by extensions ['ros']
[0.393s] Level 1:colcon.colcon_core.package_identification:_identify(default_path.csv2024_10_09_10_34_38.bag) by extension 'ros'
[0.393s] Level 1:colcon.colcon_core.package_identification:_identify(default_path.csv2024_10_09_10_34_38.bag) by extensions ['cmake', 'python']
[0.393s] Level 1:colcon.colcon_core.package_identification:_identify(default_path.csv2024_10_09_10_34_38.bag) by extension 'cmake'
[0.393s] Level 1:colcon.colcon_core.package_identification:_identify(default_path.csv2024_10_09_10_34_38.bag) by extension 'python'
[0.393s] Level 1:colcon.colcon_core.package_identification:_identify(default_path.csv2024_10_09_10_34_38.bag) by extensions ['python_setup_py']
[0.393s] Level 1:colcon.colcon_core.package_identification:_identify(default_path.csv2024_10_09_10_34_38.bag) by extension 'python_setup_py'
[0.394s] Level 1:colcon.colcon_core.package_identification:_identify(default_path.csv2024_10_09_11_09_21.bag) by extensions ['ignore', 'ignore_ament_install']
[0.394s] Level 1:colcon.colcon_core.package_identification:_identify(default_path.csv2024_10_09_11_09_21.bag) by extension 'ignore'
[0.394s] Level 1:colcon.colcon_core.package_identification:_identify(default_path.csv2024_10_09_11_09_21.bag) by extension 'ignore_ament_install'
[0.394s] Level 1:colcon.colcon_core.package_identification:_identify(default_path.csv2024_10_09_11_09_21.bag) by extensions ['colcon_pkg']
[0.394s] Level 1:colcon.colcon_core.package_identification:_identify(default_path.csv2024_10_09_11_09_21.bag) by extension 'colcon_pkg'
[0.394s] Level 1:colcon.colcon_core.package_identification:_identify(default_path.csv2024_10_09_11_09_21.bag) by extensions ['colcon_meta']
[0.394s] Level 1:colcon.colcon_core.package_identification:_identify(default_path.csv2024_10_09_11_09_21.bag) by extension 'colcon_meta'
[0.394s] Level 1:colcon.colcon_core.package_identification:_identify(default_path.csv2024_10_09_11_09_21.bag) by extensions ['ros']
[0.394s] Level 1:colcon.colcon_core.package_identification:_identify(default_path.csv2024_10_09_11_09_21.bag) by extension 'ros'
[0.394s] Level 1:colcon.colcon_core.package_identification:_identify(default_path.csv2024_10_09_11_09_21.bag) by extensions ['cmake', 'python']
[0.394s] Level 1:colcon.colcon_core.package_identification:_identify(default_path.csv2024_10_09_11_09_21.bag) by extension 'cmake'
[0.394s] Level 1:colcon.colcon_core.package_identification:_identify(default_path.csv2024_10_09_11_09_21.bag) by extension 'python'
[0.394s] Level 1:colcon.colcon_core.package_identification:_identify(default_path.csv2024_10_09_11_09_21.bag) by extensions ['python_setup_py']
[0.394s] Level 1:colcon.colcon_core.package_identification:_identify(default_path.csv2024_10_09_11_09_21.bag) by extension 'python_setup_py'
[0.394s] Level 1:colcon.colcon_core.package_identification:_identify(install) by extensions ['ignore', 'ignore_ament_install']
[0.395s] Level 1:colcon.colcon_core.package_identification:_identify(install) by extension 'ignore'
[0.395s] Level 1:colcon.colcon_core.package_identification:_identify(install) ignored
[0.395s] Level 1:colcon.colcon_core.package_identification:_identify(log) by extensions ['ignore', 'ignore_ament_install']
[0.395s] Level 1:colcon.colcon_core.package_identification:_identify(log) by extension 'ignore'
[0.395s] Level 1:colcon.colcon_core.package_identification:_identify(log) ignored
[0.395s] Level 1:colcon.colcon_core.package_identification:_identify(src) by extensions ['ignore', 'ignore_ament_install']
[0.395s] Level 1:colcon.colcon_core.package_identification:_identify(src) by extension 'ignore'
[0.395s] Level 1:colcon.colcon_core.package_identification:_identify(src) by extension 'ignore_ament_install'
[0.395s] Level 1:colcon.colcon_core.package_identification:_identify(src) by extensions ['colcon_pkg']
[0.395s] Level 1:colcon.colcon_core.package_identification:_identify(src) by extension 'colcon_pkg'
[0.395s] Level 1:colcon.colcon_core.package_identification:_identify(src) by extensions ['colcon_meta']
[0.396s] Level 1:colcon.colcon_core.package_identification:_identify(src) by extension 'colcon_meta'
[0.396s] Level 1:colcon.colcon_core.package_identification:_identify(src) by extensions ['ros']
[0.396s] Level 1:colcon.colcon_core.package_identification:_identify(src) by extension 'ros'
[0.396s] Level 1:colcon.colcon_core.package_identification:_identify(src) by extensions ['cmake', 'python']
[0.396s] Level 1:colcon.colcon_core.package_identification:_identify(src) by extension 'cmake'
[0.396s] Level 1:colcon.colcon_core.package_identification:_identify(src) by extension 'python'
[0.396s] Level 1:colcon.colcon_core.package_identification:_identify(src) by extensions ['python_setup_py']
[0.396s] Level 1:colcon.colcon_core.package_identification:_identify(src) by extension 'python_setup_py'
[0.396s] Level 1:colcon.colcon_core.package_identification:_identify(src/kalman_filter) by extensions ['ignore', 'ignore_ament_install']
[0.396s] Level 1:colcon.colcon_core.package_identification:_identify(src/kalman_filter) by extension 'ignore'
[0.396s] Level 1:colcon.colcon_core.package_identification:_identify(src/kalman_filter) by extension 'ignore_ament_install'
[0.396s] Level 1:colcon.colcon_core.package_identification:_identify(src/kalman_filter) by extensions ['colcon_pkg']
[0.396s] Level 1:colcon.colcon_core.package_identification:_identify(src/kalman_filter) by extension 'colcon_pkg'
[0.396s] Level 1:colcon.colcon_core.package_identification:_identify(src/kalman_filter) by extensions ['colcon_meta']
[0.396s] Level 1:colcon.colcon_core.package_identification:_identify(src/kalman_filter) by extension 'colcon_meta'
[0.396s] Level 1:colcon.colcon_core.package_identification:_identify(src/kalman_filter) by extensions ['ros']
[0.397s] Level 1:colcon.colcon_core.package_identification:_identify(src/kalman_filter) by extension 'ros'
[0.400s] DEBUG:colcon.colcon_core.package_identification:Package 'src/kalman_filter' with type 'ros.ament_cmake' and name 'kalman_filter'
[0.400s] Level 1:colcon.colcon_core.package_identification:_identify(src/ntrip) by extensions ['ignore', 'ignore_ament_install']
[0.400s] Level 1:colcon.colcon_core.package_identification:_identify(src/ntrip) by extension 'ignore'
[0.400s] Level 1:colcon.colcon_core.package_identification:_identify(src/ntrip) by extension 'ignore_ament_install'
[0.400s] Level 1:colcon.colcon_core.package_identification:_identify(src/ntrip) by extensions ['colcon_pkg']
[0.400s] Level 1:colcon.colcon_core.package_identification:_identify(src/ntrip) by extension 'colcon_pkg'
[0.400s] Level 1:colcon.colcon_core.package_identification:_identify(src/ntrip) by extensions ['colcon_meta']
[0.400s] Level 1:colcon.colcon_core.package_identification:_identify(src/ntrip) by extension 'colcon_meta'
[0.400s] Level 1:colcon.colcon_core.package_identification:_identify(src/ntrip) by extensions ['ros']
[0.400s] Level 1:colcon.colcon_core.package_identification:_identify(src/ntrip) by extension 'ros'
[0.402s] DEBUG:colcon.colcon_core.package_identification:Package 'src/ntrip' with type 'ros.ament_cmake' and name 'ntrip'
[0.402s] Level 1:colcon.colcon_core.package_identification:_identify(src/sonar_msgs) by extensions ['ignore', 'ignore_ament_install']
[0.402s] Level 1:colcon.colcon_core.package_identification:_identify(src/sonar_msgs) by extension 'ignore'
[0.402s] Level 1:colcon.colcon_core.package_identification:_identify(src/sonar_msgs) by extension 'ignore_ament_install'
[0.402s] Level 1:colcon.colcon_core.package_identification:_identify(src/sonar_msgs) by extensions ['colcon_pkg']
[0.402s] Level 1:colcon.colcon_core.package_identification:_identify(src/sonar_msgs) by extension 'colcon_pkg'
[0.402s] Level 1:colcon.colcon_core.package_identification:_identify(src/sonar_msgs) by extensions ['colcon_meta']
[0.402s] Level 1:colcon.colcon_core.package_identification:_identify(src/sonar_msgs) by extension 'colcon_meta'
[0.402s] Level 1:colcon.colcon_core.package_identification:_identify(src/sonar_msgs) by extensions ['ros']
[0.402s] Level 1:colcon.colcon_core.package_identification:_identify(src/sonar_msgs) by extension 'ros'
[0.403s] DEBUG:colcon.colcon_core.package_identification:Package 'src/sonar_msgs' with type 'ros.ament_cmake' and name 'sonar_msgs'
[0.403s] Level 1:colcon.colcon_core.package_identification:_identify(src/sonar_subs) by extensions ['ignore', 'ignore_ament_install']
[0.403s] Level 1:colcon.colcon_core.package_identification:_identify(src/sonar_subs) by extension 'ignore'
[0.403s] Level 1:colcon.colcon_core.package_identification:_identify(src/sonar_subs) by extension 'ignore_ament_install'
[0.403s] Level 1:colcon.colcon_core.package_identification:_identify(src/sonar_subs) by extensions ['colcon_pkg']
[0.404s] Level 1:colcon.colcon_core.package_identification:_identify(src/sonar_subs) by extension 'colcon_pkg'
[0.404s] Level 1:colcon.colcon_core.package_identification:_identify(src/sonar_subs) by extensions ['colcon_meta']
[0.404s] Level 1:colcon.colcon_core.package_identification:_identify(src/sonar_subs) by extension 'colcon_meta'
[0.404s] Level 1:colcon.colcon_core.package_identification:_identify(src/sonar_subs) by extensions ['ros']
[0.404s] Level 1:colcon.colcon_core.package_identification:_identify(src/sonar_subs) by extension 'ros'
[0.404s] DEBUG:colcon.colcon_core.package_identification:Package 'src/sonar_subs' with type 'ros.ament_python' and name 'sonar_subs'
[0.405s] Level 1:colcon.colcon_core.package_identification:_identify(src/xsens_mti_ros2_driver) by extensions ['ignore', 'ignore_ament_install']
[0.405s] Level 1:colcon.colcon_core.package_identification:_identify(src/xsens_mti_ros2_driver) by extension 'ignore'
[0.405s] Level 1:colcon.colcon_core.package_identification:_identify(src/xsens_mti_ros2_driver) by extension 'ignore_ament_install'
[0.405s] Level 1:colcon.colcon_core.package_identification:_identify(src/xsens_mti_ros2_driver) by extensions ['colcon_pkg']
[0.405s] Level 1:colcon.colcon_core.package_identification:_identify(src/xsens_mti_ros2_driver) by extension 'colcon_pkg'
[0.405s] Level 1:colcon.colcon_core.package_identification:_identify(src/xsens_mti_ros2_driver) by extensions ['colcon_meta']
[0.405s] Level 1:colcon.colcon_core.package_identification:_identify(src/xsens_mti_ros2_driver) by extension 'colcon_meta'
[0.405s] Level 1:colcon.colcon_core.package_identification:_identify(src/xsens_mti_ros2_driver) by extensions ['ros']
[0.405s] Level 1:colcon.colcon_core.package_identification:_identify(src/xsens_mti_ros2_driver) by extension 'ros'
[0.406s] DEBUG:colcon.colcon_core.package_identification:Package 'src/xsens_mti_ros2_driver' with type 'ros.ament_cmake' and name 'xsens_mti_ros2_driver'
[0.406s] Level 1:colcon.colcon_core.package_discovery:discover_packages(recursive) using defaults
[0.406s] Level 1:colcon.colcon_core.package_discovery:discover_packages(ignore) discover
[0.406s] Level 1:colcon.colcon_core.package_discovery:discover_packages(ignore) using defaults
[0.406s] Level 1:colcon.colcon_core.package_discovery:discover_packages(path) discover
[0.406s] Level 1:colcon.colcon_core.package_discovery:discover_packages(path) using defaults
[0.434s] Level 1:colcon.colcon_core.package_discovery:discover_packages(prefix_path) check parameters
[0.434s] Level 1:colcon.colcon_core.package_discovery:discover_packages(prefix_path) discover
[0.437s] DEBUG:colcon.colcon_installed_package_information.package_discovery:Found 5 installed packages in /home/uwr/Desktop/2024_UWR/install
[0.438s] DEBUG:colcon.colcon_installed_package_information.package_discovery:Found 280 installed packages in /opt/ros/humble
[0.449s] Level 1:colcon.colcon_core.package_discovery:discover_packages(prefix_path) using defaults
[0.499s] Level 5:colcon.colcon_core.verb:set package 'ntrip' build argument 'cmake_args' from command line to 'None'
[0.499s] Level 5:colcon.colcon_core.verb:set package 'ntrip' build argument 'cmake_target' from command line to 'None'
[0.499s] Level 5:colcon.colcon_core.verb:set package 'ntrip' build argument 'cmake_target_skip_unavailable' from command line to 'False'
[0.499s] Level 5:colcon.colcon_core.verb:set package 'ntrip' build argument 'cmake_clean_cache' from command line to 'False'
[0.499s] Level 5:colcon.colcon_core.verb:set package 'ntrip' build argument 'cmake_clean_first' from command line to 'False'
[0.499s] Level 5:colcon.colcon_core.verb:set package 'ntrip' build argument 'cmake_force_configure' from command line to 'False'
[0.500s] Level 5:colcon.colcon_core.verb:set package 'ntrip' build argument 'ament_cmake_args' from command line to 'None'
[0.500s] Level 5:colcon.colcon_core.verb:set package 'ntrip' build argument 'catkin_cmake_args' from command line to 'None'
[0.500s] Level 5:colcon.colcon_core.verb:set package 'ntrip' build argument 'catkin_skip_building_tests' from command line to 'False'
[0.500s] DEBUG:colcon.colcon_core.verb:Building package 'ntrip' with the following arguments: {'ament_cmake_args': None, 'build_base': '/home/uwr/Desktop/2024_UWR/build/ntrip', 'catkin_cmake_args': None, 'catkin_skip_building_tests': False, 'cmake_args': None, 'cmake_clean_cache': False, 'cmake_clean_first': False, 'cmake_force_configure': False, 'cmake_target': None, 'cmake_target_skip_unavailable': False, 'install_base': '/home/uwr/Desktop/2024_UWR/install/ntrip', 'merge_install': False, 'path': '/home/uwr/Desktop/2024_UWR/src/ntrip', 'symlink_install': False, 'test_result_base': None}
[0.500s] Level 5:colcon.colcon_core.verb:set package 'sonar_msgs' build argument 'cmake_args' from command line to 'None'
[0.500s] Level 5:colcon.colcon_core.verb:set package 'sonar_msgs' build argument 'cmake_target' from command line to 'None'
[0.500s] Level 5:colcon.colcon_core.verb:set package 'sonar_msgs' build argument 'cmake_target_skip_unavailable' from command line to 'False'
[0.500s] Level 5:colcon.colcon_core.verb:set package 'sonar_msgs' build argument 'cmake_clean_cache' from command line to 'False'
[0.500s] Level 5:colcon.colcon_core.verb:set package 'sonar_msgs' build argument 'cmake_clean_first' from command line to 'False'
[0.500s] Level 5:colcon.colcon_core.verb:set package 'sonar_msgs' build argument 'cmake_force_configure' from command line to 'False'
[0.500s] Level 5:colcon.colcon_core.verb:set package 'sonar_msgs' build argument 'ament_cmake_args' from command line to 'None'
[0.500s] Level 5:colcon.colcon_core.verb:set package 'sonar_msgs' build argument 'catkin_cmake_args' from command line to 'None'
[0.500s] Level 5:colcon.colcon_core.verb:set package 'sonar_msgs' build argument 'catkin_skip_building_tests' from command line to 'False'
[0.500s] DEBUG:colcon.colcon_core.verb:Building package 'sonar_msgs' with the following arguments: {'ament_cmake_args': None, 'build_base': '/home/uwr/Desktop/2024_UWR/build/sonar_msgs', 'catkin_cmake_args': None, 'catkin_skip_building_tests': False, 'cmake_args': None, 'cmake_clean_cache': False, 'cmake_clean_first': False, 'cmake_force_configure': False, 'cmake_target': None, 'cmake_target_skip_unavailable': False, 'install_base': '/home/uwr/Desktop/2024_UWR/install/sonar_msgs', 'merge_install': False, 'path': '/home/uwr/Desktop/2024_UWR/src/sonar_msgs', 'symlink_install': False, 'test_result_base': None}
[0.501s] Level 5:colcon.colcon_core.verb:set package 'xsens_mti_ros2_driver' build argument 'cmake_args' from command line to 'None'
[0.501s] Level 5:colcon.colcon_core.verb:set package 'xsens_mti_ros2_driver' build argument 'cmake_target' from command line to 'None'
[0.501s] Level 5:colcon.colcon_core.verb:set package 'xsens_mti_ros2_driver' build argument 'cmake_target_skip_unavailable' from command line to 'False'
[0.501s] Level 5:colcon.colcon_core.verb:set package 'xsens_mti_ros2_driver' build argument 'cmake_clean_cache' from command line to 'False'
[0.501s] Level 5:colcon.colcon_core.verb:set package 'xsens_mti_ros2_driver' build argument 'cmake_clean_first' from command line to 'False'
[0.501s] Level 5:colcon.colcon_core.verb:set package 'xsens_mti_ros2_driver' build argument 'cmake_force_configure' from command line to 'False'
[0.501s] Level 5:colcon.colcon_core.verb:set package 'xsens_mti_ros2_driver' build argument 'ament_cmake_args' from command line to 'None'
[0.501s] Level 5:colcon.colcon_core.verb:set package 'xsens_mti_ros2_driver' build argument 'catkin_cmake_args' from command line to 'None'
[0.501s] Level 5:colcon.colcon_core.verb:set package 'xsens_mti_ros2_driver' build argument 'catkin_skip_building_tests' from command line to 'False'
[0.501s] DEBUG:colcon.colcon_core.verb:Building package 'xsens_mti_ros2_driver' with the following arguments: {'ament_cmake_args': None, 'build_base': '/home/uwr/Desktop/2024_UWR/build/xsens_mti_ros2_driver', 'catkin_cmake_args': None, 'catkin_skip_building_tests': False, 'cmake_args': None, 'cmake_clean_cache': False, 'cmake_clean_first': False, 'cmake_force_configure': False, 'cmake_target': None, 'cmake_target_skip_unavailable': False, 'install_base': '/home/uwr/Desktop/2024_UWR/install/xsens_mti_ros2_driver', 'merge_install': False, 'path': '/home/uwr/Desktop/2024_UWR/src/xsens_mti_ros2_driver', 'symlink_install': False, 'test_result_base': None}
[0.502s] Level 5:colcon.colcon_core.verb:set package 'kalman_filter' build argument 'cmake_args' from command line to 'None'
[0.502s] Level 5:colcon.colcon_core.verb:set package 'kalman_filter' build argument 'cmake_target' from command line to 'None'
[0.502s] Level 5:colcon.colcon_core.verb:set package 'kalman_filter' build argument 'cmake_target_skip_unavailable' from command line to 'False'
[0.502s] Level 5:colcon.colcon_core.verb:set package 'kalman_filter' build argument 'cmake_clean_cache' from command line to 'False'
[0.502s] Level 5:colcon.colcon_core.verb:set package 'kalman_filter' build argument 'cmake_clean_first' from command line to 'False'
[0.502s] Level 5:colcon.colcon_core.verb:set package 'kalman_filter' build argument 'cmake_force_configure' from command line to 'False'
[0.502s] Level 5:colcon.colcon_core.verb:set package 'kalman_filter' build argument 'ament_cmake_args' from command line to 'None'
[0.502s] Level 5:colcon.colcon_core.verb:set package 'kalman_filter' build argument 'catkin_cmake_args' from command line to 'None'
[0.502s] Level 5:colcon.colcon_core.verb:set package 'kalman_filter' build argument 'catkin_skip_building_tests' from command line to 'False'
[0.502s] DEBUG:colcon.colcon_core.verb:Building package 'kalman_filter' with the following arguments: {'ament_cmake_args': None, 'build_base': '/home/uwr/Desktop/2024_UWR/build/kalman_filter', 'catkin_cmake_args': None, 'catkin_skip_building_tests': False, 'cmake_args': None, 'cmake_clean_cache': False, 'cmake_clean_first': False, 'cmake_force_configure': False, 'cmake_target': None, 'cmake_target_skip_unavailable': False, 'install_base': '/home/uwr/Desktop/2024_UWR/install/kalman_filter', 'merge_install': False, 'path': '/home/uwr/Desktop/2024_UWR/src/kalman_filter', 'symlink_install': False, 'test_result_base': None}
[0.503s] Level 5:colcon.colcon_core.verb:set package 'sonar_subs' build argument 'cmake_args' from command line to 'None'
[0.503s] Level 5:colcon.colcon_core.verb:set package 'sonar_subs' build argument 'cmake_target' from command line to 'None'
[0.503s] Level 5:colcon.colcon_core.verb:set package 'sonar_subs' build argument 'cmake_target_skip_unavailable' from command line to 'False'
[0.503s] Level 5:colcon.colcon_core.verb:set package 'sonar_subs' build argument 'cmake_clean_cache' from command line to 'False'
[0.503s] Level 5:colcon.colcon_core.verb:set package 'sonar_subs' build argument 'cmake_clean_first' from command line to 'False'
[0.503s] Level 5:colcon.colcon_core.verb:set package 'sonar_subs' build argument 'cmake_force_configure' from command line to 'False'
[0.503s] Level 5:colcon.colcon_core.verb:set package 'sonar_subs' build argument 'ament_cmake_args' from command line to 'None'
[0.503s] Level 5:colcon.colcon_core.verb:set package 'sonar_subs' build argument 'catkin_cmake_args' from command line to 'None'
[0.503s] Level 5:colcon.colcon_core.verb:set package 'sonar_subs' build argument 'catkin_skip_building_tests' from command line to 'False'
[0.503s] DEBUG:colcon.colcon_core.verb:Building package 'sonar_subs' with the following arguments: {'ament_cmake_args': None, 'build_base': '/home/uwr/Desktop/2024_UWR/build/sonar_subs', 'catkin_cmake_args': None, 'catkin_skip_building_tests': False, 'cmake_args': None, 'cmake_clean_cache': False, 'cmake_clean_first': False, 'cmake_force_configure': False, 'cmake_target': None, 'cmake_target_skip_unavailable': False, 'install_base': '/home/uwr/Desktop/2024_UWR/install/sonar_subs', 'merge_install': False, 'path': '/home/uwr/Desktop/2024_UWR/src/sonar_subs', 'symlink_install': False, 'test_result_base': None}
[0.503s] INFO:colcon.colcon_core.executor:Executing jobs using 'parallel' executor
[0.505s] DEBUG:colcon.colcon_parallel_executor.executor.parallel:run_until_complete
[0.505s] INFO:colcon.colcon_ros.task.ament_cmake.build:Building ROS package in '/home/uwr/Desktop/2024_UWR/src/sonar_msgs' with build type 'ament_cmake'
[0.505s] INFO:colcon.colcon_cmake.task.cmake.build:Building CMake package in '/home/uwr/Desktop/2024_UWR/src/sonar_msgs'
[0.508s] INFO:colcon.colcon_core.plugin_system:Skipping extension 'colcon_core.shell.bat': Not used on non-Windows systems
[0.508s] INFO:colcon.colcon_core.shell:Skip shell extension 'powershell' for command environment: Not usable outside of PowerShell
[0.508s] DEBUG:colcon.colcon_core.shell:Skip shell extension 'dsv' for command environment
[0.512s] INFO:colcon.colcon_ros.task.ament_cmake.build:Building ROS package in '/home/uwr/Desktop/2024_UWR/src/ntrip' with build type 'ament_cmake'
[0.512s] INFO:colcon.colcon_cmake.task.cmake.build:Building CMake package in '/home/uwr/Desktop/2024_UWR/src/ntrip'
[0.513s] INFO:colcon.colcon_core.shell:Skip shell extension 'powershell' for command environment: Not usable outside of PowerShell
[0.513s] DEBUG:colcon.colcon_core.shell:Skip shell extension 'dsv' for command environment
[0.518s] INFO:colcon.colcon_ros.task.ament_cmake.build:Building ROS package in '/home/uwr/Desktop/2024_UWR/src/xsens_mti_ros2_driver' with build type 'ament_cmake'
[0.518s] INFO:colcon.colcon_cmake.task.cmake.build:Building CMake package in '/home/uwr/Desktop/2024_UWR/src/xsens_mti_ros2_driver'
[0.519s] INFO:colcon.colcon_core.shell:Skip shell extension 'powershell' for command environment: Not usable outside of PowerShell
[0.519s] DEBUG:colcon.colcon_core.shell:Skip shell extension 'dsv' for command environment
[0.533s] DEBUG:colcon.colcon_core.event_handler.log_command:Invoking command in '/home/uwr/Desktop/2024_UWR/build/sonar_msgs': CMAKE_PREFIX_PATH=${CMAKE_PREFIX_PATH}:/home/uwr/Desktop/2024_UWR/install/sonar_subs:/opt/ros/humble /usr/bin/cmake --build /home/uwr/Desktop/2024_UWR/build/sonar_msgs -- -j8 -l8
[0.540s] DEBUG:colcon.colcon_core.event_handler.log_command:Invoking command in '/home/uwr/Desktop/2024_UWR/build/ntrip': CMAKE_PREFIX_PATH=${CMAKE_PREFIX_PATH}:/home/uwr/Desktop/2024_UWR/install/sonar_subs:/opt/ros/humble /usr/bin/cmake --build /home/uwr/Desktop/2024_UWR/build/ntrip -- -j8 -l8
[0.545s] DEBUG:colcon.colcon_core.event_handler.log_command:Invoking command in '/home/uwr/Desktop/2024_UWR/build/xsens_mti_ros2_driver': CMAKE_PREFIX_PATH=${CMAKE_PREFIX_PATH}:/home/uwr/Desktop/2024_UWR/install/sonar_subs:/opt/ros/humble /usr/bin/cmake --build /home/uwr/Desktop/2024_UWR/build/xsens_mti_ros2_driver -- -j8 -l8
[0.693s] DEBUG:colcon.colcon_core.event_handler.log_command:Invoked command in '/home/uwr/Desktop/2024_UWR/build/ntrip' returned '0': CMAKE_PREFIX_PATH=${CMAKE_PREFIX_PATH}:/home/uwr/Desktop/2024_UWR/install/sonar_subs:/opt/ros/humble /usr/bin/cmake --build /home/uwr/Desktop/2024_UWR/build/ntrip -- -j8 -l8
[0.804s] DEBUG:colcon.colcon_core.event_handler.log_command:Invoking command in '/home/uwr/Desktop/2024_UWR/build/ntrip': CMAKE_PREFIX_PATH=${CMAKE_PREFIX_PATH}:/home/uwr/Desktop/2024_UWR/install/sonar_subs:/opt/ros/humble /usr/bin/cmake --install /home/uwr/Desktop/2024_UWR/build/ntrip
[0.821s] Level 1:colcon.colcon_core.environment:create_environment_scripts_only(ntrip)
[0.822s] DEBUG:colcon.colcon_core.event_handler.log_command:Invoked command in '/home/uwr/Desktop/2024_UWR/build/ntrip' returned '0': CMAKE_PREFIX_PATH=${CMAKE_PREFIX_PATH}:/home/uwr/Desktop/2024_UWR/install/sonar_subs:/opt/ros/humble /usr/bin/cmake --install /home/uwr/Desktop/2024_UWR/build/ntrip
[0.829s] Level 1:colcon.colcon_core.environment:checking '/home/uwr/Desktop/2024_UWR/install/ntrip' for CMake module files
[0.830s] Level 1:colcon.colcon_core.environment:checking '/home/uwr/Desktop/2024_UWR/install/ntrip' for CMake config files
[0.831s] Level 1:colcon.colcon_core.shell:create_environment_hook('ntrip', 'cmake_prefix_path')
[0.832s] INFO:colcon.colcon_core.shell:Creating environment hook '/home/uwr/Desktop/2024_UWR/install/ntrip/share/ntrip/hook/cmake_prefix_path.ps1'
[0.833s] INFO:colcon.colcon_core.shell:Creating environment descriptor '/home/uwr/Desktop/2024_UWR/install/ntrip/share/ntrip/hook/cmake_prefix_path.dsv'
[0.834s] INFO:colcon.colcon_core.shell:Creating environment hook '/home/uwr/Desktop/2024_UWR/install/ntrip/share/ntrip/hook/cmake_prefix_path.sh'
[0.837s] Level 1:colcon.colcon_core.environment:checking '/home/uwr/Desktop/2024_UWR/install/ntrip/lib'
[0.838s] Level 1:colcon.colcon_core.environment:checking '/home/uwr/Desktop/2024_UWR/install/ntrip/bin'
[0.838s] Level 1:colcon.colcon_core.environment:checking '/home/uwr/Desktop/2024_UWR/install/ntrip/lib/pkgconfig/ntrip.pc'
[0.838s] Level 1:colcon.colcon_core.environment:checking '/home/uwr/Desktop/2024_UWR/install/ntrip/lib/python3.10/site-packages'
[0.839s] Level 1:colcon.colcon_core.environment:checking '/home/uwr/Desktop/2024_UWR/install/ntrip/bin'
[0.840s] INFO:colcon.colcon_core.shell:Creating package script '/home/uwr/Desktop/2024_UWR/install/ntrip/share/ntrip/package.ps1'
[0.842s] INFO:colcon.colcon_core.shell:Creating package descriptor '/home/uwr/Desktop/2024_UWR/install/ntrip/share/ntrip/package.dsv'
[0.844s] INFO:colcon.colcon_core.shell:Creating package script '/home/uwr/Desktop/2024_UWR/install/ntrip/share/ntrip/package.sh'
[0.846s] INFO:colcon.colcon_core.shell:Creating package script '/home/uwr/Desktop/2024_UWR/install/ntrip/share/ntrip/package.bash'
[0.848s] INFO:colcon.colcon_core.shell:Creating package script '/home/uwr/Desktop/2024_UWR/install/ntrip/share/ntrip/package.zsh'
[0.850s] Level 1:colcon.colcon_core.environment:create_file_with_runtime_dependencies(/home/uwr/Desktop/2024_UWR/install/ntrip/share/colcon-core/packages/ntrip)
[0.927s] Level 1:colcon.colcon_core.environment:create_environment_scripts_only(ntrip)
[0.928s] Level 1:colcon.colcon_core.environment:checking '/home/uwr/Desktop/2024_UWR/install/ntrip' for CMake module files
[0.929s] Level 1:colcon.colcon_core.environment:checking '/home/uwr/Desktop/2024_UWR/install/ntrip' for CMake config files
[0.930s] Level 1:colcon.colcon_core.shell:create_environment_hook('ntrip', 'cmake_prefix_path')
[0.930s] INFO:colcon.colcon_core.shell:Creating environment hook '/home/uwr/Desktop/2024_UWR/install/ntrip/share/ntrip/hook/cmake_prefix_path.ps1'
[0.931s] INFO:colcon.colcon_core.shell:Creating environment descriptor '/home/uwr/Desktop/2024_UWR/install/ntrip/share/ntrip/hook/cmake_prefix_path.dsv'
[0.932s] INFO:colcon.colcon_core.shell:Creating environment hook '/home/uwr/Desktop/2024_UWR/install/ntrip/share/ntrip/hook/cmake_prefix_path.sh'
[0.934s] Level 1:colcon.colcon_core.environment:checking '/home/uwr/Desktop/2024_UWR/install/ntrip/lib'
[0.934s] Level 1:colcon.colcon_core.environment:checking '/home/uwr/Desktop/2024_UWR/install/ntrip/bin'
[0.934s] Level 1:colcon.colcon_core.environment:checking '/home/uwr/Desktop/2024_UWR/install/ntrip/lib/pkgconfig/ntrip.pc'
[0.935s] Level 1:colcon.colcon_core.environment:checking '/home/uwr/Desktop/2024_UWR/install/ntrip/lib/python3.10/site-packages'
[0.936s] Level 1:colcon.colcon_core.environment:checking '/home/uwr/Desktop/2024_UWR/install/ntrip/bin'
[0.937s] INFO:colcon.colcon_core.shell:Creating package script '/home/uwr/Desktop/2024_UWR/install/ntrip/share/ntrip/package.ps1'
[0.938s] INFO:colcon.colcon_core.shell:Creating package descriptor '/home/uwr/Desktop/2024_UWR/install/ntrip/share/ntrip/package.dsv'
[0.940s] INFO:colcon.colcon_core.shell:Creating package script '/home/uwr/Desktop/2024_UWR/install/ntrip/share/ntrip/package.sh'
[0.941s] INFO:colcon.colcon_core.shell:Creating package script '/home/uwr/Desktop/2024_UWR/install/ntrip/share/ntrip/package.bash'
[0.942s] INFO:colcon.colcon_core.shell:Creating package script '/home/uwr/Desktop/2024_UWR/install/ntrip/share/ntrip/package.zsh'
[0.943s] Level 1:colcon.colcon_core.environment:create_file_with_runtime_dependencies(/home/uwr/Desktop/2024_UWR/install/ntrip/share/colcon-core/packages/ntrip)
[1.268s] DEBUG:colcon.colcon_core.event_handler.log_command:Invoked command in '/home/uwr/Desktop/2024_UWR/build/xsens_mti_ros2_driver' returned '0': CMAKE_PREFIX_PATH=${CMAKE_PREFIX_PATH}:/home/uwr/Desktop/2024_UWR/install/sonar_subs:/opt/ros/humble /usr/bin/cmake --build /home/uwr/Desktop/2024_UWR/build/xsens_mti_ros2_driver -- -j8 -l8
[1.276s] DEBUG:colcon.colcon_core.event_handler.log_command:Invoked command in '/home/uwr/Desktop/2024_UWR/build/sonar_msgs' returned '0': CMAKE_PREFIX_PATH=${CMAKE_PREFIX_PATH}:/home/uwr/Desktop/2024_UWR/install/sonar_subs:/opt/ros/humble /usr/bin/cmake --build /home/uwr/Desktop/2024_UWR/build/sonar_msgs -- -j8 -l8
[1.377s] DEBUG:colcon.colcon_core.event_handler.log_command:Invoking command in '/home/uwr/Desktop/2024_UWR/build/xsens_mti_ros2_driver': CMAKE_PREFIX_PATH=${CMAKE_PREFIX_PATH}:/home/uwr/Desktop/2024_UWR/install/sonar_subs:/opt/ros/humble /usr/bin/cmake --install /home/uwr/Desktop/2024_UWR/build/xsens_mti_ros2_driver
[1.415s] DEBUG:colcon.colcon_core.event_handler.log_command:Invoking command in '/home/uwr/Desktop/2024_UWR/build/sonar_msgs': CMAKE_PREFIX_PATH=${CMAKE_PREFIX_PATH}:/home/uwr/Desktop/2024_UWR/install/sonar_subs:/opt/ros/humble /usr/bin/cmake --install /home/uwr/Desktop/2024_UWR/build/sonar_msgs
[1.474s] Level 1:colcon.colcon_core.environment:create_environment_scripts_only(xsens_mti_ros2_driver)
[1.475s] Level 1:colcon.colcon_core.environment:checking '/home/uwr/Desktop/2024_UWR/install/xsens_mti_ros2_driver' for CMake module files
[1.476s] DEBUG:colcon.colcon_core.event_handler.log_command:Invoked command in '/home/uwr/Desktop/2024_UWR/build/xsens_mti_ros2_driver' returned '0': CMAKE_PREFIX_PATH=${CMAKE_PREFIX_PATH}:/home/uwr/Desktop/2024_UWR/install/sonar_subs:/opt/ros/humble /usr/bin/cmake --install /home/uwr/Desktop/2024_UWR/build/xsens_mti_ros2_driver
[1.477s] Level 1:colcon.colcon_core.environment:checking '/home/uwr/Desktop/2024_UWR/install/xsens_mti_ros2_driver' for CMake config files
[1.478s] Level 1:colcon.colcon_core.shell:create_environment_hook('xsens_mti_ros2_driver', 'cmake_prefix_path')
[1.478s] INFO:colcon.colcon_core.shell:Creating environment hook '/home/uwr/Desktop/2024_UWR/install/xsens_mti_ros2_driver/share/xsens_mti_ros2_driver/hook/cmake_prefix_path.ps1'
[1.479s] INFO:colcon.colcon_core.shell:Creating environment descriptor '/home/uwr/Desktop/2024_UWR/install/xsens_mti_ros2_driver/share/xsens_mti_ros2_driver/hook/cmake_prefix_path.dsv'
[1.479s] INFO:colcon.colcon_core.shell:Creating environment hook '/home/uwr/Desktop/2024_UWR/install/xsens_mti_ros2_driver/share/xsens_mti_ros2_driver/hook/cmake_prefix_path.sh'
[1.480s] Level 1:colcon.colcon_core.environment:checking '/home/uwr/Desktop/2024_UWR/install/xsens_mti_ros2_driver/lib'
[1.480s] Level 1:colcon.colcon_core.shell:create_environment_hook('xsens_mti_ros2_driver', 'ld_library_path_lib')
[1.481s] INFO:colcon.colcon_core.shell:Creating environment hook '/home/uwr/Desktop/2024_UWR/install/xsens_mti_ros2_driver/share/xsens_mti_ros2_driver/hook/ld_library_path_lib.ps1'
[1.481s] INFO:colcon.colcon_core.shell:Creating environment descriptor '/home/uwr/Desktop/2024_UWR/install/xsens_mti_ros2_driver/share/xsens_mti_ros2_driver/hook/ld_library_path_lib.dsv'
[1.482s] INFO:colcon.colcon_core.shell:Creating environment hook '/home/uwr/Desktop/2024_UWR/install/xsens_mti_ros2_driver/share/xsens_mti_ros2_driver/hook/ld_library_path_lib.sh'
[1.482s] Level 1:colcon.colcon_core.environment:checking '/home/uwr/Desktop/2024_UWR/install/xsens_mti_ros2_driver/bin'
[1.482s] Level 1:colcon.colcon_core.environment:checking '/home/uwr/Desktop/2024_UWR/install/xsens_mti_ros2_driver/lib/pkgconfig/xsens_mti_ros2_driver.pc'
[1.483s] Level 1:colcon.colcon_core.environment:checking '/home/uwr/Desktop/2024_UWR/install/xsens_mti_ros2_driver/lib/python3.10/site-packages'
[1.483s] Level 1:colcon.colcon_core.environment:checking '/home/uwr/Desktop/2024_UWR/install/xsens_mti_ros2_driver/bin'
[1.484s] INFO:colcon.colcon_core.shell:Creating package script '/home/uwr/Desktop/2024_UWR/install/xsens_mti_ros2_driver/share/xsens_mti_ros2_driver/package.ps1'
[1.484s] INFO:colcon.colcon_core.shell:Creating package descriptor '/home/uwr/Desktop/2024_UWR/install/xsens_mti_ros2_driver/share/xsens_mti_ros2_driver/package.dsv'
[1.485s] INFO:colcon.colcon_core.shell:Creating package script '/home/uwr/Desktop/2024_UWR/install/xsens_mti_ros2_driver/share/xsens_mti_ros2_driver/package.sh'
[1.485s] INFO:colcon.colcon_core.shell:Creating package script '/home/uwr/Desktop/2024_UWR/install/xsens_mti_ros2_driver/share/xsens_mti_ros2_driver/package.bash'
[1.486s] INFO:colcon.colcon_core.shell:Creating package script '/home/uwr/Desktop/2024_UWR/install/xsens_mti_ros2_driver/share/xsens_mti_ros2_driver/package.zsh'
[1.486s] Level 1:colcon.colcon_core.environment:create_file_with_runtime_dependencies(/home/uwr/Desktop/2024_UWR/install/xsens_mti_ros2_driver/share/colcon-core/packages/xsens_mti_ros2_driver)
[1.505s] Level 1:colcon.colcon_core.environment:create_environment_scripts_only(sonar_msgs)
[1.505s] Level 1:colcon.colcon_core.environment:checking '/home/uwr/Desktop/2024_UWR/install/sonar_msgs' for CMake module files
[1.506s] DEBUG:colcon.colcon_core.event_handler.log_command:Invoked command in '/home/uwr/Desktop/2024_UWR/build/sonar_msgs' returned '0': CMAKE_PREFIX_PATH=${CMAKE_PREFIX_PATH}:/home/uwr/Desktop/2024_UWR/install/sonar_subs:/opt/ros/humble /usr/bin/cmake --install /home/uwr/Desktop/2024_UWR/build/sonar_msgs
[1.507s] Level 1:colcon.colcon_core.environment:checking '/home/uwr/Desktop/2024_UWR/install/sonar_msgs' for CMake config files
[1.508s] Level 1:colcon.colcon_core.shell:create_environment_hook('sonar_msgs', 'cmake_prefix_path')
[1.509s] INFO:colcon.colcon_core.shell:Creating environment hook '/home/uwr/Desktop/2024_UWR/install/sonar_msgs/share/sonar_msgs/hook/cmake_prefix_path.ps1'
[1.509s] INFO:colcon.colcon_core.shell:Creating environment descriptor '/home/uwr/Desktop/2024_UWR/install/sonar_msgs/share/sonar_msgs/hook/cmake_prefix_path.dsv'
[1.510s] INFO:colcon.colcon_core.shell:Creating environment hook '/home/uwr/Desktop/2024_UWR/install/sonar_msgs/share/sonar_msgs/hook/cmake_prefix_path.sh'
[1.511s] Level 1:colcon.colcon_core.environment:checking '/home/uwr/Desktop/2024_UWR/install/sonar_msgs/lib'
[1.511s] Level 1:colcon.colcon_core.shell:create_environment_hook('sonar_msgs', 'ld_library_path_lib')
[1.511s] INFO:colcon.colcon_core.shell:Creating environment hook '/home/uwr/Desktop/2024_UWR/install/sonar_msgs/share/sonar_msgs/hook/ld_library_path_lib.ps1'
[1.512s] INFO:colcon.colcon_core.shell:Creating environment descriptor '/home/uwr/Desktop/2024_UWR/install/sonar_msgs/share/sonar_msgs/hook/ld_library_path_lib.dsv'
[1.512s] INFO:colcon.colcon_core.shell:Creating environment hook '/home/uwr/Desktop/2024_UWR/install/sonar_msgs/share/sonar_msgs/hook/ld_library_path_lib.sh'
[1.513s] Level 1:colcon.colcon_core.environment:checking '/home/uwr/Desktop/2024_UWR/install/sonar_msgs/bin'
[1.513s] Level 1:colcon.colcon_core.environment:checking '/home/uwr/Desktop/2024_UWR/install/sonar_msgs/lib/pkgconfig/sonar_msgs.pc'
[1.513s] Level 1:colcon.colcon_core.environment:checking '/home/uwr/Desktop/2024_UWR/install/sonar_msgs/lib/python3.10/site-packages'
[1.514s] Level 1:colcon.colcon_core.environment:checking '/home/uwr/Desktop/2024_UWR/install/sonar_msgs/bin'
[1.514s] INFO:colcon.colcon_core.shell:Creating package script '/home/uwr/Desktop/2024_UWR/install/sonar_msgs/share/sonar_msgs/package.ps1'
[1.515s] INFO:colcon.colcon_core.shell:Creating package descriptor '/home/uwr/Desktop/2024_UWR/install/sonar_msgs/share/sonar_msgs/package.dsv'
[1.516s] INFO:colcon.colcon_core.shell:Creating package script '/home/uwr/Desktop/2024_UWR/install/sonar_msgs/share/sonar_msgs/package.sh'
[1.516s] INFO:colcon.colcon_core.shell:Creating package script '/home/uwr/Desktop/2024_UWR/install/sonar_msgs/share/sonar_msgs/package.bash'
[1.517s] INFO:colcon.colcon_core.shell:Creating package script '/home/uwr/Desktop/2024_UWR/install/sonar_msgs/share/sonar_msgs/package.zsh'
[1.517s] Level 1:colcon.colcon_core.environment:create_file_with_runtime_dependencies(/home/uwr/Desktop/2024_UWR/install/sonar_msgs/share/colcon-core/packages/sonar_msgs)
[1.590s] Level 1:colcon.colcon_core.environment:create_environment_scripts_only(xsens_mti_ros2_driver)
[1.591s] Level 1:colcon.colcon_core.environment:checking '/home/uwr/Desktop/2024_UWR/install/xsens_mti_ros2_driver' for CMake module files
[1.592s] Level 1:colcon.colcon_core.environment:checking '/home/uwr/Desktop/2024_UWR/install/xsens_mti_ros2_driver' for CMake config files
[1.593s] Level 1:colcon.colcon_core.shell:create_environment_hook('xsens_mti_ros2_driver', 'cmake_prefix_path')
[1.593s] INFO:colcon.colcon_core.shell:Creating environment hook '/home/uwr/Desktop/2024_UWR/install/xsens_mti_ros2_driver/share/xsens_mti_ros2_driver/hook/cmake_prefix_path.ps1'
[1.594s] INFO:colcon.colcon_core.shell:Creating environment descriptor '/home/uwr/Desktop/2024_UWR/install/xsens_mti_ros2_driver/share/xsens_mti_ros2_driver/hook/cmake_prefix_path.dsv'
[1.594s] INFO:colcon.colcon_core.shell:Creating environment hook '/home/uwr/Desktop/2024_UWR/install/xsens_mti_ros2_driver/share/xsens_mti_ros2_driver/hook/cmake_prefix_path.sh'
[1.595s] Level 1:colcon.colcon_core.environment:checking '/home/uwr/Desktop/2024_UWR/install/xsens_mti_ros2_driver/lib'
[1.595s] Level 1:colcon.colcon_core.shell:create_environment_hook('xsens_mti_ros2_driver', 'ld_library_path_lib')
[1.596s] INFO:colcon.colcon_core.shell:Creating environment hook '/home/uwr/Desktop/2024_UWR/install/xsens_mti_ros2_driver/share/xsens_mti_ros2_driver/hook/ld_library_path_lib.ps1'
[1.596s] INFO:colcon.colcon_core.shell:Creating environment descriptor '/home/uwr/Desktop/2024_UWR/install/xsens_mti_ros2_driver/share/xsens_mti_ros2_driver/hook/ld_library_path_lib.dsv'
[1.597s] INFO:colcon.colcon_core.shell:Creating environment hook '/home/uwr/Desktop/2024_UWR/install/xsens_mti_ros2_driver/share/xsens_mti_ros2_driver/hook/ld_library_path_lib.sh'
[1.597s] Level 1:colcon.colcon_core.environment:checking '/home/uwr/Desktop/2024_UWR/install/xsens_mti_ros2_driver/bin'
[1.597s] Level 1:colcon.colcon_core.environment:checking '/home/uwr/Desktop/2024_UWR/install/xsens_mti_ros2_driver/lib/pkgconfig/xsens_mti_ros2_driver.pc'
[1.598s] Level 1:colcon.colcon_core.environment:checking '/home/uwr/Desktop/2024_UWR/install/xsens_mti_ros2_driver/lib/python3.10/site-packages'
[1.598s] Level 1:colcon.colcon_core.environment:checking '/home/uwr/Desktop/2024_UWR/install/xsens_mti_ros2_driver/bin'
[1.599s] INFO:colcon.colcon_core.shell:Creating package script '/home/uwr/Desktop/2024_UWR/install/xsens_mti_ros2_driver/share/xsens_mti_ros2_driver/package.ps1'
[1.600s] INFO:colcon.colcon_core.shell:Creating package descriptor '/home/uwr/Desktop/2024_UWR/install/xsens_mti_ros2_driver/share/xsens_mti_ros2_driver/package.dsv'
[1.600s] INFO:colcon.colcon_core.shell:Creating package script '/home/uwr/Desktop/2024_UWR/install/xsens_mti_ros2_driver/share/xsens_mti_ros2_driver/package.sh'
[1.601s] INFO:colcon.colcon_core.shell:Creating package script '/home/uwr/Desktop/2024_UWR/install/xsens_mti_ros2_driver/share/xsens_mti_ros2_driver/package.bash'
[1.602s] INFO:colcon.colcon_core.shell:Creating package script '/home/uwr/Desktop/2024_UWR/install/xsens_mti_ros2_driver/share/xsens_mti_ros2_driver/package.zsh'
[1.602s] Level 1:colcon.colcon_core.environment:create_file_with_runtime_dependencies(/home/uwr/Desktop/2024_UWR/install/xsens_mti_ros2_driver/share/colcon-core/packages/xsens_mti_ros2_driver)
[1.646s] Level 1:colcon.colcon_core.environment:create_environment_scripts_only(sonar_msgs)
[1.647s] Level 1:colcon.colcon_core.environment:checking '/home/uwr/Desktop/2024_UWR/install/sonar_msgs' for CMake module files
[1.647s] Level 1:colcon.colcon_core.environment:checking '/home/uwr/Desktop/2024_UWR/install/sonar_msgs' for CMake config files
[1.648s] Level 1:colcon.colcon_core.shell:create_environment_hook('sonar_msgs', 'cmake_prefix_path')
[1.648s] INFO:colcon.colcon_core.shell:Creating environment hook '/home/uwr/Desktop/2024_UWR/install/sonar_msgs/share/sonar_msgs/hook/cmake_prefix_path.ps1'
[1.649s] INFO:colcon.colcon_core.shell:Creating environment descriptor '/home/uwr/Desktop/2024_UWR/install/sonar_msgs/share/sonar_msgs/hook/cmake_prefix_path.dsv'
[1.649s] INFO:colcon.colcon_core.shell:Creating environment hook '/home/uwr/Desktop/2024_UWR/install/sonar_msgs/share/sonar_msgs/hook/cmake_prefix_path.sh'
[1.650s] Level 1:colcon.colcon_core.environment:checking '/home/uwr/Desktop/2024_UWR/install/sonar_msgs/lib'
[1.650s] Level 1:colcon.colcon_core.shell:create_environment_hook('sonar_msgs', 'ld_library_path_lib')
[1.650s] INFO:colcon.colcon_core.shell:Creating environment hook '/home/uwr/Desktop/2024_UWR/install/sonar_msgs/share/sonar_msgs/hook/ld_library_path_lib.ps1'
[1.650s] INFO:colcon.colcon_core.shell:Creating environment descriptor '/home/uwr/Desktop/2024_UWR/install/sonar_msgs/share/sonar_msgs/hook/ld_library_path_lib.dsv'
[1.651s] INFO:colcon.colcon_core.shell:Creating environment hook '/home/uwr/Desktop/2024_UWR/install/sonar_msgs/share/sonar_msgs/hook/ld_library_path_lib.sh'
[1.651s] Level 1:colcon.colcon_core.environment:checking '/home/uwr/Desktop/2024_UWR/install/sonar_msgs/bin'
[1.651s] Level 1:colcon.colcon_core.environment:checking '/home/uwr/Desktop/2024_UWR/install/sonar_msgs/lib/pkgconfig/sonar_msgs.pc'
[1.652s] Level 1:colcon.colcon_core.environment:checking '/home/uwr/Desktop/2024_UWR/install/sonar_msgs/lib/python3.10/site-packages'
[1.652s] Level 1:colcon.colcon_core.environment:checking '/home/uwr/Desktop/2024_UWR/install/sonar_msgs/bin'
[1.652s] INFO:colcon.colcon_core.shell:Creating package script '/home/uwr/Desktop/2024_UWR/install/sonar_msgs/share/sonar_msgs/package.ps1'
[1.653s] INFO:colcon.colcon_core.shell:Creating package descriptor '/home/uwr/Desktop/2024_UWR/install/sonar_msgs/share/sonar_msgs/package.dsv'
[1.654s] INFO:colcon.colcon_core.shell:Creating package script '/home/uwr/Desktop/2024_UWR/install/sonar_msgs/share/sonar_msgs/package.sh'
[1.654s] INFO:colcon.colcon_core.shell:Creating package script '/home/uwr/Desktop/2024_UWR/install/sonar_msgs/share/sonar_msgs/package.bash'
[1.655s] INFO:colcon.colcon_core.shell:Creating package script '/home/uwr/Desktop/2024_UWR/install/sonar_msgs/share/sonar_msgs/package.zsh'
[1.655s] Level 1:colcon.colcon_core.environment:create_file_with_runtime_dependencies(/home/uwr/Desktop/2024_UWR/install/sonar_msgs/share/colcon-core/packages/sonar_msgs)
[1.656s] INFO:colcon.colcon_ros.task.ament_cmake.build:Building ROS package in '/home/uwr/Desktop/2024_UWR/src/kalman_filter' with build type 'ament_cmake'
[1.656s] INFO:colcon.colcon_cmake.task.cmake.build:Building CMake package in '/home/uwr/Desktop/2024_UWR/src/kalman_filter'
[1.656s] INFO:colcon.colcon_core.shell:Skip shell extension 'powershell' for command environment: Not usable outside of PowerShell
[1.656s] DEBUG:colcon.colcon_core.shell:Skip shell extension 'dsv' for command environment
[1.661s] INFO:colcon.colcon_ros.task.ament_python.build:Building ROS package in '/home/uwr/Desktop/2024_UWR/src/sonar_subs' with build type 'ament_python'
[1.662s] Level 1:colcon.colcon_core.shell:create_environment_hook('sonar_subs', 'ament_prefix_path')
[1.662s] INFO:colcon.colcon_core.shell:Creating environment hook '/home/uwr/Desktop/2024_UWR/install/sonar_subs/share/sonar_subs/hook/ament_prefix_path.ps1'
[1.663s] INFO:colcon.colcon_core.shell:Creating environment descriptor '/home/uwr/Desktop/2024_UWR/install/sonar_subs/share/sonar_subs/hook/ament_prefix_path.dsv'
[1.664s] INFO:colcon.colcon_core.shell:Creating environment hook '/home/uwr/Desktop/2024_UWR/install/sonar_subs/share/sonar_subs/hook/ament_prefix_path.sh'
[1.665s] INFO:colcon.colcon_core.shell:Skip shell extension 'powershell' for command environment: Not usable outside of PowerShell
[1.665s] DEBUG:colcon.colcon_core.shell:Skip shell extension 'dsv' for command environment
[1.676s] DEBUG:colcon.colcon_core.event_handler.log_command:Invoking command in '/home/uwr/Desktop/2024_UWR/build/kalman_filter': CMAKE_PREFIX_PATH=/home/uwr/Desktop/2024_UWR/install/sonar_msgs:/home/uwr/Desktop/2024_UWR/install/xsens_mti_ros2_driver:/home/uwr/Desktop/2024_UWR/install/kalman_filter:/home/uwr/Desktop/2024_UWR/install/ntrip:/home/uwr/Desktop/2024_UWR/install/sonar_subs:/opt/ros/humble LD_LIBRARY_PATH=/home/uwr/Desktop/2024_UWR/install/sonar_msgs/lib:/home/uwr/Desktop/2024_UWR/install/xsens_mti_ros2_driver/lib:/opt/ros/humble/opt/rviz_ogre_vendor/lib:/opt/ros/humble/lib/x86_64-linux-gnu:/opt/ros/humble/lib /usr/bin/cmake --build /home/uwr/Desktop/2024_UWR/build/kalman_filter -- -j8 -l8
[2.102s] INFO:colcon.colcon_core.task.python.build:Building Python package in '/home/uwr/Desktop/2024_UWR/src/sonar_subs'
[2.102s] INFO:colcon.colcon_core.shell:Skip shell extension 'powershell' for command environment: Not usable outside of PowerShell
[2.102s] DEBUG:colcon.colcon_core.shell:Skip shell extension 'dsv' for command environment
[2.689s] DEBUG:colcon.colcon_core.event_handler.log_command:Invoking command in '/home/uwr/Desktop/2024_UWR/src/sonar_subs': CMAKE_PREFIX_PATH=/home/uwr/Desktop/2024_UWR/install/sonar_msgs:/home/uwr/Desktop/2024_UWR/install/xsens_mti_ros2_driver:/home/uwr/Desktop/2024_UWR/install/kalman_filter:/home/uwr/Desktop/2024_UWR/install/ntrip LD_LIBRARY_PATH=/home/uwr/Desktop/2024_UWR/install/sonar_msgs/lib:/home/uwr/Desktop/2024_UWR/install/xsens_mti_ros2_driver/lib:/opt/ros/humble/opt/rviz_ogre_vendor/lib:/opt/ros/humble/lib/x86_64-linux-gnu:/opt/ros/humble/lib PYTHONPATH=/home/uwr/Desktop/2024_UWR/build/sonar_subs/prefix_override:/usr/lib/python3/dist-packages/colcon_core/task/python/colcon_distutils_commands:/home/uwr/Desktop/2024_UWR/install/sonar_subs/lib/python3.10/site-packages:${PYTHONPATH} /usr/bin/python3 -W ignore:setup.py install is deprecated setup.py egg_info --egg-base ../../build/sonar_subs build --build-base /home/uwr/Desktop/2024_UWR/build/sonar_subs/build install --record /home/uwr/Desktop/2024_UWR/build/sonar_subs/install.log --single-version-externally-managed install_data
[3.188s] Level 1:colcon.colcon_core.environment:checking '/home/uwr/Desktop/2024_UWR/install/sonar_subs' for CMake module files
[3.189s] DEBUG:colcon.colcon_core.event_handler.log_command:Invoked command in '/home/uwr/Desktop/2024_UWR/src/sonar_subs' returned '0': CMAKE_PREFIX_PATH=/home/uwr/Desktop/2024_UWR/install/sonar_msgs:/home/uwr/Desktop/2024_UWR/install/xsens_mti_ros2_driver:/home/uwr/Desktop/2024_UWR/install/kalman_filter:/home/uwr/Desktop/2024_UWR/install/ntrip LD_LIBRARY_PATH=/home/uwr/Desktop/2024_UWR/install/sonar_msgs/lib:/home/uwr/Desktop/2024_UWR/install/xsens_mti_ros2_driver/lib:/opt/ros/humble/opt/rviz_ogre_vendor/lib:/opt/ros/humble/lib/x86_64-linux-gnu:/opt/ros/humble/lib PYTHONPATH=/home/uwr/Desktop/2024_UWR/build/sonar_subs/prefix_override:/usr/lib/python3/dist-packages/colcon_core/task/python/colcon_distutils_commands:/home/uwr/Desktop/2024_UWR/install/sonar_subs/lib/python3.10/site-packages:${PYTHONPATH} /usr/bin/python3 -W ignore:setup.py install is deprecated setup.py egg_info --egg-base ../../build/sonar_subs build --build-base /home/uwr/Desktop/2024_UWR/build/sonar_subs/build install --record /home/uwr/Desktop/2024_UWR/build/sonar_subs/install.log --single-version-externally-managed install_data
[3.189s] Level 1:colcon.colcon_core.environment:checking '/home/uwr/Desktop/2024_UWR/install/sonar_subs' for CMake config files
[3.190s] Level 1:colcon.colcon_core.environment:checking '/home/uwr/Desktop/2024_UWR/install/sonar_subs/lib'
[3.190s] Level 1:colcon.colcon_core.environment:checking '/home/uwr/Desktop/2024_UWR/install/sonar_subs/bin'
[3.190s] Level 1:colcon.colcon_core.environment:checking '/home/uwr/Desktop/2024_UWR/install/sonar_subs/lib/pkgconfig/sonar_subs.pc'
[3.191s] Level 1:colcon.colcon_core.environment:checking '/home/uwr/Desktop/2024_UWR/install/sonar_subs/lib/python3.10/site-packages'
[3.191s] Level 1:colcon.colcon_core.shell:create_environment_hook('sonar_subs', 'pythonpath')
[3.191s] INFO:colcon.colcon_core.shell:Creating environment hook '/home/uwr/Desktop/2024_UWR/install/sonar_subs/share/sonar_subs/hook/pythonpath.ps1'
[3.192s] INFO:colcon.colcon_core.shell:Creating environment descriptor '/home/uwr/Desktop/2024_UWR/install/sonar_subs/share/sonar_subs/hook/pythonpath.dsv'
[3.192s] INFO:colcon.colcon_core.shell:Creating environment hook '/home/uwr/Desktop/2024_UWR/install/sonar_subs/share/sonar_subs/hook/pythonpath.sh'
[3.193s] Level 1:colcon.colcon_core.environment:checking '/home/uwr/Desktop/2024_UWR/install/sonar_subs/bin'
[3.193s] Level 1:colcon.colcon_core.environment:create_environment_scripts_only(sonar_subs)
[3.194s] INFO:colcon.colcon_core.shell:Creating package script '/home/uwr/Desktop/2024_UWR/install/sonar_subs/share/sonar_subs/package.ps1'
[3.194s] INFO:colcon.colcon_core.shell:Creating package descriptor '/home/uwr/Desktop/2024_UWR/install/sonar_subs/share/sonar_subs/package.dsv'
[3.195s] INFO:colcon.colcon_core.shell:Creating package script '/home/uwr/Desktop/2024_UWR/install/sonar_subs/share/sonar_subs/package.sh'
[3.196s] INFO:colcon.colcon_core.shell:Creating package script '/home/uwr/Desktop/2024_UWR/install/sonar_subs/share/sonar_subs/package.bash'
[3.196s] INFO:colcon.colcon_core.shell:Creating package script '/home/uwr/Desktop/2024_UWR/install/sonar_subs/share/sonar_subs/package.zsh'
[3.197s] Level 1:colcon.colcon_core.environment:create_file_with_runtime_dependencies(/home/uwr/Desktop/2024_UWR/install/sonar_subs/share/colcon-core/packages/sonar_subs)
[25.580s] DEBUG:colcon.colcon_core.event_handler.log_command:Invoked command in '/home/uwr/Desktop/2024_UWR/build/kalman_filter' returned '0': CMAKE_PREFIX_PATH=/home/uwr/Desktop/2024_UWR/install/sonar_msgs:/home/uwr/Desktop/2024_UWR/install/xsens_mti_ros2_driver:/home/uwr/Desktop/2024_UWR/install/kalman_filter:/home/uwr/Desktop/2024_UWR/install/ntrip:/home/uwr/Desktop/2024_UWR/install/sonar_subs:/opt/ros/humble LD_LIBRARY_PATH=/home/uwr/Desktop/2024_UWR/install/sonar_msgs/lib:/home/uwr/Desktop/2024_UWR/install/xsens_mti_ros2_driver/lib:/opt/ros/humble/opt/rviz_ogre_vendor/lib:/opt/ros/humble/lib/x86_64-linux-gnu:/opt/ros/humble/lib /usr/bin/cmake --build /home/uwr/Desktop/2024_UWR/build/kalman_filter -- -j8 -l8
[25.617s] DEBUG:colcon.colcon_core.event_handler.log_command:Invoking command in '/home/uwr/Desktop/2024_UWR/build/kalman_filter': CMAKE_PREFIX_PATH=/home/uwr/Desktop/2024_UWR/install/sonar_msgs:/home/uwr/Desktop/2024_UWR/install/xsens_mti_ros2_driver:/home/uwr/Desktop/2024_UWR/install/kalman_filter:/home/uwr/Desktop/2024_UWR/install/ntrip:/home/uwr/Desktop/2024_UWR/install/sonar_subs:/opt/ros/humble LD_LIBRARY_PATH=/home/uwr/Desktop/2024_UWR/install/sonar_msgs/lib:/home/uwr/Desktop/2024_UWR/install/xsens_mti_ros2_driver/lib:/opt/ros/humble/opt/rviz_ogre_vendor/lib:/opt/ros/humble/lib/x86_64-linux-gnu:/opt/ros/humble/lib /usr/bin/cmake --install /home/uwr/Desktop/2024_UWR/build/kalman_filter
[25.637s] Level 1:colcon.colcon_core.environment:create_environment_scripts_only(kalman_filter)
[25.638s] Level 1:colcon.colcon_core.environment:checking '/home/uwr/Desktop/2024_UWR/install/kalman_filter' for CMake module files
[25.638s] DEBUG:colcon.colcon_core.event_handler.log_command:Invoked command in '/home/uwr/Desktop/2024_UWR/build/kalman_filter' returned '0': CMAKE_PREFIX_PATH=/home/uwr/Desktop/2024_UWR/install/sonar_msgs:/home/uwr/Desktop/2024_UWR/install/xsens_mti_ros2_driver:/home/uwr/Desktop/2024_UWR/install/kalman_filter:/home/uwr/Desktop/2024_UWR/install/ntrip:/home/uwr/Desktop/2024_UWR/install/sonar_subs:/opt/ros/humble LD_LIBRARY_PATH=/home/uwr/Desktop/2024_UWR/install/sonar_msgs/lib:/home/uwr/Desktop/2024_UWR/install/xsens_mti_ros2_driver/lib:/opt/ros/humble/opt/rviz_ogre_vendor/lib:/opt/ros/humble/lib/x86_64-linux-gnu:/opt/ros/humble/lib /usr/bin/cmake --install /home/uwr/Desktop/2024_UWR/build/kalman_filter
[25.639s] Level 1:colcon.colcon_core.environment:checking '/home/uwr/Desktop/2024_UWR/install/kalman_filter' for CMake config files
[25.639s] Level 1:colcon.colcon_core.shell:create_environment_hook('kalman_filter', 'cmake_prefix_path')
[25.640s] INFO:colcon.colcon_core.shell:Creating environment hook '/home/uwr/Desktop/2024_UWR/install/kalman_filter/share/kalman_filter/hook/cmake_prefix_path.ps1'
[25.640s] INFO:colcon.colcon_core.shell:Creating environment descriptor '/home/uwr/Desktop/2024_UWR/install/kalman_filter/share/kalman_filter/hook/cmake_prefix_path.dsv'
[25.641s] INFO:colcon.colcon_core.shell:Creating environment hook '/home/uwr/Desktop/2024_UWR/install/kalman_filter/share/kalman_filter/hook/cmake_prefix_path.sh'
[25.641s] Level 1:colcon.colcon_core.environment:checking '/home/uwr/Desktop/2024_UWR/install/kalman_filter/lib'
[25.641s] Level 1:colcon.colcon_core.environment:checking '/home/uwr/Desktop/2024_UWR/install/kalman_filter/bin'
[25.641s] Level 1:colcon.colcon_core.environment:checking '/home/uwr/Desktop/2024_UWR/install/kalman_filter/lib/pkgconfig/kalman_filter.pc'
[25.642s] Level 1:colcon.colcon_core.environment:checking '/home/uwr/Desktop/2024_UWR/install/kalman_filter/lib/python3.10/site-packages'
[25.642s] Level 1:colcon.colcon_core.environment:checking '/home/uwr/Desktop/2024_UWR/install/kalman_filter/bin'
[25.642s] INFO:colcon.colcon_core.shell:Creating package script '/home/uwr/Desktop/2024_UWR/install/kalman_filter/share/kalman_filter/package.ps1'
[25.643s] INFO:colcon.colcon_core.shell:Creating package descriptor '/home/uwr/Desktop/2024_UWR/install/kalman_filter/share/kalman_filter/package.dsv'
[25.643s] INFO:colcon.colcon_core.shell:Creating package script '/home/uwr/Desktop/2024_UWR/install/kalman_filter/share/kalman_filter/package.sh'
[25.644s] INFO:colcon.colcon_core.shell:Creating package script '/home/uwr/Desktop/2024_UWR/install/kalman_filter/share/kalman_filter/package.bash'
[25.644s] INFO:colcon.colcon_core.shell:Creating package script '/home/uwr/Desktop/2024_UWR/install/kalman_filter/share/kalman_filter/package.zsh'
[25.645s] Level 1:colcon.colcon_core.environment:create_file_with_runtime_dependencies(/home/uwr/Desktop/2024_UWR/install/kalman_filter/share/colcon-core/packages/kalman_filter)
[25.681s] Level 1:colcon.colcon_core.environment:create_environment_scripts_only(kalman_filter)
[25.681s] Level 1:colcon.colcon_core.environment:checking '/home/uwr/Desktop/2024_UWR/install/kalman_filter' for CMake module files
[25.682s] Level 1:colcon.colcon_core.environment:checking '/home/uwr/Desktop/2024_UWR/install/kalman_filter' for CMake config files
[25.682s] Level 1:colcon.colcon_core.shell:create_environment_hook('kalman_filter', 'cmake_prefix_path')
[25.682s] INFO:colcon.colcon_core.shell:Creating environment hook '/home/uwr/Desktop/2024_UWR/install/kalman_filter/share/kalman_filter/hook/cmake_prefix_path.ps1'
[25.683s] INFO:colcon.colcon_core.shell:Creating environment descriptor '/home/uwr/Desktop/2024_UWR/install/kalman_filter/share/kalman_filter/hook/cmake_prefix_path.dsv'
[25.683s] INFO:colcon.colcon_core.shell:Creating environment hook '/home/uwr/Desktop/2024_UWR/install/kalman_filter/share/kalman_filter/hook/cmake_prefix_path.sh'
[25.684s] Level 1:colcon.colcon_core.environment:checking '/home/uwr/Desktop/2024_UWR/install/kalman_filter/lib'
[25.684s] Level 1:colcon.colcon_core.environment:checking '/home/uwr/Desktop/2024_UWR/install/kalman_filter/bin'
[25.684s] Level 1:colcon.colcon_core.environment:checking '/home/uwr/Desktop/2024_UWR/install/kalman_filter/lib/pkgconfig/kalman_filter.pc'
[25.684s] Level 1:colcon.colcon_core.environment:checking '/home/uwr/Desktop/2024_UWR/install/kalman_filter/lib/python3.10/site-packages'
[25.684s] Level 1:colcon.colcon_core.environment:checking '/home/uwr/Desktop/2024_UWR/install/kalman_filter/bin'
[25.685s] INFO:colcon.colcon_core.shell:Creating package script '/home/uwr/Desktop/2024_UWR/install/kalman_filter/share/kalman_filter/package.ps1'
[25.685s] INFO:colcon.colcon_core.shell:Creating package descriptor '/home/uwr/Desktop/2024_UWR/install/kalman_filter/share/kalman_filter/package.dsv'
[25.686s] INFO:colcon.colcon_core.shell:Creating package script '/home/uwr/Desktop/2024_UWR/install/kalman_filter/share/kalman_filter/package.sh'
[25.686s] INFO:colcon.colcon_core.shell:Creating package script '/home/uwr/Desktop/2024_UWR/install/kalman_filter/share/kalman_filter/package.bash'
[25.687s] INFO:colcon.colcon_core.shell:Creating package script '/home/uwr/Desktop/2024_UWR/install/kalman_filter/share/kalman_filter/package.zsh'
[25.687s] Level 1:colcon.colcon_core.environment:create_file_with_runtime_dependencies(/home/uwr/Desktop/2024_UWR/install/kalman_filter/share/colcon-core/packages/kalman_filter)
[25.688s] DEBUG:colcon.colcon_parallel_executor.executor.parallel:closing loop
[25.688s] DEBUG:colcon.colcon_parallel_executor.executor.parallel:loop closed
[25.688s] DEBUG:colcon.colcon_parallel_executor.executor.parallel:run_until_complete finished with '0'
[25.688s] DEBUG:colcon.colcon_core.event_reactor:joining thread
[25.695s] INFO:colcon.colcon_core.plugin_system:Skipping extension 'colcon_notification.desktop_notification.terminal_notifier': Not used on non-Darwin systems
[25.695s] INFO:colcon.colcon_core.plugin_system:Skipping extension 'colcon_notification.desktop_notification.win32': Not used on non-Windows systems
[25.695s] INFO:colcon.colcon_notification.desktop_notification:Sending desktop notification using 'notify2'
[25.710s] DEBUG:colcon.colcon_core.event_reactor:joined thread
[25.710s] INFO:colcon.colcon_core.shell:Creating prefix script '/home/uwr/Desktop/2024_UWR/install/local_setup.ps1'
[25.712s] INFO:colcon.colcon_core.shell:Creating prefix util module '/home/uwr/Desktop/2024_UWR/install/_local_setup_util_ps1.py'
[25.714s] INFO:colcon.colcon_core.shell:Creating prefix chain script '/home/uwr/Desktop/2024_UWR/install/setup.ps1'
[25.715s] INFO:colcon.colcon_core.shell:Creating prefix script '/home/uwr/Desktop/2024_UWR/install/local_setup.sh'
[25.716s] INFO:colcon.colcon_core.shell:Creating prefix util module '/home/uwr/Desktop/2024_UWR/install/_local_setup_util_sh.py'
[25.716s] INFO:colcon.colcon_core.shell:Creating prefix chain script '/home/uwr/Desktop/2024_UWR/install/setup.sh'
[25.717s] INFO:colcon.colcon_core.shell:Creating prefix script '/home/uwr/Desktop/2024_UWR/install/local_setup.bash'
[25.718s] INFO:colcon.colcon_core.shell:Creating prefix chain script '/home/uwr/Desktop/2024_UWR/install/setup.bash'
[25.719s] INFO:colcon.colcon_core.shell:Creating prefix script '/home/uwr/Desktop/2024_UWR/install/local_setup.zsh'
[25.720s] INFO:colcon.colcon_core.shell:Creating prefix chain script '/home/uwr/Desktop/2024_UWR/install/setup.zsh'
