[0.652s] Invoking command in '/home/uwr/Desktop/2024_UWR/src/sonar_subs': AMENT_PREFIX_PATH=/home/uwr/Desktop/2024_UWR/install/sonar_msgs:${AMENT_PREFIX_PATH} CMAKE_PREFIX_PATH=/home/uwr/Desktop/2024_UWR/install/sonar_msgs LD_LIBRARY_PATH=/home/uwr/Desktop/2024_UWR/install/sonar_msgs/lib:${LD_LIBRARY_PATH} PYTHONPATH=/home/uwr/Desktop/2024_UWR/build/sonar_subs/prefix_override:/usr/lib/python3/dist-packages/colcon_core/task/python/colcon_distutils_commands:/home/uwr/Desktop/2024_UWR/install/sonar_subs/lib/python3.10/site-packages:/home/uwr/Desktop/2024_UWR/install/sonar_msgs/local/lib/python3.10/dist-packages:${PYTHONPATH} /usr/bin/python3 -W ignore:setup.py install is deprecated setup.py egg_info --egg-base ../../build/sonar_subs build --build-base /home/uwr/Desktop/2024_UWR/build/sonar_subs/build install --record /home/uwr/Desktop/2024_UWR/build/sonar_subs/install.log --single-version-externally-managed install_data
[0.914s] running egg_info
[0.915s] writing ../../build/sonar_subs/sonar_subs.egg-info/PKG-INFO
[0.915s] writing dependency_links to ../../build/sonar_subs/sonar_subs.egg-info/dependency_links.txt
[0.915s] writing entry points to ../../build/sonar_subs/sonar_subs.egg-info/entry_points.txt
[0.916s] writing requirements to ../../build/sonar_subs/sonar_subs.egg-info/requires.txt
[0.916s] writing top-level names to ../../build/sonar_subs/sonar_subs.egg-info/top_level.txt
[0.918s] reading manifest file '../../build/sonar_subs/sonar_subs.egg-info/SOURCES.txt'
[0.918s] adding license file 'LICENSE'
[0.919s] writing manifest file '../../build/sonar_subs/sonar_subs.egg-info/SOURCES.txt'
[0.919s] running build
[0.919s] running build_py
[0.919s] running install
[0.919s] running install_lib
[0.921s] running install_data
[0.921s] running install_egg_info
[0.923s] removing '/home/uwr/Desktop/2024_UWR/install/sonar_subs/lib/python3.10/site-packages/sonar_subs-0.1.0-py3.10.egg-info' (and everything under it)
[0.924s] Copying ../../build/sonar_subs/sonar_subs.egg-info to /home/uwr/Desktop/2024_UWR/install/sonar_subs/lib/python3.10/site-packages/sonar_subs-0.1.0-py3.10.egg-info
[0.925s] running install_scripts
[0.947s] Installing sonar_reader script to /home/uwr/Desktop/2024_UWR/install/sonar_subs/lib/sonar_subs
[0.947s] Installing sync_readings script to /home/uwr/Desktop/2024_UWR/install/sonar_subs/lib/sonar_subs
[0.947s] writing list of installed files to '/home/uwr/Desktop/2024_UWR/build/sonar_subs/install.log'
[0.972s] Invoked command in '/home/uwr/Desktop/2024_UWR/src/sonar_subs' returned '0': AMENT_PREFIX_PATH=/home/uwr/Desktop/2024_UWR/install/sonar_msgs:${AMENT_PREFIX_PATH} CMAKE_PREFIX_PATH=/home/uwr/Desktop/2024_UWR/install/sonar_msgs LD_LIBRARY_PATH=/home/uwr/Desktop/2024_UWR/install/sonar_msgs/lib:${LD_LIBRARY_PATH} PYTHONPATH=/home/uwr/Desktop/2024_UWR/build/sonar_subs/prefix_override:/usr/lib/python3/dist-packages/colcon_core/task/python/colcon_distutils_commands:/home/uwr/Desktop/2024_UWR/install/sonar_subs/lib/python3.10/site-packages:/home/uwr/Desktop/2024_UWR/install/sonar_msgs/local/lib/python3.10/dist-packages:${PYTHONPATH} /usr/bin/python3 -W ignore:setup.py install is deprecated setup.py egg_info --egg-base ../../build/sonar_subs build --build-base /home/uwr/Desktop/2024_UWR/build/sonar_subs/build install --record /home/uwr/Desktop/2024_UWR/build/sonar_subs/install.log --single-version-externally-managed install_data
