[  2%] Built target xsens_mti_ros2_driver__cpp
[ 10%] Built target xsens_mti_ros2_driver__rosidl_generator_c
[ 10%] Built target ament_cmake_python_copy_xsens_mti_ros2_driver
[ 18%] Built target xsens_mti_ros2_driver__rosidl_typesupport_cpp
[ 34%] Built target xsens_mti_ros2_driver__rosidl_typesupport_fastrtps_cpp
[ 34%] Built target xsens_mti_ros2_driver__rosidl_typesupport_introspection_c
[ 42%] Built target xsens_mti_ros2_driver__rosidl_typesupport_c
[ 50%] Built target xsens_mti_ros2_driver__rosidl_typesupport_introspection_cpp
[ 57%] Built target xsens_mti_ros2_driver__rosidl_typesupport_fastrtps_c
[ 57%] Built target xsens_mti_ros2_driver
[ 60%] Built target xsens_mti_ros2_driver__py
[ 78%] Built target xsens_mti_node
[ 84%] Built target xsens_mti_ros2_driver__rosidl_generator_py
[ 89%] Built target xsens_mti_ros2_driver__rosidl_typesupport_fastrtps_c__pyext
[ 94%] Built target xsens_mti_ros2_driver__rosidl_typesupport_c__pyext
[100%] Built target xsens_mti_ros2_driver__rosidl_typesupport_introspection_c__pyext
running egg_info
writing xsens_mti_ros2_driver.egg-info/PKG-INFO
writing dependency_links to xsens_mti_ros2_driver.egg-info/dependency_links.txt
writing top-level names to xsens_mti_ros2_driver.egg-info/top_level.txt
reading manifest file 'xsens_mti_ros2_driver.egg-info/SOURCES.txt'
writing manifest file 'xsens_mti_ros2_driver.egg-info/SOURCES.txt'
[100%] Built target ament_cmake_python_build_xsens_mti_ros2_driver_egg
