[0.015s] Invoking command in '/home/saab/Desktop/2024_UWR/build/xsens_mti_ros2_driver': CMAKE_PREFIX_PATH=${CMAKE_PREFIX_PATH}:/home/saab/Desktop/2024_UWR/install/sonar_subs:/opt/ros/humble CONDA_PROMPT_MODIFIER=(base) /usr/bin/cmake --build /home/saab/Desktop/2024_UWR/build/xsens_mti_ros2_driver -- -j24 -l24
[0.065s] [35m[1mConsolidate compiler generated dependencies of target xsens_mti_ros2_driver__rosidl_generator_c[0m
[0.070s] [  2%] Built target xsens_mti_ros2_driver__cpp
[0.075s] [  2%] Built target ament_cmake_python_symlink_xsens_mti_ros2_driver
[0.075s] [ 10%] Built target xsens_mti_ros2_driver__rosidl_generator_c
[0.079s] [35m[1mConsolidate compiler generated dependencies of target xsens_mti_ros2_driver__rosidl_typesupport_cpp[0m
[0.079s] [35m[1mConsolidate compiler generated dependencies of target xsens_mti_ros2_driver__rosidl_typesupport_fastrtps_cpp[0m
[0.081s] [35m[1mConsolidate compiler generated dependencies of target xsens_mti_ros2_driver__rosidl_typesupport_introspection_cpp[0m
[0.084s] [35m[1mConsolidate compiler generated dependencies of target xsens_mti_ros2_driver__rosidl_typesupport_introspection_c[0m
[0.085s] [35m[1mConsolidate compiler generated dependencies of target xsens_mti_ros2_driver__rosidl_typesupport_c[0m
[0.086s] [35m[1mConsolidate compiler generated dependencies of target xsens_mti_ros2_driver__rosidl_typesupport_fastrtps_c[0m
[0.090s] [ 18%] Built target xsens_mti_ros2_driver__rosidl_typesupport_cpp
[0.090s] [ 26%] Built target xsens_mti_ros2_driver__rosidl_typesupport_fastrtps_cpp
[0.092s] [ 34%] Built target xsens_mti_ros2_driver__rosidl_typesupport_c
[0.093s] [ 42%] Built target xsens_mti_ros2_driver__rosidl_typesupport_introspection_c
[0.095s] [ 50%] Built target xsens_mti_ros2_driver__rosidl_typesupport_introspection_cpp
[0.097s] [ 57%] Built target xsens_mti_ros2_driver__rosidl_typesupport_fastrtps_c
[0.110s] [ 57%] Built target xsens_mti_ros2_driver
[0.125s] [ 60%] Built target xsens_mti_ros2_driver__py
[0.126s] [35m[1mConsolidate compiler generated dependencies of target xsens_mti_node[0m
[0.134s] [35m[1mConsolidate compiler generated dependencies of target xsens_mti_ros2_driver__rosidl_generator_py[0m
[0.144s] [ 65%] Built target xsens_mti_ros2_driver__rosidl_generator_py
[0.153s] [35m[1mConsolidate compiler generated dependencies of target xsens_mti_ros2_driver__rosidl_typesupport_fastrtps_c__pyext[0m
[0.154s] [35m[1mConsolidate compiler generated dependencies of target xsens_mti_ros2_driver__rosidl_typesupport_c__pyext[0m
[0.154s] [35m[1mConsolidate compiler generated dependencies of target xsens_mti_ros2_driver__rosidl_typesupport_introspection_c__pyext[0m
[0.159s] [ 84%] Built target xsens_mti_node
[0.162s] [ 89%] Built target xsens_mti_ros2_driver__rosidl_typesupport_fastrtps_c__pyext
[0.163s] [ 94%] Built target xsens_mti_ros2_driver__rosidl_typesupport_c__pyext
[0.163s] [100%] Built target xsens_mti_ros2_driver__rosidl_typesupport_introspection_c__pyext
[0.291s] running egg_info
[0.291s] writing xsens_mti_ros2_driver.egg-info/PKG-INFO
[0.291s] writing dependency_links to xsens_mti_ros2_driver.egg-info/dependency_links.txt
[0.292s] writing top-level names to xsens_mti_ros2_driver.egg-info/top_level.txt
[0.297s] reading manifest file 'xsens_mti_ros2_driver.egg-info/SOURCES.txt'
[0.298s] writing manifest file 'xsens_mti_ros2_driver.egg-info/SOURCES.txt'
[0.317s] [100%] Built target ament_cmake_python_build_xsens_mti_ros2_driver_egg
[0.330s] Invoked command in '/home/saab/Desktop/2024_UWR/build/xsens_mti_ros2_driver' returned '0': CMAKE_PREFIX_PATH=${CMAKE_PREFIX_PATH}:/home/saab/Desktop/2024_UWR/install/sonar_subs:/opt/ros/humble CONDA_PROMPT_MODIFIER=(base) /usr/bin/cmake --build /home/saab/Desktop/2024_UWR/build/xsens_mti_ros2_driver -- -j24 -l24
[0.332s] Invoking command in '/home/saab/Desktop/2024_UWR/build/xsens_mti_ros2_driver': CMAKE_PREFIX_PATH=${CMAKE_PREFIX_PATH}:/home/saab/Desktop/2024_UWR/install/sonar_subs:/opt/ros/humble CONDA_PROMPT_MODIFIER=(base) /usr/bin/cmake --install /home/saab/Desktop/2024_UWR/build/xsens_mti_ros2_driver
[0.339s] -- Install configuration: ""
[0.340s] -- Execute custom install script
[0.340s] -- Up-to-date symlink: /home/saab/Desktop/2024_UWR/install/xsens_mti_ros2_driver/share/ament_index/resource_index/rosidl_interfaces/xsens_mti_ros2_driver
[0.341s] -- Up-to-date symlink: /home/saab/Desktop/2024_UWR/install/xsens_mti_ros2_driver/include/xsens_mti_ros2_driver/xsens_mti_ros2_driver/msg/detail/xs_status_word__functions.h
[0.341s] -- Up-to-date symlink: /home/saab/Desktop/2024_UWR/install/xsens_mti_ros2_driver/include/xsens_mti_ros2_driver/xsens_mti_ros2_driver/msg/detail/xs_status_word__struct.h
[0.342s] -- Up-to-date symlink: /home/saab/Desktop/2024_UWR/install/xsens_mti_ros2_driver/include/xsens_mti_ros2_driver/xsens_mti_ros2_driver/msg/detail/xs_status_word__type_support.h
[0.342s] -- Up-to-date symlink: /home/saab/Desktop/2024_UWR/install/xsens_mti_ros2_driver/include/xsens_mti_ros2_driver/xsens_mti_ros2_driver/msg/rosidl_generator_c__visibility_control.h
[0.342s] -- Up-to-date symlink: /home/saab/Desktop/2024_UWR/install/xsens_mti_ros2_driver/include/xsens_mti_ros2_driver/xsens_mti_ros2_driver/msg/xs_status_word.h
[0.343s] -- Up-to-date symlink: /home/saab/Desktop/2024_UWR/install/xsens_mti_ros2_driver/share/xsens_mti_ros2_driver/environment/library_path.sh
[0.343s] -- Up-to-date symlink: /home/saab/Desktop/2024_UWR/install/xsens_mti_ros2_driver/share/xsens_mti_ros2_driver/environment/library_path.dsv
[0.343s] -- Up-to-date symlink: /home/saab/Desktop/2024_UWR/install/xsens_mti_ros2_driver/include/xsens_mti_ros2_driver/xsens_mti_ros2_driver/msg/detail/xs_status_word__rosidl_typesupport_fastrtps_c.h
[0.344s] -- Up-to-date symlink: /home/saab/Desktop/2024_UWR/install/xsens_mti_ros2_driver/include/xsens_mti_ros2_driver/xsens_mti_ros2_driver/msg/rosidl_typesupport_fastrtps_c__visibility_control.h
[0.344s] -- Up-to-date symlink: /home/saab/Desktop/2024_UWR/install/xsens_mti_ros2_driver/include/xsens_mti_ros2_driver/xsens_mti_ros2_driver/msg/detail/xs_status_word__builder.hpp
[0.344s] -- Up-to-date symlink: /home/saab/Desktop/2024_UWR/install/xsens_mti_ros2_driver/include/xsens_mti_ros2_driver/xsens_mti_ros2_driver/msg/detail/xs_status_word__struct.hpp
[0.345s] -- Up-to-date symlink: /home/saab/Desktop/2024_UWR/install/xsens_mti_ros2_driver/include/xsens_mti_ros2_driver/xsens_mti_ros2_driver/msg/detail/xs_status_word__traits.hpp
[0.345s] -- Up-to-date symlink: /home/saab/Desktop/2024_UWR/install/xsens_mti_ros2_driver/include/xsens_mti_ros2_driver/xsens_mti_ros2_driver/msg/detail/xs_status_word__type_support.hpp
[0.345s] -- Up-to-date symlink: /home/saab/Desktop/2024_UWR/install/xsens_mti_ros2_driver/include/xsens_mti_ros2_driver/xsens_mti_ros2_driver/msg/rosidl_generator_cpp__visibility_control.hpp
[0.346s] -- Up-to-date symlink: /home/saab/Desktop/2024_UWR/install/xsens_mti_ros2_driver/include/xsens_mti_ros2_driver/xsens_mti_ros2_driver/msg/xs_status_word.hpp
[0.346s] -- Up-to-date symlink: /home/saab/Desktop/2024_UWR/install/xsens_mti_ros2_driver/include/xsens_mti_ros2_driver/xsens_mti_ros2_driver/msg/detail/xs_status_word__rosidl_typesupport_fastrtps_cpp.hpp
[0.347s] -- Up-to-date symlink: /home/saab/Desktop/2024_UWR/install/xsens_mti_ros2_driver/include/xsens_mti_ros2_driver/xsens_mti_ros2_driver/msg/rosidl_typesupport_fastrtps_cpp__visibility_control.h
[0.347s] -- Up-to-date symlink: /home/saab/Desktop/2024_UWR/install/xsens_mti_ros2_driver/include/xsens_mti_ros2_driver/xsens_mti_ros2_driver/msg/detail/xs_status_word__rosidl_typesupport_introspection_c.h
[0.347s] -- Up-to-date symlink: /home/saab/Desktop/2024_UWR/install/xsens_mti_ros2_driver/include/xsens_mti_ros2_driver/xsens_mti_ros2_driver/msg/rosidl_typesupport_introspection_c__visibility_control.h
[0.347s] -- Up-to-date symlink: /home/saab/Desktop/2024_UWR/install/xsens_mti_ros2_driver/include/xsens_mti_ros2_driver/xsens_mti_ros2_driver/msg/detail/xs_status_word__rosidl_typesupport_introspection_cpp.hpp
[0.348s] -- Up-to-date symlink: /home/saab/Desktop/2024_UWR/install/xsens_mti_ros2_driver/share/xsens_mti_ros2_driver/environment/pythonpath.sh
[0.348s] -- Up-to-date symlink: /home/saab/Desktop/2024_UWR/install/xsens_mti_ros2_driver/share/xsens_mti_ros2_driver/environment/pythonpath.dsv
[0.348s] -- Up-to-date symlink: /home/saab/Desktop/2024_UWR/install/xsens_mti_ros2_driver/local/lib/python3.10/dist-packages/xsens_mti_ros2_driver-1.0.2-py3.10.egg-info/PKG-INFO
[0.348s] -- Up-to-date symlink: /home/saab/Desktop/2024_UWR/install/xsens_mti_ros2_driver/local/lib/python3.10/dist-packages/xsens_mti_ros2_driver-1.0.2-py3.10.egg-info/SOURCES.txt
[0.349s] -- Up-to-date symlink: /home/saab/Desktop/2024_UWR/install/xsens_mti_ros2_driver/local/lib/python3.10/dist-packages/xsens_mti_ros2_driver-1.0.2-py3.10.egg-info/dependency_links.txt
[0.349s] -- Up-to-date symlink: /home/saab/Desktop/2024_UWR/install/xsens_mti_ros2_driver/local/lib/python3.10/dist-packages/xsens_mti_ros2_driver-1.0.2-py3.10.egg-info/top_level.txt
[0.350s] -- Up-to-date symlink: /home/saab/Desktop/2024_UWR/install/xsens_mti_ros2_driver/local/lib/python3.10/dist-packages/xsens_mti_ros2_driver/__init__.py
[0.350s] -- Up-to-date symlink: /home/saab/Desktop/2024_UWR/install/xsens_mti_ros2_driver/local/lib/python3.10/dist-packages/xsens_mti_ros2_driver/_xsens_mti_ros2_driver_s.ep.rosidl_typesupport_c.c
[0.350s] -- Up-to-date symlink: /home/saab/Desktop/2024_UWR/install/xsens_mti_ros2_driver/local/lib/python3.10/dist-packages/xsens_mti_ros2_driver/_xsens_mti_ros2_driver_s.ep.rosidl_typesupport_fastrtps_c.c
[0.351s] -- Up-to-date symlink: /home/saab/Desktop/2024_UWR/install/xsens_mti_ros2_driver/local/lib/python3.10/dist-packages/xsens_mti_ros2_driver/_xsens_mti_ros2_driver_s.ep.rosidl_typesupport_introspection_c.c
[0.351s] -- Up-to-date symlink: /home/saab/Desktop/2024_UWR/install/xsens_mti_ros2_driver/local/lib/python3.10/dist-packages/xsens_mti_ros2_driver/libxsens_mti_ros2_driver__rosidl_generator_py.so
[0.351s] -- Up-to-date symlink: /home/saab/Desktop/2024_UWR/install/xsens_mti_ros2_driver/local/lib/python3.10/dist-packages/xsens_mti_ros2_driver/msg/__init__.py
[0.352s] -- Up-to-date symlink: /home/saab/Desktop/2024_UWR/install/xsens_mti_ros2_driver/local/lib/python3.10/dist-packages/xsens_mti_ros2_driver/msg/_xs_status_word.py
[0.352s] -- Up-to-date symlink: /home/saab/Desktop/2024_UWR/install/xsens_mti_ros2_driver/local/lib/python3.10/dist-packages/xsens_mti_ros2_driver/msg/_xs_status_word_s.c
[0.352s] -- Up-to-date symlink: /home/saab/Desktop/2024_UWR/install/xsens_mti_ros2_driver/local/lib/python3.10/dist-packages/xsens_mti_ros2_driver/xsens_mti_ros2_driver_s__rosidl_typesupport_c.cpython-310-x86_64-linux-gnu.so
[0.353s] -- Up-to-date symlink: /home/saab/Desktop/2024_UWR/install/xsens_mti_ros2_driver/local/lib/python3.10/dist-packages/xsens_mti_ros2_driver/xsens_mti_ros2_driver_s__rosidl_typesupport_fastrtps_c.cpython-310-x86_64-linux-gnu.so
[0.353s] -- Up-to-date symlink: /home/saab/Desktop/2024_UWR/install/xsens_mti_ros2_driver/local/lib/python3.10/dist-packages/xsens_mti_ros2_driver/xsens_mti_ros2_driver_s__rosidl_typesupport_introspection_c.cpython-310-x86_64-linux-gnu.so
[0.353s] -- Up-to-date symlink: /home/saab/Desktop/2024_UWR/install/xsens_mti_ros2_driver/local/lib/python3.10/dist-packages/xsens_mti_ros2_driver/xsens_mti_ros2_driver_s__rosidl_typesupport_fastrtps_c.cpython-310-x86_64-linux-gnu.so
[0.354s] -- Up-to-date symlink: /home/saab/Desktop/2024_UWR/install/xsens_mti_ros2_driver/local/lib/python3.10/dist-packages/xsens_mti_ros2_driver/xsens_mti_ros2_driver_s__rosidl_typesupport_introspection_c.cpython-310-x86_64-linux-gnu.so
[0.354s] -- Up-to-date symlink: /home/saab/Desktop/2024_UWR/install/xsens_mti_ros2_driver/local/lib/python3.10/dist-packages/xsens_mti_ros2_driver/xsens_mti_ros2_driver_s__rosidl_typesupport_c.cpython-310-x86_64-linux-gnu.so
[0.354s] -- Up-to-date symlink: /home/saab/Desktop/2024_UWR/install/xsens_mti_ros2_driver/share/xsens_mti_ros2_driver/msg/XsStatusWord.idl
[0.354s] -- Up-to-date symlink: /home/saab/Desktop/2024_UWR/install/xsens_mti_ros2_driver/share/xsens_mti_ros2_driver/msg/XsStatusWord.msg
[0.355s] -- Up-to-date symlink: /home/saab/Desktop/2024_UWR/install/xsens_mti_ros2_driver/share/xsens_mti_ros2_driver/launch/combined.py
[0.355s] -- Up-to-date symlink: /home/saab/Desktop/2024_UWR/install/xsens_mti_ros2_driver/share/xsens_mti_ros2_driver/launch/display.launch.py
[0.355s] -- Up-to-date symlink: /home/saab/Desktop/2024_UWR/install/xsens_mti_ros2_driver/share/xsens_mti_ros2_driver/launch/xsens_mti_node.launch.py
[0.356s] -- Up-to-date symlink: /home/saab/Desktop/2024_UWR/install/xsens_mti_ros2_driver/share/xsens_mti_ros2_driver/param/xsens_mti_node.yaml
[0.356s] -- Up-to-date symlink: /home/saab/Desktop/2024_UWR/install/xsens_mti_ros2_driver/share/xsens_mti_ros2_driver/rviz/display.rviz
[0.357s] -- Up-to-date symlink: /home/saab/Desktop/2024_UWR/install/xsens_mti_ros2_driver/share/xsens_mti_ros2_driver/urdf/MTi_1.stl
[0.357s] -- Up-to-date symlink: /home/saab/Desktop/2024_UWR/install/xsens_mti_ros2_driver/share/xsens_mti_ros2_driver/urdf/MTi_1.urdf
[0.357s] -- Up-to-date symlink: /home/saab/Desktop/2024_UWR/install/xsens_mti_ros2_driver/share/xsens_mti_ros2_driver/urdf/MTi_10.stl
[0.358s] -- Up-to-date symlink: /home/saab/Desktop/2024_UWR/install/xsens_mti_ros2_driver/share/xsens_mti_ros2_driver/urdf/MTi_10.urdf
[0.358s] -- Up-to-date symlink: /home/saab/Desktop/2024_UWR/install/xsens_mti_ros2_driver/share/xsens_mti_ros2_driver/urdf/MTi_6xx.stl
[0.358s] -- Up-to-date symlink: /home/saab/Desktop/2024_UWR/install/xsens_mti_ros2_driver/share/xsens_mti_ros2_driver/urdf/MTi_6xx.urdf
[0.358s] -- Up-to-date symlink: /home/saab/Desktop/2024_UWR/install/xsens_mti_ros2_driver/share/ament_index/resource_index/package_run_dependencies/xsens_mti_ros2_driver
[0.358s] -- Up-to-date symlink: /home/saab/Desktop/2024_UWR/install/xsens_mti_ros2_driver/share/ament_index/resource_index/parent_prefix_path/xsens_mti_ros2_driver
[0.359s] -- Up-to-date symlink: /home/saab/Desktop/2024_UWR/install/xsens_mti_ros2_driver/share/xsens_mti_ros2_driver/environment/ament_prefix_path.sh
[0.359s] -- Up-to-date symlink: /home/saab/Desktop/2024_UWR/install/xsens_mti_ros2_driver/share/xsens_mti_ros2_driver/environment/ament_prefix_path.dsv
[0.359s] -- Up-to-date symlink: /home/saab/Desktop/2024_UWR/install/xsens_mti_ros2_driver/share/xsens_mti_ros2_driver/environment/path.sh
[0.359s] -- Up-to-date symlink: /home/saab/Desktop/2024_UWR/install/xsens_mti_ros2_driver/share/xsens_mti_ros2_driver/environment/path.dsv
[0.360s] -- Up-to-date symlink: /home/saab/Desktop/2024_UWR/install/xsens_mti_ros2_driver/share/xsens_mti_ros2_driver/local_setup.bash
[0.360s] -- Up-to-date symlink: /home/saab/Desktop/2024_UWR/install/xsens_mti_ros2_driver/share/xsens_mti_ros2_driver/local_setup.sh
[0.360s] -- Up-to-date symlink: /home/saab/Desktop/2024_UWR/install/xsens_mti_ros2_driver/share/xsens_mti_ros2_driver/local_setup.zsh
[0.360s] -- Up-to-date symlink: /home/saab/Desktop/2024_UWR/install/xsens_mti_ros2_driver/share/xsens_mti_ros2_driver/local_setup.dsv
[0.361s] -- Symlinking: /home/saab/Desktop/2024_UWR/install/xsens_mti_ros2_driver/share/xsens_mti_ros2_driver/package.dsv
[0.366s] -- Up-to-date symlink: /home/saab/Desktop/2024_UWR/install/xsens_mti_ros2_driver/share/ament_index/resource_index/packages/xsens_mti_ros2_driver
[0.366s] -- Up-to-date symlink: /home/saab/Desktop/2024_UWR/install/xsens_mti_ros2_driver/share/xsens_mti_ros2_driver/cmake/rosidl_cmake-extras.cmake
[0.367s] -- Up-to-date symlink: /home/saab/Desktop/2024_UWR/install/xsens_mti_ros2_driver/share/xsens_mti_ros2_driver/cmake/ament_cmake_export_dependencies-extras.cmake
[0.367s] -- Up-to-date symlink: /home/saab/Desktop/2024_UWR/install/xsens_mti_ros2_driver/share/xsens_mti_ros2_driver/cmake/ament_cmake_export_include_directories-extras.cmake
[0.367s] -- Up-to-date symlink: /home/saab/Desktop/2024_UWR/install/xsens_mti_ros2_driver/share/xsens_mti_ros2_driver/cmake/ament_cmake_export_libraries-extras.cmake
[0.368s] -- Up-to-date symlink: /home/saab/Desktop/2024_UWR/install/xsens_mti_ros2_driver/share/xsens_mti_ros2_driver/cmake/ament_cmake_export_targets-extras.cmake
[0.368s] -- Up-to-date symlink: /home/saab/Desktop/2024_UWR/install/xsens_mti_ros2_driver/share/xsens_mti_ros2_driver/cmake/rosidl_cmake_export_typesupport_targets-extras.cmake
[0.368s] -- Up-to-date symlink: /home/saab/Desktop/2024_UWR/install/xsens_mti_ros2_driver/share/xsens_mti_ros2_driver/cmake/rosidl_cmake_export_typesupport_libraries-extras.cmake
[0.369s] -- Up-to-date symlink: /home/saab/Desktop/2024_UWR/install/xsens_mti_ros2_driver/share/xsens_mti_ros2_driver/cmake/xsens_mti_ros2_driverConfig.cmake
[0.369s] -- Up-to-date symlink: /home/saab/Desktop/2024_UWR/install/xsens_mti_ros2_driver/share/xsens_mti_ros2_driver/cmake/xsens_mti_ros2_driverConfig-version.cmake
[0.369s] -- Up-to-date symlink: /home/saab/Desktop/2024_UWR/install/xsens_mti_ros2_driver/share/xsens_mti_ros2_driver/package.xml
[0.370s] -- Up-to-date: /home/saab/Desktop/2024_UWR/install/xsens_mti_ros2_driver/lib/libxsens_mti_ros2_driver__rosidl_generator_c.so
[0.370s] -- Up-to-date: /home/saab/Desktop/2024_UWR/install/xsens_mti_ros2_driver/lib/libxsens_mti_ros2_driver__rosidl_typesupport_fastrtps_c.so
[0.371s] -- Up-to-date: /home/saab/Desktop/2024_UWR/install/xsens_mti_ros2_driver/lib/libxsens_mti_ros2_driver__rosidl_typesupport_fastrtps_cpp.so
[0.371s] -- Up-to-date: /home/saab/Desktop/2024_UWR/install/xsens_mti_ros2_driver/lib/libxsens_mti_ros2_driver__rosidl_typesupport_introspection_c.so
[0.372s] -- Up-to-date: /home/saab/Desktop/2024_UWR/install/xsens_mti_ros2_driver/lib/libxsens_mti_ros2_driver__rosidl_typesupport_c.so
[0.372s] -- Up-to-date: /home/saab/Desktop/2024_UWR/install/xsens_mti_ros2_driver/lib/libxsens_mti_ros2_driver__rosidl_typesupport_introspection_cpp.so
[0.372s] -- Up-to-date: /home/saab/Desktop/2024_UWR/install/xsens_mti_ros2_driver/lib/libxsens_mti_ros2_driver__rosidl_typesupport_cpp.so
[0.410s] Listing '/home/saab/Desktop/2024_UWR/install/xsens_mti_ros2_driver/local/lib/python3.10/dist-packages/xsens_mti_ros2_driver'...
[0.410s] Listing '/home/saab/Desktop/2024_UWR/install/xsens_mti_ros2_driver/local/lib/python3.10/dist-packages/xsens_mti_ros2_driver/msg'...
[0.414s] -- Up-to-date: /home/saab/Desktop/2024_UWR/install/xsens_mti_ros2_driver/lib/libxsens_mti_ros2_driver__rosidl_generator_py.so
[0.415s] -- Up-to-date: /home/saab/Desktop/2024_UWR/install/xsens_mti_ros2_driver/lib/xsens_mti_ros2_driver/xsens_mti_node
[0.416s] -- Up-to-date: /home/saab/Desktop/2024_UWR/install/xsens_mti_ros2_driver/share/xsens_mti_ros2_driver/cmake/export_xsens_mti_ros2_driver__rosidl_generator_cExport.cmake
[0.416s] -- Up-to-date: /home/saab/Desktop/2024_UWR/install/xsens_mti_ros2_driver/share/xsens_mti_ros2_driver/cmake/export_xsens_mti_ros2_driver__rosidl_generator_cExport-noconfig.cmake
[0.417s] -- Up-to-date: /home/saab/Desktop/2024_UWR/install/xsens_mti_ros2_driver/share/xsens_mti_ros2_driver/cmake/export_xsens_mti_ros2_driver__rosidl_typesupport_fastrtps_cExport.cmake
[0.417s] -- Up-to-date: /home/saab/Desktop/2024_UWR/install/xsens_mti_ros2_driver/share/xsens_mti_ros2_driver/cmake/export_xsens_mti_ros2_driver__rosidl_typesupport_fastrtps_cExport-noconfig.cmake
[0.417s] -- Up-to-date: /home/saab/Desktop/2024_UWR/install/xsens_mti_ros2_driver/share/xsens_mti_ros2_driver/cmake/export_xsens_mti_ros2_driver__rosidl_generator_cppExport.cmake
[0.418s] -- Up-to-date: /home/saab/Desktop/2024_UWR/install/xsens_mti_ros2_driver/share/xsens_mti_ros2_driver/cmake/export_xsens_mti_ros2_driver__rosidl_typesupport_fastrtps_cppExport.cmake
[0.418s] -- Up-to-date: /home/saab/Desktop/2024_UWR/install/xsens_mti_ros2_driver/share/xsens_mti_ros2_driver/cmake/export_xsens_mti_ros2_driver__rosidl_typesupport_fastrtps_cppExport-noconfig.cmake
[0.418s] -- Up-to-date: /home/saab/Desktop/2024_UWR/install/xsens_mti_ros2_driver/share/xsens_mti_ros2_driver/cmake/xsens_mti_ros2_driver__rosidl_typesupport_introspection_cExport.cmake
[0.418s] -- Up-to-date: /home/saab/Desktop/2024_UWR/install/xsens_mti_ros2_driver/share/xsens_mti_ros2_driver/cmake/xsens_mti_ros2_driver__rosidl_typesupport_introspection_cExport-noconfig.cmake
[0.419s] -- Up-to-date: /home/saab/Desktop/2024_UWR/install/xsens_mti_ros2_driver/share/xsens_mti_ros2_driver/cmake/xsens_mti_ros2_driver__rosidl_typesupport_cExport.cmake
[0.419s] -- Up-to-date: /home/saab/Desktop/2024_UWR/install/xsens_mti_ros2_driver/share/xsens_mti_ros2_driver/cmake/xsens_mti_ros2_driver__rosidl_typesupport_cExport-noconfig.cmake
[0.419s] -- Up-to-date: /home/saab/Desktop/2024_UWR/install/xsens_mti_ros2_driver/share/xsens_mti_ros2_driver/cmake/xsens_mti_ros2_driver__rosidl_typesupport_introspection_cppExport.cmake
[0.419s] -- Up-to-date: /home/saab/Desktop/2024_UWR/install/xsens_mti_ros2_driver/share/xsens_mti_ros2_driver/cmake/xsens_mti_ros2_driver__rosidl_typesupport_introspection_cppExport-noconfig.cmake
[0.421s] -- Up-to-date: /home/saab/Desktop/2024_UWR/install/xsens_mti_ros2_driver/share/xsens_mti_ros2_driver/cmake/xsens_mti_ros2_driver__rosidl_typesupport_cppExport.cmake
[0.421s] -- Up-to-date: /home/saab/Desktop/2024_UWR/install/xsens_mti_ros2_driver/share/xsens_mti_ros2_driver/cmake/xsens_mti_ros2_driver__rosidl_typesupport_cppExport-noconfig.cmake
[0.421s] -- Up-to-date: /home/saab/Desktop/2024_UWR/install/xsens_mti_ros2_driver/share/xsens_mti_ros2_driver/cmake/export_xsens_mti_ros2_driver__rosidl_generator_pyExport.cmake
[0.421s] -- Up-to-date: /home/saab/Desktop/2024_UWR/install/xsens_mti_ros2_driver/share/xsens_mti_ros2_driver/cmake/export_xsens_mti_ros2_driver__rosidl_generator_pyExport-noconfig.cmake
[0.447s] Invoked command in '/home/saab/Desktop/2024_UWR/build/xsens_mti_ros2_driver' returned '0': CMAKE_PREFIX_PATH=${CMAKE_PREFIX_PATH}:/home/saab/Desktop/2024_UWR/install/sonar_subs:/opt/ros/humble CONDA_PROMPT_MODIFIER=(base) /usr/bin/cmake --install /home/saab/Desktop/2024_UWR/build/xsens_mti_ros2_driver
