[1.902s] Invoking command in '/home/uwr/Desktop/2024_UWR/build/sonar_subs': CMAKE_PREFIX_PATH=/home/uwr/Desktop/2024_UWR/install/sonar_msgs:/home/uwr/Desktop/2024_UWR/install/xsens_mti_ros2_driver:/home/uwr/Desktop/2024_UWR/install/kalman_filter:/home/uwr/Desktop/2024_UWR/install/ros2-driver:/home/uwr/Desktop/2024_UWR/install/ntrip:/home/uwr/Desktop/2024_UWR/install/adnav-driver LD_LIBRARY_PATH=/home/uwr/Desktop/2024_UWR/install/sonar_msgs/lib:/home/uwr/Desktop/2024_UWR/install/xsens_mti_ros2_driver/lib:/opt/ros/humble/opt/rviz_ogre_vendor/lib:/opt/ros/humble/lib/x86_64-linux-gnu:/opt/ros/humble/lib PYTHONPATH=/home/uwr/Desktop/2024_UWR/build/sonar_subs/prefix_override:/usr/lib/python3/dist-packages/colcon_core/task/python/colcon_distutils_commands:/home/uwr/Desktop/2024_UWR/install/sonar_subs/lib/python3.10/site-packages:${PYTHONPATH} /usr/bin/python3 -W ignore:setup.py install is deprecated setup.py develop --editable --build-directory /home/uwr/Desktop/2024_UWR/build/sonar_subs/build --no-deps symlink_data
[2.696s] running develop
[2.699s] /usr/lib/python3/dist-packages/setuptools/command/easy_install.py:158: EasyInstallDeprecationWarning: easy_install command is deprecated. Use build and pip and other standards-based tools.
[2.699s]   warnings.warn(
[3.317s] running egg_info
[3.321s] creating sonar_subs.egg-info
[3.321s] writing sonar_subs.egg-info/PKG-INFO
[3.321s] writing dependency_links to sonar_subs.egg-info/dependency_links.txt
[3.321s] writing entry points to sonar_subs.egg-info/entry_points.txt
[3.321s] writing requirements to sonar_subs.egg-info/requires.txt
[3.321s] writing top-level names to sonar_subs.egg-info/top_level.txt
[3.322s] writing manifest file 'sonar_subs.egg-info/SOURCES.txt'
[3.326s] reading manifest file 'sonar_subs.egg-info/SOURCES.txt'
[3.328s] writing manifest file 'sonar_subs.egg-info/SOURCES.txt'
[3.334s] running build_ext
[3.335s] Creating /home/uwr/Desktop/2024_UWR/install/sonar_subs/lib/python3.10/site-packages/sonar-subs.egg-link (link to .)
[3.337s] Installing imu script to /home/uwr/Desktop/2024_UWR/install/sonar_subs/lib/sonar_subs
[3.338s] Installing imu_i2c script to /home/uwr/Desktop/2024_UWR/install/sonar_subs/lib/sonar_subs
[3.338s] Installing kf_sync script to /home/uwr/Desktop/2024_UWR/install/sonar_subs/lib/sonar_subs
[3.338s] Installing sonar_reader script to /home/uwr/Desktop/2024_UWR/install/sonar_subs/lib/sonar_subs
[3.339s] Installing sync_readings script to /home/uwr/Desktop/2024_UWR/install/sonar_subs/lib/sonar_subs
[3.339s] 
[3.339s] Installed /home/uwr/Desktop/2024_UWR/build/sonar_subs
[3.339s] running symlink_data
[3.340s] creating /home/uwr/Desktop/2024_UWR/install/sonar_subs/share/ament_index
[3.340s] creating /home/uwr/Desktop/2024_UWR/install/sonar_subs/share/ament_index/resource_index
[3.340s] creating /home/uwr/Desktop/2024_UWR/install/sonar_subs/share/ament_index/resource_index/packages
[3.340s] symbolically linking /home/uwr/Desktop/2024_UWR/build/sonar_subs/resource/sonar_subs -> /home/uwr/Desktop/2024_UWR/install/sonar_subs/share/ament_index/resource_index/packages
[3.341s] symbolically linking /home/uwr/Desktop/2024_UWR/build/sonar_subs/package.xml -> /home/uwr/Desktop/2024_UWR/install/sonar_subs/share/sonar_subs
[3.341s] creating /home/uwr/Desktop/2024_UWR/install/sonar_subs/share/sonar_subs/launch
[3.341s] symbolically linking /home/uwr/Desktop/2024_UWR/build/sonar_subs/launch/launch.py -> /home/uwr/Desktop/2024_UWR/install/sonar_subs/share/sonar_subs/launch
[3.440s] Invoked command in '/home/uwr/Desktop/2024_UWR/build/sonar_subs' returned '0': CMAKE_PREFIX_PATH=/home/uwr/Desktop/2024_UWR/install/sonar_msgs:/home/uwr/Desktop/2024_UWR/install/xsens_mti_ros2_driver:/home/uwr/Desktop/2024_UWR/install/kalman_filter:/home/uwr/Desktop/2024_UWR/install/ros2-driver:/home/uwr/Desktop/2024_UWR/install/ntrip:/home/uwr/Desktop/2024_UWR/install/adnav-driver LD_LIBRARY_PATH=/home/uwr/Desktop/2024_UWR/install/sonar_msgs/lib:/home/uwr/Desktop/2024_UWR/install/xsens_mti_ros2_driver/lib:/opt/ros/humble/opt/rviz_ogre_vendor/lib:/opt/ros/humble/lib/x86_64-linux-gnu:/opt/ros/humble/lib PYTHONPATH=/home/uwr/Desktop/2024_UWR/build/sonar_subs/prefix_override:/usr/lib/python3/dist-packages/colcon_core/task/python/colcon_distutils_commands:/home/uwr/Desktop/2024_UWR/install/sonar_subs/lib/python3.10/site-packages:${PYTHONPATH} /usr/bin/python3 -W ignore:setup.py install is deprecated setup.py develop --editable --build-directory /home/uwr/Desktop/2024_UWR/build/sonar_subs/build --no-deps symlink_data
