[0.151s] DEBUG:colcon:Command line arguments: ['/usr/bin/colcon', 'build', '--packages-select', 'kalman_filter']
[0.151s] DEBUG:colcon:Parsed command line arguments: Namespace(log_base=None, log_level=None, verb_name='build', build_base='build', install_base='install', merge_install=False, symlink_install=False, test_result_base=None, continue_on_error=False, executor='parallel', parallel_workers=8, event_handlers=None, ignore_user_meta=False, metas=['./colcon.meta'], base_paths=['.'], packages_ignore=None, packages_ignore_regex=None, paths=None, packages_up_to=None, packages_up_to_regex=None, packages_above=None, packages_above_and_dependencies=None, packages_above_depth=None, packages_select_by_dep=None, packages_skip_by_dep=None, packages_skip_up_to=None, packages_select_build_failed=False, packages_skip_build_finished=False, packages_select_test_failures=False, packages_skip_test_passed=False, packages_select=['kalman_filter'], packages_skip=None, packages_select_regex=None, packages_skip_regex=None, packages_start=None, packages_end=None, allow_overriding=[], cmake_args=None, cmake_target=None, cmake_target_skip_unavailable=False, cmake_clean_cache=False, cmake_clean_first=False, cmake_force_configure=False, ament_cmake_args=None, catkin_cmake_args=None, catkin_skip_building_tests=False, verb_parser=<colcon_defaults.argument_parser.defaults.DefaultArgumentsDecorator object at 0x785457710b80>, verb_extension=<colcon_core.verb.build.BuildVerb object at 0x7854578096f0>, main=<bound method BuildVerb.main of <colcon_core.verb.build.BuildVerb object at 0x7854578096f0>>)
[0.398s] Level 1:colcon.colcon_core.package_discovery:discover_packages(colcon_meta) check parameters
[0.398s] Level 1:colcon.colcon_core.package_discovery:discover_packages(recursive) check parameters
[0.398s] Level 1:colcon.colcon_core.package_discovery:discover_packages(ignore) check parameters
[0.398s] Level 1:colcon.colcon_core.package_discovery:discover_packages(path) check parameters
[0.398s] Level 1:colcon.colcon_core.package_discovery:discover_packages(colcon_meta) discover
[0.398s] Level 1:colcon.colcon_core.package_discovery:discover_packages(recursive) discover
[0.398s] INFO:colcon.colcon_core.package_discovery:Crawling recursively for packages in '/home/uwr/Desktop/2024_UWR'
[0.398s] Level 1:colcon.colcon_core.package_identification:_identify(.) by extensions ['ignore', 'ignore_ament_install']
[0.399s] Level 1:colcon.colcon_core.package_identification:_identify(.) by extension 'ignore'
[0.399s] Level 1:colcon.colcon_core.package_identification:_identify(.) by extension 'ignore_ament_install'
[0.399s] Level 1:colcon.colcon_core.package_identification:_identify(.) by extensions ['colcon_pkg']
[0.399s] Level 1:colcon.colcon_core.package_identification:_identify(.) by extension 'colcon_pkg'
[0.399s] Level 1:colcon.colcon_core.package_identification:_identify(.) by extensions ['colcon_meta']
[0.399s] Level 1:colcon.colcon_core.package_identification:_identify(.) by extension 'colcon_meta'
[0.399s] Level 1:colcon.colcon_core.package_identification:_identify(.) by extensions ['ros']
[0.399s] Level 1:colcon.colcon_core.package_identification:_identify(.) by extension 'ros'
[0.413s] Level 1:colcon.colcon_core.package_identification:_identify(.) by extensions ['cmake', 'python']
[0.414s] Level 1:colcon.colcon_core.package_identification:_identify(.) by extension 'cmake'
[0.414s] Level 1:colcon.colcon_core.package_identification:_identify(.) by extension 'python'
[0.414s] Level 1:colcon.colcon_core.package_identification:_identify(.) by extensions ['python_setup_py']
[0.414s] Level 1:colcon.colcon_core.package_identification:_identify(.) by extension 'python_setup_py'
[0.414s] Level 1:colcon.colcon_core.package_identification:_identify(Analysis) by extensions ['ignore', 'ignore_ament_install']
[0.414s] Level 1:colcon.colcon_core.package_identification:_identify(Analysis) by extension 'ignore'
[0.414s] Level 1:colcon.colcon_core.package_identification:_identify(Analysis) by extension 'ignore_ament_install'
[0.414s] Level 1:colcon.colcon_core.package_identification:_identify(Analysis) by extensions ['colcon_pkg']
[0.414s] Level 1:colcon.colcon_core.package_identification:_identify(Analysis) by extension 'colcon_pkg'
[0.414s] Level 1:colcon.colcon_core.package_identification:_identify(Analysis) by extensions ['colcon_meta']
[0.414s] Level 1:colcon.colcon_core.package_identification:_identify(Analysis) by extension 'colcon_meta'
[0.414s] Level 1:colcon.colcon_core.package_identification:_identify(Analysis) by extensions ['ros']
[0.414s] Level 1:colcon.colcon_core.package_identification:_identify(Analysis) by extension 'ros'
[0.414s] Level 1:colcon.colcon_core.package_identification:_identify(Analysis) by extensions ['cmake', 'python']
[0.414s] Level 1:colcon.colcon_core.package_identification:_identify(Analysis) by extension 'cmake'
[0.415s] Level 1:colcon.colcon_core.package_identification:_identify(Analysis) by extension 'python'
[0.415s] Level 1:colcon.colcon_core.package_identification:_identify(Analysis) by extensions ['python_setup_py']
[0.415s] Level 1:colcon.colcon_core.package_identification:_identify(Analysis) by extension 'python_setup_py'
[0.415s] Level 1:colcon.colcon_core.package_identification:_identify(Analysis/Last) by extensions ['ignore', 'ignore_ament_install']
[0.415s] Level 1:colcon.colcon_core.package_identification:_identify(Analysis/Last) by extension 'ignore'
[0.415s] Level 1:colcon.colcon_core.package_identification:_identify(Analysis/Last) by extension 'ignore_ament_install'
[0.415s] Level 1:colcon.colcon_core.package_identification:_identify(Analysis/Last) by extensions ['colcon_pkg']
[0.415s] Level 1:colcon.colcon_core.package_identification:_identify(Analysis/Last) by extension 'colcon_pkg'
[0.415s] Level 1:colcon.colcon_core.package_identification:_identify(Analysis/Last) by extensions ['colcon_meta']
[0.415s] Level 1:colcon.colcon_core.package_identification:_identify(Analysis/Last) by extension 'colcon_meta'
[0.415s] Level 1:colcon.colcon_core.package_identification:_identify(Analysis/Last) by extensions ['ros']
[0.415s] Level 1:colcon.colcon_core.package_identification:_identify(Analysis/Last) by extension 'ros'
[0.415s] Level 1:colcon.colcon_core.package_identification:_identify(Analysis/Last) by extensions ['cmake', 'python']
[0.415s] Level 1:colcon.colcon_core.package_identification:_identify(Analysis/Last) by extension 'cmake'
[0.415s] Level 1:colcon.colcon_core.package_identification:_identify(Analysis/Last) by extension 'python'
[0.415s] Level 1:colcon.colcon_core.package_identification:_identify(Analysis/Last) by extensions ['python_setup_py']
[0.415s] Level 1:colcon.colcon_core.package_identification:_identify(Analysis/Last) by extension 'python_setup_py'
[0.415s] Level 1:colcon.colcon_core.package_identification:_identify(adnav-driver) by extensions ['ignore', 'ignore_ament_install']
[0.416s] Level 1:colcon.colcon_core.package_identification:_identify(adnav-driver) by extension 'ignore'
[0.416s] Level 1:colcon.colcon_core.package_identification:_identify(adnav-driver) by extension 'ignore_ament_install'
[0.416s] Level 1:colcon.colcon_core.package_identification:_identify(adnav-driver) by extensions ['colcon_pkg']
[0.416s] Level 1:colcon.colcon_core.package_identification:_identify(adnav-driver) by extension 'colcon_pkg'
[0.416s] Level 1:colcon.colcon_core.package_identification:_identify(adnav-driver) by extensions ['colcon_meta']
[0.416s] Level 1:colcon.colcon_core.package_identification:_identify(adnav-driver) by extension 'colcon_meta'
[0.416s] Level 1:colcon.colcon_core.package_identification:_identify(adnav-driver) by extensions ['ros']
[0.416s] Level 1:colcon.colcon_core.package_identification:_identify(adnav-driver) by extension 'ros'
[0.419s] DEBUG:colcon.colcon_core.package_identification:Package 'adnav-driver' with type 'ros.ament_cmake' and name 'adnav-driver'
[0.419s] Level 1:colcon.colcon_core.package_identification:_identify(build) by extensions ['ignore', 'ignore_ament_install']
[0.419s] Level 1:colcon.colcon_core.package_identification:_identify(build) by extension 'ignore'
[0.420s] Level 1:colcon.colcon_core.package_identification:_identify(build) ignored
[0.420s] Level 1:colcon.colcon_core.package_identification:_identify(default_path.csv2024_11_03_18_20_15.bag) by extensions ['ignore', 'ignore_ament_install']
[0.420s] Level 1:colcon.colcon_core.package_identification:_identify(default_path.csv2024_11_03_18_20_15.bag) by extension 'ignore'
[0.420s] Level 1:colcon.colcon_core.package_identification:_identify(default_path.csv2024_11_03_18_20_15.bag) by extension 'ignore_ament_install'
[0.420s] Level 1:colcon.colcon_core.package_identification:_identify(default_path.csv2024_11_03_18_20_15.bag) by extensions ['colcon_pkg']
[0.420s] Level 1:colcon.colcon_core.package_identification:_identify(default_path.csv2024_11_03_18_20_15.bag) by extension 'colcon_pkg'
[0.420s] Level 1:colcon.colcon_core.package_identification:_identify(default_path.csv2024_11_03_18_20_15.bag) by extensions ['colcon_meta']
[0.420s] Level 1:colcon.colcon_core.package_identification:_identify(default_path.csv2024_11_03_18_20_15.bag) by extension 'colcon_meta'
[0.420s] Level 1:colcon.colcon_core.package_identification:_identify(default_path.csv2024_11_03_18_20_15.bag) by extensions ['ros']
[0.420s] Level 1:colcon.colcon_core.package_identification:_identify(default_path.csv2024_11_03_18_20_15.bag) by extension 'ros'
[0.420s] Level 1:colcon.colcon_core.package_identification:_identify(default_path.csv2024_11_03_18_20_15.bag) by extensions ['cmake', 'python']
[0.420s] Level 1:colcon.colcon_core.package_identification:_identify(default_path.csv2024_11_03_18_20_15.bag) by extension 'cmake'
[0.420s] Level 1:colcon.colcon_core.package_identification:_identify(default_path.csv2024_11_03_18_20_15.bag) by extension 'python'
[0.420s] Level 1:colcon.colcon_core.package_identification:_identify(default_path.csv2024_11_03_18_20_15.bag) by extensions ['python_setup_py']
[0.420s] Level 1:colcon.colcon_core.package_identification:_identify(default_path.csv2024_11_03_18_20_15.bag) by extension 'python_setup_py'
[0.420s] Level 1:colcon.colcon_core.package_identification:_identify(default_path.csv2024_11_03_18_30_52.bag) by extensions ['ignore', 'ignore_ament_install']
[0.421s] Level 1:colcon.colcon_core.package_identification:_identify(default_path.csv2024_11_03_18_30_52.bag) by extension 'ignore'
[0.421s] Level 1:colcon.colcon_core.package_identification:_identify(default_path.csv2024_11_03_18_30_52.bag) by extension 'ignore_ament_install'
[0.421s] Level 1:colcon.colcon_core.package_identification:_identify(default_path.csv2024_11_03_18_30_52.bag) by extensions ['colcon_pkg']
[0.421s] Level 1:colcon.colcon_core.package_identification:_identify(default_path.csv2024_11_03_18_30_52.bag) by extension 'colcon_pkg'
[0.421s] Level 1:colcon.colcon_core.package_identification:_identify(default_path.csv2024_11_03_18_30_52.bag) by extensions ['colcon_meta']
[0.421s] Level 1:colcon.colcon_core.package_identification:_identify(default_path.csv2024_11_03_18_30_52.bag) by extension 'colcon_meta'
[0.421s] Level 1:colcon.colcon_core.package_identification:_identify(default_path.csv2024_11_03_18_30_52.bag) by extensions ['ros']
[0.421s] Level 1:colcon.colcon_core.package_identification:_identify(default_path.csv2024_11_03_18_30_52.bag) by extension 'ros'
[0.421s] Level 1:colcon.colcon_core.package_identification:_identify(default_path.csv2024_11_03_18_30_52.bag) by extensions ['cmake', 'python']
[0.421s] Level 1:colcon.colcon_core.package_identification:_identify(default_path.csv2024_11_03_18_30_52.bag) by extension 'cmake'
[0.421s] Level 1:colcon.colcon_core.package_identification:_identify(default_path.csv2024_11_03_18_30_52.bag) by extension 'python'
[0.421s] Level 1:colcon.colcon_core.package_identification:_identify(default_path.csv2024_11_03_18_30_52.bag) by extensions ['python_setup_py']
[0.421s] Level 1:colcon.colcon_core.package_identification:_identify(default_path.csv2024_11_03_18_30_52.bag) by extension 'python_setup_py'
[0.421s] Level 1:colcon.colcon_core.package_identification:_identify(default_path.csv2024_11_03_18_34_57.bag) by extensions ['ignore', 'ignore_ament_install']
[0.421s] Level 1:colcon.colcon_core.package_identification:_identify(default_path.csv2024_11_03_18_34_57.bag) by extension 'ignore'
[0.421s] Level 1:colcon.colcon_core.package_identification:_identify(default_path.csv2024_11_03_18_34_57.bag) by extension 'ignore_ament_install'
[0.421s] Level 1:colcon.colcon_core.package_identification:_identify(default_path.csv2024_11_03_18_34_57.bag) by extensions ['colcon_pkg']
[0.421s] Level 1:colcon.colcon_core.package_identification:_identify(default_path.csv2024_11_03_18_34_57.bag) by extension 'colcon_pkg'
[0.421s] Level 1:colcon.colcon_core.package_identification:_identify(default_path.csv2024_11_03_18_34_57.bag) by extensions ['colcon_meta']
[0.422s] Level 1:colcon.colcon_core.package_identification:_identify(default_path.csv2024_11_03_18_34_57.bag) by extension 'colcon_meta'
[0.422s] Level 1:colcon.colcon_core.package_identification:_identify(default_path.csv2024_11_03_18_34_57.bag) by extensions ['ros']
[0.422s] Level 1:colcon.colcon_core.package_identification:_identify(default_path.csv2024_11_03_18_34_57.bag) by extension 'ros'
[0.422s] Level 1:colcon.colcon_core.package_identification:_identify(default_path.csv2024_11_03_18_34_57.bag) by extensions ['cmake', 'python']
[0.422s] Level 1:colcon.colcon_core.package_identification:_identify(default_path.csv2024_11_03_18_34_57.bag) by extension 'cmake'
[0.422s] Level 1:colcon.colcon_core.package_identification:_identify(default_path.csv2024_11_03_18_34_57.bag) by extension 'python'
[0.422s] Level 1:colcon.colcon_core.package_identification:_identify(default_path.csv2024_11_03_18_34_57.bag) by extensions ['python_setup_py']
[0.422s] Level 1:colcon.colcon_core.package_identification:_identify(default_path.csv2024_11_03_18_34_57.bag) by extension 'python_setup_py'
[0.422s] Level 1:colcon.colcon_core.package_identification:_identify(default_path.csv2024_11_03_18_42_56.bag) by extensions ['ignore', 'ignore_ament_install']
[0.422s] Level 1:colcon.colcon_core.package_identification:_identify(default_path.csv2024_11_03_18_42_56.bag) by extension 'ignore'
[0.422s] Level 1:colcon.colcon_core.package_identification:_identify(default_path.csv2024_11_03_18_42_56.bag) by extension 'ignore_ament_install'
[0.422s] Level 1:colcon.colcon_core.package_identification:_identify(default_path.csv2024_11_03_18_42_56.bag) by extensions ['colcon_pkg']
[0.422s] Level 1:colcon.colcon_core.package_identification:_identify(default_path.csv2024_11_03_18_42_56.bag) by extension 'colcon_pkg'
[0.422s] Level 1:colcon.colcon_core.package_identification:_identify(default_path.csv2024_11_03_18_42_56.bag) by extensions ['colcon_meta']
[0.422s] Level 1:colcon.colcon_core.package_identification:_identify(default_path.csv2024_11_03_18_42_56.bag) by extension 'colcon_meta'
[0.422s] Level 1:colcon.colcon_core.package_identification:_identify(default_path.csv2024_11_03_18_42_56.bag) by extensions ['ros']
[0.422s] Level 1:colcon.colcon_core.package_identification:_identify(default_path.csv2024_11_03_18_42_56.bag) by extension 'ros'
[0.422s] Level 1:colcon.colcon_core.package_identification:_identify(default_path.csv2024_11_03_18_42_56.bag) by extensions ['cmake', 'python']
[0.422s] Level 1:colcon.colcon_core.package_identification:_identify(default_path.csv2024_11_03_18_42_56.bag) by extension 'cmake'
[0.423s] Level 1:colcon.colcon_core.package_identification:_identify(default_path.csv2024_11_03_18_42_56.bag) by extension 'python'
[0.423s] Level 1:colcon.colcon_core.package_identification:_identify(default_path.csv2024_11_03_18_42_56.bag) by extensions ['python_setup_py']
[0.423s] Level 1:colcon.colcon_core.package_identification:_identify(default_path.csv2024_11_03_18_42_56.bag) by extension 'python_setup_py'
[0.423s] Level 1:colcon.colcon_core.package_identification:_identify(default_path.csv2024_11_03_18_47_13.bag) by extensions ['ignore', 'ignore_ament_install']
[0.423s] Level 1:colcon.colcon_core.package_identification:_identify(default_path.csv2024_11_03_18_47_13.bag) by extension 'ignore'
[0.423s] Level 1:colcon.colcon_core.package_identification:_identify(default_path.csv2024_11_03_18_47_13.bag) by extension 'ignore_ament_install'
[0.423s] Level 1:colcon.colcon_core.package_identification:_identify(default_path.csv2024_11_03_18_47_13.bag) by extensions ['colcon_pkg']
[0.423s] Level 1:colcon.colcon_core.package_identification:_identify(default_path.csv2024_11_03_18_47_13.bag) by extension 'colcon_pkg'
[0.423s] Level 1:colcon.colcon_core.package_identification:_identify(default_path.csv2024_11_03_18_47_13.bag) by extensions ['colcon_meta']
[0.423s] Level 1:colcon.colcon_core.package_identification:_identify(default_path.csv2024_11_03_18_47_13.bag) by extension 'colcon_meta'
[0.423s] Level 1:colcon.colcon_core.package_identification:_identify(default_path.csv2024_11_03_18_47_13.bag) by extensions ['ros']
[0.423s] Level 1:colcon.colcon_core.package_identification:_identify(default_path.csv2024_11_03_18_47_13.bag) by extension 'ros'
[0.423s] Level 1:colcon.colcon_core.package_identification:_identify(default_path.csv2024_11_03_18_47_13.bag) by extensions ['cmake', 'python']
[0.423s] Level 1:colcon.colcon_core.package_identification:_identify(default_path.csv2024_11_03_18_47_13.bag) by extension 'cmake'
[0.423s] Level 1:colcon.colcon_core.package_identification:_identify(default_path.csv2024_11_03_18_47_13.bag) by extension 'python'
[0.423s] Level 1:colcon.colcon_core.package_identification:_identify(default_path.csv2024_11_03_18_47_13.bag) by extensions ['python_setup_py']
[0.423s] Level 1:colcon.colcon_core.package_identification:_identify(default_path.csv2024_11_03_18_47_13.bag) by extension 'python_setup_py'
[0.423s] Level 1:colcon.colcon_core.package_identification:_identify(default_path.csv2024_11_03_18_49_28.bag) by extensions ['ignore', 'ignore_ament_install']
[0.424s] Level 1:colcon.colcon_core.package_identification:_identify(default_path.csv2024_11_03_18_49_28.bag) by extension 'ignore'
[0.424s] Level 1:colcon.colcon_core.package_identification:_identify(default_path.csv2024_11_03_18_49_28.bag) by extension 'ignore_ament_install'
[0.424s] Level 1:colcon.colcon_core.package_identification:_identify(default_path.csv2024_11_03_18_49_28.bag) by extensions ['colcon_pkg']
[0.424s] Level 1:colcon.colcon_core.package_identification:_identify(default_path.csv2024_11_03_18_49_28.bag) by extension 'colcon_pkg'
[0.424s] Level 1:colcon.colcon_core.package_identification:_identify(default_path.csv2024_11_03_18_49_28.bag) by extensions ['colcon_meta']
[0.424s] Level 1:colcon.colcon_core.package_identification:_identify(default_path.csv2024_11_03_18_49_28.bag) by extension 'colcon_meta'
[0.424s] Level 1:colcon.colcon_core.package_identification:_identify(default_path.csv2024_11_03_18_49_28.bag) by extensions ['ros']
[0.424s] Level 1:colcon.colcon_core.package_identification:_identify(default_path.csv2024_11_03_18_49_28.bag) by extension 'ros'
[0.424s] Level 1:colcon.colcon_core.package_identification:_identify(default_path.csv2024_11_03_18_49_28.bag) by extensions ['cmake', 'python']
[0.424s] Level 1:colcon.colcon_core.package_identification:_identify(default_path.csv2024_11_03_18_49_28.bag) by extension 'cmake'
[0.424s] Level 1:colcon.colcon_core.package_identification:_identify(default_path.csv2024_11_03_18_49_28.bag) by extension 'python'
[0.424s] Level 1:colcon.colcon_core.package_identification:_identify(default_path.csv2024_11_03_18_49_28.bag) by extensions ['python_setup_py']
[0.424s] Level 1:colcon.colcon_core.package_identification:_identify(default_path.csv2024_11_03_18_49_28.bag) by extension 'python_setup_py'
[0.424s] Level 1:colcon.colcon_core.package_identification:_identify(default_path.csv2024_11_03_18_50_17.bag) by extensions ['ignore', 'ignore_ament_install']
[0.424s] Level 1:colcon.colcon_core.package_identification:_identify(default_path.csv2024_11_03_18_50_17.bag) by extension 'ignore'
[0.424s] Level 1:colcon.colcon_core.package_identification:_identify(default_path.csv2024_11_03_18_50_17.bag) by extension 'ignore_ament_install'
[0.425s] Level 1:colcon.colcon_core.package_identification:_identify(default_path.csv2024_11_03_18_50_17.bag) by extensions ['colcon_pkg']
[0.425s] Level 1:colcon.colcon_core.package_identification:_identify(default_path.csv2024_11_03_18_50_17.bag) by extension 'colcon_pkg'
[0.425s] Level 1:colcon.colcon_core.package_identification:_identify(default_path.csv2024_11_03_18_50_17.bag) by extensions ['colcon_meta']
[0.425s] Level 1:colcon.colcon_core.package_identification:_identify(default_path.csv2024_11_03_18_50_17.bag) by extension 'colcon_meta'
[0.425s] Level 1:colcon.colcon_core.package_identification:_identify(default_path.csv2024_11_03_18_50_17.bag) by extensions ['ros']
[0.425s] Level 1:colcon.colcon_core.package_identification:_identify(default_path.csv2024_11_03_18_50_17.bag) by extension 'ros'
[0.425s] Level 1:colcon.colcon_core.package_identification:_identify(default_path.csv2024_11_03_18_50_17.bag) by extensions ['cmake', 'python']
[0.425s] Level 1:colcon.colcon_core.package_identification:_identify(default_path.csv2024_11_03_18_50_17.bag) by extension 'cmake'
[0.425s] Level 1:colcon.colcon_core.package_identification:_identify(default_path.csv2024_11_03_18_50_17.bag) by extension 'python'
[0.425s] Level 1:colcon.colcon_core.package_identification:_identify(default_path.csv2024_11_03_18_50_17.bag) by extensions ['python_setup_py']
[0.425s] Level 1:colcon.colcon_core.package_identification:_identify(default_path.csv2024_11_03_18_50_17.bag) by extension 'python_setup_py'
[0.425s] Level 1:colcon.colcon_core.package_identification:_identify(default_path.csv2024_11_03_18_52_04.bag) by extensions ['ignore', 'ignore_ament_install']
[0.425s] Level 1:colcon.colcon_core.package_identification:_identify(default_path.csv2024_11_03_18_52_04.bag) by extension 'ignore'
[0.425s] Level 1:colcon.colcon_core.package_identification:_identify(default_path.csv2024_11_03_18_52_04.bag) by extension 'ignore_ament_install'
[0.425s] Level 1:colcon.colcon_core.package_identification:_identify(default_path.csv2024_11_03_18_52_04.bag) by extensions ['colcon_pkg']
[0.425s] Level 1:colcon.colcon_core.package_identification:_identify(default_path.csv2024_11_03_18_52_04.bag) by extension 'colcon_pkg'
[0.426s] Level 1:colcon.colcon_core.package_identification:_identify(default_path.csv2024_11_03_18_52_04.bag) by extensions ['colcon_meta']
[0.426s] Level 1:colcon.colcon_core.package_identification:_identify(default_path.csv2024_11_03_18_52_04.bag) by extension 'colcon_meta'
[0.426s] Level 1:colcon.colcon_core.package_identification:_identify(default_path.csv2024_11_03_18_52_04.bag) by extensions ['ros']
[0.426s] Level 1:colcon.colcon_core.package_identification:_identify(default_path.csv2024_11_03_18_52_04.bag) by extension 'ros'
[0.426s] Level 1:colcon.colcon_core.package_identification:_identify(default_path.csv2024_11_03_18_52_04.bag) by extensions ['cmake', 'python']
[0.426s] Level 1:colcon.colcon_core.package_identification:_identify(default_path.csv2024_11_03_18_52_04.bag) by extension 'cmake'
[0.426s] Level 1:colcon.colcon_core.package_identification:_identify(default_path.csv2024_11_03_18_52_04.bag) by extension 'python'
[0.426s] Level 1:colcon.colcon_core.package_identification:_identify(default_path.csv2024_11_03_18_52_04.bag) by extensions ['python_setup_py']
[0.426s] Level 1:colcon.colcon_core.package_identification:_identify(default_path.csv2024_11_03_18_52_04.bag) by extension 'python_setup_py'
[0.426s] Level 1:colcon.colcon_core.package_identification:_identify(default_path.csv2024_11_03_18_56_19.bag) by extensions ['ignore', 'ignore_ament_install']
[0.426s] Level 1:colcon.colcon_core.package_identification:_identify(default_path.csv2024_11_03_18_56_19.bag) by extension 'ignore'
[0.426s] Level 1:colcon.colcon_core.package_identification:_identify(default_path.csv2024_11_03_18_56_19.bag) by extension 'ignore_ament_install'
[0.426s] Level 1:colcon.colcon_core.package_identification:_identify(default_path.csv2024_11_03_18_56_19.bag) by extensions ['colcon_pkg']
[0.426s] Level 1:colcon.colcon_core.package_identification:_identify(default_path.csv2024_11_03_18_56_19.bag) by extension 'colcon_pkg'
[0.426s] Level 1:colcon.colcon_core.package_identification:_identify(default_path.csv2024_11_03_18_56_19.bag) by extensions ['colcon_meta']
[0.426s] Level 1:colcon.colcon_core.package_identification:_identify(default_path.csv2024_11_03_18_56_19.bag) by extension 'colcon_meta'
[0.426s] Level 1:colcon.colcon_core.package_identification:_identify(default_path.csv2024_11_03_18_56_19.bag) by extensions ['ros']
[0.426s] Level 1:colcon.colcon_core.package_identification:_identify(default_path.csv2024_11_03_18_56_19.bag) by extension 'ros'
[0.427s] Level 1:colcon.colcon_core.package_identification:_identify(default_path.csv2024_11_03_18_56_19.bag) by extensions ['cmake', 'python']
[0.427s] Level 1:colcon.colcon_core.package_identification:_identify(default_path.csv2024_11_03_18_56_19.bag) by extension 'cmake'
[0.427s] Level 1:colcon.colcon_core.package_identification:_identify(default_path.csv2024_11_03_18_56_19.bag) by extension 'python'
[0.427s] Level 1:colcon.colcon_core.package_identification:_identify(default_path.csv2024_11_03_18_56_19.bag) by extensions ['python_setup_py']
[0.427s] Level 1:colcon.colcon_core.package_identification:_identify(default_path.csv2024_11_03_18_56_19.bag) by extension 'python_setup_py'
[0.427s] Level 1:colcon.colcon_core.package_identification:_identify(default_path.csv2024_11_03_19_05_47.bag) by extensions ['ignore', 'ignore_ament_install']
[0.427s] Level 1:colcon.colcon_core.package_identification:_identify(default_path.csv2024_11_03_19_05_47.bag) by extension 'ignore'
[0.427s] Level 1:colcon.colcon_core.package_identification:_identify(default_path.csv2024_11_03_19_05_47.bag) by extension 'ignore_ament_install'
[0.427s] Level 1:colcon.colcon_core.package_identification:_identify(default_path.csv2024_11_03_19_05_47.bag) by extensions ['colcon_pkg']
[0.427s] Level 1:colcon.colcon_core.package_identification:_identify(default_path.csv2024_11_03_19_05_47.bag) by extension 'colcon_pkg'
[0.427s] Level 1:colcon.colcon_core.package_identification:_identify(default_path.csv2024_11_03_19_05_47.bag) by extensions ['colcon_meta']
[0.427s] Level 1:colcon.colcon_core.package_identification:_identify(default_path.csv2024_11_03_19_05_47.bag) by extension 'colcon_meta'
[0.427s] Level 1:colcon.colcon_core.package_identification:_identify(default_path.csv2024_11_03_19_05_47.bag) by extensions ['ros']
[0.427s] Level 1:colcon.colcon_core.package_identification:_identify(default_path.csv2024_11_03_19_05_47.bag) by extension 'ros'
[0.427s] Level 1:colcon.colcon_core.package_identification:_identify(default_path.csv2024_11_03_19_05_47.bag) by extensions ['cmake', 'python']
[0.427s] Level 1:colcon.colcon_core.package_identification:_identify(default_path.csv2024_11_03_19_05_47.bag) by extension 'cmake'
[0.427s] Level 1:colcon.colcon_core.package_identification:_identify(default_path.csv2024_11_03_19_05_47.bag) by extension 'python'
[0.427s] Level 1:colcon.colcon_core.package_identification:_identify(default_path.csv2024_11_03_19_05_47.bag) by extensions ['python_setup_py']
[0.427s] Level 1:colcon.colcon_core.package_identification:_identify(default_path.csv2024_11_03_19_05_47.bag) by extension 'python_setup_py'
[0.428s] Level 1:colcon.colcon_core.package_identification:_identify(default_path.csv2024_11_03_20_55_02.bag) by extensions ['ignore', 'ignore_ament_install']
[0.428s] Level 1:colcon.colcon_core.package_identification:_identify(default_path.csv2024_11_03_20_55_02.bag) by extension 'ignore'
[0.428s] Level 1:colcon.colcon_core.package_identification:_identify(default_path.csv2024_11_03_20_55_02.bag) by extension 'ignore_ament_install'
[0.428s] Level 1:colcon.colcon_core.package_identification:_identify(default_path.csv2024_11_03_20_55_02.bag) by extensions ['colcon_pkg']
[0.428s] Level 1:colcon.colcon_core.package_identification:_identify(default_path.csv2024_11_03_20_55_02.bag) by extension 'colcon_pkg'
[0.428s] Level 1:colcon.colcon_core.package_identification:_identify(default_path.csv2024_11_03_20_55_02.bag) by extensions ['colcon_meta']
[0.428s] Level 1:colcon.colcon_core.package_identification:_identify(default_path.csv2024_11_03_20_55_02.bag) by extension 'colcon_meta'
[0.428s] Level 1:colcon.colcon_core.package_identification:_identify(default_path.csv2024_11_03_20_55_02.bag) by extensions ['ros']
[0.428s] Level 1:colcon.colcon_core.package_identification:_identify(default_path.csv2024_11_03_20_55_02.bag) by extension 'ros'
[0.428s] Level 1:colcon.colcon_core.package_identification:_identify(default_path.csv2024_11_03_20_55_02.bag) by extensions ['cmake', 'python']
[0.428s] Level 1:colcon.colcon_core.package_identification:_identify(default_path.csv2024_11_03_20_55_02.bag) by extension 'cmake'
[0.428s] Level 1:colcon.colcon_core.package_identification:_identify(default_path.csv2024_11_03_20_55_02.bag) by extension 'python'
[0.428s] Level 1:colcon.colcon_core.package_identification:_identify(default_path.csv2024_11_03_20_55_02.bag) by extensions ['python_setup_py']
[0.428s] Level 1:colcon.colcon_core.package_identification:_identify(default_path.csv2024_11_03_20_55_02.bag) by extension 'python_setup_py'
[0.428s] Level 1:colcon.colcon_core.package_identification:_identify(default_path.csv2024_11_03_20_57_29.bag) by extensions ['ignore', 'ignore_ament_install']
[0.428s] Level 1:colcon.colcon_core.package_identification:_identify(default_path.csv2024_11_03_20_57_29.bag) by extension 'ignore'
[0.428s] Level 1:colcon.colcon_core.package_identification:_identify(default_path.csv2024_11_03_20_57_29.bag) by extension 'ignore_ament_install'
[0.429s] Level 1:colcon.colcon_core.package_identification:_identify(default_path.csv2024_11_03_20_57_29.bag) by extensions ['colcon_pkg']
[0.429s] Level 1:colcon.colcon_core.package_identification:_identify(default_path.csv2024_11_03_20_57_29.bag) by extension 'colcon_pkg'
[0.429s] Level 1:colcon.colcon_core.package_identification:_identify(default_path.csv2024_11_03_20_57_29.bag) by extensions ['colcon_meta']
[0.429s] Level 1:colcon.colcon_core.package_identification:_identify(default_path.csv2024_11_03_20_57_29.bag) by extension 'colcon_meta'
[0.429s] Level 1:colcon.colcon_core.package_identification:_identify(default_path.csv2024_11_03_20_57_29.bag) by extensions ['ros']
[0.429s] Level 1:colcon.colcon_core.package_identification:_identify(default_path.csv2024_11_03_20_57_29.bag) by extension 'ros'
[0.429s] Level 1:colcon.colcon_core.package_identification:_identify(default_path.csv2024_11_03_20_57_29.bag) by extensions ['cmake', 'python']
[0.429s] Level 1:colcon.colcon_core.package_identification:_identify(default_path.csv2024_11_03_20_57_29.bag) by extension 'cmake'
[0.429s] Level 1:colcon.colcon_core.package_identification:_identify(default_path.csv2024_11_03_20_57_29.bag) by extension 'python'
[0.429s] Level 1:colcon.colcon_core.package_identification:_identify(default_path.csv2024_11_03_20_57_29.bag) by extensions ['python_setup_py']
[0.429s] Level 1:colcon.colcon_core.package_identification:_identify(default_path.csv2024_11_03_20_57_29.bag) by extension 'python_setup_py'
[0.429s] Level 1:colcon.colcon_core.package_identification:_identify(default_path.csv2024_11_03_20_59_40.bag) by extensions ['ignore', 'ignore_ament_install']
[0.429s] Level 1:colcon.colcon_core.package_identification:_identify(default_path.csv2024_11_03_20_59_40.bag) by extension 'ignore'
[0.429s] Level 1:colcon.colcon_core.package_identification:_identify(default_path.csv2024_11_03_20_59_40.bag) by extension 'ignore_ament_install'
[0.429s] Level 1:colcon.colcon_core.package_identification:_identify(default_path.csv2024_11_03_20_59_40.bag) by extensions ['colcon_pkg']
[0.429s] Level 1:colcon.colcon_core.package_identification:_identify(default_path.csv2024_11_03_20_59_40.bag) by extension 'colcon_pkg'
[0.429s] Level 1:colcon.colcon_core.package_identification:_identify(default_path.csv2024_11_03_20_59_40.bag) by extensions ['colcon_meta']
[0.429s] Level 1:colcon.colcon_core.package_identification:_identify(default_path.csv2024_11_03_20_59_40.bag) by extension 'colcon_meta'
[0.429s] Level 1:colcon.colcon_core.package_identification:_identify(default_path.csv2024_11_03_20_59_40.bag) by extensions ['ros']
[0.430s] Level 1:colcon.colcon_core.package_identification:_identify(default_path.csv2024_11_03_20_59_40.bag) by extension 'ros'
[0.430s] Level 1:colcon.colcon_core.package_identification:_identify(default_path.csv2024_11_03_20_59_40.bag) by extensions ['cmake', 'python']
[0.430s] Level 1:colcon.colcon_core.package_identification:_identify(default_path.csv2024_11_03_20_59_40.bag) by extension 'cmake'
[0.430s] Level 1:colcon.colcon_core.package_identification:_identify(default_path.csv2024_11_03_20_59_40.bag) by extension 'python'
[0.430s] Level 1:colcon.colcon_core.package_identification:_identify(default_path.csv2024_11_03_20_59_40.bag) by extensions ['python_setup_py']
[0.430s] Level 1:colcon.colcon_core.package_identification:_identify(default_path.csv2024_11_03_20_59_40.bag) by extension 'python_setup_py'
[0.430s] Level 1:colcon.colcon_core.package_identification:_identify(default_path.csv2024_11_03_21_01_22.bag) by extensions ['ignore', 'ignore_ament_install']
[0.430s] Level 1:colcon.colcon_core.package_identification:_identify(default_path.csv2024_11_03_21_01_22.bag) by extension 'ignore'
[0.430s] Level 1:colcon.colcon_core.package_identification:_identify(default_path.csv2024_11_03_21_01_22.bag) by extension 'ignore_ament_install'
[0.430s] Level 1:colcon.colcon_core.package_identification:_identify(default_path.csv2024_11_03_21_01_22.bag) by extensions ['colcon_pkg']
[0.430s] Level 1:colcon.colcon_core.package_identification:_identify(default_path.csv2024_11_03_21_01_22.bag) by extension 'colcon_pkg'
[0.430s] Level 1:colcon.colcon_core.package_identification:_identify(default_path.csv2024_11_03_21_01_22.bag) by extensions ['colcon_meta']
[0.430s] Level 1:colcon.colcon_core.package_identification:_identify(default_path.csv2024_11_03_21_01_22.bag) by extension 'colcon_meta'
[0.430s] Level 1:colcon.colcon_core.package_identification:_identify(default_path.csv2024_11_03_21_01_22.bag) by extensions ['ros']
[0.430s] Level 1:colcon.colcon_core.package_identification:_identify(default_path.csv2024_11_03_21_01_22.bag) by extension 'ros'
[0.430s] Level 1:colcon.colcon_core.package_identification:_identify(default_path.csv2024_11_03_21_01_22.bag) by extensions ['cmake', 'python']
[0.430s] Level 1:colcon.colcon_core.package_identification:_identify(default_path.csv2024_11_03_21_01_22.bag) by extension 'cmake'
[0.430s] Level 1:colcon.colcon_core.package_identification:_identify(default_path.csv2024_11_03_21_01_22.bag) by extension 'python'
[0.430s] Level 1:colcon.colcon_core.package_identification:_identify(default_path.csv2024_11_03_21_01_22.bag) by extensions ['python_setup_py']
[0.431s] Level 1:colcon.colcon_core.package_identification:_identify(default_path.csv2024_11_03_21_01_22.bag) by extension 'python_setup_py'
[0.431s] Level 1:colcon.colcon_core.package_identification:_identify(default_path.csv2024_11_03_21_03_56.bag) by extensions ['ignore', 'ignore_ament_install']
[0.431s] Level 1:colcon.colcon_core.package_identification:_identify(default_path.csv2024_11_03_21_03_56.bag) by extension 'ignore'
[0.431s] Level 1:colcon.colcon_core.package_identification:_identify(default_path.csv2024_11_03_21_03_56.bag) by extension 'ignore_ament_install'
[0.431s] Level 1:colcon.colcon_core.package_identification:_identify(default_path.csv2024_11_03_21_03_56.bag) by extensions ['colcon_pkg']
[0.431s] Level 1:colcon.colcon_core.package_identification:_identify(default_path.csv2024_11_03_21_03_56.bag) by extension 'colcon_pkg'
[0.431s] Level 1:colcon.colcon_core.package_identification:_identify(default_path.csv2024_11_03_21_03_56.bag) by extensions ['colcon_meta']
[0.431s] Level 1:colcon.colcon_core.package_identification:_identify(default_path.csv2024_11_03_21_03_56.bag) by extension 'colcon_meta'
[0.431s] Level 1:colcon.colcon_core.package_identification:_identify(default_path.csv2024_11_03_21_03_56.bag) by extensions ['ros']
[0.431s] Level 1:colcon.colcon_core.package_identification:_identify(default_path.csv2024_11_03_21_03_56.bag) by extension 'ros'
[0.431s] Level 1:colcon.colcon_core.package_identification:_identify(default_path.csv2024_11_03_21_03_56.bag) by extensions ['cmake', 'python']
[0.431s] Level 1:colcon.colcon_core.package_identification:_identify(default_path.csv2024_11_03_21_03_56.bag) by extension 'cmake'
[0.431s] Level 1:colcon.colcon_core.package_identification:_identify(default_path.csv2024_11_03_21_03_56.bag) by extension 'python'
[0.431s] Level 1:colcon.colcon_core.package_identification:_identify(default_path.csv2024_11_03_21_03_56.bag) by extensions ['python_setup_py']
[0.431s] Level 1:colcon.colcon_core.package_identification:_identify(default_path.csv2024_11_03_21_03_56.bag) by extension 'python_setup_py'
[0.431s] Level 1:colcon.colcon_core.package_identification:_identify(default_path.csv2024_11_03_21_10_45.bag) by extensions ['ignore', 'ignore_ament_install']
[0.431s] Level 1:colcon.colcon_core.package_identification:_identify(default_path.csv2024_11_03_21_10_45.bag) by extension 'ignore'
[0.432s] Level 1:colcon.colcon_core.package_identification:_identify(default_path.csv2024_11_03_21_10_45.bag) by extension 'ignore_ament_install'
[0.432s] Level 1:colcon.colcon_core.package_identification:_identify(default_path.csv2024_11_03_21_10_45.bag) by extensions ['colcon_pkg']
[0.432s] Level 1:colcon.colcon_core.package_identification:_identify(default_path.csv2024_11_03_21_10_45.bag) by extension 'colcon_pkg'
[0.432s] Level 1:colcon.colcon_core.package_identification:_identify(default_path.csv2024_11_03_21_10_45.bag) by extensions ['colcon_meta']
[0.432s] Level 1:colcon.colcon_core.package_identification:_identify(default_path.csv2024_11_03_21_10_45.bag) by extension 'colcon_meta'
[0.432s] Level 1:colcon.colcon_core.package_identification:_identify(default_path.csv2024_11_03_21_10_45.bag) by extensions ['ros']
[0.432s] Level 1:colcon.colcon_core.package_identification:_identify(default_path.csv2024_11_03_21_10_45.bag) by extension 'ros'
[0.432s] Level 1:colcon.colcon_core.package_identification:_identify(default_path.csv2024_11_03_21_10_45.bag) by extensions ['cmake', 'python']
[0.432s] Level 1:colcon.colcon_core.package_identification:_identify(default_path.csv2024_11_03_21_10_45.bag) by extension 'cmake'
[0.432s] Level 1:colcon.colcon_core.package_identification:_identify(default_path.csv2024_11_03_21_10_45.bag) by extension 'python'
[0.432s] Level 1:colcon.colcon_core.package_identification:_identify(default_path.csv2024_11_03_21_10_45.bag) by extensions ['python_setup_py']
[0.432s] Level 1:colcon.colcon_core.package_identification:_identify(default_path.csv2024_11_03_21_10_45.bag) by extension 'python_setup_py'
[0.432s] Level 1:colcon.colcon_core.package_identification:_identify(default_path.csv2024_11_03_21_13_56.bag) by extensions ['ignore', 'ignore_ament_install']
[0.432s] Level 1:colcon.colcon_core.package_identification:_identify(default_path.csv2024_11_03_21_13_56.bag) by extension 'ignore'
[0.432s] Level 1:colcon.colcon_core.package_identification:_identify(default_path.csv2024_11_03_21_13_56.bag) by extension 'ignore_ament_install'
[0.432s] Level 1:colcon.colcon_core.package_identification:_identify(default_path.csv2024_11_03_21_13_56.bag) by extensions ['colcon_pkg']
[0.432s] Level 1:colcon.colcon_core.package_identification:_identify(default_path.csv2024_11_03_21_13_56.bag) by extension 'colcon_pkg'
[0.432s] Level 1:colcon.colcon_core.package_identification:_identify(default_path.csv2024_11_03_21_13_56.bag) by extensions ['colcon_meta']
[0.432s] Level 1:colcon.colcon_core.package_identification:_identify(default_path.csv2024_11_03_21_13_56.bag) by extension 'colcon_meta'
[0.433s] Level 1:colcon.colcon_core.package_identification:_identify(default_path.csv2024_11_03_21_13_56.bag) by extensions ['ros']
[0.433s] Level 1:colcon.colcon_core.package_identification:_identify(default_path.csv2024_11_03_21_13_56.bag) by extension 'ros'
[0.433s] Level 1:colcon.colcon_core.package_identification:_identify(default_path.csv2024_11_03_21_13_56.bag) by extensions ['cmake', 'python']
[0.433s] Level 1:colcon.colcon_core.package_identification:_identify(default_path.csv2024_11_03_21_13_56.bag) by extension 'cmake'
[0.433s] Level 1:colcon.colcon_core.package_identification:_identify(default_path.csv2024_11_03_21_13_56.bag) by extension 'python'
[0.433s] Level 1:colcon.colcon_core.package_identification:_identify(default_path.csv2024_11_03_21_13_56.bag) by extensions ['python_setup_py']
[0.433s] Level 1:colcon.colcon_core.package_identification:_identify(default_path.csv2024_11_03_21_13_56.bag) by extension 'python_setup_py'
[0.433s] Level 1:colcon.colcon_core.package_identification:_identify(default_path.csv2024_11_03_21_16_21.bag) by extensions ['ignore', 'ignore_ament_install']
[0.433s] Level 1:colcon.colcon_core.package_identification:_identify(default_path.csv2024_11_03_21_16_21.bag) by extension 'ignore'
[0.433s] Level 1:colcon.colcon_core.package_identification:_identify(default_path.csv2024_11_03_21_16_21.bag) by extension 'ignore_ament_install'
[0.433s] Level 1:colcon.colcon_core.package_identification:_identify(default_path.csv2024_11_03_21_16_21.bag) by extensions ['colcon_pkg']
[0.433s] Level 1:colcon.colcon_core.package_identification:_identify(default_path.csv2024_11_03_21_16_21.bag) by extension 'colcon_pkg'
[0.433s] Level 1:colcon.colcon_core.package_identification:_identify(default_path.csv2024_11_03_21_16_21.bag) by extensions ['colcon_meta']
[0.433s] Level 1:colcon.colcon_core.package_identification:_identify(default_path.csv2024_11_03_21_16_21.bag) by extension 'colcon_meta'
[0.433s] Level 1:colcon.colcon_core.package_identification:_identify(default_path.csv2024_11_03_21_16_21.bag) by extensions ['ros']
[0.433s] Level 1:colcon.colcon_core.package_identification:_identify(default_path.csv2024_11_03_21_16_21.bag) by extension 'ros'
[0.433s] Level 1:colcon.colcon_core.package_identification:_identify(default_path.csv2024_11_03_21_16_21.bag) by extensions ['cmake', 'python']
[0.433s] Level 1:colcon.colcon_core.package_identification:_identify(default_path.csv2024_11_03_21_16_21.bag) by extension 'cmake'
[0.433s] Level 1:colcon.colcon_core.package_identification:_identify(default_path.csv2024_11_03_21_16_21.bag) by extension 'python'
[0.434s] Level 1:colcon.colcon_core.package_identification:_identify(default_path.csv2024_11_03_21_16_21.bag) by extensions ['python_setup_py']
[0.434s] Level 1:colcon.colcon_core.package_identification:_identify(default_path.csv2024_11_03_21_16_21.bag) by extension 'python_setup_py'
[0.434s] Level 1:colcon.colcon_core.package_identification:_identify(default_path.csv2024_11_03_21_25_55.bag) by extensions ['ignore', 'ignore_ament_install']
[0.434s] Level 1:colcon.colcon_core.package_identification:_identify(default_path.csv2024_11_03_21_25_55.bag) by extension 'ignore'
[0.434s] Level 1:colcon.colcon_core.package_identification:_identify(default_path.csv2024_11_03_21_25_55.bag) by extension 'ignore_ament_install'
[0.434s] Level 1:colcon.colcon_core.package_identification:_identify(default_path.csv2024_11_03_21_25_55.bag) by extensions ['colcon_pkg']
[0.434s] Level 1:colcon.colcon_core.package_identification:_identify(default_path.csv2024_11_03_21_25_55.bag) by extension 'colcon_pkg'
[0.434s] Level 1:colcon.colcon_core.package_identification:_identify(default_path.csv2024_11_03_21_25_55.bag) by extensions ['colcon_meta']
[0.434s] Level 1:colcon.colcon_core.package_identification:_identify(default_path.csv2024_11_03_21_25_55.bag) by extension 'colcon_meta'
[0.434s] Level 1:colcon.colcon_core.package_identification:_identify(default_path.csv2024_11_03_21_25_55.bag) by extensions ['ros']
[0.434s] Level 1:colcon.colcon_core.package_identification:_identify(default_path.csv2024_11_03_21_25_55.bag) by extension 'ros'
[0.434s] Level 1:colcon.colcon_core.package_identification:_identify(default_path.csv2024_11_03_21_25_55.bag) by extensions ['cmake', 'python']
[0.434s] Level 1:colcon.colcon_core.package_identification:_identify(default_path.csv2024_11_03_21_25_55.bag) by extension 'cmake'
[0.434s] Level 1:colcon.colcon_core.package_identification:_identify(default_path.csv2024_11_03_21_25_55.bag) by extension 'python'
[0.434s] Level 1:colcon.colcon_core.package_identification:_identify(default_path.csv2024_11_03_21_25_55.bag) by extensions ['python_setup_py']
[0.434s] Level 1:colcon.colcon_core.package_identification:_identify(default_path.csv2024_11_03_21_25_55.bag) by extension 'python_setup_py'
[0.434s] Level 1:colcon.colcon_core.package_identification:_identify(default_path.csv2024_11_03_21_28_52.bag) by extensions ['ignore', 'ignore_ament_install']
[0.435s] Level 1:colcon.colcon_core.package_identification:_identify(default_path.csv2024_11_03_21_28_52.bag) by extension 'ignore'
[0.435s] Level 1:colcon.colcon_core.package_identification:_identify(default_path.csv2024_11_03_21_28_52.bag) by extension 'ignore_ament_install'
[0.435s] Level 1:colcon.colcon_core.package_identification:_identify(default_path.csv2024_11_03_21_28_52.bag) by extensions ['colcon_pkg']
[0.435s] Level 1:colcon.colcon_core.package_identification:_identify(default_path.csv2024_11_03_21_28_52.bag) by extension 'colcon_pkg'
[0.435s] Level 1:colcon.colcon_core.package_identification:_identify(default_path.csv2024_11_03_21_28_52.bag) by extensions ['colcon_meta']
[0.435s] Level 1:colcon.colcon_core.package_identification:_identify(default_path.csv2024_11_03_21_28_52.bag) by extension 'colcon_meta'
[0.435s] Level 1:colcon.colcon_core.package_identification:_identify(default_path.csv2024_11_03_21_28_52.bag) by extensions ['ros']
[0.435s] Level 1:colcon.colcon_core.package_identification:_identify(default_path.csv2024_11_03_21_28_52.bag) by extension 'ros'
[0.435s] Level 1:colcon.colcon_core.package_identification:_identify(default_path.csv2024_11_03_21_28_52.bag) by extensions ['cmake', 'python']
[0.435s] Level 1:colcon.colcon_core.package_identification:_identify(default_path.csv2024_11_03_21_28_52.bag) by extension 'cmake'
[0.435s] Level 1:colcon.colcon_core.package_identification:_identify(default_path.csv2024_11_03_21_28_52.bag) by extension 'python'
[0.435s] Level 1:colcon.colcon_core.package_identification:_identify(default_path.csv2024_11_03_21_28_52.bag) by extensions ['python_setup_py']
[0.435s] Level 1:colcon.colcon_core.package_identification:_identify(default_path.csv2024_11_03_21_28_52.bag) by extension 'python_setup_py'
[0.435s] Level 1:colcon.colcon_core.package_identification:_identify(default_path.csv2024_11_03_21_30_46.bag) by extensions ['ignore', 'ignore_ament_install']
[0.435s] Level 1:colcon.colcon_core.package_identification:_identify(default_path.csv2024_11_03_21_30_46.bag) by extension 'ignore'
[0.435s] Level 1:colcon.colcon_core.package_identification:_identify(default_path.csv2024_11_03_21_30_46.bag) by extension 'ignore_ament_install'
[0.435s] Level 1:colcon.colcon_core.package_identification:_identify(default_path.csv2024_11_03_21_30_46.bag) by extensions ['colcon_pkg']
[0.435s] Level 1:colcon.colcon_core.package_identification:_identify(default_path.csv2024_11_03_21_30_46.bag) by extension 'colcon_pkg'
[0.435s] Level 1:colcon.colcon_core.package_identification:_identify(default_path.csv2024_11_03_21_30_46.bag) by extensions ['colcon_meta']
[0.436s] Level 1:colcon.colcon_core.package_identification:_identify(default_path.csv2024_11_03_21_30_46.bag) by extension 'colcon_meta'
[0.436s] Level 1:colcon.colcon_core.package_identification:_identify(default_path.csv2024_11_03_21_30_46.bag) by extensions ['ros']
[0.436s] Level 1:colcon.colcon_core.package_identification:_identify(default_path.csv2024_11_03_21_30_46.bag) by extension 'ros'
[0.436s] Level 1:colcon.colcon_core.package_identification:_identify(default_path.csv2024_11_03_21_30_46.bag) by extensions ['cmake', 'python']
[0.436s] Level 1:colcon.colcon_core.package_identification:_identify(default_path.csv2024_11_03_21_30_46.bag) by extension 'cmake'
[0.436s] Level 1:colcon.colcon_core.package_identification:_identify(default_path.csv2024_11_03_21_30_46.bag) by extension 'python'
[0.436s] Level 1:colcon.colcon_core.package_identification:_identify(default_path.csv2024_11_03_21_30_46.bag) by extensions ['python_setup_py']
[0.436s] Level 1:colcon.colcon_core.package_identification:_identify(default_path.csv2024_11_03_21_30_46.bag) by extension 'python_setup_py'
[0.436s] Level 1:colcon.colcon_core.package_identification:_identify(default_path.csv2024_11_03_21_31_57.bag) by extensions ['ignore', 'ignore_ament_install']
[0.436s] Level 1:colcon.colcon_core.package_identification:_identify(default_path.csv2024_11_03_21_31_57.bag) by extension 'ignore'
[0.436s] Level 1:colcon.colcon_core.package_identification:_identify(default_path.csv2024_11_03_21_31_57.bag) by extension 'ignore_ament_install'
[0.436s] Level 1:colcon.colcon_core.package_identification:_identify(default_path.csv2024_11_03_21_31_57.bag) by extensions ['colcon_pkg']
[0.436s] Level 1:colcon.colcon_core.package_identification:_identify(default_path.csv2024_11_03_21_31_57.bag) by extension 'colcon_pkg'
[0.436s] Level 1:colcon.colcon_core.package_identification:_identify(default_path.csv2024_11_03_21_31_57.bag) by extensions ['colcon_meta']
[0.436s] Level 1:colcon.colcon_core.package_identification:_identify(default_path.csv2024_11_03_21_31_57.bag) by extension 'colcon_meta'
[0.436s] Level 1:colcon.colcon_core.package_identification:_identify(default_path.csv2024_11_03_21_31_57.bag) by extensions ['ros']
[0.437s] Level 1:colcon.colcon_core.package_identification:_identify(default_path.csv2024_11_03_21_31_57.bag) by extension 'ros'
[0.437s] Level 1:colcon.colcon_core.package_identification:_identify(default_path.csv2024_11_03_21_31_57.bag) by extensions ['cmake', 'python']
[0.437s] Level 1:colcon.colcon_core.package_identification:_identify(default_path.csv2024_11_03_21_31_57.bag) by extension 'cmake'
[0.437s] Level 1:colcon.colcon_core.package_identification:_identify(default_path.csv2024_11_03_21_31_57.bag) by extension 'python'
[0.437s] Level 1:colcon.colcon_core.package_identification:_identify(default_path.csv2024_11_03_21_31_57.bag) by extensions ['python_setup_py']
[0.437s] Level 1:colcon.colcon_core.package_identification:_identify(default_path.csv2024_11_03_21_31_57.bag) by extension 'python_setup_py'
[0.437s] Level 1:colcon.colcon_core.package_identification:_identify(default_path.csv2024_11_03_21_33_32.bag) by extensions ['ignore', 'ignore_ament_install']
[0.437s] Level 1:colcon.colcon_core.package_identification:_identify(default_path.csv2024_11_03_21_33_32.bag) by extension 'ignore'
[0.437s] Level 1:colcon.colcon_core.package_identification:_identify(default_path.csv2024_11_03_21_33_32.bag) by extension 'ignore_ament_install'
[0.437s] Level 1:colcon.colcon_core.package_identification:_identify(default_path.csv2024_11_03_21_33_32.bag) by extensions ['colcon_pkg']
[0.437s] Level 1:colcon.colcon_core.package_identification:_identify(default_path.csv2024_11_03_21_33_32.bag) by extension 'colcon_pkg'
[0.437s] Level 1:colcon.colcon_core.package_identification:_identify(default_path.csv2024_11_03_21_33_32.bag) by extensions ['colcon_meta']
[0.437s] Level 1:colcon.colcon_core.package_identification:_identify(default_path.csv2024_11_03_21_33_32.bag) by extension 'colcon_meta'
[0.437s] Level 1:colcon.colcon_core.package_identification:_identify(default_path.csv2024_11_03_21_33_32.bag) by extensions ['ros']
[0.437s] Level 1:colcon.colcon_core.package_identification:_identify(default_path.csv2024_11_03_21_33_32.bag) by extension 'ros'
[0.437s] Level 1:colcon.colcon_core.package_identification:_identify(default_path.csv2024_11_03_21_33_32.bag) by extensions ['cmake', 'python']
[0.437s] Level 1:colcon.colcon_core.package_identification:_identify(default_path.csv2024_11_03_21_33_32.bag) by extension 'cmake'
[0.437s] Level 1:colcon.colcon_core.package_identification:_identify(default_path.csv2024_11_03_21_33_32.bag) by extension 'python'
[0.438s] Level 1:colcon.colcon_core.package_identification:_identify(default_path.csv2024_11_03_21_33_32.bag) by extensions ['python_setup_py']
[0.438s] Level 1:colcon.colcon_core.package_identification:_identify(default_path.csv2024_11_03_21_33_32.bag) by extension 'python_setup_py'
[0.438s] Level 1:colcon.colcon_core.package_identification:_identify(default_path.csv2024_11_03_21_35_28.bag) by extensions ['ignore', 'ignore_ament_install']
[0.438s] Level 1:colcon.colcon_core.package_identification:_identify(default_path.csv2024_11_03_21_35_28.bag) by extension 'ignore'
[0.438s] Level 1:colcon.colcon_core.package_identification:_identify(default_path.csv2024_11_03_21_35_28.bag) by extension 'ignore_ament_install'
[0.438s] Level 1:colcon.colcon_core.package_identification:_identify(default_path.csv2024_11_03_21_35_28.bag) by extensions ['colcon_pkg']
[0.438s] Level 1:colcon.colcon_core.package_identification:_identify(default_path.csv2024_11_03_21_35_28.bag) by extension 'colcon_pkg'
[0.438s] Level 1:colcon.colcon_core.package_identification:_identify(default_path.csv2024_11_03_21_35_28.bag) by extensions ['colcon_meta']
[0.438s] Level 1:colcon.colcon_core.package_identification:_identify(default_path.csv2024_11_03_21_35_28.bag) by extension 'colcon_meta'
[0.438s] Level 1:colcon.colcon_core.package_identification:_identify(default_path.csv2024_11_03_21_35_28.bag) by extensions ['ros']
[0.438s] Level 1:colcon.colcon_core.package_identification:_identify(default_path.csv2024_11_03_21_35_28.bag) by extension 'ros'
[0.438s] Level 1:colcon.colcon_core.package_identification:_identify(default_path.csv2024_11_03_21_35_28.bag) by extensions ['cmake', 'python']
[0.438s] Level 1:colcon.colcon_core.package_identification:_identify(default_path.csv2024_11_03_21_35_28.bag) by extension 'cmake'
[0.438s] Level 1:colcon.colcon_core.package_identification:_identify(default_path.csv2024_11_03_21_35_28.bag) by extension 'python'
[0.438s] Level 1:colcon.colcon_core.package_identification:_identify(default_path.csv2024_11_03_21_35_28.bag) by extensions ['python_setup_py']
[0.438s] Level 1:colcon.colcon_core.package_identification:_identify(default_path.csv2024_11_03_21_35_28.bag) by extension 'python_setup_py'
[0.438s] Level 1:colcon.colcon_core.package_identification:_identify(default_path.csv2024_11_03_21_36_37.bag) by extensions ['ignore', 'ignore_ament_install']
[0.438s] Level 1:colcon.colcon_core.package_identification:_identify(default_path.csv2024_11_03_21_36_37.bag) by extension 'ignore'
[0.439s] Level 1:colcon.colcon_core.package_identification:_identify(default_path.csv2024_11_03_21_36_37.bag) by extension 'ignore_ament_install'
[0.439s] Level 1:colcon.colcon_core.package_identification:_identify(default_path.csv2024_11_03_21_36_37.bag) by extensions ['colcon_pkg']
[0.439s] Level 1:colcon.colcon_core.package_identification:_identify(default_path.csv2024_11_03_21_36_37.bag) by extension 'colcon_pkg'
[0.439s] Level 1:colcon.colcon_core.package_identification:_identify(default_path.csv2024_11_03_21_36_37.bag) by extensions ['colcon_meta']
[0.439s] Level 1:colcon.colcon_core.package_identification:_identify(default_path.csv2024_11_03_21_36_37.bag) by extension 'colcon_meta'
[0.439s] Level 1:colcon.colcon_core.package_identification:_identify(default_path.csv2024_11_03_21_36_37.bag) by extensions ['ros']
[0.439s] Level 1:colcon.colcon_core.package_identification:_identify(default_path.csv2024_11_03_21_36_37.bag) by extension 'ros'
[0.439s] Level 1:colcon.colcon_core.package_identification:_identify(default_path.csv2024_11_03_21_36_37.bag) by extensions ['cmake', 'python']
[0.439s] Level 1:colcon.colcon_core.package_identification:_identify(default_path.csv2024_11_03_21_36_37.bag) by extension 'cmake'
[0.439s] Level 1:colcon.colcon_core.package_identification:_identify(default_path.csv2024_11_03_21_36_37.bag) by extension 'python'
[0.439s] Level 1:colcon.colcon_core.package_identification:_identify(default_path.csv2024_11_03_21_36_37.bag) by extensions ['python_setup_py']
[0.439s] Level 1:colcon.colcon_core.package_identification:_identify(default_path.csv2024_11_03_21_36_37.bag) by extension 'python_setup_py'
[0.439s] Level 1:colcon.colcon_core.package_identification:_identify(default_path.csv2024_11_03_21_37_52.bag) by extensions ['ignore', 'ignore_ament_install']
[0.439s] Level 1:colcon.colcon_core.package_identification:_identify(default_path.csv2024_11_03_21_37_52.bag) by extension 'ignore'
[0.439s] Level 1:colcon.colcon_core.package_identification:_identify(default_path.csv2024_11_03_21_37_52.bag) by extension 'ignore_ament_install'
[0.439s] Level 1:colcon.colcon_core.package_identification:_identify(default_path.csv2024_11_03_21_37_52.bag) by extensions ['colcon_pkg']
[0.439s] Level 1:colcon.colcon_core.package_identification:_identify(default_path.csv2024_11_03_21_37_52.bag) by extension 'colcon_pkg'
[0.439s] Level 1:colcon.colcon_core.package_identification:_identify(default_path.csv2024_11_03_21_37_52.bag) by extensions ['colcon_meta']
[0.439s] Level 1:colcon.colcon_core.package_identification:_identify(default_path.csv2024_11_03_21_37_52.bag) by extension 'colcon_meta'
[0.440s] Level 1:colcon.colcon_core.package_identification:_identify(default_path.csv2024_11_03_21_37_52.bag) by extensions ['ros']
[0.440s] Level 1:colcon.colcon_core.package_identification:_identify(default_path.csv2024_11_03_21_37_52.bag) by extension 'ros'
[0.440s] Level 1:colcon.colcon_core.package_identification:_identify(default_path.csv2024_11_03_21_37_52.bag) by extensions ['cmake', 'python']
[0.440s] Level 1:colcon.colcon_core.package_identification:_identify(default_path.csv2024_11_03_21_37_52.bag) by extension 'cmake'
[0.440s] Level 1:colcon.colcon_core.package_identification:_identify(default_path.csv2024_11_03_21_37_52.bag) by extension 'python'
[0.440s] Level 1:colcon.colcon_core.package_identification:_identify(default_path.csv2024_11_03_21_37_52.bag) by extensions ['python_setup_py']
[0.440s] Level 1:colcon.colcon_core.package_identification:_identify(default_path.csv2024_11_03_21_37_52.bag) by extension 'python_setup_py'
[0.440s] Level 1:colcon.colcon_core.package_identification:_identify(default_path.csv2024_11_03_21_51_37.bag) by extensions ['ignore', 'ignore_ament_install']
[0.440s] Level 1:colcon.colcon_core.package_identification:_identify(default_path.csv2024_11_03_21_51_37.bag) by extension 'ignore'
[0.440s] Level 1:colcon.colcon_core.package_identification:_identify(default_path.csv2024_11_03_21_51_37.bag) by extension 'ignore_ament_install'
[0.440s] Level 1:colcon.colcon_core.package_identification:_identify(default_path.csv2024_11_03_21_51_37.bag) by extensions ['colcon_pkg']
[0.440s] Level 1:colcon.colcon_core.package_identification:_identify(default_path.csv2024_11_03_21_51_37.bag) by extension 'colcon_pkg'
[0.440s] Level 1:colcon.colcon_core.package_identification:_identify(default_path.csv2024_11_03_21_51_37.bag) by extensions ['colcon_meta']
[0.440s] Level 1:colcon.colcon_core.package_identification:_identify(default_path.csv2024_11_03_21_51_37.bag) by extension 'colcon_meta'
[0.440s] Level 1:colcon.colcon_core.package_identification:_identify(default_path.csv2024_11_03_21_51_37.bag) by extensions ['ros']
[0.440s] Level 1:colcon.colcon_core.package_identification:_identify(default_path.csv2024_11_03_21_51_37.bag) by extension 'ros'
[0.440s] Level 1:colcon.colcon_core.package_identification:_identify(default_path.csv2024_11_03_21_51_37.bag) by extensions ['cmake', 'python']
[0.440s] Level 1:colcon.colcon_core.package_identification:_identify(default_path.csv2024_11_03_21_51_37.bag) by extension 'cmake'
[0.440s] Level 1:colcon.colcon_core.package_identification:_identify(default_path.csv2024_11_03_21_51_37.bag) by extension 'python'
[0.441s] Level 1:colcon.colcon_core.package_identification:_identify(default_path.csv2024_11_03_21_51_37.bag) by extensions ['python_setup_py']
[0.441s] Level 1:colcon.colcon_core.package_identification:_identify(default_path.csv2024_11_03_21_51_37.bag) by extension 'python_setup_py'
[0.441s] Level 1:colcon.colcon_core.package_identification:_identify(default_path.csv2024_11_03_21_54_37.bag) by extensions ['ignore', 'ignore_ament_install']
[0.441s] Level 1:colcon.colcon_core.package_identification:_identify(default_path.csv2024_11_03_21_54_37.bag) by extension 'ignore'
[0.441s] Level 1:colcon.colcon_core.package_identification:_identify(default_path.csv2024_11_03_21_54_37.bag) by extension 'ignore_ament_install'
[0.441s] Level 1:colcon.colcon_core.package_identification:_identify(default_path.csv2024_11_03_21_54_37.bag) by extensions ['colcon_pkg']
[0.441s] Level 1:colcon.colcon_core.package_identification:_identify(default_path.csv2024_11_03_21_54_37.bag) by extension 'colcon_pkg'
[0.441s] Level 1:colcon.colcon_core.package_identification:_identify(default_path.csv2024_11_03_21_54_37.bag) by extensions ['colcon_meta']
[0.441s] Level 1:colcon.colcon_core.package_identification:_identify(default_path.csv2024_11_03_21_54_37.bag) by extension 'colcon_meta'
[0.441s] Level 1:colcon.colcon_core.package_identification:_identify(default_path.csv2024_11_03_21_54_37.bag) by extensions ['ros']
[0.441s] Level 1:colcon.colcon_core.package_identification:_identify(default_path.csv2024_11_03_21_54_37.bag) by extension 'ros'
[0.441s] Level 1:colcon.colcon_core.package_identification:_identify(default_path.csv2024_11_03_21_54_37.bag) by extensions ['cmake', 'python']
[0.441s] Level 1:colcon.colcon_core.package_identification:_identify(default_path.csv2024_11_03_21_54_37.bag) by extension 'cmake'
[0.441s] Level 1:colcon.colcon_core.package_identification:_identify(default_path.csv2024_11_03_21_54_37.bag) by extension 'python'
[0.441s] Level 1:colcon.colcon_core.package_identification:_identify(default_path.csv2024_11_03_21_54_37.bag) by extensions ['python_setup_py']
[0.441s] Level 1:colcon.colcon_core.package_identification:_identify(default_path.csv2024_11_03_21_54_37.bag) by extension 'python_setup_py'
[0.442s] Level 1:colcon.colcon_core.package_identification:_identify(default_path.csv2024_11_03_21_55_54.bag) by extensions ['ignore', 'ignore_ament_install']
[0.442s] Level 1:colcon.colcon_core.package_identification:_identify(default_path.csv2024_11_03_21_55_54.bag) by extension 'ignore'
[0.442s] Level 1:colcon.colcon_core.package_identification:_identify(default_path.csv2024_11_03_21_55_54.bag) by extension 'ignore_ament_install'
[0.442s] Level 1:colcon.colcon_core.package_identification:_identify(default_path.csv2024_11_03_21_55_54.bag) by extensions ['colcon_pkg']
[0.442s] Level 1:colcon.colcon_core.package_identification:_identify(default_path.csv2024_11_03_21_55_54.bag) by extension 'colcon_pkg'
[0.442s] Level 1:colcon.colcon_core.package_identification:_identify(default_path.csv2024_11_03_21_55_54.bag) by extensions ['colcon_meta']
[0.442s] Level 1:colcon.colcon_core.package_identification:_identify(default_path.csv2024_11_03_21_55_54.bag) by extension 'colcon_meta'
[0.442s] Level 1:colcon.colcon_core.package_identification:_identify(default_path.csv2024_11_03_21_55_54.bag) by extensions ['ros']
[0.442s] Level 1:colcon.colcon_core.package_identification:_identify(default_path.csv2024_11_03_21_55_54.bag) by extension 'ros'
[0.442s] Level 1:colcon.colcon_core.package_identification:_identify(default_path.csv2024_11_03_21_55_54.bag) by extensions ['cmake', 'python']
[0.442s] Level 1:colcon.colcon_core.package_identification:_identify(default_path.csv2024_11_03_21_55_54.bag) by extension 'cmake'
[0.442s] Level 1:colcon.colcon_core.package_identification:_identify(default_path.csv2024_11_03_21_55_54.bag) by extension 'python'
[0.442s] Level 1:colcon.colcon_core.package_identification:_identify(default_path.csv2024_11_03_21_55_54.bag) by extensions ['python_setup_py']
[0.442s] Level 1:colcon.colcon_core.package_identification:_identify(default_path.csv2024_11_03_21_55_54.bag) by extension 'python_setup_py'
[0.442s] Level 1:colcon.colcon_core.package_identification:_identify(default_path.csv2024_11_03_21_58_19.bag) by extensions ['ignore', 'ignore_ament_install']
[0.443s] Level 1:colcon.colcon_core.package_identification:_identify(default_path.csv2024_11_03_21_58_19.bag) by extension 'ignore'
[0.443s] Level 1:colcon.colcon_core.package_identification:_identify(default_path.csv2024_11_03_21_58_19.bag) by extension 'ignore_ament_install'
[0.443s] Level 1:colcon.colcon_core.package_identification:_identify(default_path.csv2024_11_03_21_58_19.bag) by extensions ['colcon_pkg']
[0.443s] Level 1:colcon.colcon_core.package_identification:_identify(default_path.csv2024_11_03_21_58_19.bag) by extension 'colcon_pkg'
[0.443s] Level 1:colcon.colcon_core.package_identification:_identify(default_path.csv2024_11_03_21_58_19.bag) by extensions ['colcon_meta']
[0.443s] Level 1:colcon.colcon_core.package_identification:_identify(default_path.csv2024_11_03_21_58_19.bag) by extension 'colcon_meta'
[0.443s] Level 1:colcon.colcon_core.package_identification:_identify(default_path.csv2024_11_03_21_58_19.bag) by extensions ['ros']
[0.443s] Level 1:colcon.colcon_core.package_identification:_identify(default_path.csv2024_11_03_21_58_19.bag) by extension 'ros'
[0.443s] Level 1:colcon.colcon_core.package_identification:_identify(default_path.csv2024_11_03_21_58_19.bag) by extensions ['cmake', 'python']
[0.443s] Level 1:colcon.colcon_core.package_identification:_identify(default_path.csv2024_11_03_21_58_19.bag) by extension 'cmake'
[0.443s] Level 1:colcon.colcon_core.package_identification:_identify(default_path.csv2024_11_03_21_58_19.bag) by extension 'python'
[0.443s] Level 1:colcon.colcon_core.package_identification:_identify(default_path.csv2024_11_03_21_58_19.bag) by extensions ['python_setup_py']
[0.443s] Level 1:colcon.colcon_core.package_identification:_identify(default_path.csv2024_11_03_21_58_19.bag) by extension 'python_setup_py'
[0.443s] Level 1:colcon.colcon_core.package_identification:_identify(default_path.csv2024_11_03_22_01_07.bag) by extensions ['ignore', 'ignore_ament_install']
[0.443s] Level 1:colcon.colcon_core.package_identification:_identify(default_path.csv2024_11_03_22_01_07.bag) by extension 'ignore'
[0.443s] Level 1:colcon.colcon_core.package_identification:_identify(default_path.csv2024_11_03_22_01_07.bag) by extension 'ignore_ament_install'
[0.443s] Level 1:colcon.colcon_core.package_identification:_identify(default_path.csv2024_11_03_22_01_07.bag) by extensions ['colcon_pkg']
[0.443s] Level 1:colcon.colcon_core.package_identification:_identify(default_path.csv2024_11_03_22_01_07.bag) by extension 'colcon_pkg'
[0.443s] Level 1:colcon.colcon_core.package_identification:_identify(default_path.csv2024_11_03_22_01_07.bag) by extensions ['colcon_meta']
[0.444s] Level 1:colcon.colcon_core.package_identification:_identify(default_path.csv2024_11_03_22_01_07.bag) by extension 'colcon_meta'
[0.444s] Level 1:colcon.colcon_core.package_identification:_identify(default_path.csv2024_11_03_22_01_07.bag) by extensions ['ros']
[0.444s] Level 1:colcon.colcon_core.package_identification:_identify(default_path.csv2024_11_03_22_01_07.bag) by extension 'ros'
[0.444s] Level 1:colcon.colcon_core.package_identification:_identify(default_path.csv2024_11_03_22_01_07.bag) by extensions ['cmake', 'python']
[0.444s] Level 1:colcon.colcon_core.package_identification:_identify(default_path.csv2024_11_03_22_01_07.bag) by extension 'cmake'
[0.444s] Level 1:colcon.colcon_core.package_identification:_identify(default_path.csv2024_11_03_22_01_07.bag) by extension 'python'
[0.444s] Level 1:colcon.colcon_core.package_identification:_identify(default_path.csv2024_11_03_22_01_07.bag) by extensions ['python_setup_py']
[0.444s] Level 1:colcon.colcon_core.package_identification:_identify(default_path.csv2024_11_03_22_01_07.bag) by extension 'python_setup_py'
[0.444s] Level 1:colcon.colcon_core.package_identification:_identify(default_path.csv2024_11_03_22_02_16.bag) by extensions ['ignore', 'ignore_ament_install']
[0.444s] Level 1:colcon.colcon_core.package_identification:_identify(default_path.csv2024_11_03_22_02_16.bag) by extension 'ignore'
[0.444s] Level 1:colcon.colcon_core.package_identification:_identify(default_path.csv2024_11_03_22_02_16.bag) by extension 'ignore_ament_install'
[0.444s] Level 1:colcon.colcon_core.package_identification:_identify(default_path.csv2024_11_03_22_02_16.bag) by extensions ['colcon_pkg']
[0.444s] Level 1:colcon.colcon_core.package_identification:_identify(default_path.csv2024_11_03_22_02_16.bag) by extension 'colcon_pkg'
[0.444s] Level 1:colcon.colcon_core.package_identification:_identify(default_path.csv2024_11_03_22_02_16.bag) by extensions ['colcon_meta']
[0.444s] Level 1:colcon.colcon_core.package_identification:_identify(default_path.csv2024_11_03_22_02_16.bag) by extension 'colcon_meta'
[0.444s] Level 1:colcon.colcon_core.package_identification:_identify(default_path.csv2024_11_03_22_02_16.bag) by extensions ['ros']
[0.444s] Level 1:colcon.colcon_core.package_identification:_identify(default_path.csv2024_11_03_22_02_16.bag) by extension 'ros'
[0.444s] Level 1:colcon.colcon_core.package_identification:_identify(default_path.csv2024_11_03_22_02_16.bag) by extensions ['cmake', 'python']
[0.444s] Level 1:colcon.colcon_core.package_identification:_identify(default_path.csv2024_11_03_22_02_16.bag) by extension 'cmake'
[0.445s] Level 1:colcon.colcon_core.package_identification:_identify(default_path.csv2024_11_03_22_02_16.bag) by extension 'python'
[0.445s] Level 1:colcon.colcon_core.package_identification:_identify(default_path.csv2024_11_03_22_02_16.bag) by extensions ['python_setup_py']
[0.445s] Level 1:colcon.colcon_core.package_identification:_identify(default_path.csv2024_11_03_22_02_16.bag) by extension 'python_setup_py'
[0.445s] Level 1:colcon.colcon_core.package_identification:_identify(install) by extensions ['ignore', 'ignore_ament_install']
[0.445s] Level 1:colcon.colcon_core.package_identification:_identify(install) by extension 'ignore'
[0.445s] Level 1:colcon.colcon_core.package_identification:_identify(install) ignored
[0.445s] Level 1:colcon.colcon_core.package_identification:_identify(log) by extensions ['ignore', 'ignore_ament_install']
[0.445s] Level 1:colcon.colcon_core.package_identification:_identify(log) by extension 'ignore'
[0.445s] Level 1:colcon.colcon_core.package_identification:_identify(log) ignored
[0.445s] Level 1:colcon.colcon_core.package_identification:_identify(src) by extensions ['ignore', 'ignore_ament_install']
[0.446s] Level 1:colcon.colcon_core.package_identification:_identify(src) by extension 'ignore'
[0.446s] Level 1:colcon.colcon_core.package_identification:_identify(src) by extension 'ignore_ament_install'
[0.446s] Level 1:colcon.colcon_core.package_identification:_identify(src) by extensions ['colcon_pkg']
[0.446s] Level 1:colcon.colcon_core.package_identification:_identify(src) by extension 'colcon_pkg'
[0.446s] Level 1:colcon.colcon_core.package_identification:_identify(src) by extensions ['colcon_meta']
[0.446s] Level 1:colcon.colcon_core.package_identification:_identify(src) by extension 'colcon_meta'
[0.446s] Level 1:colcon.colcon_core.package_identification:_identify(src) by extensions ['ros']
[0.446s] Level 1:colcon.colcon_core.package_identification:_identify(src) by extension 'ros'
[0.446s] Level 1:colcon.colcon_core.package_identification:_identify(src) by extensions ['cmake', 'python']
[0.446s] Level 1:colcon.colcon_core.package_identification:_identify(src) by extension 'cmake'
[0.446s] Level 1:colcon.colcon_core.package_identification:_identify(src) by extension 'python'
[0.446s] Level 1:colcon.colcon_core.package_identification:_identify(src) by extensions ['python_setup_py']
[0.446s] Level 1:colcon.colcon_core.package_identification:_identify(src) by extension 'python_setup_py'
[0.446s] Level 1:colcon.colcon_core.package_identification:_identify(src/kalman_filter) by extensions ['ignore', 'ignore_ament_install']
[0.446s] Level 1:colcon.colcon_core.package_identification:_identify(src/kalman_filter) by extension 'ignore'
[0.446s] Level 1:colcon.colcon_core.package_identification:_identify(src/kalman_filter) by extension 'ignore_ament_install'
[0.446s] Level 1:colcon.colcon_core.package_identification:_identify(src/kalman_filter) by extensions ['colcon_pkg']
[0.446s] Level 1:colcon.colcon_core.package_identification:_identify(src/kalman_filter) by extension 'colcon_pkg'
[0.447s] Level 1:colcon.colcon_core.package_identification:_identify(src/kalman_filter) by extensions ['colcon_meta']
[0.447s] Level 1:colcon.colcon_core.package_identification:_identify(src/kalman_filter) by extension 'colcon_meta'
[0.447s] Level 1:colcon.colcon_core.package_identification:_identify(src/kalman_filter) by extensions ['ros']
[0.447s] Level 1:colcon.colcon_core.package_identification:_identify(src/kalman_filter) by extension 'ros'
[0.448s] DEBUG:colcon.colcon_core.package_identification:Package 'src/kalman_filter' with type 'ros.ament_cmake' and name 'kalman_filter'
[0.448s] Level 1:colcon.colcon_core.package_identification:_identify(src/ntrip) by extensions ['ignore', 'ignore_ament_install']
[0.448s] Level 1:colcon.colcon_core.package_identification:_identify(src/ntrip) by extension 'ignore'
[0.448s] Level 1:colcon.colcon_core.package_identification:_identify(src/ntrip) by extension 'ignore_ament_install'
[0.448s] Level 1:colcon.colcon_core.package_identification:_identify(src/ntrip) by extensions ['colcon_pkg']
[0.448s] Level 1:colcon.colcon_core.package_identification:_identify(src/ntrip) by extension 'colcon_pkg'
[0.448s] Level 1:colcon.colcon_core.package_identification:_identify(src/ntrip) by extensions ['colcon_meta']
[0.448s] Level 1:colcon.colcon_core.package_identification:_identify(src/ntrip) by extension 'colcon_meta'
[0.448s] Level 1:colcon.colcon_core.package_identification:_identify(src/ntrip) by extensions ['ros']
[0.448s] Level 1:colcon.colcon_core.package_identification:_identify(src/ntrip) by extension 'ros'
[0.449s] DEBUG:colcon.colcon_core.package_identification:Package 'src/ntrip' with type 'ros.ament_cmake' and name 'ntrip'
[0.449s] Level 1:colcon.colcon_core.package_identification:_identify(src/sonar_msgs) by extensions ['ignore', 'ignore_ament_install']
[0.449s] Level 1:colcon.colcon_core.package_identification:_identify(src/sonar_msgs) by extension 'ignore'
[0.449s] Level 1:colcon.colcon_core.package_identification:_identify(src/sonar_msgs) by extension 'ignore_ament_install'
[0.450s] Level 1:colcon.colcon_core.package_identification:_identify(src/sonar_msgs) by extensions ['colcon_pkg']
[0.450s] Level 1:colcon.colcon_core.package_identification:_identify(src/sonar_msgs) by extension 'colcon_pkg'
[0.450s] Level 1:colcon.colcon_core.package_identification:_identify(src/sonar_msgs) by extensions ['colcon_meta']
[0.450s] Level 1:colcon.colcon_core.package_identification:_identify(src/sonar_msgs) by extension 'colcon_meta'
[0.450s] Level 1:colcon.colcon_core.package_identification:_identify(src/sonar_msgs) by extensions ['ros']
[0.450s] Level 1:colcon.colcon_core.package_identification:_identify(src/sonar_msgs) by extension 'ros'
[0.450s] DEBUG:colcon.colcon_core.package_identification:Package 'src/sonar_msgs' with type 'ros.ament_cmake' and name 'sonar_msgs'
[0.451s] Level 1:colcon.colcon_core.package_identification:_identify(src/sonar_subs) by extensions ['ignore', 'ignore_ament_install']
[0.451s] Level 1:colcon.colcon_core.package_identification:_identify(src/sonar_subs) by extension 'ignore'
[0.451s] Level 1:colcon.colcon_core.package_identification:_identify(src/sonar_subs) by extension 'ignore_ament_install'
[0.451s] Level 1:colcon.colcon_core.package_identification:_identify(src/sonar_subs) by extensions ['colcon_pkg']
[0.451s] Level 1:colcon.colcon_core.package_identification:_identify(src/sonar_subs) by extension 'colcon_pkg'
[0.451s] Level 1:colcon.colcon_core.package_identification:_identify(src/sonar_subs) by extensions ['colcon_meta']
[0.451s] Level 1:colcon.colcon_core.package_identification:_identify(src/sonar_subs) by extension 'colcon_meta'
[0.451s] Level 1:colcon.colcon_core.package_identification:_identify(src/sonar_subs) by extensions ['ros']
[0.451s] Level 1:colcon.colcon_core.package_identification:_identify(src/sonar_subs) by extension 'ros'
[0.452s] DEBUG:colcon.colcon_core.package_identification:Package 'src/sonar_subs' with type 'ros.ament_python' and name 'sonar_subs'
[0.452s] Level 1:colcon.colcon_core.package_identification:_identify(src/xsens_mti_ros2_driver) by extensions ['ignore', 'ignore_ament_install']
[0.452s] Level 1:colcon.colcon_core.package_identification:_identify(src/xsens_mti_ros2_driver) by extension 'ignore'
[0.452s] Level 1:colcon.colcon_core.package_identification:_identify(src/xsens_mti_ros2_driver) by extension 'ignore_ament_install'
[0.452s] Level 1:colcon.colcon_core.package_identification:_identify(src/xsens_mti_ros2_driver) by extensions ['colcon_pkg']
[0.452s] Level 1:colcon.colcon_core.package_identification:_identify(src/xsens_mti_ros2_driver) by extension 'colcon_pkg'
[0.452s] Level 1:colcon.colcon_core.package_identification:_identify(src/xsens_mti_ros2_driver) by extensions ['colcon_meta']
[0.452s] Level 1:colcon.colcon_core.package_identification:_identify(src/xsens_mti_ros2_driver) by extension 'colcon_meta'
[0.452s] Level 1:colcon.colcon_core.package_identification:_identify(src/xsens_mti_ros2_driver) by extensions ['ros']
[0.452s] Level 1:colcon.colcon_core.package_identification:_identify(src/xsens_mti_ros2_driver) by extension 'ros'
[0.453s] DEBUG:colcon.colcon_core.package_identification:Package 'src/xsens_mti_ros2_driver' with type 'ros.ament_cmake' and name 'xsens_mti_ros2_driver'
[0.453s] Level 1:colcon.colcon_core.package_discovery:discover_packages(recursive) using defaults
[0.453s] Level 1:colcon.colcon_core.package_discovery:discover_packages(ignore) discover
[0.454s] Level 1:colcon.colcon_core.package_discovery:discover_packages(ignore) using defaults
[0.454s] Level 1:colcon.colcon_core.package_discovery:discover_packages(path) discover
[0.454s] Level 1:colcon.colcon_core.package_discovery:discover_packages(path) using defaults
[0.484s] INFO:colcon.colcon_core.package_selection:Skipping not selected package 'adnav-driver' in 'adnav-driver'
[0.484s] INFO:colcon.colcon_core.package_selection:Skipping not selected package 'ntrip' in 'src/ntrip'
[0.484s] INFO:colcon.colcon_core.package_selection:Skipping not selected package 'sonar_msgs' in 'src/sonar_msgs'
[0.484s] INFO:colcon.colcon_core.package_selection:Skipping not selected package 'xsens_mti_ros2_driver' in 'src/xsens_mti_ros2_driver'
[0.484s] INFO:colcon.colcon_core.package_selection:Skipping not selected package 'sonar_subs' in 'src/sonar_subs'
[0.485s] Level 1:colcon.colcon_core.package_discovery:discover_packages(prefix_path) check parameters
[0.485s] Level 1:colcon.colcon_core.package_discovery:discover_packages(prefix_path) discover
[0.489s] DEBUG:colcon.colcon_installed_package_information.package_discovery:Found 6 installed packages in /home/uwr/Desktop/2024_UWR/install
[0.491s] DEBUG:colcon.colcon_installed_package_information.package_discovery:Found 280 installed packages in /opt/ros/humble
[0.508s] Level 1:colcon.colcon_core.package_discovery:discover_packages(prefix_path) using defaults
[0.584s] Level 5:colcon.colcon_core.verb:set package 'kalman_filter' build argument 'cmake_args' from command line to 'None'
[0.584s] Level 5:colcon.colcon_core.verb:set package 'kalman_filter' build argument 'cmake_target' from command line to 'None'
[0.584s] Level 5:colcon.colcon_core.verb:set package 'kalman_filter' build argument 'cmake_target_skip_unavailable' from command line to 'False'
[0.584s] Level 5:colcon.colcon_core.verb:set package 'kalman_filter' build argument 'cmake_clean_cache' from command line to 'False'
[0.584s] Level 5:colcon.colcon_core.verb:set package 'kalman_filter' build argument 'cmake_clean_first' from command line to 'False'
[0.584s] Level 5:colcon.colcon_core.verb:set package 'kalman_filter' build argument 'cmake_force_configure' from command line to 'False'
[0.584s] Level 5:colcon.colcon_core.verb:set package 'kalman_filter' build argument 'ament_cmake_args' from command line to 'None'
[0.584s] Level 5:colcon.colcon_core.verb:set package 'kalman_filter' build argument 'catkin_cmake_args' from command line to 'None'
[0.584s] Level 5:colcon.colcon_core.verb:set package 'kalman_filter' build argument 'catkin_skip_building_tests' from command line to 'False'
[0.584s] DEBUG:colcon.colcon_core.verb:Building package 'kalman_filter' with the following arguments: {'ament_cmake_args': None, 'build_base': '/home/uwr/Desktop/2024_UWR/build/kalman_filter', 'catkin_cmake_args': None, 'catkin_skip_building_tests': False, 'cmake_args': None, 'cmake_clean_cache': False, 'cmake_clean_first': False, 'cmake_force_configure': False, 'cmake_target': None, 'cmake_target_skip_unavailable': False, 'install_base': '/home/uwr/Desktop/2024_UWR/install/kalman_filter', 'merge_install': False, 'path': '/home/uwr/Desktop/2024_UWR/src/kalman_filter', 'symlink_install': False, 'test_result_base': None}
[0.585s] INFO:colcon.colcon_core.executor:Executing jobs using 'parallel' executor
[0.586s] DEBUG:colcon.colcon_parallel_executor.executor.parallel:run_until_complete
[0.586s] INFO:colcon.colcon_ros.task.ament_cmake.build:Building ROS package in '/home/uwr/Desktop/2024_UWR/src/kalman_filter' with build type 'ament_cmake'
[0.586s] INFO:colcon.colcon_cmake.task.cmake.build:Building CMake package in '/home/uwr/Desktop/2024_UWR/src/kalman_filter'
[0.589s] INFO:colcon.colcon_core.plugin_system:Skipping extension 'colcon_core.shell.bat': Not used on non-Windows systems
[0.590s] INFO:colcon.colcon_core.shell:Skip shell extension 'powershell' for command environment: Not usable outside of PowerShell
[0.590s] DEBUG:colcon.colcon_core.shell:Skip shell extension 'dsv' for command environment
[0.602s] DEBUG:colcon.colcon_core.event_handler.log_command:Invoking command in '/home/uwr/Desktop/2024_UWR/build/kalman_filter': CMAKE_PREFIX_PATH=/home/uwr/Desktop/2024_UWR/install/sonar_msgs:/home/uwr/Desktop/2024_UWR/install/xsens_mti_ros2_driver:/home/uwr/Desktop/2024_UWR/install/kalman_filter:/home/uwr/Desktop/2024_UWR/install/ntrip:/home/uwr/Desktop/2024_UWR/install/adnav-driver:/home/uwr/Desktop/2024_UWR/install/sonar_subs:/opt/ros/humble LD_LIBRARY_PATH=/home/uwr/Desktop/2024_UWR/install/sonar_msgs/lib:/home/uwr/Desktop/2024_UWR/install/xsens_mti_ros2_driver/lib:/opt/ros/humble/opt/rviz_ogre_vendor/lib:/opt/ros/humble/lib/x86_64-linux-gnu:/opt/ros/humble/lib /usr/bin/cmake --build /home/uwr/Desktop/2024_UWR/build/kalman_filter -- -j8 -l8
[19.255s] DEBUG:colcon.colcon_core.event_handler.log_command:Invoked command in '/home/uwr/Desktop/2024_UWR/build/kalman_filter' returned '0': CMAKE_PREFIX_PATH=/home/uwr/Desktop/2024_UWR/install/sonar_msgs:/home/uwr/Desktop/2024_UWR/install/xsens_mti_ros2_driver:/home/uwr/Desktop/2024_UWR/install/kalman_filter:/home/uwr/Desktop/2024_UWR/install/ntrip:/home/uwr/Desktop/2024_UWR/install/adnav-driver:/home/uwr/Desktop/2024_UWR/install/sonar_subs:/opt/ros/humble LD_LIBRARY_PATH=/home/uwr/Desktop/2024_UWR/install/sonar_msgs/lib:/home/uwr/Desktop/2024_UWR/install/xsens_mti_ros2_driver/lib:/opt/ros/humble/opt/rviz_ogre_vendor/lib:/opt/ros/humble/lib/x86_64-linux-gnu:/opt/ros/humble/lib /usr/bin/cmake --build /home/uwr/Desktop/2024_UWR/build/kalman_filter -- -j8 -l8
[19.305s] DEBUG:colcon.colcon_core.event_handler.log_command:Invoking command in '/home/uwr/Desktop/2024_UWR/build/kalman_filter': CMAKE_PREFIX_PATH=/home/uwr/Desktop/2024_UWR/install/sonar_msgs:/home/uwr/Desktop/2024_UWR/install/xsens_mti_ros2_driver:/home/uwr/Desktop/2024_UWR/install/kalman_filter:/home/uwr/Desktop/2024_UWR/install/ntrip:/home/uwr/Desktop/2024_UWR/install/adnav-driver:/home/uwr/Desktop/2024_UWR/install/sonar_subs:/opt/ros/humble LD_LIBRARY_PATH=/home/uwr/Desktop/2024_UWR/install/sonar_msgs/lib:/home/uwr/Desktop/2024_UWR/install/xsens_mti_ros2_driver/lib:/opt/ros/humble/opt/rviz_ogre_vendor/lib:/opt/ros/humble/lib/x86_64-linux-gnu:/opt/ros/humble/lib /usr/bin/cmake --install /home/uwr/Desktop/2024_UWR/build/kalman_filter
[19.334s] Level 1:colcon.colcon_core.environment:create_environment_scripts_only(kalman_filter)
[19.335s] DEBUG:colcon.colcon_core.event_handler.log_command:Invoked command in '/home/uwr/Desktop/2024_UWR/build/kalman_filter' returned '0': CMAKE_PREFIX_PATH=/home/uwr/Desktop/2024_UWR/install/sonar_msgs:/home/uwr/Desktop/2024_UWR/install/xsens_mti_ros2_driver:/home/uwr/Desktop/2024_UWR/install/kalman_filter:/home/uwr/Desktop/2024_UWR/install/ntrip:/home/uwr/Desktop/2024_UWR/install/adnav-driver:/home/uwr/Desktop/2024_UWR/install/sonar_subs:/opt/ros/humble LD_LIBRARY_PATH=/home/uwr/Desktop/2024_UWR/install/sonar_msgs/lib:/home/uwr/Desktop/2024_UWR/install/xsens_mti_ros2_driver/lib:/opt/ros/humble/opt/rviz_ogre_vendor/lib:/opt/ros/humble/lib/x86_64-linux-gnu:/opt/ros/humble/lib /usr/bin/cmake --install /home/uwr/Desktop/2024_UWR/build/kalman_filter
[19.343s] Level 1:colcon.colcon_core.environment:checking '/home/uwr/Desktop/2024_UWR/install/kalman_filter' for CMake module files
[19.344s] Level 1:colcon.colcon_core.environment:checking '/home/uwr/Desktop/2024_UWR/install/kalman_filter' for CMake config files
[19.344s] Level 1:colcon.colcon_core.shell:create_environment_hook('kalman_filter', 'cmake_prefix_path')
[19.344s] INFO:colcon.colcon_core.shell:Creating environment hook '/home/uwr/Desktop/2024_UWR/install/kalman_filter/share/kalman_filter/hook/cmake_prefix_path.ps1'
[19.346s] INFO:colcon.colcon_core.shell:Creating environment descriptor '/home/uwr/Desktop/2024_UWR/install/kalman_filter/share/kalman_filter/hook/cmake_prefix_path.dsv'
[19.346s] INFO:colcon.colcon_core.shell:Creating environment hook '/home/uwr/Desktop/2024_UWR/install/kalman_filter/share/kalman_filter/hook/cmake_prefix_path.sh'
[19.347s] Level 1:colcon.colcon_core.environment:checking '/home/uwr/Desktop/2024_UWR/install/kalman_filter/lib'
[19.347s] Level 1:colcon.colcon_core.environment:checking '/home/uwr/Desktop/2024_UWR/install/kalman_filter/bin'
[19.347s] Level 1:colcon.colcon_core.environment:checking '/home/uwr/Desktop/2024_UWR/install/kalman_filter/lib/pkgconfig/kalman_filter.pc'
[19.348s] Level 1:colcon.colcon_core.environment:checking '/home/uwr/Desktop/2024_UWR/install/kalman_filter/lib/python3.10/site-packages'
[19.348s] Level 1:colcon.colcon_core.environment:checking '/home/uwr/Desktop/2024_UWR/install/kalman_filter/bin'
[19.348s] INFO:colcon.colcon_core.shell:Creating package script '/home/uwr/Desktop/2024_UWR/install/kalman_filter/share/kalman_filter/package.ps1'
[19.349s] INFO:colcon.colcon_core.shell:Creating package descriptor '/home/uwr/Desktop/2024_UWR/install/kalman_filter/share/kalman_filter/package.dsv'
[19.349s] INFO:colcon.colcon_core.shell:Creating package script '/home/uwr/Desktop/2024_UWR/install/kalman_filter/share/kalman_filter/package.sh'
[19.350s] INFO:colcon.colcon_core.shell:Creating package script '/home/uwr/Desktop/2024_UWR/install/kalman_filter/share/kalman_filter/package.bash'
[19.351s] INFO:colcon.colcon_core.shell:Creating package script '/home/uwr/Desktop/2024_UWR/install/kalman_filter/share/kalman_filter/package.zsh'
[19.352s] Level 1:colcon.colcon_core.environment:create_file_with_runtime_dependencies(/home/uwr/Desktop/2024_UWR/install/kalman_filter/share/colcon-core/packages/kalman_filter)
[19.393s] Level 1:colcon.colcon_core.environment:create_environment_scripts_only(kalman_filter)
[19.394s] Level 1:colcon.colcon_core.environment:checking '/home/uwr/Desktop/2024_UWR/install/kalman_filter' for CMake module files
[19.394s] Level 1:colcon.colcon_core.environment:checking '/home/uwr/Desktop/2024_UWR/install/kalman_filter' for CMake config files
[19.394s] Level 1:colcon.colcon_core.shell:create_environment_hook('kalman_filter', 'cmake_prefix_path')
[19.395s] INFO:colcon.colcon_core.shell:Creating environment hook '/home/uwr/Desktop/2024_UWR/install/kalman_filter/share/kalman_filter/hook/cmake_prefix_path.ps1'
[19.395s] INFO:colcon.colcon_core.shell:Creating environment descriptor '/home/uwr/Desktop/2024_UWR/install/kalman_filter/share/kalman_filter/hook/cmake_prefix_path.dsv'
[19.395s] INFO:colcon.colcon_core.shell:Creating environment hook '/home/uwr/Desktop/2024_UWR/install/kalman_filter/share/kalman_filter/hook/cmake_prefix_path.sh'
[19.396s] Level 1:colcon.colcon_core.environment:checking '/home/uwr/Desktop/2024_UWR/install/kalman_filter/lib'
[19.396s] Level 1:colcon.colcon_core.environment:checking '/home/uwr/Desktop/2024_UWR/install/kalman_filter/bin'
[19.396s] Level 1:colcon.colcon_core.environment:checking '/home/uwr/Desktop/2024_UWR/install/kalman_filter/lib/pkgconfig/kalman_filter.pc'
[19.396s] Level 1:colcon.colcon_core.environment:checking '/home/uwr/Desktop/2024_UWR/install/kalman_filter/lib/python3.10/site-packages'
[19.396s] Level 1:colcon.colcon_core.environment:checking '/home/uwr/Desktop/2024_UWR/install/kalman_filter/bin'
[19.397s] INFO:colcon.colcon_core.shell:Creating package script '/home/uwr/Desktop/2024_UWR/install/kalman_filter/share/kalman_filter/package.ps1'
[19.397s] INFO:colcon.colcon_core.shell:Creating package descriptor '/home/uwr/Desktop/2024_UWR/install/kalman_filter/share/kalman_filter/package.dsv'
[19.397s] INFO:colcon.colcon_core.shell:Creating package script '/home/uwr/Desktop/2024_UWR/install/kalman_filter/share/kalman_filter/package.sh'
[19.398s] INFO:colcon.colcon_core.shell:Creating package script '/home/uwr/Desktop/2024_UWR/install/kalman_filter/share/kalman_filter/package.bash'
[19.398s] INFO:colcon.colcon_core.shell:Creating package script '/home/uwr/Desktop/2024_UWR/install/kalman_filter/share/kalman_filter/package.zsh'
[19.399s] Level 1:colcon.colcon_core.environment:create_file_with_runtime_dependencies(/home/uwr/Desktop/2024_UWR/install/kalman_filter/share/colcon-core/packages/kalman_filter)
[19.399s] DEBUG:colcon.colcon_parallel_executor.executor.parallel:closing loop
[19.399s] DEBUG:colcon.colcon_parallel_executor.executor.parallel:loop closed
[19.399s] DEBUG:colcon.colcon_parallel_executor.executor.parallel:run_until_complete finished with '0'
[19.399s] DEBUG:colcon.colcon_core.event_reactor:joining thread
[19.412s] INFO:colcon.colcon_core.plugin_system:Skipping extension 'colcon_notification.desktop_notification.terminal_notifier': Not used on non-Darwin systems
[19.413s] INFO:colcon.colcon_core.plugin_system:Skipping extension 'colcon_notification.desktop_notification.win32': Not used on non-Windows systems
[19.413s] INFO:colcon.colcon_notification.desktop_notification:Sending desktop notification using 'notify2'
[19.429s] DEBUG:colcon.colcon_core.event_reactor:joined thread
[19.430s] INFO:colcon.colcon_core.shell:Creating prefix script '/home/uwr/Desktop/2024_UWR/install/local_setup.ps1'
[19.431s] INFO:colcon.colcon_core.shell:Creating prefix util module '/home/uwr/Desktop/2024_UWR/install/_local_setup_util_ps1.py'
[19.433s] INFO:colcon.colcon_core.shell:Creating prefix chain script '/home/uwr/Desktop/2024_UWR/install/setup.ps1'
[19.434s] INFO:colcon.colcon_core.shell:Creating prefix script '/home/uwr/Desktop/2024_UWR/install/local_setup.sh'
[19.435s] INFO:colcon.colcon_core.shell:Creating prefix util module '/home/uwr/Desktop/2024_UWR/install/_local_setup_util_sh.py'
[19.436s] INFO:colcon.colcon_core.shell:Creating prefix chain script '/home/uwr/Desktop/2024_UWR/install/setup.sh'
[19.437s] INFO:colcon.colcon_core.shell:Creating prefix script '/home/uwr/Desktop/2024_UWR/install/local_setup.bash'
[19.438s] INFO:colcon.colcon_core.shell:Creating prefix chain script '/home/uwr/Desktop/2024_UWR/install/setup.bash'
[19.439s] INFO:colcon.colcon_core.shell:Creating prefix script '/home/uwr/Desktop/2024_UWR/install/local_setup.zsh'
[19.440s] INFO:colcon.colcon_core.shell:Creating prefix chain script '/home/uwr/Desktop/2024_UWR/install/setup.zsh'
