[0.053s] Invoking command in '/home/uwr/Desktop/2024_UWR/build/xsens_mti_ros2_driver': CMAKE_PREFIX_PATH=${CMAKE_PREFIX_PATH}:/home/uwr/Desktop/2024_UWR/install/sonar_subs:/opt/ros/humble /usr/bin/cmake --build /home/uwr/Desktop/2024_UWR/build/xsens_mti_ros2_driver -- -j8 -l8
[0.142s] [  7%] Built target xsens_mti_ros2_driver__rosidl_generator_c
[0.175s] [ 10%] Built target xsens_mti_ros2_driver__cpp
[0.208s] [ 18%] Built target xsens_mti_ros2_driver__rosidl_typesupport_c
[0.209s] [ 18%] Built target ament_cmake_python_symlink_xsens_mti_ros2_driver
[0.222s] [ 26%] Built target xsens_mti_ros2_driver__rosidl_typesupport_introspection_c
[0.226s] [ 34%] Built target xsens_mti_ros2_driver__rosidl_typesupport_fastrtps_c
[0.238s] [ 42%] Built target xsens_mti_ros2_driver__rosidl_typesupport_introspection_cpp
[0.239s] [ 50%] Built target xsens_mti_ros2_driver__rosidl_typesupport_cpp
[0.254s] [ 57%] Built target xsens_mti_ros2_driver__rosidl_typesupport_fastrtps_cpp
[0.289s] [ 57%] Built target xsens_mti_ros2_driver
[0.359s] [ 60%] Built target xsens_mti_ros2_driver__py
[0.388s] [ 78%] Built target xsens_mti_node
[0.396s] [ 84%] Built target xsens_mti_ros2_driver__rosidl_generator_py
[0.453s] [ 89%] Built target xsens_mti_ros2_driver__rosidl_typesupport_introspection_c__pyext
[0.453s] [ 94%] Built target xsens_mti_ros2_driver__rosidl_typesupport_fastrtps_c__pyext
[0.458s] [100%] Built target xsens_mti_ros2_driver__rosidl_typesupport_c__pyext
[0.652s] running egg_info
[0.653s] writing xsens_mti_ros2_driver.egg-info/PKG-INFO
[0.653s] writing dependency_links to xsens_mti_ros2_driver.egg-info/dependency_links.txt
[0.653s] writing top-level names to xsens_mti_ros2_driver.egg-info/top_level.txt
[0.658s] reading manifest file 'xsens_mti_ros2_driver.egg-info/SOURCES.txt'
[0.658s] writing manifest file 'xsens_mti_ros2_driver.egg-info/SOURCES.txt'
[0.689s] [100%] Built target ament_cmake_python_build_xsens_mti_ros2_driver_egg
[0.702s] Invoked command in '/home/uwr/Desktop/2024_UWR/build/xsens_mti_ros2_driver' returned '0': CMAKE_PREFIX_PATH=${CMAKE_PREFIX_PATH}:/home/uwr/Desktop/2024_UWR/install/sonar_subs:/opt/ros/humble /usr/bin/cmake --build /home/uwr/Desktop/2024_UWR/build/xsens_mti_ros2_driver -- -j8 -l8
[0.765s] Invoking command in '/home/uwr/Desktop/2024_UWR/build/xsens_mti_ros2_driver': CMAKE_PREFIX_PATH=${CMAKE_PREFIX_PATH}:/home/uwr/Desktop/2024_UWR/install/sonar_subs:/opt/ros/humble /usr/bin/cmake --install /home/uwr/Desktop/2024_UWR/build/xsens_mti_ros2_driver
[0.773s] -- Install configuration: ""
[0.773s] -- Execute custom install script
[0.773s] -- Up-to-date symlink: /home/uwr/Desktop/2024_UWR/install/xsens_mti_ros2_driver/share/ament_index/resource_index/rosidl_interfaces/xsens_mti_ros2_driver
[0.773s] -- Up-to-date symlink: /home/uwr/Desktop/2024_UWR/install/xsens_mti_ros2_driver/include/xsens_mti_ros2_driver/xsens_mti_ros2_driver/msg/detail/xs_status_word__functions.h
[0.773s] -- Up-to-date symlink: /home/uwr/Desktop/2024_UWR/install/xsens_mti_ros2_driver/include/xsens_mti_ros2_driver/xsens_mti_ros2_driver/msg/detail/xs_status_word__struct.h
[0.773s] -- Up-to-date symlink: /home/uwr/Desktop/2024_UWR/install/xsens_mti_ros2_driver/include/xsens_mti_ros2_driver/xsens_mti_ros2_driver/msg/detail/xs_status_word__type_support.h
[0.774s] -- Up-to-date symlink: /home/uwr/Desktop/2024_UWR/install/xsens_mti_ros2_driver/include/xsens_mti_ros2_driver/xsens_mti_ros2_driver/msg/rosidl_generator_c__visibility_control.h
[0.774s] -- Up-to-date symlink: /home/uwr/Desktop/2024_UWR/install/xsens_mti_ros2_driver/include/xsens_mti_ros2_driver/xsens_mti_ros2_driver/msg/xs_status_word.h
[0.774s] -- Up-to-date symlink: /home/uwr/Desktop/2024_UWR/install/xsens_mti_ros2_driver/share/xsens_mti_ros2_driver/environment/library_path.sh
[0.774s] -- Up-to-date symlink: /home/uwr/Desktop/2024_UWR/install/xsens_mti_ros2_driver/share/xsens_mti_ros2_driver/environment/library_path.dsv
[0.774s] -- Up-to-date symlink: /home/uwr/Desktop/2024_UWR/install/xsens_mti_ros2_driver/include/xsens_mti_ros2_driver/xsens_mti_ros2_driver/msg/detail/xs_status_word__rosidl_typesupport_fastrtps_c.h
[0.775s] -- Up-to-date symlink: /home/uwr/Desktop/2024_UWR/install/xsens_mti_ros2_driver/include/xsens_mti_ros2_driver/xsens_mti_ros2_driver/msg/rosidl_typesupport_fastrtps_c__visibility_control.h
[0.775s] -- Up-to-date symlink: /home/uwr/Desktop/2024_UWR/install/xsens_mti_ros2_driver/include/xsens_mti_ros2_driver/xsens_mti_ros2_driver/msg/detail/xs_status_word__builder.hpp
[0.775s] -- Up-to-date symlink: /home/uwr/Desktop/2024_UWR/install/xsens_mti_ros2_driver/include/xsens_mti_ros2_driver/xsens_mti_ros2_driver/msg/detail/xs_status_word__struct.hpp
[0.775s] -- Up-to-date symlink: /home/uwr/Desktop/2024_UWR/install/xsens_mti_ros2_driver/include/xsens_mti_ros2_driver/xsens_mti_ros2_driver/msg/detail/xs_status_word__traits.hpp
[0.775s] -- Up-to-date symlink: /home/uwr/Desktop/2024_UWR/install/xsens_mti_ros2_driver/include/xsens_mti_ros2_driver/xsens_mti_ros2_driver/msg/xs_status_word.hpp
[0.775s] -- Up-to-date symlink: /home/uwr/Desktop/2024_UWR/install/xsens_mti_ros2_driver/include/xsens_mti_ros2_driver/xsens_mti_ros2_driver/msg/detail/xs_status_word__rosidl_typesupport_fastrtps_cpp.hpp
[0.776s] -- Up-to-date symlink: /home/uwr/Desktop/2024_UWR/install/xsens_mti_ros2_driver/include/xsens_mti_ros2_driver/xsens_mti_ros2_driver/msg/rosidl_typesupport_fastrtps_cpp__visibility_control.h
[0.776s] -- Up-to-date symlink: /home/uwr/Desktop/2024_UWR/install/xsens_mti_ros2_driver/include/xsens_mti_ros2_driver/xsens_mti_ros2_driver/msg/detail/xs_status_word__rosidl_typesupport_introspection_c.h
[0.776s] -- Up-to-date symlink: /home/uwr/Desktop/2024_UWR/install/xsens_mti_ros2_driver/include/xsens_mti_ros2_driver/xsens_mti_ros2_driver/msg/rosidl_typesupport_introspection_c__visibility_control.h
[0.776s] -- Up-to-date symlink: /home/uwr/Desktop/2024_UWR/install/xsens_mti_ros2_driver/include/xsens_mti_ros2_driver/xsens_mti_ros2_driver/msg/detail/xs_status_word__rosidl_typesupport_introspection_cpp.hpp
[0.777s] -- Up-to-date symlink: /home/uwr/Desktop/2024_UWR/install/xsens_mti_ros2_driver/share/xsens_mti_ros2_driver/environment/pythonpath.sh
[0.777s] -- Up-to-date symlink: /home/uwr/Desktop/2024_UWR/install/xsens_mti_ros2_driver/share/xsens_mti_ros2_driver/environment/pythonpath.dsv
[0.777s] -- Up-to-date symlink: /home/uwr/Desktop/2024_UWR/install/xsens_mti_ros2_driver/local/lib/python3.10/dist-packages/xsens_mti_ros2_driver-1.0.2-py3.10.egg-info/PKG-INFO
[0.777s] -- Up-to-date symlink: /home/uwr/Desktop/2024_UWR/install/xsens_mti_ros2_driver/local/lib/python3.10/dist-packages/xsens_mti_ros2_driver-1.0.2-py3.10.egg-info/SOURCES.txt
[0.777s] -- Up-to-date symlink: /home/uwr/Desktop/2024_UWR/install/xsens_mti_ros2_driver/local/lib/python3.10/dist-packages/xsens_mti_ros2_driver-1.0.2-py3.10.egg-info/dependency_links.txt
[0.777s] -- Up-to-date symlink: /home/uwr/Desktop/2024_UWR/install/xsens_mti_ros2_driver/local/lib/python3.10/dist-packages/xsens_mti_ros2_driver-1.0.2-py3.10.egg-info/top_level.txt
[0.778s] -- Up-to-date symlink: /home/uwr/Desktop/2024_UWR/install/xsens_mti_ros2_driver/local/lib/python3.10/dist-packages/xsens_mti_ros2_driver/__init__.py
[0.778s] -- Up-to-date symlink: /home/uwr/Desktop/2024_UWR/install/xsens_mti_ros2_driver/local/lib/python3.10/dist-packages/xsens_mti_ros2_driver/_xsens_mti_ros2_driver_s.ep.rosidl_typesupport_c.c
[0.778s] -- Up-to-date symlink: /home/uwr/Desktop/2024_UWR/install/xsens_mti_ros2_driver/local/lib/python3.10/dist-packages/xsens_mti_ros2_driver/_xsens_mti_ros2_driver_s.ep.rosidl_typesupport_fastrtps_c.c
[0.779s] -- Up-to-date symlink: /home/uwr/Desktop/2024_UWR/install/xsens_mti_ros2_driver/local/lib/python3.10/dist-packages/xsens_mti_ros2_driver/_xsens_mti_ros2_driver_s.ep.rosidl_typesupport_introspection_c.c
[0.779s] -- Up-to-date symlink: /home/uwr/Desktop/2024_UWR/install/xsens_mti_ros2_driver/local/lib/python3.10/dist-packages/xsens_mti_ros2_driver/libxsens_mti_ros2_driver__rosidl_generator_py.so
[0.779s] -- Up-to-date symlink: /home/uwr/Desktop/2024_UWR/install/xsens_mti_ros2_driver/local/lib/python3.10/dist-packages/xsens_mti_ros2_driver/msg/__init__.py
[0.779s] -- Up-to-date symlink: /home/uwr/Desktop/2024_UWR/install/xsens_mti_ros2_driver/local/lib/python3.10/dist-packages/xsens_mti_ros2_driver/msg/_xs_status_word.py
[0.779s] -- Up-to-date symlink: /home/uwr/Desktop/2024_UWR/install/xsens_mti_ros2_driver/local/lib/python3.10/dist-packages/xsens_mti_ros2_driver/msg/_xs_status_word_s.c
[0.779s] -- Up-to-date symlink: /home/uwr/Desktop/2024_UWR/install/xsens_mti_ros2_driver/local/lib/python3.10/dist-packages/xsens_mti_ros2_driver/xsens_mti_ros2_driver_s__rosidl_typesupport_c.cpython-310-x86_64-linux-gnu.so
[0.780s] -- Up-to-date symlink: /home/uwr/Desktop/2024_UWR/install/xsens_mti_ros2_driver/local/lib/python3.10/dist-packages/xsens_mti_ros2_driver/xsens_mti_ros2_driver_s__rosidl_typesupport_fastrtps_c.cpython-310-x86_64-linux-gnu.so
[0.780s] -- Up-to-date symlink: /home/uwr/Desktop/2024_UWR/install/xsens_mti_ros2_driver/local/lib/python3.10/dist-packages/xsens_mti_ros2_driver/xsens_mti_ros2_driver_s__rosidl_typesupport_introspection_c.cpython-310-x86_64-linux-gnu.so
[0.780s] -- Up-to-date symlink: /home/uwr/Desktop/2024_UWR/install/xsens_mti_ros2_driver/local/lib/python3.10/dist-packages/xsens_mti_ros2_driver/xsens_mti_ros2_driver_s__rosidl_typesupport_fastrtps_c.cpython-310-x86_64-linux-gnu.so
[0.780s] -- Up-to-date symlink: /home/uwr/Desktop/2024_UWR/install/xsens_mti_ros2_driver/local/lib/python3.10/dist-packages/xsens_mti_ros2_driver/xsens_mti_ros2_driver_s__rosidl_typesupport_introspection_c.cpython-310-x86_64-linux-gnu.so
[0.781s] -- Up-to-date symlink: /home/uwr/Desktop/2024_UWR/install/xsens_mti_ros2_driver/local/lib/python3.10/dist-packages/xsens_mti_ros2_driver/xsens_mti_ros2_driver_s__rosidl_typesupport_c.cpython-310-x86_64-linux-gnu.so
[0.782s] -- Up-to-date symlink: /home/uwr/Desktop/2024_UWR/install/xsens_mti_ros2_driver/share/xsens_mti_ros2_driver/msg/XsStatusWord.idl
[0.782s] -- Up-to-date symlink: /home/uwr/Desktop/2024_UWR/install/xsens_mti_ros2_driver/share/xsens_mti_ros2_driver/msg/XsStatusWord.msg
[0.782s] -- Up-to-date symlink: /home/uwr/Desktop/2024_UWR/install/xsens_mti_ros2_driver/share/xsens_mti_ros2_driver/launch/combined.py
[0.782s] -- Up-to-date symlink: /home/uwr/Desktop/2024_UWR/install/xsens_mti_ros2_driver/share/xsens_mti_ros2_driver/launch/display.launch.py
[0.782s] -- Up-to-date symlink: /home/uwr/Desktop/2024_UWR/install/xsens_mti_ros2_driver/share/xsens_mti_ros2_driver/launch/xsens_mti_node.launch.py
[0.782s] -- Up-to-date symlink: /home/uwr/Desktop/2024_UWR/install/xsens_mti_ros2_driver/share/xsens_mti_ros2_driver/param/xsens_mti_node.yaml
[0.782s] -- Up-to-date symlink: /home/uwr/Desktop/2024_UWR/install/xsens_mti_ros2_driver/share/xsens_mti_ros2_driver/rviz/display.rviz
[0.783s] -- Up-to-date symlink: /home/uwr/Desktop/2024_UWR/install/xsens_mti_ros2_driver/share/xsens_mti_ros2_driver/urdf/MTi_1.stl
[0.783s] -- Up-to-date symlink: /home/uwr/Desktop/2024_UWR/install/xsens_mti_ros2_driver/share/xsens_mti_ros2_driver/urdf/MTi_1.urdf
[0.783s] -- Up-to-date symlink: /home/uwr/Desktop/2024_UWR/install/xsens_mti_ros2_driver/share/xsens_mti_ros2_driver/urdf/MTi_10.stl
[0.783s] -- Up-to-date symlink: /home/uwr/Desktop/2024_UWR/install/xsens_mti_ros2_driver/share/xsens_mti_ros2_driver/urdf/MTi_10.urdf
[0.783s] -- Up-to-date symlink: /home/uwr/Desktop/2024_UWR/install/xsens_mti_ros2_driver/share/xsens_mti_ros2_driver/urdf/MTi_6xx.stl
[0.783s] -- Up-to-date symlink: /home/uwr/Desktop/2024_UWR/install/xsens_mti_ros2_driver/share/xsens_mti_ros2_driver/urdf/MTi_6xx.urdf
[0.783s] -- Up-to-date symlink: /home/uwr/Desktop/2024_UWR/install/xsens_mti_ros2_driver/share/ament_index/resource_index/package_run_dependencies/xsens_mti_ros2_driver
[0.784s] -- Up-to-date symlink: /home/uwr/Desktop/2024_UWR/install/xsens_mti_ros2_driver/share/ament_index/resource_index/parent_prefix_path/xsens_mti_ros2_driver
[0.784s] -- Up-to-date symlink: /home/uwr/Desktop/2024_UWR/install/xsens_mti_ros2_driver/share/xsens_mti_ros2_driver/environment/ament_prefix_path.sh
[0.784s] -- Up-to-date symlink: /home/uwr/Desktop/2024_UWR/install/xsens_mti_ros2_driver/share/xsens_mti_ros2_driver/environment/ament_prefix_path.dsv
[0.784s] -- Up-to-date symlink: /home/uwr/Desktop/2024_UWR/install/xsens_mti_ros2_driver/share/xsens_mti_ros2_driver/environment/path.sh
[0.784s] -- Up-to-date symlink: /home/uwr/Desktop/2024_UWR/install/xsens_mti_ros2_driver/share/xsens_mti_ros2_driver/environment/path.dsv
[0.784s] -- Up-to-date symlink: /home/uwr/Desktop/2024_UWR/install/xsens_mti_ros2_driver/share/xsens_mti_ros2_driver/local_setup.bash
[0.784s] -- Up-to-date symlink: /home/uwr/Desktop/2024_UWR/install/xsens_mti_ros2_driver/share/xsens_mti_ros2_driver/local_setup.sh
[0.784s] -- Up-to-date symlink: /home/uwr/Desktop/2024_UWR/install/xsens_mti_ros2_driver/share/xsens_mti_ros2_driver/local_setup.zsh
[0.785s] -- Up-to-date symlink: /home/uwr/Desktop/2024_UWR/install/xsens_mti_ros2_driver/share/xsens_mti_ros2_driver/local_setup.dsv
[0.785s] -- Symlinking: /home/uwr/Desktop/2024_UWR/install/xsens_mti_ros2_driver/share/xsens_mti_ros2_driver/package.dsv
[0.793s] -- Up-to-date symlink: /home/uwr/Desktop/2024_UWR/install/xsens_mti_ros2_driver/share/ament_index/resource_index/packages/xsens_mti_ros2_driver
[0.793s] -- Up-to-date symlink: /home/uwr/Desktop/2024_UWR/install/xsens_mti_ros2_driver/share/xsens_mti_ros2_driver/cmake/rosidl_cmake-extras.cmake
[0.793s] -- Up-to-date symlink: /home/uwr/Desktop/2024_UWR/install/xsens_mti_ros2_driver/share/xsens_mti_ros2_driver/cmake/ament_cmake_export_dependencies-extras.cmake
[0.793s] -- Up-to-date symlink: /home/uwr/Desktop/2024_UWR/install/xsens_mti_ros2_driver/share/xsens_mti_ros2_driver/cmake/ament_cmake_export_include_directories-extras.cmake
[0.793s] -- Up-to-date symlink: /home/uwr/Desktop/2024_UWR/install/xsens_mti_ros2_driver/share/xsens_mti_ros2_driver/cmake/ament_cmake_export_libraries-extras.cmake
[0.794s] -- Up-to-date symlink: /home/uwr/Desktop/2024_UWR/install/xsens_mti_ros2_driver/share/xsens_mti_ros2_driver/cmake/ament_cmake_export_targets-extras.cmake
[0.794s] -- Up-to-date symlink: /home/uwr/Desktop/2024_UWR/install/xsens_mti_ros2_driver/share/xsens_mti_ros2_driver/cmake/rosidl_cmake_export_typesupport_targets-extras.cmake
[0.794s] -- Up-to-date symlink: /home/uwr/Desktop/2024_UWR/install/xsens_mti_ros2_driver/share/xsens_mti_ros2_driver/cmake/rosidl_cmake_export_typesupport_libraries-extras.cmake
[0.794s] -- Up-to-date symlink: /home/uwr/Desktop/2024_UWR/install/xsens_mti_ros2_driver/share/xsens_mti_ros2_driver/cmake/xsens_mti_ros2_driverConfig.cmake
[0.794s] -- Up-to-date symlink: /home/uwr/Desktop/2024_UWR/install/xsens_mti_ros2_driver/share/xsens_mti_ros2_driver/cmake/xsens_mti_ros2_driverConfig-version.cmake
[0.795s] -- Up-to-date symlink: /home/uwr/Desktop/2024_UWR/install/xsens_mti_ros2_driver/share/xsens_mti_ros2_driver/package.xml
[0.795s] -- Up-to-date: /home/uwr/Desktop/2024_UWR/install/xsens_mti_ros2_driver/lib/libxsens_mti_ros2_driver__rosidl_generator_c.so
[0.795s] -- Up-to-date: /home/uwr/Desktop/2024_UWR/install/xsens_mti_ros2_driver/lib/libxsens_mti_ros2_driver__rosidl_typesupport_fastrtps_c.so
[0.795s] -- Up-to-date: /home/uwr/Desktop/2024_UWR/install/xsens_mti_ros2_driver/lib/libxsens_mti_ros2_driver__rosidl_typesupport_fastrtps_cpp.so
[0.795s] -- Up-to-date: /home/uwr/Desktop/2024_UWR/install/xsens_mti_ros2_driver/lib/libxsens_mti_ros2_driver__rosidl_typesupport_introspection_c.so
[0.795s] -- Up-to-date: /home/uwr/Desktop/2024_UWR/install/xsens_mti_ros2_driver/lib/libxsens_mti_ros2_driver__rosidl_typesupport_c.so
[0.795s] -- Up-to-date: /home/uwr/Desktop/2024_UWR/install/xsens_mti_ros2_driver/lib/libxsens_mti_ros2_driver__rosidl_typesupport_introspection_cpp.so
[0.796s] -- Up-to-date: /home/uwr/Desktop/2024_UWR/install/xsens_mti_ros2_driver/lib/libxsens_mti_ros2_driver__rosidl_typesupport_cpp.so
[0.834s] Listing '/home/uwr/Desktop/2024_UWR/install/xsens_mti_ros2_driver/local/lib/python3.10/dist-packages/xsens_mti_ros2_driver'...
[0.834s] Listing '/home/uwr/Desktop/2024_UWR/install/xsens_mti_ros2_driver/local/lib/python3.10/dist-packages/xsens_mti_ros2_driver/msg'...
[0.841s] -- Up-to-date: /home/uwr/Desktop/2024_UWR/install/xsens_mti_ros2_driver/lib/libxsens_mti_ros2_driver__rosidl_generator_py.so
[0.841s] -- Up-to-date: /home/uwr/Desktop/2024_UWR/install/xsens_mti_ros2_driver/lib/xsens_mti_ros2_driver/xsens_mti_node
[0.842s] -- Up-to-date: /home/uwr/Desktop/2024_UWR/install/xsens_mti_ros2_driver/share/xsens_mti_ros2_driver/cmake/export_xsens_mti_ros2_driver__rosidl_generator_cExport.cmake
[0.842s] -- Up-to-date: /home/uwr/Desktop/2024_UWR/install/xsens_mti_ros2_driver/share/xsens_mti_ros2_driver/cmake/export_xsens_mti_ros2_driver__rosidl_generator_cExport-noconfig.cmake
[0.842s] -- Up-to-date: /home/uwr/Desktop/2024_UWR/install/xsens_mti_ros2_driver/share/xsens_mti_ros2_driver/cmake/export_xsens_mti_ros2_driver__rosidl_typesupport_fastrtps_cExport.cmake
[0.842s] -- Up-to-date: /home/uwr/Desktop/2024_UWR/install/xsens_mti_ros2_driver/share/xsens_mti_ros2_driver/cmake/export_xsens_mti_ros2_driver__rosidl_typesupport_fastrtps_cExport-noconfig.cmake
[0.842s] -- Up-to-date: /home/uwr/Desktop/2024_UWR/install/xsens_mti_ros2_driver/share/xsens_mti_ros2_driver/cmake/export_xsens_mti_ros2_driver__rosidl_generator_cppExport.cmake
[0.842s] -- Up-to-date: /home/uwr/Desktop/2024_UWR/install/xsens_mti_ros2_driver/share/xsens_mti_ros2_driver/cmake/export_xsens_mti_ros2_driver__rosidl_typesupport_fastrtps_cppExport.cmake
[0.842s] -- Up-to-date: /home/uwr/Desktop/2024_UWR/install/xsens_mti_ros2_driver/share/xsens_mti_ros2_driver/cmake/export_xsens_mti_ros2_driver__rosidl_typesupport_fastrtps_cppExport-noconfig.cmake
[0.842s] -- Up-to-date: /home/uwr/Desktop/2024_UWR/install/xsens_mti_ros2_driver/share/xsens_mti_ros2_driver/cmake/xsens_mti_ros2_driver__rosidl_typesupport_introspection_cExport.cmake
[0.842s] -- Up-to-date: /home/uwr/Desktop/2024_UWR/install/xsens_mti_ros2_driver/share/xsens_mti_ros2_driver/cmake/xsens_mti_ros2_driver__rosidl_typesupport_introspection_cExport-noconfig.cmake
[0.843s] -- Up-to-date: /home/uwr/Desktop/2024_UWR/install/xsens_mti_ros2_driver/share/xsens_mti_ros2_driver/cmake/xsens_mti_ros2_driver__rosidl_typesupport_cExport.cmake
[0.843s] -- Up-to-date: /home/uwr/Desktop/2024_UWR/install/xsens_mti_ros2_driver/share/xsens_mti_ros2_driver/cmake/xsens_mti_ros2_driver__rosidl_typesupport_cExport-noconfig.cmake
[0.843s] -- Up-to-date: /home/uwr/Desktop/2024_UWR/install/xsens_mti_ros2_driver/share/xsens_mti_ros2_driver/cmake/xsens_mti_ros2_driver__rosidl_typesupport_introspection_cppExport.cmake
[0.843s] -- Up-to-date: /home/uwr/Desktop/2024_UWR/install/xsens_mti_ros2_driver/share/xsens_mti_ros2_driver/cmake/xsens_mti_ros2_driver__rosidl_typesupport_introspection_cppExport-noconfig.cmake
[0.843s] -- Up-to-date: /home/uwr/Desktop/2024_UWR/install/xsens_mti_ros2_driver/share/xsens_mti_ros2_driver/cmake/xsens_mti_ros2_driver__rosidl_typesupport_cppExport.cmake
[0.843s] -- Up-to-date: /home/uwr/Desktop/2024_UWR/install/xsens_mti_ros2_driver/share/xsens_mti_ros2_driver/cmake/xsens_mti_ros2_driver__rosidl_typesupport_cppExport-noconfig.cmake
[0.843s] -- Up-to-date: /home/uwr/Desktop/2024_UWR/install/xsens_mti_ros2_driver/share/xsens_mti_ros2_driver/cmake/export_xsens_mti_ros2_driver__rosidl_generator_pyExport.cmake
[0.843s] -- Up-to-date: /home/uwr/Desktop/2024_UWR/install/xsens_mti_ros2_driver/share/xsens_mti_ros2_driver/cmake/export_xsens_mti_ros2_driver__rosidl_generator_pyExport-noconfig.cmake
[0.854s] Invoked command in '/home/uwr/Desktop/2024_UWR/build/xsens_mti_ros2_driver' returned '0': CMAKE_PREFIX_PATH=${CMAKE_PREFIX_PATH}:/home/uwr/Desktop/2024_UWR/install/sonar_subs:/opt/ros/humble /usr/bin/cmake --install /home/uwr/Desktop/2024_UWR/build/xsens_mti_ros2_driver
