[0.023s] Invoking command in '/home/uwr/Desktop/2024_UWR/build/sonar_msgs': CMAKE_PREFIX_PATH=/opt/ros/humble /usr/bin/cmake --build /home/uwr/Desktop/2024_UWR/build/sonar_msgs -- -j8 -l8
[0.079s] [  2%] [34m[1mGenerating C code for ROS interfaces[0m
[0.093s] [  5%] [34m[1mGenerating C++ code for ROS interfaces[0m
[0.117s] [  5%] Built target ament_cmake_python_copy_sonar_msgs
[0.878s] running egg_info
[0.884s] creating sonar_msgs.egg-info
[0.885s] writing sonar_msgs.egg-info/PKG-INFO
[0.885s] writing dependency_links to sonar_msgs.egg-info/dependency_links.txt
[0.885s] writing top-level names to sonar_msgs.egg-info/top_level.txt
[0.885s] writing manifest file 'sonar_msgs.egg-info/SOURCES.txt'
[0.890s] reading manifest file 'sonar_msgs.egg-info/SOURCES.txt'
[0.891s] writing manifest file 'sonar_msgs.egg-info/SOURCES.txt'
[0.953s] [  5%] Built target ament_cmake_python_build_sonar_msgs_egg
[1.272s] [  5%] Built target sonar_msgs__cpp
[1.314s] [  7%] [34m[1mGenerating C++ type support for eProsima Fast-RTPS[0m
[1.314s] [ 10%] [34m[1mGenerating C++ type support dispatch for ROS interfaces[0m
[1.315s] [ 12%] [34m[1mGenerating C++ introspection for ROS interfaces[0m
[1.361s] [ 15%] [32mBuilding C object CMakeFiles/sonar_msgs__rosidl_generator_c.dir/rosidl_generator_c/sonar_msgs/msg/detail/three_sonar_depth__functions.c.o[0m
[1.382s] [ 17%] [32mBuilding C object CMakeFiles/sonar_msgs__rosidl_generator_c.dir/rosidl_generator_c/sonar_msgs/msg/detail/conf_scal__functions.c.o[0m
[1.616s] [ 20%] [32m[1mLinking C shared library libsonar_msgs__rosidl_generator_c.so[0m
[1.790s] [ 20%] Built target sonar_msgs__rosidl_generator_c
[1.831s] [ 23%] [34m[1mGenerating C type support dispatch for ROS interfaces[0m
[1.834s] [ 25%] [34m[1mGenerating C type support for eProsima Fast-RTPS[0m
[1.848s] [ 28%] [34m[1mGenerating C introspection for ROS interfaces[0m
[2.810s] [ 30%] [32mBuilding CXX object CMakeFiles/sonar_msgs__rosidl_typesupport_introspection_cpp.dir/rosidl_typesupport_introspection_cpp/sonar_msgs/msg/detail/three_sonar_depth__type_support.cpp.o[0m
[2.827s] [ 33%] [32mBuilding CXX object CMakeFiles/sonar_msgs__rosidl_typesupport_introspection_cpp.dir/rosidl_typesupport_introspection_cpp/sonar_msgs/msg/detail/conf_scal__type_support.cpp.o[0m
[3.101s] [ 35%] [32mBuilding CXX object CMakeFiles/sonar_msgs__rosidl_typesupport_fastrtps_cpp.dir/rosidl_typesupport_fastrtps_cpp/sonar_msgs/msg/detail/dds_fastrtps/conf_scal__type_support.cpp.o[0m
[3.108s] [ 38%] [32mBuilding CXX object CMakeFiles/sonar_msgs__rosidl_typesupport_fastrtps_cpp.dir/rosidl_typesupport_fastrtps_cpp/sonar_msgs/msg/detail/dds_fastrtps/three_sonar_depth__type_support.cpp.o[0m
[3.108s] [ 41%] [32mBuilding CXX object CMakeFiles/sonar_msgs__rosidl_typesupport_cpp.dir/rosidl_typesupport_cpp/sonar_msgs/msg/three_sonar_depth__type_support.cpp.o[0m
[3.293s] [ 43%] [32mBuilding CXX object CMakeFiles/sonar_msgs__rosidl_typesupport_fastrtps_c.dir/rosidl_typesupport_fastrtps_c/sonar_msgs/msg/detail/three_sonar_depth__type_support_c.cpp.o[0m
[3.520s] [ 46%] [32mBuilding CXX object CMakeFiles/sonar_msgs__rosidl_typesupport_c.dir/rosidl_typesupport_c/sonar_msgs/msg/three_sonar_depth__type_support.cpp.o[0m
[3.702s] [ 48%] [32mBuilding CXX object CMakeFiles/sonar_msgs__rosidl_typesupport_c.dir/rosidl_typesupport_c/sonar_msgs/msg/conf_scal__type_support.cpp.o[0m
[3.824s] [ 51%] [32m[1mLinking CXX shared library libsonar_msgs__rosidl_typesupport_c.so[0m
[3.969s] [ 53%] [32mBuilding C object CMakeFiles/sonar_msgs__rosidl_typesupport_introspection_c.dir/rosidl_typesupport_introspection_c/sonar_msgs/msg/detail/three_sonar_depth__type_support.c.o[0m
[4.088s] [ 53%] Built target sonar_msgs__rosidl_typesupport_c
[4.122s] [ 56%] [32mBuilding CXX object CMakeFiles/sonar_msgs__rosidl_typesupport_cpp.dir/rosidl_typesupport_cpp/sonar_msgs/msg/conf_scal__type_support.cpp.o[0m
[4.147s] [ 58%] [32mBuilding C object CMakeFiles/sonar_msgs__rosidl_typesupport_introspection_c.dir/rosidl_typesupport_introspection_c/sonar_msgs/msg/detail/conf_scal__type_support.c.o[0m
[4.349s] [ 61%] [32m[1mLinking C shared library libsonar_msgs__rosidl_typesupport_introspection_c.so[0m
[4.486s] [ 61%] Built target sonar_msgs__rosidl_typesupport_introspection_c
[4.518s] [ 64%] [32mBuilding CXX object CMakeFiles/sonar_msgs__rosidl_typesupport_fastrtps_c.dir/rosidl_typesupport_fastrtps_c/sonar_msgs/msg/detail/conf_scal__type_support_c.cpp.o[0m
[4.995s] [ 66%] [32m[1mLinking CXX shared library libsonar_msgs__rosidl_typesupport_introspection_cpp.so[0m
[5.101s] [ 69%] [32m[1mLinking CXX shared library libsonar_msgs__rosidl_typesupport_cpp.so[0m
[5.192s] [ 69%] Built target sonar_msgs__rosidl_typesupport_introspection_cpp
[5.193s] [ 69%] Built target sonar_msgs__rosidl_typesupport_cpp
[5.326s] [ 71%] [32m[1mLinking CXX shared library libsonar_msgs__rosidl_typesupport_fastrtps_cpp.so[0m
[5.508s] [ 71%] Built target sonar_msgs__rosidl_typesupport_fastrtps_cpp
[5.526s] [ 74%] [32m[1mLinking CXX shared library libsonar_msgs__rosidl_typesupport_fastrtps_c.so[0m
[5.660s] [ 74%] Built target sonar_msgs__rosidl_typesupport_fastrtps_c
[5.685s] [ 74%] Built target sonar_msgs
[5.715s] [ 76%] [34m[1mGenerating Python code for ROS interfaces[0m
[7.608s] [ 76%] Built target sonar_msgs__py
[7.684s] [ 79%] [32mBuilding C object CMakeFiles/sonar_msgs__rosidl_generator_py.dir/rosidl_generator_py/sonar_msgs/msg/_three_sonar_depth_s.c.o[0m
[7.691s] [ 82%] [32mBuilding C object CMakeFiles/sonar_msgs__rosidl_generator_py.dir/rosidl_generator_py/sonar_msgs/msg/_conf_scal_s.c.o[0m
[8.133s] [ 84%] [32m[1mLinking C shared library rosidl_generator_py/sonar_msgs/libsonar_msgs__rosidl_generator_py.so[0m
[8.261s] [ 84%] Built target sonar_msgs__rosidl_generator_py
[8.344s] [ 87%] [32mBuilding C object CMakeFiles/sonar_msgs__rosidl_typesupport_c__pyext.dir/rosidl_generator_py/sonar_msgs/_sonar_msgs_s.ep.rosidl_typesupport_c.c.o[0m
[8.354s] [ 89%] [32mBuilding C object CMakeFiles/sonar_msgs__rosidl_typesupport_introspection_c__pyext.dir/rosidl_generator_py/sonar_msgs/_sonar_msgs_s.ep.rosidl_typesupport_introspection_c.c.o[0m
[8.354s] [ 92%] [32mBuilding C object CMakeFiles/sonar_msgs__rosidl_typesupport_fastrtps_c__pyext.dir/rosidl_generator_py/sonar_msgs/_sonar_msgs_s.ep.rosidl_typesupport_fastrtps_c.c.o[0m
[8.794s] [ 94%] [32m[1mLinking C shared library rosidl_generator_py/sonar_msgs/sonar_msgs_s__rosidl_typesupport_introspection_c.cpython-310-x86_64-linux-gnu.so[0m
[8.794s] [ 97%] [32m[1mLinking C shared library rosidl_generator_py/sonar_msgs/sonar_msgs_s__rosidl_typesupport_fastrtps_c.cpython-310-x86_64-linux-gnu.so[0m
[8.882s] [100%] [32m[1mLinking C shared library rosidl_generator_py/sonar_msgs/sonar_msgs_s__rosidl_typesupport_c.cpython-310-x86_64-linux-gnu.so[0m
[8.948s] [100%] Built target sonar_msgs__rosidl_typesupport_fastrtps_c__pyext
[8.958s] [100%] Built target sonar_msgs__rosidl_typesupport_introspection_c__pyext
[8.998s] [100%] Built target sonar_msgs__rosidl_typesupport_c__pyext
[9.024s] Invoked command in '/home/uwr/Desktop/2024_UWR/build/sonar_msgs' returned '0': CMAKE_PREFIX_PATH=/opt/ros/humble /usr/bin/cmake --build /home/uwr/Desktop/2024_UWR/build/sonar_msgs -- -j8 -l8
[9.211s] Invoking command in '/home/uwr/Desktop/2024_UWR/build/sonar_msgs': CMAKE_PREFIX_PATH=/opt/ros/humble /usr/bin/cmake --install /home/uwr/Desktop/2024_UWR/build/sonar_msgs
[9.229s] -- Install configuration: ""
[9.237s] -- Installing: /home/uwr/Desktop/2024_UWR/install/sonar_msgs/share/ament_index/resource_index/rosidl_interfaces/sonar_msgs
[9.237s] -- Installing: /home/uwr/Desktop/2024_UWR/install/sonar_msgs/include/sonar_msgs/sonar_msgs
[9.238s] -- Installing: /home/uwr/Desktop/2024_UWR/install/sonar_msgs/include/sonar_msgs/sonar_msgs/msg
[9.238s] -- Installing: /home/uwr/Desktop/2024_UWR/install/sonar_msgs/include/sonar_msgs/sonar_msgs/msg/rosidl_generator_c__visibility_control.h
[9.238s] -- Installing: /home/uwr/Desktop/2024_UWR/install/sonar_msgs/include/sonar_msgs/sonar_msgs/msg/detail
[9.238s] -- Installing: /home/uwr/Desktop/2024_UWR/install/sonar_msgs/include/sonar_msgs/sonar_msgs/msg/detail/three_sonar_depth__type_support.h
[9.240s] -- Installing: /home/uwr/Desktop/2024_UWR/install/sonar_msgs/include/sonar_msgs/sonar_msgs/msg/detail/conf_scal__functions.h
[9.240s] -- Installing: /home/uwr/Desktop/2024_UWR/install/sonar_msgs/include/sonar_msgs/sonar_msgs/msg/detail/three_sonar_depth__functions.c
[9.240s] -- Installing: /home/uwr/Desktop/2024_UWR/install/sonar_msgs/include/sonar_msgs/sonar_msgs/msg/detail/three_sonar_depth__struct.h
[9.240s] -- Installing: /home/uwr/Desktop/2024_UWR/install/sonar_msgs/include/sonar_msgs/sonar_msgs/msg/detail/conf_scal__struct.h
[9.242s] -- Installing: /home/uwr/Desktop/2024_UWR/install/sonar_msgs/include/sonar_msgs/sonar_msgs/msg/detail/three_sonar_depth__functions.h
[9.243s] -- Installing: /home/uwr/Desktop/2024_UWR/install/sonar_msgs/include/sonar_msgs/sonar_msgs/msg/detail/conf_scal__type_support.h
[9.243s] -- Installing: /home/uwr/Desktop/2024_UWR/install/sonar_msgs/include/sonar_msgs/sonar_msgs/msg/detail/conf_scal__functions.c
[9.243s] -- Installing: /home/uwr/Desktop/2024_UWR/install/sonar_msgs/include/sonar_msgs/sonar_msgs/msg/three_sonar_depth.h
[9.243s] -- Installing: /home/uwr/Desktop/2024_UWR/install/sonar_msgs/include/sonar_msgs/sonar_msgs/msg/conf_scal.h
[9.243s] -- Installing: /home/uwr/Desktop/2024_UWR/install/sonar_msgs/share/sonar_msgs/environment/library_path.sh
[9.243s] -- Installing: /home/uwr/Desktop/2024_UWR/install/sonar_msgs/share/sonar_msgs/environment/library_path.dsv
[9.244s] -- Installing: /home/uwr/Desktop/2024_UWR/install/sonar_msgs/lib/libsonar_msgs__rosidl_generator_c.so
[9.244s] -- Set runtime path of "/home/uwr/Desktop/2024_UWR/install/sonar_msgs/lib/libsonar_msgs__rosidl_generator_c.so" to ""
[9.244s] -- Up-to-date: /home/uwr/Desktop/2024_UWR/install/sonar_msgs/include/sonar_msgs/sonar_msgs
[9.244s] -- Up-to-date: /home/uwr/Desktop/2024_UWR/install/sonar_msgs/include/sonar_msgs/sonar_msgs/msg
[9.244s] -- Up-to-date: /home/uwr/Desktop/2024_UWR/install/sonar_msgs/include/sonar_msgs/sonar_msgs/msg/detail
[9.244s] -- Installing: /home/uwr/Desktop/2024_UWR/install/sonar_msgs/include/sonar_msgs/sonar_msgs/msg/detail/conf_scal__rosidl_typesupport_fastrtps_c.h
[9.244s] -- Installing: /home/uwr/Desktop/2024_UWR/install/sonar_msgs/include/sonar_msgs/sonar_msgs/msg/detail/three_sonar_depth__rosidl_typesupport_fastrtps_c.h
[9.245s] -- Installing: /home/uwr/Desktop/2024_UWR/install/sonar_msgs/include/sonar_msgs/sonar_msgs/msg/rosidl_typesupport_fastrtps_c__visibility_control.h
[9.245s] -- Installing: /home/uwr/Desktop/2024_UWR/install/sonar_msgs/lib/libsonar_msgs__rosidl_typesupport_fastrtps_c.so
[9.245s] -- Set runtime path of "/home/uwr/Desktop/2024_UWR/install/sonar_msgs/lib/libsonar_msgs__rosidl_typesupport_fastrtps_c.so" to ""
[9.245s] -- Up-to-date: /home/uwr/Desktop/2024_UWR/install/sonar_msgs/include/sonar_msgs/sonar_msgs
[9.245s] -- Up-to-date: /home/uwr/Desktop/2024_UWR/install/sonar_msgs/include/sonar_msgs/sonar_msgs/msg
[9.249s] -- Up-to-date: /home/uwr/Desktop/2024_UWR/install/sonar_msgs/include/sonar_msgs/sonar_msgs/msg/detail
[9.250s] -- Installing: /home/uwr/Desktop/2024_UWR/install/sonar_msgs/include/sonar_msgs/sonar_msgs/msg/detail/conf_scal__builder.hpp
[9.250s] -- Installing: /home/uwr/Desktop/2024_UWR/install/sonar_msgs/include/sonar_msgs/sonar_msgs/msg/detail/conf_scal__traits.hpp
[9.250s] -- Installing: /home/uwr/Desktop/2024_UWR/install/sonar_msgs/include/sonar_msgs/sonar_msgs/msg/detail/three_sonar_depth__builder.hpp
[9.250s] -- Installing: /home/uwr/Desktop/2024_UWR/install/sonar_msgs/include/sonar_msgs/sonar_msgs/msg/detail/three_sonar_depth__traits.hpp
[9.250s] -- Installing: /home/uwr/Desktop/2024_UWR/install/sonar_msgs/include/sonar_msgs/sonar_msgs/msg/detail/three_sonar_depth__struct.hpp
[9.250s] -- Installing: /home/uwr/Desktop/2024_UWR/install/sonar_msgs/include/sonar_msgs/sonar_msgs/msg/detail/conf_scal__struct.hpp
[9.251s] -- Installing: /home/uwr/Desktop/2024_UWR/install/sonar_msgs/include/sonar_msgs/sonar_msgs/msg/three_sonar_depth.hpp
[9.251s] -- Installing: /home/uwr/Desktop/2024_UWR/install/sonar_msgs/include/sonar_msgs/sonar_msgs/msg/conf_scal.hpp
[9.251s] -- Up-to-date: /home/uwr/Desktop/2024_UWR/install/sonar_msgs/include/sonar_msgs/sonar_msgs
[9.252s] -- Up-to-date: /home/uwr/Desktop/2024_UWR/install/sonar_msgs/include/sonar_msgs/sonar_msgs/msg
[9.252s] -- Up-to-date: /home/uwr/Desktop/2024_UWR/install/sonar_msgs/include/sonar_msgs/sonar_msgs/msg/detail
[9.252s] -- Installing: /home/uwr/Desktop/2024_UWR/install/sonar_msgs/include/sonar_msgs/sonar_msgs/msg/detail/three_sonar_depth__rosidl_typesupport_fastrtps_cpp.hpp
[9.256s] -- Installing: /home/uwr/Desktop/2024_UWR/install/sonar_msgs/include/sonar_msgs/sonar_msgs/msg/detail/conf_scal__rosidl_typesupport_fastrtps_cpp.hpp
[9.256s] -- Installing: /home/uwr/Desktop/2024_UWR/install/sonar_msgs/include/sonar_msgs/sonar_msgs/msg/detail/dds_fastrtps
[9.257s] -- Installing: /home/uwr/Desktop/2024_UWR/install/sonar_msgs/include/sonar_msgs/sonar_msgs/msg/rosidl_typesupport_fastrtps_cpp__visibility_control.h
[9.257s] -- Installing: /home/uwr/Desktop/2024_UWR/install/sonar_msgs/lib/libsonar_msgs__rosidl_typesupport_fastrtps_cpp.so
[9.257s] -- Set runtime path of "/home/uwr/Desktop/2024_UWR/install/sonar_msgs/lib/libsonar_msgs__rosidl_typesupport_fastrtps_cpp.so" to ""
[9.257s] -- Up-to-date: /home/uwr/Desktop/2024_UWR/install/sonar_msgs/include/sonar_msgs/sonar_msgs
[9.257s] -- Up-to-date: /home/uwr/Desktop/2024_UWR/install/sonar_msgs/include/sonar_msgs/sonar_msgs/msg
[9.257s] -- Installing: /home/uwr/Desktop/2024_UWR/install/sonar_msgs/include/sonar_msgs/sonar_msgs/msg/rosidl_typesupport_introspection_c__visibility_control.h
[9.258s] -- Up-to-date: /home/uwr/Desktop/2024_UWR/install/sonar_msgs/include/sonar_msgs/sonar_msgs/msg/detail
[9.258s] -- Installing: /home/uwr/Desktop/2024_UWR/install/sonar_msgs/include/sonar_msgs/sonar_msgs/msg/detail/conf_scal__type_support.c
[9.258s] -- Installing: /home/uwr/Desktop/2024_UWR/install/sonar_msgs/include/sonar_msgs/sonar_msgs/msg/detail/conf_scal__rosidl_typesupport_introspection_c.h
[9.258s] -- Installing: /home/uwr/Desktop/2024_UWR/install/sonar_msgs/include/sonar_msgs/sonar_msgs/msg/detail/three_sonar_depth__type_support.c
[9.258s] -- Installing: /home/uwr/Desktop/2024_UWR/install/sonar_msgs/include/sonar_msgs/sonar_msgs/msg/detail/three_sonar_depth__rosidl_typesupport_introspection_c.h
[9.258s] -- Installing: /home/uwr/Desktop/2024_UWR/install/sonar_msgs/lib/libsonar_msgs__rosidl_typesupport_introspection_c.so
[9.259s] -- Set runtime path of "/home/uwr/Desktop/2024_UWR/install/sonar_msgs/lib/libsonar_msgs__rosidl_typesupport_introspection_c.so" to ""
[9.259s] -- Installing: /home/uwr/Desktop/2024_UWR/install/sonar_msgs/lib/libsonar_msgs__rosidl_typesupport_c.so
[9.259s] -- Set runtime path of "/home/uwr/Desktop/2024_UWR/install/sonar_msgs/lib/libsonar_msgs__rosidl_typesupport_c.so" to ""
[9.259s] -- Up-to-date: /home/uwr/Desktop/2024_UWR/install/sonar_msgs/include/sonar_msgs/sonar_msgs
[9.259s] -- Up-to-date: /home/uwr/Desktop/2024_UWR/install/sonar_msgs/include/sonar_msgs/sonar_msgs/msg
[9.260s] -- Up-to-date: /home/uwr/Desktop/2024_UWR/install/sonar_msgs/include/sonar_msgs/sonar_msgs/msg/detail
[9.260s] -- Installing: /home/uwr/Desktop/2024_UWR/install/sonar_msgs/include/sonar_msgs/sonar_msgs/msg/detail/three_sonar_depth__type_support.cpp
[9.260s] -- Installing: /home/uwr/Desktop/2024_UWR/install/sonar_msgs/include/sonar_msgs/sonar_msgs/msg/detail/three_sonar_depth__rosidl_typesupport_introspection_cpp.hpp
[9.260s] -- Installing: /home/uwr/Desktop/2024_UWR/install/sonar_msgs/include/sonar_msgs/sonar_msgs/msg/detail/conf_scal__type_support.cpp
[9.260s] -- Installing: /home/uwr/Desktop/2024_UWR/install/sonar_msgs/include/sonar_msgs/sonar_msgs/msg/detail/conf_scal__rosidl_typesupport_introspection_cpp.hpp
[9.260s] -- Installing: /home/uwr/Desktop/2024_UWR/install/sonar_msgs/lib/libsonar_msgs__rosidl_typesupport_introspection_cpp.so
[9.261s] -- Set runtime path of "/home/uwr/Desktop/2024_UWR/install/sonar_msgs/lib/libsonar_msgs__rosidl_typesupport_introspection_cpp.so" to ""
[9.261s] -- Installing: /home/uwr/Desktop/2024_UWR/install/sonar_msgs/lib/libsonar_msgs__rosidl_typesupport_cpp.so
[9.261s] -- Set runtime path of "/home/uwr/Desktop/2024_UWR/install/sonar_msgs/lib/libsonar_msgs__rosidl_typesupport_cpp.so" to ""
[9.261s] -- Installing: /home/uwr/Desktop/2024_UWR/install/sonar_msgs/share/sonar_msgs/environment/pythonpath.sh
[9.262s] -- Installing: /home/uwr/Desktop/2024_UWR/install/sonar_msgs/share/sonar_msgs/environment/pythonpath.dsv
[9.262s] -- Installing: /home/uwr/Desktop/2024_UWR/install/sonar_msgs/local/lib/python3.10/dist-packages/sonar_msgs-0.0.0-py3.10.egg-info
[9.262s] -- Installing: /home/uwr/Desktop/2024_UWR/install/sonar_msgs/local/lib/python3.10/dist-packages/sonar_msgs-0.0.0-py3.10.egg-info/top_level.txt
[9.262s] -- Installing: /home/uwr/Desktop/2024_UWR/install/sonar_msgs/local/lib/python3.10/dist-packages/sonar_msgs-0.0.0-py3.10.egg-info/dependency_links.txt
[9.262s] -- Installing: /home/uwr/Desktop/2024_UWR/install/sonar_msgs/local/lib/python3.10/dist-packages/sonar_msgs-0.0.0-py3.10.egg-info/PKG-INFO
[9.262s] -- Installing: /home/uwr/Desktop/2024_UWR/install/sonar_msgs/local/lib/python3.10/dist-packages/sonar_msgs-0.0.0-py3.10.egg-info/SOURCES.txt
[9.263s] -- Installing: /home/uwr/Desktop/2024_UWR/install/sonar_msgs/local/lib/python3.10/dist-packages/sonar_msgs
[9.263s] -- Installing: /home/uwr/Desktop/2024_UWR/install/sonar_msgs/local/lib/python3.10/dist-packages/sonar_msgs/libsonar_msgs__rosidl_generator_py.so
[9.263s] -- Installing: /home/uwr/Desktop/2024_UWR/install/sonar_msgs/local/lib/python3.10/dist-packages/sonar_msgs/sonar_msgs_s__rosidl_typesupport_fastrtps_c.cpython-310-x86_64-linux-gnu.so
[9.263s] -- Installing: /home/uwr/Desktop/2024_UWR/install/sonar_msgs/local/lib/python3.10/dist-packages/sonar_msgs/_sonar_msgs_s.ep.rosidl_typesupport_introspection_c.c
[9.263s] -- Installing: /home/uwr/Desktop/2024_UWR/install/sonar_msgs/local/lib/python3.10/dist-packages/sonar_msgs/sonar_msgs_s__rosidl_typesupport_introspection_c.cpython-310-x86_64-linux-gnu.so
[9.264s] -- Installing: /home/uwr/Desktop/2024_UWR/install/sonar_msgs/local/lib/python3.10/dist-packages/sonar_msgs/_sonar_msgs_s.ep.rosidl_typesupport_c.c
[9.264s] -- Installing: /home/uwr/Desktop/2024_UWR/install/sonar_msgs/local/lib/python3.10/dist-packages/sonar_msgs/msg
[9.264s] -- Installing: /home/uwr/Desktop/2024_UWR/install/sonar_msgs/local/lib/python3.10/dist-packages/sonar_msgs/msg/_conf_scal.py
[9.264s] -- Installing: /home/uwr/Desktop/2024_UWR/install/sonar_msgs/local/lib/python3.10/dist-packages/sonar_msgs/msg/_three_sonar_depth_s.c
[9.264s] -- Installing: /home/uwr/Desktop/2024_UWR/install/sonar_msgs/local/lib/python3.10/dist-packages/sonar_msgs/msg/_three_sonar_depth.py
[9.264s] -- Installing: /home/uwr/Desktop/2024_UWR/install/sonar_msgs/local/lib/python3.10/dist-packages/sonar_msgs/msg/_conf_scal_s.c
[9.265s] -- Installing: /home/uwr/Desktop/2024_UWR/install/sonar_msgs/local/lib/python3.10/dist-packages/sonar_msgs/msg/__init__.py
[9.265s] -- Installing: /home/uwr/Desktop/2024_UWR/install/sonar_msgs/local/lib/python3.10/dist-packages/sonar_msgs/__init__.py
[9.265s] -- Installing: /home/uwr/Desktop/2024_UWR/install/sonar_msgs/local/lib/python3.10/dist-packages/sonar_msgs/sonar_msgs_s__rosidl_typesupport_c.cpython-310-x86_64-linux-gnu.so
[9.265s] -- Installing: /home/uwr/Desktop/2024_UWR/install/sonar_msgs/local/lib/python3.10/dist-packages/sonar_msgs/_sonar_msgs_s.ep.rosidl_typesupport_fastrtps_c.c
[9.350s] Listing '/home/uwr/Desktop/2024_UWR/install/sonar_msgs/local/lib/python3.10/dist-packages/sonar_msgs'...
[9.350s] Compiling '/home/uwr/Desktop/2024_UWR/install/sonar_msgs/local/lib/python3.10/dist-packages/sonar_msgs/__init__.py'...
[9.350s] Listing '/home/uwr/Desktop/2024_UWR/install/sonar_msgs/local/lib/python3.10/dist-packages/sonar_msgs/msg'...
[9.351s] Compiling '/home/uwr/Desktop/2024_UWR/install/sonar_msgs/local/lib/python3.10/dist-packages/sonar_msgs/msg/__init__.py'...
[9.351s] Compiling '/home/uwr/Desktop/2024_UWR/install/sonar_msgs/local/lib/python3.10/dist-packages/sonar_msgs/msg/_conf_scal.py'...
[9.351s] Compiling '/home/uwr/Desktop/2024_UWR/install/sonar_msgs/local/lib/python3.10/dist-packages/sonar_msgs/msg/_three_sonar_depth.py'...
[9.363s] -- Installing: /home/uwr/Desktop/2024_UWR/install/sonar_msgs/local/lib/python3.10/dist-packages/sonar_msgs/sonar_msgs_s__rosidl_typesupport_fastrtps_c.cpython-310-x86_64-linux-gnu.so
[9.364s] -- Set runtime path of "/home/uwr/Desktop/2024_UWR/install/sonar_msgs/local/lib/python3.10/dist-packages/sonar_msgs/sonar_msgs_s__rosidl_typesupport_fastrtps_c.cpython-310-x86_64-linux-gnu.so" to ""
[9.365s] -- Installing: /home/uwr/Desktop/2024_UWR/install/sonar_msgs/local/lib/python3.10/dist-packages/sonar_msgs/sonar_msgs_s__rosidl_typesupport_introspection_c.cpython-310-x86_64-linux-gnu.so
[9.366s] -- Set runtime path of "/home/uwr/Desktop/2024_UWR/install/sonar_msgs/local/lib/python3.10/dist-packages/sonar_msgs/sonar_msgs_s__rosidl_typesupport_introspection_c.cpython-310-x86_64-linux-gnu.so" to ""
[9.367s] -- Installing: /home/uwr/Desktop/2024_UWR/install/sonar_msgs/local/lib/python3.10/dist-packages/sonar_msgs/sonar_msgs_s__rosidl_typesupport_c.cpython-310-x86_64-linux-gnu.so
[9.368s] -- Set runtime path of "/home/uwr/Desktop/2024_UWR/install/sonar_msgs/local/lib/python3.10/dist-packages/sonar_msgs/sonar_msgs_s__rosidl_typesupport_c.cpython-310-x86_64-linux-gnu.so" to ""
[9.369s] -- Installing: /home/uwr/Desktop/2024_UWR/install/sonar_msgs/lib/libsonar_msgs__rosidl_generator_py.so
[9.369s] -- Set runtime path of "/home/uwr/Desktop/2024_UWR/install/sonar_msgs/lib/libsonar_msgs__rosidl_generator_py.so" to ""
[9.370s] -- Installing: /home/uwr/Desktop/2024_UWR/install/sonar_msgs/share/sonar_msgs/msg/ThreeSonarDepth.idl
[9.371s] -- Installing: /home/uwr/Desktop/2024_UWR/install/sonar_msgs/share/sonar_msgs/msg/ConfScal.idl
[9.372s] -- Installing: /home/uwr/Desktop/2024_UWR/install/sonar_msgs/share/sonar_msgs/msg/ThreeSonarDepth.msg
[9.372s] -- Installing: /home/uwr/Desktop/2024_UWR/install/sonar_msgs/share/sonar_msgs/msg/ConfScal.msg
[9.373s] -- Installing: /home/uwr/Desktop/2024_UWR/install/sonar_msgs/share/ament_index/resource_index/package_run_dependencies/sonar_msgs
[9.373s] -- Installing: /home/uwr/Desktop/2024_UWR/install/sonar_msgs/share/ament_index/resource_index/parent_prefix_path/sonar_msgs
[9.374s] -- Installing: /home/uwr/Desktop/2024_UWR/install/sonar_msgs/share/sonar_msgs/environment/ament_prefix_path.sh
[9.375s] -- Installing: /home/uwr/Desktop/2024_UWR/install/sonar_msgs/share/sonar_msgs/environment/ament_prefix_path.dsv
[9.375s] -- Installing: /home/uwr/Desktop/2024_UWR/install/sonar_msgs/share/sonar_msgs/environment/path.sh
[9.376s] -- Installing: /home/uwr/Desktop/2024_UWR/install/sonar_msgs/share/sonar_msgs/environment/path.dsv
[9.377s] -- Installing: /home/uwr/Desktop/2024_UWR/install/sonar_msgs/share/sonar_msgs/local_setup.bash
[9.377s] -- Installing: /home/uwr/Desktop/2024_UWR/install/sonar_msgs/share/sonar_msgs/local_setup.sh
[9.378s] -- Installing: /home/uwr/Desktop/2024_UWR/install/sonar_msgs/share/sonar_msgs/local_setup.zsh
[9.378s] -- Installing: /home/uwr/Desktop/2024_UWR/install/sonar_msgs/share/sonar_msgs/local_setup.dsv
[9.387s] -- Installing: /home/uwr/Desktop/2024_UWR/install/sonar_msgs/share/sonar_msgs/package.dsv
[9.388s] -- Installing: /home/uwr/Desktop/2024_UWR/install/sonar_msgs/share/ament_index/resource_index/packages/sonar_msgs
[9.389s] -- Installing: /home/uwr/Desktop/2024_UWR/install/sonar_msgs/share/sonar_msgs/cmake/export_sonar_msgs__rosidl_generator_cExport.cmake
[9.389s] -- Installing: /home/uwr/Desktop/2024_UWR/install/sonar_msgs/share/sonar_msgs/cmake/export_sonar_msgs__rosidl_generator_cExport-noconfig.cmake
[9.390s] -- Installing: /home/uwr/Desktop/2024_UWR/install/sonar_msgs/share/sonar_msgs/cmake/export_sonar_msgs__rosidl_typesupport_fastrtps_cExport.cmake
[9.391s] -- Installing: /home/uwr/Desktop/2024_UWR/install/sonar_msgs/share/sonar_msgs/cmake/export_sonar_msgs__rosidl_typesupport_fastrtps_cExport-noconfig.cmake
[9.391s] -- Installing: /home/uwr/Desktop/2024_UWR/install/sonar_msgs/share/sonar_msgs/cmake/export_sonar_msgs__rosidl_generator_cppExport.cmake
[9.392s] -- Installing: /home/uwr/Desktop/2024_UWR/install/sonar_msgs/share/sonar_msgs/cmake/export_sonar_msgs__rosidl_typesupport_fastrtps_cppExport.cmake
[9.393s] -- Installing: /home/uwr/Desktop/2024_UWR/install/sonar_msgs/share/sonar_msgs/cmake/export_sonar_msgs__rosidl_typesupport_fastrtps_cppExport-noconfig.cmake
[9.393s] -- Installing: /home/uwr/Desktop/2024_UWR/install/sonar_msgs/share/sonar_msgs/cmake/sonar_msgs__rosidl_typesupport_introspection_cExport.cmake
[9.394s] -- Installing: /home/uwr/Desktop/2024_UWR/install/sonar_msgs/share/sonar_msgs/cmake/sonar_msgs__rosidl_typesupport_introspection_cExport-noconfig.cmake
[9.395s] -- Installing: /home/uwr/Desktop/2024_UWR/install/sonar_msgs/share/sonar_msgs/cmake/sonar_msgs__rosidl_typesupport_cExport.cmake
[9.395s] -- Installing: /home/uwr/Desktop/2024_UWR/install/sonar_msgs/share/sonar_msgs/cmake/sonar_msgs__rosidl_typesupport_cExport-noconfig.cmake
[9.396s] -- Installing: /home/uwr/Desktop/2024_UWR/install/sonar_msgs/share/sonar_msgs/cmake/sonar_msgs__rosidl_typesupport_introspection_cppExport.cmake
[9.396s] -- Installing: /home/uwr/Desktop/2024_UWR/install/sonar_msgs/share/sonar_msgs/cmake/sonar_msgs__rosidl_typesupport_introspection_cppExport-noconfig.cmake
[9.397s] -- Installing: /home/uwr/Desktop/2024_UWR/install/sonar_msgs/share/sonar_msgs/cmake/sonar_msgs__rosidl_typesupport_cppExport.cmake
[9.398s] -- Installing: /home/uwr/Desktop/2024_UWR/install/sonar_msgs/share/sonar_msgs/cmake/sonar_msgs__rosidl_typesupport_cppExport-noconfig.cmake
[9.398s] -- Installing: /home/uwr/Desktop/2024_UWR/install/sonar_msgs/share/sonar_msgs/cmake/export_sonar_msgs__rosidl_generator_pyExport.cmake
[9.399s] -- Installing: /home/uwr/Desktop/2024_UWR/install/sonar_msgs/share/sonar_msgs/cmake/export_sonar_msgs__rosidl_generator_pyExport-noconfig.cmake
[9.400s] -- Installing: /home/uwr/Desktop/2024_UWR/install/sonar_msgs/share/sonar_msgs/cmake/rosidl_cmake-extras.cmake
[9.401s] -- Installing: /home/uwr/Desktop/2024_UWR/install/sonar_msgs/share/sonar_msgs/cmake/ament_cmake_export_dependencies-extras.cmake
[9.401s] -- Installing: /home/uwr/Desktop/2024_UWR/install/sonar_msgs/share/sonar_msgs/cmake/ament_cmake_export_include_directories-extras.cmake
[9.402s] -- Installing: /home/uwr/Desktop/2024_UWR/install/sonar_msgs/share/sonar_msgs/cmake/ament_cmake_export_libraries-extras.cmake
[9.402s] -- Installing: /home/uwr/Desktop/2024_UWR/install/sonar_msgs/share/sonar_msgs/cmake/ament_cmake_export_targets-extras.cmake
[9.404s] -- Installing: /home/uwr/Desktop/2024_UWR/install/sonar_msgs/share/sonar_msgs/cmake/rosidl_cmake_export_typesupport_targets-extras.cmake
[9.404s] -- Installing: /home/uwr/Desktop/2024_UWR/install/sonar_msgs/share/sonar_msgs/cmake/rosidl_cmake_export_typesupport_libraries-extras.cmake
[9.405s] -- Installing: /home/uwr/Desktop/2024_UWR/install/sonar_msgs/share/sonar_msgs/cmake/sonar_msgsConfig.cmake
[9.405s] -- Installing: /home/uwr/Desktop/2024_UWR/install/sonar_msgs/share/sonar_msgs/cmake/sonar_msgsConfig-version.cmake
[9.406s] -- Installing: /home/uwr/Desktop/2024_UWR/install/sonar_msgs/share/sonar_msgs/package.xml
[9.412s] Invoked command in '/home/uwr/Desktop/2024_UWR/build/sonar_msgs' returned '0': CMAKE_PREFIX_PATH=/opt/ros/humble /usr/bin/cmake --install /home/uwr/Desktop/2024_UWR/build/sonar_msgs
