[0.105s] DEBUG:colcon:Command line arguments: ['/usr/bin/colcon', 'build']
[0.105s] DEBUG:colcon:Parsed command line arguments: Namespace(log_base=None, log_level=None, verb_name='build', build_base='build', install_base='install', merge_install=False, symlink_install=False, test_result_base=None, continue_on_error=False, executor='parallel', parallel_workers=24, event_handlers=None, ignore_user_meta=False, metas=['./colcon.meta'], base_paths=['.'], packages_ignore=None, packages_ignore_regex=None, paths=None, packages_up_to=None, packages_up_to_regex=None, packages_above=None, packages_above_and_dependencies=None, packages_above_depth=None, packages_select_by_dep=None, packages_skip_by_dep=None, packages_skip_up_to=None, packages_select_build_failed=False, packages_skip_build_finished=False, packages_select_test_failures=False, packages_skip_test_passed=False, packages_select=None, packages_skip=None, packages_select_regex=None, packages_skip_regex=None, packages_start=None, packages_end=None, allow_overriding=[], cmake_args=None, cmake_target=None, cmake_target_skip_unavailable=False, cmake_clean_cache=False, cmake_clean_first=False, cmake_force_configure=False, ament_cmake_args=None, catkin_cmake_args=None, catkin_skip_building_tests=False, mixin_files=None, mixin=None, verb_parser=<colcon_mixin.mixin.mixin_argument.MixinArgumentDecorator object at 0x7fe11561d480>, verb_extension=<colcon_core.verb.build.BuildVerb object at 0x7fe11561ffa0>, main=<bound method BuildVerb.main of <colcon_core.verb.build.BuildVerb object at 0x7fe11561ffa0>>, mixin_verb=('build',))
[0.273s] Level 1:colcon.colcon_core.package_discovery:discover_packages(colcon_meta) check parameters
[0.273s] Level 1:colcon.colcon_core.package_discovery:discover_packages(recursive) check parameters
[0.273s] Level 1:colcon.colcon_core.package_discovery:discover_packages(ignore) check parameters
[0.273s] Level 1:colcon.colcon_core.package_discovery:discover_packages(path) check parameters
[0.273s] Level 1:colcon.colcon_core.package_discovery:discover_packages(colcon_meta) discover
[0.273s] Level 1:colcon.colcon_core.package_discovery:discover_packages(recursive) discover
[0.273s] INFO:colcon.colcon_core.package_discovery:Crawling recursively for packages in '/home/saab/Desktop/2024_UWR'
[0.273s] Level 1:colcon.colcon_core.package_identification:_identify(.) by extensions ['ignore', 'ignore_ament_install']
[0.273s] Level 1:colcon.colcon_core.package_identification:_identify(.) by extension 'ignore'
[0.273s] Level 1:colcon.colcon_core.package_identification:_identify(.) by extension 'ignore_ament_install'
[0.273s] Level 1:colcon.colcon_core.package_identification:_identify(.) by extensions ['colcon_pkg']
[0.273s] Level 1:colcon.colcon_core.package_identification:_identify(.) by extension 'colcon_pkg'
[0.273s] Level 1:colcon.colcon_core.package_identification:_identify(.) by extensions ['colcon_meta']
[0.273s] Level 1:colcon.colcon_core.package_identification:_identify(.) by extension 'colcon_meta'
[0.273s] Level 1:colcon.colcon_core.package_identification:_identify(.) by extensions ['ros']
[0.273s] Level 1:colcon.colcon_core.package_identification:_identify(.) by extension 'ros'
[0.287s] Level 1:colcon.colcon_core.package_identification:_identify(.) by extensions ['cmake', 'python']
[0.287s] Level 1:colcon.colcon_core.package_identification:_identify(.) by extension 'cmake'
[0.287s] Level 1:colcon.colcon_core.package_identification:_identify(.) by extension 'python'
[0.287s] Level 1:colcon.colcon_core.package_identification:_identify(.) by extensions ['python_setup_py']
[0.287s] Level 1:colcon.colcon_core.package_identification:_identify(.) by extension 'python_setup_py'
[0.287s] Level 1:colcon.colcon_core.package_identification:_identify(Analysis) by extensions ['ignore', 'ignore_ament_install']
[0.287s] Level 1:colcon.colcon_core.package_identification:_identify(Analysis) by extension 'ignore'
[0.287s] Level 1:colcon.colcon_core.package_identification:_identify(Analysis) by extension 'ignore_ament_install'
[0.287s] Level 1:colcon.colcon_core.package_identification:_identify(Analysis) by extensions ['colcon_pkg']
[0.288s] Level 1:colcon.colcon_core.package_identification:_identify(Analysis) by extension 'colcon_pkg'
[0.288s] Level 1:colcon.colcon_core.package_identification:_identify(Analysis) by extensions ['colcon_meta']
[0.288s] Level 1:colcon.colcon_core.package_identification:_identify(Analysis) by extension 'colcon_meta'
[0.288s] Level 1:colcon.colcon_core.package_identification:_identify(Analysis) by extensions ['ros']
[0.288s] Level 1:colcon.colcon_core.package_identification:_identify(Analysis) by extension 'ros'
[0.288s] Level 1:colcon.colcon_core.package_identification:_identify(Analysis) by extensions ['cmake', 'python']
[0.288s] Level 1:colcon.colcon_core.package_identification:_identify(Analysis) by extension 'cmake'
[0.288s] Level 1:colcon.colcon_core.package_identification:_identify(Analysis) by extension 'python'
[0.288s] Level 1:colcon.colcon_core.package_identification:_identify(Analysis) by extensions ['python_setup_py']
[0.288s] Level 1:colcon.colcon_core.package_identification:_identify(Analysis) by extension 'python_setup_py'
[0.288s] Level 1:colcon.colcon_core.package_identification:_identify(Analysis/Last) by extensions ['ignore', 'ignore_ament_install']
[0.288s] Level 1:colcon.colcon_core.package_identification:_identify(Analysis/Last) by extension 'ignore'
[0.288s] Level 1:colcon.colcon_core.package_identification:_identify(Analysis/Last) by extension 'ignore_ament_install'
[0.288s] Level 1:colcon.colcon_core.package_identification:_identify(Analysis/Last) by extensions ['colcon_pkg']
[0.288s] Level 1:colcon.colcon_core.package_identification:_identify(Analysis/Last) by extension 'colcon_pkg'
[0.288s] Level 1:colcon.colcon_core.package_identification:_identify(Analysis/Last) by extensions ['colcon_meta']
[0.288s] Level 1:colcon.colcon_core.package_identification:_identify(Analysis/Last) by extension 'colcon_meta'
[0.288s] Level 1:colcon.colcon_core.package_identification:_identify(Analysis/Last) by extensions ['ros']
[0.288s] Level 1:colcon.colcon_core.package_identification:_identify(Analysis/Last) by extension 'ros'
[0.288s] Level 1:colcon.colcon_core.package_identification:_identify(Analysis/Last) by extensions ['cmake', 'python']
[0.288s] Level 1:colcon.colcon_core.package_identification:_identify(Analysis/Last) by extension 'cmake'
[0.288s] Level 1:colcon.colcon_core.package_identification:_identify(Analysis/Last) by extension 'python'
[0.288s] Level 1:colcon.colcon_core.package_identification:_identify(Analysis/Last) by extensions ['python_setup_py']
[0.288s] Level 1:colcon.colcon_core.package_identification:_identify(Analysis/Last) by extension 'python_setup_py'
[0.288s] Level 1:colcon.colcon_core.package_identification:_identify(build) by extensions ['ignore', 'ignore_ament_install']
[0.288s] Level 1:colcon.colcon_core.package_identification:_identify(build) by extension 'ignore'
[0.288s] Level 1:colcon.colcon_core.package_identification:_identify(build) ignored
[0.288s] Level 1:colcon.colcon_core.package_identification:_identify(install) by extensions ['ignore', 'ignore_ament_install']
[0.289s] Level 1:colcon.colcon_core.package_identification:_identify(install) by extension 'ignore'
[0.289s] Level 1:colcon.colcon_core.package_identification:_identify(install) ignored
[0.289s] Level 1:colcon.colcon_core.package_identification:_identify(log) by extensions ['ignore', 'ignore_ament_install']
[0.289s] Level 1:colcon.colcon_core.package_identification:_identify(log) by extension 'ignore'
[0.289s] Level 1:colcon.colcon_core.package_identification:_identify(log) ignored
[0.289s] Level 1:colcon.colcon_core.package_identification:_identify(src) by extensions ['ignore', 'ignore_ament_install']
[0.289s] Level 1:colcon.colcon_core.package_identification:_identify(src) by extension 'ignore'
[0.289s] Level 1:colcon.colcon_core.package_identification:_identify(src) by extension 'ignore_ament_install'
[0.289s] Level 1:colcon.colcon_core.package_identification:_identify(src) by extensions ['colcon_pkg']
[0.289s] Level 1:colcon.colcon_core.package_identification:_identify(src) by extension 'colcon_pkg'
[0.289s] Level 1:colcon.colcon_core.package_identification:_identify(src) by extensions ['colcon_meta']
[0.289s] Level 1:colcon.colcon_core.package_identification:_identify(src) by extension 'colcon_meta'
[0.289s] Level 1:colcon.colcon_core.package_identification:_identify(src) by extensions ['ros']
[0.289s] Level 1:colcon.colcon_core.package_identification:_identify(src) by extension 'ros'
[0.289s] Level 1:colcon.colcon_core.package_identification:_identify(src) by extensions ['cmake', 'python']
[0.289s] Level 1:colcon.colcon_core.package_identification:_identify(src) by extension 'cmake'
[0.289s] Level 1:colcon.colcon_core.package_identification:_identify(src) by extension 'python'
[0.289s] Level 1:colcon.colcon_core.package_identification:_identify(src) by extensions ['python_setup_py']
[0.289s] Level 1:colcon.colcon_core.package_identification:_identify(src) by extension 'python_setup_py'
[0.289s] Level 1:colcon.colcon_core.package_identification:_identify(src/adnav-driver) by extensions ['ignore', 'ignore_ament_install']
[0.289s] Level 1:colcon.colcon_core.package_identification:_identify(src/adnav-driver) by extension 'ignore'
[0.289s] Level 1:colcon.colcon_core.package_identification:_identify(src/adnav-driver) by extension 'ignore_ament_install'
[0.289s] Level 1:colcon.colcon_core.package_identification:_identify(src/adnav-driver) by extensions ['colcon_pkg']
[0.289s] Level 1:colcon.colcon_core.package_identification:_identify(src/adnav-driver) by extension 'colcon_pkg'
[0.289s] Level 1:colcon.colcon_core.package_identification:_identify(src/adnav-driver) by extensions ['colcon_meta']
[0.289s] Level 1:colcon.colcon_core.package_identification:_identify(src/adnav-driver) by extension 'colcon_meta'
[0.289s] Level 1:colcon.colcon_core.package_identification:_identify(src/adnav-driver) by extensions ['ros']
[0.289s] Level 1:colcon.colcon_core.package_identification:_identify(src/adnav-driver) by extension 'ros'
[0.291s] DEBUG:colcon.colcon_core.package_identification:Package 'src/adnav-driver' with type 'ros.ament_cmake' and name 'adnav-driver'
[0.291s] Level 1:colcon.colcon_core.package_identification:_identify(src/kalman_filter) by extensions ['ignore', 'ignore_ament_install']
[0.292s] Level 1:colcon.colcon_core.package_identification:_identify(src/kalman_filter) by extension 'ignore'
[0.292s] Level 1:colcon.colcon_core.package_identification:_identify(src/kalman_filter) by extension 'ignore_ament_install'
[0.292s] Level 1:colcon.colcon_core.package_identification:_identify(src/kalman_filter) by extensions ['colcon_pkg']
[0.292s] Level 1:colcon.colcon_core.package_identification:_identify(src/kalman_filter) by extension 'colcon_pkg'
[0.292s] Level 1:colcon.colcon_core.package_identification:_identify(src/kalman_filter) by extensions ['colcon_meta']
[0.292s] Level 1:colcon.colcon_core.package_identification:_identify(src/kalman_filter) by extension 'colcon_meta'
[0.292s] Level 1:colcon.colcon_core.package_identification:_identify(src/kalman_filter) by extensions ['ros']
[0.292s] Level 1:colcon.colcon_core.package_identification:_identify(src/kalman_filter) by extension 'ros'
[0.292s] DEBUG:colcon.colcon_core.package_identification:Package 'src/kalman_filter' with type 'ros.ament_cmake' and name 'kalman_filter'
[0.292s] Level 1:colcon.colcon_core.package_identification:_identify(src/ntrip) by extensions ['ignore', 'ignore_ament_install']
[0.292s] Level 1:colcon.colcon_core.package_identification:_identify(src/ntrip) by extension 'ignore'
[0.292s] Level 1:colcon.colcon_core.package_identification:_identify(src/ntrip) by extension 'ignore_ament_install'
[0.292s] Level 1:colcon.colcon_core.package_identification:_identify(src/ntrip) by extensions ['colcon_pkg']
[0.292s] Level 1:colcon.colcon_core.package_identification:_identify(src/ntrip) by extension 'colcon_pkg'
[0.292s] Level 1:colcon.colcon_core.package_identification:_identify(src/ntrip) by extensions ['colcon_meta']
[0.292s] Level 1:colcon.colcon_core.package_identification:_identify(src/ntrip) by extension 'colcon_meta'
[0.292s] Level 1:colcon.colcon_core.package_identification:_identify(src/ntrip) by extensions ['ros']
[0.293s] Level 1:colcon.colcon_core.package_identification:_identify(src/ntrip) by extension 'ros'
[0.293s] DEBUG:colcon.colcon_core.package_identification:Package 'src/ntrip' with type 'ros.ament_cmake' and name 'ntrip'
[0.293s] Level 1:colcon.colcon_core.package_identification:_identify(src/ros2-driver) by extensions ['ignore', 'ignore_ament_install']
[0.293s] Level 1:colcon.colcon_core.package_identification:_identify(src/ros2-driver) by extension 'ignore'
[0.293s] Level 1:colcon.colcon_core.package_identification:_identify(src/ros2-driver) by extension 'ignore_ament_install'
[0.293s] Level 1:colcon.colcon_core.package_identification:_identify(src/ros2-driver) by extensions ['colcon_pkg']
[0.293s] Level 1:colcon.colcon_core.package_identification:_identify(src/ros2-driver) by extension 'colcon_pkg'
[0.293s] Level 1:colcon.colcon_core.package_identification:_identify(src/ros2-driver) by extensions ['colcon_meta']
[0.293s] Level 1:colcon.colcon_core.package_identification:_identify(src/ros2-driver) by extension 'colcon_meta'
[0.293s] Level 1:colcon.colcon_core.package_identification:_identify(src/ros2-driver) by extensions ['ros']
[0.293s] Level 1:colcon.colcon_core.package_identification:_identify(src/ros2-driver) by extension 'ros'
[0.293s] Level 1:colcon.colcon_core.package_identification:_identify(src/ros2-driver) by extensions ['cmake', 'python']
[0.293s] Level 1:colcon.colcon_core.package_identification:_identify(src/ros2-driver) by extension 'cmake'
[0.293s] Level 1:colcon.colcon_core.package_identification:_identify(src/ros2-driver) by extension 'python'
[0.293s] Level 1:colcon.colcon_core.package_identification:_identify(src/ros2-driver) by extensions ['python_setup_py']
[0.293s] Level 1:colcon.colcon_core.package_identification:_identify(src/ros2-driver) by extension 'python_setup_py'
[0.294s] Level 1:colcon.colcon_core.package_identification:_identify(src/sonar_msgs) by extensions ['ignore', 'ignore_ament_install']
[0.294s] Level 1:colcon.colcon_core.package_identification:_identify(src/sonar_msgs) by extension 'ignore'
[0.294s] Level 1:colcon.colcon_core.package_identification:_identify(src/sonar_msgs) by extension 'ignore_ament_install'
[0.294s] Level 1:colcon.colcon_core.package_identification:_identify(src/sonar_msgs) by extensions ['colcon_pkg']
[0.294s] Level 1:colcon.colcon_core.package_identification:_identify(src/sonar_msgs) by extension 'colcon_pkg'
[0.294s] Level 1:colcon.colcon_core.package_identification:_identify(src/sonar_msgs) by extensions ['colcon_meta']
[0.294s] Level 1:colcon.colcon_core.package_identification:_identify(src/sonar_msgs) by extension 'colcon_meta'
[0.294s] Level 1:colcon.colcon_core.package_identification:_identify(src/sonar_msgs) by extensions ['ros']
[0.294s] Level 1:colcon.colcon_core.package_identification:_identify(src/sonar_msgs) by extension 'ros'
[0.294s] DEBUG:colcon.colcon_core.package_identification:Package 'src/sonar_msgs' with type 'ros.ament_cmake' and name 'sonar_msgs'
[0.294s] Level 1:colcon.colcon_core.package_identification:_identify(src/sonar_subs) by extensions ['ignore', 'ignore_ament_install']
[0.294s] Level 1:colcon.colcon_core.package_identification:_identify(src/sonar_subs) by extension 'ignore'
[0.294s] Level 1:colcon.colcon_core.package_identification:_identify(src/sonar_subs) by extension 'ignore_ament_install'
[0.294s] Level 1:colcon.colcon_core.package_identification:_identify(src/sonar_subs) by extensions ['colcon_pkg']
[0.294s] Level 1:colcon.colcon_core.package_identification:_identify(src/sonar_subs) by extension 'colcon_pkg'
[0.294s] Level 1:colcon.colcon_core.package_identification:_identify(src/sonar_subs) by extensions ['colcon_meta']
[0.294s] Level 1:colcon.colcon_core.package_identification:_identify(src/sonar_subs) by extension 'colcon_meta'
[0.294s] Level 1:colcon.colcon_core.package_identification:_identify(src/sonar_subs) by extensions ['ros']
[0.294s] Level 1:colcon.colcon_core.package_identification:_identify(src/sonar_subs) by extension 'ros'
[0.295s] DEBUG:colcon.colcon_core.package_identification:Package 'src/sonar_subs' with type 'ros.ament_python' and name 'sonar_subs'
[0.295s] Level 1:colcon.colcon_core.package_identification:_identify(src/xsens_mti_ros2_driver) by extensions ['ignore', 'ignore_ament_install']
[0.295s] Level 1:colcon.colcon_core.package_identification:_identify(src/xsens_mti_ros2_driver) by extension 'ignore'
[0.295s] Level 1:colcon.colcon_core.package_identification:_identify(src/xsens_mti_ros2_driver) by extension 'ignore_ament_install'
[0.295s] Level 1:colcon.colcon_core.package_identification:_identify(src/xsens_mti_ros2_driver) by extensions ['colcon_pkg']
[0.295s] Level 1:colcon.colcon_core.package_identification:_identify(src/xsens_mti_ros2_driver) by extension 'colcon_pkg'
[0.295s] Level 1:colcon.colcon_core.package_identification:_identify(src/xsens_mti_ros2_driver) by extensions ['colcon_meta']
[0.295s] Level 1:colcon.colcon_core.package_identification:_identify(src/xsens_mti_ros2_driver) by extension 'colcon_meta'
[0.295s] Level 1:colcon.colcon_core.package_identification:_identify(src/xsens_mti_ros2_driver) by extensions ['ros']
[0.295s] Level 1:colcon.colcon_core.package_identification:_identify(src/xsens_mti_ros2_driver) by extension 'ros'
[0.296s] DEBUG:colcon.colcon_core.package_identification:Package 'src/xsens_mti_ros2_driver' with type 'ros.ament_cmake' and name 'xsens_mti_ros2_driver'
[0.296s] Level 1:colcon.colcon_core.package_discovery:discover_packages(recursive) using defaults
[0.296s] Level 1:colcon.colcon_core.package_discovery:discover_packages(ignore) discover
[0.296s] Level 1:colcon.colcon_core.package_discovery:discover_packages(ignore) using defaults
[0.296s] Level 1:colcon.colcon_core.package_discovery:discover_packages(path) discover
[0.296s] Level 1:colcon.colcon_core.package_discovery:discover_packages(path) using defaults
[0.309s] Level 1:colcon.colcon_core.package_discovery:discover_packages(prefix_path) check parameters
[0.309s] Level 1:colcon.colcon_core.package_discovery:discover_packages(prefix_path) discover
[0.311s] DEBUG:colcon.colcon_installed_package_information.package_discovery:Found 6 installed packages in /home/saab/Desktop/2024_UWR/install
[0.312s] DEBUG:colcon.colcon_installed_package_information.package_discovery:Found 273 installed packages in /opt/ros/humble
[0.313s] Level 1:colcon.colcon_core.package_discovery:discover_packages(prefix_path) using defaults
[0.336s] Level 5:colcon.colcon_core.verb:set package 'adnav-driver' build argument 'cmake_args' from command line to 'None'
[0.336s] Level 5:colcon.colcon_core.verb:set package 'adnav-driver' build argument 'cmake_target' from command line to 'None'
[0.336s] Level 5:colcon.colcon_core.verb:set package 'adnav-driver' build argument 'cmake_target_skip_unavailable' from command line to 'False'
[0.336s] Level 5:colcon.colcon_core.verb:set package 'adnav-driver' build argument 'cmake_clean_cache' from command line to 'False'
[0.336s] Level 5:colcon.colcon_core.verb:set package 'adnav-driver' build argument 'cmake_clean_first' from command line to 'False'
[0.336s] Level 5:colcon.colcon_core.verb:set package 'adnav-driver' build argument 'cmake_force_configure' from command line to 'False'
[0.336s] Level 5:colcon.colcon_core.verb:set package 'adnav-driver' build argument 'ament_cmake_args' from command line to 'None'
[0.336s] Level 5:colcon.colcon_core.verb:set package 'adnav-driver' build argument 'catkin_cmake_args' from command line to 'None'
[0.336s] Level 5:colcon.colcon_core.verb:set package 'adnav-driver' build argument 'catkin_skip_building_tests' from command line to 'False'
[0.336s] DEBUG:colcon.colcon_core.verb:Building package 'adnav-driver' with the following arguments: {'ament_cmake_args': None, 'build_base': '/home/saab/Desktop/2024_UWR/build/adnav-driver', 'catkin_cmake_args': None, 'catkin_skip_building_tests': False, 'cmake_args': None, 'cmake_clean_cache': False, 'cmake_clean_first': False, 'cmake_force_configure': False, 'cmake_target': None, 'cmake_target_skip_unavailable': False, 'install_base': '/home/saab/Desktop/2024_UWR/install/adnav-driver', 'merge_install': False, 'path': '/home/saab/Desktop/2024_UWR/src/adnav-driver', 'symlink_install': False, 'test_result_base': None}
[0.336s] Level 5:colcon.colcon_core.verb:set package 'ntrip' build argument 'cmake_args' from command line to 'None'
[0.336s] Level 5:colcon.colcon_core.verb:set package 'ntrip' build argument 'cmake_target' from command line to 'None'
[0.337s] Level 5:colcon.colcon_core.verb:set package 'ntrip' build argument 'cmake_target_skip_unavailable' from command line to 'False'
[0.337s] Level 5:colcon.colcon_core.verb:set package 'ntrip' build argument 'cmake_clean_cache' from command line to 'False'
[0.337s] Level 5:colcon.colcon_core.verb:set package 'ntrip' build argument 'cmake_clean_first' from command line to 'False'
[0.337s] Level 5:colcon.colcon_core.verb:set package 'ntrip' build argument 'cmake_force_configure' from command line to 'False'
[0.337s] Level 5:colcon.colcon_core.verb:set package 'ntrip' build argument 'ament_cmake_args' from command line to 'None'
[0.337s] Level 5:colcon.colcon_core.verb:set package 'ntrip' build argument 'catkin_cmake_args' from command line to 'None'
[0.337s] Level 5:colcon.colcon_core.verb:set package 'ntrip' build argument 'catkin_skip_building_tests' from command line to 'False'
[0.337s] DEBUG:colcon.colcon_core.verb:Building package 'ntrip' with the following arguments: {'ament_cmake_args': None, 'build_base': '/home/saab/Desktop/2024_UWR/build/ntrip', 'catkin_cmake_args': None, 'catkin_skip_building_tests': False, 'cmake_args': None, 'cmake_clean_cache': False, 'cmake_clean_first': False, 'cmake_force_configure': False, 'cmake_target': None, 'cmake_target_skip_unavailable': False, 'install_base': '/home/saab/Desktop/2024_UWR/install/ntrip', 'merge_install': False, 'path': '/home/saab/Desktop/2024_UWR/src/ntrip', 'symlink_install': False, 'test_result_base': None}
[0.337s] Level 5:colcon.colcon_core.verb:set package 'sonar_msgs' build argument 'cmake_args' from command line to 'None'
[0.337s] Level 5:colcon.colcon_core.verb:set package 'sonar_msgs' build argument 'cmake_target' from command line to 'None'
[0.337s] Level 5:colcon.colcon_core.verb:set package 'sonar_msgs' build argument 'cmake_target_skip_unavailable' from command line to 'False'
[0.337s] Level 5:colcon.colcon_core.verb:set package 'sonar_msgs' build argument 'cmake_clean_cache' from command line to 'False'
[0.337s] Level 5:colcon.colcon_core.verb:set package 'sonar_msgs' build argument 'cmake_clean_first' from command line to 'False'
[0.337s] Level 5:colcon.colcon_core.verb:set package 'sonar_msgs' build argument 'cmake_force_configure' from command line to 'False'
[0.337s] Level 5:colcon.colcon_core.verb:set package 'sonar_msgs' build argument 'ament_cmake_args' from command line to 'None'
[0.337s] Level 5:colcon.colcon_core.verb:set package 'sonar_msgs' build argument 'catkin_cmake_args' from command line to 'None'
[0.337s] Level 5:colcon.colcon_core.verb:set package 'sonar_msgs' build argument 'catkin_skip_building_tests' from command line to 'False'
[0.337s] DEBUG:colcon.colcon_core.verb:Building package 'sonar_msgs' with the following arguments: {'ament_cmake_args': None, 'build_base': '/home/saab/Desktop/2024_UWR/build/sonar_msgs', 'catkin_cmake_args': None, 'catkin_skip_building_tests': False, 'cmake_args': None, 'cmake_clean_cache': False, 'cmake_clean_first': False, 'cmake_force_configure': False, 'cmake_target': None, 'cmake_target_skip_unavailable': False, 'install_base': '/home/saab/Desktop/2024_UWR/install/sonar_msgs', 'merge_install': False, 'path': '/home/saab/Desktop/2024_UWR/src/sonar_msgs', 'symlink_install': False, 'test_result_base': None}
[0.337s] Level 5:colcon.colcon_core.verb:set package 'xsens_mti_ros2_driver' build argument 'cmake_args' from command line to 'None'
[0.337s] Level 5:colcon.colcon_core.verb:set package 'xsens_mti_ros2_driver' build argument 'cmake_target' from command line to 'None'
[0.337s] Level 5:colcon.colcon_core.verb:set package 'xsens_mti_ros2_driver' build argument 'cmake_target_skip_unavailable' from command line to 'False'
[0.337s] Level 5:colcon.colcon_core.verb:set package 'xsens_mti_ros2_driver' build argument 'cmake_clean_cache' from command line to 'False'
[0.337s] Level 5:colcon.colcon_core.verb:set package 'xsens_mti_ros2_driver' build argument 'cmake_clean_first' from command line to 'False'
[0.337s] Level 5:colcon.colcon_core.verb:set package 'xsens_mti_ros2_driver' build argument 'cmake_force_configure' from command line to 'False'
[0.338s] Level 5:colcon.colcon_core.verb:set package 'xsens_mti_ros2_driver' build argument 'ament_cmake_args' from command line to 'None'
[0.338s] Level 5:colcon.colcon_core.verb:set package 'xsens_mti_ros2_driver' build argument 'catkin_cmake_args' from command line to 'None'
[0.338s] Level 5:colcon.colcon_core.verb:set package 'xsens_mti_ros2_driver' build argument 'catkin_skip_building_tests' from command line to 'False'
[0.338s] DEBUG:colcon.colcon_core.verb:Building package 'xsens_mti_ros2_driver' with the following arguments: {'ament_cmake_args': None, 'build_base': '/home/saab/Desktop/2024_UWR/build/xsens_mti_ros2_driver', 'catkin_cmake_args': None, 'catkin_skip_building_tests': False, 'cmake_args': None, 'cmake_clean_cache': False, 'cmake_clean_first': False, 'cmake_force_configure': False, 'cmake_target': None, 'cmake_target_skip_unavailable': False, 'install_base': '/home/saab/Desktop/2024_UWR/install/xsens_mti_ros2_driver', 'merge_install': False, 'path': '/home/saab/Desktop/2024_UWR/src/xsens_mti_ros2_driver', 'symlink_install': False, 'test_result_base': None}
[0.338s] Level 5:colcon.colcon_core.verb:set package 'kalman_filter' build argument 'cmake_args' from command line to 'None'
[0.338s] Level 5:colcon.colcon_core.verb:set package 'kalman_filter' build argument 'cmake_target' from command line to 'None'
[0.338s] Level 5:colcon.colcon_core.verb:set package 'kalman_filter' build argument 'cmake_target_skip_unavailable' from command line to 'False'
[0.338s] Level 5:colcon.colcon_core.verb:set package 'kalman_filter' build argument 'cmake_clean_cache' from command line to 'False'
[0.338s] Level 5:colcon.colcon_core.verb:set package 'kalman_filter' build argument 'cmake_clean_first' from command line to 'False'
[0.338s] Level 5:colcon.colcon_core.verb:set package 'kalman_filter' build argument 'cmake_force_configure' from command line to 'False'
[0.338s] Level 5:colcon.colcon_core.verb:set package 'kalman_filter' build argument 'ament_cmake_args' from command line to 'None'
[0.338s] Level 5:colcon.colcon_core.verb:set package 'kalman_filter' build argument 'catkin_cmake_args' from command line to 'None'
[0.338s] Level 5:colcon.colcon_core.verb:set package 'kalman_filter' build argument 'catkin_skip_building_tests' from command line to 'False'
[0.338s] DEBUG:colcon.colcon_core.verb:Building package 'kalman_filter' with the following arguments: {'ament_cmake_args': None, 'build_base': '/home/saab/Desktop/2024_UWR/build/kalman_filter', 'catkin_cmake_args': None, 'catkin_skip_building_tests': False, 'cmake_args': None, 'cmake_clean_cache': False, 'cmake_clean_first': False, 'cmake_force_configure': False, 'cmake_target': None, 'cmake_target_skip_unavailable': False, 'install_base': '/home/saab/Desktop/2024_UWR/install/kalman_filter', 'merge_install': False, 'path': '/home/saab/Desktop/2024_UWR/src/kalman_filter', 'symlink_install': False, 'test_result_base': None}
[0.339s] Level 5:colcon.colcon_core.verb:set package 'sonar_subs' build argument 'cmake_args' from command line to 'None'
[0.339s] Level 5:colcon.colcon_core.verb:set package 'sonar_subs' build argument 'cmake_target' from command line to 'None'
[0.339s] Level 5:colcon.colcon_core.verb:set package 'sonar_subs' build argument 'cmake_target_skip_unavailable' from command line to 'False'
[0.339s] Level 5:colcon.colcon_core.verb:set package 'sonar_subs' build argument 'cmake_clean_cache' from command line to 'False'
[0.339s] Level 5:colcon.colcon_core.verb:set package 'sonar_subs' build argument 'cmake_clean_first' from command line to 'False'
[0.339s] Level 5:colcon.colcon_core.verb:set package 'sonar_subs' build argument 'cmake_force_configure' from command line to 'False'
[0.339s] Level 5:colcon.colcon_core.verb:set package 'sonar_subs' build argument 'ament_cmake_args' from command line to 'None'
[0.339s] Level 5:colcon.colcon_core.verb:set package 'sonar_subs' build argument 'catkin_cmake_args' from command line to 'None'
[0.339s] Level 5:colcon.colcon_core.verb:set package 'sonar_subs' build argument 'catkin_skip_building_tests' from command line to 'False'
[0.339s] DEBUG:colcon.colcon_core.verb:Building package 'sonar_subs' with the following arguments: {'ament_cmake_args': None, 'build_base': '/home/saab/Desktop/2024_UWR/build/sonar_subs', 'catkin_cmake_args': None, 'catkin_skip_building_tests': False, 'cmake_args': None, 'cmake_clean_cache': False, 'cmake_clean_first': False, 'cmake_force_configure': False, 'cmake_target': None, 'cmake_target_skip_unavailable': False, 'install_base': '/home/saab/Desktop/2024_UWR/install/sonar_subs', 'merge_install': False, 'path': '/home/saab/Desktop/2024_UWR/src/sonar_subs', 'symlink_install': False, 'test_result_base': None}
[0.339s] INFO:colcon.colcon_core.executor:Executing jobs using 'parallel' executor
[0.340s] DEBUG:colcon.colcon_parallel_executor.executor.parallel:run_until_complete
[0.340s] INFO:colcon.colcon_ros.task.ament_cmake.build:Building ROS package in '/home/saab/Desktop/2024_UWR/src/sonar_msgs' with build type 'ament_cmake'
[0.340s] INFO:colcon.colcon_cmake.task.cmake.build:Building CMake package in '/home/saab/Desktop/2024_UWR/src/sonar_msgs'
[0.345s] INFO:colcon.colcon_core.plugin_system:Skipping extension 'colcon_core.shell.bat': Not used on non-Windows systems
[0.345s] INFO:colcon.colcon_core.shell:Skip shell extension 'powershell' for command environment: Not usable outside of PowerShell
[0.345s] DEBUG:colcon.colcon_core.shell:Skip shell extension 'dsv' for command environment
[0.348s] INFO:colcon.colcon_ros.task.ament_cmake.build:Building ROS package in '/home/saab/Desktop/2024_UWR/src/adnav-driver' with build type 'ament_cmake'
[0.348s] INFO:colcon.colcon_cmake.task.cmake.build:Building CMake package in '/home/saab/Desktop/2024_UWR/src/adnav-driver'
[0.348s] INFO:colcon.colcon_core.shell:Skip shell extension 'powershell' for command environment: Not usable outside of PowerShell
[0.348s] DEBUG:colcon.colcon_core.shell:Skip shell extension 'dsv' for command environment
[0.351s] INFO:colcon.colcon_ros.task.ament_cmake.build:Building ROS package in '/home/saab/Desktop/2024_UWR/src/ntrip' with build type 'ament_cmake'
[0.352s] INFO:colcon.colcon_cmake.task.cmake.build:Building CMake package in '/home/saab/Desktop/2024_UWR/src/ntrip'
[0.352s] INFO:colcon.colcon_core.shell:Skip shell extension 'powershell' for command environment: Not usable outside of PowerShell
[0.352s] DEBUG:colcon.colcon_core.shell:Skip shell extension 'dsv' for command environment
[0.355s] INFO:colcon.colcon_ros.task.ament_cmake.build:Building ROS package in '/home/saab/Desktop/2024_UWR/src/xsens_mti_ros2_driver' with build type 'ament_cmake'
[0.355s] INFO:colcon.colcon_cmake.task.cmake.build:Building CMake package in '/home/saab/Desktop/2024_UWR/src/xsens_mti_ros2_driver'
[0.355s] INFO:colcon.colcon_core.shell:Skip shell extension 'powershell' for command environment: Not usable outside of PowerShell
[0.356s] DEBUG:colcon.colcon_core.shell:Skip shell extension 'dsv' for command environment
[0.363s] DEBUG:colcon.colcon_core.event_handler.log_command:Invoking command in '/home/saab/Desktop/2024_UWR/build/sonar_msgs': CMAKE_PREFIX_PATH=${CMAKE_PREFIX_PATH}:/home/saab/Desktop/2024_UWR/install/sonar_subs:/opt/ros/humble /usr/bin/cmake --build /home/saab/Desktop/2024_UWR/build/sonar_msgs -- -j24 -l24
[0.365s] DEBUG:colcon.colcon_core.event_handler.log_command:Invoking command in '/home/saab/Desktop/2024_UWR/build/adnav-driver': CMAKE_PREFIX_PATH=${CMAKE_PREFIX_PATH}:/home/saab/Desktop/2024_UWR/install/sonar_subs:/opt/ros/humble /usr/bin/cmake --build /home/saab/Desktop/2024_UWR/build/adnav-driver -- -j24 -l24
[0.368s] DEBUG:colcon.colcon_core.event_handler.log_command:Invoking command in '/home/saab/Desktop/2024_UWR/build/ntrip': CMAKE_PREFIX_PATH=${CMAKE_PREFIX_PATH}:/home/saab/Desktop/2024_UWR/install/sonar_subs:/opt/ros/humble /usr/bin/cmake --build /home/saab/Desktop/2024_UWR/build/ntrip -- -j24 -l24
[0.370s] DEBUG:colcon.colcon_core.event_handler.log_command:Invoking command in '/home/saab/Desktop/2024_UWR/build/xsens_mti_ros2_driver': CMAKE_PREFIX_PATH=${CMAKE_PREFIX_PATH}:/home/saab/Desktop/2024_UWR/install/sonar_subs:/opt/ros/humble /usr/bin/cmake --build /home/saab/Desktop/2024_UWR/build/xsens_mti_ros2_driver -- -j24 -l24
[0.417s] DEBUG:colcon.colcon_core.event_handler.log_command:Invoked command in '/home/saab/Desktop/2024_UWR/build/ntrip' returned '0': CMAKE_PREFIX_PATH=${CMAKE_PREFIX_PATH}:/home/saab/Desktop/2024_UWR/install/sonar_subs:/opt/ros/humble /usr/bin/cmake --build /home/saab/Desktop/2024_UWR/build/ntrip -- -j24 -l24
[0.424s] DEBUG:colcon.colcon_core.event_handler.log_command:Invoked command in '/home/saab/Desktop/2024_UWR/build/adnav-driver' returned '0': CMAKE_PREFIX_PATH=${CMAKE_PREFIX_PATH}:/home/saab/Desktop/2024_UWR/install/sonar_subs:/opt/ros/humble /usr/bin/cmake --build /home/saab/Desktop/2024_UWR/build/adnav-driver -- -j24 -l24
[0.446s] DEBUG:colcon.colcon_core.event_handler.log_command:Invoking command in '/home/saab/Desktop/2024_UWR/build/ntrip': CMAKE_PREFIX_PATH=${CMAKE_PREFIX_PATH}:/home/saab/Desktop/2024_UWR/install/sonar_subs:/opt/ros/humble /usr/bin/cmake --install /home/saab/Desktop/2024_UWR/build/ntrip
[0.452s] DEBUG:colcon.colcon_core.event_handler.log_command:Invoking command in '/home/saab/Desktop/2024_UWR/build/adnav-driver': CMAKE_PREFIX_PATH=${CMAKE_PREFIX_PATH}:/home/saab/Desktop/2024_UWR/install/sonar_subs:/opt/ros/humble /usr/bin/cmake --install /home/saab/Desktop/2024_UWR/build/adnav-driver
[0.453s] Level 1:colcon.colcon_core.environment:create_environment_scripts_only(ntrip)
[0.457s] DEBUG:colcon.colcon_core.event_handler.log_command:Invoked command in '/home/saab/Desktop/2024_UWR/build/ntrip' returned '0': CMAKE_PREFIX_PATH=${CMAKE_PREFIX_PATH}:/home/saab/Desktop/2024_UWR/install/sonar_subs:/opt/ros/humble /usr/bin/cmake --install /home/saab/Desktop/2024_UWR/build/ntrip
[0.460s] Level 1:colcon.colcon_core.environment:checking '/home/saab/Desktop/2024_UWR/install/ntrip' for CMake module files
[0.461s] Level 1:colcon.colcon_core.environment:checking '/home/saab/Desktop/2024_UWR/install/ntrip' for CMake config files
[0.462s] Level 1:colcon.colcon_core.shell:create_environment_hook('ntrip', 'cmake_prefix_path')
[0.463s] INFO:colcon.colcon_core.shell:Creating environment hook '/home/saab/Desktop/2024_UWR/install/ntrip/share/ntrip/hook/cmake_prefix_path.ps1'
[0.463s] INFO:colcon.colcon_core.shell:Creating environment descriptor '/home/saab/Desktop/2024_UWR/install/ntrip/share/ntrip/hook/cmake_prefix_path.dsv'
[0.464s] INFO:colcon.colcon_core.shell:Creating environment hook '/home/saab/Desktop/2024_UWR/install/ntrip/share/ntrip/hook/cmake_prefix_path.sh'
[0.464s] Level 1:colcon.colcon_core.environment:checking '/home/saab/Desktop/2024_UWR/install/ntrip/lib'
[0.465s] Level 1:colcon.colcon_core.environment:checking '/home/saab/Desktop/2024_UWR/install/ntrip/bin'
[0.465s] Level 1:colcon.colcon_core.environment:checking '/home/saab/Desktop/2024_UWR/install/ntrip/lib/pkgconfig/ntrip.pc'
[0.465s] Level 1:colcon.colcon_core.environment:checking '/home/saab/Desktop/2024_UWR/install/ntrip/lib/python3.10/site-packages'
[0.465s] Level 1:colcon.colcon_core.environment:checking '/home/saab/Desktop/2024_UWR/install/ntrip/bin'
[0.465s] INFO:colcon.colcon_core.shell:Creating package script '/home/saab/Desktop/2024_UWR/install/ntrip/share/ntrip/package.ps1'
[0.466s] INFO:colcon.colcon_core.shell:Creating package descriptor '/home/saab/Desktop/2024_UWR/install/ntrip/share/ntrip/package.dsv'
[0.466s] INFO:colcon.colcon_core.shell:Creating package script '/home/saab/Desktop/2024_UWR/install/ntrip/share/ntrip/package.sh'
[0.467s] INFO:colcon.colcon_core.shell:Creating package script '/home/saab/Desktop/2024_UWR/install/ntrip/share/ntrip/package.bash'
[0.468s] INFO:colcon.colcon_core.shell:Creating package script '/home/saab/Desktop/2024_UWR/install/ntrip/share/ntrip/package.zsh'
[0.468s] Level 1:colcon.colcon_core.environment:create_file_with_runtime_dependencies(/home/saab/Desktop/2024_UWR/install/ntrip/share/colcon-core/packages/ntrip)
[0.469s] Level 1:colcon.colcon_core.environment:create_environment_scripts_only(adnav-driver)
[0.470s] Level 1:colcon.colcon_core.environment:checking '/home/saab/Desktop/2024_UWR/install/adnav-driver' for CMake module files
[0.470s] DEBUG:colcon.colcon_core.event_handler.log_command:Invoked command in '/home/saab/Desktop/2024_UWR/build/adnav-driver' returned '0': CMAKE_PREFIX_PATH=${CMAKE_PREFIX_PATH}:/home/saab/Desktop/2024_UWR/install/sonar_subs:/opt/ros/humble /usr/bin/cmake --install /home/saab/Desktop/2024_UWR/build/adnav-driver
[0.470s] Level 1:colcon.colcon_core.environment:checking '/home/saab/Desktop/2024_UWR/install/adnav-driver' for CMake config files
[0.471s] Level 1:colcon.colcon_core.shell:create_environment_hook('adnav-driver', 'cmake_prefix_path')
[0.471s] INFO:colcon.colcon_core.shell:Creating environment hook '/home/saab/Desktop/2024_UWR/install/adnav-driver/share/adnav-driver/hook/cmake_prefix_path.ps1'
[0.471s] INFO:colcon.colcon_core.shell:Creating environment descriptor '/home/saab/Desktop/2024_UWR/install/adnav-driver/share/adnav-driver/hook/cmake_prefix_path.dsv'
[0.472s] INFO:colcon.colcon_core.shell:Creating environment hook '/home/saab/Desktop/2024_UWR/install/adnav-driver/share/adnav-driver/hook/cmake_prefix_path.sh'
[0.472s] Level 1:colcon.colcon_core.environment:checking '/home/saab/Desktop/2024_UWR/install/adnav-driver/lib'
[0.472s] Level 1:colcon.colcon_core.environment:checking '/home/saab/Desktop/2024_UWR/install/adnav-driver/bin'
[0.472s] Level 1:colcon.colcon_core.environment:checking '/home/saab/Desktop/2024_UWR/install/adnav-driver/lib/pkgconfig/adnav-driver.pc'
[0.472s] Level 1:colcon.colcon_core.environment:checking '/home/saab/Desktop/2024_UWR/install/adnav-driver/lib/python3.10/site-packages'
[0.473s] Level 1:colcon.colcon_core.environment:checking '/home/saab/Desktop/2024_UWR/install/adnav-driver/bin'
[0.473s] INFO:colcon.colcon_core.shell:Creating package script '/home/saab/Desktop/2024_UWR/install/adnav-driver/share/adnav-driver/package.ps1'
[0.473s] INFO:colcon.colcon_core.shell:Creating package descriptor '/home/saab/Desktop/2024_UWR/install/adnav-driver/share/adnav-driver/package.dsv'
[0.474s] INFO:colcon.colcon_core.shell:Creating package script '/home/saab/Desktop/2024_UWR/install/adnav-driver/share/adnav-driver/package.sh'
[0.474s] INFO:colcon.colcon_core.shell:Creating package script '/home/saab/Desktop/2024_UWR/install/adnav-driver/share/adnav-driver/package.bash'
[0.474s] INFO:colcon.colcon_core.shell:Creating package script '/home/saab/Desktop/2024_UWR/install/adnav-driver/share/adnav-driver/package.zsh'
[0.475s] Level 1:colcon.colcon_core.environment:create_file_with_runtime_dependencies(/home/saab/Desktop/2024_UWR/install/adnav-driver/share/colcon-core/packages/adnav-driver)
[0.491s] Level 1:colcon.colcon_core.environment:create_environment_scripts_only(ntrip)
[0.491s] Level 1:colcon.colcon_core.environment:checking '/home/saab/Desktop/2024_UWR/install/ntrip' for CMake module files
[0.491s] Level 1:colcon.colcon_core.environment:checking '/home/saab/Desktop/2024_UWR/install/ntrip' for CMake config files
[0.491s] Level 1:colcon.colcon_core.shell:create_environment_hook('ntrip', 'cmake_prefix_path')
[0.492s] INFO:colcon.colcon_core.shell:Creating environment hook '/home/saab/Desktop/2024_UWR/install/ntrip/share/ntrip/hook/cmake_prefix_path.ps1'
[0.492s] INFO:colcon.colcon_core.shell:Creating environment descriptor '/home/saab/Desktop/2024_UWR/install/ntrip/share/ntrip/hook/cmake_prefix_path.dsv'
[0.492s] INFO:colcon.colcon_core.shell:Creating environment hook '/home/saab/Desktop/2024_UWR/install/ntrip/share/ntrip/hook/cmake_prefix_path.sh'
[0.493s] Level 1:colcon.colcon_core.environment:checking '/home/saab/Desktop/2024_UWR/install/ntrip/lib'
[0.493s] Level 1:colcon.colcon_core.environment:checking '/home/saab/Desktop/2024_UWR/install/ntrip/bin'
[0.493s] Level 1:colcon.colcon_core.environment:checking '/home/saab/Desktop/2024_UWR/install/ntrip/lib/pkgconfig/ntrip.pc'
[0.493s] Level 1:colcon.colcon_core.environment:checking '/home/saab/Desktop/2024_UWR/install/ntrip/lib/python3.10/site-packages'
[0.493s] Level 1:colcon.colcon_core.environment:checking '/home/saab/Desktop/2024_UWR/install/ntrip/bin'
[0.493s] INFO:colcon.colcon_core.shell:Creating package script '/home/saab/Desktop/2024_UWR/install/ntrip/share/ntrip/package.ps1'
[0.493s] INFO:colcon.colcon_core.shell:Creating package descriptor '/home/saab/Desktop/2024_UWR/install/ntrip/share/ntrip/package.dsv'
[0.494s] INFO:colcon.colcon_core.shell:Creating package script '/home/saab/Desktop/2024_UWR/install/ntrip/share/ntrip/package.sh'
[0.494s] INFO:colcon.colcon_core.shell:Creating package script '/home/saab/Desktop/2024_UWR/install/ntrip/share/ntrip/package.bash'
[0.494s] INFO:colcon.colcon_core.shell:Creating package script '/home/saab/Desktop/2024_UWR/install/ntrip/share/ntrip/package.zsh'
[0.495s] Level 1:colcon.colcon_core.environment:create_file_with_runtime_dependencies(/home/saab/Desktop/2024_UWR/install/ntrip/share/colcon-core/packages/ntrip)
[0.502s] Level 1:colcon.colcon_core.environment:create_environment_scripts_only(adnav-driver)
[0.502s] Level 1:colcon.colcon_core.environment:checking '/home/saab/Desktop/2024_UWR/install/adnav-driver' for CMake module files
[0.502s] Level 1:colcon.colcon_core.environment:checking '/home/saab/Desktop/2024_UWR/install/adnav-driver' for CMake config files
[0.502s] Level 1:colcon.colcon_core.shell:create_environment_hook('adnav-driver', 'cmake_prefix_path')
[0.502s] INFO:colcon.colcon_core.shell:Creating environment hook '/home/saab/Desktop/2024_UWR/install/adnav-driver/share/adnav-driver/hook/cmake_prefix_path.ps1'
[0.503s] INFO:colcon.colcon_core.shell:Creating environment descriptor '/home/saab/Desktop/2024_UWR/install/adnav-driver/share/adnav-driver/hook/cmake_prefix_path.dsv'
[0.503s] INFO:colcon.colcon_core.shell:Creating environment hook '/home/saab/Desktop/2024_UWR/install/adnav-driver/share/adnav-driver/hook/cmake_prefix_path.sh'
[0.503s] Level 1:colcon.colcon_core.environment:checking '/home/saab/Desktop/2024_UWR/install/adnav-driver/lib'
[0.503s] Level 1:colcon.colcon_core.environment:checking '/home/saab/Desktop/2024_UWR/install/adnav-driver/bin'
[0.503s] Level 1:colcon.colcon_core.environment:checking '/home/saab/Desktop/2024_UWR/install/adnav-driver/lib/pkgconfig/adnav-driver.pc'
[0.504s] Level 1:colcon.colcon_core.environment:checking '/home/saab/Desktop/2024_UWR/install/adnav-driver/lib/python3.10/site-packages'
[0.504s] Level 1:colcon.colcon_core.environment:checking '/home/saab/Desktop/2024_UWR/install/adnav-driver/bin'
[0.504s] INFO:colcon.colcon_core.shell:Creating package script '/home/saab/Desktop/2024_UWR/install/adnav-driver/share/adnav-driver/package.ps1'
[0.504s] INFO:colcon.colcon_core.shell:Creating package descriptor '/home/saab/Desktop/2024_UWR/install/adnav-driver/share/adnav-driver/package.dsv'
[0.504s] INFO:colcon.colcon_core.shell:Creating package script '/home/saab/Desktop/2024_UWR/install/adnav-driver/share/adnav-driver/package.sh'
[0.505s] INFO:colcon.colcon_core.shell:Creating package script '/home/saab/Desktop/2024_UWR/install/adnav-driver/share/adnav-driver/package.bash'
[0.505s] INFO:colcon.colcon_core.shell:Creating package script '/home/saab/Desktop/2024_UWR/install/adnav-driver/share/adnav-driver/package.zsh'
[0.505s] Level 1:colcon.colcon_core.environment:create_file_with_runtime_dependencies(/home/saab/Desktop/2024_UWR/install/adnav-driver/share/colcon-core/packages/adnav-driver)
[0.686s] DEBUG:colcon.colcon_core.event_handler.log_command:Invoked command in '/home/saab/Desktop/2024_UWR/build/sonar_msgs' returned '0': CMAKE_PREFIX_PATH=${CMAKE_PREFIX_PATH}:/home/saab/Desktop/2024_UWR/install/sonar_subs:/opt/ros/humble /usr/bin/cmake --build /home/saab/Desktop/2024_UWR/build/sonar_msgs -- -j24 -l24
[0.746s] DEBUG:colcon.colcon_core.event_handler.log_command:Invoked command in '/home/saab/Desktop/2024_UWR/build/xsens_mti_ros2_driver' returned '0': CMAKE_PREFIX_PATH=${CMAKE_PREFIX_PATH}:/home/saab/Desktop/2024_UWR/install/sonar_subs:/opt/ros/humble /usr/bin/cmake --build /home/saab/Desktop/2024_UWR/build/xsens_mti_ros2_driver -- -j24 -l24
[0.763s] DEBUG:colcon.colcon_core.event_handler.log_command:Invoking command in '/home/saab/Desktop/2024_UWR/build/sonar_msgs': CMAKE_PREFIX_PATH=${CMAKE_PREFIX_PATH}:/home/saab/Desktop/2024_UWR/install/sonar_subs:/opt/ros/humble /usr/bin/cmake --install /home/saab/Desktop/2024_UWR/build/sonar_msgs
[0.813s] DEBUG:colcon.colcon_core.event_handler.log_command:Invoking command in '/home/saab/Desktop/2024_UWR/build/xsens_mti_ros2_driver': CMAKE_PREFIX_PATH=${CMAKE_PREFIX_PATH}:/home/saab/Desktop/2024_UWR/install/sonar_subs:/opt/ros/humble /usr/bin/cmake --install /home/saab/Desktop/2024_UWR/build/xsens_mti_ros2_driver
[0.816s] Level 1:colcon.colcon_core.environment:create_environment_scripts_only(sonar_msgs)
[0.816s] DEBUG:colcon.colcon_core.event_handler.log_command:Invoked command in '/home/saab/Desktop/2024_UWR/build/sonar_msgs' returned '0': CMAKE_PREFIX_PATH=${CMAKE_PREFIX_PATH}:/home/saab/Desktop/2024_UWR/install/sonar_subs:/opt/ros/humble /usr/bin/cmake --install /home/saab/Desktop/2024_UWR/build/sonar_msgs
[0.817s] Level 1:colcon.colcon_core.environment:checking '/home/saab/Desktop/2024_UWR/install/sonar_msgs' for CMake module files
[0.817s] Level 1:colcon.colcon_core.environment:checking '/home/saab/Desktop/2024_UWR/install/sonar_msgs' for CMake config files
[0.818s] Level 1:colcon.colcon_core.shell:create_environment_hook('sonar_msgs', 'cmake_prefix_path')
[0.819s] INFO:colcon.colcon_core.shell:Creating environment hook '/home/saab/Desktop/2024_UWR/install/sonar_msgs/share/sonar_msgs/hook/cmake_prefix_path.ps1'
[0.819s] INFO:colcon.colcon_core.shell:Creating environment descriptor '/home/saab/Desktop/2024_UWR/install/sonar_msgs/share/sonar_msgs/hook/cmake_prefix_path.dsv'
[0.820s] INFO:colcon.colcon_core.shell:Creating environment hook '/home/saab/Desktop/2024_UWR/install/sonar_msgs/share/sonar_msgs/hook/cmake_prefix_path.sh'
[0.820s] Level 1:colcon.colcon_core.environment:checking '/home/saab/Desktop/2024_UWR/install/sonar_msgs/lib'
[0.820s] Level 1:colcon.colcon_core.shell:create_environment_hook('sonar_msgs', 'ld_library_path_lib')
[0.820s] INFO:colcon.colcon_core.shell:Creating environment hook '/home/saab/Desktop/2024_UWR/install/sonar_msgs/share/sonar_msgs/hook/ld_library_path_lib.ps1'
[0.821s] INFO:colcon.colcon_core.shell:Creating environment descriptor '/home/saab/Desktop/2024_UWR/install/sonar_msgs/share/sonar_msgs/hook/ld_library_path_lib.dsv'
[0.822s] INFO:colcon.colcon_core.shell:Creating environment hook '/home/saab/Desktop/2024_UWR/install/sonar_msgs/share/sonar_msgs/hook/ld_library_path_lib.sh'
[0.823s] Level 1:colcon.colcon_core.environment:checking '/home/saab/Desktop/2024_UWR/install/sonar_msgs/bin'
[0.823s] Level 1:colcon.colcon_core.environment:checking '/home/saab/Desktop/2024_UWR/install/sonar_msgs/lib/pkgconfig/sonar_msgs.pc'
[0.823s] Level 1:colcon.colcon_core.environment:checking '/home/saab/Desktop/2024_UWR/install/sonar_msgs/lib/python3.10/site-packages'
[0.824s] Level 1:colcon.colcon_core.environment:checking '/home/saab/Desktop/2024_UWR/install/sonar_msgs/bin'
[0.824s] INFO:colcon.colcon_core.shell:Creating package script '/home/saab/Desktop/2024_UWR/install/sonar_msgs/share/sonar_msgs/package.ps1'
[0.826s] INFO:colcon.colcon_core.shell:Creating package descriptor '/home/saab/Desktop/2024_UWR/install/sonar_msgs/share/sonar_msgs/package.dsv'
[0.827s] INFO:colcon.colcon_core.shell:Creating package script '/home/saab/Desktop/2024_UWR/install/sonar_msgs/share/sonar_msgs/package.sh'
[0.828s] INFO:colcon.colcon_core.shell:Creating package script '/home/saab/Desktop/2024_UWR/install/sonar_msgs/share/sonar_msgs/package.bash'
[0.828s] INFO:colcon.colcon_core.shell:Creating package script '/home/saab/Desktop/2024_UWR/install/sonar_msgs/share/sonar_msgs/package.zsh'
[0.829s] Level 1:colcon.colcon_core.environment:create_file_with_runtime_dependencies(/home/saab/Desktop/2024_UWR/install/sonar_msgs/share/colcon-core/packages/sonar_msgs)
[0.877s] Level 1:colcon.colcon_core.environment:create_environment_scripts_only(xsens_mti_ros2_driver)
[0.877s] Level 1:colcon.colcon_core.environment:checking '/home/saab/Desktop/2024_UWR/install/xsens_mti_ros2_driver' for CMake module files
[0.878s] DEBUG:colcon.colcon_core.event_handler.log_command:Invoked command in '/home/saab/Desktop/2024_UWR/build/xsens_mti_ros2_driver' returned '0': CMAKE_PREFIX_PATH=${CMAKE_PREFIX_PATH}:/home/saab/Desktop/2024_UWR/install/sonar_subs:/opt/ros/humble /usr/bin/cmake --install /home/saab/Desktop/2024_UWR/build/xsens_mti_ros2_driver
[0.878s] Level 1:colcon.colcon_core.environment:checking '/home/saab/Desktop/2024_UWR/install/xsens_mti_ros2_driver' for CMake config files
[0.879s] Level 1:colcon.colcon_core.shell:create_environment_hook('xsens_mti_ros2_driver', 'cmake_prefix_path')
[0.880s] INFO:colcon.colcon_core.shell:Creating environment hook '/home/saab/Desktop/2024_UWR/install/xsens_mti_ros2_driver/share/xsens_mti_ros2_driver/hook/cmake_prefix_path.ps1'
[0.880s] INFO:colcon.colcon_core.shell:Creating environment descriptor '/home/saab/Desktop/2024_UWR/install/xsens_mti_ros2_driver/share/xsens_mti_ros2_driver/hook/cmake_prefix_path.dsv'
[0.880s] INFO:colcon.colcon_core.shell:Creating environment hook '/home/saab/Desktop/2024_UWR/install/xsens_mti_ros2_driver/share/xsens_mti_ros2_driver/hook/cmake_prefix_path.sh'
[0.881s] Level 1:colcon.colcon_core.environment:checking '/home/saab/Desktop/2024_UWR/install/xsens_mti_ros2_driver/lib'
[0.881s] Level 1:colcon.colcon_core.shell:create_environment_hook('xsens_mti_ros2_driver', 'ld_library_path_lib')
[0.881s] INFO:colcon.colcon_core.shell:Creating environment hook '/home/saab/Desktop/2024_UWR/install/xsens_mti_ros2_driver/share/xsens_mti_ros2_driver/hook/ld_library_path_lib.ps1'
[0.882s] INFO:colcon.colcon_core.shell:Creating environment descriptor '/home/saab/Desktop/2024_UWR/install/xsens_mti_ros2_driver/share/xsens_mti_ros2_driver/hook/ld_library_path_lib.dsv'
[0.882s] INFO:colcon.colcon_core.shell:Creating environment hook '/home/saab/Desktop/2024_UWR/install/xsens_mti_ros2_driver/share/xsens_mti_ros2_driver/hook/ld_library_path_lib.sh'
[0.882s] Level 1:colcon.colcon_core.environment:checking '/home/saab/Desktop/2024_UWR/install/xsens_mti_ros2_driver/bin'
[0.882s] Level 1:colcon.colcon_core.environment:checking '/home/saab/Desktop/2024_UWR/install/xsens_mti_ros2_driver/lib/pkgconfig/xsens_mti_ros2_driver.pc'
[0.883s] Level 1:colcon.colcon_core.environment:checking '/home/saab/Desktop/2024_UWR/install/xsens_mti_ros2_driver/lib/python3.10/site-packages'
[0.883s] Level 1:colcon.colcon_core.environment:checking '/home/saab/Desktop/2024_UWR/install/xsens_mti_ros2_driver/bin'
[0.883s] INFO:colcon.colcon_core.shell:Creating package script '/home/saab/Desktop/2024_UWR/install/xsens_mti_ros2_driver/share/xsens_mti_ros2_driver/package.ps1'
[0.884s] INFO:colcon.colcon_core.shell:Creating package descriptor '/home/saab/Desktop/2024_UWR/install/xsens_mti_ros2_driver/share/xsens_mti_ros2_driver/package.dsv'
[0.884s] INFO:colcon.colcon_core.shell:Creating package script '/home/saab/Desktop/2024_UWR/install/xsens_mti_ros2_driver/share/xsens_mti_ros2_driver/package.sh'
[0.884s] INFO:colcon.colcon_core.shell:Creating package script '/home/saab/Desktop/2024_UWR/install/xsens_mti_ros2_driver/share/xsens_mti_ros2_driver/package.bash'
[0.885s] INFO:colcon.colcon_core.shell:Creating package script '/home/saab/Desktop/2024_UWR/install/xsens_mti_ros2_driver/share/xsens_mti_ros2_driver/package.zsh'
[0.885s] Level 1:colcon.colcon_core.environment:create_file_with_runtime_dependencies(/home/saab/Desktop/2024_UWR/install/xsens_mti_ros2_driver/share/colcon-core/packages/xsens_mti_ros2_driver)
[0.907s] Level 1:colcon.colcon_core.environment:create_environment_scripts_only(sonar_msgs)
[0.907s] Level 1:colcon.colcon_core.environment:checking '/home/saab/Desktop/2024_UWR/install/sonar_msgs' for CMake module files
[0.908s] Level 1:colcon.colcon_core.environment:checking '/home/saab/Desktop/2024_UWR/install/sonar_msgs' for CMake config files
[0.910s] Level 1:colcon.colcon_core.shell:create_environment_hook('sonar_msgs', 'cmake_prefix_path')
[0.910s] INFO:colcon.colcon_core.shell:Creating environment hook '/home/saab/Desktop/2024_UWR/install/sonar_msgs/share/sonar_msgs/hook/cmake_prefix_path.ps1'
[0.910s] INFO:colcon.colcon_core.shell:Creating environment descriptor '/home/saab/Desktop/2024_UWR/install/sonar_msgs/share/sonar_msgs/hook/cmake_prefix_path.dsv'
[0.911s] INFO:colcon.colcon_core.shell:Creating environment hook '/home/saab/Desktop/2024_UWR/install/sonar_msgs/share/sonar_msgs/hook/cmake_prefix_path.sh'
[0.912s] Level 1:colcon.colcon_core.environment:checking '/home/saab/Desktop/2024_UWR/install/sonar_msgs/lib'
[0.912s] Level 1:colcon.colcon_core.shell:create_environment_hook('sonar_msgs', 'ld_library_path_lib')
[0.912s] INFO:colcon.colcon_core.shell:Creating environment hook '/home/saab/Desktop/2024_UWR/install/sonar_msgs/share/sonar_msgs/hook/ld_library_path_lib.ps1'
[0.912s] INFO:colcon.colcon_core.shell:Creating environment descriptor '/home/saab/Desktop/2024_UWR/install/sonar_msgs/share/sonar_msgs/hook/ld_library_path_lib.dsv'
[0.913s] INFO:colcon.colcon_core.shell:Creating environment hook '/home/saab/Desktop/2024_UWR/install/sonar_msgs/share/sonar_msgs/hook/ld_library_path_lib.sh'
[0.913s] Level 1:colcon.colcon_core.environment:checking '/home/saab/Desktop/2024_UWR/install/sonar_msgs/bin'
[0.913s] Level 1:colcon.colcon_core.environment:checking '/home/saab/Desktop/2024_UWR/install/sonar_msgs/lib/pkgconfig/sonar_msgs.pc'
[0.914s] Level 1:colcon.colcon_core.environment:checking '/home/saab/Desktop/2024_UWR/install/sonar_msgs/lib/python3.10/site-packages'
[0.914s] Level 1:colcon.colcon_core.environment:checking '/home/saab/Desktop/2024_UWR/install/sonar_msgs/bin'
[0.914s] INFO:colcon.colcon_core.shell:Creating package script '/home/saab/Desktop/2024_UWR/install/sonar_msgs/share/sonar_msgs/package.ps1'
[0.915s] INFO:colcon.colcon_core.shell:Creating package descriptor '/home/saab/Desktop/2024_UWR/install/sonar_msgs/share/sonar_msgs/package.dsv'
[0.916s] INFO:colcon.colcon_core.shell:Creating package script '/home/saab/Desktop/2024_UWR/install/sonar_msgs/share/sonar_msgs/package.sh'
[0.916s] INFO:colcon.colcon_core.shell:Creating package script '/home/saab/Desktop/2024_UWR/install/sonar_msgs/share/sonar_msgs/package.bash'
[0.917s] INFO:colcon.colcon_core.shell:Creating package script '/home/saab/Desktop/2024_UWR/install/sonar_msgs/share/sonar_msgs/package.zsh'
[0.917s] Level 1:colcon.colcon_core.environment:create_file_with_runtime_dependencies(/home/saab/Desktop/2024_UWR/install/sonar_msgs/share/colcon-core/packages/sonar_msgs)
[0.917s] INFO:colcon.colcon_ros.task.ament_cmake.build:Building ROS package in '/home/saab/Desktop/2024_UWR/src/kalman_filter' with build type 'ament_cmake'
[0.918s] INFO:colcon.colcon_cmake.task.cmake.build:Building CMake package in '/home/saab/Desktop/2024_UWR/src/kalman_filter'
[0.918s] INFO:colcon.colcon_core.shell:Skip shell extension 'powershell' for command environment: Not usable outside of PowerShell
[0.918s] DEBUG:colcon.colcon_core.shell:Skip shell extension 'dsv' for command environment
[0.921s] INFO:colcon.colcon_ros.task.ament_python.build:Building ROS package in '/home/saab/Desktop/2024_UWR/src/sonar_subs' with build type 'ament_python'
[0.921s] Level 1:colcon.colcon_core.shell:create_environment_hook('sonar_subs', 'ament_prefix_path')
[0.922s] INFO:colcon.colcon_core.shell:Creating environment hook '/home/saab/Desktop/2024_UWR/install/sonar_subs/share/sonar_subs/hook/ament_prefix_path.ps1'
[0.922s] INFO:colcon.colcon_core.shell:Creating environment descriptor '/home/saab/Desktop/2024_UWR/install/sonar_subs/share/sonar_subs/hook/ament_prefix_path.dsv'
[0.922s] INFO:colcon.colcon_core.shell:Creating environment hook '/home/saab/Desktop/2024_UWR/install/sonar_subs/share/sonar_subs/hook/ament_prefix_path.sh'
[0.923s] INFO:colcon.colcon_core.shell:Skip shell extension 'powershell' for command environment: Not usable outside of PowerShell
[0.923s] DEBUG:colcon.colcon_core.shell:Skip shell extension 'dsv' for command environment
[0.932s] DEBUG:colcon.colcon_core.event_handler.log_command:Invoking command in '/home/saab/Desktop/2024_UWR/build/kalman_filter': CMAKE_PREFIX_PATH=/home/saab/Desktop/2024_UWR/install/sonar_msgs:/home/saab/Desktop/2024_UWR/install/xsens_mti_ros2_driver:/home/saab/Desktop/2024_UWR/install/kalman_filter:/home/saab/Desktop/2024_UWR/install/ntrip:/home/saab/Desktop/2024_UWR/install/adnav-driver:/home/saab/Desktop/2024_UWR/install/sonar_subs:/opt/ros/humble LD_LIBRARY_PATH=/home/saab/Desktop/2024_UWR/install/sonar_msgs/lib:/home/saab/Desktop/2024_UWR/install/xsens_mti_ros2_driver/lib:/opt/ros/humble/opt/rviz_ogre_vendor/lib:/opt/ros/humble/lib/x86_64-linux-gnu:/opt/ros/humble/lib /usr/bin/cmake --build /home/saab/Desktop/2024_UWR/build/kalman_filter -- -j24 -l24
[1.179s] INFO:colcon.colcon_core.task.python.build:Building Python package in '/home/saab/Desktop/2024_UWR/src/sonar_subs'
[1.179s] INFO:colcon.colcon_core.shell:Skip shell extension 'powershell' for command environment: Not usable outside of PowerShell
[1.179s] DEBUG:colcon.colcon_core.shell:Skip shell extension 'dsv' for command environment
[1.183s] Level 1:colcon.colcon_core.environment:create_environment_scripts_only(xsens_mti_ros2_driver)
[1.184s] Level 1:colcon.colcon_core.environment:checking '/home/saab/Desktop/2024_UWR/install/xsens_mti_ros2_driver' for CMake module files
[1.184s] Level 1:colcon.colcon_core.environment:checking '/home/saab/Desktop/2024_UWR/install/xsens_mti_ros2_driver' for CMake config files
[1.185s] Level 1:colcon.colcon_core.shell:create_environment_hook('xsens_mti_ros2_driver', 'cmake_prefix_path')
[1.185s] INFO:colcon.colcon_core.shell:Creating environment hook '/home/saab/Desktop/2024_UWR/install/xsens_mti_ros2_driver/share/xsens_mti_ros2_driver/hook/cmake_prefix_path.ps1'
[1.185s] INFO:colcon.colcon_core.shell:Creating environment descriptor '/home/saab/Desktop/2024_UWR/install/xsens_mti_ros2_driver/share/xsens_mti_ros2_driver/hook/cmake_prefix_path.dsv'
[1.186s] INFO:colcon.colcon_core.shell:Creating environment hook '/home/saab/Desktop/2024_UWR/install/xsens_mti_ros2_driver/share/xsens_mti_ros2_driver/hook/cmake_prefix_path.sh'
[1.186s] Level 1:colcon.colcon_core.environment:checking '/home/saab/Desktop/2024_UWR/install/xsens_mti_ros2_driver/lib'
[1.186s] Level 1:colcon.colcon_core.shell:create_environment_hook('xsens_mti_ros2_driver', 'ld_library_path_lib')
[1.186s] INFO:colcon.colcon_core.shell:Creating environment hook '/home/saab/Desktop/2024_UWR/install/xsens_mti_ros2_driver/share/xsens_mti_ros2_driver/hook/ld_library_path_lib.ps1'
[1.187s] INFO:colcon.colcon_core.shell:Creating environment descriptor '/home/saab/Desktop/2024_UWR/install/xsens_mti_ros2_driver/share/xsens_mti_ros2_driver/hook/ld_library_path_lib.dsv'
[1.187s] INFO:colcon.colcon_core.shell:Creating environment hook '/home/saab/Desktop/2024_UWR/install/xsens_mti_ros2_driver/share/xsens_mti_ros2_driver/hook/ld_library_path_lib.sh'
[1.188s] Level 1:colcon.colcon_core.environment:checking '/home/saab/Desktop/2024_UWR/install/xsens_mti_ros2_driver/bin'
[1.188s] Level 1:colcon.colcon_core.environment:checking '/home/saab/Desktop/2024_UWR/install/xsens_mti_ros2_driver/lib/pkgconfig/xsens_mti_ros2_driver.pc'
[1.188s] Level 1:colcon.colcon_core.environment:checking '/home/saab/Desktop/2024_UWR/install/xsens_mti_ros2_driver/lib/python3.10/site-packages'
[1.188s] Level 1:colcon.colcon_core.environment:checking '/home/saab/Desktop/2024_UWR/install/xsens_mti_ros2_driver/bin'
[1.188s] INFO:colcon.colcon_core.shell:Creating package script '/home/saab/Desktop/2024_UWR/install/xsens_mti_ros2_driver/share/xsens_mti_ros2_driver/package.ps1'
[1.189s] INFO:colcon.colcon_core.shell:Creating package descriptor '/home/saab/Desktop/2024_UWR/install/xsens_mti_ros2_driver/share/xsens_mti_ros2_driver/package.dsv'
[1.189s] INFO:colcon.colcon_core.shell:Creating package script '/home/saab/Desktop/2024_UWR/install/xsens_mti_ros2_driver/share/xsens_mti_ros2_driver/package.sh'
[1.190s] INFO:colcon.colcon_core.shell:Creating package script '/home/saab/Desktop/2024_UWR/install/xsens_mti_ros2_driver/share/xsens_mti_ros2_driver/package.bash'
[1.190s] INFO:colcon.colcon_core.shell:Creating package script '/home/saab/Desktop/2024_UWR/install/xsens_mti_ros2_driver/share/xsens_mti_ros2_driver/package.zsh'
[1.190s] Level 1:colcon.colcon_core.environment:create_file_with_runtime_dependencies(/home/saab/Desktop/2024_UWR/install/xsens_mti_ros2_driver/share/colcon-core/packages/xsens_mti_ros2_driver)
[1.192s] DEBUG:colcon.colcon_core.event_handler.log_command:Invoked command in '/home/saab/Desktop/2024_UWR/build/kalman_filter' returned '0': CMAKE_PREFIX_PATH=/home/saab/Desktop/2024_UWR/install/sonar_msgs:/home/saab/Desktop/2024_UWR/install/xsens_mti_ros2_driver:/home/saab/Desktop/2024_UWR/install/kalman_filter:/home/saab/Desktop/2024_UWR/install/ntrip:/home/saab/Desktop/2024_UWR/install/adnav-driver:/home/saab/Desktop/2024_UWR/install/sonar_subs:/opt/ros/humble LD_LIBRARY_PATH=/home/saab/Desktop/2024_UWR/install/sonar_msgs/lib:/home/saab/Desktop/2024_UWR/install/xsens_mti_ros2_driver/lib:/opt/ros/humble/opt/rviz_ogre_vendor/lib:/opt/ros/humble/lib/x86_64-linux-gnu:/opt/ros/humble/lib /usr/bin/cmake --build /home/saab/Desktop/2024_UWR/build/kalman_filter -- -j24 -l24
[1.227s] DEBUG:colcon.colcon_core.event_handler.log_command:Invoking command in '/home/saab/Desktop/2024_UWR/build/kalman_filter': CMAKE_PREFIX_PATH=/home/saab/Desktop/2024_UWR/install/sonar_msgs:/home/saab/Desktop/2024_UWR/install/xsens_mti_ros2_driver:/home/saab/Desktop/2024_UWR/install/kalman_filter:/home/saab/Desktop/2024_UWR/install/ntrip:/home/saab/Desktop/2024_UWR/install/adnav-driver:/home/saab/Desktop/2024_UWR/install/sonar_subs:/opt/ros/humble LD_LIBRARY_PATH=/home/saab/Desktop/2024_UWR/install/sonar_msgs/lib:/home/saab/Desktop/2024_UWR/install/xsens_mti_ros2_driver/lib:/opt/ros/humble/opt/rviz_ogre_vendor/lib:/opt/ros/humble/lib/x86_64-linux-gnu:/opt/ros/humble/lib /usr/bin/cmake --install /home/saab/Desktop/2024_UWR/build/kalman_filter
[1.236s] Level 1:colcon.colcon_core.environment:create_environment_scripts_only(kalman_filter)
[1.236s] Level 1:colcon.colcon_core.environment:checking '/home/saab/Desktop/2024_UWR/install/kalman_filter' for CMake module files
[1.236s] DEBUG:colcon.colcon_core.event_handler.log_command:Invoked command in '/home/saab/Desktop/2024_UWR/build/kalman_filter' returned '0': CMAKE_PREFIX_PATH=/home/saab/Desktop/2024_UWR/install/sonar_msgs:/home/saab/Desktop/2024_UWR/install/xsens_mti_ros2_driver:/home/saab/Desktop/2024_UWR/install/kalman_filter:/home/saab/Desktop/2024_UWR/install/ntrip:/home/saab/Desktop/2024_UWR/install/adnav-driver:/home/saab/Desktop/2024_UWR/install/sonar_subs:/opt/ros/humble LD_LIBRARY_PATH=/home/saab/Desktop/2024_UWR/install/sonar_msgs/lib:/home/saab/Desktop/2024_UWR/install/xsens_mti_ros2_driver/lib:/opt/ros/humble/opt/rviz_ogre_vendor/lib:/opt/ros/humble/lib/x86_64-linux-gnu:/opt/ros/humble/lib /usr/bin/cmake --install /home/saab/Desktop/2024_UWR/build/kalman_filter
[1.237s] Level 1:colcon.colcon_core.environment:checking '/home/saab/Desktop/2024_UWR/install/kalman_filter' for CMake config files
[1.237s] Level 1:colcon.colcon_core.shell:create_environment_hook('kalman_filter', 'cmake_prefix_path')
[1.237s] INFO:colcon.colcon_core.shell:Creating environment hook '/home/saab/Desktop/2024_UWR/install/kalman_filter/share/kalman_filter/hook/cmake_prefix_path.ps1'
[1.238s] INFO:colcon.colcon_core.shell:Creating environment descriptor '/home/saab/Desktop/2024_UWR/install/kalman_filter/share/kalman_filter/hook/cmake_prefix_path.dsv'
[1.238s] INFO:colcon.colcon_core.shell:Creating environment hook '/home/saab/Desktop/2024_UWR/install/kalman_filter/share/kalman_filter/hook/cmake_prefix_path.sh'
[1.239s] Level 1:colcon.colcon_core.environment:checking '/home/saab/Desktop/2024_UWR/install/kalman_filter/lib'
[1.239s] Level 1:colcon.colcon_core.environment:checking '/home/saab/Desktop/2024_UWR/install/kalman_filter/bin'
[1.239s] Level 1:colcon.colcon_core.environment:checking '/home/saab/Desktop/2024_UWR/install/kalman_filter/lib/pkgconfig/kalman_filter.pc'
[1.239s] Level 1:colcon.colcon_core.environment:checking '/home/saab/Desktop/2024_UWR/install/kalman_filter/lib/python3.10/site-packages'
[1.239s] Level 1:colcon.colcon_core.environment:checking '/home/saab/Desktop/2024_UWR/install/kalman_filter/bin'
[1.239s] INFO:colcon.colcon_core.shell:Creating package script '/home/saab/Desktop/2024_UWR/install/kalman_filter/share/kalman_filter/package.ps1'
[1.240s] INFO:colcon.colcon_core.shell:Creating package descriptor '/home/saab/Desktop/2024_UWR/install/kalman_filter/share/kalman_filter/package.dsv'
[1.240s] INFO:colcon.colcon_core.shell:Creating package script '/home/saab/Desktop/2024_UWR/install/kalman_filter/share/kalman_filter/package.sh'
[1.241s] INFO:colcon.colcon_core.shell:Creating package script '/home/saab/Desktop/2024_UWR/install/kalman_filter/share/kalman_filter/package.bash'
[1.241s] INFO:colcon.colcon_core.shell:Creating package script '/home/saab/Desktop/2024_UWR/install/kalman_filter/share/kalman_filter/package.zsh'
[1.241s] Level 1:colcon.colcon_core.environment:create_file_with_runtime_dependencies(/home/saab/Desktop/2024_UWR/install/kalman_filter/share/colcon-core/packages/kalman_filter)
[1.276s] Level 1:colcon.colcon_core.environment:create_environment_scripts_only(kalman_filter)
[1.276s] Level 1:colcon.colcon_core.environment:checking '/home/saab/Desktop/2024_UWR/install/kalman_filter' for CMake module files
[1.276s] Level 1:colcon.colcon_core.environment:checking '/home/saab/Desktop/2024_UWR/install/kalman_filter' for CMake config files
[1.277s] Level 1:colcon.colcon_core.shell:create_environment_hook('kalman_filter', 'cmake_prefix_path')
[1.277s] INFO:colcon.colcon_core.shell:Creating environment hook '/home/saab/Desktop/2024_UWR/install/kalman_filter/share/kalman_filter/hook/cmake_prefix_path.ps1'
[1.277s] INFO:colcon.colcon_core.shell:Creating environment descriptor '/home/saab/Desktop/2024_UWR/install/kalman_filter/share/kalman_filter/hook/cmake_prefix_path.dsv'
[1.278s] INFO:colcon.colcon_core.shell:Creating environment hook '/home/saab/Desktop/2024_UWR/install/kalman_filter/share/kalman_filter/hook/cmake_prefix_path.sh'
[1.278s] Level 1:colcon.colcon_core.environment:checking '/home/saab/Desktop/2024_UWR/install/kalman_filter/lib'
[1.278s] Level 1:colcon.colcon_core.environment:checking '/home/saab/Desktop/2024_UWR/install/kalman_filter/bin'
[1.278s] Level 1:colcon.colcon_core.environment:checking '/home/saab/Desktop/2024_UWR/install/kalman_filter/lib/pkgconfig/kalman_filter.pc'
[1.279s] Level 1:colcon.colcon_core.environment:checking '/home/saab/Desktop/2024_UWR/install/kalman_filter/lib/python3.10/site-packages'
[1.279s] Level 1:colcon.colcon_core.environment:checking '/home/saab/Desktop/2024_UWR/install/kalman_filter/bin'
[1.279s] INFO:colcon.colcon_core.shell:Creating package script '/home/saab/Desktop/2024_UWR/install/kalman_filter/share/kalman_filter/package.ps1'
[1.279s] INFO:colcon.colcon_core.shell:Creating package descriptor '/home/saab/Desktop/2024_UWR/install/kalman_filter/share/kalman_filter/package.dsv'
[1.280s] INFO:colcon.colcon_core.shell:Creating package script '/home/saab/Desktop/2024_UWR/install/kalman_filter/share/kalman_filter/package.sh'
[1.280s] INFO:colcon.colcon_core.shell:Creating package script '/home/saab/Desktop/2024_UWR/install/kalman_filter/share/kalman_filter/package.bash'
[1.281s] INFO:colcon.colcon_core.shell:Creating package script '/home/saab/Desktop/2024_UWR/install/kalman_filter/share/kalman_filter/package.zsh'
[1.281s] Level 1:colcon.colcon_core.environment:create_file_with_runtime_dependencies(/home/saab/Desktop/2024_UWR/install/kalman_filter/share/colcon-core/packages/kalman_filter)
[1.631s] DEBUG:colcon.colcon_core.event_handler.log_command:Invoking command in '/home/saab/Desktop/2024_UWR/src/sonar_subs': CMAKE_PREFIX_PATH=/home/saab/Desktop/2024_UWR/install/sonar_msgs:/home/saab/Desktop/2024_UWR/install/xsens_mti_ros2_driver:/home/saab/Desktop/2024_UWR/install/kalman_filter:/home/saab/Desktop/2024_UWR/install/ntrip:/home/saab/Desktop/2024_UWR/install/adnav-driver LD_LIBRARY_PATH=/home/saab/Desktop/2024_UWR/install/sonar_msgs/lib:/home/saab/Desktop/2024_UWR/install/xsens_mti_ros2_driver/lib:/opt/ros/humble/opt/rviz_ogre_vendor/lib:/opt/ros/humble/lib/x86_64-linux-gnu:/opt/ros/humble/lib PYTHONPATH=/home/saab/Desktop/2024_UWR/build/sonar_subs/prefix_override:/usr/lib/python3/dist-packages/colcon_core/task/python/colcon_distutils_commands:/home/saab/Desktop/2024_UWR/install/sonar_subs/lib/python3.10/site-packages:${PYTHONPATH} /usr/bin/python3 -W ignore:setup.py install is deprecated setup.py egg_info --egg-base ../../build/sonar_subs build --build-base /home/saab/Desktop/2024_UWR/build/sonar_subs/build install --record /home/saab/Desktop/2024_UWR/build/sonar_subs/install.log --single-version-externally-managed install_data
[1.912s] Level 1:colcon.colcon_core.environment:checking '/home/saab/Desktop/2024_UWR/install/sonar_subs' for CMake module files
[1.913s] DEBUG:colcon.colcon_core.event_handler.log_command:Invoked command in '/home/saab/Desktop/2024_UWR/src/sonar_subs' returned '0': CMAKE_PREFIX_PATH=/home/saab/Desktop/2024_UWR/install/sonar_msgs:/home/saab/Desktop/2024_UWR/install/xsens_mti_ros2_driver:/home/saab/Desktop/2024_UWR/install/kalman_filter:/home/saab/Desktop/2024_UWR/install/ntrip:/home/saab/Desktop/2024_UWR/install/adnav-driver LD_LIBRARY_PATH=/home/saab/Desktop/2024_UWR/install/sonar_msgs/lib:/home/saab/Desktop/2024_UWR/install/xsens_mti_ros2_driver/lib:/opt/ros/humble/opt/rviz_ogre_vendor/lib:/opt/ros/humble/lib/x86_64-linux-gnu:/opt/ros/humble/lib PYTHONPATH=/home/saab/Desktop/2024_UWR/build/sonar_subs/prefix_override:/usr/lib/python3/dist-packages/colcon_core/task/python/colcon_distutils_commands:/home/saab/Desktop/2024_UWR/install/sonar_subs/lib/python3.10/site-packages:${PYTHONPATH} /usr/bin/python3 -W ignore:setup.py install is deprecated setup.py egg_info --egg-base ../../build/sonar_subs build --build-base /home/saab/Desktop/2024_UWR/build/sonar_subs/build install --record /home/saab/Desktop/2024_UWR/build/sonar_subs/install.log --single-version-externally-managed install_data
[1.914s] Level 1:colcon.colcon_core.environment:checking '/home/saab/Desktop/2024_UWR/install/sonar_subs' for CMake config files
[1.914s] Level 1:colcon.colcon_core.environment:checking '/home/saab/Desktop/2024_UWR/install/sonar_subs/lib'
[1.914s] Level 1:colcon.colcon_core.environment:checking '/home/saab/Desktop/2024_UWR/install/sonar_subs/bin'
[1.915s] Level 1:colcon.colcon_core.environment:checking '/home/saab/Desktop/2024_UWR/install/sonar_subs/lib/pkgconfig/sonar_subs.pc'
[1.915s] Level 1:colcon.colcon_core.environment:checking '/home/saab/Desktop/2024_UWR/install/sonar_subs/lib/python3.10/site-packages'
[1.915s] Level 1:colcon.colcon_core.shell:create_environment_hook('sonar_subs', 'pythonpath')
[1.915s] INFO:colcon.colcon_core.shell:Creating environment hook '/home/saab/Desktop/2024_UWR/install/sonar_subs/share/sonar_subs/hook/pythonpath.ps1'
[1.916s] INFO:colcon.colcon_core.shell:Creating environment descriptor '/home/saab/Desktop/2024_UWR/install/sonar_subs/share/sonar_subs/hook/pythonpath.dsv'
[1.916s] INFO:colcon.colcon_core.shell:Creating environment hook '/home/saab/Desktop/2024_UWR/install/sonar_subs/share/sonar_subs/hook/pythonpath.sh'
[1.917s] Level 1:colcon.colcon_core.environment:checking '/home/saab/Desktop/2024_UWR/install/sonar_subs/bin'
[1.917s] Level 1:colcon.colcon_core.environment:create_environment_scripts_only(sonar_subs)
[1.917s] INFO:colcon.colcon_core.shell:Creating package script '/home/saab/Desktop/2024_UWR/install/sonar_subs/share/sonar_subs/package.ps1'
[1.918s] INFO:colcon.colcon_core.shell:Creating package descriptor '/home/saab/Desktop/2024_UWR/install/sonar_subs/share/sonar_subs/package.dsv'
[1.918s] INFO:colcon.colcon_core.shell:Creating package script '/home/saab/Desktop/2024_UWR/install/sonar_subs/share/sonar_subs/package.sh'
[1.918s] INFO:colcon.colcon_core.shell:Creating package script '/home/saab/Desktop/2024_UWR/install/sonar_subs/share/sonar_subs/package.bash'
[1.919s] INFO:colcon.colcon_core.shell:Creating package script '/home/saab/Desktop/2024_UWR/install/sonar_subs/share/sonar_subs/package.zsh'
[1.919s] Level 1:colcon.colcon_core.environment:create_file_with_runtime_dependencies(/home/saab/Desktop/2024_UWR/install/sonar_subs/share/colcon-core/packages/sonar_subs)
[1.920s] DEBUG:colcon.colcon_parallel_executor.executor.parallel:closing loop
[1.920s] DEBUG:colcon.colcon_parallel_executor.executor.parallel:loop closed
[1.920s] DEBUG:colcon.colcon_parallel_executor.executor.parallel:run_until_complete finished with '0'
[1.920s] DEBUG:colcon.colcon_core.event_reactor:joining thread
[1.935s] INFO:colcon.colcon_core.plugin_system:Skipping extension 'colcon_notification.desktop_notification.terminal_notifier': Not used on non-Darwin systems
[1.935s] INFO:colcon.colcon_core.plugin_system:Skipping extension 'colcon_notification.desktop_notification.win32': Not used on non-Windows systems
[1.935s] INFO:colcon.colcon_notification.desktop_notification:Sending desktop notification using 'notify2'
[1.946s] DEBUG:colcon.colcon_core.event_reactor:joined thread
[1.946s] INFO:colcon.colcon_core.shell:Creating prefix script '/home/saab/Desktop/2024_UWR/install/local_setup.ps1'
[1.947s] INFO:colcon.colcon_core.shell:Creating prefix util module '/home/saab/Desktop/2024_UWR/install/_local_setup_util_ps1.py'
[1.948s] INFO:colcon.colcon_core.shell:Creating prefix chain script '/home/saab/Desktop/2024_UWR/install/setup.ps1'
[1.950s] INFO:colcon.colcon_core.shell:Creating prefix script '/home/saab/Desktop/2024_UWR/install/local_setup.sh'
[1.950s] INFO:colcon.colcon_core.shell:Creating prefix util module '/home/saab/Desktop/2024_UWR/install/_local_setup_util_sh.py'
[1.951s] INFO:colcon.colcon_core.shell:Creating prefix chain script '/home/saab/Desktop/2024_UWR/install/setup.sh'
[1.952s] INFO:colcon.colcon_core.shell:Creating prefix script '/home/saab/Desktop/2024_UWR/install/local_setup.bash'
[1.953s] INFO:colcon.colcon_core.shell:Creating prefix chain script '/home/saab/Desktop/2024_UWR/install/setup.bash'
[1.954s] INFO:colcon.colcon_core.shell:Creating prefix script '/home/saab/Desktop/2024_UWR/install/local_setup.zsh'
[1.955s] INFO:colcon.colcon_core.shell:Creating prefix chain script '/home/saab/Desktop/2024_UWR/install/setup.zsh'
