[0.029s] Invoking command in '/home/nuc1/Desktop/2024_UWR/build/sonar_msgs': CMAKE_PREFIX_PATH=${CMAKE_PREFIX_PATH}:/home/nuc1/Desktop/2024_UWR/install/sonar_subs:/opt/ros/humble /usr/bin/cmake /home/nuc1/Desktop/2024_UWR/src/sonar_msgs -DCMAKE_INSTALL_PREFIX=/home/nuc1/Desktop/2024_UWR/install/sonar_msgs
[0.383s] -- The C compiler identification is GNU 11.4.0
[0.568s] -- The CXX compiler identification is GNU 11.4.0
[0.576s] -- Detecting C compiler ABI info
[0.660s] -- Detecting C compiler ABI info - done
[0.668s] -- Check for working C compiler: /usr/bin/cc - skipped
[0.670s] -- Detecting C compile features
[0.671s] -- Detecting C compile features - done
[0.675s] -- Detecting CXX compiler ABI info
[0.771s] -- Detecting CXX compiler ABI info - done
[0.787s] -- Check for working CXX compiler: /usr/bin/c++ - skipped
[0.788s] -- Detecting CXX compile features
[0.789s] -- Detecting CXX compile features - done
[0.799s] -- Found ament_cmake: 1.3.10 (/opt/ros/humble/share/ament_cmake/cmake)
[0.974s] -- Found Python3: /usr/bin/python3 (found version "3.10.12") found components: Interpreter 
[1.121s] -- Found std_msgs: 4.2.4 (/opt/ros/humble/share/std_msgs/cmake)
[1.187s] -- Found rosidl_generator_c: 3.1.5 (/opt/ros/humble/share/rosidl_generator_c/cmake)
[1.196s] -- Found rosidl_adapter: 3.1.5 (/opt/ros/humble/share/rosidl_adapter/cmake)
[1.212s] -- Found rosidl_generator_cpp: 3.1.5 (/opt/ros/humble/share/rosidl_generator_cpp/cmake)
[1.234s] -- Using all available rosidl_typesupport_c: rosidl_typesupport_fastrtps_c;rosidl_typesupport_introspection_c
[1.261s] -- Using all available rosidl_typesupport_cpp: rosidl_typesupport_fastrtps_cpp;rosidl_typesupport_introspection_cpp
[1.313s] -- Found rosidl_default_generators: 1.2.0 (/opt/ros/humble/share/rosidl_default_generators/cmake)
[1.667s] -- Found ament_cmake_ros: 0.10.0 (/opt/ros/humble/share/ament_cmake_ros/cmake)
[2.159s] -- Using all available rosidl_typesupport_c: rosidl_typesupport_fastrtps_c;rosidl_typesupport_introspection_c
[2.389s] -- Using all available rosidl_typesupport_cpp: rosidl_typesupport_fastrtps_cpp;rosidl_typesupport_introspection_cpp
[2.435s] -- Found PythonInterp: /usr/bin/python3 (found suitable version "3.10.12", minimum required is "3.6") 
[2.444s] -- Found python_cmake_module: 0.10.0 (/opt/ros/humble/share/python_cmake_module/cmake)
[2.502s] -- Found PythonLibs: /usr/lib/x86_64-linux-gnu/libpython3.10.so (found suitable version "3.10.12", minimum required is "3.5") 
[2.502s] -- Using PYTHON_EXECUTABLE: /usr/bin/python3
[2.503s] -- Using PYTHON_INCLUDE_DIRS: /usr/include/python3.10
[2.503s] -- Using PYTHON_LIBRARIES: /usr/lib/x86_64-linux-gnu/libpython3.10.so
[2.536s] -- Found PythonExtra: .so  
[2.634s] -- Found ament_lint_auto: 0.12.11 (/opt/ros/humble/share/ament_lint_auto/cmake)
[2.669s] -- Added test 'lint_cmake' to check CMake code style
[2.670s] -- Added test 'xmllint' to check XML markup files
[2.673s] -- Configuring done
[2.727s] -- Generating done
[2.732s] -- Build files have been written to: /home/nuc1/Desktop/2024_UWR/build/sonar_msgs
[2.741s] Invoked command in '/home/nuc1/Desktop/2024_UWR/build/sonar_msgs' returned '0': CMAKE_PREFIX_PATH=${CMAKE_PREFIX_PATH}:/home/nuc1/Desktop/2024_UWR/install/sonar_subs:/opt/ros/humble /usr/bin/cmake /home/nuc1/Desktop/2024_UWR/src/sonar_msgs -DCMAKE_INSTALL_PREFIX=/home/nuc1/Desktop/2024_UWR/install/sonar_msgs
[2.743s] Invoking command in '/home/nuc1/Desktop/2024_UWR/build/sonar_msgs': CMAKE_PREFIX_PATH=${CMAKE_PREFIX_PATH}:/home/nuc1/Desktop/2024_UWR/install/sonar_subs:/opt/ros/humble /usr/bin/cmake --build /home/nuc1/Desktop/2024_UWR/build/sonar_msgs -- -j8 -l8
[2.796s] [  2%] [34m[1mGenerating C code for ROS interfaces[0m
[2.816s] [  4%] [34m[1mGenerating C++ code for ROS interfaces[0m
[2.827s] [  4%] Built target ament_cmake_python_copy_sonar_msgs
[3.242s] running egg_info
[3.243s] creating sonar_msgs.egg-info
[3.243s] writing sonar_msgs.egg-info/PKG-INFO
[3.244s] writing dependency_links to sonar_msgs.egg-info/dependency_links.txt
[3.244s] writing top-level names to sonar_msgs.egg-info/top_level.txt
[3.244s] writing manifest file 'sonar_msgs.egg-info/SOURCES.txt'
[3.251s] reading manifest file 'sonar_msgs.egg-info/SOURCES.txt'
[3.251s] writing manifest file 'sonar_msgs.egg-info/SOURCES.txt'
[3.296s] [  4%] Built target ament_cmake_python_build_sonar_msgs_egg
[3.517s] [  4%] Built target sonar_msgs__cpp
[3.533s] [  6%] [34m[1mGenerating C++ type support dispatch for ROS interfaces[0m
[3.535s] [  8%] [34m[1mGenerating C++ introspection for ROS interfaces[0m
[3.551s] [ 10%] [34m[1mGenerating C++ type support for eProsima Fast-RTPS[0m
[3.655s] [ 12%] [32mBuilding C object CMakeFiles/sonar_msgs__rosidl_generator_c.dir/rosidl_generator_c/sonar_msgs/msg/detail/conf_scal__functions.c.o[0m
[3.666s] [ 14%] [32mBuilding C object CMakeFiles/sonar_msgs__rosidl_generator_c.dir/rosidl_generator_c/sonar_msgs/msg/detail/three_sonar_depth__functions.c.o[0m
[3.667s] [ 17%] [32mBuilding C object CMakeFiles/sonar_msgs__rosidl_generator_c.dir/rosidl_generator_c/sonar_msgs/msg/detail/kf_values__functions.c.o[0m
[3.807s] [ 19%] [32m[1mLinking C shared library libsonar_msgs__rosidl_generator_c.so[0m
[3.928s] [ 19%] Built target sonar_msgs__rosidl_generator_c
[3.958s] [ 21%] [34m[1mGenerating C type support for eProsima Fast-RTPS[0m
[3.968s] [ 23%] [34m[1mGenerating C introspection for ROS interfaces[0m
[3.968s] [ 25%] [34m[1mGenerating C type support dispatch for ROS interfaces[0m
[4.151s] [ 27%] [32mBuilding CXX object CMakeFiles/sonar_msgs__rosidl_typesupport_cpp.dir/rosidl_typesupport_cpp/sonar_msgs/msg/three_sonar_depth__type_support.cpp.o[0m
[4.161s] [ 29%] [32mBuilding CXX object CMakeFiles/sonar_msgs__rosidl_typesupport_cpp.dir/rosidl_typesupport_cpp/sonar_msgs/msg/conf_scal__type_support.cpp.o[0m
[4.163s] [ 31%] [32mBuilding CXX object CMakeFiles/sonar_msgs__rosidl_typesupport_cpp.dir/rosidl_typesupport_cpp/sonar_msgs/msg/kf_values__type_support.cpp.o[0m
[4.640s] [ 34%] [32mBuilding CXX object CMakeFiles/sonar_msgs__rosidl_typesupport_introspection_cpp.dir/rosidl_typesupport_introspection_cpp/sonar_msgs/msg/detail/three_sonar_depth__type_support.cpp.o[0m
[4.646s] [ 36%] [32mBuilding CXX object CMakeFiles/sonar_msgs__rosidl_typesupport_fastrtps_cpp.dir/rosidl_typesupport_fastrtps_cpp/sonar_msgs/msg/detail/dds_fastrtps/three_sonar_depth__type_support.cpp.o[0m
[4.727s] [ 38%] [32mBuilding CXX object CMakeFiles/sonar_msgs__rosidl_typesupport_introspection_cpp.dir/rosidl_typesupport_introspection_cpp/sonar_msgs/msg/detail/conf_scal__type_support.cpp.o[0m
[4.962s] [ 40%] [32mBuilding CXX object CMakeFiles/sonar_msgs__rosidl_typesupport_fastrtps_cpp.dir/rosidl_typesupport_fastrtps_cpp/sonar_msgs/msg/detail/dds_fastrtps/conf_scal__type_support.cpp.o[0m
[5.077s] [ 42%] [32mBuilding CXX object CMakeFiles/sonar_msgs__rosidl_typesupport_c.dir/rosidl_typesupport_c/sonar_msgs/msg/three_sonar_depth__type_support.cpp.o[0m
[5.169s] [ 44%] [32mBuilding CXX object CMakeFiles/sonar_msgs__rosidl_typesupport_c.dir/rosidl_typesupport_c/sonar_msgs/msg/conf_scal__type_support.cpp.o[0m
[5.248s] [ 46%] [32m[1mLinking CXX shared library libsonar_msgs__rosidl_typesupport_cpp.so[0m
[5.266s] [ 48%] [32mBuilding CXX object CMakeFiles/sonar_msgs__rosidl_typesupport_c.dir/rosidl_typesupport_c/sonar_msgs/msg/kf_values__type_support.cpp.o[0m
[5.316s] [ 51%] [32mBuilding CXX object CMakeFiles/sonar_msgs__rosidl_typesupport_fastrtps_c.dir/rosidl_typesupport_fastrtps_c/sonar_msgs/msg/detail/three_sonar_depth__type_support_c.cpp.o[0m
[5.406s] [ 53%] [32m[1mLinking CXX shared library libsonar_msgs__rosidl_typesupport_c.so[0m
[5.439s] [ 53%] Built target sonar_msgs__rosidl_typesupport_cpp
[5.464s] [ 55%] [32mBuilding CXX object CMakeFiles/sonar_msgs__rosidl_typesupport_introspection_cpp.dir/rosidl_typesupport_introspection_cpp/sonar_msgs/msg/detail/kf_values__type_support.cpp.o[0m
[5.611s] [ 55%] Built target sonar_msgs__rosidl_typesupport_c
[5.639s] [ 57%] [32mBuilding CXX object CMakeFiles/sonar_msgs__rosidl_typesupport_fastrtps_cpp.dir/rosidl_typesupport_fastrtps_cpp/sonar_msgs/msg/detail/dds_fastrtps/kf_values__type_support.cpp.o[0m
[5.706s] [ 59%] [32mBuilding C object CMakeFiles/sonar_msgs__rosidl_typesupport_introspection_c.dir/rosidl_typesupport_introspection_c/sonar_msgs/msg/detail/three_sonar_depth__type_support.c.o[0m
[5.820s] [ 61%] [32mBuilding C object CMakeFiles/sonar_msgs__rosidl_typesupport_introspection_c.dir/rosidl_typesupport_introspection_c/sonar_msgs/msg/detail/conf_scal__type_support.c.o[0m
[5.875s] [ 63%] [32mBuilding C object CMakeFiles/sonar_msgs__rosidl_typesupport_introspection_c.dir/rosidl_typesupport_introspection_c/sonar_msgs/msg/detail/kf_values__type_support.c.o[0m
[5.928s] [ 65%] [32m[1mLinking C shared library libsonar_msgs__rosidl_typesupport_introspection_c.so[0m
[6.048s] [ 65%] Built target sonar_msgs__rosidl_typesupport_introspection_c
[6.077s] [ 68%] [32mBuilding CXX object CMakeFiles/sonar_msgs__rosidl_typesupport_fastrtps_c.dir/rosidl_typesupport_fastrtps_c/sonar_msgs/msg/detail/conf_scal__type_support_c.cpp.o[0m
[6.132s] [ 70%] [32mBuilding CXX object CMakeFiles/sonar_msgs__rosidl_typesupport_fastrtps_c.dir/rosidl_typesupport_fastrtps_c/sonar_msgs/msg/detail/kf_values__type_support_c.cpp.o[0m
[6.849s] [ 72%] [32m[1mLinking CXX shared library libsonar_msgs__rosidl_typesupport_introspection_cpp.so[0m
[6.906s] [ 74%] [32m[1mLinking CXX shared library libsonar_msgs__rosidl_typesupport_fastrtps_cpp.so[0m
[7.035s] [ 74%] Built target sonar_msgs__rosidl_typesupport_introspection_cpp
[7.094s] [ 74%] Built target sonar_msgs__rosidl_typesupport_fastrtps_cpp
[7.108s] [ 76%] [32m[1mLinking CXX shared library libsonar_msgs__rosidl_typesupport_fastrtps_c.so[0m
[7.231s] [ 76%] Built target sonar_msgs__rosidl_typesupport_fastrtps_c
[7.259s] [ 76%] Built target sonar_msgs
[7.290s] [ 78%] [34m[1mGenerating Python code for ROS interfaces[0m
[8.692s] [ 78%] Built target sonar_msgs__py
[8.739s] [ 80%] [32mBuilding C object CMakeFiles/sonar_msgs__rosidl_generator_py.dir/rosidl_generator_py/sonar_msgs/msg/_three_sonar_depth_s.c.o[0m
[8.742s] [ 82%] [32mBuilding C object CMakeFiles/sonar_msgs__rosidl_generator_py.dir/rosidl_generator_py/sonar_msgs/msg/_conf_scal_s.c.o[0m
[8.744s] [ 85%] [32mBuilding C object CMakeFiles/sonar_msgs__rosidl_generator_py.dir/rosidl_generator_py/sonar_msgs/msg/_kf_values_s.c.o[0m
[9.140s] [ 87%] [32m[1mLinking C shared library rosidl_generator_py/sonar_msgs/libsonar_msgs__rosidl_generator_py.so[0m
[9.259s] [ 87%] Built target sonar_msgs__rosidl_generator_py
[9.346s] [ 91%] [32mBuilding C object CMakeFiles/sonar_msgs__rosidl_typesupport_c__pyext.dir/rosidl_generator_py/sonar_msgs/_sonar_msgs_s.ep.rosidl_typesupport_c.c.o[0m
[9.346s] [ 91%] [32mBuilding C object CMakeFiles/sonar_msgs__rosidl_typesupport_introspection_c__pyext.dir/rosidl_generator_py/sonar_msgs/_sonar_msgs_s.ep.rosidl_typesupport_introspection_c.c.o[0m
[9.393s] [ 93%] [32mBuilding C object CMakeFiles/sonar_msgs__rosidl_typesupport_fastrtps_c__pyext.dir/rosidl_generator_py/sonar_msgs/_sonar_msgs_s.ep.rosidl_typesupport_fastrtps_c.c.o[0m
[9.715s] [ 95%] [32m[1mLinking C shared library rosidl_generator_py/sonar_msgs/sonar_msgs_s__rosidl_typesupport_introspection_c.cpython-310-x86_64-linux-gnu.so[0m
[9.763s] [ 97%] [32m[1mLinking C shared library rosidl_generator_py/sonar_msgs/sonar_msgs_s__rosidl_typesupport_fastrtps_c.cpython-310-x86_64-linux-gnu.so[0m
[9.770s] [100%] [32m[1mLinking C shared library rosidl_generator_py/sonar_msgs/sonar_msgs_s__rosidl_typesupport_c.cpython-310-x86_64-linux-gnu.so[0m
[9.840s] [100%] Built target sonar_msgs__rosidl_typesupport_introspection_c__pyext
[9.854s] [100%] Built target sonar_msgs__rosidl_typesupport_fastrtps_c__pyext
[9.896s] [100%] Built target sonar_msgs__rosidl_typesupport_c__pyext
[9.939s] Invoked command in '/home/nuc1/Desktop/2024_UWR/build/sonar_msgs' returned '0': CMAKE_PREFIX_PATH=${CMAKE_PREFIX_PATH}:/home/nuc1/Desktop/2024_UWR/install/sonar_subs:/opt/ros/humble /usr/bin/cmake --build /home/nuc1/Desktop/2024_UWR/build/sonar_msgs -- -j8 -l8
[10.380s] Invoking command in '/home/nuc1/Desktop/2024_UWR/build/sonar_msgs': CMAKE_PREFIX_PATH=${CMAKE_PREFIX_PATH}:/home/nuc1/Desktop/2024_UWR/install/sonar_subs:/opt/ros/humble /usr/bin/cmake --install /home/nuc1/Desktop/2024_UWR/build/sonar_msgs
[10.411s] -- Install configuration: ""
[10.411s] -- Installing: /home/nuc1/Desktop/2024_UWR/install/sonar_msgs/share/ament_index/resource_index/rosidl_interfaces/sonar_msgs
[10.411s] -- Up-to-date: /home/nuc1/Desktop/2024_UWR/install/sonar_msgs/include/sonar_msgs/sonar_msgs
[10.412s] -- Up-to-date: /home/nuc1/Desktop/2024_UWR/install/sonar_msgs/include/sonar_msgs/sonar_msgs/msg
[10.412s] -- Installing: /home/nuc1/Desktop/2024_UWR/install/sonar_msgs/include/sonar_msgs/sonar_msgs/msg/three_sonar_depth.h
[10.412s] -- Installing: /home/nuc1/Desktop/2024_UWR/install/sonar_msgs/include/sonar_msgs/sonar_msgs/msg/rosidl_generator_c__visibility_control.h
[10.412s] -- Installing: /home/nuc1/Desktop/2024_UWR/install/sonar_msgs/include/sonar_msgs/sonar_msgs/msg/conf_scal.h
[10.412s] -- Up-to-date: /home/nuc1/Desktop/2024_UWR/install/sonar_msgs/include/sonar_msgs/sonar_msgs/msg/detail
[10.412s] -- Installing: /home/nuc1/Desktop/2024_UWR/install/sonar_msgs/include/sonar_msgs/sonar_msgs/msg/detail/kf_values__type_support.h
[10.412s] -- Installing: /home/nuc1/Desktop/2024_UWR/install/sonar_msgs/include/sonar_msgs/sonar_msgs/msg/detail/kf_values__struct.h
[10.412s] -- Installing: /home/nuc1/Desktop/2024_UWR/install/sonar_msgs/include/sonar_msgs/sonar_msgs/msg/detail/conf_scal__functions.c
[10.412s] -- Installing: /home/nuc1/Desktop/2024_UWR/install/sonar_msgs/include/sonar_msgs/sonar_msgs/msg/detail/conf_scal__struct.h
[10.419s] -- Installing: /home/nuc1/Desktop/2024_UWR/install/sonar_msgs/include/sonar_msgs/sonar_msgs/msg/detail/kf_values__functions.h
[10.419s] -- Installing: /home/nuc1/Desktop/2024_UWR/install/sonar_msgs/include/sonar_msgs/sonar_msgs/msg/detail/three_sonar_depth__functions.c
[10.419s] -- Installing: /home/nuc1/Desktop/2024_UWR/install/sonar_msgs/include/sonar_msgs/sonar_msgs/msg/detail/conf_scal__type_support.h
[10.419s] -- Installing: /home/nuc1/Desktop/2024_UWR/install/sonar_msgs/include/sonar_msgs/sonar_msgs/msg/detail/three_sonar_depth__type_support.h
[10.420s] -- Installing: /home/nuc1/Desktop/2024_UWR/install/sonar_msgs/include/sonar_msgs/sonar_msgs/msg/detail/three_sonar_depth__functions.h
[10.420s] -- Installing: /home/nuc1/Desktop/2024_UWR/install/sonar_msgs/include/sonar_msgs/sonar_msgs/msg/detail/kf_values__functions.c
[10.420s] -- Installing: /home/nuc1/Desktop/2024_UWR/install/sonar_msgs/include/sonar_msgs/sonar_msgs/msg/detail/conf_scal__functions.h
[10.420s] -- Installing: /home/nuc1/Desktop/2024_UWR/install/sonar_msgs/include/sonar_msgs/sonar_msgs/msg/detail/three_sonar_depth__struct.h
[10.420s] -- Installing: /home/nuc1/Desktop/2024_UWR/install/sonar_msgs/include/sonar_msgs/sonar_msgs/msg/kf_values.h
[10.420s] -- Up-to-date: /home/nuc1/Desktop/2024_UWR/install/sonar_msgs/share/sonar_msgs/environment/library_path.sh
[10.420s] -- Installing: /home/nuc1/Desktop/2024_UWR/install/sonar_msgs/share/sonar_msgs/environment/library_path.dsv
[10.420s] -- Installing: /home/nuc1/Desktop/2024_UWR/install/sonar_msgs/lib/libsonar_msgs__rosidl_generator_c.so
[10.420s] -- Set runtime path of "/home/nuc1/Desktop/2024_UWR/install/sonar_msgs/lib/libsonar_msgs__rosidl_generator_c.so" to ""
[10.421s] -- Up-to-date: /home/nuc1/Desktop/2024_UWR/install/sonar_msgs/include/sonar_msgs/sonar_msgs
[10.421s] -- Up-to-date: /home/nuc1/Desktop/2024_UWR/install/sonar_msgs/include/sonar_msgs/sonar_msgs/msg
[10.424s] -- Installing: /home/nuc1/Desktop/2024_UWR/install/sonar_msgs/include/sonar_msgs/sonar_msgs/msg/rosidl_typesupport_fastrtps_c__visibility_control.h
[10.424s] -- Up-to-date: /home/nuc1/Desktop/2024_UWR/install/sonar_msgs/include/sonar_msgs/sonar_msgs/msg/detail
[10.424s] -- Installing: /home/nuc1/Desktop/2024_UWR/install/sonar_msgs/include/sonar_msgs/sonar_msgs/msg/detail/three_sonar_depth__rosidl_typesupport_fastrtps_c.h
[10.424s] -- Installing: /home/nuc1/Desktop/2024_UWR/install/sonar_msgs/include/sonar_msgs/sonar_msgs/msg/detail/conf_scal__rosidl_typesupport_fastrtps_c.h
[10.425s] -- Installing: /home/nuc1/Desktop/2024_UWR/install/sonar_msgs/include/sonar_msgs/sonar_msgs/msg/detail/kf_values__rosidl_typesupport_fastrtps_c.h
[10.425s] -- Installing: /home/nuc1/Desktop/2024_UWR/install/sonar_msgs/lib/libsonar_msgs__rosidl_typesupport_fastrtps_c.so
[10.425s] -- Set runtime path of "/home/nuc1/Desktop/2024_UWR/install/sonar_msgs/lib/libsonar_msgs__rosidl_typesupport_fastrtps_c.so" to ""
[10.425s] -- Up-to-date: /home/nuc1/Desktop/2024_UWR/install/sonar_msgs/include/sonar_msgs/sonar_msgs
[10.425s] -- Up-to-date: /home/nuc1/Desktop/2024_UWR/install/sonar_msgs/include/sonar_msgs/sonar_msgs/msg
[10.425s] -- Installing: /home/nuc1/Desktop/2024_UWR/install/sonar_msgs/include/sonar_msgs/sonar_msgs/msg/three_sonar_depth.hpp
[10.425s] -- Installing: /home/nuc1/Desktop/2024_UWR/install/sonar_msgs/include/sonar_msgs/sonar_msgs/msg/kf_values.hpp
[10.425s] -- Installing: /home/nuc1/Desktop/2024_UWR/install/sonar_msgs/include/sonar_msgs/sonar_msgs/msg/conf_scal.hpp
[10.425s] -- Up-to-date: /home/nuc1/Desktop/2024_UWR/install/sonar_msgs/include/sonar_msgs/sonar_msgs/msg/detail
[10.426s] -- Installing: /home/nuc1/Desktop/2024_UWR/install/sonar_msgs/include/sonar_msgs/sonar_msgs/msg/detail/conf_scal__struct.hpp
[10.426s] -- Installing: /home/nuc1/Desktop/2024_UWR/install/sonar_msgs/include/sonar_msgs/sonar_msgs/msg/detail/three_sonar_depth__struct.hpp
[10.426s] -- Installing: /home/nuc1/Desktop/2024_UWR/install/sonar_msgs/include/sonar_msgs/sonar_msgs/msg/detail/three_sonar_depth__builder.hpp
[10.433s] -- Installing: /home/nuc1/Desktop/2024_UWR/install/sonar_msgs/include/sonar_msgs/sonar_msgs/msg/detail/conf_scal__traits.hpp
[10.433s] -- Installing: /home/nuc1/Desktop/2024_UWR/install/sonar_msgs/include/sonar_msgs/sonar_msgs/msg/detail/kf_values__builder.hpp
[10.433s] -- Installing: /home/nuc1/Desktop/2024_UWR/install/sonar_msgs/include/sonar_msgs/sonar_msgs/msg/detail/kf_values__struct.hpp
[10.433s] -- Installing: /home/nuc1/Desktop/2024_UWR/install/sonar_msgs/include/sonar_msgs/sonar_msgs/msg/detail/kf_values__traits.hpp
[10.434s] -- Installing: /home/nuc1/Desktop/2024_UWR/install/sonar_msgs/include/sonar_msgs/sonar_msgs/msg/detail/three_sonar_depth__traits.hpp
[10.434s] -- Installing: /home/nuc1/Desktop/2024_UWR/install/sonar_msgs/include/sonar_msgs/sonar_msgs/msg/detail/conf_scal__builder.hpp
[10.434s] -- Up-to-date: /home/nuc1/Desktop/2024_UWR/install/sonar_msgs/include/sonar_msgs/sonar_msgs
[10.434s] -- Up-to-date: /home/nuc1/Desktop/2024_UWR/install/sonar_msgs/include/sonar_msgs/sonar_msgs/msg
[10.434s] -- Installing: /home/nuc1/Desktop/2024_UWR/install/sonar_msgs/include/sonar_msgs/sonar_msgs/msg/rosidl_typesupport_fastrtps_cpp__visibility_control.h
[10.434s] -- Up-to-date: /home/nuc1/Desktop/2024_UWR/install/sonar_msgs/include/sonar_msgs/sonar_msgs/msg/detail
[10.434s] -- Installing: /home/nuc1/Desktop/2024_UWR/install/sonar_msgs/include/sonar_msgs/sonar_msgs/msg/detail/conf_scal__rosidl_typesupport_fastrtps_cpp.hpp
[10.434s] -- Up-to-date: /home/nuc1/Desktop/2024_UWR/install/sonar_msgs/include/sonar_msgs/sonar_msgs/msg/detail/dds_fastrtps
[10.434s] -- Installing: /home/nuc1/Desktop/2024_UWR/install/sonar_msgs/include/sonar_msgs/sonar_msgs/msg/detail/three_sonar_depth__rosidl_typesupport_fastrtps_cpp.hpp
[10.435s] -- Installing: /home/nuc1/Desktop/2024_UWR/install/sonar_msgs/include/sonar_msgs/sonar_msgs/msg/detail/kf_values__rosidl_typesupport_fastrtps_cpp.hpp
[10.435s] -- Installing: /home/nuc1/Desktop/2024_UWR/install/sonar_msgs/lib/libsonar_msgs__rosidl_typesupport_fastrtps_cpp.so
[10.435s] -- Set runtime path of "/home/nuc1/Desktop/2024_UWR/install/sonar_msgs/lib/libsonar_msgs__rosidl_typesupport_fastrtps_cpp.so" to ""
[10.435s] -- Up-to-date: /home/nuc1/Desktop/2024_UWR/install/sonar_msgs/include/sonar_msgs/sonar_msgs
[10.435s] -- Up-to-date: /home/nuc1/Desktop/2024_UWR/install/sonar_msgs/include/sonar_msgs/sonar_msgs/msg
[10.435s] -- Up-to-date: /home/nuc1/Desktop/2024_UWR/install/sonar_msgs/include/sonar_msgs/sonar_msgs/msg/detail
[10.435s] -- Installing: /home/nuc1/Desktop/2024_UWR/install/sonar_msgs/include/sonar_msgs/sonar_msgs/msg/detail/three_sonar_depth__type_support.c
[10.435s] -- Installing: /home/nuc1/Desktop/2024_UWR/install/sonar_msgs/include/sonar_msgs/sonar_msgs/msg/detail/kf_values__rosidl_typesupport_introspection_c.h
[10.443s] -- Installing: /home/nuc1/Desktop/2024_UWR/install/sonar_msgs/include/sonar_msgs/sonar_msgs/msg/detail/kf_values__type_support.c
[10.443s] -- Installing: /home/nuc1/Desktop/2024_UWR/install/sonar_msgs/include/sonar_msgs/sonar_msgs/msg/detail/conf_scal__type_support.c
[10.443s] -- Installing: /home/nuc1/Desktop/2024_UWR/install/sonar_msgs/include/sonar_msgs/sonar_msgs/msg/detail/three_sonar_depth__rosidl_typesupport_introspection_c.h
[10.443s] -- Installing: /home/nuc1/Desktop/2024_UWR/install/sonar_msgs/include/sonar_msgs/sonar_msgs/msg/detail/conf_scal__rosidl_typesupport_introspection_c.h
[10.445s] -- Installing: /home/nuc1/Desktop/2024_UWR/install/sonar_msgs/include/sonar_msgs/sonar_msgs/msg/rosidl_typesupport_introspection_c__visibility_control.h
[10.446s] -- Installing: /home/nuc1/Desktop/2024_UWR/install/sonar_msgs/lib/libsonar_msgs__rosidl_typesupport_introspection_c.so
[10.447s] -- Set runtime path of "/home/nuc1/Desktop/2024_UWR/install/sonar_msgs/lib/libsonar_msgs__rosidl_typesupport_introspection_c.so" to ""
[10.447s] -- Installing: /home/nuc1/Desktop/2024_UWR/install/sonar_msgs/lib/libsonar_msgs__rosidl_typesupport_c.so
[10.447s] -- Set runtime path of "/home/nuc1/Desktop/2024_UWR/install/sonar_msgs/lib/libsonar_msgs__rosidl_typesupport_c.so" to ""
[10.448s] -- Up-to-date: /home/nuc1/Desktop/2024_UWR/install/sonar_msgs/include/sonar_msgs/sonar_msgs
[10.448s] -- Up-to-date: /home/nuc1/Desktop/2024_UWR/install/sonar_msgs/include/sonar_msgs/sonar_msgs/msg
[10.448s] -- Up-to-date: /home/nuc1/Desktop/2024_UWR/install/sonar_msgs/include/sonar_msgs/sonar_msgs/msg/detail
[10.448s] -- Installing: /home/nuc1/Desktop/2024_UWR/install/sonar_msgs/include/sonar_msgs/sonar_msgs/msg/detail/three_sonar_depth__rosidl_typesupport_introspection_cpp.hpp
[10.449s] -- Installing: /home/nuc1/Desktop/2024_UWR/install/sonar_msgs/include/sonar_msgs/sonar_msgs/msg/detail/kf_values__type_support.cpp
[10.449s] -- Installing: /home/nuc1/Desktop/2024_UWR/install/sonar_msgs/include/sonar_msgs/sonar_msgs/msg/detail/three_sonar_depth__type_support.cpp
[10.449s] -- Installing: /home/nuc1/Desktop/2024_UWR/install/sonar_msgs/include/sonar_msgs/sonar_msgs/msg/detail/conf_scal__type_support.cpp
[10.449s] -- Installing: /home/nuc1/Desktop/2024_UWR/install/sonar_msgs/include/sonar_msgs/sonar_msgs/msg/detail/kf_values__rosidl_typesupport_introspection_cpp.hpp
[10.458s] -- Installing: /home/nuc1/Desktop/2024_UWR/install/sonar_msgs/include/sonar_msgs/sonar_msgs/msg/detail/conf_scal__rosidl_typesupport_introspection_cpp.hpp
[10.458s] -- Installing: /home/nuc1/Desktop/2024_UWR/install/sonar_msgs/lib/libsonar_msgs__rosidl_typesupport_introspection_cpp.so
[10.459s] -- Set runtime path of "/home/nuc1/Desktop/2024_UWR/install/sonar_msgs/lib/libsonar_msgs__rosidl_typesupport_introspection_cpp.so" to ""
[10.459s] -- Installing: /home/nuc1/Desktop/2024_UWR/install/sonar_msgs/lib/libsonar_msgs__rosidl_typesupport_cpp.so
[10.459s] -- Set runtime path of "/home/nuc1/Desktop/2024_UWR/install/sonar_msgs/lib/libsonar_msgs__rosidl_typesupport_cpp.so" to ""
[10.459s] -- Installing: /home/nuc1/Desktop/2024_UWR/install/sonar_msgs/share/sonar_msgs/environment/pythonpath.sh
[10.459s] -- Installing: /home/nuc1/Desktop/2024_UWR/install/sonar_msgs/share/sonar_msgs/environment/pythonpath.dsv
[10.459s] -- Up-to-date: /home/nuc1/Desktop/2024_UWR/install/sonar_msgs/local/lib/python3.10/dist-packages/sonar_msgs-0.0.0-py3.10.egg-info
[10.459s] -- Installing: /home/nuc1/Desktop/2024_UWR/install/sonar_msgs/local/lib/python3.10/dist-packages/sonar_msgs-0.0.0-py3.10.egg-info/PKG-INFO
[10.459s] -- Installing: /home/nuc1/Desktop/2024_UWR/install/sonar_msgs/local/lib/python3.10/dist-packages/sonar_msgs-0.0.0-py3.10.egg-info/dependency_links.txt
[10.459s] -- Installing: /home/nuc1/Desktop/2024_UWR/install/sonar_msgs/local/lib/python3.10/dist-packages/sonar_msgs-0.0.0-py3.10.egg-info/top_level.txt
[10.459s] -- Installing: /home/nuc1/Desktop/2024_UWR/install/sonar_msgs/local/lib/python3.10/dist-packages/sonar_msgs-0.0.0-py3.10.egg-info/SOURCES.txt
[10.460s] -- Up-to-date: /home/nuc1/Desktop/2024_UWR/install/sonar_msgs/local/lib/python3.10/dist-packages/sonar_msgs
[10.460s] -- Installing: /home/nuc1/Desktop/2024_UWR/install/sonar_msgs/local/lib/python3.10/dist-packages/sonar_msgs/sonar_msgs_s__rosidl_typesupport_introspection_c.cpython-310-x86_64-linux-gnu.so
[10.460s] -- Installing: /home/nuc1/Desktop/2024_UWR/install/sonar_msgs/local/lib/python3.10/dist-packages/sonar_msgs/sonar_msgs_s__rosidl_typesupport_c.cpython-310-x86_64-linux-gnu.so
[10.460s] -- Installing: /home/nuc1/Desktop/2024_UWR/install/sonar_msgs/local/lib/python3.10/dist-packages/sonar_msgs/libsonar_msgs__rosidl_generator_py.so
[10.460s] -- Installing: /home/nuc1/Desktop/2024_UWR/install/sonar_msgs/local/lib/python3.10/dist-packages/sonar_msgs/sonar_msgs_s__rosidl_typesupport_fastrtps_c.cpython-310-x86_64-linux-gnu.so
[10.460s] -- Installing: /home/nuc1/Desktop/2024_UWR/install/sonar_msgs/local/lib/python3.10/dist-packages/sonar_msgs/_sonar_msgs_s.ep.rosidl_typesupport_c.c
[10.460s] -- Installing: /home/nuc1/Desktop/2024_UWR/install/sonar_msgs/local/lib/python3.10/dist-packages/sonar_msgs/_sonar_msgs_s.ep.rosidl_typesupport_introspection_c.c
[10.460s] -- Up-to-date: /home/nuc1/Desktop/2024_UWR/install/sonar_msgs/local/lib/python3.10/dist-packages/sonar_msgs/msg
[10.460s] -- Installing: /home/nuc1/Desktop/2024_UWR/install/sonar_msgs/local/lib/python3.10/dist-packages/sonar_msgs/msg/_kf_values_s.c
[10.460s] -- Installing: /home/nuc1/Desktop/2024_UWR/install/sonar_msgs/local/lib/python3.10/dist-packages/sonar_msgs/msg/_three_sonar_depth.py
[10.460s] -- Installing: /home/nuc1/Desktop/2024_UWR/install/sonar_msgs/local/lib/python3.10/dist-packages/sonar_msgs/msg/_conf_scal.py
[10.461s] -- Installing: /home/nuc1/Desktop/2024_UWR/install/sonar_msgs/local/lib/python3.10/dist-packages/sonar_msgs/msg/_kf_values.py
[10.461s] -- Installing: /home/nuc1/Desktop/2024_UWR/install/sonar_msgs/local/lib/python3.10/dist-packages/sonar_msgs/msg/_three_sonar_depth_s.c
[10.461s] -- Installing: /home/nuc1/Desktop/2024_UWR/install/sonar_msgs/local/lib/python3.10/dist-packages/sonar_msgs/msg/_conf_scal_s.c
[10.461s] -- Installing: /home/nuc1/Desktop/2024_UWR/install/sonar_msgs/local/lib/python3.10/dist-packages/sonar_msgs/msg/__init__.py
[10.461s] -- Installing: /home/nuc1/Desktop/2024_UWR/install/sonar_msgs/local/lib/python3.10/dist-packages/sonar_msgs/_sonar_msgs_s.ep.rosidl_typesupport_fastrtps_c.c
[10.461s] -- Installing: /home/nuc1/Desktop/2024_UWR/install/sonar_msgs/local/lib/python3.10/dist-packages/sonar_msgs/__init__.py
[10.556s] Listing '/home/nuc1/Desktop/2024_UWR/install/sonar_msgs/local/lib/python3.10/dist-packages/sonar_msgs'...
[10.556s] Compiling '/home/nuc1/Desktop/2024_UWR/install/sonar_msgs/local/lib/python3.10/dist-packages/sonar_msgs/__init__.py'...
[10.557s] Listing '/home/nuc1/Desktop/2024_UWR/install/sonar_msgs/local/lib/python3.10/dist-packages/sonar_msgs/msg'...
[10.557s] Compiling '/home/nuc1/Desktop/2024_UWR/install/sonar_msgs/local/lib/python3.10/dist-packages/sonar_msgs/msg/__init__.py'...
[10.557s] Compiling '/home/nuc1/Desktop/2024_UWR/install/sonar_msgs/local/lib/python3.10/dist-packages/sonar_msgs/msg/_conf_scal.py'...
[10.557s] Compiling '/home/nuc1/Desktop/2024_UWR/install/sonar_msgs/local/lib/python3.10/dist-packages/sonar_msgs/msg/_kf_values.py'...
[10.557s] Compiling '/home/nuc1/Desktop/2024_UWR/install/sonar_msgs/local/lib/python3.10/dist-packages/sonar_msgs/msg/_three_sonar_depth.py'...
[10.565s] -- Installing: /home/nuc1/Desktop/2024_UWR/install/sonar_msgs/local/lib/python3.10/dist-packages/sonar_msgs/sonar_msgs_s__rosidl_typesupport_fastrtps_c.cpython-310-x86_64-linux-gnu.so
[10.566s] -- Set runtime path of "/home/nuc1/Desktop/2024_UWR/install/sonar_msgs/local/lib/python3.10/dist-packages/sonar_msgs/sonar_msgs_s__rosidl_typesupport_fastrtps_c.cpython-310-x86_64-linux-gnu.so" to ""
[10.567s] -- Installing: /home/nuc1/Desktop/2024_UWR/install/sonar_msgs/local/lib/python3.10/dist-packages/sonar_msgs/sonar_msgs_s__rosidl_typesupport_introspection_c.cpython-310-x86_64-linux-gnu.so
[10.568s] -- Set runtime path of "/home/nuc1/Desktop/2024_UWR/install/sonar_msgs/local/lib/python3.10/dist-packages/sonar_msgs/sonar_msgs_s__rosidl_typesupport_introspection_c.cpython-310-x86_64-linux-gnu.so" to ""
[10.568s] -- Installing: /home/nuc1/Desktop/2024_UWR/install/sonar_msgs/local/lib/python3.10/dist-packages/sonar_msgs/sonar_msgs_s__rosidl_typesupport_c.cpython-310-x86_64-linux-gnu.so
[10.569s] -- Set runtime path of "/home/nuc1/Desktop/2024_UWR/install/sonar_msgs/local/lib/python3.10/dist-packages/sonar_msgs/sonar_msgs_s__rosidl_typesupport_c.cpython-310-x86_64-linux-gnu.so" to ""
[10.571s] -- Installing: /home/nuc1/Desktop/2024_UWR/install/sonar_msgs/lib/libsonar_msgs__rosidl_generator_py.so
[10.571s] -- Set runtime path of "/home/nuc1/Desktop/2024_UWR/install/sonar_msgs/lib/libsonar_msgs__rosidl_generator_py.so" to ""
[10.571s] -- Installing: /home/nuc1/Desktop/2024_UWR/install/sonar_msgs/share/sonar_msgs/msg/ThreeSonarDepth.idl
[10.572s] -- Installing: /home/nuc1/Desktop/2024_UWR/install/sonar_msgs/share/sonar_msgs/msg/ConfScal.idl
[10.572s] -- Installing: /home/nuc1/Desktop/2024_UWR/install/sonar_msgs/share/sonar_msgs/msg/KfValues.idl
[10.573s] -- Up-to-date: /home/nuc1/Desktop/2024_UWR/install/sonar_msgs/share/sonar_msgs/msg/ThreeSonarDepth.msg
[10.573s] -- Up-to-date: /home/nuc1/Desktop/2024_UWR/install/sonar_msgs/share/sonar_msgs/msg/ConfScal.msg
[10.574s] -- Up-to-date: /home/nuc1/Desktop/2024_UWR/install/sonar_msgs/share/sonar_msgs/msg/KfValues.msg
[10.574s] -- Installing: /home/nuc1/Desktop/2024_UWR/install/sonar_msgs/share/ament_index/resource_index/package_run_dependencies/sonar_msgs
[10.574s] -- Installing: /home/nuc1/Desktop/2024_UWR/install/sonar_msgs/share/ament_index/resource_index/parent_prefix_path/sonar_msgs
[10.575s] -- Up-to-date: /home/nuc1/Desktop/2024_UWR/install/sonar_msgs/share/sonar_msgs/environment/ament_prefix_path.sh
[10.575s] -- Installing: /home/nuc1/Desktop/2024_UWR/install/sonar_msgs/share/sonar_msgs/environment/ament_prefix_path.dsv
[10.576s] -- Up-to-date: /home/nuc1/Desktop/2024_UWR/install/sonar_msgs/share/sonar_msgs/environment/path.sh
[10.576s] -- Installing: /home/nuc1/Desktop/2024_UWR/install/sonar_msgs/share/sonar_msgs/environment/path.dsv
[10.577s] -- Installing: /home/nuc1/Desktop/2024_UWR/install/sonar_msgs/share/sonar_msgs/local_setup.bash
[10.577s] -- Installing: /home/nuc1/Desktop/2024_UWR/install/sonar_msgs/share/sonar_msgs/local_setup.sh
[10.578s] -- Installing: /home/nuc1/Desktop/2024_UWR/install/sonar_msgs/share/sonar_msgs/local_setup.zsh
[10.578s] -- Installing: /home/nuc1/Desktop/2024_UWR/install/sonar_msgs/share/sonar_msgs/local_setup.dsv
[10.579s] -- Installing: /home/nuc1/Desktop/2024_UWR/install/sonar_msgs/share/sonar_msgs/package.dsv
[10.579s] -- Installing: /home/nuc1/Desktop/2024_UWR/install/sonar_msgs/share/ament_index/resource_index/packages/sonar_msgs
[10.583s] -- Installing: /home/nuc1/Desktop/2024_UWR/install/sonar_msgs/share/sonar_msgs/cmake/export_sonar_msgs__rosidl_generator_cExport.cmake
[10.587s] -- Installing: /home/nuc1/Desktop/2024_UWR/install/sonar_msgs/share/sonar_msgs/cmake/export_sonar_msgs__rosidl_generator_cExport-noconfig.cmake
[10.588s] -- Installing: /home/nuc1/Desktop/2024_UWR/install/sonar_msgs/share/sonar_msgs/cmake/export_sonar_msgs__rosidl_typesupport_fastrtps_cExport.cmake
[10.589s] -- Installing: /home/nuc1/Desktop/2024_UWR/install/sonar_msgs/share/sonar_msgs/cmake/export_sonar_msgs__rosidl_typesupport_fastrtps_cExport-noconfig.cmake
[10.589s] -- Installing: /home/nuc1/Desktop/2024_UWR/install/sonar_msgs/share/sonar_msgs/cmake/export_sonar_msgs__rosidl_generator_cppExport.cmake
[10.592s] -- Installing: /home/nuc1/Desktop/2024_UWR/install/sonar_msgs/share/sonar_msgs/cmake/export_sonar_msgs__rosidl_typesupport_fastrtps_cppExport.cmake
[10.592s] -- Installing: /home/nuc1/Desktop/2024_UWR/install/sonar_msgs/share/sonar_msgs/cmake/export_sonar_msgs__rosidl_typesupport_fastrtps_cppExport-noconfig.cmake
[10.596s] -- Installing: /home/nuc1/Desktop/2024_UWR/install/sonar_msgs/share/sonar_msgs/cmake/sonar_msgs__rosidl_typesupport_introspection_cExport.cmake
[10.597s] -- Installing: /home/nuc1/Desktop/2024_UWR/install/sonar_msgs/share/sonar_msgs/cmake/sonar_msgs__rosidl_typesupport_introspection_cExport-noconfig.cmake
[10.597s] -- Installing: /home/nuc1/Desktop/2024_UWR/install/sonar_msgs/share/sonar_msgs/cmake/sonar_msgs__rosidl_typesupport_cExport.cmake
[10.601s] -- Installing: /home/nuc1/Desktop/2024_UWR/install/sonar_msgs/share/sonar_msgs/cmake/sonar_msgs__rosidl_typesupport_cExport-noconfig.cmake
[10.601s] -- Installing: /home/nuc1/Desktop/2024_UWR/install/sonar_msgs/share/sonar_msgs/cmake/sonar_msgs__rosidl_typesupport_introspection_cppExport.cmake
[10.601s] -- Installing: /home/nuc1/Desktop/2024_UWR/install/sonar_msgs/share/sonar_msgs/cmake/sonar_msgs__rosidl_typesupport_introspection_cppExport-noconfig.cmake
[10.601s] -- Installing: /home/nuc1/Desktop/2024_UWR/install/sonar_msgs/share/sonar_msgs/cmake/sonar_msgs__rosidl_typesupport_cppExport.cmake
[10.602s] -- Installing: /home/nuc1/Desktop/2024_UWR/install/sonar_msgs/share/sonar_msgs/cmake/sonar_msgs__rosidl_typesupport_cppExport-noconfig.cmake
[10.602s] -- Installing: /home/nuc1/Desktop/2024_UWR/install/sonar_msgs/share/sonar_msgs/cmake/export_sonar_msgs__rosidl_generator_pyExport.cmake
[10.603s] -- Installing: /home/nuc1/Desktop/2024_UWR/install/sonar_msgs/share/sonar_msgs/cmake/export_sonar_msgs__rosidl_generator_pyExport-noconfig.cmake
[10.603s] -- Installing: /home/nuc1/Desktop/2024_UWR/install/sonar_msgs/share/sonar_msgs/cmake/rosidl_cmake-extras.cmake
[10.604s] -- Installing: /home/nuc1/Desktop/2024_UWR/install/sonar_msgs/share/sonar_msgs/cmake/ament_cmake_export_dependencies-extras.cmake
[10.604s] -- Installing: /home/nuc1/Desktop/2024_UWR/install/sonar_msgs/share/sonar_msgs/cmake/ament_cmake_export_include_directories-extras.cmake
[10.606s] -- Installing: /home/nuc1/Desktop/2024_UWR/install/sonar_msgs/share/sonar_msgs/cmake/ament_cmake_export_libraries-extras.cmake
[10.606s] -- Installing: /home/nuc1/Desktop/2024_UWR/install/sonar_msgs/share/sonar_msgs/cmake/ament_cmake_export_targets-extras.cmake
[10.606s] -- Installing: /home/nuc1/Desktop/2024_UWR/install/sonar_msgs/share/sonar_msgs/cmake/rosidl_cmake_export_typesupport_targets-extras.cmake
[10.607s] -- Installing: /home/nuc1/Desktop/2024_UWR/install/sonar_msgs/share/sonar_msgs/cmake/rosidl_cmake_export_typesupport_libraries-extras.cmake
[10.607s] -- Installing: /home/nuc1/Desktop/2024_UWR/install/sonar_msgs/share/sonar_msgs/cmake/sonar_msgsConfig.cmake
[10.607s] -- Installing: /home/nuc1/Desktop/2024_UWR/install/sonar_msgs/share/sonar_msgs/cmake/sonar_msgsConfig-version.cmake
[10.608s] -- Up-to-date: /home/nuc1/Desktop/2024_UWR/install/sonar_msgs/share/sonar_msgs/package.xml
[10.614s] Invoked command in '/home/nuc1/Desktop/2024_UWR/build/sonar_msgs' returned '0': CMAKE_PREFIX_PATH=${CMAKE_PREFIX_PATH}:/home/nuc1/Desktop/2024_UWR/install/sonar_subs:/opt/ros/humble /usr/bin/cmake --install /home/nuc1/Desktop/2024_UWR/build/sonar_msgs
