[0.012s] Invoking command in '/home/uwr/Desktop/2024_UWR/build/ntrip': CMAKE_PREFIX_PATH=/opt/ros/humble /usr/bin/cmake --build /home/uwr/Desktop/2024_UWR/build/ntrip -- -j8 -l8
[0.085s] [100%] Built target ntrip
[0.125s] Invoked command in '/home/uwr/Desktop/2024_UWR/build/ntrip' returned '0': CMAKE_PREFIX_PATH=/opt/ros/humble /usr/bin/cmake --build /home/uwr/Desktop/2024_UWR/build/ntrip -- -j8 -l8
[0.169s] Invoking command in '/home/uwr/Desktop/2024_UWR/build/ntrip': CMAKE_PREFIX_PATH=/opt/ros/humble /usr/bin/cmake --install /home/uwr/Desktop/2024_UWR/build/ntrip
[0.176s] -- Install configuration: ""
[0.176s] -- Up-to-date: /home/uwr/Desktop/2024_UWR/install/ntrip/lib/ntrip/ntrip
[0.176s] -- Up-to-date: /home/uwr/Desktop/2024_UWR/install/ntrip/share/ntrip//launch
[0.176s] -- Up-to-date: /home/uwr/Desktop/2024_UWR/install/ntrip/share/ntrip//launch/ntrip_launch.py
[0.177s] -- Up-to-date: /home/uwr/Desktop/2024_UWR/install/ntrip/share/ament_index/resource_index/package_run_dependencies/ntrip
[0.177s] -- Up-to-date: /home/uwr/Desktop/2024_UWR/install/ntrip/share/ament_index/resource_index/parent_prefix_path/ntrip
[0.177s] -- Up-to-date: /home/uwr/Desktop/2024_UWR/install/ntrip/share/ntrip/environment/ament_prefix_path.sh
[0.177s] -- Up-to-date: /home/uwr/Desktop/2024_UWR/install/ntrip/share/ntrip/environment/ament_prefix_path.dsv
[0.177s] -- Up-to-date: /home/uwr/Desktop/2024_UWR/install/ntrip/share/ntrip/environment/path.sh
[0.177s] -- Up-to-date: /home/uwr/Desktop/2024_UWR/install/ntrip/share/ntrip/environment/path.dsv
[0.177s] -- Up-to-date: /home/uwr/Desktop/2024_UWR/install/ntrip/share/ntrip/local_setup.bash
[0.177s] -- Up-to-date: /home/uwr/Desktop/2024_UWR/install/ntrip/share/ntrip/local_setup.sh
[0.178s] -- Up-to-date: /home/uwr/Desktop/2024_UWR/install/ntrip/share/ntrip/local_setup.zsh
[0.178s] -- Up-to-date: /home/uwr/Desktop/2024_UWR/install/ntrip/share/ntrip/local_setup.dsv
[0.178s] -- Installing: /home/uwr/Desktop/2024_UWR/install/ntrip/share/ntrip/package.dsv
[0.178s] -- Up-to-date: /home/uwr/Desktop/2024_UWR/install/ntrip/share/ament_index/resource_index/packages/ntrip
[0.178s] -- Up-to-date: /home/uwr/Desktop/2024_UWR/install/ntrip/share/ntrip/cmake/ntripConfig.cmake
[0.178s] -- Up-to-date: /home/uwr/Desktop/2024_UWR/install/ntrip/share/ntrip/cmake/ntripConfig-version.cmake
[0.178s] -- Up-to-date: /home/uwr/Desktop/2024_UWR/install/ntrip/share/ntrip/package.xml
[0.179s] Invoked command in '/home/uwr/Desktop/2024_UWR/build/ntrip' returned '0': CMAKE_PREFIX_PATH=/opt/ros/humble /usr/bin/cmake --install /home/uwr/Desktop/2024_UWR/build/ntrip
