[2.374s] Invoking command in '/home/uwr/Desktop/2024_UWR/src/sonar_subs': CMAKE_PREFIX_PATH=/home/uwr/Desktop/2024_UWR/install/sonar_msgs:/home/uwr/Desktop/2024_UWR/install/xsens_mti_ros2_driver:/home/uwr/Desktop/2024_UWR/install/kalman_filter:/home/uwr/Desktop/2024_UWR/install/ntrip:/home/uwr/Desktop/2024_UWR/install/adnav-driver LD_LIBRARY_PATH=/home/uwr/Desktop/2024_UWR/install/sonar_msgs/lib:/home/uwr/Desktop/2024_UWR/install/xsens_mti_ros2_driver/lib:/opt/ros/humble/opt/rviz_ogre_vendor/lib:/opt/ros/humble/lib/x86_64-linux-gnu:/opt/ros/humble/lib PYTHONPATH=/home/uwr/Desktop/2024_UWR/build/sonar_subs/prefix_override:/usr/lib/python3/dist-packages/colcon_core/task/python/colcon_distutils_commands:/home/uwr/Desktop/2024_UWR/install/sonar_subs/lib/python3.10/site-packages:${PYTHONPATH} /usr/bin/python3 -W ignore:setup.py install is deprecated setup.py egg_info --egg-base ../../build/sonar_subs build --build-base /home/uwr/Desktop/2024_UWR/build/sonar_subs/build install --record /home/uwr/Desktop/2024_UWR/build/sonar_subs/install.log --single-version-externally-managed install_data
[3.177s] running egg_info
[3.179s] creating ../../build/sonar_subs/sonar_subs.egg-info
[3.180s] writing ../../build/sonar_subs/sonar_subs.egg-info/PKG-INFO
[3.181s] writing dependency_links to ../../build/sonar_subs/sonar_subs.egg-info/dependency_links.txt
[3.181s] writing entry points to ../../build/sonar_subs/sonar_subs.egg-info/entry_points.txt
[3.182s] writing requirements to ../../build/sonar_subs/sonar_subs.egg-info/requires.txt
[3.182s] writing top-level names to ../../build/sonar_subs/sonar_subs.egg-info/top_level.txt
[3.183s] writing manifest file '../../build/sonar_subs/sonar_subs.egg-info/SOURCES.txt'
[3.188s] reading manifest file '../../build/sonar_subs/sonar_subs.egg-info/SOURCES.txt'
[3.190s] adding license file 'LICENSE'
[3.191s] writing manifest file '../../build/sonar_subs/sonar_subs.egg-info/SOURCES.txt'
[3.191s] running build
[3.191s] running build_py
[3.192s] creating /home/uwr/Desktop/2024_UWR/build/sonar_subs/build
[3.192s] creating /home/uwr/Desktop/2024_UWR/build/sonar_subs/build/lib
[3.192s] creating /home/uwr/Desktop/2024_UWR/build/sonar_subs/build/lib/sonar_subs
[3.193s] copying sonar_subs/sync_ros2_kf.py -> /home/uwr/Desktop/2024_UWR/build/sonar_subs/build/lib/sonar_subs
[3.194s] copying sonar_subs/read_imu.py -> /home/uwr/Desktop/2024_UWR/build/sonar_subs/build/lib/sonar_subs
[3.194s] copying sonar_subs/sync_ros2.py -> /home/uwr/Desktop/2024_UWR/build/sonar_subs/build/lib/sonar_subs
[3.195s] copying sonar_subs/read_sonar.py -> /home/uwr/Desktop/2024_UWR/build/sonar_subs/build/lib/sonar_subs
[3.195s] copying sonar_subs/__init__.py -> /home/uwr/Desktop/2024_UWR/build/sonar_subs/build/lib/sonar_subs
[3.196s] copying sonar_subs/read_imu_i2c.py -> /home/uwr/Desktop/2024_UWR/build/sonar_subs/build/lib/sonar_subs
[3.197s] running install
[3.199s] running install_lib
[3.200s] copying /home/uwr/Desktop/2024_UWR/build/sonar_subs/build/lib/sonar_subs/read_imu_i2c.py -> /home/uwr/Desktop/2024_UWR/install/sonar_subs/lib/python3.10/site-packages/sonar_subs
[3.207s] byte-compiling /home/uwr/Desktop/2024_UWR/install/sonar_subs/lib/python3.10/site-packages/sonar_subs/read_imu_i2c.py to read_imu_i2c.cpython-310.pyc
[3.207s] running install_data
[3.214s] running install_egg_info
[3.220s] removing '/home/uwr/Desktop/2024_UWR/install/sonar_subs/lib/python3.10/site-packages/sonar_subs-0.1.0-py3.10.egg-info' (and everything under it)
[3.221s] Copying ../../build/sonar_subs/sonar_subs.egg-info to /home/uwr/Desktop/2024_UWR/install/sonar_subs/lib/python3.10/site-packages/sonar_subs-0.1.0-py3.10.egg-info
[3.231s] running install_scripts
[3.286s] Installing imu script to /home/uwr/Desktop/2024_UWR/install/sonar_subs/lib/sonar_subs
[3.293s] Installing imu_i2c script to /home/uwr/Desktop/2024_UWR/install/sonar_subs/lib/sonar_subs
[3.293s] Installing kf_sync script to /home/uwr/Desktop/2024_UWR/install/sonar_subs/lib/sonar_subs
[3.294s] Installing sonar_reader script to /home/uwr/Desktop/2024_UWR/install/sonar_subs/lib/sonar_subs
[3.294s] Installing sync_readings script to /home/uwr/Desktop/2024_UWR/install/sonar_subs/lib/sonar_subs
[3.294s] writing list of installed files to '/home/uwr/Desktop/2024_UWR/build/sonar_subs/install.log'
[3.390s] Invoked command in '/home/uwr/Desktop/2024_UWR/src/sonar_subs' returned '0': CMAKE_PREFIX_PATH=/home/uwr/Desktop/2024_UWR/install/sonar_msgs:/home/uwr/Desktop/2024_UWR/install/xsens_mti_ros2_driver:/home/uwr/Desktop/2024_UWR/install/kalman_filter:/home/uwr/Desktop/2024_UWR/install/ntrip:/home/uwr/Desktop/2024_UWR/install/adnav-driver LD_LIBRARY_PATH=/home/uwr/Desktop/2024_UWR/install/sonar_msgs/lib:/home/uwr/Desktop/2024_UWR/install/xsens_mti_ros2_driver/lib:/opt/ros/humble/opt/rviz_ogre_vendor/lib:/opt/ros/humble/lib/x86_64-linux-gnu:/opt/ros/humble/lib PYTHONPATH=/home/uwr/Desktop/2024_UWR/build/sonar_subs/prefix_override:/usr/lib/python3/dist-packages/colcon_core/task/python/colcon_distutils_commands:/home/uwr/Desktop/2024_UWR/install/sonar_subs/lib/python3.10/site-packages:${PYTHONPATH} /usr/bin/python3 -W ignore:setup.py install is deprecated setup.py egg_info --egg-base ../../build/sonar_subs build --build-base /home/uwr/Desktop/2024_UWR/build/sonar_subs/build install --record /home/uwr/Desktop/2024_UWR/build/sonar_subs/install.log --single-version-externally-managed install_data
