[0.476s] Invoking command in '/home/saab/Desktop/2024_UWR/build/sonar_subs': CMAKE_PREFIX_PATH=/home/saab/Desktop/2024_UWR/install/sonar_msgs:/home/saab/Desktop/2024_UWR/install/xsens_mti_ros2_driver:/home/saab/Desktop/2024_UWR/install/kalman_filter:/home/saab/Desktop/2024_UWR/install/adnav-driver LD_LIBRARY_PATH=/home/saab/Desktop/2024_UWR/install/sonar_msgs/lib:/usr/local/cuda-12.4/lib64:/usr/lib/x86_64-linux-gnu:/home/saab/Desktop/2024_UWR/install/xsens_mti_ros2_driver/lib:/opt/ros/humble/opt/rviz_ogre_vendor/lib:/opt/ros/humble/lib/x86_64-linux-gnu:/opt/ros/humble/lib PYTHONPATH=/home/saab/Desktop/2024_UWR/build/sonar_subs/prefix_override:/usr/lib/python3/dist-packages/colcon_core/task/python/colcon_distutils_commands:/home/saab/Desktop/2024_UWR/install/sonar_subs/lib/python3.10/site-packages:/home/saab/Desktop/2024_UWR/install/sonar_msgs/local/lib/python3.10/dist-packages:${PYTHONPATH} /usr/bin/python3 -W ignore:setup.py install is deprecated -W ignore:easy_install command is deprecated setup.py develop --editable --build-directory /home/saab/Desktop/2024_UWR/build/sonar_subs/build --no-deps symlink_data
[0.678s] running develop
[0.875s] running egg_info
[0.875s] creating sonar_subs.egg-info
[0.875s] writing sonar_subs.egg-info/PKG-INFO
[0.875s] writing dependency_links to sonar_subs.egg-info/dependency_links.txt
[0.876s] writing entry points to sonar_subs.egg-info/entry_points.txt
[0.876s] writing requirements to sonar_subs.egg-info/requires.txt
[0.876s] writing top-level names to sonar_subs.egg-info/top_level.txt
[0.879s] writing manifest file 'sonar_subs.egg-info/SOURCES.txt'
[0.880s] reading manifest file 'sonar_subs.egg-info/SOURCES.txt'
[0.881s] writing manifest file 'sonar_subs.egg-info/SOURCES.txt'
[0.882s] running build_ext
[0.882s] Creating /home/saab/Desktop/2024_UWR/install/sonar_subs/lib/python3.10/site-packages/sonar-subs.egg-link (link to .)
[0.882s] Installing image_saver script to /home/saab/Desktop/2024_UWR/install/sonar_subs/lib/sonar_subs
[0.883s] Installing img_match script to /home/saab/Desktop/2024_UWR/install/sonar_subs/lib/sonar_subs
[0.883s] Installing imgpub script to /home/saab/Desktop/2024_UWR/install/sonar_subs/lib/sonar_subs
[0.883s] Installing imu script to /home/saab/Desktop/2024_UWR/install/sonar_subs/lib/sonar_subs
[0.883s] Installing imu_i2c script to /home/saab/Desktop/2024_UWR/install/sonar_subs/lib/sonar_subs
[0.883s] Installing kf_sync script to /home/saab/Desktop/2024_UWR/install/sonar_subs/lib/sonar_subs
[0.883s] Installing old_reader script to /home/saab/Desktop/2024_UWR/install/sonar_subs/lib/sonar_subs
[0.883s] Installing sonar_reader script to /home/saab/Desktop/2024_UWR/install/sonar_subs/lib/sonar_subs
[0.883s] Installing sync_readings script to /home/saab/Desktop/2024_UWR/install/sonar_subs/lib/sonar_subs
[0.883s] 
[0.883s] Installed /home/saab/Desktop/2024_UWR/build/sonar_subs
[0.883s] running symlink_data
[0.883s] creating /home/saab/Desktop/2024_UWR/install/sonar_subs/share/ament_index
[0.883s] creating /home/saab/Desktop/2024_UWR/install/sonar_subs/share/ament_index/resource_index
[0.884s] creating /home/saab/Desktop/2024_UWR/install/sonar_subs/share/ament_index/resource_index/packages
[0.884s] symbolically linking /home/saab/Desktop/2024_UWR/build/sonar_subs/resource/sonar_subs -> /home/saab/Desktop/2024_UWR/install/sonar_subs/share/ament_index/resource_index/packages
[0.884s] symbolically linking /home/saab/Desktop/2024_UWR/build/sonar_subs/package.xml -> /home/saab/Desktop/2024_UWR/install/sonar_subs/share/sonar_subs
[0.884s] creating /home/saab/Desktop/2024_UWR/install/sonar_subs/share/sonar_subs/launch
[0.884s] symbolically linking /home/saab/Desktop/2024_UWR/build/sonar_subs/launch/launch.py -> /home/saab/Desktop/2024_UWR/install/sonar_subs/share/sonar_subs/launch
[0.903s] Invoked command in '/home/saab/Desktop/2024_UWR/build/sonar_subs' returned '0': CMAKE_PREFIX_PATH=/home/saab/Desktop/2024_UWR/install/sonar_msgs:/home/saab/Desktop/2024_UWR/install/xsens_mti_ros2_driver:/home/saab/Desktop/2024_UWR/install/kalman_filter:/home/saab/Desktop/2024_UWR/install/adnav-driver LD_LIBRARY_PATH=/home/saab/Desktop/2024_UWR/install/sonar_msgs/lib:/usr/local/cuda-12.4/lib64:/usr/lib/x86_64-linux-gnu:/home/saab/Desktop/2024_UWR/install/xsens_mti_ros2_driver/lib:/opt/ros/humble/opt/rviz_ogre_vendor/lib:/opt/ros/humble/lib/x86_64-linux-gnu:/opt/ros/humble/lib PYTHONPATH=/home/saab/Desktop/2024_UWR/build/sonar_subs/prefix_override:/usr/lib/python3/dist-packages/colcon_core/task/python/colcon_distutils_commands:/home/saab/Desktop/2024_UWR/install/sonar_subs/lib/python3.10/site-packages:/home/saab/Desktop/2024_UWR/install/sonar_msgs/local/lib/python3.10/dist-packages:${PYTHONPATH} /usr/bin/python3 -W ignore:setup.py install is deprecated -W ignore:easy_install command is deprecated setup.py develop --editable --build-directory /home/saab/Desktop/2024_UWR/build/sonar_subs/build --no-deps symlink_data
