[0.020s] Invoking command in '/home/uwr/Desktop/2024_UWR/build/adnav-driver': CMAKE_PREFIX_PATH=${CMAKE_PREFIX_PATH}:/home/uwr/Desktop/2024_UWR/install/sonar_subs:/opt/ros/humble /usr/bin/cmake --build /home/uwr/Desktop/2024_UWR/build/adnav-driver -- -j8 -l8
[0.162s] [100%] Built target adnav_driver
[0.189s] Invoked command in '/home/uwr/Desktop/2024_UWR/build/adnav-driver' returned '0': CMAKE_PREFIX_PATH=${CMAKE_PREFIX_PATH}:/home/uwr/Desktop/2024_UWR/install/sonar_subs:/opt/ros/humble /usr/bin/cmake --build /home/uwr/Desktop/2024_UWR/build/adnav-driver -- -j8 -l8
[0.272s] Invoking command in '/home/uwr/Desktop/2024_UWR/build/adnav-driver': CMAKE_PREFIX_PATH=${CMAKE_PREFIX_PATH}:/home/uwr/Desktop/2024_UWR/install/sonar_subs:/opt/ros/humble /usr/bin/cmake --install /home/uwr/Desktop/2024_UWR/build/adnav-driver
[0.277s] -- Install configuration: ""
[0.282s] -- Up-to-date: /home/uwr/Desktop/2024_UWR/install/adnav-driver/lib/adnav-driver/adnav_driver
[0.283s] -- Up-to-date: /home/uwr/Desktop/2024_UWR/install/adnav-driver/share/ament_index/resource_index/package_run_dependencies/adnav-driver
[0.283s] -- Up-to-date: /home/uwr/Desktop/2024_UWR/install/adnav-driver/share/ament_index/resource_index/parent_prefix_path/adnav-driver
[0.283s] -- Up-to-date: /home/uwr/Desktop/2024_UWR/install/adnav-driver/share/adnav-driver/environment/ament_prefix_path.sh
[0.283s] -- Up-to-date: /home/uwr/Desktop/2024_UWR/install/adnav-driver/share/adnav-driver/environment/ament_prefix_path.dsv
[0.283s] -- Up-to-date: /home/uwr/Desktop/2024_UWR/install/adnav-driver/share/adnav-driver/environment/path.sh
[0.283s] -- Up-to-date: /home/uwr/Desktop/2024_UWR/install/adnav-driver/share/adnav-driver/environment/path.dsv
[0.283s] -- Up-to-date: /home/uwr/Desktop/2024_UWR/install/adnav-driver/share/adnav-driver/local_setup.bash
[0.284s] -- Up-to-date: /home/uwr/Desktop/2024_UWR/install/adnav-driver/share/adnav-driver/local_setup.sh
[0.284s] -- Up-to-date: /home/uwr/Desktop/2024_UWR/install/adnav-driver/share/adnav-driver/local_setup.zsh
[0.284s] -- Up-to-date: /home/uwr/Desktop/2024_UWR/install/adnav-driver/share/adnav-driver/local_setup.dsv
[0.284s] -- Installing: /home/uwr/Desktop/2024_UWR/install/adnav-driver/share/adnav-driver/package.dsv
[0.285s] -- Up-to-date: /home/uwr/Desktop/2024_UWR/install/adnav-driver/share/ament_index/resource_index/packages/adnav-driver
[0.288s] -- Up-to-date: /home/uwr/Desktop/2024_UWR/install/adnav-driver/share/adnav-driver/cmake/adnav-driverConfig.cmake
[0.288s] -- Up-to-date: /home/uwr/Desktop/2024_UWR/install/adnav-driver/share/adnav-driver/cmake/adnav-driverConfig-version.cmake
[0.288s] -- Up-to-date: /home/uwr/Desktop/2024_UWR/install/adnav-driver/share/adnav-driver/package.xml
[0.335s] Invoked command in '/home/uwr/Desktop/2024_UWR/build/adnav-driver' returned '0': CMAKE_PREFIX_PATH=${CMAKE_PREFIX_PATH}:/home/uwr/Desktop/2024_UWR/install/sonar_subs:/opt/ros/humble /usr/bin/cmake --install /home/uwr/Desktop/2024_UWR/build/adnav-driver
