[0.044s] Invoking command in '/home/uwr/Desktop/2024_UWR/build/ntrip': CMAKE_PREFIX_PATH=${CMAKE_PREFIX_PATH}:/home/uwr/Desktop/2024_UWR/install/sonar_subs:/opt/ros/humble /usr/bin/cmake --build /home/uwr/Desktop/2024_UWR/build/ntrip -- -j8 -l8
[0.237s] [100%] Built target ntrip
[0.292s] Invoked command in '/home/uwr/Desktop/2024_UWR/build/ntrip' returned '0': CMAKE_PREFIX_PATH=${CMAKE_PREFIX_PATH}:/home/uwr/Desktop/2024_UWR/install/sonar_subs:/opt/ros/humble /usr/bin/cmake --build /home/uwr/Desktop/2024_UWR/build/ntrip -- -j8 -l8
[0.391s] Invoking command in '/home/uwr/Desktop/2024_UWR/build/ntrip': CMAKE_PREFIX_PATH=${CMAKE_PREFIX_PATH}:/home/uwr/Desktop/2024_UWR/install/sonar_subs:/opt/ros/humble /usr/bin/cmake --install /home/uwr/Desktop/2024_UWR/build/ntrip
[0.415s] -- Install configuration: ""
[0.415s] -- Execute custom install script
[0.415s] -- Up-to-date symlink: /home/uwr/Desktop/2024_UWR/install/ntrip/lib/ntrip/ntrip
[0.416s] -- Up-to-date symlink: /home/uwr/Desktop/2024_UWR/install/ntrip/share/ntrip//launch/ntrip_launch.py
[0.416s] -- Up-to-date symlink: /home/uwr/Desktop/2024_UWR/install/ntrip/share/ament_index/resource_index/package_run_dependencies/ntrip
[0.422s] -- Up-to-date symlink: /home/uwr/Desktop/2024_UWR/install/ntrip/share/ament_index/resource_index/parent_prefix_path/ntrip
[0.422s] -- Up-to-date symlink: /home/uwr/Desktop/2024_UWR/install/ntrip/share/ntrip/environment/ament_prefix_path.sh
[0.423s] -- Up-to-date symlink: /home/uwr/Desktop/2024_UWR/install/ntrip/share/ntrip/environment/ament_prefix_path.dsv
[0.423s] -- Up-to-date symlink: /home/uwr/Desktop/2024_UWR/install/ntrip/share/ntrip/environment/path.sh
[0.423s] -- Up-to-date symlink: /home/uwr/Desktop/2024_UWR/install/ntrip/share/ntrip/environment/path.dsv
[0.424s] -- Up-to-date symlink: /home/uwr/Desktop/2024_UWR/install/ntrip/share/ntrip/local_setup.bash
[0.424s] -- Up-to-date symlink: /home/uwr/Desktop/2024_UWR/install/ntrip/share/ntrip/local_setup.sh
[0.424s] -- Up-to-date symlink: /home/uwr/Desktop/2024_UWR/install/ntrip/share/ntrip/local_setup.zsh
[0.424s] -- Up-to-date symlink: /home/uwr/Desktop/2024_UWR/install/ntrip/share/ntrip/local_setup.dsv
[0.424s] -- Symlinking: /home/uwr/Desktop/2024_UWR/install/ntrip/share/ntrip/package.dsv
[0.453s] -- Up-to-date symlink: /home/uwr/Desktop/2024_UWR/install/ntrip/share/ament_index/resource_index/packages/ntrip
[0.453s] -- Up-to-date symlink: /home/uwr/Desktop/2024_UWR/install/ntrip/share/ntrip/cmake/ntripConfig.cmake
[0.462s] -- Up-to-date symlink: /home/uwr/Desktop/2024_UWR/install/ntrip/share/ntrip/cmake/ntripConfig-version.cmake
[0.464s] -- Up-to-date symlink: /home/uwr/Desktop/2024_UWR/install/ntrip/share/ntrip/package.xml
[0.512s] Invoked command in '/home/uwr/Desktop/2024_UWR/build/ntrip' returned '0': CMAKE_PREFIX_PATH=${CMAKE_PREFIX_PATH}:/home/uwr/Desktop/2024_UWR/install/sonar_subs:/opt/ros/humble /usr/bin/cmake --install /home/uwr/Desktop/2024_UWR/build/ntrip
