[0.654s] Invoking command in '/home/saab/Desktop/2024_UWR/src/sonar_subs': CMAKE_PREFIX_PATH=/home/saab/Desktop/2024_UWR/install/sonar_msgs:/home/saab/Desktop/2024_UWR/install/xsens_mti_ros2_driver:/home/saab/Desktop/2024_UWR/install/kalman_filter:/home/saab/Desktop/2024_UWR/install/ntrip:/home/saab/Desktop/2024_UWR/install/adnav-driver CONDA_PROMPT_MODIFIER=(base) LD_LIBRARY_PATH=/home/saab/Desktop/2024_UWR/install/sonar_msgs/lib:/home/saab/Desktop/2024_UWR/install/xsens_mti_ros2_driver/lib:/opt/ros/humble/opt/rviz_ogre_vendor/lib:/opt/ros/humble/lib/x86_64-linux-gnu:/opt/ros/humble/lib PYTHONPATH=/home/saab/Desktop/2024_UWR/build/sonar_subs/prefix_override:/usr/lib/python3/dist-packages/colcon_core/task/python/colcon_distutils_commands:/home/saab/Desktop/2024_UWR/install/sonar_subs/lib/python3.10/site-packages:${PYTHONPATH} /usr/bin/python3 -W ignore:setup.py install is deprecated setup.py egg_info --egg-base ../../build/sonar_subs build --build-base /home/saab/Desktop/2024_UWR/build/sonar_subs/build install --record /home/saab/Desktop/2024_UWR/build/sonar_subs/install.log --single-version-externally-managed install_data
[0.881s] running egg_info
[0.881s] writing ../../build/sonar_subs/sonar_subs.egg-info/PKG-INFO
[0.882s] writing dependency_links to ../../build/sonar_subs/sonar_subs.egg-info/dependency_links.txt
[0.882s] writing entry points to ../../build/sonar_subs/sonar_subs.egg-info/entry_points.txt
[0.882s] writing requirements to ../../build/sonar_subs/sonar_subs.egg-info/requires.txt
[0.882s] writing top-level names to ../../build/sonar_subs/sonar_subs.egg-info/top_level.txt
[0.888s] reading manifest file '../../build/sonar_subs/sonar_subs.egg-info/SOURCES.txt'
[0.888s] adding license file 'LICENSE'
[0.888s] writing manifest file '../../build/sonar_subs/sonar_subs.egg-info/SOURCES.txt'
[0.888s] running build
[0.888s] running build_py
[0.888s] copying sonar_subs/read_imu_i2c.py -> /home/saab/Desktop/2024_UWR/build/sonar_subs/build/lib/sonar_subs
[0.889s] running install
[0.889s] running install_lib
[0.890s] copying /home/saab/Desktop/2024_UWR/build/sonar_subs/build/lib/sonar_subs/read_imu_i2c.py -> /home/saab/Desktop/2024_UWR/install/sonar_subs/lib/python3.10/site-packages/sonar_subs
[0.890s] byte-compiling /home/saab/Desktop/2024_UWR/install/sonar_subs/lib/python3.10/site-packages/sonar_subs/read_imu_i2c.py to read_imu_i2c.cpython-310.pyc
[0.891s] running install_data
[0.891s] running install_egg_info
[0.893s] removing '/home/saab/Desktop/2024_UWR/install/sonar_subs/lib/python3.10/site-packages/sonar_subs-0.1.0-py3.10.egg-info' (and everything under it)
[0.893s] Copying ../../build/sonar_subs/sonar_subs.egg-info to /home/saab/Desktop/2024_UWR/install/sonar_subs/lib/python3.10/site-packages/sonar_subs-0.1.0-py3.10.egg-info
[0.894s] running install_scripts
[0.919s] Installing imu script to /home/saab/Desktop/2024_UWR/install/sonar_subs/lib/sonar_subs
[0.919s] Installing imu_i2c script to /home/saab/Desktop/2024_UWR/install/sonar_subs/lib/sonar_subs
[0.919s] Installing kf_sync script to /home/saab/Desktop/2024_UWR/install/sonar_subs/lib/sonar_subs
[0.920s] Installing sonar_reader script to /home/saab/Desktop/2024_UWR/install/sonar_subs/lib/sonar_subs
[0.920s] Installing sync_readings script to /home/saab/Desktop/2024_UWR/install/sonar_subs/lib/sonar_subs
[0.920s] writing list of installed files to '/home/saab/Desktop/2024_UWR/build/sonar_subs/install.log'
[0.935s] Invoked command in '/home/saab/Desktop/2024_UWR/src/sonar_subs' returned '0': CMAKE_PREFIX_PATH=/home/saab/Desktop/2024_UWR/install/sonar_msgs:/home/saab/Desktop/2024_UWR/install/xsens_mti_ros2_driver:/home/saab/Desktop/2024_UWR/install/kalman_filter:/home/saab/Desktop/2024_UWR/install/ntrip:/home/saab/Desktop/2024_UWR/install/adnav-driver CONDA_PROMPT_MODIFIER=(base) LD_LIBRARY_PATH=/home/saab/Desktop/2024_UWR/install/sonar_msgs/lib:/home/saab/Desktop/2024_UWR/install/xsens_mti_ros2_driver/lib:/opt/ros/humble/opt/rviz_ogre_vendor/lib:/opt/ros/humble/lib/x86_64-linux-gnu:/opt/ros/humble/lib PYTHONPATH=/home/saab/Desktop/2024_UWR/build/sonar_subs/prefix_override:/usr/lib/python3/dist-packages/colcon_core/task/python/colcon_distutils_commands:/home/saab/Desktop/2024_UWR/install/sonar_subs/lib/python3.10/site-packages:${PYTHONPATH} /usr/bin/python3 -W ignore:setup.py install is deprecated setup.py egg_info --egg-base ../../build/sonar_subs build --build-base /home/saab/Desktop/2024_UWR/build/sonar_subs/build install --record /home/saab/Desktop/2024_UWR/build/sonar_subs/install.log --single-version-externally-managed install_data
