running egg_info
creating ../../build/sonar_subs/sonar_subs.egg-info
writing ../../build/sonar_subs/sonar_subs.egg-info/PKG-INFO
writing dependency_links to ../../build/sonar_subs/sonar_subs.egg-info/dependency_links.txt
writing entry points to ../../build/sonar_subs/sonar_subs.egg-info/entry_points.txt
writing requirements to ../../build/sonar_subs/sonar_subs.egg-info/requires.txt
writing top-level names to ../../build/sonar_subs/sonar_subs.egg-info/top_level.txt
writing manifest file '../../build/sonar_subs/sonar_subs.egg-info/SOURCES.txt'
reading manifest file '../../build/sonar_subs/sonar_subs.egg-info/SOURCES.txt'
adding license file 'LICENSE'
writing manifest file '../../build/sonar_subs/sonar_subs.egg-info/SOURCES.txt'
running build
running build_py
creating /home/saab/Desktop/2024_UWR/build/sonar_subs/build
creating /home/saab/Desktop/2024_UWR/build/sonar_subs/build/lib
creating /home/saab/Desktop/2024_UWR/build/sonar_subs/build/lib/sonar_subs
copying sonar_subs/sync_ros2_kf.py -> /home/saab/Desktop/2024_UWR/build/sonar_subs/build/lib/sonar_subs
copying sonar_subs/read_imu.py -> /home/saab/Desktop/2024_UWR/build/sonar_subs/build/lib/sonar_subs
copying sonar_subs/read_imu_i2c.py -> /home/saab/Desktop/2024_UWR/build/sonar_subs/build/lib/sonar_subs
copying sonar_subs/sync_ros2.py -> /home/saab/Desktop/2024_UWR/build/sonar_subs/build/lib/sonar_subs
copying sonar_subs/__init__.py -> /home/saab/Desktop/2024_UWR/build/sonar_subs/build/lib/sonar_subs
copying sonar_subs/read_sonar.py -> /home/saab/Desktop/2024_UWR/build/sonar_subs/build/lib/sonar_subs
running install
running install_lib
copying /home/saab/Desktop/2024_UWR/build/sonar_subs/build/lib/sonar_subs/read_imu_i2c.py -> /home/saab/Desktop/2024_UWR/install/sonar_subs/lib/python3.10/site-packages/sonar_subs
byte-compiling /home/saab/Desktop/2024_UWR/install/sonar_subs/lib/python3.10/site-packages/sonar_subs/read_imu_i2c.py to read_imu_i2c.cpython-310.pyc
running install_data
running install_egg_info
removing '/home/saab/Desktop/2024_UWR/install/sonar_subs/lib/python3.10/site-packages/sonar_subs-0.1.0-py3.10.egg-info' (and everything under it)
Copying ../../build/sonar_subs/sonar_subs.egg-info to /home/saab/Desktop/2024_UWR/install/sonar_subs/lib/python3.10/site-packages/sonar_subs-0.1.0-py3.10.egg-info
running install_scripts
Installing imu script to /home/saab/Desktop/2024_UWR/install/sonar_subs/lib/sonar_subs
Installing imu_i2c script to /home/saab/Desktop/2024_UWR/install/sonar_subs/lib/sonar_subs
Installing kf_sync script to /home/saab/Desktop/2024_UWR/install/sonar_subs/lib/sonar_subs
Installing sonar_reader script to /home/saab/Desktop/2024_UWR/install/sonar_subs/lib/sonar_subs
Installing sync_readings script to /home/saab/Desktop/2024_UWR/install/sonar_subs/lib/sonar_subs
writing list of installed files to '/home/saab/Desktop/2024_UWR/build/sonar_subs/install.log'
