[0.030s] Invoking command in '/home/uwr/Desktop/2024_UWR/build/ros2-driver': CMAKE_PREFIX_PATH=${CMAKE_PREFIX_PATH}:/home/uwr/Desktop/2024_UWR/install/sonar_subs:/opt/ros/humble /usr/bin/cmake --build /home/uwr/Desktop/2024_UWR/build/ros2-driver -- -j8 -l8
[0.110s] [35m[1mConsolidate compiler generated dependencies of target adnav_driver[0m
[0.189s] [100%] Built target adnav_driver
[0.239s] Invoked command in '/home/uwr/Desktop/2024_UWR/build/ros2-driver' returned '0': CMAKE_PREFIX_PATH=${CMAKE_PREFIX_PATH}:/home/uwr/Desktop/2024_UWR/install/sonar_subs:/opt/ros/humble /usr/bin/cmake --build /home/uwr/Desktop/2024_UWR/build/ros2-driver -- -j8 -l8
[0.340s] Invoking command in '/home/uwr/Desktop/2024_UWR/build/ros2-driver': CMAKE_PREFIX_PATH=${CMAKE_PREFIX_PATH}:/home/uwr/Desktop/2024_UWR/install/sonar_subs:/opt/ros/humble /usr/bin/cmake --install /home/uwr/Desktop/2024_UWR/build/ros2-driver
[0.377s] -- Install configuration: ""
[0.381s] -- Up-to-date: /home/uwr/Desktop/2024_UWR/install/ros2-driver/lib/ros2-driver/adnav_driver
[0.381s] -- Up-to-date: /home/uwr/Desktop/2024_UWR/install/ros2-driver/share/ament_index/resource_index/package_run_dependencies/ros2-driver
[0.382s] -- Up-to-date: /home/uwr/Desktop/2024_UWR/install/ros2-driver/share/ament_index/resource_index/parent_prefix_path/ros2-driver
[0.382s] -- Up-to-date: /home/uwr/Desktop/2024_UWR/install/ros2-driver/share/ros2-driver/environment/ament_prefix_path.sh
[0.382s] -- Up-to-date: /home/uwr/Desktop/2024_UWR/install/ros2-driver/share/ros2-driver/environment/ament_prefix_path.dsv
[0.382s] -- Up-to-date: /home/uwr/Desktop/2024_UWR/install/ros2-driver/share/ros2-driver/environment/path.sh
[0.382s] -- Up-to-date: /home/uwr/Desktop/2024_UWR/install/ros2-driver/share/ros2-driver/environment/path.dsv
[0.382s] -- Up-to-date: /home/uwr/Desktop/2024_UWR/install/ros2-driver/share/ros2-driver/local_setup.bash
[0.383s] -- Up-to-date: /home/uwr/Desktop/2024_UWR/install/ros2-driver/share/ros2-driver/local_setup.sh
[0.383s] -- Up-to-date: /home/uwr/Desktop/2024_UWR/install/ros2-driver/share/ros2-driver/local_setup.zsh
[0.383s] -- Up-to-date: /home/uwr/Desktop/2024_UWR/install/ros2-driver/share/ros2-driver/local_setup.dsv
[0.383s] -- Installing: /home/uwr/Desktop/2024_UWR/install/ros2-driver/share/ros2-driver/package.dsv
[0.389s] -- Up-to-date: /home/uwr/Desktop/2024_UWR/install/ros2-driver/share/ament_index/resource_index/packages/ros2-driver
[0.389s] -- Up-to-date: /home/uwr/Desktop/2024_UWR/install/ros2-driver/share/ros2-driver/cmake/ros2-driverConfig.cmake
[0.390s] -- Up-to-date: /home/uwr/Desktop/2024_UWR/install/ros2-driver/share/ros2-driver/cmake/ros2-driverConfig-version.cmake
[0.390s] -- Up-to-date: /home/uwr/Desktop/2024_UWR/install/ros2-driver/share/ros2-driver/package.xml
[0.394s] Invoked command in '/home/uwr/Desktop/2024_UWR/build/ros2-driver' returned '0': CMAKE_PREFIX_PATH=${CMAKE_PREFIX_PATH}:/home/uwr/Desktop/2024_UWR/install/sonar_subs:/opt/ros/humble /usr/bin/cmake --install /home/uwr/Desktop/2024_UWR/build/ros2-driver
