[0.086s] DEBUG:colcon:Command line arguments: ['/usr/bin/colcon', 'build', '--packages-select', 'kalman_filter']
[0.087s] DEBUG:colcon:Parsed command line arguments: Namespace(log_base=None, log_level=None, verb_name='build', build_base='build', install_base='install', merge_install=False, symlink_install=False, test_result_base=None, continue_on_error=False, executor='parallel', parallel_workers=8, event_handlers=None, ignore_user_meta=False, metas=['./colcon.meta'], base_paths=['.'], packages_ignore=None, packages_ignore_regex=None, paths=None, packages_up_to=None, packages_up_to_regex=None, packages_above=None, packages_above_and_dependencies=None, packages_above_depth=None, packages_select_by_dep=None, packages_skip_by_dep=None, packages_skip_up_to=None, packages_select_build_failed=False, packages_skip_build_finished=False, packages_select_test_failures=False, packages_skip_test_passed=False, packages_select=['kalman_filter'], packages_skip=None, packages_select_regex=None, packages_skip_regex=None, packages_start=None, packages_end=None, allow_overriding=[], cmake_args=None, cmake_target=None, cmake_target_skip_unavailable=False, cmake_clean_cache=False, cmake_clean_first=False, cmake_force_configure=False, ament_cmake_args=None, catkin_cmake_args=None, catkin_skip_building_tests=False, verb_parser=<colcon_defaults.argument_parser.defaults.DefaultArgumentsDecorator object at 0x732727010b80>, verb_extension=<colcon_core.verb.build.BuildVerb object at 0x7327271096f0>, main=<bound method BuildVerb.main of <colcon_core.verb.build.BuildVerb object at 0x7327271096f0>>)
[0.239s] Level 1:colcon.colcon_core.package_discovery:discover_packages(colcon_meta) check parameters
[0.240s] Level 1:colcon.colcon_core.package_discovery:discover_packages(recursive) check parameters
[0.240s] Level 1:colcon.colcon_core.package_discovery:discover_packages(ignore) check parameters
[0.240s] Level 1:colcon.colcon_core.package_discovery:discover_packages(path) check parameters
[0.240s] Level 1:colcon.colcon_core.package_discovery:discover_packages(colcon_meta) discover
[0.240s] Level 1:colcon.colcon_core.package_discovery:discover_packages(recursive) discover
[0.240s] INFO:colcon.colcon_core.package_discovery:Crawling recursively for packages in '/home/uwr/Desktop/2024_UWR'
[0.240s] Level 1:colcon.colcon_core.package_identification:_identify(.) by extensions ['ignore', 'ignore_ament_install']
[0.240s] Level 1:colcon.colcon_core.package_identification:_identify(.) by extension 'ignore'
[0.240s] Level 1:colcon.colcon_core.package_identification:_identify(.) by extension 'ignore_ament_install'
[0.240s] Level 1:colcon.colcon_core.package_identification:_identify(.) by extensions ['colcon_pkg']
[0.240s] Level 1:colcon.colcon_core.package_identification:_identify(.) by extension 'colcon_pkg'
[0.240s] Level 1:colcon.colcon_core.package_identification:_identify(.) by extensions ['colcon_meta']
[0.240s] Level 1:colcon.colcon_core.package_identification:_identify(.) by extension 'colcon_meta'
[0.240s] Level 1:colcon.colcon_core.package_identification:_identify(.) by extensions ['ros']
[0.241s] Level 1:colcon.colcon_core.package_identification:_identify(.) by extension 'ros'
[0.250s] Level 1:colcon.colcon_core.package_identification:_identify(.) by extensions ['cmake', 'python']
[0.250s] Level 1:colcon.colcon_core.package_identification:_identify(.) by extension 'cmake'
[0.250s] Level 1:colcon.colcon_core.package_identification:_identify(.) by extension 'python'
[0.250s] Level 1:colcon.colcon_core.package_identification:_identify(.) by extensions ['python_setup_py']
[0.250s] Level 1:colcon.colcon_core.package_identification:_identify(.) by extension 'python_setup_py'
[0.250s] Level 1:colcon.colcon_core.package_identification:_identify(Analysis) by extensions ['ignore', 'ignore_ament_install']
[0.250s] Level 1:colcon.colcon_core.package_identification:_identify(Analysis) by extension 'ignore'
[0.250s] Level 1:colcon.colcon_core.package_identification:_identify(Analysis) by extension 'ignore_ament_install'
[0.250s] Level 1:colcon.colcon_core.package_identification:_identify(Analysis) by extensions ['colcon_pkg']
[0.250s] Level 1:colcon.colcon_core.package_identification:_identify(Analysis) by extension 'colcon_pkg'
[0.250s] Level 1:colcon.colcon_core.package_identification:_identify(Analysis) by extensions ['colcon_meta']
[0.250s] Level 1:colcon.colcon_core.package_identification:_identify(Analysis) by extension 'colcon_meta'
[0.250s] Level 1:colcon.colcon_core.package_identification:_identify(Analysis) by extensions ['ros']
[0.250s] Level 1:colcon.colcon_core.package_identification:_identify(Analysis) by extension 'ros'
[0.251s] Level 1:colcon.colcon_core.package_identification:_identify(Analysis) by extensions ['cmake', 'python']
[0.251s] Level 1:colcon.colcon_core.package_identification:_identify(Analysis) by extension 'cmake'
[0.251s] Level 1:colcon.colcon_core.package_identification:_identify(Analysis) by extension 'python'
[0.251s] Level 1:colcon.colcon_core.package_identification:_identify(Analysis) by extensions ['python_setup_py']
[0.251s] Level 1:colcon.colcon_core.package_identification:_identify(Analysis) by extension 'python_setup_py'
[0.251s] Level 1:colcon.colcon_core.package_identification:_identify(Analysis/Last) by extensions ['ignore', 'ignore_ament_install']
[0.251s] Level 1:colcon.colcon_core.package_identification:_identify(Analysis/Last) by extension 'ignore'
[0.251s] Level 1:colcon.colcon_core.package_identification:_identify(Analysis/Last) by extension 'ignore_ament_install'
[0.251s] Level 1:colcon.colcon_core.package_identification:_identify(Analysis/Last) by extensions ['colcon_pkg']
[0.251s] Level 1:colcon.colcon_core.package_identification:_identify(Analysis/Last) by extension 'colcon_pkg'
[0.251s] Level 1:colcon.colcon_core.package_identification:_identify(Analysis/Last) by extensions ['colcon_meta']
[0.251s] Level 1:colcon.colcon_core.package_identification:_identify(Analysis/Last) by extension 'colcon_meta'
[0.251s] Level 1:colcon.colcon_core.package_identification:_identify(Analysis/Last) by extensions ['ros']
[0.251s] Level 1:colcon.colcon_core.package_identification:_identify(Analysis/Last) by extension 'ros'
[0.251s] Level 1:colcon.colcon_core.package_identification:_identify(Analysis/Last) by extensions ['cmake', 'python']
[0.251s] Level 1:colcon.colcon_core.package_identification:_identify(Analysis/Last) by extension 'cmake'
[0.251s] Level 1:colcon.colcon_core.package_identification:_identify(Analysis/Last) by extension 'python'
[0.251s] Level 1:colcon.colcon_core.package_identification:_identify(Analysis/Last) by extensions ['python_setup_py']
[0.251s] Level 1:colcon.colcon_core.package_identification:_identify(Analysis/Last) by extension 'python_setup_py'
[0.251s] Level 1:colcon.colcon_core.package_identification:_identify(adnav-driver) by extensions ['ignore', 'ignore_ament_install']
[0.251s] Level 1:colcon.colcon_core.package_identification:_identify(adnav-driver) by extension 'ignore'
[0.251s] Level 1:colcon.colcon_core.package_identification:_identify(adnav-driver) by extension 'ignore_ament_install'
[0.251s] Level 1:colcon.colcon_core.package_identification:_identify(adnav-driver) by extensions ['colcon_pkg']
[0.252s] Level 1:colcon.colcon_core.package_identification:_identify(adnav-driver) by extension 'colcon_pkg'
[0.252s] Level 1:colcon.colcon_core.package_identification:_identify(adnav-driver) by extensions ['colcon_meta']
[0.252s] Level 1:colcon.colcon_core.package_identification:_identify(adnav-driver) by extension 'colcon_meta'
[0.252s] Level 1:colcon.colcon_core.package_identification:_identify(adnav-driver) by extensions ['ros']
[0.252s] Level 1:colcon.colcon_core.package_identification:_identify(adnav-driver) by extension 'ros'
[0.261s] DEBUG:colcon.colcon_core.package_identification:Package 'adnav-driver' with type 'ros.ament_cmake' and name 'adnav-driver'
[0.261s] Level 1:colcon.colcon_core.package_identification:_identify(build) by extensions ['ignore', 'ignore_ament_install']
[0.262s] Level 1:colcon.colcon_core.package_identification:_identify(build) by extension 'ignore'
[0.262s] Level 1:colcon.colcon_core.package_identification:_identify(build) ignored
[0.262s] Level 1:colcon.colcon_core.package_identification:_identify(install) by extensions ['ignore', 'ignore_ament_install']
[0.262s] Level 1:colcon.colcon_core.package_identification:_identify(install) by extension 'ignore'
[0.262s] Level 1:colcon.colcon_core.package_identification:_identify(install) ignored
[0.262s] Level 1:colcon.colcon_core.package_identification:_identify(log) by extensions ['ignore', 'ignore_ament_install']
[0.262s] Level 1:colcon.colcon_core.package_identification:_identify(log) by extension 'ignore'
[0.262s] Level 1:colcon.colcon_core.package_identification:_identify(log) ignored
[0.262s] Level 1:colcon.colcon_core.package_identification:_identify(src) by extensions ['ignore', 'ignore_ament_install']
[0.263s] Level 1:colcon.colcon_core.package_identification:_identify(src) by extension 'ignore'
[0.263s] Level 1:colcon.colcon_core.package_identification:_identify(src) by extension 'ignore_ament_install'
[0.263s] Level 1:colcon.colcon_core.package_identification:_identify(src) by extensions ['colcon_pkg']
[0.263s] Level 1:colcon.colcon_core.package_identification:_identify(src) by extension 'colcon_pkg'
[0.263s] Level 1:colcon.colcon_core.package_identification:_identify(src) by extensions ['colcon_meta']
[0.263s] Level 1:colcon.colcon_core.package_identification:_identify(src) by extension 'colcon_meta'
[0.263s] Level 1:colcon.colcon_core.package_identification:_identify(src) by extensions ['ros']
[0.263s] Level 1:colcon.colcon_core.package_identification:_identify(src) by extension 'ros'
[0.263s] Level 1:colcon.colcon_core.package_identification:_identify(src) by extensions ['cmake', 'python']
[0.263s] Level 1:colcon.colcon_core.package_identification:_identify(src) by extension 'cmake'
[0.263s] Level 1:colcon.colcon_core.package_identification:_identify(src) by extension 'python'
[0.263s] Level 1:colcon.colcon_core.package_identification:_identify(src) by extensions ['python_setup_py']
[0.263s] Level 1:colcon.colcon_core.package_identification:_identify(src) by extension 'python_setup_py'
[0.263s] Level 1:colcon.colcon_core.package_identification:_identify(src/kalman_filter) by extensions ['ignore', 'ignore_ament_install']
[0.263s] Level 1:colcon.colcon_core.package_identification:_identify(src/kalman_filter) by extension 'ignore'
[0.263s] Level 1:colcon.colcon_core.package_identification:_identify(src/kalman_filter) by extension 'ignore_ament_install'
[0.263s] Level 1:colcon.colcon_core.package_identification:_identify(src/kalman_filter) by extensions ['colcon_pkg']
[0.263s] Level 1:colcon.colcon_core.package_identification:_identify(src/kalman_filter) by extension 'colcon_pkg'
[0.263s] Level 1:colcon.colcon_core.package_identification:_identify(src/kalman_filter) by extensions ['colcon_meta']
[0.263s] Level 1:colcon.colcon_core.package_identification:_identify(src/kalman_filter) by extension 'colcon_meta'
[0.263s] Level 1:colcon.colcon_core.package_identification:_identify(src/kalman_filter) by extensions ['ros']
[0.263s] Level 1:colcon.colcon_core.package_identification:_identify(src/kalman_filter) by extension 'ros'
[0.264s] DEBUG:colcon.colcon_core.package_identification:Package 'src/kalman_filter' with type 'ros.ament_cmake' and name 'kalman_filter'
[0.264s] Level 1:colcon.colcon_core.package_identification:_identify(src/ntrip) by extensions ['ignore', 'ignore_ament_install']
[0.264s] Level 1:colcon.colcon_core.package_identification:_identify(src/ntrip) by extension 'ignore'
[0.264s] Level 1:colcon.colcon_core.package_identification:_identify(src/ntrip) by extension 'ignore_ament_install'
[0.264s] Level 1:colcon.colcon_core.package_identification:_identify(src/ntrip) by extensions ['colcon_pkg']
[0.264s] Level 1:colcon.colcon_core.package_identification:_identify(src/ntrip) by extension 'colcon_pkg'
[0.264s] Level 1:colcon.colcon_core.package_identification:_identify(src/ntrip) by extensions ['colcon_meta']
[0.264s] Level 1:colcon.colcon_core.package_identification:_identify(src/ntrip) by extension 'colcon_meta'
[0.264s] Level 1:colcon.colcon_core.package_identification:_identify(src/ntrip) by extensions ['ros']
[0.264s] Level 1:colcon.colcon_core.package_identification:_identify(src/ntrip) by extension 'ros'
[0.265s] DEBUG:colcon.colcon_core.package_identification:Package 'src/ntrip' with type 'ros.ament_cmake' and name 'ntrip'
[0.265s] Level 1:colcon.colcon_core.package_identification:_identify(src/sonar_msgs) by extensions ['ignore', 'ignore_ament_install']
[0.265s] Level 1:colcon.colcon_core.package_identification:_identify(src/sonar_msgs) by extension 'ignore'
[0.265s] Level 1:colcon.colcon_core.package_identification:_identify(src/sonar_msgs) by extension 'ignore_ament_install'
[0.265s] Level 1:colcon.colcon_core.package_identification:_identify(src/sonar_msgs) by extensions ['colcon_pkg']
[0.265s] Level 1:colcon.colcon_core.package_identification:_identify(src/sonar_msgs) by extension 'colcon_pkg'
[0.265s] Level 1:colcon.colcon_core.package_identification:_identify(src/sonar_msgs) by extensions ['colcon_meta']
[0.266s] Level 1:colcon.colcon_core.package_identification:_identify(src/sonar_msgs) by extension 'colcon_meta'
[0.266s] Level 1:colcon.colcon_core.package_identification:_identify(src/sonar_msgs) by extensions ['ros']
[0.266s] Level 1:colcon.colcon_core.package_identification:_identify(src/sonar_msgs) by extension 'ros'
[0.266s] DEBUG:colcon.colcon_core.package_identification:Package 'src/sonar_msgs' with type 'ros.ament_cmake' and name 'sonar_msgs'
[0.266s] Level 1:colcon.colcon_core.package_identification:_identify(src/sonar_subs) by extensions ['ignore', 'ignore_ament_install']
[0.266s] Level 1:colcon.colcon_core.package_identification:_identify(src/sonar_subs) by extension 'ignore'
[0.266s] Level 1:colcon.colcon_core.package_identification:_identify(src/sonar_subs) by extension 'ignore_ament_install'
[0.266s] Level 1:colcon.colcon_core.package_identification:_identify(src/sonar_subs) by extensions ['colcon_pkg']
[0.266s] Level 1:colcon.colcon_core.package_identification:_identify(src/sonar_subs) by extension 'colcon_pkg'
[0.266s] Level 1:colcon.colcon_core.package_identification:_identify(src/sonar_subs) by extensions ['colcon_meta']
[0.267s] Level 1:colcon.colcon_core.package_identification:_identify(src/sonar_subs) by extension 'colcon_meta'
[0.267s] Level 1:colcon.colcon_core.package_identification:_identify(src/sonar_subs) by extensions ['ros']
[0.267s] Level 1:colcon.colcon_core.package_identification:_identify(src/sonar_subs) by extension 'ros'
[0.267s] DEBUG:colcon.colcon_core.package_identification:Package 'src/sonar_subs' with type 'ros.ament_python' and name 'sonar_subs'
[0.267s] Level 1:colcon.colcon_core.package_identification:_identify(src/xsens_mti_ros2_driver) by extensions ['ignore', 'ignore_ament_install']
[0.267s] Level 1:colcon.colcon_core.package_identification:_identify(src/xsens_mti_ros2_driver) by extension 'ignore'
[0.267s] Level 1:colcon.colcon_core.package_identification:_identify(src/xsens_mti_ros2_driver) by extension 'ignore_ament_install'
[0.267s] Level 1:colcon.colcon_core.package_identification:_identify(src/xsens_mti_ros2_driver) by extensions ['colcon_pkg']
[0.267s] Level 1:colcon.colcon_core.package_identification:_identify(src/xsens_mti_ros2_driver) by extension 'colcon_pkg'
[0.267s] Level 1:colcon.colcon_core.package_identification:_identify(src/xsens_mti_ros2_driver) by extensions ['colcon_meta']
[0.267s] Level 1:colcon.colcon_core.package_identification:_identify(src/xsens_mti_ros2_driver) by extension 'colcon_meta'
[0.267s] Level 1:colcon.colcon_core.package_identification:_identify(src/xsens_mti_ros2_driver) by extensions ['ros']
[0.268s] Level 1:colcon.colcon_core.package_identification:_identify(src/xsens_mti_ros2_driver) by extension 'ros'
[0.268s] DEBUG:colcon.colcon_core.package_identification:Package 'src/xsens_mti_ros2_driver' with type 'ros.ament_cmake' and name 'xsens_mti_ros2_driver'
[0.268s] Level 1:colcon.colcon_core.package_discovery:discover_packages(recursive) using defaults
[0.268s] Level 1:colcon.colcon_core.package_discovery:discover_packages(ignore) discover
[0.268s] Level 1:colcon.colcon_core.package_discovery:discover_packages(ignore) using defaults
[0.268s] Level 1:colcon.colcon_core.package_discovery:discover_packages(path) discover
[0.268s] Level 1:colcon.colcon_core.package_discovery:discover_packages(path) using defaults
[0.286s] INFO:colcon.colcon_core.package_selection:Skipping not selected package 'adnav-driver' in 'adnav-driver'
[0.286s] INFO:colcon.colcon_core.package_selection:Skipping not selected package 'ntrip' in 'src/ntrip'
[0.286s] INFO:colcon.colcon_core.package_selection:Skipping not selected package 'sonar_msgs' in 'src/sonar_msgs'
[0.286s] INFO:colcon.colcon_core.package_selection:Skipping not selected package 'xsens_mti_ros2_driver' in 'src/xsens_mti_ros2_driver'
[0.286s] INFO:colcon.colcon_core.package_selection:Skipping not selected package 'sonar_subs' in 'src/sonar_subs'
[0.286s] Level 1:colcon.colcon_core.package_discovery:discover_packages(prefix_path) check parameters
[0.287s] Level 1:colcon.colcon_core.package_discovery:discover_packages(prefix_path) discover
[0.289s] DEBUG:colcon.colcon_installed_package_information.package_discovery:Found 6 installed packages in /home/uwr/Desktop/2024_UWR/install
[0.290s] DEBUG:colcon.colcon_installed_package_information.package_discovery:Found 280 installed packages in /opt/ros/humble
[0.299s] Level 1:colcon.colcon_core.package_discovery:discover_packages(prefix_path) using defaults
[0.332s] Level 5:colcon.colcon_core.verb:set package 'kalman_filter' build argument 'cmake_args' from command line to 'None'
[0.332s] Level 5:colcon.colcon_core.verb:set package 'kalman_filter' build argument 'cmake_target' from command line to 'None'
[0.332s] Level 5:colcon.colcon_core.verb:set package 'kalman_filter' build argument 'cmake_target_skip_unavailable' from command line to 'False'
[0.332s] Level 5:colcon.colcon_core.verb:set package 'kalman_filter' build argument 'cmake_clean_cache' from command line to 'False'
[0.332s] Level 5:colcon.colcon_core.verb:set package 'kalman_filter' build argument 'cmake_clean_first' from command line to 'False'
[0.332s] Level 5:colcon.colcon_core.verb:set package 'kalman_filter' build argument 'cmake_force_configure' from command line to 'False'
[0.332s] Level 5:colcon.colcon_core.verb:set package 'kalman_filter' build argument 'ament_cmake_args' from command line to 'None'
[0.332s] Level 5:colcon.colcon_core.verb:set package 'kalman_filter' build argument 'catkin_cmake_args' from command line to 'None'
[0.332s] Level 5:colcon.colcon_core.verb:set package 'kalman_filter' build argument 'catkin_skip_building_tests' from command line to 'False'
[0.333s] DEBUG:colcon.colcon_core.verb:Building package 'kalman_filter' with the following arguments: {'ament_cmake_args': None, 'build_base': '/home/uwr/Desktop/2024_UWR/build/kalman_filter', 'catkin_cmake_args': None, 'catkin_skip_building_tests': False, 'cmake_args': None, 'cmake_clean_cache': False, 'cmake_clean_first': False, 'cmake_force_configure': False, 'cmake_target': None, 'cmake_target_skip_unavailable': False, 'install_base': '/home/uwr/Desktop/2024_UWR/install/kalman_filter', 'merge_install': False, 'path': '/home/uwr/Desktop/2024_UWR/src/kalman_filter', 'symlink_install': False, 'test_result_base': None}
[0.333s] INFO:colcon.colcon_core.executor:Executing jobs using 'parallel' executor
[0.333s] DEBUG:colcon.colcon_parallel_executor.executor.parallel:run_until_complete
[0.334s] INFO:colcon.colcon_ros.task.ament_cmake.build:Building ROS package in '/home/uwr/Desktop/2024_UWR/src/kalman_filter' with build type 'ament_cmake'
[0.334s] INFO:colcon.colcon_cmake.task.cmake.build:Building CMake package in '/home/uwr/Desktop/2024_UWR/src/kalman_filter'
[0.337s] INFO:colcon.colcon_core.plugin_system:Skipping extension 'colcon_core.shell.bat': Not used on non-Windows systems
[0.337s] INFO:colcon.colcon_core.shell:Skip shell extension 'powershell' for command environment: Not usable outside of PowerShell
[0.337s] DEBUG:colcon.colcon_core.shell:Skip shell extension 'dsv' for command environment
[0.348s] DEBUG:colcon.colcon_core.event_handler.log_command:Invoking command in '/home/uwr/Desktop/2024_UWR/build/kalman_filter': CMAKE_PREFIX_PATH=/home/uwr/Desktop/2024_UWR/install/sonar_msgs:/home/uwr/Desktop/2024_UWR/install/xsens_mti_ros2_driver:/home/uwr/Desktop/2024_UWR/install/kalman_filter:/home/uwr/Desktop/2024_UWR/install/ntrip:/home/uwr/Desktop/2024_UWR/install/adnav-driver:/home/uwr/Desktop/2024_UWR/install/sonar_subs:/opt/ros/humble LD_LIBRARY_PATH=/home/uwr/Desktop/2024_UWR/install/sonar_msgs/lib:/home/uwr/Desktop/2024_UWR/install/xsens_mti_ros2_driver/lib:/opt/ros/humble/opt/rviz_ogre_vendor/lib:/opt/ros/humble/lib/x86_64-linux-gnu:/opt/ros/humble/lib /usr/bin/cmake --build /home/uwr/Desktop/2024_UWR/build/kalman_filter -- -j8 -l8
[6.344s] DEBUG:colcon.colcon_core.event_handler.log_command:Invoked command in '/home/uwr/Desktop/2024_UWR/build/kalman_filter' returned '0': CMAKE_PREFIX_PATH=/home/uwr/Desktop/2024_UWR/install/sonar_msgs:/home/uwr/Desktop/2024_UWR/install/xsens_mti_ros2_driver:/home/uwr/Desktop/2024_UWR/install/kalman_filter:/home/uwr/Desktop/2024_UWR/install/ntrip:/home/uwr/Desktop/2024_UWR/install/adnav-driver:/home/uwr/Desktop/2024_UWR/install/sonar_subs:/opt/ros/humble LD_LIBRARY_PATH=/home/uwr/Desktop/2024_UWR/install/sonar_msgs/lib:/home/uwr/Desktop/2024_UWR/install/xsens_mti_ros2_driver/lib:/opt/ros/humble/opt/rviz_ogre_vendor/lib:/opt/ros/humble/lib/x86_64-linux-gnu:/opt/ros/humble/lib /usr/bin/cmake --build /home/uwr/Desktop/2024_UWR/build/kalman_filter -- -j8 -l8
[6.379s] DEBUG:colcon.colcon_core.event_handler.log_command:Invoking command in '/home/uwr/Desktop/2024_UWR/build/kalman_filter': CMAKE_PREFIX_PATH=/home/uwr/Desktop/2024_UWR/install/sonar_msgs:/home/uwr/Desktop/2024_UWR/install/xsens_mti_ros2_driver:/home/uwr/Desktop/2024_UWR/install/kalman_filter:/home/uwr/Desktop/2024_UWR/install/ntrip:/home/uwr/Desktop/2024_UWR/install/adnav-driver:/home/uwr/Desktop/2024_UWR/install/sonar_subs:/opt/ros/humble LD_LIBRARY_PATH=/home/uwr/Desktop/2024_UWR/install/sonar_msgs/lib:/home/uwr/Desktop/2024_UWR/install/xsens_mti_ros2_driver/lib:/opt/ros/humble/opt/rviz_ogre_vendor/lib:/opt/ros/humble/lib/x86_64-linux-gnu:/opt/ros/humble/lib /usr/bin/cmake --install /home/uwr/Desktop/2024_UWR/build/kalman_filter
[6.394s] Level 1:colcon.colcon_core.environment:create_environment_scripts_only(kalman_filter)
[6.394s] DEBUG:colcon.colcon_core.event_handler.log_command:Invoked command in '/home/uwr/Desktop/2024_UWR/build/kalman_filter' returned '0': CMAKE_PREFIX_PATH=/home/uwr/Desktop/2024_UWR/install/sonar_msgs:/home/uwr/Desktop/2024_UWR/install/xsens_mti_ros2_driver:/home/uwr/Desktop/2024_UWR/install/kalman_filter:/home/uwr/Desktop/2024_UWR/install/ntrip:/home/uwr/Desktop/2024_UWR/install/adnav-driver:/home/uwr/Desktop/2024_UWR/install/sonar_subs:/opt/ros/humble LD_LIBRARY_PATH=/home/uwr/Desktop/2024_UWR/install/sonar_msgs/lib:/home/uwr/Desktop/2024_UWR/install/xsens_mti_ros2_driver/lib:/opt/ros/humble/opt/rviz_ogre_vendor/lib:/opt/ros/humble/lib/x86_64-linux-gnu:/opt/ros/humble/lib /usr/bin/cmake --install /home/uwr/Desktop/2024_UWR/build/kalman_filter
[6.398s] Level 1:colcon.colcon_core.environment:checking '/home/uwr/Desktop/2024_UWR/install/kalman_filter' for CMake module files
[6.399s] Level 1:colcon.colcon_core.environment:checking '/home/uwr/Desktop/2024_UWR/install/kalman_filter' for CMake config files
[6.399s] Level 1:colcon.colcon_core.shell:create_environment_hook('kalman_filter', 'cmake_prefix_path')
[6.399s] INFO:colcon.colcon_core.shell:Creating environment hook '/home/uwr/Desktop/2024_UWR/install/kalman_filter/share/kalman_filter/hook/cmake_prefix_path.ps1'
[6.400s] INFO:colcon.colcon_core.shell:Creating environment descriptor '/home/uwr/Desktop/2024_UWR/install/kalman_filter/share/kalman_filter/hook/cmake_prefix_path.dsv'
[6.400s] INFO:colcon.colcon_core.shell:Creating environment hook '/home/uwr/Desktop/2024_UWR/install/kalman_filter/share/kalman_filter/hook/cmake_prefix_path.sh'
[6.401s] Level 1:colcon.colcon_core.environment:checking '/home/uwr/Desktop/2024_UWR/install/kalman_filter/lib'
[6.401s] Level 1:colcon.colcon_core.environment:checking '/home/uwr/Desktop/2024_UWR/install/kalman_filter/bin'
[6.401s] Level 1:colcon.colcon_core.environment:checking '/home/uwr/Desktop/2024_UWR/install/kalman_filter/lib/pkgconfig/kalman_filter.pc'
[6.402s] Level 1:colcon.colcon_core.environment:checking '/home/uwr/Desktop/2024_UWR/install/kalman_filter/lib/python3.10/site-packages'
[6.402s] Level 1:colcon.colcon_core.environment:checking '/home/uwr/Desktop/2024_UWR/install/kalman_filter/bin'
[6.402s] INFO:colcon.colcon_core.shell:Creating package script '/home/uwr/Desktop/2024_UWR/install/kalman_filter/share/kalman_filter/package.ps1'
[6.403s] INFO:colcon.colcon_core.shell:Creating package descriptor '/home/uwr/Desktop/2024_UWR/install/kalman_filter/share/kalman_filter/package.dsv'
[6.403s] INFO:colcon.colcon_core.shell:Creating package script '/home/uwr/Desktop/2024_UWR/install/kalman_filter/share/kalman_filter/package.sh'
[6.404s] INFO:colcon.colcon_core.shell:Creating package script '/home/uwr/Desktop/2024_UWR/install/kalman_filter/share/kalman_filter/package.bash'
[6.405s] INFO:colcon.colcon_core.shell:Creating package script '/home/uwr/Desktop/2024_UWR/install/kalman_filter/share/kalman_filter/package.zsh'
[6.405s] Level 1:colcon.colcon_core.environment:create_file_with_runtime_dependencies(/home/uwr/Desktop/2024_UWR/install/kalman_filter/share/colcon-core/packages/kalman_filter)
[6.434s] Level 1:colcon.colcon_core.environment:create_environment_scripts_only(kalman_filter)
[6.434s] Level 1:colcon.colcon_core.environment:checking '/home/uwr/Desktop/2024_UWR/install/kalman_filter' for CMake module files
[6.434s] Level 1:colcon.colcon_core.environment:checking '/home/uwr/Desktop/2024_UWR/install/kalman_filter' for CMake config files
[6.435s] Level 1:colcon.colcon_core.shell:create_environment_hook('kalman_filter', 'cmake_prefix_path')
[6.435s] INFO:colcon.colcon_core.shell:Creating environment hook '/home/uwr/Desktop/2024_UWR/install/kalman_filter/share/kalman_filter/hook/cmake_prefix_path.ps1'
[6.435s] INFO:colcon.colcon_core.shell:Creating environment descriptor '/home/uwr/Desktop/2024_UWR/install/kalman_filter/share/kalman_filter/hook/cmake_prefix_path.dsv'
[6.435s] INFO:colcon.colcon_core.shell:Creating environment hook '/home/uwr/Desktop/2024_UWR/install/kalman_filter/share/kalman_filter/hook/cmake_prefix_path.sh'
[6.436s] Level 1:colcon.colcon_core.environment:checking '/home/uwr/Desktop/2024_UWR/install/kalman_filter/lib'
[6.436s] Level 1:colcon.colcon_core.environment:checking '/home/uwr/Desktop/2024_UWR/install/kalman_filter/bin'
[6.436s] Level 1:colcon.colcon_core.environment:checking '/home/uwr/Desktop/2024_UWR/install/kalman_filter/lib/pkgconfig/kalman_filter.pc'
[6.436s] Level 1:colcon.colcon_core.environment:checking '/home/uwr/Desktop/2024_UWR/install/kalman_filter/lib/python3.10/site-packages'
[6.437s] Level 1:colcon.colcon_core.environment:checking '/home/uwr/Desktop/2024_UWR/install/kalman_filter/bin'
[6.437s] INFO:colcon.colcon_core.shell:Creating package script '/home/uwr/Desktop/2024_UWR/install/kalman_filter/share/kalman_filter/package.ps1'
[6.437s] INFO:colcon.colcon_core.shell:Creating package descriptor '/home/uwr/Desktop/2024_UWR/install/kalman_filter/share/kalman_filter/package.dsv'
[6.438s] INFO:colcon.colcon_core.shell:Creating package script '/home/uwr/Desktop/2024_UWR/install/kalman_filter/share/kalman_filter/package.sh'
[6.438s] INFO:colcon.colcon_core.shell:Creating package script '/home/uwr/Desktop/2024_UWR/install/kalman_filter/share/kalman_filter/package.bash'
[6.439s] INFO:colcon.colcon_core.shell:Creating package script '/home/uwr/Desktop/2024_UWR/install/kalman_filter/share/kalman_filter/package.zsh'
[6.439s] Level 1:colcon.colcon_core.environment:create_file_with_runtime_dependencies(/home/uwr/Desktop/2024_UWR/install/kalman_filter/share/colcon-core/packages/kalman_filter)
[6.439s] DEBUG:colcon.colcon_parallel_executor.executor.parallel:closing loop
[6.440s] DEBUG:colcon.colcon_parallel_executor.executor.parallel:loop closed
[6.440s] DEBUG:colcon.colcon_parallel_executor.executor.parallel:run_until_complete finished with '0'
[6.440s] DEBUG:colcon.colcon_core.event_reactor:joining thread
[6.444s] INFO:colcon.colcon_core.plugin_system:Skipping extension 'colcon_notification.desktop_notification.terminal_notifier': Not used on non-Darwin systems
[6.444s] INFO:colcon.colcon_core.plugin_system:Skipping extension 'colcon_notification.desktop_notification.win32': Not used on non-Windows systems
[6.444s] INFO:colcon.colcon_notification.desktop_notification:Sending desktop notification using 'notify2'
[6.454s] DEBUG:colcon.colcon_core.event_reactor:joined thread
[6.455s] INFO:colcon.colcon_core.shell:Creating prefix script '/home/uwr/Desktop/2024_UWR/install/local_setup.ps1'
[6.456s] INFO:colcon.colcon_core.shell:Creating prefix util module '/home/uwr/Desktop/2024_UWR/install/_local_setup_util_ps1.py'
[6.457s] INFO:colcon.colcon_core.shell:Creating prefix chain script '/home/uwr/Desktop/2024_UWR/install/setup.ps1'
[6.458s] INFO:colcon.colcon_core.shell:Creating prefix script '/home/uwr/Desktop/2024_UWR/install/local_setup.sh'
[6.459s] INFO:colcon.colcon_core.shell:Creating prefix util module '/home/uwr/Desktop/2024_UWR/install/_local_setup_util_sh.py'
[6.459s] INFO:colcon.colcon_core.shell:Creating prefix chain script '/home/uwr/Desktop/2024_UWR/install/setup.sh'
[6.460s] INFO:colcon.colcon_core.shell:Creating prefix script '/home/uwr/Desktop/2024_UWR/install/local_setup.bash'
[6.460s] INFO:colcon.colcon_core.shell:Creating prefix chain script '/home/uwr/Desktop/2024_UWR/install/setup.bash'
[6.461s] INFO:colcon.colcon_core.shell:Creating prefix script '/home/uwr/Desktop/2024_UWR/install/local_setup.zsh'
[6.462s] INFO:colcon.colcon_core.shell:Creating prefix chain script '/home/uwr/Desktop/2024_UWR/install/setup.zsh'
