[0.141s] DEBUG:colcon:Command line arguments: ['/usr/bin/colcon', 'build', '--packages-select', 'kalman_filter']
[0.141s] DEBUG:colcon:Parsed command line arguments: Namespace(log_base=None, log_level=None, verb_name='build', build_base='build', install_base='install', merge_install=False, symlink_install=False, test_result_base=None, continue_on_error=False, executor='parallel', parallel_workers=8, event_handlers=None, ignore_user_meta=False, metas=['./colcon.meta'], base_paths=['.'], packages_ignore=None, packages_ignore_regex=None, paths=None, packages_up_to=None, packages_up_to_regex=None, packages_above=None, packages_above_and_dependencies=None, packages_above_depth=None, packages_select_by_dep=None, packages_skip_by_dep=None, packages_skip_up_to=None, packages_select_build_failed=False, packages_skip_build_finished=False, packages_select_test_failures=False, packages_skip_test_passed=False, packages_select=['kalman_filter'], packages_skip=None, packages_select_regex=None, packages_skip_regex=None, packages_start=None, packages_end=None, allow_overriding=[], cmake_args=None, cmake_target=None, cmake_target_skip_unavailable=False, cmake_clean_cache=False, cmake_clean_first=False, cmake_force_configure=False, ament_cmake_args=None, catkin_cmake_args=None, catkin_skip_building_tests=False, verb_parser=<colcon_defaults.argument_parser.defaults.DefaultArgumentsDecorator object at 0x718894254b80>, verb_extension=<colcon_core.verb.build.BuildVerb object at 0x7188943516f0>, main=<bound method BuildVerb.main of <colcon_core.verb.build.BuildVerb object at 0x7188943516f0>>)
[0.367s] Level 1:colcon.colcon_core.package_discovery:discover_packages(colcon_meta) check parameters
[0.367s] Level 1:colcon.colcon_core.package_discovery:discover_packages(recursive) check parameters
[0.367s] Level 1:colcon.colcon_core.package_discovery:discover_packages(ignore) check parameters
[0.367s] Level 1:colcon.colcon_core.package_discovery:discover_packages(path) check parameters
[0.367s] Level 1:colcon.colcon_core.package_discovery:discover_packages(colcon_meta) discover
[0.367s] Level 1:colcon.colcon_core.package_discovery:discover_packages(recursive) discover
[0.367s] INFO:colcon.colcon_core.package_discovery:Crawling recursively for packages in '/home/uwr/Desktop/2024_UWR'
[0.367s] Level 1:colcon.colcon_core.package_identification:_identify(.) by extensions ['ignore', 'ignore_ament_install']
[0.368s] Level 1:colcon.colcon_core.package_identification:_identify(.) by extension 'ignore'
[0.368s] Level 1:colcon.colcon_core.package_identification:_identify(.) by extension 'ignore_ament_install'
[0.368s] Level 1:colcon.colcon_core.package_identification:_identify(.) by extensions ['colcon_pkg']
[0.368s] Level 1:colcon.colcon_core.package_identification:_identify(.) by extension 'colcon_pkg'
[0.368s] Level 1:colcon.colcon_core.package_identification:_identify(.) by extensions ['colcon_meta']
[0.368s] Level 1:colcon.colcon_core.package_identification:_identify(.) by extension 'colcon_meta'
[0.368s] Level 1:colcon.colcon_core.package_identification:_identify(.) by extensions ['ros']
[0.368s] Level 1:colcon.colcon_core.package_identification:_identify(.) by extension 'ros'
[0.383s] Level 1:colcon.colcon_core.package_identification:_identify(.) by extensions ['cmake', 'python']
[0.383s] Level 1:colcon.colcon_core.package_identification:_identify(.) by extension 'cmake'
[0.383s] Level 1:colcon.colcon_core.package_identification:_identify(.) by extension 'python'
[0.383s] Level 1:colcon.colcon_core.package_identification:_identify(.) by extensions ['python_setup_py']
[0.383s] Level 1:colcon.colcon_core.package_identification:_identify(.) by extension 'python_setup_py'
[0.384s] Level 1:colcon.colcon_core.package_identification:_identify(Analysis) by extensions ['ignore', 'ignore_ament_install']
[0.384s] Level 1:colcon.colcon_core.package_identification:_identify(Analysis) by extension 'ignore'
[0.384s] Level 1:colcon.colcon_core.package_identification:_identify(Analysis) by extension 'ignore_ament_install'
[0.384s] Level 1:colcon.colcon_core.package_identification:_identify(Analysis) by extensions ['colcon_pkg']
[0.384s] Level 1:colcon.colcon_core.package_identification:_identify(Analysis) by extension 'colcon_pkg'
[0.384s] Level 1:colcon.colcon_core.package_identification:_identify(Analysis) by extensions ['colcon_meta']
[0.384s] Level 1:colcon.colcon_core.package_identification:_identify(Analysis) by extension 'colcon_meta'
[0.384s] Level 1:colcon.colcon_core.package_identification:_identify(Analysis) by extensions ['ros']
[0.384s] Level 1:colcon.colcon_core.package_identification:_identify(Analysis) by extension 'ros'
[0.384s] Level 1:colcon.colcon_core.package_identification:_identify(Analysis) by extensions ['cmake', 'python']
[0.384s] Level 1:colcon.colcon_core.package_identification:_identify(Analysis) by extension 'cmake'
[0.384s] Level 1:colcon.colcon_core.package_identification:_identify(Analysis) by extension 'python'
[0.384s] Level 1:colcon.colcon_core.package_identification:_identify(Analysis) by extensions ['python_setup_py']
[0.384s] Level 1:colcon.colcon_core.package_identification:_identify(Analysis) by extension 'python_setup_py'
[0.384s] Level 1:colcon.colcon_core.package_identification:_identify(Analysis/Last) by extensions ['ignore', 'ignore_ament_install']
[0.384s] Level 1:colcon.colcon_core.package_identification:_identify(Analysis/Last) by extension 'ignore'
[0.384s] Level 1:colcon.colcon_core.package_identification:_identify(Analysis/Last) by extension 'ignore_ament_install'
[0.384s] Level 1:colcon.colcon_core.package_identification:_identify(Analysis/Last) by extensions ['colcon_pkg']
[0.385s] Level 1:colcon.colcon_core.package_identification:_identify(Analysis/Last) by extension 'colcon_pkg'
[0.385s] Level 1:colcon.colcon_core.package_identification:_identify(Analysis/Last) by extensions ['colcon_meta']
[0.385s] Level 1:colcon.colcon_core.package_identification:_identify(Analysis/Last) by extension 'colcon_meta'
[0.385s] Level 1:colcon.colcon_core.package_identification:_identify(Analysis/Last) by extensions ['ros']
[0.385s] Level 1:colcon.colcon_core.package_identification:_identify(Analysis/Last) by extension 'ros'
[0.385s] Level 1:colcon.colcon_core.package_identification:_identify(Analysis/Last) by extensions ['cmake', 'python']
[0.385s] Level 1:colcon.colcon_core.package_identification:_identify(Analysis/Last) by extension 'cmake'
[0.385s] Level 1:colcon.colcon_core.package_identification:_identify(Analysis/Last) by extension 'python'
[0.385s] Level 1:colcon.colcon_core.package_identification:_identify(Analysis/Last) by extensions ['python_setup_py']
[0.385s] Level 1:colcon.colcon_core.package_identification:_identify(Analysis/Last) by extension 'python_setup_py'
[0.385s] Level 1:colcon.colcon_core.package_identification:_identify(adnav-driver) by extensions ['ignore', 'ignore_ament_install']
[0.385s] Level 1:colcon.colcon_core.package_identification:_identify(adnav-driver) by extension 'ignore'
[0.385s] Level 1:colcon.colcon_core.package_identification:_identify(adnav-driver) by extension 'ignore_ament_install'
[0.385s] Level 1:colcon.colcon_core.package_identification:_identify(adnav-driver) by extensions ['colcon_pkg']
[0.385s] Level 1:colcon.colcon_core.package_identification:_identify(adnav-driver) by extension 'colcon_pkg'
[0.385s] Level 1:colcon.colcon_core.package_identification:_identify(adnav-driver) by extensions ['colcon_meta']
[0.385s] Level 1:colcon.colcon_core.package_identification:_identify(adnav-driver) by extension 'colcon_meta'
[0.385s] Level 1:colcon.colcon_core.package_identification:_identify(adnav-driver) by extensions ['ros']
[0.385s] Level 1:colcon.colcon_core.package_identification:_identify(adnav-driver) by extension 'ros'
[0.389s] DEBUG:colcon.colcon_core.package_identification:Package 'adnav-driver' with type 'ros.ament_cmake' and name 'adnav-driver'
[0.389s] Level 1:colcon.colcon_core.package_identification:_identify(build) by extensions ['ignore', 'ignore_ament_install']
[0.389s] Level 1:colcon.colcon_core.package_identification:_identify(build) by extension 'ignore'
[0.389s] Level 1:colcon.colcon_core.package_identification:_identify(build) ignored
[0.390s] Level 1:colcon.colcon_core.package_identification:_identify(default_path.csv2024_11_03_18_20_15.bag) by extensions ['ignore', 'ignore_ament_install']
[0.390s] Level 1:colcon.colcon_core.package_identification:_identify(default_path.csv2024_11_03_18_20_15.bag) by extension 'ignore'
[0.390s] Level 1:colcon.colcon_core.package_identification:_identify(default_path.csv2024_11_03_18_20_15.bag) by extension 'ignore_ament_install'
[0.390s] Level 1:colcon.colcon_core.package_identification:_identify(default_path.csv2024_11_03_18_20_15.bag) by extensions ['colcon_pkg']
[0.390s] Level 1:colcon.colcon_core.package_identification:_identify(default_path.csv2024_11_03_18_20_15.bag) by extension 'colcon_pkg'
[0.390s] Level 1:colcon.colcon_core.package_identification:_identify(default_path.csv2024_11_03_18_20_15.bag) by extensions ['colcon_meta']
[0.390s] Level 1:colcon.colcon_core.package_identification:_identify(default_path.csv2024_11_03_18_20_15.bag) by extension 'colcon_meta'
[0.390s] Level 1:colcon.colcon_core.package_identification:_identify(default_path.csv2024_11_03_18_20_15.bag) by extensions ['ros']
[0.390s] Level 1:colcon.colcon_core.package_identification:_identify(default_path.csv2024_11_03_18_20_15.bag) by extension 'ros'
[0.390s] Level 1:colcon.colcon_core.package_identification:_identify(default_path.csv2024_11_03_18_20_15.bag) by extensions ['cmake', 'python']
[0.390s] Level 1:colcon.colcon_core.package_identification:_identify(default_path.csv2024_11_03_18_20_15.bag) by extension 'cmake'
[0.390s] Level 1:colcon.colcon_core.package_identification:_identify(default_path.csv2024_11_03_18_20_15.bag) by extension 'python'
[0.390s] Level 1:colcon.colcon_core.package_identification:_identify(default_path.csv2024_11_03_18_20_15.bag) by extensions ['python_setup_py']
[0.390s] Level 1:colcon.colcon_core.package_identification:_identify(default_path.csv2024_11_03_18_20_15.bag) by extension 'python_setup_py'
[0.390s] Level 1:colcon.colcon_core.package_identification:_identify(default_path.csv2024_11_03_18_30_52.bag) by extensions ['ignore', 'ignore_ament_install']
[0.390s] Level 1:colcon.colcon_core.package_identification:_identify(default_path.csv2024_11_03_18_30_52.bag) by extension 'ignore'
[0.391s] Level 1:colcon.colcon_core.package_identification:_identify(default_path.csv2024_11_03_18_30_52.bag) by extension 'ignore_ament_install'
[0.391s] Level 1:colcon.colcon_core.package_identification:_identify(default_path.csv2024_11_03_18_30_52.bag) by extensions ['colcon_pkg']
[0.391s] Level 1:colcon.colcon_core.package_identification:_identify(default_path.csv2024_11_03_18_30_52.bag) by extension 'colcon_pkg'
[0.391s] Level 1:colcon.colcon_core.package_identification:_identify(default_path.csv2024_11_03_18_30_52.bag) by extensions ['colcon_meta']
[0.391s] Level 1:colcon.colcon_core.package_identification:_identify(default_path.csv2024_11_03_18_30_52.bag) by extension 'colcon_meta'
[0.391s] Level 1:colcon.colcon_core.package_identification:_identify(default_path.csv2024_11_03_18_30_52.bag) by extensions ['ros']
[0.391s] Level 1:colcon.colcon_core.package_identification:_identify(default_path.csv2024_11_03_18_30_52.bag) by extension 'ros'
[0.391s] Level 1:colcon.colcon_core.package_identification:_identify(default_path.csv2024_11_03_18_30_52.bag) by extensions ['cmake', 'python']
[0.391s] Level 1:colcon.colcon_core.package_identification:_identify(default_path.csv2024_11_03_18_30_52.bag) by extension 'cmake'
[0.391s] Level 1:colcon.colcon_core.package_identification:_identify(default_path.csv2024_11_03_18_30_52.bag) by extension 'python'
[0.391s] Level 1:colcon.colcon_core.package_identification:_identify(default_path.csv2024_11_03_18_30_52.bag) by extensions ['python_setup_py']
[0.391s] Level 1:colcon.colcon_core.package_identification:_identify(default_path.csv2024_11_03_18_30_52.bag) by extension 'python_setup_py'
[0.391s] Level 1:colcon.colcon_core.package_identification:_identify(default_path.csv2024_11_03_18_34_57.bag) by extensions ['ignore', 'ignore_ament_install']
[0.391s] Level 1:colcon.colcon_core.package_identification:_identify(default_path.csv2024_11_03_18_34_57.bag) by extension 'ignore'
[0.391s] Level 1:colcon.colcon_core.package_identification:_identify(default_path.csv2024_11_03_18_34_57.bag) by extension 'ignore_ament_install'
[0.391s] Level 1:colcon.colcon_core.package_identification:_identify(default_path.csv2024_11_03_18_34_57.bag) by extensions ['colcon_pkg']
[0.391s] Level 1:colcon.colcon_core.package_identification:_identify(default_path.csv2024_11_03_18_34_57.bag) by extension 'colcon_pkg'
[0.391s] Level 1:colcon.colcon_core.package_identification:_identify(default_path.csv2024_11_03_18_34_57.bag) by extensions ['colcon_meta']
[0.391s] Level 1:colcon.colcon_core.package_identification:_identify(default_path.csv2024_11_03_18_34_57.bag) by extension 'colcon_meta'
[0.392s] Level 1:colcon.colcon_core.package_identification:_identify(default_path.csv2024_11_03_18_34_57.bag) by extensions ['ros']
[0.392s] Level 1:colcon.colcon_core.package_identification:_identify(default_path.csv2024_11_03_18_34_57.bag) by extension 'ros'
[0.392s] Level 1:colcon.colcon_core.package_identification:_identify(default_path.csv2024_11_03_18_34_57.bag) by extensions ['cmake', 'python']
[0.392s] Level 1:colcon.colcon_core.package_identification:_identify(default_path.csv2024_11_03_18_34_57.bag) by extension 'cmake'
[0.392s] Level 1:colcon.colcon_core.package_identification:_identify(default_path.csv2024_11_03_18_34_57.bag) by extension 'python'
[0.392s] Level 1:colcon.colcon_core.package_identification:_identify(default_path.csv2024_11_03_18_34_57.bag) by extensions ['python_setup_py']
[0.392s] Level 1:colcon.colcon_core.package_identification:_identify(default_path.csv2024_11_03_18_34_57.bag) by extension 'python_setup_py'
[0.392s] Level 1:colcon.colcon_core.package_identification:_identify(default_path.csv2024_11_03_18_42_56.bag) by extensions ['ignore', 'ignore_ament_install']
[0.392s] Level 1:colcon.colcon_core.package_identification:_identify(default_path.csv2024_11_03_18_42_56.bag) by extension 'ignore'
[0.392s] Level 1:colcon.colcon_core.package_identification:_identify(default_path.csv2024_11_03_18_42_56.bag) by extension 'ignore_ament_install'
[0.392s] Level 1:colcon.colcon_core.package_identification:_identify(default_path.csv2024_11_03_18_42_56.bag) by extensions ['colcon_pkg']
[0.392s] Level 1:colcon.colcon_core.package_identification:_identify(default_path.csv2024_11_03_18_42_56.bag) by extension 'colcon_pkg'
[0.392s] Level 1:colcon.colcon_core.package_identification:_identify(default_path.csv2024_11_03_18_42_56.bag) by extensions ['colcon_meta']
[0.392s] Level 1:colcon.colcon_core.package_identification:_identify(default_path.csv2024_11_03_18_42_56.bag) by extension 'colcon_meta'
[0.392s] Level 1:colcon.colcon_core.package_identification:_identify(default_path.csv2024_11_03_18_42_56.bag) by extensions ['ros']
[0.392s] Level 1:colcon.colcon_core.package_identification:_identify(default_path.csv2024_11_03_18_42_56.bag) by extension 'ros'
[0.392s] Level 1:colcon.colcon_core.package_identification:_identify(default_path.csv2024_11_03_18_42_56.bag) by extensions ['cmake', 'python']
[0.392s] Level 1:colcon.colcon_core.package_identification:_identify(default_path.csv2024_11_03_18_42_56.bag) by extension 'cmake'
[0.392s] Level 1:colcon.colcon_core.package_identification:_identify(default_path.csv2024_11_03_18_42_56.bag) by extension 'python'
[0.392s] Level 1:colcon.colcon_core.package_identification:_identify(default_path.csv2024_11_03_18_42_56.bag) by extensions ['python_setup_py']
[0.393s] Level 1:colcon.colcon_core.package_identification:_identify(default_path.csv2024_11_03_18_42_56.bag) by extension 'python_setup_py'
[0.393s] Level 1:colcon.colcon_core.package_identification:_identify(default_path.csv2024_11_03_18_47_13.bag) by extensions ['ignore', 'ignore_ament_install']
[0.393s] Level 1:colcon.colcon_core.package_identification:_identify(default_path.csv2024_11_03_18_47_13.bag) by extension 'ignore'
[0.393s] Level 1:colcon.colcon_core.package_identification:_identify(default_path.csv2024_11_03_18_47_13.bag) by extension 'ignore_ament_install'
[0.393s] Level 1:colcon.colcon_core.package_identification:_identify(default_path.csv2024_11_03_18_47_13.bag) by extensions ['colcon_pkg']
[0.393s] Level 1:colcon.colcon_core.package_identification:_identify(default_path.csv2024_11_03_18_47_13.bag) by extension 'colcon_pkg'
[0.393s] Level 1:colcon.colcon_core.package_identification:_identify(default_path.csv2024_11_03_18_47_13.bag) by extensions ['colcon_meta']
[0.393s] Level 1:colcon.colcon_core.package_identification:_identify(default_path.csv2024_11_03_18_47_13.bag) by extension 'colcon_meta'
[0.393s] Level 1:colcon.colcon_core.package_identification:_identify(default_path.csv2024_11_03_18_47_13.bag) by extensions ['ros']
[0.393s] Level 1:colcon.colcon_core.package_identification:_identify(default_path.csv2024_11_03_18_47_13.bag) by extension 'ros'
[0.393s] Level 1:colcon.colcon_core.package_identification:_identify(default_path.csv2024_11_03_18_47_13.bag) by extensions ['cmake', 'python']
[0.393s] Level 1:colcon.colcon_core.package_identification:_identify(default_path.csv2024_11_03_18_47_13.bag) by extension 'cmake'
[0.393s] Level 1:colcon.colcon_core.package_identification:_identify(default_path.csv2024_11_03_18_47_13.bag) by extension 'python'
[0.393s] Level 1:colcon.colcon_core.package_identification:_identify(default_path.csv2024_11_03_18_47_13.bag) by extensions ['python_setup_py']
[0.393s] Level 1:colcon.colcon_core.package_identification:_identify(default_path.csv2024_11_03_18_47_13.bag) by extension 'python_setup_py'
[0.393s] Level 1:colcon.colcon_core.package_identification:_identify(default_path.csv2024_11_03_18_49_28.bag) by extensions ['ignore', 'ignore_ament_install']
[0.393s] Level 1:colcon.colcon_core.package_identification:_identify(default_path.csv2024_11_03_18_49_28.bag) by extension 'ignore'
[0.394s] Level 1:colcon.colcon_core.package_identification:_identify(default_path.csv2024_11_03_18_49_28.bag) by extension 'ignore_ament_install'
[0.394s] Level 1:colcon.colcon_core.package_identification:_identify(default_path.csv2024_11_03_18_49_28.bag) by extensions ['colcon_pkg']
[0.394s] Level 1:colcon.colcon_core.package_identification:_identify(default_path.csv2024_11_03_18_49_28.bag) by extension 'colcon_pkg'
[0.394s] Level 1:colcon.colcon_core.package_identification:_identify(default_path.csv2024_11_03_18_49_28.bag) by extensions ['colcon_meta']
[0.394s] Level 1:colcon.colcon_core.package_identification:_identify(default_path.csv2024_11_03_18_49_28.bag) by extension 'colcon_meta'
[0.394s] Level 1:colcon.colcon_core.package_identification:_identify(default_path.csv2024_11_03_18_49_28.bag) by extensions ['ros']
[0.394s] Level 1:colcon.colcon_core.package_identification:_identify(default_path.csv2024_11_03_18_49_28.bag) by extension 'ros'
[0.394s] Level 1:colcon.colcon_core.package_identification:_identify(default_path.csv2024_11_03_18_49_28.bag) by extensions ['cmake', 'python']
[0.394s] Level 1:colcon.colcon_core.package_identification:_identify(default_path.csv2024_11_03_18_49_28.bag) by extension 'cmake'
[0.394s] Level 1:colcon.colcon_core.package_identification:_identify(default_path.csv2024_11_03_18_49_28.bag) by extension 'python'
[0.394s] Level 1:colcon.colcon_core.package_identification:_identify(default_path.csv2024_11_03_18_49_28.bag) by extensions ['python_setup_py']
[0.394s] Level 1:colcon.colcon_core.package_identification:_identify(default_path.csv2024_11_03_18_49_28.bag) by extension 'python_setup_py'
[0.394s] Level 1:colcon.colcon_core.package_identification:_identify(default_path.csv2024_11_03_18_50_17.bag) by extensions ['ignore', 'ignore_ament_install']
[0.394s] Level 1:colcon.colcon_core.package_identification:_identify(default_path.csv2024_11_03_18_50_17.bag) by extension 'ignore'
[0.394s] Level 1:colcon.colcon_core.package_identification:_identify(default_path.csv2024_11_03_18_50_17.bag) by extension 'ignore_ament_install'
[0.394s] Level 1:colcon.colcon_core.package_identification:_identify(default_path.csv2024_11_03_18_50_17.bag) by extensions ['colcon_pkg']
[0.394s] Level 1:colcon.colcon_core.package_identification:_identify(default_path.csv2024_11_03_18_50_17.bag) by extension 'colcon_pkg'
[0.394s] Level 1:colcon.colcon_core.package_identification:_identify(default_path.csv2024_11_03_18_50_17.bag) by extensions ['colcon_meta']
[0.394s] Level 1:colcon.colcon_core.package_identification:_identify(default_path.csv2024_11_03_18_50_17.bag) by extension 'colcon_meta'
[0.394s] Level 1:colcon.colcon_core.package_identification:_identify(default_path.csv2024_11_03_18_50_17.bag) by extensions ['ros']
[0.395s] Level 1:colcon.colcon_core.package_identification:_identify(default_path.csv2024_11_03_18_50_17.bag) by extension 'ros'
[0.395s] Level 1:colcon.colcon_core.package_identification:_identify(default_path.csv2024_11_03_18_50_17.bag) by extensions ['cmake', 'python']
[0.395s] Level 1:colcon.colcon_core.package_identification:_identify(default_path.csv2024_11_03_18_50_17.bag) by extension 'cmake'
[0.395s] Level 1:colcon.colcon_core.package_identification:_identify(default_path.csv2024_11_03_18_50_17.bag) by extension 'python'
[0.395s] Level 1:colcon.colcon_core.package_identification:_identify(default_path.csv2024_11_03_18_50_17.bag) by extensions ['python_setup_py']
[0.395s] Level 1:colcon.colcon_core.package_identification:_identify(default_path.csv2024_11_03_18_50_17.bag) by extension 'python_setup_py'
[0.395s] Level 1:colcon.colcon_core.package_identification:_identify(default_path.csv2024_11_03_18_52_04.bag) by extensions ['ignore', 'ignore_ament_install']
[0.395s] Level 1:colcon.colcon_core.package_identification:_identify(default_path.csv2024_11_03_18_52_04.bag) by extension 'ignore'
[0.395s] Level 1:colcon.colcon_core.package_identification:_identify(default_path.csv2024_11_03_18_52_04.bag) by extension 'ignore_ament_install'
[0.395s] Level 1:colcon.colcon_core.package_identification:_identify(default_path.csv2024_11_03_18_52_04.bag) by extensions ['colcon_pkg']
[0.395s] Level 1:colcon.colcon_core.package_identification:_identify(default_path.csv2024_11_03_18_52_04.bag) by extension 'colcon_pkg'
[0.395s] Level 1:colcon.colcon_core.package_identification:_identify(default_path.csv2024_11_03_18_52_04.bag) by extensions ['colcon_meta']
[0.395s] Level 1:colcon.colcon_core.package_identification:_identify(default_path.csv2024_11_03_18_52_04.bag) by extension 'colcon_meta'
[0.395s] Level 1:colcon.colcon_core.package_identification:_identify(default_path.csv2024_11_03_18_52_04.bag) by extensions ['ros']
[0.395s] Level 1:colcon.colcon_core.package_identification:_identify(default_path.csv2024_11_03_18_52_04.bag) by extension 'ros'
[0.395s] Level 1:colcon.colcon_core.package_identification:_identify(default_path.csv2024_11_03_18_52_04.bag) by extensions ['cmake', 'python']
[0.395s] Level 1:colcon.colcon_core.package_identification:_identify(default_path.csv2024_11_03_18_52_04.bag) by extension 'cmake'
[0.395s] Level 1:colcon.colcon_core.package_identification:_identify(default_path.csv2024_11_03_18_52_04.bag) by extension 'python'
[0.396s] Level 1:colcon.colcon_core.package_identification:_identify(default_path.csv2024_11_03_18_52_04.bag) by extensions ['python_setup_py']
[0.396s] Level 1:colcon.colcon_core.package_identification:_identify(default_path.csv2024_11_03_18_52_04.bag) by extension 'python_setup_py'
[0.396s] Level 1:colcon.colcon_core.package_identification:_identify(default_path.csv2024_11_03_18_56_19.bag) by extensions ['ignore', 'ignore_ament_install']
[0.396s] Level 1:colcon.colcon_core.package_identification:_identify(default_path.csv2024_11_03_18_56_19.bag) by extension 'ignore'
[0.396s] Level 1:colcon.colcon_core.package_identification:_identify(default_path.csv2024_11_03_18_56_19.bag) by extension 'ignore_ament_install'
[0.396s] Level 1:colcon.colcon_core.package_identification:_identify(default_path.csv2024_11_03_18_56_19.bag) by extensions ['colcon_pkg']
[0.396s] Level 1:colcon.colcon_core.package_identification:_identify(default_path.csv2024_11_03_18_56_19.bag) by extension 'colcon_pkg'
[0.396s] Level 1:colcon.colcon_core.package_identification:_identify(default_path.csv2024_11_03_18_56_19.bag) by extensions ['colcon_meta']
[0.396s] Level 1:colcon.colcon_core.package_identification:_identify(default_path.csv2024_11_03_18_56_19.bag) by extension 'colcon_meta'
[0.396s] Level 1:colcon.colcon_core.package_identification:_identify(default_path.csv2024_11_03_18_56_19.bag) by extensions ['ros']
[0.396s] Level 1:colcon.colcon_core.package_identification:_identify(default_path.csv2024_11_03_18_56_19.bag) by extension 'ros'
[0.396s] Level 1:colcon.colcon_core.package_identification:_identify(default_path.csv2024_11_03_18_56_19.bag) by extensions ['cmake', 'python']
[0.396s] Level 1:colcon.colcon_core.package_identification:_identify(default_path.csv2024_11_03_18_56_19.bag) by extension 'cmake'
[0.396s] Level 1:colcon.colcon_core.package_identification:_identify(default_path.csv2024_11_03_18_56_19.bag) by extension 'python'
[0.396s] Level 1:colcon.colcon_core.package_identification:_identify(default_path.csv2024_11_03_18_56_19.bag) by extensions ['python_setup_py']
[0.396s] Level 1:colcon.colcon_core.package_identification:_identify(default_path.csv2024_11_03_18_56_19.bag) by extension 'python_setup_py'
[0.396s] Level 1:colcon.colcon_core.package_identification:_identify(default_path.csv2024_11_03_19_05_47.bag) by extensions ['ignore', 'ignore_ament_install']
[0.397s] Level 1:colcon.colcon_core.package_identification:_identify(default_path.csv2024_11_03_19_05_47.bag) by extension 'ignore'
[0.397s] Level 1:colcon.colcon_core.package_identification:_identify(default_path.csv2024_11_03_19_05_47.bag) by extension 'ignore_ament_install'
[0.397s] Level 1:colcon.colcon_core.package_identification:_identify(default_path.csv2024_11_03_19_05_47.bag) by extensions ['colcon_pkg']
[0.397s] Level 1:colcon.colcon_core.package_identification:_identify(default_path.csv2024_11_03_19_05_47.bag) by extension 'colcon_pkg'
[0.397s] Level 1:colcon.colcon_core.package_identification:_identify(default_path.csv2024_11_03_19_05_47.bag) by extensions ['colcon_meta']
[0.397s] Level 1:colcon.colcon_core.package_identification:_identify(default_path.csv2024_11_03_19_05_47.bag) by extension 'colcon_meta'
[0.397s] Level 1:colcon.colcon_core.package_identification:_identify(default_path.csv2024_11_03_19_05_47.bag) by extensions ['ros']
[0.397s] Level 1:colcon.colcon_core.package_identification:_identify(default_path.csv2024_11_03_19_05_47.bag) by extension 'ros'
[0.397s] Level 1:colcon.colcon_core.package_identification:_identify(default_path.csv2024_11_03_19_05_47.bag) by extensions ['cmake', 'python']
[0.397s] Level 1:colcon.colcon_core.package_identification:_identify(default_path.csv2024_11_03_19_05_47.bag) by extension 'cmake'
[0.397s] Level 1:colcon.colcon_core.package_identification:_identify(default_path.csv2024_11_03_19_05_47.bag) by extension 'python'
[0.397s] Level 1:colcon.colcon_core.package_identification:_identify(default_path.csv2024_11_03_19_05_47.bag) by extensions ['python_setup_py']
[0.397s] Level 1:colcon.colcon_core.package_identification:_identify(default_path.csv2024_11_03_19_05_47.bag) by extension 'python_setup_py'
[0.397s] Level 1:colcon.colcon_core.package_identification:_identify(default_path.csv2024_11_03_20_55_02.bag) by extensions ['ignore', 'ignore_ament_install']
[0.397s] Level 1:colcon.colcon_core.package_identification:_identify(default_path.csv2024_11_03_20_55_02.bag) by extension 'ignore'
[0.397s] Level 1:colcon.colcon_core.package_identification:_identify(default_path.csv2024_11_03_20_55_02.bag) by extension 'ignore_ament_install'
[0.397s] Level 1:colcon.colcon_core.package_identification:_identify(default_path.csv2024_11_03_20_55_02.bag) by extensions ['colcon_pkg']
[0.397s] Level 1:colcon.colcon_core.package_identification:_identify(default_path.csv2024_11_03_20_55_02.bag) by extension 'colcon_pkg'
[0.397s] Level 1:colcon.colcon_core.package_identification:_identify(default_path.csv2024_11_03_20_55_02.bag) by extensions ['colcon_meta']
[0.398s] Level 1:colcon.colcon_core.package_identification:_identify(default_path.csv2024_11_03_20_55_02.bag) by extension 'colcon_meta'
[0.398s] Level 1:colcon.colcon_core.package_identification:_identify(default_path.csv2024_11_03_20_55_02.bag) by extensions ['ros']
[0.398s] Level 1:colcon.colcon_core.package_identification:_identify(default_path.csv2024_11_03_20_55_02.bag) by extension 'ros'
[0.398s] Level 1:colcon.colcon_core.package_identification:_identify(default_path.csv2024_11_03_20_55_02.bag) by extensions ['cmake', 'python']
[0.398s] Level 1:colcon.colcon_core.package_identification:_identify(default_path.csv2024_11_03_20_55_02.bag) by extension 'cmake'
[0.398s] Level 1:colcon.colcon_core.package_identification:_identify(default_path.csv2024_11_03_20_55_02.bag) by extension 'python'
[0.398s] Level 1:colcon.colcon_core.package_identification:_identify(default_path.csv2024_11_03_20_55_02.bag) by extensions ['python_setup_py']
[0.398s] Level 1:colcon.colcon_core.package_identification:_identify(default_path.csv2024_11_03_20_55_02.bag) by extension 'python_setup_py'
[0.398s] Level 1:colcon.colcon_core.package_identification:_identify(default_path.csv2024_11_03_20_57_29.bag) by extensions ['ignore', 'ignore_ament_install']
[0.398s] Level 1:colcon.colcon_core.package_identification:_identify(default_path.csv2024_11_03_20_57_29.bag) by extension 'ignore'
[0.398s] Level 1:colcon.colcon_core.package_identification:_identify(default_path.csv2024_11_03_20_57_29.bag) by extension 'ignore_ament_install'
[0.398s] Level 1:colcon.colcon_core.package_identification:_identify(default_path.csv2024_11_03_20_57_29.bag) by extensions ['colcon_pkg']
[0.398s] Level 1:colcon.colcon_core.package_identification:_identify(default_path.csv2024_11_03_20_57_29.bag) by extension 'colcon_pkg'
[0.398s] Level 1:colcon.colcon_core.package_identification:_identify(default_path.csv2024_11_03_20_57_29.bag) by extensions ['colcon_meta']
[0.398s] Level 1:colcon.colcon_core.package_identification:_identify(default_path.csv2024_11_03_20_57_29.bag) by extension 'colcon_meta'
[0.398s] Level 1:colcon.colcon_core.package_identification:_identify(default_path.csv2024_11_03_20_57_29.bag) by extensions ['ros']
[0.398s] Level 1:colcon.colcon_core.package_identification:_identify(default_path.csv2024_11_03_20_57_29.bag) by extension 'ros'
[0.398s] Level 1:colcon.colcon_core.package_identification:_identify(default_path.csv2024_11_03_20_57_29.bag) by extensions ['cmake', 'python']
[0.398s] Level 1:colcon.colcon_core.package_identification:_identify(default_path.csv2024_11_03_20_57_29.bag) by extension 'cmake'
[0.399s] Level 1:colcon.colcon_core.package_identification:_identify(default_path.csv2024_11_03_20_57_29.bag) by extension 'python'
[0.399s] Level 1:colcon.colcon_core.package_identification:_identify(default_path.csv2024_11_03_20_57_29.bag) by extensions ['python_setup_py']
[0.399s] Level 1:colcon.colcon_core.package_identification:_identify(default_path.csv2024_11_03_20_57_29.bag) by extension 'python_setup_py'
[0.399s] Level 1:colcon.colcon_core.package_identification:_identify(default_path.csv2024_11_03_20_59_40.bag) by extensions ['ignore', 'ignore_ament_install']
[0.399s] Level 1:colcon.colcon_core.package_identification:_identify(default_path.csv2024_11_03_20_59_40.bag) by extension 'ignore'
[0.399s] Level 1:colcon.colcon_core.package_identification:_identify(default_path.csv2024_11_03_20_59_40.bag) by extension 'ignore_ament_install'
[0.399s] Level 1:colcon.colcon_core.package_identification:_identify(default_path.csv2024_11_03_20_59_40.bag) by extensions ['colcon_pkg']
[0.399s] Level 1:colcon.colcon_core.package_identification:_identify(default_path.csv2024_11_03_20_59_40.bag) by extension 'colcon_pkg'
[0.399s] Level 1:colcon.colcon_core.package_identification:_identify(default_path.csv2024_11_03_20_59_40.bag) by extensions ['colcon_meta']
[0.399s] Level 1:colcon.colcon_core.package_identification:_identify(default_path.csv2024_11_03_20_59_40.bag) by extension 'colcon_meta'
[0.399s] Level 1:colcon.colcon_core.package_identification:_identify(default_path.csv2024_11_03_20_59_40.bag) by extensions ['ros']
[0.399s] Level 1:colcon.colcon_core.package_identification:_identify(default_path.csv2024_11_03_20_59_40.bag) by extension 'ros'
[0.399s] Level 1:colcon.colcon_core.package_identification:_identify(default_path.csv2024_11_03_20_59_40.bag) by extensions ['cmake', 'python']
[0.399s] Level 1:colcon.colcon_core.package_identification:_identify(default_path.csv2024_11_03_20_59_40.bag) by extension 'cmake'
[0.399s] Level 1:colcon.colcon_core.package_identification:_identify(default_path.csv2024_11_03_20_59_40.bag) by extension 'python'
[0.399s] Level 1:colcon.colcon_core.package_identification:_identify(default_path.csv2024_11_03_20_59_40.bag) by extensions ['python_setup_py']
[0.399s] Level 1:colcon.colcon_core.package_identification:_identify(default_path.csv2024_11_03_20_59_40.bag) by extension 'python_setup_py'
[0.399s] Level 1:colcon.colcon_core.package_identification:_identify(default_path.csv2024_11_03_21_01_22.bag) by extensions ['ignore', 'ignore_ament_install']
[0.400s] Level 1:colcon.colcon_core.package_identification:_identify(default_path.csv2024_11_03_21_01_22.bag) by extension 'ignore'
[0.400s] Level 1:colcon.colcon_core.package_identification:_identify(default_path.csv2024_11_03_21_01_22.bag) by extension 'ignore_ament_install'
[0.400s] Level 1:colcon.colcon_core.package_identification:_identify(default_path.csv2024_11_03_21_01_22.bag) by extensions ['colcon_pkg']
[0.400s] Level 1:colcon.colcon_core.package_identification:_identify(default_path.csv2024_11_03_21_01_22.bag) by extension 'colcon_pkg'
[0.400s] Level 1:colcon.colcon_core.package_identification:_identify(default_path.csv2024_11_03_21_01_22.bag) by extensions ['colcon_meta']
[0.400s] Level 1:colcon.colcon_core.package_identification:_identify(default_path.csv2024_11_03_21_01_22.bag) by extension 'colcon_meta'
[0.400s] Level 1:colcon.colcon_core.package_identification:_identify(default_path.csv2024_11_03_21_01_22.bag) by extensions ['ros']
[0.400s] Level 1:colcon.colcon_core.package_identification:_identify(default_path.csv2024_11_03_21_01_22.bag) by extension 'ros'
[0.400s] Level 1:colcon.colcon_core.package_identification:_identify(default_path.csv2024_11_03_21_01_22.bag) by extensions ['cmake', 'python']
[0.400s] Level 1:colcon.colcon_core.package_identification:_identify(default_path.csv2024_11_03_21_01_22.bag) by extension 'cmake'
[0.400s] Level 1:colcon.colcon_core.package_identification:_identify(default_path.csv2024_11_03_21_01_22.bag) by extension 'python'
[0.400s] Level 1:colcon.colcon_core.package_identification:_identify(default_path.csv2024_11_03_21_01_22.bag) by extensions ['python_setup_py']
[0.400s] Level 1:colcon.colcon_core.package_identification:_identify(default_path.csv2024_11_03_21_01_22.bag) by extension 'python_setup_py'
[0.400s] Level 1:colcon.colcon_core.package_identification:_identify(default_path.csv2024_11_03_21_03_56.bag) by extensions ['ignore', 'ignore_ament_install']
[0.400s] Level 1:colcon.colcon_core.package_identification:_identify(default_path.csv2024_11_03_21_03_56.bag) by extension 'ignore'
[0.400s] Level 1:colcon.colcon_core.package_identification:_identify(default_path.csv2024_11_03_21_03_56.bag) by extension 'ignore_ament_install'
[0.400s] Level 1:colcon.colcon_core.package_identification:_identify(default_path.csv2024_11_03_21_03_56.bag) by extensions ['colcon_pkg']
[0.400s] Level 1:colcon.colcon_core.package_identification:_identify(default_path.csv2024_11_03_21_03_56.bag) by extension 'colcon_pkg'
[0.400s] Level 1:colcon.colcon_core.package_identification:_identify(default_path.csv2024_11_03_21_03_56.bag) by extensions ['colcon_meta']
[0.401s] Level 1:colcon.colcon_core.package_identification:_identify(default_path.csv2024_11_03_21_03_56.bag) by extension 'colcon_meta'
[0.401s] Level 1:colcon.colcon_core.package_identification:_identify(default_path.csv2024_11_03_21_03_56.bag) by extensions ['ros']
[0.401s] Level 1:colcon.colcon_core.package_identification:_identify(default_path.csv2024_11_03_21_03_56.bag) by extension 'ros'
[0.401s] Level 1:colcon.colcon_core.package_identification:_identify(default_path.csv2024_11_03_21_03_56.bag) by extensions ['cmake', 'python']
[0.401s] Level 1:colcon.colcon_core.package_identification:_identify(default_path.csv2024_11_03_21_03_56.bag) by extension 'cmake'
[0.401s] Level 1:colcon.colcon_core.package_identification:_identify(default_path.csv2024_11_03_21_03_56.bag) by extension 'python'
[0.401s] Level 1:colcon.colcon_core.package_identification:_identify(default_path.csv2024_11_03_21_03_56.bag) by extensions ['python_setup_py']
[0.401s] Level 1:colcon.colcon_core.package_identification:_identify(default_path.csv2024_11_03_21_03_56.bag) by extension 'python_setup_py'
[0.401s] Level 1:colcon.colcon_core.package_identification:_identify(default_path.csv2024_11_03_21_10_45.bag) by extensions ['ignore', 'ignore_ament_install']
[0.401s] Level 1:colcon.colcon_core.package_identification:_identify(default_path.csv2024_11_03_21_10_45.bag) by extension 'ignore'
[0.401s] Level 1:colcon.colcon_core.package_identification:_identify(default_path.csv2024_11_03_21_10_45.bag) by extension 'ignore_ament_install'
[0.401s] Level 1:colcon.colcon_core.package_identification:_identify(default_path.csv2024_11_03_21_10_45.bag) by extensions ['colcon_pkg']
[0.401s] Level 1:colcon.colcon_core.package_identification:_identify(default_path.csv2024_11_03_21_10_45.bag) by extension 'colcon_pkg'
[0.402s] Level 1:colcon.colcon_core.package_identification:_identify(default_path.csv2024_11_03_21_10_45.bag) by extensions ['colcon_meta']
[0.402s] Level 1:colcon.colcon_core.package_identification:_identify(default_path.csv2024_11_03_21_10_45.bag) by extension 'colcon_meta'
[0.402s] Level 1:colcon.colcon_core.package_identification:_identify(default_path.csv2024_11_03_21_10_45.bag) by extensions ['ros']
[0.402s] Level 1:colcon.colcon_core.package_identification:_identify(default_path.csv2024_11_03_21_10_45.bag) by extension 'ros'
[0.402s] Level 1:colcon.colcon_core.package_identification:_identify(default_path.csv2024_11_03_21_10_45.bag) by extensions ['cmake', 'python']
[0.402s] Level 1:colcon.colcon_core.package_identification:_identify(default_path.csv2024_11_03_21_10_45.bag) by extension 'cmake'
[0.402s] Level 1:colcon.colcon_core.package_identification:_identify(default_path.csv2024_11_03_21_10_45.bag) by extension 'python'
[0.402s] Level 1:colcon.colcon_core.package_identification:_identify(default_path.csv2024_11_03_21_10_45.bag) by extensions ['python_setup_py']
[0.402s] Level 1:colcon.colcon_core.package_identification:_identify(default_path.csv2024_11_03_21_10_45.bag) by extension 'python_setup_py'
[0.402s] Level 1:colcon.colcon_core.package_identification:_identify(default_path.csv2024_11_03_21_13_56.bag) by extensions ['ignore', 'ignore_ament_install']
[0.402s] Level 1:colcon.colcon_core.package_identification:_identify(default_path.csv2024_11_03_21_13_56.bag) by extension 'ignore'
[0.402s] Level 1:colcon.colcon_core.package_identification:_identify(default_path.csv2024_11_03_21_13_56.bag) by extension 'ignore_ament_install'
[0.402s] Level 1:colcon.colcon_core.package_identification:_identify(default_path.csv2024_11_03_21_13_56.bag) by extensions ['colcon_pkg']
[0.402s] Level 1:colcon.colcon_core.package_identification:_identify(default_path.csv2024_11_03_21_13_56.bag) by extension 'colcon_pkg'
[0.402s] Level 1:colcon.colcon_core.package_identification:_identify(default_path.csv2024_11_03_21_13_56.bag) by extensions ['colcon_meta']
[0.402s] Level 1:colcon.colcon_core.package_identification:_identify(default_path.csv2024_11_03_21_13_56.bag) by extension 'colcon_meta'
[0.402s] Level 1:colcon.colcon_core.package_identification:_identify(default_path.csv2024_11_03_21_13_56.bag) by extensions ['ros']
[0.402s] Level 1:colcon.colcon_core.package_identification:_identify(default_path.csv2024_11_03_21_13_56.bag) by extension 'ros'
[0.403s] Level 1:colcon.colcon_core.package_identification:_identify(default_path.csv2024_11_03_21_13_56.bag) by extensions ['cmake', 'python']
[0.403s] Level 1:colcon.colcon_core.package_identification:_identify(default_path.csv2024_11_03_21_13_56.bag) by extension 'cmake'
[0.403s] Level 1:colcon.colcon_core.package_identification:_identify(default_path.csv2024_11_03_21_13_56.bag) by extension 'python'
[0.403s] Level 1:colcon.colcon_core.package_identification:_identify(default_path.csv2024_11_03_21_13_56.bag) by extensions ['python_setup_py']
[0.403s] Level 1:colcon.colcon_core.package_identification:_identify(default_path.csv2024_11_03_21_13_56.bag) by extension 'python_setup_py'
[0.403s] Level 1:colcon.colcon_core.package_identification:_identify(default_path.csv2024_11_03_21_16_21.bag) by extensions ['ignore', 'ignore_ament_install']
[0.403s] Level 1:colcon.colcon_core.package_identification:_identify(default_path.csv2024_11_03_21_16_21.bag) by extension 'ignore'
[0.403s] Level 1:colcon.colcon_core.package_identification:_identify(default_path.csv2024_11_03_21_16_21.bag) by extension 'ignore_ament_install'
[0.403s] Level 1:colcon.colcon_core.package_identification:_identify(default_path.csv2024_11_03_21_16_21.bag) by extensions ['colcon_pkg']
[0.403s] Level 1:colcon.colcon_core.package_identification:_identify(default_path.csv2024_11_03_21_16_21.bag) by extension 'colcon_pkg'
[0.403s] Level 1:colcon.colcon_core.package_identification:_identify(default_path.csv2024_11_03_21_16_21.bag) by extensions ['colcon_meta']
[0.403s] Level 1:colcon.colcon_core.package_identification:_identify(default_path.csv2024_11_03_21_16_21.bag) by extension 'colcon_meta'
[0.403s] Level 1:colcon.colcon_core.package_identification:_identify(default_path.csv2024_11_03_21_16_21.bag) by extensions ['ros']
[0.403s] Level 1:colcon.colcon_core.package_identification:_identify(default_path.csv2024_11_03_21_16_21.bag) by extension 'ros'
[0.403s] Level 1:colcon.colcon_core.package_identification:_identify(default_path.csv2024_11_03_21_16_21.bag) by extensions ['cmake', 'python']
[0.403s] Level 1:colcon.colcon_core.package_identification:_identify(default_path.csv2024_11_03_21_16_21.bag) by extension 'cmake'
[0.403s] Level 1:colcon.colcon_core.package_identification:_identify(default_path.csv2024_11_03_21_16_21.bag) by extension 'python'
[0.403s] Level 1:colcon.colcon_core.package_identification:_identify(default_path.csv2024_11_03_21_16_21.bag) by extensions ['python_setup_py']
[0.403s] Level 1:colcon.colcon_core.package_identification:_identify(default_path.csv2024_11_03_21_16_21.bag) by extension 'python_setup_py'
[0.404s] Level 1:colcon.colcon_core.package_identification:_identify(default_path.csv2024_11_03_21_25_55.bag) by extensions ['ignore', 'ignore_ament_install']
[0.404s] Level 1:colcon.colcon_core.package_identification:_identify(default_path.csv2024_11_03_21_25_55.bag) by extension 'ignore'
[0.404s] Level 1:colcon.colcon_core.package_identification:_identify(default_path.csv2024_11_03_21_25_55.bag) by extension 'ignore_ament_install'
[0.404s] Level 1:colcon.colcon_core.package_identification:_identify(default_path.csv2024_11_03_21_25_55.bag) by extensions ['colcon_pkg']
[0.404s] Level 1:colcon.colcon_core.package_identification:_identify(default_path.csv2024_11_03_21_25_55.bag) by extension 'colcon_pkg'
[0.404s] Level 1:colcon.colcon_core.package_identification:_identify(default_path.csv2024_11_03_21_25_55.bag) by extensions ['colcon_meta']
[0.404s] Level 1:colcon.colcon_core.package_identification:_identify(default_path.csv2024_11_03_21_25_55.bag) by extension 'colcon_meta'
[0.404s] Level 1:colcon.colcon_core.package_identification:_identify(default_path.csv2024_11_03_21_25_55.bag) by extensions ['ros']
[0.404s] Level 1:colcon.colcon_core.package_identification:_identify(default_path.csv2024_11_03_21_25_55.bag) by extension 'ros'
[0.404s] Level 1:colcon.colcon_core.package_identification:_identify(default_path.csv2024_11_03_21_25_55.bag) by extensions ['cmake', 'python']
[0.404s] Level 1:colcon.colcon_core.package_identification:_identify(default_path.csv2024_11_03_21_25_55.bag) by extension 'cmake'
[0.404s] Level 1:colcon.colcon_core.package_identification:_identify(default_path.csv2024_11_03_21_25_55.bag) by extension 'python'
[0.404s] Level 1:colcon.colcon_core.package_identification:_identify(default_path.csv2024_11_03_21_25_55.bag) by extensions ['python_setup_py']
[0.404s] Level 1:colcon.colcon_core.package_identification:_identify(default_path.csv2024_11_03_21_25_55.bag) by extension 'python_setup_py'
[0.404s] Level 1:colcon.colcon_core.package_identification:_identify(default_path.csv2024_11_03_21_28_52.bag) by extensions ['ignore', 'ignore_ament_install']
[0.404s] Level 1:colcon.colcon_core.package_identification:_identify(default_path.csv2024_11_03_21_28_52.bag) by extension 'ignore'
[0.404s] Level 1:colcon.colcon_core.package_identification:_identify(default_path.csv2024_11_03_21_28_52.bag) by extension 'ignore_ament_install'
[0.404s] Level 1:colcon.colcon_core.package_identification:_identify(default_path.csv2024_11_03_21_28_52.bag) by extensions ['colcon_pkg']
[0.404s] Level 1:colcon.colcon_core.package_identification:_identify(default_path.csv2024_11_03_21_28_52.bag) by extension 'colcon_pkg'
[0.405s] Level 1:colcon.colcon_core.package_identification:_identify(default_path.csv2024_11_03_21_28_52.bag) by extensions ['colcon_meta']
[0.405s] Level 1:colcon.colcon_core.package_identification:_identify(default_path.csv2024_11_03_21_28_52.bag) by extension 'colcon_meta'
[0.405s] Level 1:colcon.colcon_core.package_identification:_identify(default_path.csv2024_11_03_21_28_52.bag) by extensions ['ros']
[0.405s] Level 1:colcon.colcon_core.package_identification:_identify(default_path.csv2024_11_03_21_28_52.bag) by extension 'ros'
[0.405s] Level 1:colcon.colcon_core.package_identification:_identify(default_path.csv2024_11_03_21_28_52.bag) by extensions ['cmake', 'python']
[0.405s] Level 1:colcon.colcon_core.package_identification:_identify(default_path.csv2024_11_03_21_28_52.bag) by extension 'cmake'
[0.405s] Level 1:colcon.colcon_core.package_identification:_identify(default_path.csv2024_11_03_21_28_52.bag) by extension 'python'
[0.405s] Level 1:colcon.colcon_core.package_identification:_identify(default_path.csv2024_11_03_21_28_52.bag) by extensions ['python_setup_py']
[0.405s] Level 1:colcon.colcon_core.package_identification:_identify(default_path.csv2024_11_03_21_28_52.bag) by extension 'python_setup_py'
[0.405s] Level 1:colcon.colcon_core.package_identification:_identify(default_path.csv2024_11_03_21_30_46.bag) by extensions ['ignore', 'ignore_ament_install']
[0.405s] Level 1:colcon.colcon_core.package_identification:_identify(default_path.csv2024_11_03_21_30_46.bag) by extension 'ignore'
[0.405s] Level 1:colcon.colcon_core.package_identification:_identify(default_path.csv2024_11_03_21_30_46.bag) by extension 'ignore_ament_install'
[0.405s] Level 1:colcon.colcon_core.package_identification:_identify(default_path.csv2024_11_03_21_30_46.bag) by extensions ['colcon_pkg']
[0.405s] Level 1:colcon.colcon_core.package_identification:_identify(default_path.csv2024_11_03_21_30_46.bag) by extension 'colcon_pkg'
[0.405s] Level 1:colcon.colcon_core.package_identification:_identify(default_path.csv2024_11_03_21_30_46.bag) by extensions ['colcon_meta']
[0.405s] Level 1:colcon.colcon_core.package_identification:_identify(default_path.csv2024_11_03_21_30_46.bag) by extension 'colcon_meta'
[0.405s] Level 1:colcon.colcon_core.package_identification:_identify(default_path.csv2024_11_03_21_30_46.bag) by extensions ['ros']
[0.405s] Level 1:colcon.colcon_core.package_identification:_identify(default_path.csv2024_11_03_21_30_46.bag) by extension 'ros'
[0.405s] Level 1:colcon.colcon_core.package_identification:_identify(default_path.csv2024_11_03_21_30_46.bag) by extensions ['cmake', 'python']
[0.405s] Level 1:colcon.colcon_core.package_identification:_identify(default_path.csv2024_11_03_21_30_46.bag) by extension 'cmake'
[0.406s] Level 1:colcon.colcon_core.package_identification:_identify(default_path.csv2024_11_03_21_30_46.bag) by extension 'python'
[0.406s] Level 1:colcon.colcon_core.package_identification:_identify(default_path.csv2024_11_03_21_30_46.bag) by extensions ['python_setup_py']
[0.406s] Level 1:colcon.colcon_core.package_identification:_identify(default_path.csv2024_11_03_21_30_46.bag) by extension 'python_setup_py'
[0.406s] Level 1:colcon.colcon_core.package_identification:_identify(default_path.csv2024_11_03_21_31_57.bag) by extensions ['ignore', 'ignore_ament_install']
[0.406s] Level 1:colcon.colcon_core.package_identification:_identify(default_path.csv2024_11_03_21_31_57.bag) by extension 'ignore'
[0.406s] Level 1:colcon.colcon_core.package_identification:_identify(default_path.csv2024_11_03_21_31_57.bag) by extension 'ignore_ament_install'
[0.406s] Level 1:colcon.colcon_core.package_identification:_identify(default_path.csv2024_11_03_21_31_57.bag) by extensions ['colcon_pkg']
[0.406s] Level 1:colcon.colcon_core.package_identification:_identify(default_path.csv2024_11_03_21_31_57.bag) by extension 'colcon_pkg'
[0.406s] Level 1:colcon.colcon_core.package_identification:_identify(default_path.csv2024_11_03_21_31_57.bag) by extensions ['colcon_meta']
[0.406s] Level 1:colcon.colcon_core.package_identification:_identify(default_path.csv2024_11_03_21_31_57.bag) by extension 'colcon_meta'
[0.406s] Level 1:colcon.colcon_core.package_identification:_identify(default_path.csv2024_11_03_21_31_57.bag) by extensions ['ros']
[0.406s] Level 1:colcon.colcon_core.package_identification:_identify(default_path.csv2024_11_03_21_31_57.bag) by extension 'ros'
[0.406s] Level 1:colcon.colcon_core.package_identification:_identify(default_path.csv2024_11_03_21_31_57.bag) by extensions ['cmake', 'python']
[0.406s] Level 1:colcon.colcon_core.package_identification:_identify(default_path.csv2024_11_03_21_31_57.bag) by extension 'cmake'
[0.406s] Level 1:colcon.colcon_core.package_identification:_identify(default_path.csv2024_11_03_21_31_57.bag) by extension 'python'
[0.407s] Level 1:colcon.colcon_core.package_identification:_identify(default_path.csv2024_11_03_21_31_57.bag) by extensions ['python_setup_py']
[0.407s] Level 1:colcon.colcon_core.package_identification:_identify(default_path.csv2024_11_03_21_31_57.bag) by extension 'python_setup_py'
[0.407s] Level 1:colcon.colcon_core.package_identification:_identify(install) by extensions ['ignore', 'ignore_ament_install']
[0.407s] Level 1:colcon.colcon_core.package_identification:_identify(install) by extension 'ignore'
[0.407s] Level 1:colcon.colcon_core.package_identification:_identify(install) ignored
[0.407s] Level 1:colcon.colcon_core.package_identification:_identify(log) by extensions ['ignore', 'ignore_ament_install']
[0.407s] Level 1:colcon.colcon_core.package_identification:_identify(log) by extension 'ignore'
[0.407s] Level 1:colcon.colcon_core.package_identification:_identify(log) ignored
[0.407s] Level 1:colcon.colcon_core.package_identification:_identify(src) by extensions ['ignore', 'ignore_ament_install']
[0.407s] Level 1:colcon.colcon_core.package_identification:_identify(src) by extension 'ignore'
[0.408s] Level 1:colcon.colcon_core.package_identification:_identify(src) by extension 'ignore_ament_install'
[0.408s] Level 1:colcon.colcon_core.package_identification:_identify(src) by extensions ['colcon_pkg']
[0.408s] Level 1:colcon.colcon_core.package_identification:_identify(src) by extension 'colcon_pkg'
[0.408s] Level 1:colcon.colcon_core.package_identification:_identify(src) by extensions ['colcon_meta']
[0.408s] Level 1:colcon.colcon_core.package_identification:_identify(src) by extension 'colcon_meta'
[0.408s] Level 1:colcon.colcon_core.package_identification:_identify(src) by extensions ['ros']
[0.408s] Level 1:colcon.colcon_core.package_identification:_identify(src) by extension 'ros'
[0.408s] Level 1:colcon.colcon_core.package_identification:_identify(src) by extensions ['cmake', 'python']
[0.408s] Level 1:colcon.colcon_core.package_identification:_identify(src) by extension 'cmake'
[0.408s] Level 1:colcon.colcon_core.package_identification:_identify(src) by extension 'python'
[0.408s] Level 1:colcon.colcon_core.package_identification:_identify(src) by extensions ['python_setup_py']
[0.408s] Level 1:colcon.colcon_core.package_identification:_identify(src) by extension 'python_setup_py'
[0.408s] Level 1:colcon.colcon_core.package_identification:_identify(src/kalman_filter) by extensions ['ignore', 'ignore_ament_install']
[0.408s] Level 1:colcon.colcon_core.package_identification:_identify(src/kalman_filter) by extension 'ignore'
[0.408s] Level 1:colcon.colcon_core.package_identification:_identify(src/kalman_filter) by extension 'ignore_ament_install'
[0.408s] Level 1:colcon.colcon_core.package_identification:_identify(src/kalman_filter) by extensions ['colcon_pkg']
[0.408s] Level 1:colcon.colcon_core.package_identification:_identify(src/kalman_filter) by extension 'colcon_pkg'
[0.408s] Level 1:colcon.colcon_core.package_identification:_identify(src/kalman_filter) by extensions ['colcon_meta']
[0.408s] Level 1:colcon.colcon_core.package_identification:_identify(src/kalman_filter) by extension 'colcon_meta'
[0.408s] Level 1:colcon.colcon_core.package_identification:_identify(src/kalman_filter) by extensions ['ros']
[0.408s] Level 1:colcon.colcon_core.package_identification:_identify(src/kalman_filter) by extension 'ros'
[0.409s] DEBUG:colcon.colcon_core.package_identification:Package 'src/kalman_filter' with type 'ros.ament_cmake' and name 'kalman_filter'
[0.409s] Level 1:colcon.colcon_core.package_identification:_identify(src/ntrip) by extensions ['ignore', 'ignore_ament_install']
[0.410s] Level 1:colcon.colcon_core.package_identification:_identify(src/ntrip) by extension 'ignore'
[0.410s] Level 1:colcon.colcon_core.package_identification:_identify(src/ntrip) by extension 'ignore_ament_install'
[0.410s] Level 1:colcon.colcon_core.package_identification:_identify(src/ntrip) by extensions ['colcon_pkg']
[0.410s] Level 1:colcon.colcon_core.package_identification:_identify(src/ntrip) by extension 'colcon_pkg'
[0.410s] Level 1:colcon.colcon_core.package_identification:_identify(src/ntrip) by extensions ['colcon_meta']
[0.410s] Level 1:colcon.colcon_core.package_identification:_identify(src/ntrip) by extension 'colcon_meta'
[0.410s] Level 1:colcon.colcon_core.package_identification:_identify(src/ntrip) by extensions ['ros']
[0.410s] Level 1:colcon.colcon_core.package_identification:_identify(src/ntrip) by extension 'ros'
[0.411s] DEBUG:colcon.colcon_core.package_identification:Package 'src/ntrip' with type 'ros.ament_cmake' and name 'ntrip'
[0.411s] Level 1:colcon.colcon_core.package_identification:_identify(src/sonar_msgs) by extensions ['ignore', 'ignore_ament_install']
[0.411s] Level 1:colcon.colcon_core.package_identification:_identify(src/sonar_msgs) by extension 'ignore'
[0.411s] Level 1:colcon.colcon_core.package_identification:_identify(src/sonar_msgs) by extension 'ignore_ament_install'
[0.411s] Level 1:colcon.colcon_core.package_identification:_identify(src/sonar_msgs) by extensions ['colcon_pkg']
[0.411s] Level 1:colcon.colcon_core.package_identification:_identify(src/sonar_msgs) by extension 'colcon_pkg'
[0.411s] Level 1:colcon.colcon_core.package_identification:_identify(src/sonar_msgs) by extensions ['colcon_meta']
[0.411s] Level 1:colcon.colcon_core.package_identification:_identify(src/sonar_msgs) by extension 'colcon_meta'
[0.411s] Level 1:colcon.colcon_core.package_identification:_identify(src/sonar_msgs) by extensions ['ros']
[0.411s] Level 1:colcon.colcon_core.package_identification:_identify(src/sonar_msgs) by extension 'ros'
[0.412s] DEBUG:colcon.colcon_core.package_identification:Package 'src/sonar_msgs' with type 'ros.ament_cmake' and name 'sonar_msgs'
[0.412s] Level 1:colcon.colcon_core.package_identification:_identify(src/sonar_subs) by extensions ['ignore', 'ignore_ament_install']
[0.412s] Level 1:colcon.colcon_core.package_identification:_identify(src/sonar_subs) by extension 'ignore'
[0.412s] Level 1:colcon.colcon_core.package_identification:_identify(src/sonar_subs) by extension 'ignore_ament_install'
[0.412s] Level 1:colcon.colcon_core.package_identification:_identify(src/sonar_subs) by extensions ['colcon_pkg']
[0.412s] Level 1:colcon.colcon_core.package_identification:_identify(src/sonar_subs) by extension 'colcon_pkg'
[0.413s] Level 1:colcon.colcon_core.package_identification:_identify(src/sonar_subs) by extensions ['colcon_meta']
[0.413s] Level 1:colcon.colcon_core.package_identification:_identify(src/sonar_subs) by extension 'colcon_meta'
[0.413s] Level 1:colcon.colcon_core.package_identification:_identify(src/sonar_subs) by extensions ['ros']
[0.413s] Level 1:colcon.colcon_core.package_identification:_identify(src/sonar_subs) by extension 'ros'
[0.413s] DEBUG:colcon.colcon_core.package_identification:Package 'src/sonar_subs' with type 'ros.ament_python' and name 'sonar_subs'
[0.413s] Level 1:colcon.colcon_core.package_identification:_identify(src/xsens_mti_ros2_driver) by extensions ['ignore', 'ignore_ament_install']
[0.413s] Level 1:colcon.colcon_core.package_identification:_identify(src/xsens_mti_ros2_driver) by extension 'ignore'
[0.414s] Level 1:colcon.colcon_core.package_identification:_identify(src/xsens_mti_ros2_driver) by extension 'ignore_ament_install'
[0.414s] Level 1:colcon.colcon_core.package_identification:_identify(src/xsens_mti_ros2_driver) by extensions ['colcon_pkg']
[0.414s] Level 1:colcon.colcon_core.package_identification:_identify(src/xsens_mti_ros2_driver) by extension 'colcon_pkg'
[0.414s] Level 1:colcon.colcon_core.package_identification:_identify(src/xsens_mti_ros2_driver) by extensions ['colcon_meta']
[0.414s] Level 1:colcon.colcon_core.package_identification:_identify(src/xsens_mti_ros2_driver) by extension 'colcon_meta'
[0.414s] Level 1:colcon.colcon_core.package_identification:_identify(src/xsens_mti_ros2_driver) by extensions ['ros']
[0.414s] Level 1:colcon.colcon_core.package_identification:_identify(src/xsens_mti_ros2_driver) by extension 'ros'
[0.415s] DEBUG:colcon.colcon_core.package_identification:Package 'src/xsens_mti_ros2_driver' with type 'ros.ament_cmake' and name 'xsens_mti_ros2_driver'
[0.415s] Level 1:colcon.colcon_core.package_discovery:discover_packages(recursive) using defaults
[0.415s] Level 1:colcon.colcon_core.package_discovery:discover_packages(ignore) discover
[0.415s] Level 1:colcon.colcon_core.package_discovery:discover_packages(ignore) using defaults
[0.415s] Level 1:colcon.colcon_core.package_discovery:discover_packages(path) discover
[0.415s] Level 1:colcon.colcon_core.package_discovery:discover_packages(path) using defaults
[0.440s] INFO:colcon.colcon_core.package_selection:Skipping not selected package 'adnav-driver' in 'adnav-driver'
[0.440s] INFO:colcon.colcon_core.package_selection:Skipping not selected package 'ntrip' in 'src/ntrip'
[0.440s] INFO:colcon.colcon_core.package_selection:Skipping not selected package 'sonar_msgs' in 'src/sonar_msgs'
[0.440s] INFO:colcon.colcon_core.package_selection:Skipping not selected package 'xsens_mti_ros2_driver' in 'src/xsens_mti_ros2_driver'
[0.440s] INFO:colcon.colcon_core.package_selection:Skipping not selected package 'sonar_subs' in 'src/sonar_subs'
[0.441s] Level 1:colcon.colcon_core.package_discovery:discover_packages(prefix_path) check parameters
[0.441s] Level 1:colcon.colcon_core.package_discovery:discover_packages(prefix_path) discover
[0.443s] DEBUG:colcon.colcon_installed_package_information.package_discovery:Found 6 installed packages in /home/uwr/Desktop/2024_UWR/install
[0.444s] DEBUG:colcon.colcon_installed_package_information.package_discovery:Found 280 installed packages in /opt/ros/humble
[0.454s] Level 1:colcon.colcon_core.package_discovery:discover_packages(prefix_path) using defaults
[0.515s] Level 5:colcon.colcon_core.verb:set package 'kalman_filter' build argument 'cmake_args' from command line to 'None'
[0.515s] Level 5:colcon.colcon_core.verb:set package 'kalman_filter' build argument 'cmake_target' from command line to 'None'
[0.515s] Level 5:colcon.colcon_core.verb:set package 'kalman_filter' build argument 'cmake_target_skip_unavailable' from command line to 'False'
[0.515s] Level 5:colcon.colcon_core.verb:set package 'kalman_filter' build argument 'cmake_clean_cache' from command line to 'False'
[0.515s] Level 5:colcon.colcon_core.verb:set package 'kalman_filter' build argument 'cmake_clean_first' from command line to 'False'
[0.515s] Level 5:colcon.colcon_core.verb:set package 'kalman_filter' build argument 'cmake_force_configure' from command line to 'False'
[0.515s] Level 5:colcon.colcon_core.verb:set package 'kalman_filter' build argument 'ament_cmake_args' from command line to 'None'
[0.515s] Level 5:colcon.colcon_core.verb:set package 'kalman_filter' build argument 'catkin_cmake_args' from command line to 'None'
[0.515s] Level 5:colcon.colcon_core.verb:set package 'kalman_filter' build argument 'catkin_skip_building_tests' from command line to 'False'
[0.515s] DEBUG:colcon.colcon_core.verb:Building package 'kalman_filter' with the following arguments: {'ament_cmake_args': None, 'build_base': '/home/uwr/Desktop/2024_UWR/build/kalman_filter', 'catkin_cmake_args': None, 'catkin_skip_building_tests': False, 'cmake_args': None, 'cmake_clean_cache': False, 'cmake_clean_first': False, 'cmake_force_configure': False, 'cmake_target': None, 'cmake_target_skip_unavailable': False, 'install_base': '/home/uwr/Desktop/2024_UWR/install/kalman_filter', 'merge_install': False, 'path': '/home/uwr/Desktop/2024_UWR/src/kalman_filter', 'symlink_install': False, 'test_result_base': None}
[0.516s] INFO:colcon.colcon_core.executor:Executing jobs using 'parallel' executor
[0.516s] DEBUG:colcon.colcon_parallel_executor.executor.parallel:run_until_complete
[0.517s] INFO:colcon.colcon_ros.task.ament_cmake.build:Building ROS package in '/home/uwr/Desktop/2024_UWR/src/kalman_filter' with build type 'ament_cmake'
[0.517s] INFO:colcon.colcon_cmake.task.cmake.build:Building CMake package in '/home/uwr/Desktop/2024_UWR/src/kalman_filter'
[0.520s] INFO:colcon.colcon_core.plugin_system:Skipping extension 'colcon_core.shell.bat': Not used on non-Windows systems
[0.520s] INFO:colcon.colcon_core.shell:Skip shell extension 'powershell' for command environment: Not usable outside of PowerShell
[0.520s] DEBUG:colcon.colcon_core.shell:Skip shell extension 'dsv' for command environment
[0.531s] DEBUG:colcon.colcon_core.event_handler.log_command:Invoking command in '/home/uwr/Desktop/2024_UWR/build/kalman_filter': CMAKE_PREFIX_PATH=/home/uwr/Desktop/2024_UWR/install/sonar_msgs:/home/uwr/Desktop/2024_UWR/install/xsens_mti_ros2_driver:/home/uwr/Desktop/2024_UWR/install/kalman_filter:/home/uwr/Desktop/2024_UWR/install/ntrip:/home/uwr/Desktop/2024_UWR/install/adnav-driver:/home/uwr/Desktop/2024_UWR/install/sonar_subs:/opt/ros/humble LD_LIBRARY_PATH=/home/uwr/Desktop/2024_UWR/install/sonar_msgs/lib:/home/uwr/Desktop/2024_UWR/install/xsens_mti_ros2_driver/lib:/opt/ros/humble/opt/rviz_ogre_vendor/lib:/opt/ros/humble/lib/x86_64-linux-gnu:/opt/ros/humble/lib /usr/bin/cmake --build /home/uwr/Desktop/2024_UWR/build/kalman_filter -- -j8 -l8
[5.647s] DEBUG:colcon.colcon_core.event_handler.log_command:Invoked command in '/home/uwr/Desktop/2024_UWR/build/kalman_filter' returned '0': CMAKE_PREFIX_PATH=/home/uwr/Desktop/2024_UWR/install/sonar_msgs:/home/uwr/Desktop/2024_UWR/install/xsens_mti_ros2_driver:/home/uwr/Desktop/2024_UWR/install/kalman_filter:/home/uwr/Desktop/2024_UWR/install/ntrip:/home/uwr/Desktop/2024_UWR/install/adnav-driver:/home/uwr/Desktop/2024_UWR/install/sonar_subs:/opt/ros/humble LD_LIBRARY_PATH=/home/uwr/Desktop/2024_UWR/install/sonar_msgs/lib:/home/uwr/Desktop/2024_UWR/install/xsens_mti_ros2_driver/lib:/opt/ros/humble/opt/rviz_ogre_vendor/lib:/opt/ros/humble/lib/x86_64-linux-gnu:/opt/ros/humble/lib /usr/bin/cmake --build /home/uwr/Desktop/2024_UWR/build/kalman_filter -- -j8 -l8
[5.691s] DEBUG:colcon.colcon_core.event_handler.log_command:Invoking command in '/home/uwr/Desktop/2024_UWR/build/kalman_filter': CMAKE_PREFIX_PATH=/home/uwr/Desktop/2024_UWR/install/sonar_msgs:/home/uwr/Desktop/2024_UWR/install/xsens_mti_ros2_driver:/home/uwr/Desktop/2024_UWR/install/kalman_filter:/home/uwr/Desktop/2024_UWR/install/ntrip:/home/uwr/Desktop/2024_UWR/install/adnav-driver:/home/uwr/Desktop/2024_UWR/install/sonar_subs:/opt/ros/humble LD_LIBRARY_PATH=/home/uwr/Desktop/2024_UWR/install/sonar_msgs/lib:/home/uwr/Desktop/2024_UWR/install/xsens_mti_ros2_driver/lib:/opt/ros/humble/opt/rviz_ogre_vendor/lib:/opt/ros/humble/lib/x86_64-linux-gnu:/opt/ros/humble/lib /usr/bin/cmake --install /home/uwr/Desktop/2024_UWR/build/kalman_filter
[5.707s] Level 1:colcon.colcon_core.environment:create_environment_scripts_only(kalman_filter)
[5.708s] DEBUG:colcon.colcon_core.event_handler.log_command:Invoked command in '/home/uwr/Desktop/2024_UWR/build/kalman_filter' returned '0': CMAKE_PREFIX_PATH=/home/uwr/Desktop/2024_UWR/install/sonar_msgs:/home/uwr/Desktop/2024_UWR/install/xsens_mti_ros2_driver:/home/uwr/Desktop/2024_UWR/install/kalman_filter:/home/uwr/Desktop/2024_UWR/install/ntrip:/home/uwr/Desktop/2024_UWR/install/adnav-driver:/home/uwr/Desktop/2024_UWR/install/sonar_subs:/opt/ros/humble LD_LIBRARY_PATH=/home/uwr/Desktop/2024_UWR/install/sonar_msgs/lib:/home/uwr/Desktop/2024_UWR/install/xsens_mti_ros2_driver/lib:/opt/ros/humble/opt/rviz_ogre_vendor/lib:/opt/ros/humble/lib/x86_64-linux-gnu:/opt/ros/humble/lib /usr/bin/cmake --install /home/uwr/Desktop/2024_UWR/build/kalman_filter
[5.712s] Level 1:colcon.colcon_core.environment:checking '/home/uwr/Desktop/2024_UWR/install/kalman_filter' for CMake module files
[5.713s] Level 1:colcon.colcon_core.environment:checking '/home/uwr/Desktop/2024_UWR/install/kalman_filter' for CMake config files
[5.713s] Level 1:colcon.colcon_core.shell:create_environment_hook('kalman_filter', 'cmake_prefix_path')
[5.713s] INFO:colcon.colcon_core.shell:Creating environment hook '/home/uwr/Desktop/2024_UWR/install/kalman_filter/share/kalman_filter/hook/cmake_prefix_path.ps1'
[5.714s] INFO:colcon.colcon_core.shell:Creating environment descriptor '/home/uwr/Desktop/2024_UWR/install/kalman_filter/share/kalman_filter/hook/cmake_prefix_path.dsv'
[5.714s] INFO:colcon.colcon_core.shell:Creating environment hook '/home/uwr/Desktop/2024_UWR/install/kalman_filter/share/kalman_filter/hook/cmake_prefix_path.sh'
[5.715s] Level 1:colcon.colcon_core.environment:checking '/home/uwr/Desktop/2024_UWR/install/kalman_filter/lib'
[5.715s] Level 1:colcon.colcon_core.environment:checking '/home/uwr/Desktop/2024_UWR/install/kalman_filter/bin'
[5.715s] Level 1:colcon.colcon_core.environment:checking '/home/uwr/Desktop/2024_UWR/install/kalman_filter/lib/pkgconfig/kalman_filter.pc'
[5.715s] Level 1:colcon.colcon_core.environment:checking '/home/uwr/Desktop/2024_UWR/install/kalman_filter/lib/python3.10/site-packages'
[5.716s] Level 1:colcon.colcon_core.environment:checking '/home/uwr/Desktop/2024_UWR/install/kalman_filter/bin'
[5.716s] INFO:colcon.colcon_core.shell:Creating package script '/home/uwr/Desktop/2024_UWR/install/kalman_filter/share/kalman_filter/package.ps1'
[5.717s] INFO:colcon.colcon_core.shell:Creating package descriptor '/home/uwr/Desktop/2024_UWR/install/kalman_filter/share/kalman_filter/package.dsv'
[5.717s] INFO:colcon.colcon_core.shell:Creating package script '/home/uwr/Desktop/2024_UWR/install/kalman_filter/share/kalman_filter/package.sh'
[5.718s] INFO:colcon.colcon_core.shell:Creating package script '/home/uwr/Desktop/2024_UWR/install/kalman_filter/share/kalman_filter/package.bash'
[5.720s] INFO:colcon.colcon_core.shell:Creating package script '/home/uwr/Desktop/2024_UWR/install/kalman_filter/share/kalman_filter/package.zsh'
[5.720s] Level 1:colcon.colcon_core.environment:create_file_with_runtime_dependencies(/home/uwr/Desktop/2024_UWR/install/kalman_filter/share/colcon-core/packages/kalman_filter)
[5.753s] Level 1:colcon.colcon_core.environment:create_environment_scripts_only(kalman_filter)
[5.754s] Level 1:colcon.colcon_core.environment:checking '/home/uwr/Desktop/2024_UWR/install/kalman_filter' for CMake module files
[5.754s] Level 1:colcon.colcon_core.environment:checking '/home/uwr/Desktop/2024_UWR/install/kalman_filter' for CMake config files
[5.754s] Level 1:colcon.colcon_core.shell:create_environment_hook('kalman_filter', 'cmake_prefix_path')
[5.755s] INFO:colcon.colcon_core.shell:Creating environment hook '/home/uwr/Desktop/2024_UWR/install/kalman_filter/share/kalman_filter/hook/cmake_prefix_path.ps1'
[5.755s] INFO:colcon.colcon_core.shell:Creating environment descriptor '/home/uwr/Desktop/2024_UWR/install/kalman_filter/share/kalman_filter/hook/cmake_prefix_path.dsv'
[5.755s] INFO:colcon.colcon_core.shell:Creating environment hook '/home/uwr/Desktop/2024_UWR/install/kalman_filter/share/kalman_filter/hook/cmake_prefix_path.sh'
[5.756s] Level 1:colcon.colcon_core.environment:checking '/home/uwr/Desktop/2024_UWR/install/kalman_filter/lib'
[5.756s] Level 1:colcon.colcon_core.environment:checking '/home/uwr/Desktop/2024_UWR/install/kalman_filter/bin'
[5.756s] Level 1:colcon.colcon_core.environment:checking '/home/uwr/Desktop/2024_UWR/install/kalman_filter/lib/pkgconfig/kalman_filter.pc'
[5.756s] Level 1:colcon.colcon_core.environment:checking '/home/uwr/Desktop/2024_UWR/install/kalman_filter/lib/python3.10/site-packages'
[5.756s] Level 1:colcon.colcon_core.environment:checking '/home/uwr/Desktop/2024_UWR/install/kalman_filter/bin'
[5.757s] INFO:colcon.colcon_core.shell:Creating package script '/home/uwr/Desktop/2024_UWR/install/kalman_filter/share/kalman_filter/package.ps1'
[5.757s] INFO:colcon.colcon_core.shell:Creating package descriptor '/home/uwr/Desktop/2024_UWR/install/kalman_filter/share/kalman_filter/package.dsv'
[5.758s] INFO:colcon.colcon_core.shell:Creating package script '/home/uwr/Desktop/2024_UWR/install/kalman_filter/share/kalman_filter/package.sh'
[5.758s] INFO:colcon.colcon_core.shell:Creating package script '/home/uwr/Desktop/2024_UWR/install/kalman_filter/share/kalman_filter/package.bash'
[5.759s] INFO:colcon.colcon_core.shell:Creating package script '/home/uwr/Desktop/2024_UWR/install/kalman_filter/share/kalman_filter/package.zsh'
[5.759s] Level 1:colcon.colcon_core.environment:create_file_with_runtime_dependencies(/home/uwr/Desktop/2024_UWR/install/kalman_filter/share/colcon-core/packages/kalman_filter)
[5.759s] DEBUG:colcon.colcon_parallel_executor.executor.parallel:closing loop
[5.760s] DEBUG:colcon.colcon_parallel_executor.executor.parallel:loop closed
[5.760s] DEBUG:colcon.colcon_parallel_executor.executor.parallel:run_until_complete finished with '0'
[5.760s] DEBUG:colcon.colcon_core.event_reactor:joining thread
[5.767s] INFO:colcon.colcon_core.plugin_system:Skipping extension 'colcon_notification.desktop_notification.terminal_notifier': Not used on non-Darwin systems
[5.767s] INFO:colcon.colcon_core.plugin_system:Skipping extension 'colcon_notification.desktop_notification.win32': Not used on non-Windows systems
[5.767s] INFO:colcon.colcon_notification.desktop_notification:Sending desktop notification using 'notify2'
[5.778s] DEBUG:colcon.colcon_core.event_reactor:joined thread
[5.778s] INFO:colcon.colcon_core.shell:Creating prefix script '/home/uwr/Desktop/2024_UWR/install/local_setup.ps1'
[5.779s] INFO:colcon.colcon_core.shell:Creating prefix util module '/home/uwr/Desktop/2024_UWR/install/_local_setup_util_ps1.py'
[5.781s] INFO:colcon.colcon_core.shell:Creating prefix chain script '/home/uwr/Desktop/2024_UWR/install/setup.ps1'
[5.782s] INFO:colcon.colcon_core.shell:Creating prefix script '/home/uwr/Desktop/2024_UWR/install/local_setup.sh'
[5.782s] INFO:colcon.colcon_core.shell:Creating prefix util module '/home/uwr/Desktop/2024_UWR/install/_local_setup_util_sh.py'
[5.783s] INFO:colcon.colcon_core.shell:Creating prefix chain script '/home/uwr/Desktop/2024_UWR/install/setup.sh'
[5.784s] INFO:colcon.colcon_core.shell:Creating prefix script '/home/uwr/Desktop/2024_UWR/install/local_setup.bash'
[5.785s] INFO:colcon.colcon_core.shell:Creating prefix chain script '/home/uwr/Desktop/2024_UWR/install/setup.bash'
[5.786s] INFO:colcon.colcon_core.shell:Creating prefix script '/home/uwr/Desktop/2024_UWR/install/local_setup.zsh'
[5.787s] INFO:colcon.colcon_core.shell:Creating prefix chain script '/home/uwr/Desktop/2024_UWR/install/setup.zsh'
