[0.013s] Invoking command in '/home/saab/Desktop/2024_UWR/build/ntrip': CMAKE_PREFIX_PATH=${CMAKE_PREFIX_PATH}:/home/saab/Desktop/2024_UWR/install/sonar_subs:/opt/ros/humble CONDA_PROMPT_MODIFIER=(base) /usr/bin/cmake --build /home/saab/Desktop/2024_UWR/build/ntrip -- -j24 -l24
[0.057s] [100%] Built target ntrip
[0.067s] Invoked command in '/home/saab/Desktop/2024_UWR/build/ntrip' returned '0': CMAKE_PREFIX_PATH=${CMAKE_PREFIX_PATH}:/home/saab/Desktop/2024_UWR/install/sonar_subs:/opt/ros/humble CONDA_PROMPT_MODIFIER=(base) /usr/bin/cmake --build /home/saab/Desktop/2024_UWR/build/ntrip -- -j24 -l24
[0.072s] Invoking command in '/home/saab/Desktop/2024_UWR/build/ntrip': CMAKE_PREFIX_PATH=${CMAKE_PREFIX_PATH}:/home/saab/Desktop/2024_UWR/install/sonar_subs:/opt/ros/humble CONDA_PROMPT_MODIFIER=(base) /usr/bin/cmake --install /home/saab/Desktop/2024_UWR/build/ntrip
[0.076s] -- Install configuration: ""
[0.076s] -- Execute custom install script
[0.077s] -- Up-to-date symlink: /home/saab/Desktop/2024_UWR/install/ntrip/lib/ntrip/ntrip
[0.077s] -- Up-to-date symlink: /home/saab/Desktop/2024_UWR/install/ntrip/share/ntrip//launch/ntrip_launch.py
[0.078s] -- Up-to-date symlink: /home/saab/Desktop/2024_UWR/install/ntrip/share/ament_index/resource_index/package_run_dependencies/ntrip
[0.078s] -- Up-to-date symlink: /home/saab/Desktop/2024_UWR/install/ntrip/share/ament_index/resource_index/parent_prefix_path/ntrip
[0.078s] -- Up-to-date symlink: /home/saab/Desktop/2024_UWR/install/ntrip/share/ntrip/environment/ament_prefix_path.sh
[0.078s] -- Up-to-date symlink: /home/saab/Desktop/2024_UWR/install/ntrip/share/ntrip/environment/ament_prefix_path.dsv
[0.078s] -- Up-to-date symlink: /home/saab/Desktop/2024_UWR/install/ntrip/share/ntrip/environment/path.sh
[0.078s] -- Up-to-date symlink: /home/saab/Desktop/2024_UWR/install/ntrip/share/ntrip/environment/path.dsv
[0.078s] -- Up-to-date symlink: /home/saab/Desktop/2024_UWR/install/ntrip/share/ntrip/local_setup.bash
[0.078s] -- Up-to-date symlink: /home/saab/Desktop/2024_UWR/install/ntrip/share/ntrip/local_setup.sh
[0.078s] -- Up-to-date symlink: /home/saab/Desktop/2024_UWR/install/ntrip/share/ntrip/local_setup.zsh
[0.078s] -- Up-to-date symlink: /home/saab/Desktop/2024_UWR/install/ntrip/share/ntrip/local_setup.dsv
[0.079s] -- Symlinking: /home/saab/Desktop/2024_UWR/install/ntrip/share/ntrip/package.dsv
[0.084s] -- Up-to-date symlink: /home/saab/Desktop/2024_UWR/install/ntrip/share/ament_index/resource_index/packages/ntrip
[0.084s] -- Up-to-date symlink: /home/saab/Desktop/2024_UWR/install/ntrip/share/ntrip/cmake/ntripConfig.cmake
[0.084s] -- Up-to-date symlink: /home/saab/Desktop/2024_UWR/install/ntrip/share/ntrip/cmake/ntripConfig-version.cmake
[0.085s] -- Up-to-date symlink: /home/saab/Desktop/2024_UWR/install/ntrip/share/ntrip/package.xml
[0.086s] Invoked command in '/home/saab/Desktop/2024_UWR/build/ntrip' returned '0': CMAKE_PREFIX_PATH=${CMAKE_PREFIX_PATH}:/home/saab/Desktop/2024_UWR/install/sonar_subs:/opt/ros/humble CONDA_PROMPT_MODIFIER=(base) /usr/bin/cmake --install /home/saab/Desktop/2024_UWR/build/ntrip
