[0.099s] DEBUG:colcon:Command line arguments: ['/usr/bin/colcon', 'build']
[0.099s] DEBUG:colcon:Parsed command line arguments: Namespace(log_base=None, log_level=None, verb_name='build', build_base='build', install_base='install', merge_install=False, symlink_install=False, test_result_base=None, continue_on_error=False, executor='parallel', parallel_workers=8, event_handlers=None, ignore_user_meta=False, metas=['./colcon.meta'], base_paths=['.'], packages_ignore=None, packages_ignore_regex=None, paths=None, packages_up_to=None, packages_up_to_regex=None, packages_above=None, packages_above_and_dependencies=None, packages_above_depth=None, packages_select_by_dep=None, packages_skip_by_dep=None, packages_skip_up_to=None, packages_select_build_failed=False, packages_skip_build_finished=False, packages_select_test_failures=False, packages_skip_test_passed=False, packages_select=None, packages_skip=None, packages_select_regex=None, packages_skip_regex=None, packages_start=None, packages_end=None, allow_overriding=[], cmake_args=None, cmake_target=None, cmake_target_skip_unavailable=False, cmake_clean_cache=False, cmake_clean_first=False, cmake_force_configure=False, ament_cmake_args=None, catkin_cmake_args=None, catkin_skip_building_tests=False, verb_parser=<colcon_defaults.argument_parser.defaults.DefaultArgumentsDecorator object at 0x7c5989dfb8e0>, verb_extension=<colcon_core.verb.build.BuildVerb object at 0x7c5989dfa8c0>, main=<bound method BuildVerb.main of <colcon_core.verb.build.BuildVerb object at 0x7c5989dfa8c0>>)
[0.244s] Level 1:colcon.colcon_core.package_discovery:discover_packages(colcon_meta) check parameters
[0.244s] Level 1:colcon.colcon_core.package_discovery:discover_packages(recursive) check parameters
[0.244s] Level 1:colcon.colcon_core.package_discovery:discover_packages(ignore) check parameters
[0.245s] Level 1:colcon.colcon_core.package_discovery:discover_packages(path) check parameters
[0.245s] Level 1:colcon.colcon_core.package_discovery:discover_packages(colcon_meta) discover
[0.245s] Level 1:colcon.colcon_core.package_discovery:discover_packages(recursive) discover
[0.245s] INFO:colcon.colcon_core.package_discovery:Crawling recursively for packages in '/home/nuc1/Desktop/2024_UWR'
[0.245s] Level 1:colcon.colcon_core.package_identification:_identify(.) by extensions ['ignore', 'ignore_ament_install']
[0.245s] Level 1:colcon.colcon_core.package_identification:_identify(.) by extension 'ignore'
[0.245s] Level 1:colcon.colcon_core.package_identification:_identify(.) by extension 'ignore_ament_install'
[0.245s] Level 1:colcon.colcon_core.package_identification:_identify(.) by extensions ['colcon_pkg']
[0.245s] Level 1:colcon.colcon_core.package_identification:_identify(.) by extension 'colcon_pkg'
[0.245s] Level 1:colcon.colcon_core.package_identification:_identify(.) by extensions ['colcon_meta']
[0.245s] Level 1:colcon.colcon_core.package_identification:_identify(.) by extension 'colcon_meta'
[0.245s] Level 1:colcon.colcon_core.package_identification:_identify(.) by extensions ['ros']
[0.245s] Level 1:colcon.colcon_core.package_identification:_identify(.) by extension 'ros'
[0.255s] Level 1:colcon.colcon_core.package_identification:_identify(.) by extensions ['cmake', 'python']
[0.255s] Level 1:colcon.colcon_core.package_identification:_identify(.) by extension 'cmake'
[0.255s] Level 1:colcon.colcon_core.package_identification:_identify(.) by extension 'python'
[0.255s] Level 1:colcon.colcon_core.package_identification:_identify(.) by extensions ['python_setup_py']
[0.255s] Level 1:colcon.colcon_core.package_identification:_identify(.) by extension 'python_setup_py'
[0.255s] Level 1:colcon.colcon_core.package_identification:_identify(Analysis) by extensions ['ignore', 'ignore_ament_install']
[0.256s] Level 1:colcon.colcon_core.package_identification:_identify(Analysis) by extension 'ignore'
[0.256s] Level 1:colcon.colcon_core.package_identification:_identify(Analysis) by extension 'ignore_ament_install'
[0.256s] Level 1:colcon.colcon_core.package_identification:_identify(Analysis) by extensions ['colcon_pkg']
[0.256s] Level 1:colcon.colcon_core.package_identification:_identify(Analysis) by extension 'colcon_pkg'
[0.256s] Level 1:colcon.colcon_core.package_identification:_identify(Analysis) by extensions ['colcon_meta']
[0.256s] Level 1:colcon.colcon_core.package_identification:_identify(Analysis) by extension 'colcon_meta'
[0.256s] Level 1:colcon.colcon_core.package_identification:_identify(Analysis) by extensions ['ros']
[0.256s] Level 1:colcon.colcon_core.package_identification:_identify(Analysis) by extension 'ros'
[0.256s] Level 1:colcon.colcon_core.package_identification:_identify(Analysis) by extensions ['cmake', 'python']
[0.256s] Level 1:colcon.colcon_core.package_identification:_identify(Analysis) by extension 'cmake'
[0.256s] Level 1:colcon.colcon_core.package_identification:_identify(Analysis) by extension 'python'
[0.256s] Level 1:colcon.colcon_core.package_identification:_identify(Analysis) by extensions ['python_setup_py']
[0.256s] Level 1:colcon.colcon_core.package_identification:_identify(Analysis) by extension 'python_setup_py'
[0.256s] Level 1:colcon.colcon_core.package_identification:_identify(Analysis/Last) by extensions ['ignore', 'ignore_ament_install']
[0.256s] Level 1:colcon.colcon_core.package_identification:_identify(Analysis/Last) by extension 'ignore'
[0.256s] Level 1:colcon.colcon_core.package_identification:_identify(Analysis/Last) by extension 'ignore_ament_install'
[0.256s] Level 1:colcon.colcon_core.package_identification:_identify(Analysis/Last) by extensions ['colcon_pkg']
[0.256s] Level 1:colcon.colcon_core.package_identification:_identify(Analysis/Last) by extension 'colcon_pkg'
[0.256s] Level 1:colcon.colcon_core.package_identification:_identify(Analysis/Last) by extensions ['colcon_meta']
[0.256s] Level 1:colcon.colcon_core.package_identification:_identify(Analysis/Last) by extension 'colcon_meta'
[0.256s] Level 1:colcon.colcon_core.package_identification:_identify(Analysis/Last) by extensions ['ros']
[0.257s] Level 1:colcon.colcon_core.package_identification:_identify(Analysis/Last) by extension 'ros'
[0.257s] Level 1:colcon.colcon_core.package_identification:_identify(Analysis/Last) by extensions ['cmake', 'python']
[0.257s] Level 1:colcon.colcon_core.package_identification:_identify(Analysis/Last) by extension 'cmake'
[0.257s] Level 1:colcon.colcon_core.package_identification:_identify(Analysis/Last) by extension 'python'
[0.257s] Level 1:colcon.colcon_core.package_identification:_identify(Analysis/Last) by extensions ['python_setup_py']
[0.257s] Level 1:colcon.colcon_core.package_identification:_identify(Analysis/Last) by extension 'python_setup_py'
[0.257s] Level 1:colcon.colcon_core.package_identification:_identify(build) by extensions ['ignore', 'ignore_ament_install']
[0.257s] Level 1:colcon.colcon_core.package_identification:_identify(build) by extension 'ignore'
[0.257s] Level 1:colcon.colcon_core.package_identification:_identify(build) ignored
[0.257s] Level 1:colcon.colcon_core.package_identification:_identify(install) by extensions ['ignore', 'ignore_ament_install']
[0.257s] Level 1:colcon.colcon_core.package_identification:_identify(install) by extension 'ignore'
[0.257s] Level 1:colcon.colcon_core.package_identification:_identify(install) ignored
[0.257s] Level 1:colcon.colcon_core.package_identification:_identify(log) by extensions ['ignore', 'ignore_ament_install']
[0.257s] Level 1:colcon.colcon_core.package_identification:_identify(log) by extension 'ignore'
[0.257s] Level 1:colcon.colcon_core.package_identification:_identify(log) ignored
[0.258s] Level 1:colcon.colcon_core.package_identification:_identify(src) by extensions ['ignore', 'ignore_ament_install']
[0.258s] Level 1:colcon.colcon_core.package_identification:_identify(src) by extension 'ignore'
[0.258s] Level 1:colcon.colcon_core.package_identification:_identify(src) by extension 'ignore_ament_install'
[0.258s] Level 1:colcon.colcon_core.package_identification:_identify(src) by extensions ['colcon_pkg']
[0.258s] Level 1:colcon.colcon_core.package_identification:_identify(src) by extension 'colcon_pkg'
[0.258s] Level 1:colcon.colcon_core.package_identification:_identify(src) by extensions ['colcon_meta']
[0.258s] Level 1:colcon.colcon_core.package_identification:_identify(src) by extension 'colcon_meta'
[0.258s] Level 1:colcon.colcon_core.package_identification:_identify(src) by extensions ['ros']
[0.258s] Level 1:colcon.colcon_core.package_identification:_identify(src) by extension 'ros'
[0.258s] Level 1:colcon.colcon_core.package_identification:_identify(src) by extensions ['cmake', 'python']
[0.258s] Level 1:colcon.colcon_core.package_identification:_identify(src) by extension 'cmake'
[0.258s] Level 1:colcon.colcon_core.package_identification:_identify(src) by extension 'python'
[0.258s] Level 1:colcon.colcon_core.package_identification:_identify(src) by extensions ['python_setup_py']
[0.258s] Level 1:colcon.colcon_core.package_identification:_identify(src) by extension 'python_setup_py'
[0.258s] Level 1:colcon.colcon_core.package_identification:_identify(src/adnav-driver) by extensions ['ignore', 'ignore_ament_install']
[0.258s] Level 1:colcon.colcon_core.package_identification:_identify(src/adnav-driver) by extension 'ignore'
[0.258s] Level 1:colcon.colcon_core.package_identification:_identify(src/adnav-driver) by extension 'ignore_ament_install'
[0.258s] Level 1:colcon.colcon_core.package_identification:_identify(src/adnav-driver) by extensions ['colcon_pkg']
[0.258s] Level 1:colcon.colcon_core.package_identification:_identify(src/adnav-driver) by extension 'colcon_pkg'
[0.258s] Level 1:colcon.colcon_core.package_identification:_identify(src/adnav-driver) by extensions ['colcon_meta']
[0.258s] Level 1:colcon.colcon_core.package_identification:_identify(src/adnav-driver) by extension 'colcon_meta'
[0.258s] Level 1:colcon.colcon_core.package_identification:_identify(src/adnav-driver) by extensions ['ros']
[0.259s] Level 1:colcon.colcon_core.package_identification:_identify(src/adnav-driver) by extension 'ros'
[0.262s] DEBUG:colcon.colcon_core.package_identification:Package 'src/adnav-driver' with type 'ros.ament_cmake' and name 'adnav-driver'
[0.262s] Level 1:colcon.colcon_core.package_identification:_identify(src/kalman_filter) by extensions ['ignore', 'ignore_ament_install']
[0.262s] Level 1:colcon.colcon_core.package_identification:_identify(src/kalman_filter) by extension 'ignore'
[0.262s] Level 1:colcon.colcon_core.package_identification:_identify(src/kalman_filter) by extension 'ignore_ament_install'
[0.262s] Level 1:colcon.colcon_core.package_identification:_identify(src/kalman_filter) by extensions ['colcon_pkg']
[0.262s] Level 1:colcon.colcon_core.package_identification:_identify(src/kalman_filter) by extension 'colcon_pkg'
[0.262s] Level 1:colcon.colcon_core.package_identification:_identify(src/kalman_filter) by extensions ['colcon_meta']
[0.262s] Level 1:colcon.colcon_core.package_identification:_identify(src/kalman_filter) by extension 'colcon_meta'
[0.262s] Level 1:colcon.colcon_core.package_identification:_identify(src/kalman_filter) by extensions ['ros']
[0.263s] Level 1:colcon.colcon_core.package_identification:_identify(src/kalman_filter) by extension 'ros'
[0.263s] DEBUG:colcon.colcon_core.package_identification:Package 'src/kalman_filter' with type 'ros.ament_cmake' and name 'kalman_filter'
[0.263s] Level 1:colcon.colcon_core.package_identification:_identify(src/ntrip) by extensions ['ignore', 'ignore_ament_install']
[0.263s] Level 1:colcon.colcon_core.package_identification:_identify(src/ntrip) by extension 'ignore'
[0.263s] Level 1:colcon.colcon_core.package_identification:_identify(src/ntrip) by extension 'ignore_ament_install'
[0.263s] Level 1:colcon.colcon_core.package_identification:_identify(src/ntrip) by extensions ['colcon_pkg']
[0.264s] Level 1:colcon.colcon_core.package_identification:_identify(src/ntrip) by extension 'colcon_pkg'
[0.264s] Level 1:colcon.colcon_core.package_identification:_identify(src/ntrip) by extensions ['colcon_meta']
[0.264s] Level 1:colcon.colcon_core.package_identification:_identify(src/ntrip) by extension 'colcon_meta'
[0.264s] Level 1:colcon.colcon_core.package_identification:_identify(src/ntrip) by extensions ['ros']
[0.264s] Level 1:colcon.colcon_core.package_identification:_identify(src/ntrip) by extension 'ros'
[0.264s] DEBUG:colcon.colcon_core.package_identification:Package 'src/ntrip' with type 'ros.ament_cmake' and name 'ntrip'
[0.264s] Level 1:colcon.colcon_core.package_identification:_identify(src/ros2-driver) by extensions ['ignore', 'ignore_ament_install']
[0.265s] Level 1:colcon.colcon_core.package_identification:_identify(src/ros2-driver) by extension 'ignore'
[0.265s] Level 1:colcon.colcon_core.package_identification:_identify(src/ros2-driver) by extension 'ignore_ament_install'
[0.265s] Level 1:colcon.colcon_core.package_identification:_identify(src/ros2-driver) by extensions ['colcon_pkg']
[0.265s] Level 1:colcon.colcon_core.package_identification:_identify(src/ros2-driver) by extension 'colcon_pkg'
[0.265s] Level 1:colcon.colcon_core.package_identification:_identify(src/ros2-driver) by extensions ['colcon_meta']
[0.265s] Level 1:colcon.colcon_core.package_identification:_identify(src/ros2-driver) by extension 'colcon_meta'
[0.265s] Level 1:colcon.colcon_core.package_identification:_identify(src/ros2-driver) by extensions ['ros']
[0.265s] Level 1:colcon.colcon_core.package_identification:_identify(src/ros2-driver) by extension 'ros'
[0.265s] Level 1:colcon.colcon_core.package_identification:_identify(src/ros2-driver) by extensions ['cmake', 'python']
[0.265s] Level 1:colcon.colcon_core.package_identification:_identify(src/ros2-driver) by extension 'cmake'
[0.265s] Level 1:colcon.colcon_core.package_identification:_identify(src/ros2-driver) by extension 'python'
[0.265s] Level 1:colcon.colcon_core.package_identification:_identify(src/ros2-driver) by extensions ['python_setup_py']
[0.265s] Level 1:colcon.colcon_core.package_identification:_identify(src/ros2-driver) by extension 'python_setup_py'
[0.265s] Level 1:colcon.colcon_core.package_identification:_identify(src/sonar_msgs) by extensions ['ignore', 'ignore_ament_install']
[0.265s] Level 1:colcon.colcon_core.package_identification:_identify(src/sonar_msgs) by extension 'ignore'
[0.265s] Level 1:colcon.colcon_core.package_identification:_identify(src/sonar_msgs) by extension 'ignore_ament_install'
[0.265s] Level 1:colcon.colcon_core.package_identification:_identify(src/sonar_msgs) by extensions ['colcon_pkg']
[0.265s] Level 1:colcon.colcon_core.package_identification:_identify(src/sonar_msgs) by extension 'colcon_pkg'
[0.265s] Level 1:colcon.colcon_core.package_identification:_identify(src/sonar_msgs) by extensions ['colcon_meta']
[0.265s] Level 1:colcon.colcon_core.package_identification:_identify(src/sonar_msgs) by extension 'colcon_meta'
[0.266s] Level 1:colcon.colcon_core.package_identification:_identify(src/sonar_msgs) by extensions ['ros']
[0.266s] Level 1:colcon.colcon_core.package_identification:_identify(src/sonar_msgs) by extension 'ros'
[0.266s] DEBUG:colcon.colcon_core.package_identification:Package 'src/sonar_msgs' with type 'ros.ament_cmake' and name 'sonar_msgs'
[0.266s] Level 1:colcon.colcon_core.package_identification:_identify(src/sonar_subs) by extensions ['ignore', 'ignore_ament_install']
[0.266s] Level 1:colcon.colcon_core.package_identification:_identify(src/sonar_subs) by extension 'ignore'
[0.266s] Level 1:colcon.colcon_core.package_identification:_identify(src/sonar_subs) by extension 'ignore_ament_install'
[0.266s] Level 1:colcon.colcon_core.package_identification:_identify(src/sonar_subs) by extensions ['colcon_pkg']
[0.266s] Level 1:colcon.colcon_core.package_identification:_identify(src/sonar_subs) by extension 'colcon_pkg'
[0.266s] Level 1:colcon.colcon_core.package_identification:_identify(src/sonar_subs) by extensions ['colcon_meta']
[0.266s] Level 1:colcon.colcon_core.package_identification:_identify(src/sonar_subs) by extension 'colcon_meta'
[0.266s] Level 1:colcon.colcon_core.package_identification:_identify(src/sonar_subs) by extensions ['ros']
[0.267s] Level 1:colcon.colcon_core.package_identification:_identify(src/sonar_subs) by extension 'ros'
[0.267s] DEBUG:colcon.colcon_core.package_identification:Package 'src/sonar_subs' with type 'ros.ament_python' and name 'sonar_subs'
[0.267s] Level 1:colcon.colcon_core.package_identification:_identify(src/xsens_mti_ros2_driver) by extensions ['ignore', 'ignore_ament_install']
[0.267s] Level 1:colcon.colcon_core.package_identification:_identify(src/xsens_mti_ros2_driver) by extension 'ignore'
[0.267s] Level 1:colcon.colcon_core.package_identification:_identify(src/xsens_mti_ros2_driver) by extension 'ignore_ament_install'
[0.267s] Level 1:colcon.colcon_core.package_identification:_identify(src/xsens_mti_ros2_driver) by extensions ['colcon_pkg']
[0.267s] Level 1:colcon.colcon_core.package_identification:_identify(src/xsens_mti_ros2_driver) by extension 'colcon_pkg'
[0.267s] Level 1:colcon.colcon_core.package_identification:_identify(src/xsens_mti_ros2_driver) by extensions ['colcon_meta']
[0.267s] Level 1:colcon.colcon_core.package_identification:_identify(src/xsens_mti_ros2_driver) by extension 'colcon_meta'
[0.267s] Level 1:colcon.colcon_core.package_identification:_identify(src/xsens_mti_ros2_driver) by extensions ['ros']
[0.267s] Level 1:colcon.colcon_core.package_identification:_identify(src/xsens_mti_ros2_driver) by extension 'ros'
[0.268s] DEBUG:colcon.colcon_core.package_identification:Package 'src/xsens_mti_ros2_driver' with type 'ros.ament_cmake' and name 'xsens_mti_ros2_driver'
[0.268s] Level 1:colcon.colcon_core.package_discovery:discover_packages(recursive) using defaults
[0.268s] Level 1:colcon.colcon_core.package_discovery:discover_packages(ignore) discover
[0.268s] Level 1:colcon.colcon_core.package_discovery:discover_packages(ignore) using defaults
[0.268s] Level 1:colcon.colcon_core.package_discovery:discover_packages(path) discover
[0.268s] Level 1:colcon.colcon_core.package_discovery:discover_packages(path) using defaults
[0.288s] Level 1:colcon.colcon_core.package_discovery:discover_packages(prefix_path) check parameters
[0.288s] Level 1:colcon.colcon_core.package_discovery:discover_packages(prefix_path) discover
[0.290s] DEBUG:colcon.colcon_installed_package_information.package_discovery:Found 6 installed packages in /home/nuc1/Desktop/2024_UWR/install
[0.291s] DEBUG:colcon.colcon_installed_package_information.package_discovery:Found 278 installed packages in /opt/ros/humble
[0.292s] Level 1:colcon.colcon_core.package_discovery:discover_packages(prefix_path) using defaults
[0.337s] Level 5:colcon.colcon_core.verb:set package 'adnav-driver' build argument 'cmake_args' from command line to 'None'
[0.337s] Level 5:colcon.colcon_core.verb:set package 'adnav-driver' build argument 'cmake_target' from command line to 'None'
[0.337s] Level 5:colcon.colcon_core.verb:set package 'adnav-driver' build argument 'cmake_target_skip_unavailable' from command line to 'False'
[0.337s] Level 5:colcon.colcon_core.verb:set package 'adnav-driver' build argument 'cmake_clean_cache' from command line to 'False'
[0.337s] Level 5:colcon.colcon_core.verb:set package 'adnav-driver' build argument 'cmake_clean_first' from command line to 'False'
[0.337s] Level 5:colcon.colcon_core.verb:set package 'adnav-driver' build argument 'cmake_force_configure' from command line to 'False'
[0.337s] Level 5:colcon.colcon_core.verb:set package 'adnav-driver' build argument 'ament_cmake_args' from command line to 'None'
[0.337s] Level 5:colcon.colcon_core.verb:set package 'adnav-driver' build argument 'catkin_cmake_args' from command line to 'None'
[0.337s] Level 5:colcon.colcon_core.verb:set package 'adnav-driver' build argument 'catkin_skip_building_tests' from command line to 'False'
[0.337s] DEBUG:colcon.colcon_core.verb:Building package 'adnav-driver' with the following arguments: {'ament_cmake_args': None, 'build_base': '/home/nuc1/Desktop/2024_UWR/build/adnav-driver', 'catkin_cmake_args': None, 'catkin_skip_building_tests': False, 'cmake_args': None, 'cmake_clean_cache': False, 'cmake_clean_first': False, 'cmake_force_configure': False, 'cmake_target': None, 'cmake_target_skip_unavailable': False, 'install_base': '/home/nuc1/Desktop/2024_UWR/install/adnav-driver', 'merge_install': False, 'path': '/home/nuc1/Desktop/2024_UWR/src/adnav-driver', 'symlink_install': False, 'test_result_base': None}
[0.338s] Level 5:colcon.colcon_core.verb:set package 'ntrip' build argument 'cmake_args' from command line to 'None'
[0.338s] Level 5:colcon.colcon_core.verb:set package 'ntrip' build argument 'cmake_target' from command line to 'None'
[0.338s] Level 5:colcon.colcon_core.verb:set package 'ntrip' build argument 'cmake_target_skip_unavailable' from command line to 'False'
[0.338s] Level 5:colcon.colcon_core.verb:set package 'ntrip' build argument 'cmake_clean_cache' from command line to 'False'
[0.338s] Level 5:colcon.colcon_core.verb:set package 'ntrip' build argument 'cmake_clean_first' from command line to 'False'
[0.338s] Level 5:colcon.colcon_core.verb:set package 'ntrip' build argument 'cmake_force_configure' from command line to 'False'
[0.338s] Level 5:colcon.colcon_core.verb:set package 'ntrip' build argument 'ament_cmake_args' from command line to 'None'
[0.338s] Level 5:colcon.colcon_core.verb:set package 'ntrip' build argument 'catkin_cmake_args' from command line to 'None'
[0.338s] Level 5:colcon.colcon_core.verb:set package 'ntrip' build argument 'catkin_skip_building_tests' from command line to 'False'
[0.338s] DEBUG:colcon.colcon_core.verb:Building package 'ntrip' with the following arguments: {'ament_cmake_args': None, 'build_base': '/home/nuc1/Desktop/2024_UWR/build/ntrip', 'catkin_cmake_args': None, 'catkin_skip_building_tests': False, 'cmake_args': None, 'cmake_clean_cache': False, 'cmake_clean_first': False, 'cmake_force_configure': False, 'cmake_target': None, 'cmake_target_skip_unavailable': False, 'install_base': '/home/nuc1/Desktop/2024_UWR/install/ntrip', 'merge_install': False, 'path': '/home/nuc1/Desktop/2024_UWR/src/ntrip', 'symlink_install': False, 'test_result_base': None}
[0.338s] Level 5:colcon.colcon_core.verb:set package 'sonar_msgs' build argument 'cmake_args' from command line to 'None'
[0.338s] Level 5:colcon.colcon_core.verb:set package 'sonar_msgs' build argument 'cmake_target' from command line to 'None'
[0.338s] Level 5:colcon.colcon_core.verb:set package 'sonar_msgs' build argument 'cmake_target_skip_unavailable' from command line to 'False'
[0.338s] Level 5:colcon.colcon_core.verb:set package 'sonar_msgs' build argument 'cmake_clean_cache' from command line to 'False'
[0.338s] Level 5:colcon.colcon_core.verb:set package 'sonar_msgs' build argument 'cmake_clean_first' from command line to 'False'
[0.338s] Level 5:colcon.colcon_core.verb:set package 'sonar_msgs' build argument 'cmake_force_configure' from command line to 'False'
[0.338s] Level 5:colcon.colcon_core.verb:set package 'sonar_msgs' build argument 'ament_cmake_args' from command line to 'None'
[0.338s] Level 5:colcon.colcon_core.verb:set package 'sonar_msgs' build argument 'catkin_cmake_args' from command line to 'None'
[0.338s] Level 5:colcon.colcon_core.verb:set package 'sonar_msgs' build argument 'catkin_skip_building_tests' from command line to 'False'
[0.338s] DEBUG:colcon.colcon_core.verb:Building package 'sonar_msgs' with the following arguments: {'ament_cmake_args': None, 'build_base': '/home/nuc1/Desktop/2024_UWR/build/sonar_msgs', 'catkin_cmake_args': None, 'catkin_skip_building_tests': False, 'cmake_args': None, 'cmake_clean_cache': False, 'cmake_clean_first': False, 'cmake_force_configure': False, 'cmake_target': None, 'cmake_target_skip_unavailable': False, 'install_base': '/home/nuc1/Desktop/2024_UWR/install/sonar_msgs', 'merge_install': False, 'path': '/home/nuc1/Desktop/2024_UWR/src/sonar_msgs', 'symlink_install': False, 'test_result_base': None}
[0.339s] Level 5:colcon.colcon_core.verb:set package 'xsens_mti_ros2_driver' build argument 'cmake_args' from command line to 'None'
[0.339s] Level 5:colcon.colcon_core.verb:set package 'xsens_mti_ros2_driver' build argument 'cmake_target' from command line to 'None'
[0.339s] Level 5:colcon.colcon_core.verb:set package 'xsens_mti_ros2_driver' build argument 'cmake_target_skip_unavailable' from command line to 'False'
[0.339s] Level 5:colcon.colcon_core.verb:set package 'xsens_mti_ros2_driver' build argument 'cmake_clean_cache' from command line to 'False'
[0.339s] Level 5:colcon.colcon_core.verb:set package 'xsens_mti_ros2_driver' build argument 'cmake_clean_first' from command line to 'False'
[0.339s] Level 5:colcon.colcon_core.verb:set package 'xsens_mti_ros2_driver' build argument 'cmake_force_configure' from command line to 'False'
[0.339s] Level 5:colcon.colcon_core.verb:set package 'xsens_mti_ros2_driver' build argument 'ament_cmake_args' from command line to 'None'
[0.339s] Level 5:colcon.colcon_core.verb:set package 'xsens_mti_ros2_driver' build argument 'catkin_cmake_args' from command line to 'None'
[0.339s] Level 5:colcon.colcon_core.verb:set package 'xsens_mti_ros2_driver' build argument 'catkin_skip_building_tests' from command line to 'False'
[0.339s] DEBUG:colcon.colcon_core.verb:Building package 'xsens_mti_ros2_driver' with the following arguments: {'ament_cmake_args': None, 'build_base': '/home/nuc1/Desktop/2024_UWR/build/xsens_mti_ros2_driver', 'catkin_cmake_args': None, 'catkin_skip_building_tests': False, 'cmake_args': None, 'cmake_clean_cache': False, 'cmake_clean_first': False, 'cmake_force_configure': False, 'cmake_target': None, 'cmake_target_skip_unavailable': False, 'install_base': '/home/nuc1/Desktop/2024_UWR/install/xsens_mti_ros2_driver', 'merge_install': False, 'path': '/home/nuc1/Desktop/2024_UWR/src/xsens_mti_ros2_driver', 'symlink_install': False, 'test_result_base': None}
[0.339s] Level 5:colcon.colcon_core.verb:set package 'kalman_filter' build argument 'cmake_args' from command line to 'None'
[0.339s] Level 5:colcon.colcon_core.verb:set package 'kalman_filter' build argument 'cmake_target' from command line to 'None'
[0.339s] Level 5:colcon.colcon_core.verb:set package 'kalman_filter' build argument 'cmake_target_skip_unavailable' from command line to 'False'
[0.339s] Level 5:colcon.colcon_core.verb:set package 'kalman_filter' build argument 'cmake_clean_cache' from command line to 'False'
[0.339s] Level 5:colcon.colcon_core.verb:set package 'kalman_filter' build argument 'cmake_clean_first' from command line to 'False'
[0.339s] Level 5:colcon.colcon_core.verb:set package 'kalman_filter' build argument 'cmake_force_configure' from command line to 'False'
[0.339s] Level 5:colcon.colcon_core.verb:set package 'kalman_filter' build argument 'ament_cmake_args' from command line to 'None'
[0.339s] Level 5:colcon.colcon_core.verb:set package 'kalman_filter' build argument 'catkin_cmake_args' from command line to 'None'
[0.339s] Level 5:colcon.colcon_core.verb:set package 'kalman_filter' build argument 'catkin_skip_building_tests' from command line to 'False'
[0.339s] DEBUG:colcon.colcon_core.verb:Building package 'kalman_filter' with the following arguments: {'ament_cmake_args': None, 'build_base': '/home/nuc1/Desktop/2024_UWR/build/kalman_filter', 'catkin_cmake_args': None, 'catkin_skip_building_tests': False, 'cmake_args': None, 'cmake_clean_cache': False, 'cmake_clean_first': False, 'cmake_force_configure': False, 'cmake_target': None, 'cmake_target_skip_unavailable': False, 'install_base': '/home/nuc1/Desktop/2024_UWR/install/kalman_filter', 'merge_install': False, 'path': '/home/nuc1/Desktop/2024_UWR/src/kalman_filter', 'symlink_install': False, 'test_result_base': None}
[0.340s] Level 5:colcon.colcon_core.verb:set package 'sonar_subs' build argument 'cmake_args' from command line to 'None'
[0.340s] Level 5:colcon.colcon_core.verb:set package 'sonar_subs' build argument 'cmake_target' from command line to 'None'
[0.340s] Level 5:colcon.colcon_core.verb:set package 'sonar_subs' build argument 'cmake_target_skip_unavailable' from command line to 'False'
[0.340s] Level 5:colcon.colcon_core.verb:set package 'sonar_subs' build argument 'cmake_clean_cache' from command line to 'False'
[0.340s] Level 5:colcon.colcon_core.verb:set package 'sonar_subs' build argument 'cmake_clean_first' from command line to 'False'
[0.340s] Level 5:colcon.colcon_core.verb:set package 'sonar_subs' build argument 'cmake_force_configure' from command line to 'False'
[0.340s] Level 5:colcon.colcon_core.verb:set package 'sonar_subs' build argument 'ament_cmake_args' from command line to 'None'
[0.340s] Level 5:colcon.colcon_core.verb:set package 'sonar_subs' build argument 'catkin_cmake_args' from command line to 'None'
[0.340s] Level 5:colcon.colcon_core.verb:set package 'sonar_subs' build argument 'catkin_skip_building_tests' from command line to 'False'
[0.340s] DEBUG:colcon.colcon_core.verb:Building package 'sonar_subs' with the following arguments: {'ament_cmake_args': None, 'build_base': '/home/nuc1/Desktop/2024_UWR/build/sonar_subs', 'catkin_cmake_args': None, 'catkin_skip_building_tests': False, 'cmake_args': None, 'cmake_clean_cache': False, 'cmake_clean_first': False, 'cmake_force_configure': False, 'cmake_target': None, 'cmake_target_skip_unavailable': False, 'install_base': '/home/nuc1/Desktop/2024_UWR/install/sonar_subs', 'merge_install': False, 'path': '/home/nuc1/Desktop/2024_UWR/src/sonar_subs', 'symlink_install': False, 'test_result_base': None}
[0.340s] INFO:colcon.colcon_core.executor:Executing jobs using 'parallel' executor
[0.341s] DEBUG:colcon.colcon_parallel_executor.executor.parallel:run_until_complete
[0.341s] INFO:colcon.colcon_ros.task.ament_cmake.build:Building ROS package in '/home/nuc1/Desktop/2024_UWR/src/sonar_msgs' with build type 'ament_cmake'
[0.341s] INFO:colcon.colcon_cmake.task.cmake.build:Building CMake package in '/home/nuc1/Desktop/2024_UWR/src/sonar_msgs'
[0.343s] INFO:colcon.colcon_core.plugin_system:Skipping extension 'colcon_core.shell.bat': Not used on non-Windows systems
[0.344s] INFO:colcon.colcon_core.shell:Skip shell extension 'powershell' for command environment: Not usable outside of PowerShell
[0.344s] DEBUG:colcon.colcon_core.shell:Skip shell extension 'dsv' for command environment
[0.347s] INFO:colcon.colcon_ros.task.ament_cmake.build:Building ROS package in '/home/nuc1/Desktop/2024_UWR/src/adnav-driver' with build type 'ament_cmake'
[0.347s] INFO:colcon.colcon_cmake.task.cmake.build:Building CMake package in '/home/nuc1/Desktop/2024_UWR/src/adnav-driver'
[0.347s] INFO:colcon.colcon_core.shell:Skip shell extension 'powershell' for command environment: Not usable outside of PowerShell
[0.347s] DEBUG:colcon.colcon_core.shell:Skip shell extension 'dsv' for command environment
[0.351s] INFO:colcon.colcon_ros.task.ament_cmake.build:Building ROS package in '/home/nuc1/Desktop/2024_UWR/src/ntrip' with build type 'ament_cmake'
[0.351s] INFO:colcon.colcon_cmake.task.cmake.build:Building CMake package in '/home/nuc1/Desktop/2024_UWR/src/ntrip'
[0.351s] INFO:colcon.colcon_core.shell:Skip shell extension 'powershell' for command environment: Not usable outside of PowerShell
[0.351s] DEBUG:colcon.colcon_core.shell:Skip shell extension 'dsv' for command environment
[0.355s] INFO:colcon.colcon_ros.task.ament_cmake.build:Building ROS package in '/home/nuc1/Desktop/2024_UWR/src/xsens_mti_ros2_driver' with build type 'ament_cmake'
[0.355s] INFO:colcon.colcon_cmake.task.cmake.build:Building CMake package in '/home/nuc1/Desktop/2024_UWR/src/xsens_mti_ros2_driver'
[0.355s] INFO:colcon.colcon_core.shell:Skip shell extension 'powershell' for command environment: Not usable outside of PowerShell
[0.355s] DEBUG:colcon.colcon_core.shell:Skip shell extension 'dsv' for command environment
[0.365s] DEBUG:colcon.colcon_core.event_handler.log_command:Invoking command in '/home/nuc1/Desktop/2024_UWR/build/sonar_msgs': CMAKE_PREFIX_PATH=${CMAKE_PREFIX_PATH}:/home/nuc1/Desktop/2024_UWR/install/sonar_subs:/opt/ros/humble /usr/bin/cmake --build /home/nuc1/Desktop/2024_UWR/build/sonar_msgs -- -j8 -l8
[0.368s] DEBUG:colcon.colcon_core.event_handler.log_command:Invoking command in '/home/nuc1/Desktop/2024_UWR/build/adnav-driver': CMAKE_PREFIX_PATH=${CMAKE_PREFIX_PATH}:/home/nuc1/Desktop/2024_UWR/install/sonar_subs:/opt/ros/humble /usr/bin/cmake --build /home/nuc1/Desktop/2024_UWR/build/adnav-driver -- -j8 -l8
[0.374s] DEBUG:colcon.colcon_core.event_handler.log_command:Invoking command in '/home/nuc1/Desktop/2024_UWR/build/ntrip': CMAKE_PREFIX_PATH=${CMAKE_PREFIX_PATH}:/home/nuc1/Desktop/2024_UWR/install/sonar_subs:/opt/ros/humble /usr/bin/cmake --build /home/nuc1/Desktop/2024_UWR/build/ntrip -- -j8 -l8
[0.379s] DEBUG:colcon.colcon_core.event_handler.log_command:Invoking command in '/home/nuc1/Desktop/2024_UWR/build/xsens_mti_ros2_driver': CMAKE_PREFIX_PATH=${CMAKE_PREFIX_PATH}:/home/nuc1/Desktop/2024_UWR/install/sonar_subs:/opt/ros/humble /usr/bin/cmake --build /home/nuc1/Desktop/2024_UWR/build/xsens_mti_ros2_driver -- -j8 -l8
[0.477s] DEBUG:colcon.colcon_core.event_handler.log_command:Invoked command in '/home/nuc1/Desktop/2024_UWR/build/adnav-driver' returned '0': CMAKE_PREFIX_PATH=${CMAKE_PREFIX_PATH}:/home/nuc1/Desktop/2024_UWR/install/sonar_subs:/opt/ros/humble /usr/bin/cmake --build /home/nuc1/Desktop/2024_UWR/build/adnav-driver -- -j8 -l8
[0.499s] DEBUG:colcon.colcon_core.event_handler.log_command:Invoked command in '/home/nuc1/Desktop/2024_UWR/build/ntrip' returned '0': CMAKE_PREFIX_PATH=${CMAKE_PREFIX_PATH}:/home/nuc1/Desktop/2024_UWR/install/sonar_subs:/opt/ros/humble /usr/bin/cmake --build /home/nuc1/Desktop/2024_UWR/build/ntrip -- -j8 -l8
[0.540s] DEBUG:colcon.colcon_core.event_handler.log_command:Invoking command in '/home/nuc1/Desktop/2024_UWR/build/adnav-driver': CMAKE_PREFIX_PATH=${CMAKE_PREFIX_PATH}:/home/nuc1/Desktop/2024_UWR/install/sonar_subs:/opt/ros/humble /usr/bin/cmake --install /home/nuc1/Desktop/2024_UWR/build/adnav-driver
[0.543s] DEBUG:colcon.colcon_core.event_handler.log_command:Invoking command in '/home/nuc1/Desktop/2024_UWR/build/ntrip': CMAKE_PREFIX_PATH=${CMAKE_PREFIX_PATH}:/home/nuc1/Desktop/2024_UWR/install/sonar_subs:/opt/ros/humble /usr/bin/cmake --install /home/nuc1/Desktop/2024_UWR/build/ntrip
[0.553s] Level 1:colcon.colcon_core.environment:create_environment_scripts_only(adnav-driver)
[0.554s] DEBUG:colcon.colcon_core.event_handler.log_command:Invoked command in '/home/nuc1/Desktop/2024_UWR/build/adnav-driver' returned '0': CMAKE_PREFIX_PATH=${CMAKE_PREFIX_PATH}:/home/nuc1/Desktop/2024_UWR/install/sonar_subs:/opt/ros/humble /usr/bin/cmake --install /home/nuc1/Desktop/2024_UWR/build/adnav-driver
[0.561s] Level 1:colcon.colcon_core.environment:checking '/home/nuc1/Desktop/2024_UWR/install/adnav-driver' for CMake module files
[0.562s] Level 1:colcon.colcon_core.environment:checking '/home/nuc1/Desktop/2024_UWR/install/adnav-driver' for CMake config files
[0.563s] Level 1:colcon.colcon_core.shell:create_environment_hook('adnav-driver', 'cmake_prefix_path')
[0.563s] INFO:colcon.colcon_core.shell:Creating environment hook '/home/nuc1/Desktop/2024_UWR/install/adnav-driver/share/adnav-driver/hook/cmake_prefix_path.ps1'
[0.564s] INFO:colcon.colcon_core.shell:Creating environment descriptor '/home/nuc1/Desktop/2024_UWR/install/adnav-driver/share/adnav-driver/hook/cmake_prefix_path.dsv'
[0.565s] INFO:colcon.colcon_core.shell:Creating environment hook '/home/nuc1/Desktop/2024_UWR/install/adnav-driver/share/adnav-driver/hook/cmake_prefix_path.sh'
[0.566s] Level 1:colcon.colcon_core.environment:checking '/home/nuc1/Desktop/2024_UWR/install/adnav-driver/lib'
[0.566s] Level 1:colcon.colcon_core.environment:checking '/home/nuc1/Desktop/2024_UWR/install/adnav-driver/bin'
[0.566s] Level 1:colcon.colcon_core.environment:checking '/home/nuc1/Desktop/2024_UWR/install/adnav-driver/lib/pkgconfig/adnav-driver.pc'
[0.567s] Level 1:colcon.colcon_core.environment:checking '/home/nuc1/Desktop/2024_UWR/install/adnav-driver/lib/python3.10/site-packages'
[0.567s] Level 1:colcon.colcon_core.environment:checking '/home/nuc1/Desktop/2024_UWR/install/adnav-driver/bin'
[0.568s] INFO:colcon.colcon_core.shell:Creating package script '/home/nuc1/Desktop/2024_UWR/install/adnav-driver/share/adnav-driver/package.ps1'
[0.569s] INFO:colcon.colcon_core.shell:Creating package descriptor '/home/nuc1/Desktop/2024_UWR/install/adnav-driver/share/adnav-driver/package.dsv'
[0.570s] INFO:colcon.colcon_core.shell:Creating package script '/home/nuc1/Desktop/2024_UWR/install/adnav-driver/share/adnav-driver/package.sh'
[0.572s] INFO:colcon.colcon_core.shell:Creating package script '/home/nuc1/Desktop/2024_UWR/install/adnav-driver/share/adnav-driver/package.bash'
[0.573s] INFO:colcon.colcon_core.shell:Creating package script '/home/nuc1/Desktop/2024_UWR/install/adnav-driver/share/adnav-driver/package.zsh'
[0.575s] Level 1:colcon.colcon_core.environment:create_file_with_runtime_dependencies(/home/nuc1/Desktop/2024_UWR/install/adnav-driver/share/colcon-core/packages/adnav-driver)
[0.577s] Level 1:colcon.colcon_core.environment:create_environment_scripts_only(ntrip)
[0.577s] Level 1:colcon.colcon_core.environment:checking '/home/nuc1/Desktop/2024_UWR/install/ntrip' for CMake module files
[0.578s] DEBUG:colcon.colcon_core.event_handler.log_command:Invoked command in '/home/nuc1/Desktop/2024_UWR/build/ntrip' returned '0': CMAKE_PREFIX_PATH=${CMAKE_PREFIX_PATH}:/home/nuc1/Desktop/2024_UWR/install/sonar_subs:/opt/ros/humble /usr/bin/cmake --install /home/nuc1/Desktop/2024_UWR/build/ntrip
[0.579s] Level 1:colcon.colcon_core.environment:checking '/home/nuc1/Desktop/2024_UWR/install/ntrip' for CMake config files
[0.579s] Level 1:colcon.colcon_core.shell:create_environment_hook('ntrip', 'cmake_prefix_path')
[0.580s] INFO:colcon.colcon_core.shell:Creating environment hook '/home/nuc1/Desktop/2024_UWR/install/ntrip/share/ntrip/hook/cmake_prefix_path.ps1'
[0.580s] INFO:colcon.colcon_core.shell:Creating environment descriptor '/home/nuc1/Desktop/2024_UWR/install/ntrip/share/ntrip/hook/cmake_prefix_path.dsv'
[0.581s] INFO:colcon.colcon_core.shell:Creating environment hook '/home/nuc1/Desktop/2024_UWR/install/ntrip/share/ntrip/hook/cmake_prefix_path.sh'
[0.581s] Level 1:colcon.colcon_core.environment:checking '/home/nuc1/Desktop/2024_UWR/install/ntrip/lib'
[0.581s] Level 1:colcon.colcon_core.environment:checking '/home/nuc1/Desktop/2024_UWR/install/ntrip/bin'
[0.582s] Level 1:colcon.colcon_core.environment:checking '/home/nuc1/Desktop/2024_UWR/install/ntrip/lib/pkgconfig/ntrip.pc'
[0.582s] Level 1:colcon.colcon_core.environment:checking '/home/nuc1/Desktop/2024_UWR/install/ntrip/lib/python3.10/site-packages'
[0.582s] Level 1:colcon.colcon_core.environment:checking '/home/nuc1/Desktop/2024_UWR/install/ntrip/bin'
[0.583s] INFO:colcon.colcon_core.shell:Creating package script '/home/nuc1/Desktop/2024_UWR/install/ntrip/share/ntrip/package.ps1'
[0.583s] INFO:colcon.colcon_core.shell:Creating package descriptor '/home/nuc1/Desktop/2024_UWR/install/ntrip/share/ntrip/package.dsv'
[0.584s] INFO:colcon.colcon_core.shell:Creating package script '/home/nuc1/Desktop/2024_UWR/install/ntrip/share/ntrip/package.sh'
[0.585s] INFO:colcon.colcon_core.shell:Creating package script '/home/nuc1/Desktop/2024_UWR/install/ntrip/share/ntrip/package.bash'
[0.585s] INFO:colcon.colcon_core.shell:Creating package script '/home/nuc1/Desktop/2024_UWR/install/ntrip/share/ntrip/package.zsh'
[0.585s] Level 1:colcon.colcon_core.environment:create_file_with_runtime_dependencies(/home/nuc1/Desktop/2024_UWR/install/ntrip/share/colcon-core/packages/ntrip)
[0.628s] Level 1:colcon.colcon_core.environment:create_environment_scripts_only(adnav-driver)
[0.629s] Level 1:colcon.colcon_core.environment:checking '/home/nuc1/Desktop/2024_UWR/install/adnav-driver' for CMake module files
[0.630s] Level 1:colcon.colcon_core.environment:checking '/home/nuc1/Desktop/2024_UWR/install/adnav-driver' for CMake config files
[0.630s] Level 1:colcon.colcon_core.shell:create_environment_hook('adnav-driver', 'cmake_prefix_path')
[0.631s] INFO:colcon.colcon_core.shell:Creating environment hook '/home/nuc1/Desktop/2024_UWR/install/adnav-driver/share/adnav-driver/hook/cmake_prefix_path.ps1'
[0.631s] INFO:colcon.colcon_core.shell:Creating environment descriptor '/home/nuc1/Desktop/2024_UWR/install/adnav-driver/share/adnav-driver/hook/cmake_prefix_path.dsv'
[0.632s] INFO:colcon.colcon_core.shell:Creating environment hook '/home/nuc1/Desktop/2024_UWR/install/adnav-driver/share/adnav-driver/hook/cmake_prefix_path.sh'
[0.633s] Level 1:colcon.colcon_core.environment:checking '/home/nuc1/Desktop/2024_UWR/install/adnav-driver/lib'
[0.633s] Level 1:colcon.colcon_core.environment:checking '/home/nuc1/Desktop/2024_UWR/install/adnav-driver/bin'
[0.633s] Level 1:colcon.colcon_core.environment:checking '/home/nuc1/Desktop/2024_UWR/install/adnav-driver/lib/pkgconfig/adnav-driver.pc'
[0.633s] Level 1:colcon.colcon_core.environment:checking '/home/nuc1/Desktop/2024_UWR/install/adnav-driver/lib/python3.10/site-packages'
[0.634s] Level 1:colcon.colcon_core.environment:checking '/home/nuc1/Desktop/2024_UWR/install/adnav-driver/bin'
[0.634s] INFO:colcon.colcon_core.shell:Creating package script '/home/nuc1/Desktop/2024_UWR/install/adnav-driver/share/adnav-driver/package.ps1'
[0.635s] INFO:colcon.colcon_core.shell:Creating package descriptor '/home/nuc1/Desktop/2024_UWR/install/adnav-driver/share/adnav-driver/package.dsv'
[0.636s] INFO:colcon.colcon_core.shell:Creating package script '/home/nuc1/Desktop/2024_UWR/install/adnav-driver/share/adnav-driver/package.sh'
[0.636s] INFO:colcon.colcon_core.shell:Creating package script '/home/nuc1/Desktop/2024_UWR/install/adnav-driver/share/adnav-driver/package.bash'
[0.637s] INFO:colcon.colcon_core.shell:Creating package script '/home/nuc1/Desktop/2024_UWR/install/adnav-driver/share/adnav-driver/package.zsh'
[0.638s] Level 1:colcon.colcon_core.environment:create_file_with_runtime_dependencies(/home/nuc1/Desktop/2024_UWR/install/adnav-driver/share/colcon-core/packages/adnav-driver)
[0.641s] Level 1:colcon.colcon_core.environment:create_environment_scripts_only(ntrip)
[0.641s] Level 1:colcon.colcon_core.environment:checking '/home/nuc1/Desktop/2024_UWR/install/ntrip' for CMake module files
[0.642s] Level 1:colcon.colcon_core.environment:checking '/home/nuc1/Desktop/2024_UWR/install/ntrip' for CMake config files
[0.642s] Level 1:colcon.colcon_core.shell:create_environment_hook('ntrip', 'cmake_prefix_path')
[0.643s] INFO:colcon.colcon_core.shell:Creating environment hook '/home/nuc1/Desktop/2024_UWR/install/ntrip/share/ntrip/hook/cmake_prefix_path.ps1'
[0.643s] INFO:colcon.colcon_core.shell:Creating environment descriptor '/home/nuc1/Desktop/2024_UWR/install/ntrip/share/ntrip/hook/cmake_prefix_path.dsv'
[0.643s] INFO:colcon.colcon_core.shell:Creating environment hook '/home/nuc1/Desktop/2024_UWR/install/ntrip/share/ntrip/hook/cmake_prefix_path.sh'
[0.644s] Level 1:colcon.colcon_core.environment:checking '/home/nuc1/Desktop/2024_UWR/install/ntrip/lib'
[0.644s] Level 1:colcon.colcon_core.environment:checking '/home/nuc1/Desktop/2024_UWR/install/ntrip/bin'
[0.644s] Level 1:colcon.colcon_core.environment:checking '/home/nuc1/Desktop/2024_UWR/install/ntrip/lib/pkgconfig/ntrip.pc'
[0.644s] Level 1:colcon.colcon_core.environment:checking '/home/nuc1/Desktop/2024_UWR/install/ntrip/lib/python3.10/site-packages'
[0.645s] Level 1:colcon.colcon_core.environment:checking '/home/nuc1/Desktop/2024_UWR/install/ntrip/bin'
[0.645s] INFO:colcon.colcon_core.shell:Creating package script '/home/nuc1/Desktop/2024_UWR/install/ntrip/share/ntrip/package.ps1'
[0.645s] INFO:colcon.colcon_core.shell:Creating package descriptor '/home/nuc1/Desktop/2024_UWR/install/ntrip/share/ntrip/package.dsv'
[0.646s] INFO:colcon.colcon_core.shell:Creating package script '/home/nuc1/Desktop/2024_UWR/install/ntrip/share/ntrip/package.sh'
[0.646s] INFO:colcon.colcon_core.shell:Creating package script '/home/nuc1/Desktop/2024_UWR/install/ntrip/share/ntrip/package.bash'
[0.647s] INFO:colcon.colcon_core.shell:Creating package script '/home/nuc1/Desktop/2024_UWR/install/ntrip/share/ntrip/package.zsh'
[0.647s] Level 1:colcon.colcon_core.environment:create_file_with_runtime_dependencies(/home/nuc1/Desktop/2024_UWR/install/ntrip/share/colcon-core/packages/ntrip)
[0.816s] DEBUG:colcon.colcon_core.event_handler.log_command:Invoked command in '/home/nuc1/Desktop/2024_UWR/build/sonar_msgs' returned '0': CMAKE_PREFIX_PATH=${CMAKE_PREFIX_PATH}:/home/nuc1/Desktop/2024_UWR/install/sonar_subs:/opt/ros/humble /usr/bin/cmake --build /home/nuc1/Desktop/2024_UWR/build/sonar_msgs -- -j8 -l8
[0.824s] DEBUG:colcon.colcon_core.event_handler.log_command:Invoked command in '/home/nuc1/Desktop/2024_UWR/build/xsens_mti_ros2_driver' returned '0': CMAKE_PREFIX_PATH=${CMAKE_PREFIX_PATH}:/home/nuc1/Desktop/2024_UWR/install/sonar_subs:/opt/ros/humble /usr/bin/cmake --build /home/nuc1/Desktop/2024_UWR/build/xsens_mti_ros2_driver -- -j8 -l8
[0.901s] DEBUG:colcon.colcon_core.event_handler.log_command:Invoking command in '/home/nuc1/Desktop/2024_UWR/build/xsens_mti_ros2_driver': CMAKE_PREFIX_PATH=${CMAKE_PREFIX_PATH}:/home/nuc1/Desktop/2024_UWR/install/sonar_subs:/opt/ros/humble /usr/bin/cmake --install /home/nuc1/Desktop/2024_UWR/build/xsens_mti_ros2_driver
[0.917s] DEBUG:colcon.colcon_core.event_handler.log_command:Invoking command in '/home/nuc1/Desktop/2024_UWR/build/sonar_msgs': CMAKE_PREFIX_PATH=${CMAKE_PREFIX_PATH}:/home/nuc1/Desktop/2024_UWR/install/sonar_subs:/opt/ros/humble /usr/bin/cmake --install /home/nuc1/Desktop/2024_UWR/build/sonar_msgs
[0.962s] Level 1:colcon.colcon_core.environment:create_environment_scripts_only(xsens_mti_ros2_driver)
[0.963s] Level 1:colcon.colcon_core.environment:checking '/home/nuc1/Desktop/2024_UWR/install/xsens_mti_ros2_driver' for CMake module files
[0.963s] DEBUG:colcon.colcon_core.event_handler.log_command:Invoked command in '/home/nuc1/Desktop/2024_UWR/build/xsens_mti_ros2_driver' returned '0': CMAKE_PREFIX_PATH=${CMAKE_PREFIX_PATH}:/home/nuc1/Desktop/2024_UWR/install/sonar_subs:/opt/ros/humble /usr/bin/cmake --install /home/nuc1/Desktop/2024_UWR/build/xsens_mti_ros2_driver
[0.964s] Level 1:colcon.colcon_core.environment:checking '/home/nuc1/Desktop/2024_UWR/install/xsens_mti_ros2_driver' for CMake config files
[0.964s] Level 1:colcon.colcon_core.shell:create_environment_hook('xsens_mti_ros2_driver', 'cmake_prefix_path')
[0.964s] INFO:colcon.colcon_core.shell:Creating environment hook '/home/nuc1/Desktop/2024_UWR/install/xsens_mti_ros2_driver/share/xsens_mti_ros2_driver/hook/cmake_prefix_path.ps1'
[0.965s] INFO:colcon.colcon_core.shell:Creating environment descriptor '/home/nuc1/Desktop/2024_UWR/install/xsens_mti_ros2_driver/share/xsens_mti_ros2_driver/hook/cmake_prefix_path.dsv'
[0.965s] INFO:colcon.colcon_core.shell:Creating environment hook '/home/nuc1/Desktop/2024_UWR/install/xsens_mti_ros2_driver/share/xsens_mti_ros2_driver/hook/cmake_prefix_path.sh'
[0.965s] Level 1:colcon.colcon_core.environment:checking '/home/nuc1/Desktop/2024_UWR/install/xsens_mti_ros2_driver/lib'
[0.966s] Level 1:colcon.colcon_core.shell:create_environment_hook('xsens_mti_ros2_driver', 'ld_library_path_lib')
[0.966s] INFO:colcon.colcon_core.shell:Creating environment hook '/home/nuc1/Desktop/2024_UWR/install/xsens_mti_ros2_driver/share/xsens_mti_ros2_driver/hook/ld_library_path_lib.ps1'
[0.966s] INFO:colcon.colcon_core.shell:Creating environment descriptor '/home/nuc1/Desktop/2024_UWR/install/xsens_mti_ros2_driver/share/xsens_mti_ros2_driver/hook/ld_library_path_lib.dsv'
[0.966s] INFO:colcon.colcon_core.shell:Creating environment hook '/home/nuc1/Desktop/2024_UWR/install/xsens_mti_ros2_driver/share/xsens_mti_ros2_driver/hook/ld_library_path_lib.sh'
[0.967s] Level 1:colcon.colcon_core.environment:checking '/home/nuc1/Desktop/2024_UWR/install/xsens_mti_ros2_driver/bin'
[0.967s] Level 1:colcon.colcon_core.environment:checking '/home/nuc1/Desktop/2024_UWR/install/xsens_mti_ros2_driver/lib/pkgconfig/xsens_mti_ros2_driver.pc'
[0.967s] Level 1:colcon.colcon_core.environment:checking '/home/nuc1/Desktop/2024_UWR/install/xsens_mti_ros2_driver/lib/python3.10/site-packages'
[0.967s] Level 1:colcon.colcon_core.environment:checking '/home/nuc1/Desktop/2024_UWR/install/xsens_mti_ros2_driver/bin'
[0.967s] INFO:colcon.colcon_core.shell:Creating package script '/home/nuc1/Desktop/2024_UWR/install/xsens_mti_ros2_driver/share/xsens_mti_ros2_driver/package.ps1'
[0.968s] INFO:colcon.colcon_core.shell:Creating package descriptor '/home/nuc1/Desktop/2024_UWR/install/xsens_mti_ros2_driver/share/xsens_mti_ros2_driver/package.dsv'
[0.969s] INFO:colcon.colcon_core.shell:Creating package script '/home/nuc1/Desktop/2024_UWR/install/xsens_mti_ros2_driver/share/xsens_mti_ros2_driver/package.sh'
[0.969s] INFO:colcon.colcon_core.shell:Creating package script '/home/nuc1/Desktop/2024_UWR/install/xsens_mti_ros2_driver/share/xsens_mti_ros2_driver/package.bash'
[0.970s] INFO:colcon.colcon_core.shell:Creating package script '/home/nuc1/Desktop/2024_UWR/install/xsens_mti_ros2_driver/share/xsens_mti_ros2_driver/package.zsh'
[0.970s] Level 1:colcon.colcon_core.environment:create_file_with_runtime_dependencies(/home/nuc1/Desktop/2024_UWR/install/xsens_mti_ros2_driver/share/colcon-core/packages/xsens_mti_ros2_driver)
[0.978s] Level 1:colcon.colcon_core.environment:create_environment_scripts_only(sonar_msgs)
[0.978s] Level 1:colcon.colcon_core.environment:checking '/home/nuc1/Desktop/2024_UWR/install/sonar_msgs' for CMake module files
[0.980s] Level 1:colcon.colcon_core.environment:checking '/home/nuc1/Desktop/2024_UWR/install/sonar_msgs' for CMake config files
[0.981s] DEBUG:colcon.colcon_core.event_handler.log_command:Invoked command in '/home/nuc1/Desktop/2024_UWR/build/sonar_msgs' returned '0': CMAKE_PREFIX_PATH=${CMAKE_PREFIX_PATH}:/home/nuc1/Desktop/2024_UWR/install/sonar_subs:/opt/ros/humble /usr/bin/cmake --install /home/nuc1/Desktop/2024_UWR/build/sonar_msgs
[0.981s] Level 1:colcon.colcon_core.shell:create_environment_hook('sonar_msgs', 'cmake_prefix_path')
[0.982s] INFO:colcon.colcon_core.shell:Creating environment hook '/home/nuc1/Desktop/2024_UWR/install/sonar_msgs/share/sonar_msgs/hook/cmake_prefix_path.ps1'
[0.982s] INFO:colcon.colcon_core.shell:Creating environment descriptor '/home/nuc1/Desktop/2024_UWR/install/sonar_msgs/share/sonar_msgs/hook/cmake_prefix_path.dsv'
[0.982s] INFO:colcon.colcon_core.shell:Creating environment hook '/home/nuc1/Desktop/2024_UWR/install/sonar_msgs/share/sonar_msgs/hook/cmake_prefix_path.sh'
[0.983s] Level 1:colcon.colcon_core.environment:checking '/home/nuc1/Desktop/2024_UWR/install/sonar_msgs/lib'
[0.983s] Level 1:colcon.colcon_core.shell:create_environment_hook('sonar_msgs', 'ld_library_path_lib')
[0.983s] INFO:colcon.colcon_core.shell:Creating environment hook '/home/nuc1/Desktop/2024_UWR/install/sonar_msgs/share/sonar_msgs/hook/ld_library_path_lib.ps1'
[0.984s] INFO:colcon.colcon_core.shell:Creating environment descriptor '/home/nuc1/Desktop/2024_UWR/install/sonar_msgs/share/sonar_msgs/hook/ld_library_path_lib.dsv'
[0.984s] INFO:colcon.colcon_core.shell:Creating environment hook '/home/nuc1/Desktop/2024_UWR/install/sonar_msgs/share/sonar_msgs/hook/ld_library_path_lib.sh'
[0.984s] Level 1:colcon.colcon_core.environment:checking '/home/nuc1/Desktop/2024_UWR/install/sonar_msgs/bin'
[0.984s] Level 1:colcon.colcon_core.environment:checking '/home/nuc1/Desktop/2024_UWR/install/sonar_msgs/lib/pkgconfig/sonar_msgs.pc'
[0.985s] Level 1:colcon.colcon_core.environment:checking '/home/nuc1/Desktop/2024_UWR/install/sonar_msgs/lib/python3.10/site-packages'
[0.985s] Level 1:colcon.colcon_core.environment:checking '/home/nuc1/Desktop/2024_UWR/install/sonar_msgs/bin'
[0.985s] INFO:colcon.colcon_core.shell:Creating package script '/home/nuc1/Desktop/2024_UWR/install/sonar_msgs/share/sonar_msgs/package.ps1'
[0.986s] INFO:colcon.colcon_core.shell:Creating package descriptor '/home/nuc1/Desktop/2024_UWR/install/sonar_msgs/share/sonar_msgs/package.dsv'
[0.986s] INFO:colcon.colcon_core.shell:Creating package script '/home/nuc1/Desktop/2024_UWR/install/sonar_msgs/share/sonar_msgs/package.sh'
[0.986s] INFO:colcon.colcon_core.shell:Creating package script '/home/nuc1/Desktop/2024_UWR/install/sonar_msgs/share/sonar_msgs/package.bash'
[0.987s] INFO:colcon.colcon_core.shell:Creating package script '/home/nuc1/Desktop/2024_UWR/install/sonar_msgs/share/sonar_msgs/package.zsh'
[0.987s] Level 1:colcon.colcon_core.environment:create_file_with_runtime_dependencies(/home/nuc1/Desktop/2024_UWR/install/sonar_msgs/share/colcon-core/packages/sonar_msgs)
[1.050s] Level 1:colcon.colcon_core.environment:create_environment_scripts_only(xsens_mti_ros2_driver)
[1.050s] Level 1:colcon.colcon_core.environment:checking '/home/nuc1/Desktop/2024_UWR/install/xsens_mti_ros2_driver' for CMake module files
[1.051s] Level 1:colcon.colcon_core.environment:checking '/home/nuc1/Desktop/2024_UWR/install/xsens_mti_ros2_driver' for CMake config files
[1.051s] Level 1:colcon.colcon_core.shell:create_environment_hook('xsens_mti_ros2_driver', 'cmake_prefix_path')
[1.052s] INFO:colcon.colcon_core.shell:Creating environment hook '/home/nuc1/Desktop/2024_UWR/install/xsens_mti_ros2_driver/share/xsens_mti_ros2_driver/hook/cmake_prefix_path.ps1'
[1.052s] INFO:colcon.colcon_core.shell:Creating environment descriptor '/home/nuc1/Desktop/2024_UWR/install/xsens_mti_ros2_driver/share/xsens_mti_ros2_driver/hook/cmake_prefix_path.dsv'
[1.052s] INFO:colcon.colcon_core.shell:Creating environment hook '/home/nuc1/Desktop/2024_UWR/install/xsens_mti_ros2_driver/share/xsens_mti_ros2_driver/hook/cmake_prefix_path.sh'
[1.053s] Level 1:colcon.colcon_core.environment:checking '/home/nuc1/Desktop/2024_UWR/install/xsens_mti_ros2_driver/lib'
[1.053s] Level 1:colcon.colcon_core.shell:create_environment_hook('xsens_mti_ros2_driver', 'ld_library_path_lib')
[1.053s] INFO:colcon.colcon_core.shell:Creating environment hook '/home/nuc1/Desktop/2024_UWR/install/xsens_mti_ros2_driver/share/xsens_mti_ros2_driver/hook/ld_library_path_lib.ps1'
[1.053s] INFO:colcon.colcon_core.shell:Creating environment descriptor '/home/nuc1/Desktop/2024_UWR/install/xsens_mti_ros2_driver/share/xsens_mti_ros2_driver/hook/ld_library_path_lib.dsv'
[1.054s] INFO:colcon.colcon_core.shell:Creating environment hook '/home/nuc1/Desktop/2024_UWR/install/xsens_mti_ros2_driver/share/xsens_mti_ros2_driver/hook/ld_library_path_lib.sh'
[1.054s] Level 1:colcon.colcon_core.environment:checking '/home/nuc1/Desktop/2024_UWR/install/xsens_mti_ros2_driver/bin'
[1.054s] Level 1:colcon.colcon_core.environment:checking '/home/nuc1/Desktop/2024_UWR/install/xsens_mti_ros2_driver/lib/pkgconfig/xsens_mti_ros2_driver.pc'
[1.055s] Level 1:colcon.colcon_core.environment:checking '/home/nuc1/Desktop/2024_UWR/install/xsens_mti_ros2_driver/lib/python3.10/site-packages'
[1.055s] Level 1:colcon.colcon_core.environment:checking '/home/nuc1/Desktop/2024_UWR/install/xsens_mti_ros2_driver/bin'
[1.055s] INFO:colcon.colcon_core.shell:Creating package script '/home/nuc1/Desktop/2024_UWR/install/xsens_mti_ros2_driver/share/xsens_mti_ros2_driver/package.ps1'
[1.056s] INFO:colcon.colcon_core.shell:Creating package descriptor '/home/nuc1/Desktop/2024_UWR/install/xsens_mti_ros2_driver/share/xsens_mti_ros2_driver/package.dsv'
[1.056s] INFO:colcon.colcon_core.shell:Creating package script '/home/nuc1/Desktop/2024_UWR/install/xsens_mti_ros2_driver/share/xsens_mti_ros2_driver/package.sh'
[1.056s] INFO:colcon.colcon_core.shell:Creating package script '/home/nuc1/Desktop/2024_UWR/install/xsens_mti_ros2_driver/share/xsens_mti_ros2_driver/package.bash'
[1.057s] INFO:colcon.colcon_core.shell:Creating package script '/home/nuc1/Desktop/2024_UWR/install/xsens_mti_ros2_driver/share/xsens_mti_ros2_driver/package.zsh'
[1.057s] Level 1:colcon.colcon_core.environment:create_file_with_runtime_dependencies(/home/nuc1/Desktop/2024_UWR/install/xsens_mti_ros2_driver/share/colcon-core/packages/xsens_mti_ros2_driver)
[1.089s] Level 1:colcon.colcon_core.environment:create_environment_scripts_only(sonar_msgs)
[1.089s] Level 1:colcon.colcon_core.environment:checking '/home/nuc1/Desktop/2024_UWR/install/sonar_msgs' for CMake module files
[1.089s] Level 1:colcon.colcon_core.environment:checking '/home/nuc1/Desktop/2024_UWR/install/sonar_msgs' for CMake config files
[1.090s] Level 1:colcon.colcon_core.shell:create_environment_hook('sonar_msgs', 'cmake_prefix_path')
[1.090s] INFO:colcon.colcon_core.shell:Creating environment hook '/home/nuc1/Desktop/2024_UWR/install/sonar_msgs/share/sonar_msgs/hook/cmake_prefix_path.ps1'
[1.091s] INFO:colcon.colcon_core.shell:Creating environment descriptor '/home/nuc1/Desktop/2024_UWR/install/sonar_msgs/share/sonar_msgs/hook/cmake_prefix_path.dsv'
[1.091s] INFO:colcon.colcon_core.shell:Creating environment hook '/home/nuc1/Desktop/2024_UWR/install/sonar_msgs/share/sonar_msgs/hook/cmake_prefix_path.sh'
[1.091s] Level 1:colcon.colcon_core.environment:checking '/home/nuc1/Desktop/2024_UWR/install/sonar_msgs/lib'
[1.091s] Level 1:colcon.colcon_core.shell:create_environment_hook('sonar_msgs', 'ld_library_path_lib')
[1.092s] INFO:colcon.colcon_core.shell:Creating environment hook '/home/nuc1/Desktop/2024_UWR/install/sonar_msgs/share/sonar_msgs/hook/ld_library_path_lib.ps1'
[1.092s] INFO:colcon.colcon_core.shell:Creating environment descriptor '/home/nuc1/Desktop/2024_UWR/install/sonar_msgs/share/sonar_msgs/hook/ld_library_path_lib.dsv'
[1.092s] INFO:colcon.colcon_core.shell:Creating environment hook '/home/nuc1/Desktop/2024_UWR/install/sonar_msgs/share/sonar_msgs/hook/ld_library_path_lib.sh'
[1.092s] Level 1:colcon.colcon_core.environment:checking '/home/nuc1/Desktop/2024_UWR/install/sonar_msgs/bin'
[1.093s] Level 1:colcon.colcon_core.environment:checking '/home/nuc1/Desktop/2024_UWR/install/sonar_msgs/lib/pkgconfig/sonar_msgs.pc'
[1.093s] Level 1:colcon.colcon_core.environment:checking '/home/nuc1/Desktop/2024_UWR/install/sonar_msgs/lib/python3.10/site-packages'
[1.093s] Level 1:colcon.colcon_core.environment:checking '/home/nuc1/Desktop/2024_UWR/install/sonar_msgs/bin'
[1.093s] INFO:colcon.colcon_core.shell:Creating package script '/home/nuc1/Desktop/2024_UWR/install/sonar_msgs/share/sonar_msgs/package.ps1'
[1.094s] INFO:colcon.colcon_core.shell:Creating package descriptor '/home/nuc1/Desktop/2024_UWR/install/sonar_msgs/share/sonar_msgs/package.dsv'
[1.094s] INFO:colcon.colcon_core.shell:Creating package script '/home/nuc1/Desktop/2024_UWR/install/sonar_msgs/share/sonar_msgs/package.sh'
[1.094s] INFO:colcon.colcon_core.shell:Creating package script '/home/nuc1/Desktop/2024_UWR/install/sonar_msgs/share/sonar_msgs/package.bash'
[1.095s] INFO:colcon.colcon_core.shell:Creating package script '/home/nuc1/Desktop/2024_UWR/install/sonar_msgs/share/sonar_msgs/package.zsh'
[1.095s] Level 1:colcon.colcon_core.environment:create_file_with_runtime_dependencies(/home/nuc1/Desktop/2024_UWR/install/sonar_msgs/share/colcon-core/packages/sonar_msgs)
[1.095s] INFO:colcon.colcon_ros.task.ament_cmake.build:Building ROS package in '/home/nuc1/Desktop/2024_UWR/src/kalman_filter' with build type 'ament_cmake'
[1.096s] INFO:colcon.colcon_cmake.task.cmake.build:Building CMake package in '/home/nuc1/Desktop/2024_UWR/src/kalman_filter'
[1.096s] INFO:colcon.colcon_core.shell:Skip shell extension 'powershell' for command environment: Not usable outside of PowerShell
[1.096s] DEBUG:colcon.colcon_core.shell:Skip shell extension 'dsv' for command environment
[1.101s] INFO:colcon.colcon_ros.task.ament_python.build:Building ROS package in '/home/nuc1/Desktop/2024_UWR/src/sonar_subs' with build type 'ament_python'
[1.101s] Level 1:colcon.colcon_core.shell:create_environment_hook('sonar_subs', 'ament_prefix_path')
[1.102s] INFO:colcon.colcon_core.shell:Creating environment hook '/home/nuc1/Desktop/2024_UWR/install/sonar_subs/share/sonar_subs/hook/ament_prefix_path.ps1'
[1.102s] INFO:colcon.colcon_core.shell:Creating environment descriptor '/home/nuc1/Desktop/2024_UWR/install/sonar_subs/share/sonar_subs/hook/ament_prefix_path.dsv'
[1.103s] INFO:colcon.colcon_core.shell:Creating environment hook '/home/nuc1/Desktop/2024_UWR/install/sonar_subs/share/sonar_subs/hook/ament_prefix_path.sh'
[1.103s] INFO:colcon.colcon_core.shell:Skip shell extension 'powershell' for command environment: Not usable outside of PowerShell
[1.103s] DEBUG:colcon.colcon_core.shell:Skip shell extension 'dsv' for command environment
[1.111s] DEBUG:colcon.colcon_core.event_handler.log_command:Invoking command in '/home/nuc1/Desktop/2024_UWR/build/kalman_filter': CMAKE_PREFIX_PATH=/home/nuc1/Desktop/2024_UWR/install/sonar_msgs:/home/nuc1/Desktop/2024_UWR/install/xsens_mti_ros2_driver:/home/nuc1/Desktop/2024_UWR/install/kalman_filter:/home/nuc1/Desktop/2024_UWR/install/ntrip:/home/nuc1/Desktop/2024_UWR/install/adnav-driver:/home/nuc1/Desktop/2024_UWR/install/sonar_subs:/opt/ros/humble LD_LIBRARY_PATH=/home/nuc1/Desktop/2024_UWR/install/sonar_msgs/lib:/home/nuc1/Desktop/2024_UWR/install/xsens_mti_ros2_driver/lib:/opt/ros/humble/opt/rviz_ogre_vendor/lib:/opt/ros/humble/lib/x86_64-linux-gnu:/opt/ros/humble/lib /usr/bin/cmake --build /home/nuc1/Desktop/2024_UWR/build/kalman_filter -- -j8 -l8
[1.350s] INFO:colcon.colcon_core.task.python.build:Building Python package in '/home/nuc1/Desktop/2024_UWR/src/sonar_subs'
[1.350s] INFO:colcon.colcon_core.shell:Skip shell extension 'powershell' for command environment: Not usable outside of PowerShell
[1.350s] DEBUG:colcon.colcon_core.shell:Skip shell extension 'dsv' for command environment
[1.354s] DEBUG:colcon.colcon_core.event_handler.log_command:Invoked command in '/home/nuc1/Desktop/2024_UWR/build/kalman_filter' returned '0': CMAKE_PREFIX_PATH=/home/nuc1/Desktop/2024_UWR/install/sonar_msgs:/home/nuc1/Desktop/2024_UWR/install/xsens_mti_ros2_driver:/home/nuc1/Desktop/2024_UWR/install/kalman_filter:/home/nuc1/Desktop/2024_UWR/install/ntrip:/home/nuc1/Desktop/2024_UWR/install/adnav-driver:/home/nuc1/Desktop/2024_UWR/install/sonar_subs:/opt/ros/humble LD_LIBRARY_PATH=/home/nuc1/Desktop/2024_UWR/install/sonar_msgs/lib:/home/nuc1/Desktop/2024_UWR/install/xsens_mti_ros2_driver/lib:/opt/ros/humble/opt/rviz_ogre_vendor/lib:/opt/ros/humble/lib/x86_64-linux-gnu:/opt/ros/humble/lib /usr/bin/cmake --build /home/nuc1/Desktop/2024_UWR/build/kalman_filter -- -j8 -l8
[1.401s] DEBUG:colcon.colcon_core.event_handler.log_command:Invoking command in '/home/nuc1/Desktop/2024_UWR/build/kalman_filter': CMAKE_PREFIX_PATH=/home/nuc1/Desktop/2024_UWR/install/sonar_msgs:/home/nuc1/Desktop/2024_UWR/install/xsens_mti_ros2_driver:/home/nuc1/Desktop/2024_UWR/install/kalman_filter:/home/nuc1/Desktop/2024_UWR/install/ntrip:/home/nuc1/Desktop/2024_UWR/install/adnav-driver:/home/nuc1/Desktop/2024_UWR/install/sonar_subs:/opt/ros/humble LD_LIBRARY_PATH=/home/nuc1/Desktop/2024_UWR/install/sonar_msgs/lib:/home/nuc1/Desktop/2024_UWR/install/xsens_mti_ros2_driver/lib:/opt/ros/humble/opt/rviz_ogre_vendor/lib:/opt/ros/humble/lib/x86_64-linux-gnu:/opt/ros/humble/lib /usr/bin/cmake --install /home/nuc1/Desktop/2024_UWR/build/kalman_filter
[1.413s] Level 1:colcon.colcon_core.environment:create_environment_scripts_only(kalman_filter)
[1.413s] DEBUG:colcon.colcon_core.event_handler.log_command:Invoked command in '/home/nuc1/Desktop/2024_UWR/build/kalman_filter' returned '0': CMAKE_PREFIX_PATH=/home/nuc1/Desktop/2024_UWR/install/sonar_msgs:/home/nuc1/Desktop/2024_UWR/install/xsens_mti_ros2_driver:/home/nuc1/Desktop/2024_UWR/install/kalman_filter:/home/nuc1/Desktop/2024_UWR/install/ntrip:/home/nuc1/Desktop/2024_UWR/install/adnav-driver:/home/nuc1/Desktop/2024_UWR/install/sonar_subs:/opt/ros/humble LD_LIBRARY_PATH=/home/nuc1/Desktop/2024_UWR/install/sonar_msgs/lib:/home/nuc1/Desktop/2024_UWR/install/xsens_mti_ros2_driver/lib:/opt/ros/humble/opt/rviz_ogre_vendor/lib:/opt/ros/humble/lib/x86_64-linux-gnu:/opt/ros/humble/lib /usr/bin/cmake --install /home/nuc1/Desktop/2024_UWR/build/kalman_filter
[1.413s] Level 1:colcon.colcon_core.environment:checking '/home/nuc1/Desktop/2024_UWR/install/kalman_filter' for CMake module files
[1.414s] Level 1:colcon.colcon_core.environment:checking '/home/nuc1/Desktop/2024_UWR/install/kalman_filter' for CMake config files
[1.414s] Level 1:colcon.colcon_core.shell:create_environment_hook('kalman_filter', 'cmake_prefix_path')
[1.414s] INFO:colcon.colcon_core.shell:Creating environment hook '/home/nuc1/Desktop/2024_UWR/install/kalman_filter/share/kalman_filter/hook/cmake_prefix_path.ps1'
[1.415s] INFO:colcon.colcon_core.shell:Creating environment descriptor '/home/nuc1/Desktop/2024_UWR/install/kalman_filter/share/kalman_filter/hook/cmake_prefix_path.dsv'
[1.415s] INFO:colcon.colcon_core.shell:Creating environment hook '/home/nuc1/Desktop/2024_UWR/install/kalman_filter/share/kalman_filter/hook/cmake_prefix_path.sh'
[1.416s] Level 1:colcon.colcon_core.environment:checking '/home/nuc1/Desktop/2024_UWR/install/kalman_filter/lib'
[1.416s] Level 1:colcon.colcon_core.environment:checking '/home/nuc1/Desktop/2024_UWR/install/kalman_filter/bin'
[1.416s] Level 1:colcon.colcon_core.environment:checking '/home/nuc1/Desktop/2024_UWR/install/kalman_filter/lib/pkgconfig/kalman_filter.pc'
[1.416s] Level 1:colcon.colcon_core.environment:checking '/home/nuc1/Desktop/2024_UWR/install/kalman_filter/lib/python3.10/site-packages'
[1.416s] Level 1:colcon.colcon_core.environment:checking '/home/nuc1/Desktop/2024_UWR/install/kalman_filter/bin'
[1.417s] INFO:colcon.colcon_core.shell:Creating package script '/home/nuc1/Desktop/2024_UWR/install/kalman_filter/share/kalman_filter/package.ps1'
[1.417s] INFO:colcon.colcon_core.shell:Creating package descriptor '/home/nuc1/Desktop/2024_UWR/install/kalman_filter/share/kalman_filter/package.dsv'
[1.417s] INFO:colcon.colcon_core.shell:Creating package script '/home/nuc1/Desktop/2024_UWR/install/kalman_filter/share/kalman_filter/package.sh'
[1.418s] INFO:colcon.colcon_core.shell:Creating package script '/home/nuc1/Desktop/2024_UWR/install/kalman_filter/share/kalman_filter/package.bash'
[1.418s] INFO:colcon.colcon_core.shell:Creating package script '/home/nuc1/Desktop/2024_UWR/install/kalman_filter/share/kalman_filter/package.zsh'
[1.418s] Level 1:colcon.colcon_core.environment:create_file_with_runtime_dependencies(/home/nuc1/Desktop/2024_UWR/install/kalman_filter/share/colcon-core/packages/kalman_filter)
[1.466s] Level 1:colcon.colcon_core.environment:create_environment_scripts_only(kalman_filter)
[1.467s] Level 1:colcon.colcon_core.environment:checking '/home/nuc1/Desktop/2024_UWR/install/kalman_filter' for CMake module files
[1.468s] Level 1:colcon.colcon_core.environment:checking '/home/nuc1/Desktop/2024_UWR/install/kalman_filter' for CMake config files
[1.468s] Level 1:colcon.colcon_core.shell:create_environment_hook('kalman_filter', 'cmake_prefix_path')
[1.468s] INFO:colcon.colcon_core.shell:Creating environment hook '/home/nuc1/Desktop/2024_UWR/install/kalman_filter/share/kalman_filter/hook/cmake_prefix_path.ps1'
[1.469s] INFO:colcon.colcon_core.shell:Creating environment descriptor '/home/nuc1/Desktop/2024_UWR/install/kalman_filter/share/kalman_filter/hook/cmake_prefix_path.dsv'
[1.469s] INFO:colcon.colcon_core.shell:Creating environment hook '/home/nuc1/Desktop/2024_UWR/install/kalman_filter/share/kalman_filter/hook/cmake_prefix_path.sh'
[1.470s] Level 1:colcon.colcon_core.environment:checking '/home/nuc1/Desktop/2024_UWR/install/kalman_filter/lib'
[1.470s] Level 1:colcon.colcon_core.environment:checking '/home/nuc1/Desktop/2024_UWR/install/kalman_filter/bin'
[1.470s] Level 1:colcon.colcon_core.environment:checking '/home/nuc1/Desktop/2024_UWR/install/kalman_filter/lib/pkgconfig/kalman_filter.pc'
[1.471s] Level 1:colcon.colcon_core.environment:checking '/home/nuc1/Desktop/2024_UWR/install/kalman_filter/lib/python3.10/site-packages'
[1.471s] Level 1:colcon.colcon_core.environment:checking '/home/nuc1/Desktop/2024_UWR/install/kalman_filter/bin'
[1.471s] INFO:colcon.colcon_core.shell:Creating package script '/home/nuc1/Desktop/2024_UWR/install/kalman_filter/share/kalman_filter/package.ps1'
[1.472s] INFO:colcon.colcon_core.shell:Creating package descriptor '/home/nuc1/Desktop/2024_UWR/install/kalman_filter/share/kalman_filter/package.dsv'
[1.472s] INFO:colcon.colcon_core.shell:Creating package script '/home/nuc1/Desktop/2024_UWR/install/kalman_filter/share/kalman_filter/package.sh'
[1.473s] INFO:colcon.colcon_core.shell:Creating package script '/home/nuc1/Desktop/2024_UWR/install/kalman_filter/share/kalman_filter/package.bash'
[1.473s] INFO:colcon.colcon_core.shell:Creating package script '/home/nuc1/Desktop/2024_UWR/install/kalman_filter/share/kalman_filter/package.zsh'
[1.473s] Level 1:colcon.colcon_core.environment:create_file_with_runtime_dependencies(/home/nuc1/Desktop/2024_UWR/install/kalman_filter/share/colcon-core/packages/kalman_filter)
[1.672s] DEBUG:colcon.colcon_core.event_handler.log_command:Invoking command in '/home/nuc1/Desktop/2024_UWR/src/sonar_subs': CMAKE_PREFIX_PATH=/home/nuc1/Desktop/2024_UWR/install/sonar_msgs:/home/nuc1/Desktop/2024_UWR/install/xsens_mti_ros2_driver:/home/nuc1/Desktop/2024_UWR/install/kalman_filter:/home/nuc1/Desktop/2024_UWR/install/ntrip:/home/nuc1/Desktop/2024_UWR/install/adnav-driver LD_LIBRARY_PATH=/home/nuc1/Desktop/2024_UWR/install/sonar_msgs/lib:/home/nuc1/Desktop/2024_UWR/install/xsens_mti_ros2_driver/lib:/opt/ros/humble/opt/rviz_ogre_vendor/lib:/opt/ros/humble/lib/x86_64-linux-gnu:/opt/ros/humble/lib PYTHONPATH=/home/nuc1/Desktop/2024_UWR/build/sonar_subs/prefix_override:/usr/lib/python3/dist-packages/colcon_core/task/python/colcon_distutils_commands:/home/nuc1/Desktop/2024_UWR/install/sonar_subs/lib/python3.10/site-packages:${PYTHONPATH} /usr/bin/python3 -W ignore:setup.py install is deprecated setup.py egg_info --egg-base ../../build/sonar_subs build --build-base /home/nuc1/Desktop/2024_UWR/build/sonar_subs/build install --record /home/nuc1/Desktop/2024_UWR/build/sonar_subs/install.log --single-version-externally-managed install_data
[1.938s] Level 1:colcon.colcon_core.environment:checking '/home/nuc1/Desktop/2024_UWR/install/sonar_subs' for CMake module files
[1.938s] DEBUG:colcon.colcon_core.event_handler.log_command:Invoked command in '/home/nuc1/Desktop/2024_UWR/src/sonar_subs' returned '0': CMAKE_PREFIX_PATH=/home/nuc1/Desktop/2024_UWR/install/sonar_msgs:/home/nuc1/Desktop/2024_UWR/install/xsens_mti_ros2_driver:/home/nuc1/Desktop/2024_UWR/install/kalman_filter:/home/nuc1/Desktop/2024_UWR/install/ntrip:/home/nuc1/Desktop/2024_UWR/install/adnav-driver LD_LIBRARY_PATH=/home/nuc1/Desktop/2024_UWR/install/sonar_msgs/lib:/home/nuc1/Desktop/2024_UWR/install/xsens_mti_ros2_driver/lib:/opt/ros/humble/opt/rviz_ogre_vendor/lib:/opt/ros/humble/lib/x86_64-linux-gnu:/opt/ros/humble/lib PYTHONPATH=/home/nuc1/Desktop/2024_UWR/build/sonar_subs/prefix_override:/usr/lib/python3/dist-packages/colcon_core/task/python/colcon_distutils_commands:/home/nuc1/Desktop/2024_UWR/install/sonar_subs/lib/python3.10/site-packages:${PYTHONPATH} /usr/bin/python3 -W ignore:setup.py install is deprecated setup.py egg_info --egg-base ../../build/sonar_subs build --build-base /home/nuc1/Desktop/2024_UWR/build/sonar_subs/build install --record /home/nuc1/Desktop/2024_UWR/build/sonar_subs/install.log --single-version-externally-managed install_data
[1.939s] Level 1:colcon.colcon_core.environment:checking '/home/nuc1/Desktop/2024_UWR/install/sonar_subs' for CMake config files
[1.939s] Level 1:colcon.colcon_core.environment:checking '/home/nuc1/Desktop/2024_UWR/install/sonar_subs/lib'
[1.939s] Level 1:colcon.colcon_core.environment:checking '/home/nuc1/Desktop/2024_UWR/install/sonar_subs/bin'
[1.939s] Level 1:colcon.colcon_core.environment:checking '/home/nuc1/Desktop/2024_UWR/install/sonar_subs/lib/pkgconfig/sonar_subs.pc'
[1.939s] Level 1:colcon.colcon_core.environment:checking '/home/nuc1/Desktop/2024_UWR/install/sonar_subs/lib/python3.10/site-packages'
[1.939s] Level 1:colcon.colcon_core.shell:create_environment_hook('sonar_subs', 'pythonpath')
[1.940s] INFO:colcon.colcon_core.shell:Creating environment hook '/home/nuc1/Desktop/2024_UWR/install/sonar_subs/share/sonar_subs/hook/pythonpath.ps1'
[1.940s] INFO:colcon.colcon_core.shell:Creating environment descriptor '/home/nuc1/Desktop/2024_UWR/install/sonar_subs/share/sonar_subs/hook/pythonpath.dsv'
[1.940s] INFO:colcon.colcon_core.shell:Creating environment hook '/home/nuc1/Desktop/2024_UWR/install/sonar_subs/share/sonar_subs/hook/pythonpath.sh'
[1.941s] Level 1:colcon.colcon_core.environment:checking '/home/nuc1/Desktop/2024_UWR/install/sonar_subs/bin'
[1.941s] Level 1:colcon.colcon_core.environment:create_environment_scripts_only(sonar_subs)
[1.941s] INFO:colcon.colcon_core.shell:Creating package script '/home/nuc1/Desktop/2024_UWR/install/sonar_subs/share/sonar_subs/package.ps1'
[1.942s] INFO:colcon.colcon_core.shell:Creating package descriptor '/home/nuc1/Desktop/2024_UWR/install/sonar_subs/share/sonar_subs/package.dsv'
[1.942s] INFO:colcon.colcon_core.shell:Creating package script '/home/nuc1/Desktop/2024_UWR/install/sonar_subs/share/sonar_subs/package.sh'
[1.942s] INFO:colcon.colcon_core.shell:Creating package script '/home/nuc1/Desktop/2024_UWR/install/sonar_subs/share/sonar_subs/package.bash'
[1.943s] INFO:colcon.colcon_core.shell:Creating package script '/home/nuc1/Desktop/2024_UWR/install/sonar_subs/share/sonar_subs/package.zsh'
[1.943s] Level 1:colcon.colcon_core.environment:create_file_with_runtime_dependencies(/home/nuc1/Desktop/2024_UWR/install/sonar_subs/share/colcon-core/packages/sonar_subs)
[1.943s] DEBUG:colcon.colcon_parallel_executor.executor.parallel:closing loop
[1.943s] DEBUG:colcon.colcon_parallel_executor.executor.parallel:loop closed
[1.944s] DEBUG:colcon.colcon_parallel_executor.executor.parallel:run_until_complete finished with '0'
[1.944s] DEBUG:colcon.colcon_core.event_reactor:joining thread
[1.949s] INFO:colcon.colcon_core.plugin_system:Skipping extension 'colcon_notification.desktop_notification.terminal_notifier': Not used on non-Darwin systems
[1.950s] INFO:colcon.colcon_core.plugin_system:Skipping extension 'colcon_notification.desktop_notification.win32': Not used on non-Windows systems
[1.950s] INFO:colcon.colcon_notification.desktop_notification:Sending desktop notification using 'notify2'
[1.960s] DEBUG:colcon.colcon_core.event_reactor:joined thread
[1.961s] INFO:colcon.colcon_core.shell:Creating prefix script '/home/nuc1/Desktop/2024_UWR/install/local_setup.ps1'
[1.961s] INFO:colcon.colcon_core.shell:Creating prefix util module '/home/nuc1/Desktop/2024_UWR/install/_local_setup_util_ps1.py'
[1.963s] INFO:colcon.colcon_core.shell:Creating prefix chain script '/home/nuc1/Desktop/2024_UWR/install/setup.ps1'
[1.964s] INFO:colcon.colcon_core.shell:Creating prefix script '/home/nuc1/Desktop/2024_UWR/install/local_setup.sh'
[1.964s] INFO:colcon.colcon_core.shell:Creating prefix util module '/home/nuc1/Desktop/2024_UWR/install/_local_setup_util_sh.py'
[1.965s] INFO:colcon.colcon_core.shell:Creating prefix chain script '/home/nuc1/Desktop/2024_UWR/install/setup.sh'
[1.966s] INFO:colcon.colcon_core.shell:Creating prefix script '/home/nuc1/Desktop/2024_UWR/install/local_setup.bash'
[1.966s] INFO:colcon.colcon_core.shell:Creating prefix chain script '/home/nuc1/Desktop/2024_UWR/install/setup.bash'
[1.967s] INFO:colcon.colcon_core.shell:Creating prefix script '/home/nuc1/Desktop/2024_UWR/install/local_setup.zsh'
[1.968s] INFO:colcon.colcon_core.shell:Creating prefix chain script '/home/nuc1/Desktop/2024_UWR/install/setup.zsh'
