[0.021s] Invoking command in '/home/uwr/Desktop/2024_UWR/build/adnav-driver': CMAKE_PREFIX_PATH=${CMAKE_PREFIX_PATH}:/home/uwr/Desktop/2024_UWR/install/sonar_subs:/opt/ros/humble /usr/bin/cmake --build /home/uwr/Desktop/2024_UWR/build/adnav-driver -- -j8 -l8
[0.165s] [100%] Built target adnav_driver
[0.222s] Invoked command in '/home/uwr/Desktop/2024_UWR/build/adnav-driver' returned '0': CMAKE_PREFIX_PATH=${CMAKE_PREFIX_PATH}:/home/uwr/Desktop/2024_UWR/install/sonar_subs:/opt/ros/humble /usr/bin/cmake --build /home/uwr/Desktop/2024_UWR/build/adnav-driver -- -j8 -l8
[0.295s] Invoking command in '/home/uwr/Desktop/2024_UWR/build/adnav-driver': CMAKE_PREFIX_PATH=${CMAKE_PREFIX_PATH}:/home/uwr/Desktop/2024_UWR/install/sonar_subs:/opt/ros/humble /usr/bin/cmake --install /home/uwr/Desktop/2024_UWR/build/adnav-driver
[0.306s] -- Install configuration: ""
[0.309s] -- Up-to-date: /home/uwr/Desktop/2024_UWR/install/adnav-driver/lib/adnav-driver/adnav_driver
[0.309s] -- Up-to-date: /home/uwr/Desktop/2024_UWR/install/adnav-driver/share/ament_index/resource_index/package_run_dependencies/adnav-driver
[0.310s] -- Up-to-date: /home/uwr/Desktop/2024_UWR/install/adnav-driver/share/ament_index/resource_index/parent_prefix_path/adnav-driver
[0.311s] -- Up-to-date: /home/uwr/Desktop/2024_UWR/install/adnav-driver/share/adnav-driver/environment/ament_prefix_path.sh
[0.313s] -- Up-to-date: /home/uwr/Desktop/2024_UWR/install/adnav-driver/share/adnav-driver/environment/ament_prefix_path.dsv
[0.315s] -- Up-to-date: /home/uwr/Desktop/2024_UWR/install/adnav-driver/share/adnav-driver/environment/path.sh
[0.315s] -- Up-to-date: /home/uwr/Desktop/2024_UWR/install/adnav-driver/share/adnav-driver/environment/path.dsv
[0.317s] -- Up-to-date: /home/uwr/Desktop/2024_UWR/install/adnav-driver/share/adnav-driver/local_setup.bash
[0.317s] -- Up-to-date: /home/uwr/Desktop/2024_UWR/install/adnav-driver/share/adnav-driver/local_setup.sh
[0.317s] -- Up-to-date: /home/uwr/Desktop/2024_UWR/install/adnav-driver/share/adnav-driver/local_setup.zsh
[0.317s] -- Up-to-date: /home/uwr/Desktop/2024_UWR/install/adnav-driver/share/adnav-driver/local_setup.dsv
[0.317s] -- Installing: /home/uwr/Desktop/2024_UWR/install/adnav-driver/share/adnav-driver/package.dsv
[0.317s] -- Up-to-date: /home/uwr/Desktop/2024_UWR/install/adnav-driver/share/ament_index/resource_index/packages/adnav-driver
[0.317s] -- Up-to-date: /home/uwr/Desktop/2024_UWR/install/adnav-driver/share/adnav-driver/cmake/adnav-driverConfig.cmake
[0.318s] -- Up-to-date: /home/uwr/Desktop/2024_UWR/install/adnav-driver/share/adnav-driver/cmake/adnav-driverConfig-version.cmake
[0.320s] -- Up-to-date: /home/uwr/Desktop/2024_UWR/install/adnav-driver/share/adnav-driver/package.xml
[0.366s] Invoked command in '/home/uwr/Desktop/2024_UWR/build/adnav-driver' returned '0': CMAKE_PREFIX_PATH=${CMAKE_PREFIX_PATH}:/home/uwr/Desktop/2024_UWR/install/sonar_subs:/opt/ros/humble /usr/bin/cmake --install /home/uwr/Desktop/2024_UWR/build/adnav-driver
