[0.024s] Invoking command in '/home/uwr/Desktop/2024_UWR/build/ntrip': CMAKE_PREFIX_PATH=${CMAKE_PREFIX_PATH}:/home/uwr/Desktop/2024_UWR/install/sonar_subs:/opt/ros/humble /usr/bin/cmake --build /home/uwr/Desktop/2024_UWR/build/ntrip -- -j8 -l8
[0.130s] [100%] Built target ntrip
[0.159s] Invoked command in '/home/uwr/Desktop/2024_UWR/build/ntrip' returned '0': CMAKE_PREFIX_PATH=${CMAKE_PREFIX_PATH}:/home/uwr/Desktop/2024_UWR/install/sonar_subs:/opt/ros/humble /usr/bin/cmake --build /home/uwr/Desktop/2024_UWR/build/ntrip -- -j8 -l8
[0.215s] Invoking command in '/home/uwr/Desktop/2024_UWR/build/ntrip': CMAKE_PREFIX_PATH=${CMAKE_PREFIX_PATH}:/home/uwr/Desktop/2024_UWR/install/sonar_subs:/opt/ros/humble /usr/bin/cmake --install /home/uwr/Desktop/2024_UWR/build/ntrip
[0.228s] -- Install configuration: ""
[0.232s] -- Execute custom install script
[0.233s] -- Up-to-date symlink: /home/uwr/Desktop/2024_UWR/install/ntrip/lib/ntrip/ntrip
[0.234s] -- Up-to-date symlink: /home/uwr/Desktop/2024_UWR/install/ntrip/share/ntrip//launch/ntrip_launch.py
[0.235s] -- Up-to-date symlink: /home/uwr/Desktop/2024_UWR/install/ntrip/share/ament_index/resource_index/package_run_dependencies/ntrip
[0.235s] -- Up-to-date symlink: /home/uwr/Desktop/2024_UWR/install/ntrip/share/ament_index/resource_index/parent_prefix_path/ntrip
[0.237s] -- Up-to-date symlink: /home/uwr/Desktop/2024_UWR/install/ntrip/share/ntrip/environment/ament_prefix_path.sh
[0.237s] -- Up-to-date symlink: /home/uwr/Desktop/2024_UWR/install/ntrip/share/ntrip/environment/ament_prefix_path.dsv
[0.237s] -- Up-to-date symlink: /home/uwr/Desktop/2024_UWR/install/ntrip/share/ntrip/environment/path.sh
[0.237s] -- Up-to-date symlink: /home/uwr/Desktop/2024_UWR/install/ntrip/share/ntrip/environment/path.dsv
[0.237s] -- Up-to-date symlink: /home/uwr/Desktop/2024_UWR/install/ntrip/share/ntrip/local_setup.bash
[0.238s] -- Up-to-date symlink: /home/uwr/Desktop/2024_UWR/install/ntrip/share/ntrip/local_setup.sh
[0.238s] -- Up-to-date symlink: /home/uwr/Desktop/2024_UWR/install/ntrip/share/ntrip/local_setup.zsh
[0.239s] -- Up-to-date symlink: /home/uwr/Desktop/2024_UWR/install/ntrip/share/ntrip/local_setup.dsv
[0.239s] -- Symlinking: /home/uwr/Desktop/2024_UWR/install/ntrip/share/ntrip/package.dsv
[0.253s] -- Up-to-date symlink: /home/uwr/Desktop/2024_UWR/install/ntrip/share/ament_index/resource_index/packages/ntrip
[0.254s] -- Up-to-date symlink: /home/uwr/Desktop/2024_UWR/install/ntrip/share/ntrip/cmake/ntripConfig.cmake
[0.254s] -- Up-to-date symlink: /home/uwr/Desktop/2024_UWR/install/ntrip/share/ntrip/cmake/ntripConfig-version.cmake
[0.254s] -- Up-to-date symlink: /home/uwr/Desktop/2024_UWR/install/ntrip/share/ntrip/package.xml
[0.257s] Invoked command in '/home/uwr/Desktop/2024_UWR/build/ntrip' returned '0': CMAKE_PREFIX_PATH=${CMAKE_PREFIX_PATH}:/home/uwr/Desktop/2024_UWR/install/sonar_subs:/opt/ros/humble /usr/bin/cmake --install /home/uwr/Desktop/2024_UWR/build/ntrip
