[0.078s] DEBUG:colcon:Command line arguments: ['/usr/bin/colcon', 'build', '--symlink-install']
[0.078s] DEBUG:colcon:Parsed command line arguments: Namespace(log_base=None, log_level=None, verb_name='build', build_base='build', install_base='install', merge_install=False, symlink_install=True, test_result_base=None, continue_on_error=False, executor='parallel', parallel_workers=24, event_handlers=None, ignore_user_meta=False, metas=['./colcon.meta'], base_paths=['.'], packages_ignore=None, packages_ignore_regex=None, paths=None, packages_up_to=None, packages_up_to_regex=None, packages_above=None, packages_above_and_dependencies=None, packages_above_depth=None, packages_select_by_dep=None, packages_skip_by_dep=None, packages_skip_up_to=None, packages_select_build_failed=False, packages_skip_build_finished=False, packages_select_test_failures=False, packages_skip_test_passed=False, packages_select=None, packages_skip=None, packages_select_regex=None, packages_skip_regex=None, packages_start=None, packages_end=None, allow_overriding=[], cmake_args=None, cmake_target=None, cmake_target_skip_unavailable=False, cmake_clean_cache=False, cmake_clean_first=False, cmake_force_configure=False, ament_cmake_args=None, catkin_cmake_args=None, catkin_skip_building_tests=False, mixin_files=None, mixin=None, verb_parser=<colcon_mixin.mixin.mixin_argument.MixinArgumentDecorator object at 0x7f6681a569b0>, verb_extension=<colcon_core.verb.build.BuildVerb object at 0x7f6681a56f20>, main=<bound method BuildVerb.main of <colcon_core.verb.build.BuildVerb object at 0x7f6681a56f20>>, mixin_verb=('build',))
[0.228s] Level 1:colcon.colcon_core.package_discovery:discover_packages(colcon_meta) check parameters
[0.228s] Level 1:colcon.colcon_core.package_discovery:discover_packages(recursive) check parameters
[0.228s] Level 1:colcon.colcon_core.package_discovery:discover_packages(ignore) check parameters
[0.228s] Level 1:colcon.colcon_core.package_discovery:discover_packages(path) check parameters
[0.228s] Level 1:colcon.colcon_core.package_discovery:discover_packages(colcon_meta) discover
[0.228s] Level 1:colcon.colcon_core.package_discovery:discover_packages(recursive) discover
[0.228s] INFO:colcon.colcon_core.package_discovery:Crawling recursively for packages in '/home/saab/Desktop/2024_UWR'
[0.228s] Level 1:colcon.colcon_core.package_identification:_identify(.) by extensions ['ignore', 'ignore_ament_install']
[0.228s] Level 1:colcon.colcon_core.package_identification:_identify(.) by extension 'ignore'
[0.228s] Level 1:colcon.colcon_core.package_identification:_identify(.) by extension 'ignore_ament_install'
[0.228s] Level 1:colcon.colcon_core.package_identification:_identify(.) by extensions ['colcon_pkg']
[0.228s] Level 1:colcon.colcon_core.package_identification:_identify(.) by extension 'colcon_pkg'
[0.228s] Level 1:colcon.colcon_core.package_identification:_identify(.) by extensions ['colcon_meta']
[0.228s] Level 1:colcon.colcon_core.package_identification:_identify(.) by extension 'colcon_meta'
[0.228s] Level 1:colcon.colcon_core.package_identification:_identify(.) by extensions ['ros']
[0.228s] Level 1:colcon.colcon_core.package_identification:_identify(.) by extension 'ros'
[0.244s] Level 1:colcon.colcon_core.package_identification:_identify(.) by extensions ['cmake', 'python']
[0.244s] Level 1:colcon.colcon_core.package_identification:_identify(.) by extension 'cmake'
[0.244s] Level 1:colcon.colcon_core.package_identification:_identify(.) by extension 'python'
[0.244s] Level 1:colcon.colcon_core.package_identification:_identify(.) by extensions ['python_setup_py']
[0.244s] Level 1:colcon.colcon_core.package_identification:_identify(.) by extension 'python_setup_py'
[0.245s] Level 1:colcon.colcon_core.package_identification:_identify(Analysis) by extensions ['ignore', 'ignore_ament_install']
[0.245s] Level 1:colcon.colcon_core.package_identification:_identify(Analysis) by extension 'ignore'
[0.245s] Level 1:colcon.colcon_core.package_identification:_identify(Analysis) by extension 'ignore_ament_install'
[0.245s] Level 1:colcon.colcon_core.package_identification:_identify(Analysis) by extensions ['colcon_pkg']
[0.245s] Level 1:colcon.colcon_core.package_identification:_identify(Analysis) by extension 'colcon_pkg'
[0.245s] Level 1:colcon.colcon_core.package_identification:_identify(Analysis) by extensions ['colcon_meta']
[0.245s] Level 1:colcon.colcon_core.package_identification:_identify(Analysis) by extension 'colcon_meta'
[0.245s] Level 1:colcon.colcon_core.package_identification:_identify(Analysis) by extensions ['ros']
[0.245s] Level 1:colcon.colcon_core.package_identification:_identify(Analysis) by extension 'ros'
[0.245s] Level 1:colcon.colcon_core.package_identification:_identify(Analysis) by extensions ['cmake', 'python']
[0.245s] Level 1:colcon.colcon_core.package_identification:_identify(Analysis) by extension 'cmake'
[0.245s] Level 1:colcon.colcon_core.package_identification:_identify(Analysis) by extension 'python'
[0.245s] Level 1:colcon.colcon_core.package_identification:_identify(Analysis) by extensions ['python_setup_py']
[0.245s] Level 1:colcon.colcon_core.package_identification:_identify(Analysis) by extension 'python_setup_py'
[0.245s] Level 1:colcon.colcon_core.package_identification:_identify(Analysis/case_1205_t001_2024_12_05_15_35_23.bag) by extensions ['ignore', 'ignore_ament_install']
[0.245s] Level 1:colcon.colcon_core.package_identification:_identify(Analysis/case_1205_t001_2024_12_05_15_35_23.bag) by extension 'ignore'
[0.245s] Level 1:colcon.colcon_core.package_identification:_identify(Analysis/case_1205_t001_2024_12_05_15_35_23.bag) by extension 'ignore_ament_install'
[0.245s] Level 1:colcon.colcon_core.package_identification:_identify(Analysis/case_1205_t001_2024_12_05_15_35_23.bag) by extensions ['colcon_pkg']
[0.245s] Level 1:colcon.colcon_core.package_identification:_identify(Analysis/case_1205_t001_2024_12_05_15_35_23.bag) by extension 'colcon_pkg'
[0.245s] Level 1:colcon.colcon_core.package_identification:_identify(Analysis/case_1205_t001_2024_12_05_15_35_23.bag) by extensions ['colcon_meta']
[0.245s] Level 1:colcon.colcon_core.package_identification:_identify(Analysis/case_1205_t001_2024_12_05_15_35_23.bag) by extension 'colcon_meta'
[0.245s] Level 1:colcon.colcon_core.package_identification:_identify(Analysis/case_1205_t001_2024_12_05_15_35_23.bag) by extensions ['ros']
[0.245s] Level 1:colcon.colcon_core.package_identification:_identify(Analysis/case_1205_t001_2024_12_05_15_35_23.bag) by extension 'ros'
[0.245s] Level 1:colcon.colcon_core.package_identification:_identify(Analysis/case_1205_t001_2024_12_05_15_35_23.bag) by extensions ['cmake', 'python']
[0.245s] Level 1:colcon.colcon_core.package_identification:_identify(Analysis/case_1205_t001_2024_12_05_15_35_23.bag) by extension 'cmake'
[0.246s] Level 1:colcon.colcon_core.package_identification:_identify(Analysis/case_1205_t001_2024_12_05_15_35_23.bag) by extension 'python'
[0.246s] Level 1:colcon.colcon_core.package_identification:_identify(Analysis/case_1205_t001_2024_12_05_15_35_23.bag) by extensions ['python_setup_py']
[0.246s] Level 1:colcon.colcon_core.package_identification:_identify(Analysis/case_1205_t001_2024_12_05_15_35_23.bag) by extension 'python_setup_py'
[0.246s] Level 1:colcon.colcon_core.package_identification:_identify(Analysis/case_1205_t001_2024_12_05_15_38_03.bag) by extensions ['ignore', 'ignore_ament_install']
[0.246s] Level 1:colcon.colcon_core.package_identification:_identify(Analysis/case_1205_t001_2024_12_05_15_38_03.bag) by extension 'ignore'
[0.246s] Level 1:colcon.colcon_core.package_identification:_identify(Analysis/case_1205_t001_2024_12_05_15_38_03.bag) by extension 'ignore_ament_install'
[0.246s] Level 1:colcon.colcon_core.package_identification:_identify(Analysis/case_1205_t001_2024_12_05_15_38_03.bag) by extensions ['colcon_pkg']
[0.246s] Level 1:colcon.colcon_core.package_identification:_identify(Analysis/case_1205_t001_2024_12_05_15_38_03.bag) by extension 'colcon_pkg'
[0.246s] Level 1:colcon.colcon_core.package_identification:_identify(Analysis/case_1205_t001_2024_12_05_15_38_03.bag) by extensions ['colcon_meta']
[0.246s] Level 1:colcon.colcon_core.package_identification:_identify(Analysis/case_1205_t001_2024_12_05_15_38_03.bag) by extension 'colcon_meta'
[0.246s] Level 1:colcon.colcon_core.package_identification:_identify(Analysis/case_1205_t001_2024_12_05_15_38_03.bag) by extensions ['ros']
[0.246s] Level 1:colcon.colcon_core.package_identification:_identify(Analysis/case_1205_t001_2024_12_05_15_38_03.bag) by extension 'ros'
[0.246s] Level 1:colcon.colcon_core.package_identification:_identify(Analysis/case_1205_t001_2024_12_05_15_38_03.bag) by extensions ['cmake', 'python']
[0.246s] Level 1:colcon.colcon_core.package_identification:_identify(Analysis/case_1205_t001_2024_12_05_15_38_03.bag) by extension 'cmake'
[0.246s] Level 1:colcon.colcon_core.package_identification:_identify(Analysis/case_1205_t001_2024_12_05_15_38_03.bag) by extension 'python'
[0.246s] Level 1:colcon.colcon_core.package_identification:_identify(Analysis/case_1205_t001_2024_12_05_15_38_03.bag) by extensions ['python_setup_py']
[0.246s] Level 1:colcon.colcon_core.package_identification:_identify(Analysis/case_1205_t001_2024_12_05_15_38_03.bag) by extension 'python_setup_py'
[0.246s] Level 1:colcon.colcon_core.package_identification:_identify(Analysis/case_1205_t001_2024_12_05_15_40_46.bag) by extensions ['ignore', 'ignore_ament_install']
[0.246s] Level 1:colcon.colcon_core.package_identification:_identify(Analysis/case_1205_t001_2024_12_05_15_40_46.bag) by extension 'ignore'
[0.246s] Level 1:colcon.colcon_core.package_identification:_identify(Analysis/case_1205_t001_2024_12_05_15_40_46.bag) by extension 'ignore_ament_install'
[0.246s] Level 1:colcon.colcon_core.package_identification:_identify(Analysis/case_1205_t001_2024_12_05_15_40_46.bag) by extensions ['colcon_pkg']
[0.246s] Level 1:colcon.colcon_core.package_identification:_identify(Analysis/case_1205_t001_2024_12_05_15_40_46.bag) by extension 'colcon_pkg'
[0.246s] Level 1:colcon.colcon_core.package_identification:_identify(Analysis/case_1205_t001_2024_12_05_15_40_46.bag) by extensions ['colcon_meta']
[0.246s] Level 1:colcon.colcon_core.package_identification:_identify(Analysis/case_1205_t001_2024_12_05_15_40_46.bag) by extension 'colcon_meta'
[0.246s] Level 1:colcon.colcon_core.package_identification:_identify(Analysis/case_1205_t001_2024_12_05_15_40_46.bag) by extensions ['ros']
[0.246s] Level 1:colcon.colcon_core.package_identification:_identify(Analysis/case_1205_t001_2024_12_05_15_40_46.bag) by extension 'ros'
[0.246s] Level 1:colcon.colcon_core.package_identification:_identify(Analysis/case_1205_t001_2024_12_05_15_40_46.bag) by extensions ['cmake', 'python']
[0.246s] Level 1:colcon.colcon_core.package_identification:_identify(Analysis/case_1205_t001_2024_12_05_15_40_46.bag) by extension 'cmake'
[0.246s] Level 1:colcon.colcon_core.package_identification:_identify(Analysis/case_1205_t001_2024_12_05_15_40_46.bag) by extension 'python'
[0.247s] Level 1:colcon.colcon_core.package_identification:_identify(Analysis/case_1205_t001_2024_12_05_15_40_46.bag) by extensions ['python_setup_py']
[0.247s] Level 1:colcon.colcon_core.package_identification:_identify(Analysis/case_1205_t001_2024_12_05_15_40_46.bag) by extension 'python_setup_py'
[0.247s] Level 1:colcon.colcon_core.package_identification:_identify(Analysis/case_1205_t001_2024_12_05_15_41_18.bag) by extensions ['ignore', 'ignore_ament_install']
[0.247s] Level 1:colcon.colcon_core.package_identification:_identify(Analysis/case_1205_t001_2024_12_05_15_41_18.bag) by extension 'ignore'
[0.247s] Level 1:colcon.colcon_core.package_identification:_identify(Analysis/case_1205_t001_2024_12_05_15_41_18.bag) by extension 'ignore_ament_install'
[0.247s] Level 1:colcon.colcon_core.package_identification:_identify(Analysis/case_1205_t001_2024_12_05_15_41_18.bag) by extensions ['colcon_pkg']
[0.247s] Level 1:colcon.colcon_core.package_identification:_identify(Analysis/case_1205_t001_2024_12_05_15_41_18.bag) by extension 'colcon_pkg'
[0.247s] Level 1:colcon.colcon_core.package_identification:_identify(Analysis/case_1205_t001_2024_12_05_15_41_18.bag) by extensions ['colcon_meta']
[0.247s] Level 1:colcon.colcon_core.package_identification:_identify(Analysis/case_1205_t001_2024_12_05_15_41_18.bag) by extension 'colcon_meta'
[0.247s] Level 1:colcon.colcon_core.package_identification:_identify(Analysis/case_1205_t001_2024_12_05_15_41_18.bag) by extensions ['ros']
[0.247s] Level 1:colcon.colcon_core.package_identification:_identify(Analysis/case_1205_t001_2024_12_05_15_41_18.bag) by extension 'ros'
[0.247s] Level 1:colcon.colcon_core.package_identification:_identify(Analysis/case_1205_t001_2024_12_05_15_41_18.bag) by extensions ['cmake', 'python']
[0.247s] Level 1:colcon.colcon_core.package_identification:_identify(Analysis/case_1205_t001_2024_12_05_15_41_18.bag) by extension 'cmake'
[0.247s] Level 1:colcon.colcon_core.package_identification:_identify(Analysis/case_1205_t001_2024_12_05_15_41_18.bag) by extension 'python'
[0.247s] Level 1:colcon.colcon_core.package_identification:_identify(Analysis/case_1205_t001_2024_12_05_15_41_18.bag) by extensions ['python_setup_py']
[0.247s] Level 1:colcon.colcon_core.package_identification:_identify(Analysis/case_1205_t001_2024_12_05_15_41_18.bag) by extension 'python_setup_py'
[0.247s] Level 1:colcon.colcon_core.package_identification:_identify(Analysis/case_1205_t001_2024_12_05_15_42_30.bag) by extensions ['ignore', 'ignore_ament_install']
[0.247s] Level 1:colcon.colcon_core.package_identification:_identify(Analysis/case_1205_t001_2024_12_05_15_42_30.bag) by extension 'ignore'
[0.247s] Level 1:colcon.colcon_core.package_identification:_identify(Analysis/case_1205_t001_2024_12_05_15_42_30.bag) by extension 'ignore_ament_install'
[0.247s] Level 1:colcon.colcon_core.package_identification:_identify(Analysis/case_1205_t001_2024_12_05_15_42_30.bag) by extensions ['colcon_pkg']
[0.247s] Level 1:colcon.colcon_core.package_identification:_identify(Analysis/case_1205_t001_2024_12_05_15_42_30.bag) by extension 'colcon_pkg'
[0.247s] Level 1:colcon.colcon_core.package_identification:_identify(Analysis/case_1205_t001_2024_12_05_15_42_30.bag) by extensions ['colcon_meta']
[0.247s] Level 1:colcon.colcon_core.package_identification:_identify(Analysis/case_1205_t001_2024_12_05_15_42_30.bag) by extension 'colcon_meta'
[0.247s] Level 1:colcon.colcon_core.package_identification:_identify(Analysis/case_1205_t001_2024_12_05_15_42_30.bag) by extensions ['ros']
[0.247s] Level 1:colcon.colcon_core.package_identification:_identify(Analysis/case_1205_t001_2024_12_05_15_42_30.bag) by extension 'ros'
[0.247s] Level 1:colcon.colcon_core.package_identification:_identify(Analysis/case_1205_t001_2024_12_05_15_42_30.bag) by extensions ['cmake', 'python']
[0.247s] Level 1:colcon.colcon_core.package_identification:_identify(Analysis/case_1205_t001_2024_12_05_15_42_30.bag) by extension 'cmake'
[0.247s] Level 1:colcon.colcon_core.package_identification:_identify(Analysis/case_1205_t001_2024_12_05_15_42_30.bag) by extension 'python'
[0.247s] Level 1:colcon.colcon_core.package_identification:_identify(Analysis/case_1205_t001_2024_12_05_15_42_30.bag) by extensions ['python_setup_py']
[0.247s] Level 1:colcon.colcon_core.package_identification:_identify(Analysis/case_1205_t001_2024_12_05_15_42_30.bag) by extension 'python_setup_py'
[0.248s] Level 1:colcon.colcon_core.package_identification:_identify(Analysis/case_1205_t001_2024_12_05_15_43_17.bag) by extensions ['ignore', 'ignore_ament_install']
[0.248s] Level 1:colcon.colcon_core.package_identification:_identify(Analysis/case_1205_t001_2024_12_05_15_43_17.bag) by extension 'ignore'
[0.248s] Level 1:colcon.colcon_core.package_identification:_identify(Analysis/case_1205_t001_2024_12_05_15_43_17.bag) by extension 'ignore_ament_install'
[0.248s] Level 1:colcon.colcon_core.package_identification:_identify(Analysis/case_1205_t001_2024_12_05_15_43_17.bag) by extensions ['colcon_pkg']
[0.248s] Level 1:colcon.colcon_core.package_identification:_identify(Analysis/case_1205_t001_2024_12_05_15_43_17.bag) by extension 'colcon_pkg'
[0.248s] Level 1:colcon.colcon_core.package_identification:_identify(Analysis/case_1205_t001_2024_12_05_15_43_17.bag) by extensions ['colcon_meta']
[0.248s] Level 1:colcon.colcon_core.package_identification:_identify(Analysis/case_1205_t001_2024_12_05_15_43_17.bag) by extension 'colcon_meta'
[0.248s] Level 1:colcon.colcon_core.package_identification:_identify(Analysis/case_1205_t001_2024_12_05_15_43_17.bag) by extensions ['ros']
[0.248s] Level 1:colcon.colcon_core.package_identification:_identify(Analysis/case_1205_t001_2024_12_05_15_43_17.bag) by extension 'ros'
[0.248s] Level 1:colcon.colcon_core.package_identification:_identify(Analysis/case_1205_t001_2024_12_05_15_43_17.bag) by extensions ['cmake', 'python']
[0.248s] Level 1:colcon.colcon_core.package_identification:_identify(Analysis/case_1205_t001_2024_12_05_15_43_17.bag) by extension 'cmake'
[0.248s] Level 1:colcon.colcon_core.package_identification:_identify(Analysis/case_1205_t001_2024_12_05_15_43_17.bag) by extension 'python'
[0.248s] Level 1:colcon.colcon_core.package_identification:_identify(Analysis/case_1205_t001_2024_12_05_15_43_17.bag) by extensions ['python_setup_py']
[0.248s] Level 1:colcon.colcon_core.package_identification:_identify(Analysis/case_1205_t001_2024_12_05_15_43_17.bag) by extension 'python_setup_py'
[0.248s] Level 1:colcon.colcon_core.package_identification:_identify(Analysis/case_1205_t001_2024_12_05_15_46_59.bag) by extensions ['ignore', 'ignore_ament_install']
[0.248s] Level 1:colcon.colcon_core.package_identification:_identify(Analysis/case_1205_t001_2024_12_05_15_46_59.bag) by extension 'ignore'
[0.248s] Level 1:colcon.colcon_core.package_identification:_identify(Analysis/case_1205_t001_2024_12_05_15_46_59.bag) by extension 'ignore_ament_install'
[0.248s] Level 1:colcon.colcon_core.package_identification:_identify(Analysis/case_1205_t001_2024_12_05_15_46_59.bag) by extensions ['colcon_pkg']
[0.248s] Level 1:colcon.colcon_core.package_identification:_identify(Analysis/case_1205_t001_2024_12_05_15_46_59.bag) by extension 'colcon_pkg'
[0.248s] Level 1:colcon.colcon_core.package_identification:_identify(Analysis/case_1205_t001_2024_12_05_15_46_59.bag) by extensions ['colcon_meta']
[0.248s] Level 1:colcon.colcon_core.package_identification:_identify(Analysis/case_1205_t001_2024_12_05_15_46_59.bag) by extension 'colcon_meta'
[0.248s] Level 1:colcon.colcon_core.package_identification:_identify(Analysis/case_1205_t001_2024_12_05_15_46_59.bag) by extensions ['ros']
[0.248s] Level 1:colcon.colcon_core.package_identification:_identify(Analysis/case_1205_t001_2024_12_05_15_46_59.bag) by extension 'ros'
[0.248s] Level 1:colcon.colcon_core.package_identification:_identify(Analysis/case_1205_t001_2024_12_05_15_46_59.bag) by extensions ['cmake', 'python']
[0.248s] Level 1:colcon.colcon_core.package_identification:_identify(Analysis/case_1205_t001_2024_12_05_15_46_59.bag) by extension 'cmake'
[0.248s] Level 1:colcon.colcon_core.package_identification:_identify(Analysis/case_1205_t001_2024_12_05_15_46_59.bag) by extension 'python'
[0.248s] Level 1:colcon.colcon_core.package_identification:_identify(Analysis/case_1205_t001_2024_12_05_15_46_59.bag) by extensions ['python_setup_py']
[0.248s] Level 1:colcon.colcon_core.package_identification:_identify(Analysis/case_1205_t001_2024_12_05_15_46_59.bag) by extension 'python_setup_py'
[0.248s] Level 1:colcon.colcon_core.package_identification:_identify(build) by extensions ['ignore', 'ignore_ament_install']
[0.249s] Level 1:colcon.colcon_core.package_identification:_identify(build) by extension 'ignore'
[0.249s] Level 1:colcon.colcon_core.package_identification:_identify(build) ignored
[0.249s] Level 1:colcon.colcon_core.package_identification:_identify(default_path2024_12_03_18_50_17.bag) by extensions ['ignore', 'ignore_ament_install']
[0.249s] Level 1:colcon.colcon_core.package_identification:_identify(default_path2024_12_03_18_50_17.bag) by extension 'ignore'
[0.249s] Level 1:colcon.colcon_core.package_identification:_identify(default_path2024_12_03_18_50_17.bag) by extension 'ignore_ament_install'
[0.249s] Level 1:colcon.colcon_core.package_identification:_identify(default_path2024_12_03_18_50_17.bag) by extensions ['colcon_pkg']
[0.249s] Level 1:colcon.colcon_core.package_identification:_identify(default_path2024_12_03_18_50_17.bag) by extension 'colcon_pkg'
[0.249s] Level 1:colcon.colcon_core.package_identification:_identify(default_path2024_12_03_18_50_17.bag) by extensions ['colcon_meta']
[0.249s] Level 1:colcon.colcon_core.package_identification:_identify(default_path2024_12_03_18_50_17.bag) by extension 'colcon_meta'
[0.249s] Level 1:colcon.colcon_core.package_identification:_identify(default_path2024_12_03_18_50_17.bag) by extensions ['ros']
[0.249s] Level 1:colcon.colcon_core.package_identification:_identify(default_path2024_12_03_18_50_17.bag) by extension 'ros'
[0.249s] Level 1:colcon.colcon_core.package_identification:_identify(default_path2024_12_03_18_50_17.bag) by extensions ['cmake', 'python']
[0.249s] Level 1:colcon.colcon_core.package_identification:_identify(default_path2024_12_03_18_50_17.bag) by extension 'cmake'
[0.249s] Level 1:colcon.colcon_core.package_identification:_identify(default_path2024_12_03_18_50_17.bag) by extension 'python'
[0.249s] Level 1:colcon.colcon_core.package_identification:_identify(default_path2024_12_03_18_50_17.bag) by extensions ['python_setup_py']
[0.249s] Level 1:colcon.colcon_core.package_identification:_identify(default_path2024_12_03_18_50_17.bag) by extension 'python_setup_py'
[0.249s] Level 1:colcon.colcon_core.package_identification:_identify(install) by extensions ['ignore', 'ignore_ament_install']
[0.249s] Level 1:colcon.colcon_core.package_identification:_identify(install) by extension 'ignore'
[0.249s] Level 1:colcon.colcon_core.package_identification:_identify(install) ignored
[0.249s] Level 1:colcon.colcon_core.package_identification:_identify(log) by extensions ['ignore', 'ignore_ament_install']
[0.250s] Level 1:colcon.colcon_core.package_identification:_identify(log) by extension 'ignore'
[0.250s] Level 1:colcon.colcon_core.package_identification:_identify(log) ignored
[0.250s] Level 1:colcon.colcon_core.package_identification:_identify(src) by extensions ['ignore', 'ignore_ament_install']
[0.250s] Level 1:colcon.colcon_core.package_identification:_identify(src) by extension 'ignore'
[0.250s] Level 1:colcon.colcon_core.package_identification:_identify(src) by extension 'ignore_ament_install'
[0.250s] Level 1:colcon.colcon_core.package_identification:_identify(src) by extensions ['colcon_pkg']
[0.250s] Level 1:colcon.colcon_core.package_identification:_identify(src) by extension 'colcon_pkg'
[0.250s] Level 1:colcon.colcon_core.package_identification:_identify(src) by extensions ['colcon_meta']
[0.250s] Level 1:colcon.colcon_core.package_identification:_identify(src) by extension 'colcon_meta'
[0.250s] Level 1:colcon.colcon_core.package_identification:_identify(src) by extensions ['ros']
[0.250s] Level 1:colcon.colcon_core.package_identification:_identify(src) by extension 'ros'
[0.250s] Level 1:colcon.colcon_core.package_identification:_identify(src) by extensions ['cmake', 'python']
[0.250s] Level 1:colcon.colcon_core.package_identification:_identify(src) by extension 'cmake'
[0.250s] Level 1:colcon.colcon_core.package_identification:_identify(src) by extension 'python'
[0.250s] Level 1:colcon.colcon_core.package_identification:_identify(src) by extensions ['python_setup_py']
[0.250s] Level 1:colcon.colcon_core.package_identification:_identify(src) by extension 'python_setup_py'
[0.250s] Level 1:colcon.colcon_core.package_identification:_identify(src/adnav-driver) by extensions ['ignore', 'ignore_ament_install']
[0.250s] Level 1:colcon.colcon_core.package_identification:_identify(src/adnav-driver) by extension 'ignore'
[0.250s] Level 1:colcon.colcon_core.package_identification:_identify(src/adnav-driver) by extension 'ignore_ament_install'
[0.250s] Level 1:colcon.colcon_core.package_identification:_identify(src/adnav-driver) by extensions ['colcon_pkg']
[0.250s] Level 1:colcon.colcon_core.package_identification:_identify(src/adnav-driver) by extension 'colcon_pkg'
[0.250s] Level 1:colcon.colcon_core.package_identification:_identify(src/adnav-driver) by extensions ['colcon_meta']
[0.250s] Level 1:colcon.colcon_core.package_identification:_identify(src/adnav-driver) by extension 'colcon_meta'
[0.250s] Level 1:colcon.colcon_core.package_identification:_identify(src/adnav-driver) by extensions ['ros']
[0.250s] Level 1:colcon.colcon_core.package_identification:_identify(src/adnav-driver) by extension 'ros'
[0.252s] DEBUG:colcon.colcon_core.package_identification:Package 'src/adnav-driver' with type 'ros.ament_cmake' and name 'adnav-driver'
[0.252s] Level 1:colcon.colcon_core.package_identification:_identify(src/kalman_filter) by extensions ['ignore', 'ignore_ament_install']
[0.252s] Level 1:colcon.colcon_core.package_identification:_identify(src/kalman_filter) by extension 'ignore'
[0.252s] Level 1:colcon.colcon_core.package_identification:_identify(src/kalman_filter) by extension 'ignore_ament_install'
[0.252s] Level 1:colcon.colcon_core.package_identification:_identify(src/kalman_filter) by extensions ['colcon_pkg']
[0.253s] Level 1:colcon.colcon_core.package_identification:_identify(src/kalman_filter) by extension 'colcon_pkg'
[0.253s] Level 1:colcon.colcon_core.package_identification:_identify(src/kalman_filter) by extensions ['colcon_meta']
[0.253s] Level 1:colcon.colcon_core.package_identification:_identify(src/kalman_filter) by extension 'colcon_meta'
[0.253s] Level 1:colcon.colcon_core.package_identification:_identify(src/kalman_filter) by extensions ['ros']
[0.253s] Level 1:colcon.colcon_core.package_identification:_identify(src/kalman_filter) by extension 'ros'
[0.253s] DEBUG:colcon.colcon_core.package_identification:Package 'src/kalman_filter' with type 'ros.ament_cmake' and name 'kalman_filter'
[0.253s] Level 1:colcon.colcon_core.package_identification:_identify(src/ntrip) by extensions ['ignore', 'ignore_ament_install']
[0.253s] Level 1:colcon.colcon_core.package_identification:_identify(src/ntrip) by extension 'ignore'
[0.253s] Level 1:colcon.colcon_core.package_identification:_identify(src/ntrip) by extension 'ignore_ament_install'
[0.253s] Level 1:colcon.colcon_core.package_identification:_identify(src/ntrip) by extensions ['colcon_pkg']
[0.253s] Level 1:colcon.colcon_core.package_identification:_identify(src/ntrip) by extension 'colcon_pkg'
[0.253s] Level 1:colcon.colcon_core.package_identification:_identify(src/ntrip) by extensions ['colcon_meta']
[0.253s] Level 1:colcon.colcon_core.package_identification:_identify(src/ntrip) by extension 'colcon_meta'
[0.253s] Level 1:colcon.colcon_core.package_identification:_identify(src/ntrip) by extensions ['ros']
[0.253s] Level 1:colcon.colcon_core.package_identification:_identify(src/ntrip) by extension 'ros'
[0.254s] DEBUG:colcon.colcon_core.package_identification:Package 'src/ntrip' with type 'ros.ament_cmake' and name 'ntrip'
[0.254s] Level 1:colcon.colcon_core.package_identification:_identify(src/ros2-driver) by extensions ['ignore', 'ignore_ament_install']
[0.254s] Level 1:colcon.colcon_core.package_identification:_identify(src/ros2-driver) by extension 'ignore'
[0.254s] Level 1:colcon.colcon_core.package_identification:_identify(src/ros2-driver) by extension 'ignore_ament_install'
[0.254s] Level 1:colcon.colcon_core.package_identification:_identify(src/ros2-driver) by extensions ['colcon_pkg']
[0.254s] Level 1:colcon.colcon_core.package_identification:_identify(src/ros2-driver) by extension 'colcon_pkg'
[0.254s] Level 1:colcon.colcon_core.package_identification:_identify(src/ros2-driver) by extensions ['colcon_meta']
[0.254s] Level 1:colcon.colcon_core.package_identification:_identify(src/ros2-driver) by extension 'colcon_meta'
[0.254s] Level 1:colcon.colcon_core.package_identification:_identify(src/ros2-driver) by extensions ['ros']
[0.254s] Level 1:colcon.colcon_core.package_identification:_identify(src/ros2-driver) by extension 'ros'
[0.254s] Level 1:colcon.colcon_core.package_identification:_identify(src/ros2-driver) by extensions ['cmake', 'python']
[0.254s] Level 1:colcon.colcon_core.package_identification:_identify(src/ros2-driver) by extension 'cmake'
[0.254s] Level 1:colcon.colcon_core.package_identification:_identify(src/ros2-driver) by extension 'python'
[0.254s] Level 1:colcon.colcon_core.package_identification:_identify(src/ros2-driver) by extensions ['python_setup_py']
[0.254s] Level 1:colcon.colcon_core.package_identification:_identify(src/ros2-driver) by extension 'python_setup_py'
[0.254s] Level 1:colcon.colcon_core.package_identification:_identify(src/sonar_msgs) by extensions ['ignore', 'ignore_ament_install']
[0.255s] Level 1:colcon.colcon_core.package_identification:_identify(src/sonar_msgs) by extension 'ignore'
[0.255s] Level 1:colcon.colcon_core.package_identification:_identify(src/sonar_msgs) by extension 'ignore_ament_install'
[0.255s] Level 1:colcon.colcon_core.package_identification:_identify(src/sonar_msgs) by extensions ['colcon_pkg']
[0.255s] Level 1:colcon.colcon_core.package_identification:_identify(src/sonar_msgs) by extension 'colcon_pkg'
[0.255s] Level 1:colcon.colcon_core.package_identification:_identify(src/sonar_msgs) by extensions ['colcon_meta']
[0.255s] Level 1:colcon.colcon_core.package_identification:_identify(src/sonar_msgs) by extension 'colcon_meta'
[0.255s] Level 1:colcon.colcon_core.package_identification:_identify(src/sonar_msgs) by extensions ['ros']
[0.255s] Level 1:colcon.colcon_core.package_identification:_identify(src/sonar_msgs) by extension 'ros'
[0.255s] DEBUG:colcon.colcon_core.package_identification:Package 'src/sonar_msgs' with type 'ros.ament_cmake' and name 'sonar_msgs'
[0.255s] Level 1:colcon.colcon_core.package_identification:_identify(src/sonar_subs) by extensions ['ignore', 'ignore_ament_install']
[0.255s] Level 1:colcon.colcon_core.package_identification:_identify(src/sonar_subs) by extension 'ignore'
[0.255s] Level 1:colcon.colcon_core.package_identification:_identify(src/sonar_subs) by extension 'ignore_ament_install'
[0.255s] Level 1:colcon.colcon_core.package_identification:_identify(src/sonar_subs) by extensions ['colcon_pkg']
[0.255s] Level 1:colcon.colcon_core.package_identification:_identify(src/sonar_subs) by extension 'colcon_pkg'
[0.255s] Level 1:colcon.colcon_core.package_identification:_identify(src/sonar_subs) by extensions ['colcon_meta']
[0.255s] Level 1:colcon.colcon_core.package_identification:_identify(src/sonar_subs) by extension 'colcon_meta'
[0.255s] Level 1:colcon.colcon_core.package_identification:_identify(src/sonar_subs) by extensions ['ros']
[0.255s] Level 1:colcon.colcon_core.package_identification:_identify(src/sonar_subs) by extension 'ros'
[0.256s] DEBUG:colcon.colcon_core.package_identification:Package 'src/sonar_subs' with type 'ros.ament_python' and name 'sonar_subs'
[0.256s] Level 1:colcon.colcon_core.package_identification:_identify(src/xsens_mti_ros2_driver) by extensions ['ignore', 'ignore_ament_install']
[0.256s] Level 1:colcon.colcon_core.package_identification:_identify(src/xsens_mti_ros2_driver) by extension 'ignore'
[0.256s] Level 1:colcon.colcon_core.package_identification:_identify(src/xsens_mti_ros2_driver) by extension 'ignore_ament_install'
[0.256s] Level 1:colcon.colcon_core.package_identification:_identify(src/xsens_mti_ros2_driver) by extensions ['colcon_pkg']
[0.256s] Level 1:colcon.colcon_core.package_identification:_identify(src/xsens_mti_ros2_driver) by extension 'colcon_pkg'
[0.256s] Level 1:colcon.colcon_core.package_identification:_identify(src/xsens_mti_ros2_driver) by extensions ['colcon_meta']
[0.256s] Level 1:colcon.colcon_core.package_identification:_identify(src/xsens_mti_ros2_driver) by extension 'colcon_meta'
[0.256s] Level 1:colcon.colcon_core.package_identification:_identify(src/xsens_mti_ros2_driver) by extensions ['ros']
[0.256s] Level 1:colcon.colcon_core.package_identification:_identify(src/xsens_mti_ros2_driver) by extension 'ros'
[0.257s] DEBUG:colcon.colcon_core.package_identification:Package 'src/xsens_mti_ros2_driver' with type 'ros.ament_cmake' and name 'xsens_mti_ros2_driver'
[0.257s] Level 1:colcon.colcon_core.package_discovery:discover_packages(recursive) using defaults
[0.257s] Level 1:colcon.colcon_core.package_discovery:discover_packages(ignore) discover
[0.257s] Level 1:colcon.colcon_core.package_discovery:discover_packages(ignore) using defaults
[0.257s] Level 1:colcon.colcon_core.package_discovery:discover_packages(path) discover
[0.257s] Level 1:colcon.colcon_core.package_discovery:discover_packages(path) using defaults
[0.270s] Level 1:colcon.colcon_core.package_discovery:discover_packages(prefix_path) check parameters
[0.270s] Level 1:colcon.colcon_core.package_discovery:discover_packages(prefix_path) discover
[0.271s] DEBUG:colcon.colcon_installed_package_information.package_discovery:Found 6 installed packages in /home/saab/Desktop/2024_UWR/install
[0.272s] DEBUG:colcon.colcon_installed_package_information.package_discovery:Found 279 installed packages in /opt/ros/humble
[0.273s] Level 1:colcon.colcon_core.package_discovery:discover_packages(prefix_path) using defaults
[0.297s] Level 5:colcon.colcon_core.verb:set package 'adnav-driver' build argument 'cmake_args' from command line to 'None'
[0.297s] Level 5:colcon.colcon_core.verb:set package 'adnav-driver' build argument 'cmake_target' from command line to 'None'
[0.297s] Level 5:colcon.colcon_core.verb:set package 'adnav-driver' build argument 'cmake_target_skip_unavailable' from command line to 'False'
[0.297s] Level 5:colcon.colcon_core.verb:set package 'adnav-driver' build argument 'cmake_clean_cache' from command line to 'False'
[0.297s] Level 5:colcon.colcon_core.verb:set package 'adnav-driver' build argument 'cmake_clean_first' from command line to 'False'
[0.297s] Level 5:colcon.colcon_core.verb:set package 'adnav-driver' build argument 'cmake_force_configure' from command line to 'False'
[0.297s] Level 5:colcon.colcon_core.verb:set package 'adnav-driver' build argument 'ament_cmake_args' from command line to 'None'
[0.297s] Level 5:colcon.colcon_core.verb:set package 'adnav-driver' build argument 'catkin_cmake_args' from command line to 'None'
[0.297s] Level 5:colcon.colcon_core.verb:set package 'adnav-driver' build argument 'catkin_skip_building_tests' from command line to 'False'
[0.297s] DEBUG:colcon.colcon_core.verb:Building package 'adnav-driver' with the following arguments: {'ament_cmake_args': None, 'build_base': '/home/saab/Desktop/2024_UWR/build/adnav-driver', 'catkin_cmake_args': None, 'catkin_skip_building_tests': False, 'cmake_args': None, 'cmake_clean_cache': False, 'cmake_clean_first': False, 'cmake_force_configure': False, 'cmake_target': None, 'cmake_target_skip_unavailable': False, 'install_base': '/home/saab/Desktop/2024_UWR/install/adnav-driver', 'merge_install': False, 'path': '/home/saab/Desktop/2024_UWR/src/adnav-driver', 'symlink_install': True, 'test_result_base': None}
[0.297s] Level 5:colcon.colcon_core.verb:set package 'ntrip' build argument 'cmake_args' from command line to 'None'
[0.297s] Level 5:colcon.colcon_core.verb:set package 'ntrip' build argument 'cmake_target' from command line to 'None'
[0.297s] Level 5:colcon.colcon_core.verb:set package 'ntrip' build argument 'cmake_target_skip_unavailable' from command line to 'False'
[0.297s] Level 5:colcon.colcon_core.verb:set package 'ntrip' build argument 'cmake_clean_cache' from command line to 'False'
[0.297s] Level 5:colcon.colcon_core.verb:set package 'ntrip' build argument 'cmake_clean_first' from command line to 'False'
[0.297s] Level 5:colcon.colcon_core.verb:set package 'ntrip' build argument 'cmake_force_configure' from command line to 'False'
[0.297s] Level 5:colcon.colcon_core.verb:set package 'ntrip' build argument 'ament_cmake_args' from command line to 'None'
[0.298s] Level 5:colcon.colcon_core.verb:set package 'ntrip' build argument 'catkin_cmake_args' from command line to 'None'
[0.298s] Level 5:colcon.colcon_core.verb:set package 'ntrip' build argument 'catkin_skip_building_tests' from command line to 'False'
[0.298s] DEBUG:colcon.colcon_core.verb:Building package 'ntrip' with the following arguments: {'ament_cmake_args': None, 'build_base': '/home/saab/Desktop/2024_UWR/build/ntrip', 'catkin_cmake_args': None, 'catkin_skip_building_tests': False, 'cmake_args': None, 'cmake_clean_cache': False, 'cmake_clean_first': False, 'cmake_force_configure': False, 'cmake_target': None, 'cmake_target_skip_unavailable': False, 'install_base': '/home/saab/Desktop/2024_UWR/install/ntrip', 'merge_install': False, 'path': '/home/saab/Desktop/2024_UWR/src/ntrip', 'symlink_install': True, 'test_result_base': None}
[0.298s] Level 5:colcon.colcon_core.verb:set package 'sonar_msgs' build argument 'cmake_args' from command line to 'None'
[0.298s] Level 5:colcon.colcon_core.verb:set package 'sonar_msgs' build argument 'cmake_target' from command line to 'None'
[0.298s] Level 5:colcon.colcon_core.verb:set package 'sonar_msgs' build argument 'cmake_target_skip_unavailable' from command line to 'False'
[0.298s] Level 5:colcon.colcon_core.verb:set package 'sonar_msgs' build argument 'cmake_clean_cache' from command line to 'False'
[0.298s] Level 5:colcon.colcon_core.verb:set package 'sonar_msgs' build argument 'cmake_clean_first' from command line to 'False'
[0.298s] Level 5:colcon.colcon_core.verb:set package 'sonar_msgs' build argument 'cmake_force_configure' from command line to 'False'
[0.298s] Level 5:colcon.colcon_core.verb:set package 'sonar_msgs' build argument 'ament_cmake_args' from command line to 'None'
[0.298s] Level 5:colcon.colcon_core.verb:set package 'sonar_msgs' build argument 'catkin_cmake_args' from command line to 'None'
[0.298s] Level 5:colcon.colcon_core.verb:set package 'sonar_msgs' build argument 'catkin_skip_building_tests' from command line to 'False'
[0.298s] DEBUG:colcon.colcon_core.verb:Building package 'sonar_msgs' with the following arguments: {'ament_cmake_args': None, 'build_base': '/home/saab/Desktop/2024_UWR/build/sonar_msgs', 'catkin_cmake_args': None, 'catkin_skip_building_tests': False, 'cmake_args': None, 'cmake_clean_cache': False, 'cmake_clean_first': False, 'cmake_force_configure': False, 'cmake_target': None, 'cmake_target_skip_unavailable': False, 'install_base': '/home/saab/Desktop/2024_UWR/install/sonar_msgs', 'merge_install': False, 'path': '/home/saab/Desktop/2024_UWR/src/sonar_msgs', 'symlink_install': True, 'test_result_base': None}
[0.298s] Level 5:colcon.colcon_core.verb:set package 'xsens_mti_ros2_driver' build argument 'cmake_args' from command line to 'None'
[0.298s] Level 5:colcon.colcon_core.verb:set package 'xsens_mti_ros2_driver' build argument 'cmake_target' from command line to 'None'
[0.298s] Level 5:colcon.colcon_core.verb:set package 'xsens_mti_ros2_driver' build argument 'cmake_target_skip_unavailable' from command line to 'False'
[0.298s] Level 5:colcon.colcon_core.verb:set package 'xsens_mti_ros2_driver' build argument 'cmake_clean_cache' from command line to 'False'
[0.298s] Level 5:colcon.colcon_core.verb:set package 'xsens_mti_ros2_driver' build argument 'cmake_clean_first' from command line to 'False'
[0.298s] Level 5:colcon.colcon_core.verb:set package 'xsens_mti_ros2_driver' build argument 'cmake_force_configure' from command line to 'False'
[0.298s] Level 5:colcon.colcon_core.verb:set package 'xsens_mti_ros2_driver' build argument 'ament_cmake_args' from command line to 'None'
[0.298s] Level 5:colcon.colcon_core.verb:set package 'xsens_mti_ros2_driver' build argument 'catkin_cmake_args' from command line to 'None'
[0.298s] Level 5:colcon.colcon_core.verb:set package 'xsens_mti_ros2_driver' build argument 'catkin_skip_building_tests' from command line to 'False'
[0.298s] DEBUG:colcon.colcon_core.verb:Building package 'xsens_mti_ros2_driver' with the following arguments: {'ament_cmake_args': None, 'build_base': '/home/saab/Desktop/2024_UWR/build/xsens_mti_ros2_driver', 'catkin_cmake_args': None, 'catkin_skip_building_tests': False, 'cmake_args': None, 'cmake_clean_cache': False, 'cmake_clean_first': False, 'cmake_force_configure': False, 'cmake_target': None, 'cmake_target_skip_unavailable': False, 'install_base': '/home/saab/Desktop/2024_UWR/install/xsens_mti_ros2_driver', 'merge_install': False, 'path': '/home/saab/Desktop/2024_UWR/src/xsens_mti_ros2_driver', 'symlink_install': True, 'test_result_base': None}
[0.299s] Level 5:colcon.colcon_core.verb:set package 'kalman_filter' build argument 'cmake_args' from command line to 'None'
[0.299s] Level 5:colcon.colcon_core.verb:set package 'kalman_filter' build argument 'cmake_target' from command line to 'None'
[0.299s] Level 5:colcon.colcon_core.verb:set package 'kalman_filter' build argument 'cmake_target_skip_unavailable' from command line to 'False'
[0.299s] Level 5:colcon.colcon_core.verb:set package 'kalman_filter' build argument 'cmake_clean_cache' from command line to 'False'
[0.299s] Level 5:colcon.colcon_core.verb:set package 'kalman_filter' build argument 'cmake_clean_first' from command line to 'False'
[0.299s] Level 5:colcon.colcon_core.verb:set package 'kalman_filter' build argument 'cmake_force_configure' from command line to 'False'
[0.299s] Level 5:colcon.colcon_core.verb:set package 'kalman_filter' build argument 'ament_cmake_args' from command line to 'None'
[0.299s] Level 5:colcon.colcon_core.verb:set package 'kalman_filter' build argument 'catkin_cmake_args' from command line to 'None'
[0.299s] Level 5:colcon.colcon_core.verb:set package 'kalman_filter' build argument 'catkin_skip_building_tests' from command line to 'False'
[0.299s] DEBUG:colcon.colcon_core.verb:Building package 'kalman_filter' with the following arguments: {'ament_cmake_args': None, 'build_base': '/home/saab/Desktop/2024_UWR/build/kalman_filter', 'catkin_cmake_args': None, 'catkin_skip_building_tests': False, 'cmake_args': None, 'cmake_clean_cache': False, 'cmake_clean_first': False, 'cmake_force_configure': False, 'cmake_target': None, 'cmake_target_skip_unavailable': False, 'install_base': '/home/saab/Desktop/2024_UWR/install/kalman_filter', 'merge_install': False, 'path': '/home/saab/Desktop/2024_UWR/src/kalman_filter', 'symlink_install': True, 'test_result_base': None}
[0.299s] Level 5:colcon.colcon_core.verb:set package 'sonar_subs' build argument 'cmake_args' from command line to 'None'
[0.299s] Level 5:colcon.colcon_core.verb:set package 'sonar_subs' build argument 'cmake_target' from command line to 'None'
[0.299s] Level 5:colcon.colcon_core.verb:set package 'sonar_subs' build argument 'cmake_target_skip_unavailable' from command line to 'False'
[0.299s] Level 5:colcon.colcon_core.verb:set package 'sonar_subs' build argument 'cmake_clean_cache' from command line to 'False'
[0.299s] Level 5:colcon.colcon_core.verb:set package 'sonar_subs' build argument 'cmake_clean_first' from command line to 'False'
[0.299s] Level 5:colcon.colcon_core.verb:set package 'sonar_subs' build argument 'cmake_force_configure' from command line to 'False'
[0.299s] Level 5:colcon.colcon_core.verb:set package 'sonar_subs' build argument 'ament_cmake_args' from command line to 'None'
[0.299s] Level 5:colcon.colcon_core.verb:set package 'sonar_subs' build argument 'catkin_cmake_args' from command line to 'None'
[0.299s] Level 5:colcon.colcon_core.verb:set package 'sonar_subs' build argument 'catkin_skip_building_tests' from command line to 'False'
[0.299s] DEBUG:colcon.colcon_core.verb:Building package 'sonar_subs' with the following arguments: {'ament_cmake_args': None, 'build_base': '/home/saab/Desktop/2024_UWR/build/sonar_subs', 'catkin_cmake_args': None, 'catkin_skip_building_tests': False, 'cmake_args': None, 'cmake_clean_cache': False, 'cmake_clean_first': False, 'cmake_force_configure': False, 'cmake_target': None, 'cmake_target_skip_unavailable': False, 'install_base': '/home/saab/Desktop/2024_UWR/install/sonar_subs', 'merge_install': False, 'path': '/home/saab/Desktop/2024_UWR/src/sonar_subs', 'symlink_install': True, 'test_result_base': None}
[0.299s] INFO:colcon.colcon_core.executor:Executing jobs using 'parallel' executor
[0.300s] DEBUG:colcon.colcon_parallel_executor.executor.parallel:run_until_complete
[0.300s] INFO:colcon.colcon_ros.task.ament_cmake.build:Building ROS package in '/home/saab/Desktop/2024_UWR/src/sonar_msgs' with build type 'ament_cmake'
[0.300s] INFO:colcon.colcon_cmake.task.cmake.build:Building CMake package in '/home/saab/Desktop/2024_UWR/src/sonar_msgs'
[0.302s] INFO:colcon.colcon_core.plugin_system:Skipping extension 'colcon_core.shell.bat': Not used on non-Windows systems
[0.302s] INFO:colcon.colcon_core.shell:Skip shell extension 'powershell' for command environment: Not usable outside of PowerShell
[0.302s] DEBUG:colcon.colcon_core.shell:Skip shell extension 'dsv' for command environment
[0.304s] INFO:colcon.colcon_ros.task.ament_cmake.build:Building ROS package in '/home/saab/Desktop/2024_UWR/src/adnav-driver' with build type 'ament_cmake'
[0.304s] INFO:colcon.colcon_cmake.task.cmake.build:Building CMake package in '/home/saab/Desktop/2024_UWR/src/adnav-driver'
[0.304s] INFO:colcon.colcon_core.shell:Skip shell extension 'powershell' for command environment: Not usable outside of PowerShell
[0.304s] DEBUG:colcon.colcon_core.shell:Skip shell extension 'dsv' for command environment
[0.307s] INFO:colcon.colcon_ros.task.ament_cmake.build:Building ROS package in '/home/saab/Desktop/2024_UWR/src/ntrip' with build type 'ament_cmake'
[0.307s] INFO:colcon.colcon_cmake.task.cmake.build:Building CMake package in '/home/saab/Desktop/2024_UWR/src/ntrip'
[0.307s] INFO:colcon.colcon_core.shell:Skip shell extension 'powershell' for command environment: Not usable outside of PowerShell
[0.307s] DEBUG:colcon.colcon_core.shell:Skip shell extension 'dsv' for command environment
[0.309s] INFO:colcon.colcon_ros.task.ament_cmake.build:Building ROS package in '/home/saab/Desktop/2024_UWR/src/xsens_mti_ros2_driver' with build type 'ament_cmake'
[0.309s] INFO:colcon.colcon_cmake.task.cmake.build:Building CMake package in '/home/saab/Desktop/2024_UWR/src/xsens_mti_ros2_driver'
[0.309s] INFO:colcon.colcon_core.shell:Skip shell extension 'powershell' for command environment: Not usable outside of PowerShell
[0.309s] DEBUG:colcon.colcon_core.shell:Skip shell extension 'dsv' for command environment
[0.315s] DEBUG:colcon.colcon_core.event_handler.log_command:Invoking command in '/home/saab/Desktop/2024_UWR/build/sonar_msgs': CMAKE_PREFIX_PATH=${CMAKE_PREFIX_PATH}:/home/saab/Desktop/2024_UWR/install/sonar_subs:/opt/ros/humble /usr/bin/cmake --build /home/saab/Desktop/2024_UWR/build/sonar_msgs -- -j24 -l24
[0.317s] DEBUG:colcon.colcon_core.event_handler.log_command:Invoking command in '/home/saab/Desktop/2024_UWR/build/adnav-driver': CMAKE_PREFIX_PATH=${CMAKE_PREFIX_PATH}:/home/saab/Desktop/2024_UWR/install/sonar_subs:/opt/ros/humble /usr/bin/cmake --build /home/saab/Desktop/2024_UWR/build/adnav-driver -- -j24 -l24
[0.320s] DEBUG:colcon.colcon_core.event_handler.log_command:Invoking command in '/home/saab/Desktop/2024_UWR/build/ntrip': CMAKE_PREFIX_PATH=${CMAKE_PREFIX_PATH}:/home/saab/Desktop/2024_UWR/install/sonar_subs:/opt/ros/humble /usr/bin/cmake --build /home/saab/Desktop/2024_UWR/build/ntrip -- -j24 -l24
[0.322s] DEBUG:colcon.colcon_core.event_handler.log_command:Invoking command in '/home/saab/Desktop/2024_UWR/build/xsens_mti_ros2_driver': CMAKE_PREFIX_PATH=${CMAKE_PREFIX_PATH}:/home/saab/Desktop/2024_UWR/install/sonar_subs:/opt/ros/humble /usr/bin/cmake --build /home/saab/Desktop/2024_UWR/build/xsens_mti_ros2_driver -- -j24 -l24
[0.368s] DEBUG:colcon.colcon_core.event_handler.log_command:Invoked command in '/home/saab/Desktop/2024_UWR/build/adnav-driver' returned '0': CMAKE_PREFIX_PATH=${CMAKE_PREFIX_PATH}:/home/saab/Desktop/2024_UWR/install/sonar_subs:/opt/ros/humble /usr/bin/cmake --build /home/saab/Desktop/2024_UWR/build/adnav-driver -- -j24 -l24
[0.376s] DEBUG:colcon.colcon_core.event_handler.log_command:Invoking command in '/home/saab/Desktop/2024_UWR/build/adnav-driver': CMAKE_PREFIX_PATH=${CMAKE_PREFIX_PATH}:/home/saab/Desktop/2024_UWR/install/sonar_subs:/opt/ros/humble /usr/bin/cmake --install /home/saab/Desktop/2024_UWR/build/adnav-driver
[0.377s] DEBUG:colcon.colcon_core.event_handler.log_command:Invoked command in '/home/saab/Desktop/2024_UWR/build/ntrip' returned '0': CMAKE_PREFIX_PATH=${CMAKE_PREFIX_PATH}:/home/saab/Desktop/2024_UWR/install/sonar_subs:/opt/ros/humble /usr/bin/cmake --build /home/saab/Desktop/2024_UWR/build/ntrip -- -j24 -l24
[0.378s] DEBUG:colcon.colcon_core.event_handler.log_command:Invoking command in '/home/saab/Desktop/2024_UWR/build/ntrip': CMAKE_PREFIX_PATH=${CMAKE_PREFIX_PATH}:/home/saab/Desktop/2024_UWR/install/sonar_subs:/opt/ros/humble /usr/bin/cmake --install /home/saab/Desktop/2024_UWR/build/ntrip
[0.394s] Level 1:colcon.colcon_core.environment:create_environment_scripts_only(adnav-driver)
[0.394s] DEBUG:colcon.colcon_core.event_handler.log_command:Invoked command in '/home/saab/Desktop/2024_UWR/build/adnav-driver' returned '0': CMAKE_PREFIX_PATH=${CMAKE_PREFIX_PATH}:/home/saab/Desktop/2024_UWR/install/sonar_subs:/opt/ros/humble /usr/bin/cmake --install /home/saab/Desktop/2024_UWR/build/adnav-driver
[0.396s] Level 1:colcon.colcon_core.environment:checking '/home/saab/Desktop/2024_UWR/install/adnav-driver' for CMake module files
[0.396s] Level 1:colcon.colcon_core.environment:checking '/home/saab/Desktop/2024_UWR/install/adnav-driver' for CMake config files
[0.397s] Level 1:colcon.colcon_core.shell:create_environment_hook('adnav-driver', 'cmake_prefix_path')
[0.397s] INFO:colcon.colcon_core.shell:Creating environment hook '/home/saab/Desktop/2024_UWR/install/adnav-driver/share/adnav-driver/hook/cmake_prefix_path.ps1'
[0.397s] INFO:colcon.colcon_core.shell:Creating environment descriptor '/home/saab/Desktop/2024_UWR/install/adnav-driver/share/adnav-driver/hook/cmake_prefix_path.dsv'
[0.398s] INFO:colcon.colcon_core.shell:Creating environment hook '/home/saab/Desktop/2024_UWR/install/adnav-driver/share/adnav-driver/hook/cmake_prefix_path.sh'
[0.398s] Level 1:colcon.colcon_core.environment:checking '/home/saab/Desktop/2024_UWR/install/adnav-driver/lib'
[0.399s] Level 1:colcon.colcon_core.environment:checking '/home/saab/Desktop/2024_UWR/install/adnav-driver/bin'
[0.399s] Level 1:colcon.colcon_core.environment:checking '/home/saab/Desktop/2024_UWR/install/adnav-driver/lib/pkgconfig/adnav-driver.pc'
[0.399s] Level 1:colcon.colcon_core.environment:checking '/home/saab/Desktop/2024_UWR/install/adnav-driver/lib/python3.10/site-packages'
[0.399s] Level 1:colcon.colcon_core.environment:checking '/home/saab/Desktop/2024_UWR/install/adnav-driver/bin'
[0.399s] INFO:colcon.colcon_core.shell:Creating package script '/home/saab/Desktop/2024_UWR/install/adnav-driver/share/adnav-driver/package.ps1'
[0.400s] INFO:colcon.colcon_core.shell:Creating package descriptor '/home/saab/Desktop/2024_UWR/install/adnav-driver/share/adnav-driver/package.dsv'
[0.401s] INFO:colcon.colcon_core.shell:Creating package script '/home/saab/Desktop/2024_UWR/install/adnav-driver/share/adnav-driver/package.sh'
[0.401s] INFO:colcon.colcon_core.shell:Creating package script '/home/saab/Desktop/2024_UWR/install/adnav-driver/share/adnav-driver/package.bash'
[0.402s] INFO:colcon.colcon_core.shell:Creating package script '/home/saab/Desktop/2024_UWR/install/adnav-driver/share/adnav-driver/package.zsh'
[0.403s] Level 1:colcon.colcon_core.environment:create_file_with_runtime_dependencies(/home/saab/Desktop/2024_UWR/install/adnav-driver/share/colcon-core/packages/adnav-driver)
[0.403s] Level 1:colcon.colcon_core.environment:create_environment_scripts_only(adnav-driver)
[0.403s] Level 1:colcon.colcon_core.environment:checking '/home/saab/Desktop/2024_UWR/install/adnav-driver' for CMake module files
[0.404s] Level 1:colcon.colcon_core.environment:checking '/home/saab/Desktop/2024_UWR/install/adnav-driver' for CMake config files
[0.404s] Level 1:colcon.colcon_core.shell:create_environment_hook('adnav-driver', 'cmake_prefix_path')
[0.404s] INFO:colcon.colcon_core.shell:Creating environment hook '/home/saab/Desktop/2024_UWR/install/adnav-driver/share/adnav-driver/hook/cmake_prefix_path.ps1'
[0.405s] INFO:colcon.colcon_core.shell:Creating environment descriptor '/home/saab/Desktop/2024_UWR/install/adnav-driver/share/adnav-driver/hook/cmake_prefix_path.dsv'
[0.405s] INFO:colcon.colcon_core.shell:Creating environment hook '/home/saab/Desktop/2024_UWR/install/adnav-driver/share/adnav-driver/hook/cmake_prefix_path.sh'
[0.405s] Level 1:colcon.colcon_core.environment:checking '/home/saab/Desktop/2024_UWR/install/adnav-driver/lib'
[0.405s] Level 1:colcon.colcon_core.environment:checking '/home/saab/Desktop/2024_UWR/install/adnav-driver/bin'
[0.405s] Level 1:colcon.colcon_core.environment:checking '/home/saab/Desktop/2024_UWR/install/adnav-driver/lib/pkgconfig/adnav-driver.pc'
[0.406s] Level 1:colcon.colcon_core.environment:checking '/home/saab/Desktop/2024_UWR/install/adnav-driver/lib/python3.10/site-packages'
[0.406s] Level 1:colcon.colcon_core.environment:checking '/home/saab/Desktop/2024_UWR/install/adnav-driver/bin'
[0.406s] INFO:colcon.colcon_core.shell:Creating package script '/home/saab/Desktop/2024_UWR/install/adnav-driver/share/adnav-driver/package.ps1'
[0.406s] INFO:colcon.colcon_core.shell:Creating package descriptor '/home/saab/Desktop/2024_UWR/install/adnav-driver/share/adnav-driver/package.dsv'
[0.407s] INFO:colcon.colcon_core.shell:Creating package script '/home/saab/Desktop/2024_UWR/install/adnav-driver/share/adnav-driver/package.sh'
[0.407s] INFO:colcon.colcon_core.shell:Creating package script '/home/saab/Desktop/2024_UWR/install/adnav-driver/share/adnav-driver/package.bash'
[0.407s] INFO:colcon.colcon_core.shell:Creating package script '/home/saab/Desktop/2024_UWR/install/adnav-driver/share/adnav-driver/package.zsh'
[0.408s] Level 1:colcon.colcon_core.environment:create_file_with_runtime_dependencies(/home/saab/Desktop/2024_UWR/install/adnav-driver/share/colcon-core/packages/adnav-driver)
[0.408s] Level 1:colcon.colcon_core.environment:create_environment_scripts_only(ntrip)
[0.408s] Level 1:colcon.colcon_core.environment:checking '/home/saab/Desktop/2024_UWR/install/ntrip' for CMake module files
[0.409s] DEBUG:colcon.colcon_core.event_handler.log_command:Invoked command in '/home/saab/Desktop/2024_UWR/build/ntrip' returned '0': CMAKE_PREFIX_PATH=${CMAKE_PREFIX_PATH}:/home/saab/Desktop/2024_UWR/install/sonar_subs:/opt/ros/humble /usr/bin/cmake --install /home/saab/Desktop/2024_UWR/build/ntrip
[0.409s] Level 1:colcon.colcon_core.environment:checking '/home/saab/Desktop/2024_UWR/install/ntrip' for CMake config files
[0.409s] Level 1:colcon.colcon_core.shell:create_environment_hook('ntrip', 'cmake_prefix_path')
[0.410s] INFO:colcon.colcon_core.shell:Creating environment hook '/home/saab/Desktop/2024_UWR/install/ntrip/share/ntrip/hook/cmake_prefix_path.ps1'
[0.410s] INFO:colcon.colcon_core.shell:Creating environment descriptor '/home/saab/Desktop/2024_UWR/install/ntrip/share/ntrip/hook/cmake_prefix_path.dsv'
[0.410s] INFO:colcon.colcon_core.shell:Creating environment hook '/home/saab/Desktop/2024_UWR/install/ntrip/share/ntrip/hook/cmake_prefix_path.sh'
[0.410s] Level 1:colcon.colcon_core.environment:checking '/home/saab/Desktop/2024_UWR/install/ntrip/lib'
[0.410s] Level 1:colcon.colcon_core.environment:checking '/home/saab/Desktop/2024_UWR/install/ntrip/bin'
[0.411s] Level 1:colcon.colcon_core.environment:checking '/home/saab/Desktop/2024_UWR/install/ntrip/lib/pkgconfig/ntrip.pc'
[0.411s] Level 1:colcon.colcon_core.environment:checking '/home/saab/Desktop/2024_UWR/install/ntrip/lib/python3.10/site-packages'
[0.411s] Level 1:colcon.colcon_core.environment:checking '/home/saab/Desktop/2024_UWR/install/ntrip/bin'
[0.411s] INFO:colcon.colcon_core.shell:Creating package script '/home/saab/Desktop/2024_UWR/install/ntrip/share/ntrip/package.ps1'
[0.411s] INFO:colcon.colcon_core.shell:Creating package descriptor '/home/saab/Desktop/2024_UWR/install/ntrip/share/ntrip/package.dsv'
[0.411s] INFO:colcon.colcon_core.shell:Creating package script '/home/saab/Desktop/2024_UWR/install/ntrip/share/ntrip/package.sh'
[0.412s] INFO:colcon.colcon_core.shell:Creating package script '/home/saab/Desktop/2024_UWR/install/ntrip/share/ntrip/package.bash'
[0.412s] INFO:colcon.colcon_core.shell:Creating package script '/home/saab/Desktop/2024_UWR/install/ntrip/share/ntrip/package.zsh'
[0.412s] Level 1:colcon.colcon_core.environment:create_file_with_runtime_dependencies(/home/saab/Desktop/2024_UWR/install/ntrip/share/colcon-core/packages/ntrip)
[0.413s] Level 1:colcon.colcon_core.environment:create_environment_scripts_only(ntrip)
[0.413s] Level 1:colcon.colcon_core.environment:checking '/home/saab/Desktop/2024_UWR/install/ntrip' for CMake module files
[0.413s] Level 1:colcon.colcon_core.environment:checking '/home/saab/Desktop/2024_UWR/install/ntrip' for CMake config files
[0.413s] Level 1:colcon.colcon_core.shell:create_environment_hook('ntrip', 'cmake_prefix_path')
[0.414s] INFO:colcon.colcon_core.shell:Creating environment hook '/home/saab/Desktop/2024_UWR/install/ntrip/share/ntrip/hook/cmake_prefix_path.ps1'
[0.414s] INFO:colcon.colcon_core.shell:Creating environment descriptor '/home/saab/Desktop/2024_UWR/install/ntrip/share/ntrip/hook/cmake_prefix_path.dsv'
[0.414s] INFO:colcon.colcon_core.shell:Creating environment hook '/home/saab/Desktop/2024_UWR/install/ntrip/share/ntrip/hook/cmake_prefix_path.sh'
[0.414s] Level 1:colcon.colcon_core.environment:checking '/home/saab/Desktop/2024_UWR/install/ntrip/lib'
[0.414s] Level 1:colcon.colcon_core.environment:checking '/home/saab/Desktop/2024_UWR/install/ntrip/bin'
[0.414s] Level 1:colcon.colcon_core.environment:checking '/home/saab/Desktop/2024_UWR/install/ntrip/lib/pkgconfig/ntrip.pc'
[0.415s] Level 1:colcon.colcon_core.environment:checking '/home/saab/Desktop/2024_UWR/install/ntrip/lib/python3.10/site-packages'
[0.415s] Level 1:colcon.colcon_core.environment:checking '/home/saab/Desktop/2024_UWR/install/ntrip/bin'
[0.415s] INFO:colcon.colcon_core.shell:Creating package script '/home/saab/Desktop/2024_UWR/install/ntrip/share/ntrip/package.ps1'
[0.415s] INFO:colcon.colcon_core.shell:Creating package descriptor '/home/saab/Desktop/2024_UWR/install/ntrip/share/ntrip/package.dsv'
[0.415s] INFO:colcon.colcon_core.shell:Creating package script '/home/saab/Desktop/2024_UWR/install/ntrip/share/ntrip/package.sh'
[0.416s] INFO:colcon.colcon_core.shell:Creating package script '/home/saab/Desktop/2024_UWR/install/ntrip/share/ntrip/package.bash'
[0.416s] INFO:colcon.colcon_core.shell:Creating package script '/home/saab/Desktop/2024_UWR/install/ntrip/share/ntrip/package.zsh'
[0.416s] Level 1:colcon.colcon_core.environment:create_file_with_runtime_dependencies(/home/saab/Desktop/2024_UWR/install/ntrip/share/colcon-core/packages/ntrip)
[0.616s] DEBUG:colcon.colcon_core.event_handler.log_command:Invoked command in '/home/saab/Desktop/2024_UWR/build/sonar_msgs' returned '0': CMAKE_PREFIX_PATH=${CMAKE_PREFIX_PATH}:/home/saab/Desktop/2024_UWR/install/sonar_subs:/opt/ros/humble /usr/bin/cmake --build /home/saab/Desktop/2024_UWR/build/sonar_msgs -- -j24 -l24
[0.618s] DEBUG:colcon.colcon_core.event_handler.log_command:Invoking command in '/home/saab/Desktop/2024_UWR/build/sonar_msgs': CMAKE_PREFIX_PATH=${CMAKE_PREFIX_PATH}:/home/saab/Desktop/2024_UWR/install/sonar_subs:/opt/ros/humble /usr/bin/cmake --install /home/saab/Desktop/2024_UWR/build/sonar_msgs
[0.632s] DEBUG:colcon.colcon_core.event_handler.log_command:Invoked command in '/home/saab/Desktop/2024_UWR/build/xsens_mti_ros2_driver' returned '0': CMAKE_PREFIX_PATH=${CMAKE_PREFIX_PATH}:/home/saab/Desktop/2024_UWR/install/sonar_subs:/opt/ros/humble /usr/bin/cmake --build /home/saab/Desktop/2024_UWR/build/xsens_mti_ros2_driver -- -j24 -l24
[0.634s] DEBUG:colcon.colcon_core.event_handler.log_command:Invoking command in '/home/saab/Desktop/2024_UWR/build/xsens_mti_ros2_driver': CMAKE_PREFIX_PATH=${CMAKE_PREFIX_PATH}:/home/saab/Desktop/2024_UWR/install/sonar_subs:/opt/ros/humble /usr/bin/cmake --install /home/saab/Desktop/2024_UWR/build/xsens_mti_ros2_driver
[0.684s] Level 1:colcon.colcon_core.environment:create_environment_scripts_only(sonar_msgs)
[0.684s] Level 1:colcon.colcon_core.environment:checking '/home/saab/Desktop/2024_UWR/install/sonar_msgs' for CMake module files
[0.684s] DEBUG:colcon.colcon_core.event_handler.log_command:Invoked command in '/home/saab/Desktop/2024_UWR/build/sonar_msgs' returned '0': CMAKE_PREFIX_PATH=${CMAKE_PREFIX_PATH}:/home/saab/Desktop/2024_UWR/install/sonar_subs:/opt/ros/humble /usr/bin/cmake --install /home/saab/Desktop/2024_UWR/build/sonar_msgs
[0.685s] Level 1:colcon.colcon_core.environment:checking '/home/saab/Desktop/2024_UWR/install/sonar_msgs' for CMake config files
[0.687s] Level 1:colcon.colcon_core.shell:create_environment_hook('sonar_msgs', 'cmake_prefix_path')
[0.687s] INFO:colcon.colcon_core.shell:Creating environment hook '/home/saab/Desktop/2024_UWR/install/sonar_msgs/share/sonar_msgs/hook/cmake_prefix_path.ps1'
[0.687s] INFO:colcon.colcon_core.shell:Creating environment descriptor '/home/saab/Desktop/2024_UWR/install/sonar_msgs/share/sonar_msgs/hook/cmake_prefix_path.dsv'
[0.688s] INFO:colcon.colcon_core.shell:Creating environment hook '/home/saab/Desktop/2024_UWR/install/sonar_msgs/share/sonar_msgs/hook/cmake_prefix_path.sh'
[0.688s] Level 1:colcon.colcon_core.environment:checking '/home/saab/Desktop/2024_UWR/install/sonar_msgs/lib'
[0.688s] Level 1:colcon.colcon_core.shell:create_environment_hook('sonar_msgs', 'ld_library_path_lib')
[0.689s] INFO:colcon.colcon_core.shell:Creating environment hook '/home/saab/Desktop/2024_UWR/install/sonar_msgs/share/sonar_msgs/hook/ld_library_path_lib.ps1'
[0.689s] INFO:colcon.colcon_core.shell:Creating environment descriptor '/home/saab/Desktop/2024_UWR/install/sonar_msgs/share/sonar_msgs/hook/ld_library_path_lib.dsv'
[0.689s] INFO:colcon.colcon_core.shell:Creating environment hook '/home/saab/Desktop/2024_UWR/install/sonar_msgs/share/sonar_msgs/hook/ld_library_path_lib.sh'
[0.690s] Level 1:colcon.colcon_core.environment:checking '/home/saab/Desktop/2024_UWR/install/sonar_msgs/bin'
[0.690s] Level 1:colcon.colcon_core.environment:checking '/home/saab/Desktop/2024_UWR/install/sonar_msgs/lib/pkgconfig/sonar_msgs.pc'
[0.690s] Level 1:colcon.colcon_core.environment:checking '/home/saab/Desktop/2024_UWR/install/sonar_msgs/lib/python3.10/site-packages'
[0.690s] Level 1:colcon.colcon_core.environment:checking '/home/saab/Desktop/2024_UWR/install/sonar_msgs/bin'
[0.691s] INFO:colcon.colcon_core.shell:Creating package script '/home/saab/Desktop/2024_UWR/install/sonar_msgs/share/sonar_msgs/package.ps1'
[0.691s] INFO:colcon.colcon_core.shell:Creating package descriptor '/home/saab/Desktop/2024_UWR/install/sonar_msgs/share/sonar_msgs/package.dsv'
[0.691s] INFO:colcon.colcon_core.shell:Creating package script '/home/saab/Desktop/2024_UWR/install/sonar_msgs/share/sonar_msgs/package.sh'
[0.692s] INFO:colcon.colcon_core.shell:Creating package script '/home/saab/Desktop/2024_UWR/install/sonar_msgs/share/sonar_msgs/package.bash'
[0.692s] INFO:colcon.colcon_core.shell:Creating package script '/home/saab/Desktop/2024_UWR/install/sonar_msgs/share/sonar_msgs/package.zsh'
[0.693s] Level 1:colcon.colcon_core.environment:create_file_with_runtime_dependencies(/home/saab/Desktop/2024_UWR/install/sonar_msgs/share/colcon-core/packages/sonar_msgs)
[0.694s] Level 1:colcon.colcon_core.environment:create_environment_scripts_only(sonar_msgs)
[0.694s] Level 1:colcon.colcon_core.environment:checking '/home/saab/Desktop/2024_UWR/install/sonar_msgs' for CMake module files
[0.695s] Level 1:colcon.colcon_core.environment:checking '/home/saab/Desktop/2024_UWR/install/sonar_msgs' for CMake config files
[0.696s] Level 1:colcon.colcon_core.shell:create_environment_hook('sonar_msgs', 'cmake_prefix_path')
[0.696s] INFO:colcon.colcon_core.shell:Creating environment hook '/home/saab/Desktop/2024_UWR/install/sonar_msgs/share/sonar_msgs/hook/cmake_prefix_path.ps1'
[0.697s] INFO:colcon.colcon_core.shell:Creating environment descriptor '/home/saab/Desktop/2024_UWR/install/sonar_msgs/share/sonar_msgs/hook/cmake_prefix_path.dsv'
[0.697s] INFO:colcon.colcon_core.shell:Creating environment hook '/home/saab/Desktop/2024_UWR/install/sonar_msgs/share/sonar_msgs/hook/cmake_prefix_path.sh'
[0.698s] Level 1:colcon.colcon_core.environment:checking '/home/saab/Desktop/2024_UWR/install/sonar_msgs/lib'
[0.698s] Level 1:colcon.colcon_core.shell:create_environment_hook('sonar_msgs', 'ld_library_path_lib')
[0.698s] INFO:colcon.colcon_core.shell:Creating environment hook '/home/saab/Desktop/2024_UWR/install/sonar_msgs/share/sonar_msgs/hook/ld_library_path_lib.ps1'
[0.698s] INFO:colcon.colcon_core.shell:Creating environment descriptor '/home/saab/Desktop/2024_UWR/install/sonar_msgs/share/sonar_msgs/hook/ld_library_path_lib.dsv'
[0.699s] INFO:colcon.colcon_core.shell:Creating environment hook '/home/saab/Desktop/2024_UWR/install/sonar_msgs/share/sonar_msgs/hook/ld_library_path_lib.sh'
[0.699s] Level 1:colcon.colcon_core.environment:checking '/home/saab/Desktop/2024_UWR/install/sonar_msgs/bin'
[0.699s] Level 1:colcon.colcon_core.environment:checking '/home/saab/Desktop/2024_UWR/install/sonar_msgs/lib/pkgconfig/sonar_msgs.pc'
[0.699s] Level 1:colcon.colcon_core.environment:checking '/home/saab/Desktop/2024_UWR/install/sonar_msgs/lib/python3.10/site-packages'
[0.699s] Level 1:colcon.colcon_core.environment:checking '/home/saab/Desktop/2024_UWR/install/sonar_msgs/bin'
[0.700s] INFO:colcon.colcon_core.shell:Creating package script '/home/saab/Desktop/2024_UWR/install/sonar_msgs/share/sonar_msgs/package.ps1'
[0.700s] INFO:colcon.colcon_core.shell:Creating package descriptor '/home/saab/Desktop/2024_UWR/install/sonar_msgs/share/sonar_msgs/package.dsv'
[0.701s] INFO:colcon.colcon_core.shell:Creating package script '/home/saab/Desktop/2024_UWR/install/sonar_msgs/share/sonar_msgs/package.sh'
[0.701s] INFO:colcon.colcon_core.shell:Creating package script '/home/saab/Desktop/2024_UWR/install/sonar_msgs/share/sonar_msgs/package.bash'
[0.701s] INFO:colcon.colcon_core.shell:Creating package script '/home/saab/Desktop/2024_UWR/install/sonar_msgs/share/sonar_msgs/package.zsh'
[0.702s] Level 1:colcon.colcon_core.environment:create_file_with_runtime_dependencies(/home/saab/Desktop/2024_UWR/install/sonar_msgs/share/colcon-core/packages/sonar_msgs)
[0.702s] INFO:colcon.colcon_ros.task.ament_cmake.build:Building ROS package in '/home/saab/Desktop/2024_UWR/src/kalman_filter' with build type 'ament_cmake'
[0.702s] INFO:colcon.colcon_cmake.task.cmake.build:Building CMake package in '/home/saab/Desktop/2024_UWR/src/kalman_filter'
[0.703s] INFO:colcon.colcon_core.shell:Skip shell extension 'powershell' for command environment: Not usable outside of PowerShell
[0.703s] DEBUG:colcon.colcon_core.shell:Skip shell extension 'dsv' for command environment
[0.706s] INFO:colcon.colcon_ros.task.ament_python.build:Building ROS package in '/home/saab/Desktop/2024_UWR/src/sonar_subs' with build type 'ament_python'
[0.706s] Level 1:colcon.colcon_core.shell:create_environment_hook('sonar_subs', 'ament_prefix_path')
[0.706s] INFO:colcon.colcon_core.shell:Creating environment hook '/home/saab/Desktop/2024_UWR/install/sonar_subs/share/sonar_subs/hook/ament_prefix_path.ps1'
[0.707s] INFO:colcon.colcon_core.shell:Creating environment descriptor '/home/saab/Desktop/2024_UWR/install/sonar_subs/share/sonar_subs/hook/ament_prefix_path.dsv'
[0.707s] INFO:colcon.colcon_core.shell:Creating environment hook '/home/saab/Desktop/2024_UWR/install/sonar_subs/share/sonar_subs/hook/ament_prefix_path.sh'
[0.708s] INFO:colcon.colcon_core.shell:Skip shell extension 'powershell' for command environment: Not usable outside of PowerShell
[0.708s] DEBUG:colcon.colcon_core.shell:Skip shell extension 'dsv' for command environment
[0.712s] Level 1:colcon.colcon_core.environment:create_environment_scripts_only(xsens_mti_ros2_driver)
[0.712s] Level 1:colcon.colcon_core.environment:checking '/home/saab/Desktop/2024_UWR/install/xsens_mti_ros2_driver' for CMake module files
[0.712s] DEBUG:colcon.colcon_core.event_handler.log_command:Invoked command in '/home/saab/Desktop/2024_UWR/build/xsens_mti_ros2_driver' returned '0': CMAKE_PREFIX_PATH=${CMAKE_PREFIX_PATH}:/home/saab/Desktop/2024_UWR/install/sonar_subs:/opt/ros/humble /usr/bin/cmake --install /home/saab/Desktop/2024_UWR/build/xsens_mti_ros2_driver
[0.713s] Level 1:colcon.colcon_core.environment:checking '/home/saab/Desktop/2024_UWR/install/xsens_mti_ros2_driver' for CMake config files
[0.713s] Level 1:colcon.colcon_core.shell:create_environment_hook('xsens_mti_ros2_driver', 'cmake_prefix_path')
[0.714s] INFO:colcon.colcon_core.shell:Creating environment hook '/home/saab/Desktop/2024_UWR/install/xsens_mti_ros2_driver/share/xsens_mti_ros2_driver/hook/cmake_prefix_path.ps1'
[0.714s] INFO:colcon.colcon_core.shell:Creating environment descriptor '/home/saab/Desktop/2024_UWR/install/xsens_mti_ros2_driver/share/xsens_mti_ros2_driver/hook/cmake_prefix_path.dsv'
[0.714s] INFO:colcon.colcon_core.shell:Creating environment hook '/home/saab/Desktop/2024_UWR/install/xsens_mti_ros2_driver/share/xsens_mti_ros2_driver/hook/cmake_prefix_path.sh'
[0.715s] Level 1:colcon.colcon_core.environment:checking '/home/saab/Desktop/2024_UWR/install/xsens_mti_ros2_driver/lib'
[0.715s] Level 1:colcon.colcon_core.shell:create_environment_hook('xsens_mti_ros2_driver', 'ld_library_path_lib')
[0.715s] INFO:colcon.colcon_core.shell:Creating environment hook '/home/saab/Desktop/2024_UWR/install/xsens_mti_ros2_driver/share/xsens_mti_ros2_driver/hook/ld_library_path_lib.ps1'
[0.716s] INFO:colcon.colcon_core.shell:Creating environment descriptor '/home/saab/Desktop/2024_UWR/install/xsens_mti_ros2_driver/share/xsens_mti_ros2_driver/hook/ld_library_path_lib.dsv'
[0.716s] INFO:colcon.colcon_core.shell:Creating environment hook '/home/saab/Desktop/2024_UWR/install/xsens_mti_ros2_driver/share/xsens_mti_ros2_driver/hook/ld_library_path_lib.sh'
[0.716s] Level 1:colcon.colcon_core.environment:checking '/home/saab/Desktop/2024_UWR/install/xsens_mti_ros2_driver/bin'
[0.716s] Level 1:colcon.colcon_core.environment:checking '/home/saab/Desktop/2024_UWR/install/xsens_mti_ros2_driver/lib/pkgconfig/xsens_mti_ros2_driver.pc'
[0.717s] Level 1:colcon.colcon_core.environment:checking '/home/saab/Desktop/2024_UWR/install/xsens_mti_ros2_driver/lib/python3.10/site-packages'
[0.717s] Level 1:colcon.colcon_core.environment:checking '/home/saab/Desktop/2024_UWR/install/xsens_mti_ros2_driver/bin'
[0.717s] INFO:colcon.colcon_core.shell:Creating package script '/home/saab/Desktop/2024_UWR/install/xsens_mti_ros2_driver/share/xsens_mti_ros2_driver/package.ps1'
[0.717s] INFO:colcon.colcon_core.shell:Creating package descriptor '/home/saab/Desktop/2024_UWR/install/xsens_mti_ros2_driver/share/xsens_mti_ros2_driver/package.dsv'
[0.718s] INFO:colcon.colcon_core.shell:Creating package script '/home/saab/Desktop/2024_UWR/install/xsens_mti_ros2_driver/share/xsens_mti_ros2_driver/package.sh'
[0.718s] INFO:colcon.colcon_core.shell:Creating package script '/home/saab/Desktop/2024_UWR/install/xsens_mti_ros2_driver/share/xsens_mti_ros2_driver/package.bash'
[0.718s] INFO:colcon.colcon_core.shell:Creating package script '/home/saab/Desktop/2024_UWR/install/xsens_mti_ros2_driver/share/xsens_mti_ros2_driver/package.zsh'
[0.719s] Level 1:colcon.colcon_core.environment:create_file_with_runtime_dependencies(/home/saab/Desktop/2024_UWR/install/xsens_mti_ros2_driver/share/colcon-core/packages/xsens_mti_ros2_driver)
[0.719s] Level 1:colcon.colcon_core.environment:create_environment_scripts_only(xsens_mti_ros2_driver)
[0.719s] Level 1:colcon.colcon_core.environment:checking '/home/saab/Desktop/2024_UWR/install/xsens_mti_ros2_driver' for CMake module files
[0.720s] Level 1:colcon.colcon_core.environment:checking '/home/saab/Desktop/2024_UWR/install/xsens_mti_ros2_driver' for CMake config files
[0.720s] Level 1:colcon.colcon_core.shell:create_environment_hook('xsens_mti_ros2_driver', 'cmake_prefix_path')
[0.721s] INFO:colcon.colcon_core.shell:Creating environment hook '/home/saab/Desktop/2024_UWR/install/xsens_mti_ros2_driver/share/xsens_mti_ros2_driver/hook/cmake_prefix_path.ps1'
[0.721s] INFO:colcon.colcon_core.shell:Creating environment descriptor '/home/saab/Desktop/2024_UWR/install/xsens_mti_ros2_driver/share/xsens_mti_ros2_driver/hook/cmake_prefix_path.dsv'
[0.721s] INFO:colcon.colcon_core.shell:Creating environment hook '/home/saab/Desktop/2024_UWR/install/xsens_mti_ros2_driver/share/xsens_mti_ros2_driver/hook/cmake_prefix_path.sh'
[0.722s] Level 1:colcon.colcon_core.environment:checking '/home/saab/Desktop/2024_UWR/install/xsens_mti_ros2_driver/lib'
[0.722s] Level 1:colcon.colcon_core.shell:create_environment_hook('xsens_mti_ros2_driver', 'ld_library_path_lib')
[0.722s] INFO:colcon.colcon_core.shell:Creating environment hook '/home/saab/Desktop/2024_UWR/install/xsens_mti_ros2_driver/share/xsens_mti_ros2_driver/hook/ld_library_path_lib.ps1'
[0.722s] INFO:colcon.colcon_core.shell:Creating environment descriptor '/home/saab/Desktop/2024_UWR/install/xsens_mti_ros2_driver/share/xsens_mti_ros2_driver/hook/ld_library_path_lib.dsv'
[0.722s] INFO:colcon.colcon_core.shell:Creating environment hook '/home/saab/Desktop/2024_UWR/install/xsens_mti_ros2_driver/share/xsens_mti_ros2_driver/hook/ld_library_path_lib.sh'
[0.723s] Level 1:colcon.colcon_core.environment:checking '/home/saab/Desktop/2024_UWR/install/xsens_mti_ros2_driver/bin'
[0.723s] Level 1:colcon.colcon_core.environment:checking '/home/saab/Desktop/2024_UWR/install/xsens_mti_ros2_driver/lib/pkgconfig/xsens_mti_ros2_driver.pc'
[0.723s] Level 1:colcon.colcon_core.environment:checking '/home/saab/Desktop/2024_UWR/install/xsens_mti_ros2_driver/lib/python3.10/site-packages'
[0.723s] Level 1:colcon.colcon_core.environment:checking '/home/saab/Desktop/2024_UWR/install/xsens_mti_ros2_driver/bin'
[0.724s] INFO:colcon.colcon_core.shell:Creating package script '/home/saab/Desktop/2024_UWR/install/xsens_mti_ros2_driver/share/xsens_mti_ros2_driver/package.ps1'
[0.724s] INFO:colcon.colcon_core.shell:Creating package descriptor '/home/saab/Desktop/2024_UWR/install/xsens_mti_ros2_driver/share/xsens_mti_ros2_driver/package.dsv'
[0.724s] INFO:colcon.colcon_core.shell:Creating package script '/home/saab/Desktop/2024_UWR/install/xsens_mti_ros2_driver/share/xsens_mti_ros2_driver/package.sh'
[0.725s] INFO:colcon.colcon_core.shell:Creating package script '/home/saab/Desktop/2024_UWR/install/xsens_mti_ros2_driver/share/xsens_mti_ros2_driver/package.bash'
[0.725s] INFO:colcon.colcon_core.shell:Creating package script '/home/saab/Desktop/2024_UWR/install/xsens_mti_ros2_driver/share/xsens_mti_ros2_driver/package.zsh'
[0.726s] Level 1:colcon.colcon_core.environment:create_file_with_runtime_dependencies(/home/saab/Desktop/2024_UWR/install/xsens_mti_ros2_driver/share/colcon-core/packages/xsens_mti_ros2_driver)
[0.730s] DEBUG:colcon.colcon_core.event_handler.log_command:Invoking command in '/home/saab/Desktop/2024_UWR/build/kalman_filter': CMAKE_PREFIX_PATH=/home/saab/Desktop/2024_UWR/install/sonar_msgs:/home/saab/Desktop/2024_UWR/install/xsens_mti_ros2_driver:/home/saab/Desktop/2024_UWR/install/kalman_filter:/home/saab/Desktop/2024_UWR/install/ntrip:/home/saab/Desktop/2024_UWR/install/adnav-driver:/home/saab/Desktop/2024_UWR/install/sonar_subs:/opt/ros/humble LD_LIBRARY_PATH=/home/saab/Desktop/2024_UWR/install/sonar_msgs/lib:/home/saab/Desktop/2024_UWR/install/xsens_mti_ros2_driver/lib:/opt/ros/humble/opt/rviz_ogre_vendor/lib:/opt/ros/humble/lib/x86_64-linux-gnu:/opt/ros/humble/lib /usr/bin/cmake --build /home/saab/Desktop/2024_UWR/build/kalman_filter -- -j24 -l24
[0.950s] INFO:colcon.colcon_core.task.python.build:Building Python package in '/home/saab/Desktop/2024_UWR/src/sonar_subs'
[0.951s] INFO:colcon.colcon_core.shell:Skip shell extension 'powershell' for command environment: Not usable outside of PowerShell
[0.951s] DEBUG:colcon.colcon_core.shell:Skip shell extension 'dsv' for command environment
[1.348s] DEBUG:colcon.colcon_core.event_handler.log_command:Invoking command in '/home/saab/Desktop/2024_UWR/build/sonar_subs': CMAKE_PREFIX_PATH=/home/saab/Desktop/2024_UWR/install/sonar_msgs:/home/saab/Desktop/2024_UWR/install/xsens_mti_ros2_driver:/home/saab/Desktop/2024_UWR/install/kalman_filter:/home/saab/Desktop/2024_UWR/install/ntrip:/home/saab/Desktop/2024_UWR/install/adnav-driver LD_LIBRARY_PATH=/home/saab/Desktop/2024_UWR/install/sonar_msgs/lib:/home/saab/Desktop/2024_UWR/install/xsens_mti_ros2_driver/lib:/opt/ros/humble/opt/rviz_ogre_vendor/lib:/opt/ros/humble/lib/x86_64-linux-gnu:/opt/ros/humble/lib PYTHONPATH=/home/saab/Desktop/2024_UWR/build/sonar_subs/prefix_override:/usr/lib/python3/dist-packages/colcon_core/task/python/colcon_distutils_commands:/home/saab/Desktop/2024_UWR/install/sonar_subs/lib/python3.10/site-packages:${PYTHONPATH} /usr/bin/python3 -W ignore:setup.py install is deprecated -W ignore:easy_install command is deprecated setup.py develop --editable --build-directory /home/saab/Desktop/2024_UWR/build/sonar_subs/build --no-deps symlink_data
[1.861s] Level 1:colcon.colcon_core.shell:create_environment_hook('sonar_subs', 'pythonpath_develop')
[1.861s] INFO:colcon.colcon_core.shell:Creating environment hook '/home/saab/Desktop/2024_UWR/build/sonar_subs/share/sonar_subs/hook/pythonpath_develop.ps1'
[1.862s] DEBUG:colcon.colcon_core.event_handler.log_command:Invoked command in '/home/saab/Desktop/2024_UWR/build/sonar_subs' returned '0': CMAKE_PREFIX_PATH=/home/saab/Desktop/2024_UWR/install/sonar_msgs:/home/saab/Desktop/2024_UWR/install/xsens_mti_ros2_driver:/home/saab/Desktop/2024_UWR/install/kalman_filter:/home/saab/Desktop/2024_UWR/install/ntrip:/home/saab/Desktop/2024_UWR/install/adnav-driver LD_LIBRARY_PATH=/home/saab/Desktop/2024_UWR/install/sonar_msgs/lib:/home/saab/Desktop/2024_UWR/install/xsens_mti_ros2_driver/lib:/opt/ros/humble/opt/rviz_ogre_vendor/lib:/opt/ros/humble/lib/x86_64-linux-gnu:/opt/ros/humble/lib PYTHONPATH=/home/saab/Desktop/2024_UWR/build/sonar_subs/prefix_override:/usr/lib/python3/dist-packages/colcon_core/task/python/colcon_distutils_commands:/home/saab/Desktop/2024_UWR/install/sonar_subs/lib/python3.10/site-packages:${PYTHONPATH} /usr/bin/python3 -W ignore:setup.py install is deprecated -W ignore:easy_install command is deprecated setup.py develop --editable --build-directory /home/saab/Desktop/2024_UWR/build/sonar_subs/build --no-deps symlink_data
[1.862s] INFO:colcon.colcon_core.shell:Creating environment descriptor '/home/saab/Desktop/2024_UWR/build/sonar_subs/share/sonar_subs/hook/pythonpath_develop.dsv'
[1.862s] INFO:colcon.colcon_core.shell:Creating environment hook '/home/saab/Desktop/2024_UWR/build/sonar_subs/share/sonar_subs/hook/pythonpath_develop.sh'
[1.863s] Level 1:colcon.colcon_core.environment:checking '/home/saab/Desktop/2024_UWR/install/sonar_subs' for CMake module files
[1.863s] Level 1:colcon.colcon_core.environment:checking '/home/saab/Desktop/2024_UWR/install/sonar_subs' for CMake config files
[1.864s] Level 1:colcon.colcon_core.environment:checking '/home/saab/Desktop/2024_UWR/install/sonar_subs/lib'
[1.864s] Level 1:colcon.colcon_core.environment:checking '/home/saab/Desktop/2024_UWR/install/sonar_subs/bin'
[1.864s] Level 1:colcon.colcon_core.environment:checking '/home/saab/Desktop/2024_UWR/install/sonar_subs/lib/pkgconfig/sonar_subs.pc'
[1.864s] Level 1:colcon.colcon_core.environment:checking '/home/saab/Desktop/2024_UWR/install/sonar_subs/lib/python3.10/site-packages'
[1.864s] Level 1:colcon.colcon_core.shell:create_environment_hook('sonar_subs', 'pythonpath')
[1.865s] INFO:colcon.colcon_core.shell:Creating environment hook '/home/saab/Desktop/2024_UWR/install/sonar_subs/share/sonar_subs/hook/pythonpath.ps1'
[1.865s] INFO:colcon.colcon_core.shell:Creating environment descriptor '/home/saab/Desktop/2024_UWR/install/sonar_subs/share/sonar_subs/hook/pythonpath.dsv'
[1.867s] INFO:colcon.colcon_core.shell:Creating environment hook '/home/saab/Desktop/2024_UWR/install/sonar_subs/share/sonar_subs/hook/pythonpath.sh'
[1.868s] Level 1:colcon.colcon_core.environment:checking '/home/saab/Desktop/2024_UWR/install/sonar_subs/bin'
[1.868s] Level 1:colcon.colcon_core.environment:create_environment_scripts_only(sonar_subs)
[1.868s] INFO:colcon.colcon_core.shell:Creating package script '/home/saab/Desktop/2024_UWR/install/sonar_subs/share/sonar_subs/package.ps1'
[1.868s] INFO:colcon.colcon_core.shell:Creating package descriptor '/home/saab/Desktop/2024_UWR/install/sonar_subs/share/sonar_subs/package.dsv'
[1.869s] INFO:colcon.colcon_core.shell:Creating package script '/home/saab/Desktop/2024_UWR/install/sonar_subs/share/sonar_subs/package.sh'
[1.869s] INFO:colcon.colcon_core.shell:Creating package script '/home/saab/Desktop/2024_UWR/install/sonar_subs/share/sonar_subs/package.bash'
[1.869s] INFO:colcon.colcon_core.shell:Creating package script '/home/saab/Desktop/2024_UWR/install/sonar_subs/share/sonar_subs/package.zsh'
[1.869s] Level 1:colcon.colcon_core.environment:create_file_with_runtime_dependencies(/home/saab/Desktop/2024_UWR/install/sonar_subs/share/colcon-core/packages/sonar_subs)
[7.048s] DEBUG:colcon.colcon_core.event_handler.log_command:Invoked command in '/home/saab/Desktop/2024_UWR/build/kalman_filter' returned '2': CMAKE_PREFIX_PATH=/home/saab/Desktop/2024_UWR/install/sonar_msgs:/home/saab/Desktop/2024_UWR/install/xsens_mti_ros2_driver:/home/saab/Desktop/2024_UWR/install/kalman_filter:/home/saab/Desktop/2024_UWR/install/ntrip:/home/saab/Desktop/2024_UWR/install/adnav-driver:/home/saab/Desktop/2024_UWR/install/sonar_subs:/opt/ros/humble LD_LIBRARY_PATH=/home/saab/Desktop/2024_UWR/install/sonar_msgs/lib:/home/saab/Desktop/2024_UWR/install/xsens_mti_ros2_driver/lib:/opt/ros/humble/opt/rviz_ogre_vendor/lib:/opt/ros/humble/lib/x86_64-linux-gnu:/opt/ros/humble/lib /usr/bin/cmake --build /home/saab/Desktop/2024_UWR/build/kalman_filter -- -j24 -l24
[7.048s] Level 1:colcon.colcon_core.environment:create_environment_scripts_only(kalman_filter)
[7.049s] Level 1:colcon.colcon_core.environment:checking '/home/saab/Desktop/2024_UWR/install/kalman_filter' for CMake module files
[7.049s] Level 1:colcon.colcon_core.environment:checking '/home/saab/Desktop/2024_UWR/install/kalman_filter' for CMake config files
[7.049s] Level 1:colcon.colcon_core.shell:create_environment_hook('kalman_filter', 'cmake_prefix_path')
[7.049s] INFO:colcon.colcon_core.shell:Creating environment hook '/home/saab/Desktop/2024_UWR/install/kalman_filter/share/kalman_filter/hook/cmake_prefix_path.ps1'
[7.050s] INFO:colcon.colcon_core.shell:Creating environment descriptor '/home/saab/Desktop/2024_UWR/install/kalman_filter/share/kalman_filter/hook/cmake_prefix_path.dsv'
[7.050s] INFO:colcon.colcon_core.shell:Creating environment hook '/home/saab/Desktop/2024_UWR/install/kalman_filter/share/kalman_filter/hook/cmake_prefix_path.sh'
[7.050s] Level 1:colcon.colcon_core.environment:checking '/home/saab/Desktop/2024_UWR/install/kalman_filter/lib'
[7.050s] Level 1:colcon.colcon_core.environment:checking '/home/saab/Desktop/2024_UWR/install/kalman_filter/bin'
[7.050s] Level 1:colcon.colcon_core.environment:checking '/home/saab/Desktop/2024_UWR/install/kalman_filter/lib/pkgconfig/kalman_filter.pc'
[7.051s] Level 1:colcon.colcon_core.environment:checking '/home/saab/Desktop/2024_UWR/install/kalman_filter/lib/python3.10/site-packages'
[7.051s] Level 1:colcon.colcon_core.environment:checking '/home/saab/Desktop/2024_UWR/install/kalman_filter/bin'
[7.051s] INFO:colcon.colcon_core.shell:Creating package script '/home/saab/Desktop/2024_UWR/install/kalman_filter/share/kalman_filter/package.ps1'
[7.051s] INFO:colcon.colcon_core.shell:Creating package descriptor '/home/saab/Desktop/2024_UWR/install/kalman_filter/share/kalman_filter/package.dsv'
[7.051s] INFO:colcon.colcon_core.shell:Creating package script '/home/saab/Desktop/2024_UWR/install/kalman_filter/share/kalman_filter/package.sh'
[7.052s] INFO:colcon.colcon_core.shell:Creating package script '/home/saab/Desktop/2024_UWR/install/kalman_filter/share/kalman_filter/package.bash'
[7.052s] INFO:colcon.colcon_core.shell:Creating package script '/home/saab/Desktop/2024_UWR/install/kalman_filter/share/kalman_filter/package.zsh'
[7.052s] Level 1:colcon.colcon_core.environment:create_file_with_runtime_dependencies(/home/saab/Desktop/2024_UWR/install/kalman_filter/share/colcon-core/packages/kalman_filter)
[7.063s] DEBUG:colcon.colcon_parallel_executor.executor.parallel:closing loop
[7.063s] DEBUG:colcon.colcon_parallel_executor.executor.parallel:loop closed
[7.063s] DEBUG:colcon.colcon_parallel_executor.executor.parallel:run_until_complete finished with '2'
[7.063s] DEBUG:colcon.colcon_core.event_reactor:joining thread
[7.069s] INFO:colcon.colcon_core.plugin_system:Skipping extension 'colcon_notification.desktop_notification.terminal_notifier': Not used on non-Darwin systems
[7.069s] INFO:colcon.colcon_core.plugin_system:Skipping extension 'colcon_notification.desktop_notification.win32': Not used on non-Windows systems
[7.069s] INFO:colcon.colcon_notification.desktop_notification:Sending desktop notification using 'notify2'
[7.082s] DEBUG:colcon.colcon_core.event_reactor:joined thread
[7.083s] INFO:colcon.colcon_core.shell:Creating prefix script '/home/saab/Desktop/2024_UWR/install/local_setup.ps1'
[7.083s] INFO:colcon.colcon_core.shell:Creating prefix util module '/home/saab/Desktop/2024_UWR/install/_local_setup_util_ps1.py'
[7.084s] INFO:colcon.colcon_core.shell:Creating prefix chain script '/home/saab/Desktop/2024_UWR/install/setup.ps1'
[7.085s] INFO:colcon.colcon_core.shell:Creating prefix script '/home/saab/Desktop/2024_UWR/install/local_setup.sh'
[7.086s] INFO:colcon.colcon_core.shell:Creating prefix util module '/home/saab/Desktop/2024_UWR/install/_local_setup_util_sh.py'
[7.086s] INFO:colcon.colcon_core.shell:Creating prefix chain script '/home/saab/Desktop/2024_UWR/install/setup.sh'
[7.088s] INFO:colcon.colcon_core.shell:Creating prefix script '/home/saab/Desktop/2024_UWR/install/local_setup.bash'
[7.088s] INFO:colcon.colcon_core.shell:Creating prefix chain script '/home/saab/Desktop/2024_UWR/install/setup.bash'
[7.089s] INFO:colcon.colcon_core.shell:Creating prefix script '/home/saab/Desktop/2024_UWR/install/local_setup.zsh'
[7.089s] INFO:colcon.colcon_core.shell:Creating prefix chain script '/home/saab/Desktop/2024_UWR/install/setup.zsh'
