[0.016s] Invoking command in '/home/nuc1/Desktop/2024_UWR/build/ntrip': CMAKE_PREFIX_PATH=${CMAKE_PREFIX_PATH}:/home/nuc1/Desktop/ros2_ws_imu/install/sonar_subs:/opt/ros/humble /usr/bin/cmake --build /home/nuc1/Desktop/2024_UWR/build/ntrip -- -j8 -l8
[0.063s] [35m[1mConsolidate compiler generated dependencies of target ntrip[0m
[0.098s] [100%] Built target ntrip
[0.134s] Invoked command in '/home/nuc1/Desktop/2024_UWR/build/ntrip' returned '0': CMAKE_PREFIX_PATH=${CMAKE_PREFIX_PATH}:/home/nuc1/Desktop/ros2_ws_imu/install/sonar_subs:/opt/ros/humble /usr/bin/cmake --build /home/nuc1/Desktop/2024_UWR/build/ntrip -- -j8 -l8
[0.185s] Invoking command in '/home/nuc1/Desktop/2024_UWR/build/ntrip': CMAKE_PREFIX_PATH=${CMAKE_PREFIX_PATH}:/home/nuc1/Desktop/ros2_ws_imu/install/sonar_subs:/opt/ros/humble /usr/bin/cmake --install /home/nuc1/Desktop/2024_UWR/build/ntrip
[0.194s] -- Install configuration: ""
[0.194s] -- Up-to-date: /home/nuc1/Desktop/2024_UWR/install/ntrip/lib/ntrip/ntrip
[0.195s] -- Up-to-date: /home/nuc1/Desktop/2024_UWR/install/ntrip/share/ntrip//launch
[0.195s] -- Up-to-date: /home/nuc1/Desktop/2024_UWR/install/ntrip/share/ntrip//launch/ntrip_launch.py
[0.195s] -- Up-to-date: /home/nuc1/Desktop/2024_UWR/install/ntrip/share/ament_index/resource_index/package_run_dependencies/ntrip
[0.195s] -- Up-to-date: /home/nuc1/Desktop/2024_UWR/install/ntrip/share/ament_index/resource_index/parent_prefix_path/ntrip
[0.195s] -- Up-to-date: /home/nuc1/Desktop/2024_UWR/install/ntrip/share/ntrip/environment/ament_prefix_path.sh
[0.195s] -- Up-to-date: /home/nuc1/Desktop/2024_UWR/install/ntrip/share/ntrip/environment/ament_prefix_path.dsv
[0.196s] -- Up-to-date: /home/nuc1/Desktop/2024_UWR/install/ntrip/share/ntrip/environment/path.sh
[0.196s] -- Up-to-date: /home/nuc1/Desktop/2024_UWR/install/ntrip/share/ntrip/environment/path.dsv
[0.196s] -- Up-to-date: /home/nuc1/Desktop/2024_UWR/install/ntrip/share/ntrip/local_setup.bash
[0.196s] -- Up-to-date: /home/nuc1/Desktop/2024_UWR/install/ntrip/share/ntrip/local_setup.sh
[0.196s] -- Up-to-date: /home/nuc1/Desktop/2024_UWR/install/ntrip/share/ntrip/local_setup.zsh
[0.196s] -- Up-to-date: /home/nuc1/Desktop/2024_UWR/install/ntrip/share/ntrip/local_setup.dsv
[0.196s] -- Installing: /home/nuc1/Desktop/2024_UWR/install/ntrip/share/ntrip/package.dsv
[0.196s] -- Up-to-date: /home/nuc1/Desktop/2024_UWR/install/ntrip/share/ament_index/resource_index/packages/ntrip
[0.196s] -- Up-to-date: /home/nuc1/Desktop/2024_UWR/install/ntrip/share/ntrip/cmake/ntripConfig.cmake
[0.196s] -- Up-to-date: /home/nuc1/Desktop/2024_UWR/install/ntrip/share/ntrip/cmake/ntripConfig-version.cmake
[0.197s] -- Up-to-date: /home/nuc1/Desktop/2024_UWR/install/ntrip/share/ntrip/package.xml
[0.198s] Invoked command in '/home/nuc1/Desktop/2024_UWR/build/ntrip' returned '0': CMAKE_PREFIX_PATH=${CMAKE_PREFIX_PATH}:/home/nuc1/Desktop/ros2_ws_imu/install/sonar_subs:/opt/ros/humble /usr/bin/cmake --install /home/nuc1/Desktop/2024_UWR/build/ntrip
